#
# There is insufficient memory for the Java Runtime Environment to continue.
# Native memory allocation (malloc) failed to allocate 32744 bytes for ChunkPool::allocate
# Possible reasons:
#   The system is out of physical RAM or swap space
#   The process is running with CompressedOops enabled, and the Java Heap may be blocking the growth of the native heap
# Possible solutions:
#   Reduce memory load on the system
#   Increase physical memory or swap space
#   Check if swap backing store is full
#   Decrease Java heap size (-Xmx/-Xms)
#   Decrease number of Java threads
#   Decrease Java thread stack sizes (-Xss)
#   Set larger code cache with -XX:ReservedCodeCacheSize=
#   JVM is running with Unscaled Compressed Oops mode in which the Java heap is
#     placed in the first 4GB address space. The Java Heap base address is the
#     maximum limit for the native heap growth. Please use -XX:HeapBaseMinAddress
#     to set the Java Heap base and to place the Java Heap above 4GB virtual address.
# This output file may be truncated or incomplete.
#
#  Out of Memory Error (./src/hotspot/share/memory/arena.cpp:81), pid=1828, tid=27356
#
# JRE version: OpenJDK Runtime Environment (11.0.12+7) (build 11.0.12+7-b1504.28-7817840)
# Java VM: OpenJDK 64-Bit Server VM (11.0.12+7-b1504.28-7817840, mixed mode, tiered, compressed oops, g1 gc, windows-amd64)
# No core dump will be written. Minidumps are not enabled by default on client versions of Windows
#

---------------  S U M M A R Y ------------

Command Line: --add-opens=java.base/java.util=ALL-UNNAMED --add-opens=java.base/java.lang=ALL-UNNAMED --add-opens=java.base/java.lang.invoke=ALL-UNNAMED --add-opens=java.prefs/java.util.prefs=ALL-UNNAMED -Xmx2048m -Dfile.encoding=windows-1252 -Duser.country=ID -Duser.language=en -Duser.variant org.gradle.launcher.daemon.bootstrap.GradleDaemon 6.1.1

Host: Intel(R) Core(TM) i5-6500 CPU @ 3.20GHz, 4 cores, 15G,  Windows 10 , 64 bit Build 19041 (10.0.19041.1889)
Time: Mon Oct  3 08:35:57 2022 SE Asia Standard Time elapsed time: 17.351869 seconds (0d 0h 0m 17s)

---------------  T H R E A D  ---------------

Current thread (0x000001ace2428800):  JavaThread "C2 CompilerThread0" daemon [_thread_in_native, id=27356, stack(0x00000053c1b00000,0x00000053c1c00000)]


Current CompileTask:
C2:  17351 11655       4       com.android.tools.r8.code.u1::a (4075 bytes)

Stack: [0x00000053c1b00000,0x00000053c1c00000]
Native frames: (J=compiled Java code, j=interpreted, Vv=VM code, C=native code)
V  [jvm.dll+0x5fbcea]
V  [jvm.dll+0x731905]
V  [jvm.dll+0x732f1d]
V  [jvm.dll+0x7335d3]
V  [jvm.dll+0x247bf8]
V  [jvm.dll+0xc041b]
V  [jvm.dll+0xc06cc]
V  [jvm.dll+0x36071c]
V  [jvm.dll+0x4f5bce]
V  [jvm.dll+0x4f4fe3]
V  [jvm.dll+0x4f596b]
V  [jvm.dll+0x328832]
V  [jvm.dll+0x327cfa]
V  [jvm.dll+0x200602]
V  [jvm.dll+0x1ff794]
V  [jvm.dll+0x18868c]
V  [jvm.dll+0x20e0d7]
V  [jvm.dll+0x20c901]
V  [jvm.dll+0x6f9b7f]
V  [jvm.dll+0x6f26a5]
V  [jvm.dll+0x5fabf6]
C  [ucrtbase.dll+0x21bb2]
C  [KERNEL32.DLL+0x17034]
C  [ntdll.dll+0x526a1]


---------------  P R O C E S S  ---------------

Threads class SMR info:
_java_thread_list=0x000001ace4e75e90, length=51, elements={
0x000001acc7f5c800, 0x000001ace23bc800, 0x000001ace23be000, 0x000001ace2421000,
0x000001ace2423000, 0x000001ace2425000, 0x000001ace2428800, 0x000001ace242f000,
0x000001ace2430800, 0x000001ace259f000, 0x000001ace35d2800, 0x000001ace3d68800,
0x000001ace28ca800, 0x000001ace360b000, 0x000001ace3462800, 0x000001ace3aa6000,
0x000001ace4307000, 0x000001ace3ebc000, 0x000001ace3bdb800, 0x000001ace44ec800,
0x000001ace44eb800, 0x000001ace44ef000, 0x000001ace44f0800, 0x000001ace44eb000,
0x000001ace44ef800, 0x000001ace44ed000, 0x000001ace44f1800, 0x000001ace44ee000,
0x000001ace4b63800, 0x000001ace50bb000, 0x000001ace50b7000, 0x000001ace50b8800,
0x000001ace50b6800, 0x000001ace50bd000, 0x000001ace50b8000, 0x000001ace50c1800,
0x000001ace50bd800, 0x000001ace50be800, 0x000001ace50c4000, 0x000001ace50bf800,
0x000001ace50c0000, 0x000001ace50c1000, 0x000001ace50c3800, 0x000001ace84b6800,
0x000001ace84bb800, 0x000001ace84ba800, 0x000001ace84b9000, 0x000001ace84b8000,
0x000001ace84bd000, 0x000001ace84b7800, 0x000001ace84bc000
}

Java Threads: ( => current thread )
  0x000001acc7f5c800 JavaThread "main" [_thread_blocked, id=11484, stack(0x00000053c0f00000,0x00000053c1000000)]
  0x000001ace23bc800 JavaThread "Reference Handler" daemon [_thread_blocked, id=8444, stack(0x00000053c1600000,0x00000053c1700000)]
  0x000001ace23be000 JavaThread "Finalizer" daemon [_thread_blocked, id=19700, stack(0x00000053c1700000,0x00000053c1800000)]
  0x000001ace2421000 JavaThread "Signal Dispatcher" daemon [_thread_blocked, id=27136, stack(0x00000053c1800000,0x00000053c1900000)]
  0x000001ace2423000 JavaThread "Attach Listener" daemon [_thread_blocked, id=26616, stack(0x00000053c1900000,0x00000053c1a00000)]
  0x000001ace2425000 JavaThread "Service Thread" daemon [_thread_blocked, id=23672, stack(0x00000053c1a00000,0x00000053c1b00000)]
=>0x000001ace2428800 JavaThread "C2 CompilerThread0" daemon [_thread_in_native, id=27356, stack(0x00000053c1b00000,0x00000053c1c00000)]
  0x000001ace242f000 JavaThread "C1 CompilerThread0" daemon [_thread_blocked, id=25264, stack(0x00000053c1c00000,0x00000053c1d00000)]
  0x000001ace2430800 JavaThread "Sweeper thread" daemon [_thread_blocked, id=26832, stack(0x00000053c1d00000,0x00000053c1e00000)]
  0x000001ace259f000 JavaThread "Common-Cleaner" daemon [_thread_blocked, id=21796, stack(0x00000053c1e00000,0x00000053c1f00000)]
  0x000001ace35d2800 JavaThread "Daemon health stats" [_thread_blocked, id=22132, stack(0x00000053c2400000,0x00000053c2500000)]
  0x000001ace3d68800 JavaThread "Incoming local TCP Connector on port 38006" [_thread_in_native, id=7844, stack(0x00000053c2000000,0x00000053c2100000)]
  0x000001ace28ca800 JavaThread "Daemon periodic checks" [_thread_blocked, id=13880, stack(0x00000053c2500000,0x00000053c2600000)]
  0x000001ace360b000 JavaThread "Daemon" [_thread_blocked, id=27312, stack(0x00000053c2600000,0x00000053c2700000)]
  0x000001ace3462800 JavaThread "Handler for socket connection from /127.0.0.1:38006 to /127.0.0.1:38007" [_thread_in_native, id=27192, stack(0x00000053c2700000,0x00000053c2800000)]
  0x000001ace3aa6000 JavaThread "Cancel handler" [_thread_blocked, id=25684, stack(0x00000053c2800000,0x00000053c2900000)]
  0x000001ace4307000 JavaThread "Daemon worker" [_thread_blocked, id=8624, stack(0x00000053c2900000,0x00000053c2a00000)]
  0x000001ace3ebc000 JavaThread "Asynchronous log dispatcher for DefaultDaemonConnection: socket connection from /127.0.0.1:38006 to /127.0.0.1:38007" [_thread_blocked, id=23396, stack(0x00000053c2a00000,0x00000053c2b00000)]
  0x000001ace3bdb800 JavaThread "Stdin handler" [_thread_blocked, id=9008, stack(0x00000053c2b00000,0x00000053c2c00000)]
  0x000001ace44ec800 JavaThread "Thread-8" [_thread_blocked, id=19648, stack(0x00000053c2c00000,0x00000053c2d00000)]
  0x000001ace44eb800 JavaThread "Cache worker for journal cache (C:\Users\ADIT-PC\.gradle\caches\journal-1)" [_thread_blocked, id=22444, stack(0x00000053c2d00000,0x00000053c2e00000)]
  0x000001ace44ef000 JavaThread "File lock request listener" [_thread_in_native, id=22568, stack(0x00000053c2e00000,0x00000053c2f00000)]
  0x000001ace44f0800 JavaThread "Cache worker for file hash cache (C:\Users\ADIT-PC\.gradle\caches\6.1.1\fileHashes)" [_thread_blocked, id=22388, stack(0x00000053c2f00000,0x00000053c3000000)]
  0x000001ace44eb000 JavaThread "Cache worker for checksums cache (C:\Users\ADIT-PC\AndroidStudioProjects\AbsensiApp\.gradle\checksums)" [_thread_blocked, id=18804, stack(0x00000053c3100000,0x00000053c3200000)]
  0x000001ace44ef800 JavaThread "Cache worker for file hash cache (C:\Users\ADIT-PC\AndroidStudioProjects\AbsensiApp\.gradle\6.1.1\fileHashes)" [_thread_blocked, id=20108, stack(0x00000053c3200000,0x00000053c3300000)]
  0x000001ace44ed000 JavaThread "Cache worker for cache directory md-supplier (C:\Users\ADIT-PC\.gradle\caches\6.1.1\md-supplier)" [_thread_blocked, id=11200, stack(0x00000053c3300000,0x00000053c3400000)]
  0x000001ace44f1800 JavaThread "Cache worker for cache directory md-rule (C:\Users\ADIT-PC\.gradle\caches\6.1.1\md-rule)" [_thread_blocked, id=22356, stack(0x00000053c3000000,0x00000053c3100000)]
  0x000001ace44ee000 JavaThread "Cache worker for execution history cache (C:\Users\ADIT-PC\.gradle\caches\6.1.1\executionHistory)" [_thread_blocked, id=11188, stack(0x00000053c3400000,0x00000053c3500000)]
  0x000001ace4b63800 JavaThread "C2 CompilerThread1" daemon [_thread_in_native, id=25676, stack(0x00000053c3500000,0x00000053c3600000)]
  0x000001ace50bb000 JavaThread "Build operations" [_thread_blocked, id=26692, stack(0x00000053c3600000,0x00000053c3700000)]
  0x000001ace50b7000 JavaThread "Build operations Thread 2" [_thread_blocked, id=372, stack(0x00000053c3700000,0x00000053c3800000)]
  0x000001ace50b8800 JavaThread "Build operations Thread 3" [_thread_blocked, id=22196, stack(0x00000053c3800000,0x00000053c3900000)]
  0x000001ace50b6800 JavaThread "Build operations Thread 4" [_thread_blocked, id=21876, stack(0x00000053c3900000,0x00000053c3a00000)]
  0x000001ace50bd000 JavaThread "pool-1-thread-1" [_thread_blocked, id=14788, stack(0x00000053c3b00000,0x00000053c3c00000)]
  0x000001ace50b8000 JavaThread "Cache worker for Build Output Cleanup Cache (C:\Users\ADIT-PC\AndroidStudioProjects\AbsensiApp\.gradle\buildOutputCleanup)" [_thread_blocked, id=20220, stack(0x00000053c3c00000,0x00000053c3d00000)]
  0x000001ace50c1800 JavaThread "Memory manager" [_thread_blocked, id=3676, stack(0x00000053c3d00000,0x00000053c3e00000)]
  0x000001ace50bd800 JavaThread "Cache worker for file content cache (C:\Users\ADIT-PC\.gradle\caches\6.1.1\fileContent)" [_thread_blocked, id=20852, stack(0x00000053c3e00000,0x00000053c3f00000)]
  0x000001ace50be800 JavaThread "Cache worker for file content cache (C:\Users\ADIT-PC\AndroidStudioProjects\AbsensiApp\.gradle\6.1.1\fileContent)" [_thread_blocked, id=26024, stack(0x00000053c3f00000,0x00000053c4000000)]
  0x000001ace50c4000 JavaThread "Execution worker for ':'" [_thread_blocked, id=23892, stack(0x00000053c4000000,0x00000053c4100000)]
  0x000001ace50bf800 JavaThread "Execution worker for ':' Thread 2" [_thread_blocked, id=20824, stack(0x00000053c4100000,0x00000053c4200000)]
  0x000001ace50c0000 JavaThread "Execution worker for ':' Thread 3" [_thread_blocked, id=18304, stack(0x00000053c4200000,0x00000053c4300000)]
  0x000001ace50c1000 JavaThread "Cache worker for execution history cache (C:\Users\ADIT-PC\AndroidStudioProjects\AbsensiApp\.gradle\6.1.1\executionHistory)" [_thread_blocked, id=16408, stack(0x00000053c4300000,0x00000053c4400000)]
  0x000001ace50c3800 JavaThread "WorkerExecutor Queue" [_thread_blocked, id=26940, stack(0x00000053c4400000,0x00000053c4500000)]
  0x000001ace84b6800 JavaThread "WorkerExecutor Queue Thread 2" [_thread_blocked, id=17740, stack(0x00000053c4500000,0x00000053c4600000)]
  0x000001ace84bb800 JavaThread "WorkerExecutor Queue Thread 3" [_thread_blocked, id=18136, stack(0x00000053c4600000,0x00000053c4700000)]
  0x000001ace84ba800 JavaThread "WorkerExecutor Queue Thread 4" [_thread_in_Java, id=21296, stack(0x00000053c4700000,0x00000053c4800000)]
  0x000001ace84b9000 JavaThread "WorkerExecutor Queue Thread 5" [_thread_blocked, id=16564, stack(0x00000053c4800000,0x00000053c4900000)]
  0x000001ace84b8000 JavaThread "ForkJoinPool-1-worker-3" daemon [_thread_in_Java, id=20524, stack(0x00000053c4b00000,0x00000053c4c00000)]
  0x000001ace84bd000 JavaThread "ForkJoinPool-1-worker-5" daemon [_thread_blocked, id=9028, stack(0x00000053c4c00000,0x00000053c4d00000)]
  0x000001ace84b7800 JavaThread "ForkJoinPool-1-worker-7" daemon [_thread_blocked, id=22260, stack(0x00000053c4d00000,0x00000053c4e00000)]
  0x000001ace84bc000 JavaThread "ForkJoinPool-1-worker-1" daemon [_thread_in_Java, id=4152, stack(0x00000053c4e00000,0x00000053c4f00000)]

Other Threads:
  0x000001ace23b8800 VMThread "VM Thread" [stack: 0x00000053c1500000,0x00000053c1600000] [id=22560]
  0x000001ace25cf800 WatcherThread [stack: 0x00000053c1f00000,0x00000053c2000000] [id=27440]
  0x000001acc7f75000 GCTaskThread "GC Thread#0" [stack: 0x00000053c1000000,0x00000053c1100000] [id=9584]
  0x000001ace2e95000 GCTaskThread "GC Thread#1" [stack: 0x00000053c2100000,0x00000053c2200000] [id=21284]
  0x000001ace2d1a800 GCTaskThread "GC Thread#2" [stack: 0x00000053c2200000,0x00000053c2300000] [id=4472]
  0x000001ace2a0e000 GCTaskThread "GC Thread#3" [stack: 0x00000053c2300000,0x00000053c2400000] [id=17260]
  0x000001acc7fa6000 ConcurrentGCThread "G1 Main Marker" [stack: 0x00000053c1100000,0x00000053c1200000] [id=25928]
  0x000001acc7fa7800 ConcurrentGCThread "G1 Conc#0" [stack: 0x00000053c1200000,0x00000053c1300000] [id=8872]
  0x000001acc802e000 ConcurrentGCThread "G1 Refine#0" [stack: 0x00000053c1300000,0x00000053c1400000] [id=23712]
  0x000001ace8e1d000 ConcurrentGCThread "G1 Refine#1" [stack: 0x00000053c3a00000,0x00000053c3b00000] [id=25484]
  0x000001ace8e1e800 ConcurrentGCThread "G1 Refine#2" [stack: 0x00000053c4900000,0x00000053c4a00000] [id=24308]
  0x000001ace8e1c800 ConcurrentGCThread "G1 Refine#3" [stack: 0x00000053c4a00000,0x00000053c4b00000] [id=14740]
  0x000001ace1a04800 ConcurrentGCThread "G1 Young RemSet Sampling" [stack: 0x00000053c1400000,0x00000053c1500000] [id=18188]

Threads with active compile tasks:
C2 CompilerThread0  17394 11655       4       com.android.tools.r8.code.u1::a (4075 bytes)
C2 CompilerThread1  17394 11467       4       com.android.tools.r8.dex.n::a (1022 bytes)

VM state:not at safepoint (normal execution)

VM Mutex/Monitor currently owned by a thread: None

Heap address: 0x0000000080000000, size: 2048 MB, Compressed Oops mode: 32-bit
Narrow klass base: 0x0000000000000000, Narrow klass shift: 3
Compressed class space size: 1073741824 Address: 0x0000000100000000

Heap:
 garbage-first heap   total 312320K, used 241664K [0x0000000080000000, 0x0000000100000000)
  region size 1024K, 11 young (11264K), 4 survivors (4096K)
 Metaspace       used 83527K, capacity 85829K, committed 86096K, reserved 1124352K
  class space    used 10834K, capacity 11692K, committed 11776K, reserved 1048576K
Heap Regions: E=young(eden), S=young(survivor), O=old, HS=humongous(starts), HC=humongous(continues), CS=collection set, F=free, A=archive, TAMS=top-at-mark-start (previous, next)
|   0|0x0000000080000000, 0x0000000080100000, 0x0000000080100000|100%| O|  |TAMS 0x0000000080100000, 0x0000000080000000| Untracked 
|   1|0x0000000080100000, 0x0000000080200000, 0x0000000080200000|100%| O|  |TAMS 0x0000000080200000, 0x0000000080100000| Untracked 
|   2|0x0000000080200000, 0x0000000080300000, 0x0000000080300000|100%| O|  |TAMS 0x0000000080300000, 0x0000000080200000| Untracked 
|   3|0x0000000080300000, 0x0000000080400000, 0x0000000080400000|100%|HS|  |TAMS 0x0000000080400000, 0x0000000080300000| Complete 
|   4|0x0000000080400000, 0x0000000080500000, 0x0000000080500000|100%|HC|  |TAMS 0x0000000080500000, 0x0000000080400000| Complete 
|   5|0x0000000080500000, 0x0000000080600000, 0x0000000080600000|100%|HC|  |TAMS 0x0000000080600000, 0x0000000080500000| Complete 
|   6|0x0000000080600000, 0x0000000080700000, 0x0000000080700000|100%| O|  |TAMS 0x0000000080700000, 0x0000000080600000| Untracked 
|   7|0x0000000080700000, 0x0000000080800000, 0x0000000080800000|100%| O|  |TAMS 0x0000000080800000, 0x0000000080700000| Untracked 
|   8|0x0000000080800000, 0x0000000080900000, 0x0000000080900000|100%| O|  |TAMS 0x0000000080900000, 0x0000000080800000| Untracked 
|   9|0x0000000080900000, 0x0000000080a00000, 0x0000000080a00000|100%| O|  |TAMS 0x0000000080a00000, 0x0000000080900000| Untracked 
|  10|0x0000000080a00000, 0x0000000080b00000, 0x0000000080b00000|100%| O|  |TAMS 0x0000000080b00000, 0x0000000080a00000| Untracked 
|  11|0x0000000080b00000, 0x0000000080c00000, 0x0000000080c00000|100%| O|  |TAMS 0x0000000080c00000, 0x0000000080b00000| Untracked 
|  12|0x0000000080c00000, 0x0000000080d00000, 0x0000000080d00000|100%| O|  |TAMS 0x0000000080d00000, 0x0000000080c00000| Untracked 
|  13|0x0000000080d00000, 0x0000000080e00000, 0x0000000080e00000|100%|HS|  |TAMS 0x0000000080e00000, 0x0000000080d00000| Complete 
|  14|0x0000000080e00000, 0x0000000080f00000, 0x0000000080f00000|100%|HC|  |TAMS 0x0000000080f00000, 0x0000000080e00000| Complete 
|  15|0x0000000080f00000, 0x0000000081000000, 0x0000000081000000|100%|HS|  |TAMS 0x0000000081000000, 0x0000000080f00000| Complete 
|  16|0x0000000081000000, 0x0000000081100000, 0x0000000081100000|100%|HC|  |TAMS 0x0000000081100000, 0x0000000081000000| Complete 
|  17|0x0000000081100000, 0x0000000081200000, 0x0000000081200000|100%|HC|  |TAMS 0x0000000081200000, 0x0000000081100000| Complete 
|  18|0x0000000081200000, 0x0000000081300000, 0x0000000081300000|100%|HS|  |TAMS 0x0000000081300000, 0x0000000081200000| Complete 
|  19|0x0000000081300000, 0x0000000081400000, 0x0000000081400000|100%|HC|  |TAMS 0x0000000081400000, 0x0000000081300000| Complete 
|  20|0x0000000081400000, 0x0000000081500000, 0x0000000081500000|100%|HC|  |TAMS 0x0000000081500000, 0x0000000081400000| Complete 
|  21|0x0000000081500000, 0x0000000081600000, 0x0000000081600000|100%|HC|  |TAMS 0x0000000081600000, 0x0000000081500000| Complete 
|  22|0x0000000081600000, 0x0000000081700000, 0x0000000081700000|100%| O|  |TAMS 0x0000000081700000, 0x0000000081600000| Untracked 
|  23|0x0000000081700000, 0x0000000081800000, 0x0000000081800000|100%| O|  |TAMS 0x0000000081800000, 0x0000000081700000| Untracked 
|  24|0x0000000081800000, 0x0000000081900000, 0x0000000081900000|100%| O|  |TAMS 0x0000000081900000, 0x0000000081800000| Untracked 
|  25|0x0000000081900000, 0x0000000081a00000, 0x0000000081a00000|100%|HS|  |TAMS 0x0000000081a00000, 0x0000000081900000| Complete 
|  26|0x0000000081a00000, 0x0000000081b00000, 0x0000000081b00000|100%|HC|  |TAMS 0x0000000081b00000, 0x0000000081a00000| Complete 
|  27|0x0000000081b00000, 0x0000000081c00000, 0x0000000081c00000|100%|HC|  |TAMS 0x0000000081c00000, 0x0000000081b00000| Complete 
|  28|0x0000000081c00000, 0x0000000081d00000, 0x0000000081d00000|100%|HS|  |TAMS 0x0000000081d00000, 0x0000000081c00000| Complete 
|  29|0x0000000081d00000, 0x0000000081e00000, 0x0000000081e00000|100%|HC|  |TAMS 0x0000000081e00000, 0x0000000081d00000| Complete 
|  30|0x0000000081e00000, 0x0000000081f00000, 0x0000000081f00000|100%| O|  |TAMS 0x0000000081f00000, 0x0000000081e00000| Untracked 
|  31|0x0000000081f00000, 0x0000000082000000, 0x0000000082000000|100%| O|  |TAMS 0x0000000082000000, 0x0000000081f00000| Untracked 
|  32|0x0000000082000000, 0x0000000082100000, 0x0000000082100000|100%| O|  |TAMS 0x0000000082100000, 0x0000000082000000| Untracked 
|  33|0x0000000082100000, 0x0000000082200000, 0x0000000082200000|100%| O|  |TAMS 0x0000000082200000, 0x0000000082100000| Untracked 
|  34|0x0000000082200000, 0x0000000082300000, 0x0000000082300000|100%| O|  |TAMS 0x0000000082300000, 0x0000000082200000| Untracked 
|  35|0x0000000082300000, 0x0000000082400000, 0x0000000082400000|100%| O|  |TAMS 0x0000000082400000, 0x0000000082300000| Untracked 
|  36|0x0000000082400000, 0x0000000082500000, 0x0000000082500000|100%| O|  |TAMS 0x0000000082500000, 0x0000000082400000| Untracked 
|  37|0x0000000082500000, 0x0000000082600000, 0x0000000082600000|100%| O|  |TAMS 0x0000000082600000, 0x0000000082500000| Untracked 
|  38|0x0000000082600000, 0x0000000082700000, 0x0000000082700000|100%| O|  |TAMS 0x0000000082700000, 0x0000000082600000| Untracked 
|  39|0x0000000082700000, 0x0000000082800000, 0x0000000082800000|100%| O|  |TAMS 0x0000000082800000, 0x0000000082700000| Untracked 
|  40|0x0000000082800000, 0x0000000082900000, 0x0000000082900000|100%| O|  |TAMS 0x0000000082900000, 0x0000000082800000| Untracked 
|  41|0x0000000082900000, 0x0000000082a00000, 0x0000000082a00000|100%| O|  |TAMS 0x0000000082a00000, 0x0000000082900000| Untracked 
|  42|0x0000000082a00000, 0x0000000082b00000, 0x0000000082b00000|100%| O|  |TAMS 0x0000000082b00000, 0x0000000082a00000| Untracked 
|  43|0x0000000082b00000, 0x0000000082c00000, 0x0000000082c00000|100%| O|  |TAMS 0x0000000082c00000, 0x0000000082b00000| Untracked 
|  44|0x0000000082c00000, 0x0000000082d00000, 0x0000000082d00000|100%| O|  |TAMS 0x0000000082d00000, 0x0000000082c00000| Untracked 
|  45|0x0000000082d00000, 0x0000000082e00000, 0x0000000082e00000|100%| O|  |TAMS 0x0000000082e00000, 0x0000000082d00000| Untracked 
|  46|0x0000000082e00000, 0x0000000082f00000, 0x0000000082f00000|100%| O|  |TAMS 0x0000000082f00000, 0x0000000082e00000| Untracked 
|  47|0x0000000082f00000, 0x0000000083000000, 0x0000000083000000|100%| O|  |TAMS 0x0000000083000000, 0x0000000082f00000| Untracked 
|  48|0x0000000083000000, 0x0000000083100000, 0x0000000083100000|100%| O|  |TAMS 0x0000000083100000, 0x0000000083000000| Untracked 
|  49|0x0000000083100000, 0x0000000083200000, 0x0000000083200000|100%| O|  |TAMS 0x0000000083200000, 0x0000000083100000| Untracked 
|  50|0x0000000083200000, 0x0000000083300000, 0x0000000083300000|100%| O|  |TAMS 0x0000000083300000, 0x0000000083200000| Untracked 
|  51|0x0000000083300000, 0x0000000083400000, 0x0000000083400000|100%| O|  |TAMS 0x0000000083400000, 0x0000000083300000| Untracked 
|  52|0x0000000083400000, 0x0000000083500000, 0x0000000083500000|100%| O|  |TAMS 0x0000000083500000, 0x0000000083400000| Untracked 
|  53|0x0000000083500000, 0x0000000083600000, 0x0000000083600000|100%| O|  |TAMS 0x0000000083600000, 0x0000000083500000| Untracked 
|  54|0x0000000083600000, 0x0000000083700000, 0x0000000083700000|100%| O|  |TAMS 0x0000000083700000, 0x0000000083600000| Untracked 
|  55|0x0000000083700000, 0x0000000083800000, 0x0000000083800000|100%| O|  |TAMS 0x0000000083800000, 0x0000000083700000| Untracked 
|  56|0x0000000083800000, 0x0000000083900000, 0x0000000083900000|100%| O|  |TAMS 0x0000000083900000, 0x0000000083800000| Untracked 
|  57|0x0000000083900000, 0x0000000083a00000, 0x0000000083a00000|100%| O|  |TAMS 0x0000000083a00000, 0x0000000083900000| Untracked 
|  58|0x0000000083a00000, 0x0000000083b00000, 0x0000000083b00000|100%| O|  |TAMS 0x0000000083b00000, 0x0000000083a00000| Untracked 
|  59|0x0000000083b00000, 0x0000000083c00000, 0x0000000083c00000|100%| O|  |TAMS 0x0000000083c00000, 0x0000000083b00000| Untracked 
|  60|0x0000000083c00000, 0x0000000083d00000, 0x0000000083d00000|100%| O|  |TAMS 0x0000000083d00000, 0x0000000083c00000| Untracked 
|  61|0x0000000083d00000, 0x0000000083e00000, 0x0000000083e00000|100%| O|  |TAMS 0x0000000083e00000, 0x0000000083d00000| Untracked 
|  62|0x0000000083e00000, 0x0000000083f00000, 0x0000000083f00000|100%| O|  |TAMS 0x0000000083f00000, 0x0000000083e00000| Untracked 
|  63|0x0000000083f00000, 0x0000000084000000, 0x0000000084000000|100%| O|  |TAMS 0x0000000084000000, 0x0000000083f00000| Untracked 
|  64|0x0000000084000000, 0x0000000084100000, 0x0000000084100000|100%| O|  |TAMS 0x0000000084100000, 0x0000000084000000| Untracked 
|  65|0x0000000084100000, 0x0000000084200000, 0x0000000084200000|100%| O|  |TAMS 0x0000000084200000, 0x0000000084100000| Untracked 
|  66|0x0000000084200000, 0x0000000084300000, 0x0000000084300000|100%| O|  |TAMS 0x0000000084300000, 0x0000000084200000| Untracked 
|  67|0x0000000084300000, 0x0000000084400000, 0x0000000084400000|100%| O|  |TAMS 0x0000000084400000, 0x0000000084300000| Untracked 
|  68|0x0000000084400000, 0x0000000084500000, 0x0000000084500000|100%| O|  |TAMS 0x0000000084500000, 0x0000000084400000| Untracked 
|  69|0x0000000084500000, 0x0000000084600000, 0x0000000084600000|100%| O|  |TAMS 0x0000000084600000, 0x0000000084500000| Untracked 
|  70|0x0000000084600000, 0x0000000084700000, 0x0000000084700000|100%| O|  |TAMS 0x0000000084700000, 0x0000000084600000| Untracked 
|  71|0x0000000084700000, 0x0000000084800000, 0x0000000084800000|100%| O|  |TAMS 0x0000000084800000, 0x0000000084700000| Untracked 
|  72|0x0000000084800000, 0x0000000084900000, 0x0000000084900000|100%| O|  |TAMS 0x0000000084900000, 0x0000000084800000| Untracked 
|  73|0x0000000084900000, 0x0000000084a00000, 0x0000000084a00000|100%| O|  |TAMS 0x0000000084a00000, 0x0000000084900000| Untracked 
|  74|0x0000000084a00000, 0x0000000084b00000, 0x0000000084b00000|100%| O|  |TAMS 0x0000000084b00000, 0x0000000084a00000| Untracked 
|  75|0x0000000084b00000, 0x0000000084c00000, 0x0000000084c00000|100%| O|  |TAMS 0x0000000084c00000, 0x0000000084b00000| Untracked 
|  76|0x0000000084c00000, 0x0000000084d00000, 0x0000000084d00000|100%| O|  |TAMS 0x0000000084d00000, 0x0000000084c00000| Untracked 
|  77|0x0000000084d00000, 0x0000000084e00000, 0x0000000084e00000|100%| O|  |TAMS 0x0000000084e00000, 0x0000000084d00000| Untracked 
|  78|0x0000000084e00000, 0x0000000084f00000, 0x0000000084f00000|100%| O|  |TAMS 0x0000000084f00000, 0x0000000084e00000| Untracked 
|  79|0x0000000084f00000, 0x0000000085000000, 0x0000000085000000|100%| O|  |TAMS 0x0000000085000000, 0x0000000084f00000| Untracked 
|  80|0x0000000085000000, 0x0000000085100000, 0x0000000085100000|100%|HS|  |TAMS 0x0000000085100000, 0x0000000085000000| Complete 
|  81|0x0000000085100000, 0x0000000085200000, 0x0000000085200000|100%| O|  |TAMS 0x0000000085200000, 0x0000000085100000| Untracked 
|  82|0x0000000085200000, 0x0000000085300000, 0x0000000085300000|100%|HS|  |TAMS 0x0000000085300000, 0x0000000085200000| Complete 
|  83|0x0000000085300000, 0x0000000085400000, 0x0000000085400000|100%|HC|  |TAMS 0x0000000085400000, 0x0000000085300000| Complete 
|  84|0x0000000085400000, 0x0000000085500000, 0x0000000085500000|100%| O|  |TAMS 0x0000000085500000, 0x0000000085400000| Untracked 
|  85|0x0000000085500000, 0x0000000085600000, 0x0000000085600000|100%|HS|  |TAMS 0x0000000085600000, 0x0000000085500000| Complete 
|  86|0x0000000085600000, 0x0000000085700000, 0x0000000085700000|100%|HS|  |TAMS 0x0000000085700000, 0x0000000085600000| Complete 
|  87|0x0000000085700000, 0x0000000085800000, 0x0000000085800000|100%|HC|  |TAMS 0x0000000085800000, 0x0000000085700000| Complete 
|  88|0x0000000085800000, 0x0000000085900000, 0x0000000085900000|100%|HS|  |TAMS 0x0000000085900000, 0x0000000085800000| Complete 
|  89|0x0000000085900000, 0x0000000085a00000, 0x0000000085a00000|100%|HS|  |TAMS 0x0000000085a00000, 0x0000000085900000| Complete 
|  90|0x0000000085a00000, 0x0000000085b00000, 0x0000000085b00000|100%|HS|  |TAMS 0x0000000085b00000, 0x0000000085a00000| Complete 
|  91|0x0000000085b00000, 0x0000000085c00000, 0x0000000085c00000|100%|HS|  |TAMS 0x0000000085c00000, 0x0000000085b00000| Complete 
|  92|0x0000000085c00000, 0x0000000085d00000, 0x0000000085d00000|100%|HS|  |TAMS 0x0000000085d00000, 0x0000000085c00000| Complete 
|  93|0x0000000085d00000, 0x0000000085e00000, 0x0000000085e00000|100%|HS|  |TAMS 0x0000000085e00000, 0x0000000085d00000| Complete 
|  94|0x0000000085e00000, 0x0000000085f00000, 0x0000000085f00000|100%|HC|  |TAMS 0x0000000085f00000, 0x0000000085e00000| Complete 
|  95|0x0000000085f00000, 0x0000000086000000, 0x0000000086000000|100%| O|  |TAMS 0x0000000086000000, 0x0000000085f00000| Untracked 
|  96|0x0000000086000000, 0x0000000086100000, 0x0000000086100000|100%| O|  |TAMS 0x0000000086100000, 0x0000000086000000| Untracked 
|  97|0x0000000086100000, 0x0000000086200000, 0x0000000086200000|100%| O|  |TAMS 0x0000000086200000, 0x0000000086100000| Untracked 
|  98|0x0000000086200000, 0x0000000086300000, 0x0000000086300000|100%| O|  |TAMS 0x0000000086300000, 0x0000000086200000| Untracked 
|  99|0x0000000086300000, 0x0000000086400000, 0x0000000086400000|100%| O|  |TAMS 0x0000000086400000, 0x0000000086300000| Untracked 
| 100|0x0000000086400000, 0x0000000086500000, 0x0000000086500000|100%| O|  |TAMS 0x0000000086500000, 0x0000000086400000| Untracked 
| 101|0x0000000086500000, 0x0000000086600000, 0x0000000086600000|100%| O|  |TAMS 0x0000000086600000, 0x0000000086500000| Untracked 
| 102|0x0000000086600000, 0x0000000086700000, 0x0000000086700000|100%| O|  |TAMS 0x0000000086700000, 0x0000000086600000| Untracked 
| 103|0x0000000086700000, 0x0000000086800000, 0x0000000086800000|100%| O|  |TAMS 0x0000000086800000, 0x0000000086700000| Untracked 
| 104|0x0000000086800000, 0x0000000086900000, 0x0000000086900000|100%| O|  |TAMS 0x0000000086900000, 0x0000000086800000| Untracked 
| 105|0x0000000086900000, 0x0000000086a00000, 0x0000000086a00000|100%| O|  |TAMS 0x0000000086a00000, 0x0000000086900000| Untracked 
| 106|0x0000000086a00000, 0x0000000086b00000, 0x0000000086b00000|100%| O|  |TAMS 0x0000000086b00000, 0x0000000086a00000| Untracked 
| 107|0x0000000086b00000, 0x0000000086c00000, 0x0000000086c00000|100%| O|  |TAMS 0x0000000086c00000, 0x0000000086b00000| Untracked 
| 108|0x0000000086c00000, 0x0000000086d00000, 0x0000000086d00000|100%|HS|  |TAMS 0x0000000086d00000, 0x0000000086c00000| Complete 
| 109|0x0000000086d00000, 0x0000000086e00000, 0x0000000086e00000|100%| O|  |TAMS 0x0000000086e00000, 0x0000000086d00000| Untracked 
| 110|0x0000000086e00000, 0x0000000086f00000, 0x0000000086f00000|100%|HS|  |TAMS 0x0000000086f00000, 0x0000000086e00000| Complete 
| 111|0x0000000086f00000, 0x0000000087000000, 0x0000000087000000|100%| O|  |TAMS 0x0000000087000000, 0x0000000086f00000| Untracked 
| 112|0x0000000087000000, 0x0000000087100000, 0x0000000087100000|100%|HS|  |TAMS 0x0000000087100000, 0x0000000087000000| Complete 
| 113|0x0000000087100000, 0x0000000087200000, 0x0000000087200000|100%| O|  |TAMS 0x0000000087200000, 0x0000000087100000| Untracked 
| 114|0x0000000087200000, 0x0000000087300000, 0x0000000087300000|100%| O|  |TAMS 0x0000000087300000, 0x0000000087200000| Untracked 
| 115|0x0000000087300000, 0x0000000087400000, 0x0000000087400000|100%| O|  |TAMS 0x0000000087400000, 0x0000000087300000| Untracked 
| 116|0x0000000087400000, 0x0000000087500000, 0x0000000087500000|100%| O|  |TAMS 0x0000000087500000, 0x0000000087400000| Untracked 
| 117|0x0000000087500000, 0x0000000087600000, 0x0000000087600000|100%| O|  |TAMS 0x0000000087600000, 0x0000000087500000| Untracked 
| 118|0x0000000087600000, 0x0000000087700000, 0x0000000087700000|100%| O|  |TAMS 0x0000000087700000, 0x0000000087600000| Untracked 
| 119|0x0000000087700000, 0x0000000087800000, 0x0000000087800000|100%| O|  |TAMS 0x0000000087800000, 0x0000000087700000| Untracked 
| 120|0x0000000087800000, 0x0000000087900000, 0x0000000087900000|100%| O|  |TAMS 0x0000000087900000, 0x0000000087800000| Untracked 
| 121|0x0000000087900000, 0x0000000087a00000, 0x0000000087a00000|100%| O|  |TAMS 0x0000000087a00000, 0x0000000087900000| Untracked 
| 122|0x0000000087a00000, 0x0000000087b00000, 0x0000000087b00000|100%| O|  |TAMS 0x0000000087b00000, 0x0000000087a00000| Untracked 
| 123|0x0000000087b00000, 0x0000000087c00000, 0x0000000087c00000|100%| O|  |TAMS 0x0000000087c00000, 0x0000000087b00000| Untracked 
| 124|0x0000000087c00000, 0x0000000087d00000, 0x0000000087d00000|100%| O|  |TAMS 0x0000000087d00000, 0x0000000087c00000| Untracked 
| 125|0x0000000087d00000, 0x0000000087e00000, 0x0000000087e00000|100%| O|  |TAMS 0x0000000087e00000, 0x0000000087d00000| Untracked 
| 126|0x0000000087e00000, 0x0000000087f00000, 0x0000000087f00000|100%| O|  |TAMS 0x0000000087f00000, 0x0000000087e00000| Untracked 
| 127|0x0000000087f00000, 0x0000000088000000, 0x0000000088000000|100%| O|  |TAMS 0x0000000088000000, 0x0000000087f00000| Untracked 
| 128|0x0000000088000000, 0x0000000088100000, 0x0000000088100000|100%| O|  |TAMS 0x0000000088100000, 0x0000000088000000| Untracked 
| 129|0x0000000088100000, 0x0000000088200000, 0x0000000088200000|100%| O|  |TAMS 0x0000000088200000, 0x0000000088100000| Untracked 
| 130|0x0000000088200000, 0x0000000088300000, 0x0000000088300000|100%| O|  |TAMS 0x0000000088300000, 0x0000000088200000| Untracked 
| 131|0x0000000088300000, 0x0000000088400000, 0x0000000088400000|100%| O|  |TAMS 0x0000000088400000, 0x0000000088300000| Untracked 
| 132|0x0000000088400000, 0x0000000088500000, 0x0000000088500000|100%| O|  |TAMS 0x0000000088500000, 0x0000000088400000| Untracked 
| 133|0x0000000088500000, 0x0000000088600000, 0x0000000088600000|100%|HS|  |TAMS 0x0000000088600000, 0x0000000088500000| Complete 
| 134|0x0000000088600000, 0x0000000088700000, 0x0000000088700000|100%|HC|  |TAMS 0x0000000088700000, 0x0000000088600000| Complete 
| 135|0x0000000088700000, 0x0000000088800000, 0x0000000088800000|100%| O|  |TAMS 0x0000000088800000, 0x0000000088700000| Untracked 
| 136|0x0000000088800000, 0x0000000088900000, 0x0000000088900000|100%| O|  |TAMS 0x0000000088900000, 0x0000000088800000| Untracked 
| 137|0x0000000088900000, 0x0000000088a00000, 0x0000000088a00000|100%| O|  |TAMS 0x0000000088a00000, 0x0000000088900000| Untracked 
| 138|0x0000000088a00000, 0x0000000088b00000, 0x0000000088b00000|100%| O|  |TAMS 0x0000000088b00000, 0x0000000088a00000| Untracked 
| 139|0x0000000088b00000, 0x0000000088c00000, 0x0000000088c00000|100%| O|  |TAMS 0x0000000088c00000, 0x0000000088b00000| Untracked 
| 140|0x0000000088c00000, 0x0000000088d00000, 0x0000000088d00000|100%| O|  |TAMS 0x0000000088d00000, 0x0000000088c00000| Untracked 
| 141|0x0000000088d00000, 0x0000000088e00000, 0x0000000088e00000|100%| O|  |TAMS 0x0000000088e00000, 0x0000000088d00000| Untracked 
| 142|0x0000000088e00000, 0x0000000088f00000, 0x0000000088f00000|100%| O|  |TAMS 0x0000000088f00000, 0x0000000088e00000| Untracked 
| 143|0x0000000088f00000, 0x0000000089000000, 0x0000000089000000|100%| O|  |TAMS 0x0000000089000000, 0x0000000088f00000| Untracked 
| 144|0x0000000089000000, 0x0000000089100000, 0x0000000089100000|100%| O|  |TAMS 0x0000000089100000, 0x0000000089000000| Untracked 
| 145|0x0000000089100000, 0x0000000089200000, 0x0000000089200000|100%| O|  |TAMS 0x0000000089200000, 0x0000000089100000| Untracked 
| 146|0x0000000089200000, 0x0000000089300000, 0x0000000089300000|100%| O|  |TAMS 0x0000000089300000, 0x0000000089200000| Untracked 
| 147|0x0000000089300000, 0x0000000089400000, 0x0000000089400000|100%| O|  |TAMS 0x0000000089400000, 0x0000000089300000| Untracked 
| 148|0x0000000089400000, 0x0000000089500000, 0x0000000089500000|100%| O|  |TAMS 0x0000000089500000, 0x0000000089400000| Untracked 
| 149|0x0000000089500000, 0x0000000089600000, 0x0000000089600000|100%| O|  |TAMS 0x0000000089600000, 0x0000000089500000| Untracked 
| 150|0x0000000089600000, 0x0000000089700000, 0x0000000089700000|100%| O|  |TAMS 0x0000000089700000, 0x0000000089600000| Untracked 
| 151|0x0000000089700000, 0x0000000089800000, 0x0000000089800000|100%| O|  |TAMS 0x0000000089800000, 0x0000000089700000| Untracked 
| 152|0x0000000089800000, 0x0000000089900000, 0x0000000089900000|100%| O|  |TAMS 0x0000000089900000, 0x0000000089800000| Untracked 
| 153|0x0000000089900000, 0x0000000089a00000, 0x0000000089a00000|100%| O|  |TAMS 0x0000000089a00000, 0x0000000089900000| Untracked 
| 154|0x0000000089a00000, 0x0000000089b00000, 0x0000000089b00000|100%| O|  |TAMS 0x0000000089b00000, 0x0000000089a00000| Untracked 
| 155|0x0000000089b00000, 0x0000000089c00000, 0x0000000089c00000|100%| O|  |TAMS 0x0000000089c00000, 0x0000000089b00000| Untracked 
| 156|0x0000000089c00000, 0x0000000089d00000, 0x0000000089d00000|100%|HS|  |TAMS 0x0000000089d00000, 0x0000000089c00000| Complete 
| 157|0x0000000089d00000, 0x0000000089e00000, 0x0000000089e00000|100%|HS|  |TAMS 0x0000000089e00000, 0x0000000089d00000| Complete 
| 158|0x0000000089e00000, 0x0000000089f00000, 0x0000000089f00000|100%| O|  |TAMS 0x0000000089f00000, 0x0000000089e00000| Untracked 
| 159|0x0000000089f00000, 0x000000008a000000, 0x000000008a000000|100%| O|  |TAMS 0x000000008a000000, 0x0000000089f00000| Untracked 
| 160|0x000000008a000000, 0x000000008a100000, 0x000000008a100000|100%| O|  |TAMS 0x000000008a100000, 0x000000008a000000| Untracked 
| 161|0x000000008a100000, 0x000000008a200000, 0x000000008a200000|100%| O|  |TAMS 0x000000008a200000, 0x000000008a100000| Untracked 
| 162|0x000000008a200000, 0x000000008a300000, 0x000000008a300000|100%| O|  |TAMS 0x000000008a300000, 0x000000008a200000| Untracked 
| 163|0x000000008a300000, 0x000000008a400000, 0x000000008a400000|100%| O|  |TAMS 0x000000008a400000, 0x000000008a300000| Untracked 
| 164|0x000000008a400000, 0x000000008a500000, 0x000000008a500000|100%| O|  |TAMS 0x000000008a500000, 0x000000008a400000| Untracked 
| 165|0x000000008a500000, 0x000000008a600000, 0x000000008a600000|100%| O|  |TAMS 0x000000008a600000, 0x000000008a500000| Untracked 
| 166|0x000000008a600000, 0x000000008a700000, 0x000000008a700000|100%| O|  |TAMS 0x000000008a700000, 0x000000008a600000| Untracked 
| 167|0x000000008a700000, 0x000000008a800000, 0x000000008a800000|100%| O|  |TAMS 0x000000008a800000, 0x000000008a700000| Untracked 
| 168|0x000000008a800000, 0x000000008a900000, 0x000000008a900000|100%| O|  |TAMS 0x000000008a900000, 0x000000008a800000| Untracked 
| 169|0x000000008a900000, 0x000000008aa00000, 0x000000008aa00000|100%| O|  |TAMS 0x000000008aa00000, 0x000000008a900000| Untracked 
| 170|0x000000008aa00000, 0x000000008ab00000, 0x000000008ab00000|100%| O|  |TAMS 0x000000008ab00000, 0x000000008aa00000| Untracked 
| 171|0x000000008ab00000, 0x000000008ac00000, 0x000000008ac00000|100%| O|  |TAMS 0x000000008ac00000, 0x000000008ab00000| Untracked 
| 172|0x000000008ac00000, 0x000000008ad00000, 0x000000008ad00000|100%| O|  |TAMS 0x000000008ad00000, 0x000000008ac00000| Untracked 
| 173|0x000000008ad00000, 0x000000008ae00000, 0x000000008ae00000|100%| O|  |TAMS 0x000000008ae00000, 0x000000008ad00000| Untracked 
| 174|0x000000008ae00000, 0x000000008af00000, 0x000000008af00000|100%| O|  |TAMS 0x000000008af00000, 0x000000008ae00000| Untracked 
| 175|0x000000008af00000, 0x000000008b000000, 0x000000008b000000|100%| O|  |TAMS 0x000000008b000000, 0x000000008af00000| Untracked 
| 176|0x000000008b000000, 0x000000008b100000, 0x000000008b100000|100%| O|  |TAMS 0x000000008b100000, 0x000000008b000000| Untracked 
| 177|0x000000008b100000, 0x000000008b200000, 0x000000008b200000|100%| O|  |TAMS 0x000000008b200000, 0x000000008b100000| Untracked 
| 178|0x000000008b200000, 0x000000008b300000, 0x000000008b300000|100%| O|  |TAMS 0x000000008b300000, 0x000000008b200000| Untracked 
| 179|0x000000008b300000, 0x000000008b400000, 0x000000008b400000|100%| O|  |TAMS 0x000000008b400000, 0x000000008b300000| Untracked 
| 180|0x000000008b400000, 0x000000008b500000, 0x000000008b500000|100%| O|  |TAMS 0x000000008b500000, 0x000000008b400000| Untracked 
| 181|0x000000008b500000, 0x000000008b600000, 0x000000008b600000|100%| O|  |TAMS 0x000000008b600000, 0x000000008b500000| Untracked 
| 182|0x000000008b600000, 0x000000008b700000, 0x000000008b700000|100%| O|  |TAMS 0x000000008b700000, 0x000000008b600000| Untracked 
| 183|0x000000008b700000, 0x000000008b800000, 0x000000008b800000|100%| O|  |TAMS 0x000000008b800000, 0x000000008b700000| Untracked 
| 184|0x000000008b800000, 0x000000008b900000, 0x000000008b900000|100%| O|  |TAMS 0x000000008b900000, 0x000000008b800000| Untracked 
| 185|0x000000008b900000, 0x000000008ba00000, 0x000000008ba00000|100%| O|  |TAMS 0x000000008ba00000, 0x000000008b900000| Untracked 
| 186|0x000000008ba00000, 0x000000008bb00000, 0x000000008bb00000|100%| O|  |TAMS 0x000000008bb00000, 0x000000008ba00000| Untracked 
| 187|0x000000008bb00000, 0x000000008bc00000, 0x000000008bc00000|100%| O|  |TAMS 0x000000008bc00000, 0x000000008bb00000| Untracked 
| 188|0x000000008bc00000, 0x000000008bd00000, 0x000000008bd00000|100%| O|  |TAMS 0x000000008bd00000, 0x000000008bc00000| Untracked 
| 189|0x000000008bd00000, 0x000000008be00000, 0x000000008be00000|100%| O|  |TAMS 0x000000008be00000, 0x000000008bd00000| Untracked 
| 190|0x000000008be00000, 0x000000008bf00000, 0x000000008bf00000|100%| O|  |TAMS 0x000000008bf00000, 0x000000008be00000| Untracked 
| 191|0x000000008bf00000, 0x000000008c000000, 0x000000008c000000|100%| O|  |TAMS 0x000000008c000000, 0x000000008bf00000| Untracked 
| 192|0x000000008c000000, 0x000000008c100000, 0x000000008c100000|100%| O|  |TAMS 0x000000008c100000, 0x000000008c000000| Untracked 
| 193|0x000000008c100000, 0x000000008c200000, 0x000000008c200000|100%| O|  |TAMS 0x000000008c200000, 0x000000008c100000| Untracked 
| 194|0x000000008c200000, 0x000000008c300000, 0x000000008c300000|100%| O|  |TAMS 0x000000008c300000, 0x000000008c200000| Untracked 
| 195|0x000000008c300000, 0x000000008c400000, 0x000000008c400000|100%| O|  |TAMS 0x000000008c400000, 0x000000008c300000| Untracked 
| 196|0x000000008c400000, 0x000000008c500000, 0x000000008c500000|100%| O|  |TAMS 0x000000008c500000, 0x000000008c400000| Untracked 
| 197|0x000000008c500000, 0x000000008c600000, 0x000000008c600000|100%| O|  |TAMS 0x000000008c600000, 0x000000008c500000| Untracked 
| 198|0x000000008c600000, 0x000000008c700000, 0x000000008c700000|100%| O|  |TAMS 0x000000008c700000, 0x000000008c600000| Untracked 
| 199|0x000000008c700000, 0x000000008c800000, 0x000000008c800000|100%| O|  |TAMS 0x000000008c7f1600, 0x000000008c700000| Untracked 
| 200|0x000000008c800000, 0x000000008c900000, 0x000000008c900000|100%| O|  |TAMS 0x000000008c800000, 0x000000008c800000| Untracked 
| 201|0x000000008c900000, 0x000000008ca00000, 0x000000008ca00000|100%| O|  |TAMS 0x000000008c900000, 0x000000008c900000| Untracked 
| 202|0x000000008ca00000, 0x000000008cb00000, 0x000000008cb00000|100%| O|  |TAMS 0x000000008ca00000, 0x000000008ca00000| Untracked 
| 203|0x000000008cb00000, 0x000000008cc00000, 0x000000008cc00000|100%| O|  |TAMS 0x000000008cb00000, 0x000000008cb00000| Untracked 
| 204|0x000000008cc00000, 0x000000008cd00000, 0x000000008cd00000|100%| O|  |TAMS 0x000000008cc00000, 0x000000008cc00000| Untracked 
| 205|0x000000008cd00000, 0x000000008ce00000, 0x000000008ce00000|100%| O|  |TAMS 0x000000008cd00000, 0x000000008cd00000| Untracked 
| 206|0x000000008ce00000, 0x000000008cf00000, 0x000000008cf00000|100%| O|  |TAMS 0x000000008ce00000, 0x000000008ce00000| Untracked 
| 207|0x000000008cf00000, 0x000000008d000000, 0x000000008d000000|100%| O|  |TAMS 0x000000008cf00000, 0x000000008cf00000| Untracked 
| 208|0x000000008d000000, 0x000000008d100000, 0x000000008d100000|100%| O|  |TAMS 0x000000008d000000, 0x000000008d000000| Untracked 
| 209|0x000000008d100000, 0x000000008d200000, 0x000000008d200000|100%| O|  |TAMS 0x000000008d100000, 0x000000008d100000| Untracked 
| 210|0x000000008d200000, 0x000000008d300000, 0x000000008d300000|100%| O|  |TAMS 0x000000008d200000, 0x000000008d200000| Untracked 
| 211|0x000000008d300000, 0x000000008d400000, 0x000000008d400000|100%| O|  |TAMS 0x000000008d300000, 0x000000008d300000| Untracked 
| 212|0x000000008d400000, 0x000000008d500000, 0x000000008d500000|100%| O|  |TAMS 0x000000008d400000, 0x000000008d400000| Untracked 
| 213|0x000000008d500000, 0x000000008d600000, 0x000000008d600000|100%| O|  |TAMS 0x000000008d500000, 0x000000008d500000| Untracked 
| 214|0x000000008d600000, 0x000000008d700000, 0x000000008d700000|100%| O|  |TAMS 0x000000008d600000, 0x000000008d600000| Untracked 
| 215|0x000000008d700000, 0x000000008d800000, 0x000000008d800000|100%| O|  |TAMS 0x000000008d700000, 0x000000008d700000| Untracked 
| 216|0x000000008d800000, 0x000000008d900000, 0x000000008d900000|100%| O|  |TAMS 0x000000008d800000, 0x000000008d800000| Untracked 
| 217|0x000000008d900000, 0x000000008da00000, 0x000000008da00000|100%| O|  |TAMS 0x000000008d900000, 0x000000008d900000| Untracked 
| 218|0x000000008da00000, 0x000000008db00000, 0x000000008db00000|100%| O|  |TAMS 0x000000008da00000, 0x000000008da00000| Untracked 
| 219|0x000000008db00000, 0x000000008dc00000, 0x000000008dc00000|100%| O|  |TAMS 0x000000008db00000, 0x000000008db00000| Untracked 
| 220|0x000000008dc00000, 0x000000008dd00000, 0x000000008dd00000|100%| O|  |TAMS 0x000000008dc00000, 0x000000008dc00000| Untracked 
| 221|0x000000008dd00000, 0x000000008de00000, 0x000000008de00000|100%| O|  |TAMS 0x000000008dd00000, 0x000000008dd00000| Untracked 
| 222|0x000000008de00000, 0x000000008df00000, 0x000000008df00000|100%| O|  |TAMS 0x000000008de00000, 0x000000008de00000| Untracked 
| 223|0x000000008df00000, 0x000000008e000000, 0x000000008e000000|100%| O|  |TAMS 0x000000008df00000, 0x000000008df00000| Untracked 
| 224|0x000000008e000000, 0x000000008e100000, 0x000000008e100000|100%| O|  |TAMS 0x000000008e000000, 0x000000008e000000| Untracked 
| 225|0x000000008e100000, 0x000000008e200000, 0x000000008e200000|100%| O|  |TAMS 0x000000008e100000, 0x000000008e100000| Untracked 
| 226|0x000000008e200000, 0x000000008e200000, 0x000000008e300000|  0%| F|  |TAMS 0x000000008e200000, 0x000000008e200000| Untracked 
| 227|0x000000008e300000, 0x000000008e300000, 0x000000008e400000|  0%| F|  |TAMS 0x000000008e300000, 0x000000008e300000| Untracked 
| 228|0x000000008e400000, 0x000000008e400000, 0x000000008e500000|  0%| F|  |TAMS 0x000000008e400000, 0x000000008e400000| Untracked 
| 229|0x000000008e500000, 0x000000008e500000, 0x000000008e600000|  0%| F|  |TAMS 0x000000008e500000, 0x000000008e500000| Untracked 
| 230|0x000000008e600000, 0x000000008e600000, 0x000000008e700000|  0%| F|  |TAMS 0x000000008e600000, 0x000000008e600000| Untracked 
| 231|0x000000008e700000, 0x000000008e700000, 0x000000008e800000|  0%| F|  |TAMS 0x000000008e700000, 0x000000008e700000| Untracked 
| 232|0x000000008e800000, 0x000000008e800000, 0x000000008e900000|  0%| F|  |TAMS 0x000000008e800000, 0x000000008e800000| Untracked 
| 233|0x000000008e900000, 0x000000008e900000, 0x000000008ea00000|  0%| F|  |TAMS 0x000000008e900000, 0x000000008e900000| Untracked 
| 234|0x000000008ea00000, 0x000000008ea00000, 0x000000008eb00000|  0%| F|  |TAMS 0x000000008ea00000, 0x000000008ea00000| Untracked 
| 235|0x000000008eb00000, 0x000000008eb00000, 0x000000008ec00000|  0%| F|  |TAMS 0x000000008eb00000, 0x000000008eb00000| Untracked 
| 236|0x000000008ec00000, 0x000000008ec00000, 0x000000008ed00000|  0%| F|  |TAMS 0x000000008ec00000, 0x000000008ec00000| Untracked 
| 237|0x000000008ed00000, 0x000000008ed00000, 0x000000008ee00000|  0%| F|  |TAMS 0x000000008ed00000, 0x000000008ed00000| Untracked 
| 238|0x000000008ee00000, 0x000000008ee00000, 0x000000008ef00000|  0%| F|  |TAMS 0x000000008ee00000, 0x000000008ee00000| Untracked 
| 239|0x000000008ef00000, 0x000000008ef00000, 0x000000008f000000|  0%| F|  |TAMS 0x000000008ef00000, 0x000000008ef00000| Untracked 
| 240|0x000000008f000000, 0x000000008f000000, 0x000000008f100000|  0%| F|  |TAMS 0x000000008f000000, 0x000000008f000000| Untracked 
| 241|0x000000008f100000, 0x000000008f100000, 0x000000008f200000|  0%| F|  |TAMS 0x000000008f100000, 0x000000008f100000| Untracked 
| 242|0x000000008f200000, 0x000000008f200000, 0x000000008f300000|  0%| F|  |TAMS 0x000000008f200000, 0x000000008f200000| Untracked 
| 243|0x000000008f300000, 0x000000008f300000, 0x000000008f400000|  0%| F|  |TAMS 0x000000008f300000, 0x000000008f300000| Untracked 
| 244|0x000000008f400000, 0x000000008f400000, 0x000000008f500000|  0%| F|  |TAMS 0x000000008f400000, 0x000000008f400000| Untracked 
| 245|0x000000008f500000, 0x000000008f500000, 0x000000008f600000|  0%| F|  |TAMS 0x000000008f500000, 0x000000008f500000| Untracked 
| 246|0x000000008f600000, 0x000000008f600000, 0x000000008f700000|  0%| F|  |TAMS 0x000000008f600000, 0x000000008f600000| Untracked 
| 247|0x000000008f700000, 0x000000008f700000, 0x000000008f800000|  0%| F|  |TAMS 0x000000008f700000, 0x000000008f700000| Untracked 
| 248|0x000000008f800000, 0x000000008f800000, 0x000000008f900000|  0%| F|  |TAMS 0x000000008f800000, 0x000000008f800000| Untracked 
| 249|0x000000008f900000, 0x000000008f900000, 0x000000008fa00000|  0%| F|  |TAMS 0x000000008f900000, 0x000000008f900000| Untracked 
| 250|0x000000008fa00000, 0x000000008fa00000, 0x000000008fb00000|  0%| F|  |TAMS 0x000000008fa00000, 0x000000008fa00000| Untracked 
| 251|0x000000008fb00000, 0x000000008fb00000, 0x000000008fc00000|  0%| F|  |TAMS 0x000000008fb00000, 0x000000008fb00000| Untracked 
| 252|0x000000008fc00000, 0x000000008fc00000, 0x000000008fd00000|  0%| F|  |TAMS 0x000000008fc00000, 0x000000008fc00000| Untracked 
| 253|0x000000008fd00000, 0x000000008fd00000, 0x000000008fe00000|  0%| F|  |TAMS 0x000000008fd00000, 0x000000008fd00000| Untracked 
| 254|0x000000008fe00000, 0x000000008fe00000, 0x000000008ff00000|  0%| F|  |TAMS 0x000000008fe00000, 0x000000008fe00000| Untracked 
| 255|0x000000008ff00000, 0x000000008ff00000, 0x0000000090000000|  0%| F|  |TAMS 0x000000008ff00000, 0x000000008ff00000| Untracked 
| 256|0x0000000090000000, 0x0000000090000000, 0x0000000090100000|  0%| F|  |TAMS 0x0000000090000000, 0x0000000090000000| Untracked 
| 257|0x0000000090100000, 0x0000000090100000, 0x0000000090200000|  0%| F|  |TAMS 0x0000000090100000, 0x0000000090100000| Untracked 
| 258|0x0000000090200000, 0x0000000090200000, 0x0000000090300000|  0%| F|  |TAMS 0x0000000090200000, 0x0000000090200000| Untracked 
| 259|0x0000000090300000, 0x0000000090300000, 0x0000000090400000|  0%| F|  |TAMS 0x0000000090300000, 0x0000000090300000| Untracked 
| 260|0x0000000090400000, 0x0000000090400000, 0x0000000090500000|  0%| F|  |TAMS 0x0000000090400000, 0x0000000090400000| Untracked 
| 261|0x0000000090500000, 0x0000000090500000, 0x0000000090600000|  0%| F|  |TAMS 0x0000000090500000, 0x0000000090500000| Untracked 
| 262|0x0000000090600000, 0x0000000090600000, 0x0000000090700000|  0%| F|  |TAMS 0x0000000090600000, 0x0000000090600000| Untracked 
| 263|0x0000000090700000, 0x0000000090700000, 0x0000000090800000|  0%| F|  |TAMS 0x0000000090700000, 0x0000000090700000| Untracked 
| 264|0x0000000090800000, 0x0000000090800000, 0x0000000090900000|  0%| F|  |TAMS 0x0000000090800000, 0x0000000090800000| Untracked 
| 265|0x0000000090900000, 0x0000000090900000, 0x0000000090a00000|  0%| F|  |TAMS 0x0000000090900000, 0x0000000090900000| Untracked 
| 266|0x0000000090a00000, 0x0000000090a00000, 0x0000000090b00000|  0%| F|  |TAMS 0x0000000090a00000, 0x0000000090a00000| Untracked 
| 267|0x0000000090b00000, 0x0000000090b00000, 0x0000000090c00000|  0%| F|  |TAMS 0x0000000090b00000, 0x0000000090b00000| Untracked 
| 268|0x0000000090c00000, 0x0000000090c00000, 0x0000000090d00000|  0%| F|  |TAMS 0x0000000090c00000, 0x0000000090c00000| Untracked 
| 269|0x0000000090d00000, 0x0000000090d00000, 0x0000000090e00000|  0%| F|  |TAMS 0x0000000090d00000, 0x0000000090d00000| Untracked 
| 270|0x0000000090e00000, 0x0000000090e00000, 0x0000000090f00000|  0%| F|  |TAMS 0x0000000090e00000, 0x0000000090e00000| Untracked 
| 271|0x0000000090f00000, 0x0000000090f00000, 0x0000000091000000|  0%| F|  |TAMS 0x0000000090f00000, 0x0000000090f00000| Untracked 
| 272|0x0000000091000000, 0x0000000091000000, 0x0000000091100000|  0%| F|  |TAMS 0x0000000091000000, 0x0000000091000000| Untracked 
| 273|0x0000000091100000, 0x0000000091100000, 0x0000000091200000|  0%| F|  |TAMS 0x0000000091100000, 0x0000000091100000| Untracked 
| 274|0x0000000091200000, 0x0000000091200000, 0x0000000091300000|  0%| F|  |TAMS 0x0000000091200000, 0x0000000091200000| Untracked 
| 275|0x0000000091300000, 0x0000000091300000, 0x0000000091400000|  0%| F|  |TAMS 0x0000000091300000, 0x0000000091300000| Untracked 
| 276|0x0000000091400000, 0x0000000091400000, 0x0000000091500000|  0%| F|  |TAMS 0x0000000091400000, 0x0000000091400000| Untracked 
| 277|0x0000000091500000, 0x0000000091600000, 0x0000000091600000|100%| S|CS|TAMS 0x0000000091500000, 0x0000000091500000| Complete 
| 278|0x0000000091600000, 0x0000000091700000, 0x0000000091700000|100%| S|CS|TAMS 0x0000000091600000, 0x0000000091600000| Complete 
| 279|0x0000000091700000, 0x0000000091800000, 0x0000000091800000|100%| S|CS|TAMS 0x0000000091700000, 0x0000000091700000| Complete 
| 280|0x0000000091800000, 0x0000000091900000, 0x0000000091900000|100%| S|CS|TAMS 0x0000000091800000, 0x0000000091800000| Complete 
| 281|0x0000000091900000, 0x0000000091900000, 0x0000000091a00000|  0%| F|  |TAMS 0x0000000091900000, 0x0000000091900000| Untracked 
| 282|0x0000000091a00000, 0x0000000091a00000, 0x0000000091b00000|  0%| F|  |TAMS 0x0000000091a00000, 0x0000000091a00000| Untracked 
| 283|0x0000000091b00000, 0x0000000091b00000, 0x0000000091c00000|  0%| F|  |TAMS 0x0000000091b00000, 0x0000000091b00000| Untracked 
| 284|0x0000000091c00000, 0x0000000091c00000, 0x0000000091d00000|  0%| F|  |TAMS 0x0000000091c00000, 0x0000000091c00000| Untracked 
| 285|0x0000000091d00000, 0x0000000091d00000, 0x0000000091e00000|  0%| F|  |TAMS 0x0000000091d00000, 0x0000000091d00000| Untracked 
| 286|0x0000000091e00000, 0x0000000091e00000, 0x0000000091f00000|  0%| F|  |TAMS 0x0000000091e00000, 0x0000000091e00000| Untracked 
| 287|0x0000000091f00000, 0x0000000091f00000, 0x0000000092000000|  0%| F|  |TAMS 0x0000000091f00000, 0x0000000091f00000| Untracked 
| 288|0x0000000092000000, 0x0000000092000000, 0x0000000092100000|  0%| F|  |TAMS 0x0000000092000000, 0x0000000092000000| Untracked 
| 289|0x0000000092100000, 0x0000000092100000, 0x0000000092200000|  0%| F|  |TAMS 0x0000000092100000, 0x0000000092100000| Untracked 
| 290|0x0000000092200000, 0x0000000092200000, 0x0000000092300000|  0%| F|  |TAMS 0x0000000092200000, 0x0000000092200000| Untracked 
| 291|0x0000000092300000, 0x0000000092300000, 0x0000000092400000|  0%| F|  |TAMS 0x0000000092300000, 0x0000000092300000| Untracked 
| 292|0x0000000092400000, 0x0000000092446a30, 0x0000000092500000| 27%| E|  |TAMS 0x0000000092400000, 0x0000000092400000| Complete 
| 293|0x0000000092500000, 0x0000000092600000, 0x0000000092600000|100%| E|CS|TAMS 0x0000000092500000, 0x0000000092500000| Complete 
| 294|0x0000000092600000, 0x0000000092700000, 0x0000000092700000|100%| E|CS|TAMS 0x0000000092600000, 0x0000000092600000| Complete 
| 295|0x0000000092700000, 0x0000000092800000, 0x0000000092800000|100%| E|CS|TAMS 0x0000000092700000, 0x0000000092700000| Complete 
| 296|0x0000000092800000, 0x0000000092900000, 0x0000000092900000|100%| E|CS|TAMS 0x0000000092800000, 0x0000000092800000| Complete 
| 297|0x0000000092900000, 0x0000000092a00000, 0x0000000092a00000|100%| E|CS|TAMS 0x0000000092900000, 0x0000000092900000| Complete 
| 298|0x0000000092a00000, 0x0000000092b00000, 0x0000000092b00000|100%| E|CS|TAMS 0x0000000092a00000, 0x0000000092a00000| Complete 
| 299|0x0000000092b00000, 0x0000000092c00000, 0x0000000092c00000|100%| E|CS|TAMS 0x0000000092b00000, 0x0000000092b00000| Complete 
| 300|0x0000000092c00000, 0x0000000092d00000, 0x0000000092d00000|100%| E|CS|TAMS 0x0000000092c00000, 0x0000000092c00000| Complete 
| 301|0x0000000092d00000, 0x0000000092e00000, 0x0000000092e00000|100%| E|CS|TAMS 0x0000000092d00000, 0x0000000092d00000| Complete 
| 302|0x0000000092e00000, 0x0000000092f00000, 0x0000000092f00000|100%| E|CS|TAMS 0x0000000092e00000, 0x0000000092e00000| Complete 
| 303|0x0000000092f00000, 0x0000000093000000, 0x0000000093000000|100%| E|CS|TAMS 0x0000000092f00000, 0x0000000092f00000| Complete 
| 304|0x0000000093000000, 0x0000000093100000, 0x0000000093100000|100%| E|CS|TAMS 0x0000000093000000, 0x0000000093000000| Complete 

Card table byte_map: [0x000001acdae60000,0x000001acdb260000] _byte_map_base: 0x000001acdaa60000

Marking Bits (Prev, Next): (CMBitMap*) 0x000001acc7f9d350, (CMBitMap*) 0x000001acc7f9d318
 Prev Bits: [0x000001acdd660000, 0x000001acdf660000)
 Next Bits: [0x000001acdb660000, 0x000001acdd660000)

Polling page: 0x000001acc7730000

Metaspace:

Usage:
  Non-class:     72.40 MB capacity,    71.00 MB ( 98%) used,     1.18 MB (  2%) free+waste,   223.75 KB ( <1%) overhead. 
      Class:     11.42 MB capacity,    10.58 MB ( 93%) used,   753.79 KB (  6%) free+waste,   103.31 KB ( <1%) overhead. 
       Both:     83.82 MB capacity,    81.58 MB ( 97%) used,     1.92 MB (  2%) free+waste,   327.06 KB ( <1%) overhead. 

Virtual space:
  Non-class space:       74.00 MB reserved,      72.58 MB ( 98%) committed 
      Class space:        1.00 GB reserved,      11.50 MB (  1%) committed 
             Both:        1.07 GB reserved,      84.08 MB (  8%) committed 

Chunk freelists:
   Non-Class:  55.00 KB
       Class:  20.00 KB
        Both:  75.00 KB

MaxMetaspaceSize: 17179869184.00 GB
CompressedClassSpaceSize: 1.00 GB
Initial GC threshold: 20.80 MB
Current GC threshold: 139.71 MB
CDS: off

CodeHeap 'non-profiled nmethods': size=120064Kb used=7866Kb max_used=7866Kb free=112197Kb
 bounds [0x000001acd3520000, 0x000001acd3cd0000, 0x000001acdaa60000]
CodeHeap 'profiled nmethods': size=120000Kb used=27052Kb max_used=27052Kb free=92948Kb
 bounds [0x000001accbff0000, 0x000001accda60000, 0x000001acd3520000]
CodeHeap 'non-nmethods': size=5696Kb used=2358Kb max_used=2404Kb free=3337Kb
 bounds [0x000001accba60000, 0x000001accbcd0000, 0x000001accbff0000]
 total_blobs=12606 nmethods=11741 adapters=776
 compilation: enabled
              stopped_count=0, restarted_count=0
 full_count=0

Compilation events (20 events):
Event: 17.341 Thread 0x000001ace242f000 nmethod 11783 0x000001accda25290 code [0x000001accda254c0, 0x000001accda25d78]
Event: 17.341 Thread 0x000001ace242f000 11784       2       com.android.tools.r8.v.a.a.a.f.K::<init> (18 bytes)
Event: 17.342 Thread 0x000001ace242f000 nmethod 11784 0x000001accda26090 code [0x000001accda26240, 0x000001accda26458]
Event: 17.342 Thread 0x000001ace242f000 11785       2       com.android.tools.r8.ir.conversion.y::a (27 bytes)
Event: 17.342 Thread 0x000001ace242f000 nmethod 11785 0x000001accda26510 code [0x000001accda266c0, 0x000001accda26808]
Event: 17.342 Thread 0x000001ace242f000 11786       2       com.android.tools.r8.v.a.a.a.f.e0::isEmpty (13 bytes)
Event: 17.342 Thread 0x000001ace242f000 nmethod 11786 0x000001accda26910 code [0x000001accda26ac0, 0x000001accda26bd8]
Event: 17.343 Thread 0x000001ace242f000 11787       2       com.android.tools.r8.ir.optimize.l$$Lambda$779/0x0000000100b0f440::<init> (26 bytes)
Event: 17.343 Thread 0x000001ace242f000 nmethod 11787 0x000001accda26c90 code [0x000001accda26e40, 0x000001accda270b8]
Event: 17.343 Thread 0x000001ace242f000 11788       2       com.android.tools.r8.u.b.S0::hashCode (46 bytes)
Event: 17.344 Thread 0x000001ace242f000 nmethod 11788 0x000001accda27190 code [0x000001accda27360, 0x000001accda27568]
Event: 17.344 Thread 0x000001ace242f000 11789       2       com.android.tools.r8.ir.analysis.type.u::c (16 bytes)
Event: 17.344 Thread 0x000001ace242f000 nmethod 11789 0x000001accda27710 code [0x000001accda278e0, 0x000001accda27a18]
Event: 17.344 Thread 0x000001ace242f000 11790       2       com.android.tools.r8.s.a.a.b.i2::a (55 bytes)
Event: 17.345 Thread 0x000001ace242f000 nmethod 11790 0x000001accda27b10 code [0x000001accda27d00, 0x000001accda27fa8]
Event: 17.345 Thread 0x000001ace242f000 11791   !   2       com.android.tools.r8.ir.optimize.n::a (507 bytes)
Event: 17.348 Thread 0x000001ace242f000 nmethod 11791 0x000001accda28190 code [0x000001accda28580, 0x000001accda29628]
Event: 17.348 Thread 0x000001ace242f000 11792       1       com.android.tools.r8.u.b.B::P0 (2 bytes)
Event: 17.348 Thread 0x000001ace242f000 nmethod 11792 0x000001acd3ccca10 code [0x000001acd3cccbc0, 0x000001acd3cccc78]
Event: 17.349 Thread 0x000001ace242f000 11793       2       com.android.tools.r8.ir.optimize.l::l (199 bytes)

GC Heap History (20 events):
Event: 14.892 GC heap before
{Heap before GC invocations=17 (full 0):
 garbage-first heap   total 260096K, used 151035K [0x0000000080000000, 0x0000000100000000)
  region size 1024K, 36 young (36864K), 15 survivors (15360K)
 Metaspace       used 77315K, capacity 79455K, committed 79568K, reserved 1118208K
  class space    used 10013K, capacity 10783K, committed 10880K, reserved 1048576K
}
Event: 14.899 GC heap after
{Heap after GC invocations=18 (full 0):
 garbage-first heap   total 260096K, used 135630K [0x0000000080000000, 0x0000000100000000)
  region size 1024K, 9 young (9216K), 9 survivors (9216K)
 Metaspace       used 77315K, capacity 79455K, committed 79568K, reserved 1118208K
  class space    used 10013K, capacity 10783K, committed 10880K, reserved 1048576K
}
Event: 15.284 GC heap before
{Heap before GC invocations=19 (full 0):
 garbage-first heap   total 260096K, used 207310K [0x0000000080000000, 0x0000000100000000)
  region size 1024K, 75 young (76800K), 9 survivors (9216K)
 Metaspace       used 78356K, capacity 80557K, committed 80720K, reserved 1120256K
  class space    used 10153K, capacity 10932K, committed 11008K, reserved 1048576K
}
Event: 15.301 GC heap after
{Heap after GC invocations=20 (full 0):
 garbage-first heap   total 260096K, used 157624K [0x0000000080000000, 0x0000000100000000)
  region size 1024K, 10 young (10240K), 10 survivors (10240K)
 Metaspace       used 78356K, capacity 80557K, committed 80720K, reserved 1120256K
  class space    used 10153K, capacity 10932K, committed 11008K, reserved 1048576K
}
Event: 15.454 GC heap before
{Heap before GC invocations=20 (full 0):
 garbage-first heap   total 260096K, used 180152K [0x0000000080000000, 0x0000000100000000)
  region size 1024K, 34 young (34816K), 10 survivors (10240K)
 Metaspace       used 79160K, capacity 81373K, committed 81616K, reserved 1120256K
  class space    used 10265K, capacity 11046K, committed 11136K, reserved 1048576K
}
Event: 15.474 GC heap after
{Heap after GC invocations=21 (full 0):
 garbage-first heap   total 260096K, used 166400K [0x0000000080000000, 0x0000000100000000)
  region size 1024K, 7 young (7168K), 7 survivors (7168K)
 Metaspace       used 79160K, capacity 81373K, committed 81616K, reserved 1120256K
  class space    used 10265K, capacity 11046K, committed 11136K, reserved 1048576K
}
Event: 15.795 GC heap before
{Heap before GC invocations=22 (full 0):
 garbage-first heap   total 260096K, used 202240K [0x0000000080000000, 0x0000000100000000)
  region size 1024K, 41 young (41984K), 7 survivors (7168K)
 Metaspace       used 79850K, capacity 82029K, committed 82256K, reserved 1120256K
  class space    used 10392K, capacity 11184K, committed 11264K, reserved 1048576K
}
Event: 15.819 GC heap after
{Heap after GC invocations=23 (full 0):
 garbage-first heap   total 260096K, used 182272K [0x0000000080000000, 0x0000000100000000)
  region size 1024K, 6 young (6144K), 6 survivors (6144K)
 Metaspace       used 79850K, capacity 82029K, committed 82256K, reserved 1120256K
  class space    used 10392K, capacity 11184K, committed 11264K, reserved 1048576K
}
Event: 16.169 GC heap before
{Heap before GC invocations=23 (full 0):
 garbage-first heap   total 260096K, used 209920K [0x0000000080000000, 0x0000000100000000)
  region size 1024K, 33 young (33792K), 6 survivors (6144K)
 Metaspace       used 82364K, capacity 84624K, committed 84688K, reserved 1122304K
  class space    used 10792K, capacity 11644K, committed 11648K, reserved 1048576K
}
Event: 16.186 GC heap after
{Heap after GC invocations=24 (full 0):
 garbage-first heap   total 260096K, used 188040K [0x0000000080000000, 0x0000000100000000)
  region size 1024K, 5 young (5120K), 5 survivors (5120K)
 Metaspace       used 82364K, capacity 84624K, committed 84688K, reserved 1122304K
  class space    used 10792K, capacity 11644K, committed 11648K, reserved 1048576K
}
Event: 16.556 GC heap before
{Heap before GC invocations=25 (full 0):
 garbage-first heap   total 260096K, used 213640K [0x0000000080000000, 0x0000000100000000)
  region size 1024K, 30 young (30720K), 5 survivors (5120K)
 Metaspace       used 82694K, capacity 85029K, committed 85328K, reserved 1122304K
  class space    used 10794K, capacity 11645K, committed 11776K, reserved 1048576K
}
Event: 16.571 GC heap after
{Heap after GC invocations=26 (full 0):
 garbage-first heap   total 260096K, used 198016K [0x0000000080000000, 0x0000000100000000)
  region size 1024K, 4 young (4096K), 4 survivors (4096K)
 Metaspace       used 82694K, capacity 85029K, committed 85328K, reserved 1122304K
  class space    used 10794K, capacity 11645K, committed 11776K, reserved 1048576K
}
Event: 16.731 GC heap before
{Heap before GC invocations=26 (full 0):
 garbage-first heap   total 260096K, used 215424K [0x0000000080000000, 0x0000000100000000)
  region size 1024K, 22 young (22528K), 4 survivors (4096K)
 Metaspace       used 82997K, capacity 85328K, committed 85584K, reserved 1124352K
  class space    used 10813K, capacity 11657K, committed 11776K, reserved 1048576K
}
Event: 16.743 GC heap after
{Heap after GC invocations=27 (full 0):
 garbage-first heap   total 260096K, used 207813K [0x0000000080000000, 0x0000000100000000)
  region size 1024K, 3 young (3072K), 3 survivors (3072K)
 Metaspace       used 82997K, capacity 85328K, committed 85584K, reserved 1124352K
  class space    used 10813K, capacity 11657K, committed 11776K, reserved 1048576K
}
Event: 16.891 GC heap before
{Heap before GC invocations=27 (full 0):
 garbage-first heap   total 260096K, used 219077K [0x0000000080000000, 0x0000000100000000)
  region size 1024K, 15 young (15360K), 3 survivors (3072K)
 Metaspace       used 83162K, capacity 85506K, committed 85840K, reserved 1124352K
  class space    used 10830K, capacity 11695K, committed 11776K, reserved 1048576K
}
Event: 16.902 GC heap after
{Heap after GC invocations=28 (full 0):
 garbage-first heap   total 260096K, used 214016K [0x0000000080000000, 0x0000000100000000)
  region size 1024K, 2 young (2048K), 2 survivors (2048K)
 Metaspace       used 83162K, capacity 85506K, committed 85840K, reserved 1124352K
  class space    used 10830K, capacity 11695K, committed 11776K, reserved 1048576K
}
Event: 16.989 GC heap before
{Heap before GC invocations=28 (full 0):
 garbage-first heap   total 260096K, used 224256K [0x0000000080000000, 0x0000000100000000)
  region size 1024K, 12 young (12288K), 2 survivors (2048K)
 Metaspace       used 83184K, capacity 85506K, committed 85840K, reserved 1124352K
  class space    used 10831K, capacity 11695K, committed 11776K, reserved 1048576K
}
Event: 16.995 GC heap after
{Heap after GC invocations=29 (full 0):
 garbage-first heap   total 260096K, used 220160K [0x0000000080000000, 0x0000000100000000)
  region size 1024K, 2 young (2048K), 2 survivors (2048K)
 Metaspace       used 83184K, capacity 85506K, committed 85840K, reserved 1124352K
  class space    used 10831K, capacity 11695K, committed 11776K, reserved 1048576K
}
Event: 17.144 GC heap before
{Heap before GC invocations=29 (full 0):
 garbage-first heap   total 260096K, used 230400K [0x0000000080000000, 0x0000000100000000)
  region size 1024K, 12 young (12288K), 2 survivors (2048K)
 Metaspace       used 83355K, capacity 85685K, committed 85840K, reserved 1124352K
  class space    used 10829K, capacity 11688K, committed 11776K, reserved 1048576K
}
Event: 17.154 GC heap after
{Heap after GC invocations=30 (full 0):
 garbage-first heap   total 312320K, used 225876K [0x0000000080000000, 0x0000000100000000)
  region size 1024K, 2 young (2048K), 2 survivors (2048K)
 Metaspace       used 83355K, capacity 85685K, committed 85840K, reserved 1124352K
  class space    used 10829K, capacity 11688K, committed 11776K, reserved 1048576K
}

Deoptimization events (20 events):
Event: 17.239 Thread 0x000001ace84b8000 DEOPT PACKING pc=0x000001accd82cdd4 sp=0x00000053c4bfe920
Event: 17.239 Thread 0x000001ace84b8000 DEOPT UNPACKING pc=0x000001accbaaa95e sp=0x00000053c4bfdf18 mode 0
Event: 17.241 Thread 0x000001ace84b8000 DEOPT PACKING pc=0x000001accd82cdd4 sp=0x00000053c4bfe920
Event: 17.241 Thread 0x000001ace84b8000 DEOPT UNPACKING pc=0x000001accbaaa95e sp=0x00000053c4bfdf18 mode 0
Event: 17.312 Thread 0x000001ace84b9000 Uncommon trap: trap_request=0xffffff4d fr.pc=0x000001acd3cc7860 relative=0x0000000000000e60
Event: 17.312 Thread 0x000001ace84b9000 Uncommon trap: reason=unstable_if action=reinterpret pc=0x000001acd3cc7860 method=com.android.tools.r8.v.a.a.a.f.X.a(ILjava/lang/Object;)Ljava/lang/Object; @ 8 c2
Event: 17.312 Thread 0x000001ace84b9000 DEOPT PACKING pc=0x000001acd3cc7860 sp=0x00000053c48fc8e0
Event: 17.312 Thread 0x000001ace84b9000 DEOPT UNPACKING pc=0x000001accbaaa1af sp=0x00000053c48fc8e8 mode 2
Event: 17.334 Thread 0x000001ace84b7800 DEOPT PACKING pc=0x000001accd82cdd4 sp=0x00000053c4dfe730
Event: 17.334 Thread 0x000001ace84b7800 DEOPT UNPACKING pc=0x000001accbaaa95e sp=0x00000053c4dfdd28 mode 0
Event: 17.336 Thread 0x000001ace84b7800 DEOPT PACKING pc=0x000001accd82cdd4 sp=0x00000053c4dfe730
Event: 17.336 Thread 0x000001ace84b7800 DEOPT UNPACKING pc=0x000001accbaaa95e sp=0x00000053c4dfdd28 mode 0
Event: 17.340 Thread 0x000001ace84b7800 DEOPT PACKING pc=0x000001accd82cdd4 sp=0x00000053c4dfe730
Event: 17.340 Thread 0x000001ace84b7800 DEOPT UNPACKING pc=0x000001accbaaa95e sp=0x00000053c4dfdd28 mode 0
Event: 17.343 Thread 0x000001ace84b7800 DEOPT PACKING pc=0x000001accd82cdd4 sp=0x00000053c4dfe740
Event: 17.343 Thread 0x000001ace84b7800 DEOPT UNPACKING pc=0x000001accbaaa95e sp=0x00000053c4dfdd38 mode 0
Event: 17.345 Thread 0x000001ace84b7800 DEOPT PACKING pc=0x000001accd82cdd4 sp=0x00000053c4dfe740
Event: 17.345 Thread 0x000001ace84b7800 DEOPT UNPACKING pc=0x000001accbaaa95e sp=0x00000053c4dfdd38 mode 0
Event: 17.348 Thread 0x000001ace84b7800 DEOPT PACKING pc=0x000001accd82cdd4 sp=0x00000053c4dfe730
Event: 17.348 Thread 0x000001ace84b7800 DEOPT UNPACKING pc=0x000001accbaaa95e sp=0x00000053c4dfdd28 mode 0

Classes redefined (0 events):
No events

Internal exceptions (20 events):
Event: 14.729 Thread 0x000001ace84b9000 Exception <a 'sun/nio/fs/WindowsException'{0x0000000089a6cfa8}> (0x0000000089a6cfa8) thrown at [./src/hotspot/share/prims/jni.cpp, line 615]
Event: 14.803 Thread 0x000001ace50c3800 Exception <a 'sun/nio/fs/WindowsException'{0x000000008fdcc550}> (0x000000008fdcc550) thrown at [./src/hotspot/share/prims/jni.cpp, line 615]
Event: 14.817 Thread 0x000001ace84b9000 Exception <a 'java/lang/NoSuchMethodError'{0x000000008fa82770}: 'java.lang.Object java.lang.invoke.DirectMethodHandle$Holder.invokeStatic(java.lang.Object, java.lang.Object, java.lang.Object, java.lang.Object, java.lang.Object, java.lang.Object, java.lang.Object, java.lang.Object, java.lang.Object, java.lang.Object, java.lang.Object, java.lang.Object, java.lang.Object, java.lang.Object, java.lang.Object, java.lang.Object, java.lang.Object, int, java.lang.Object)'> (0x000000008fa82770) thrown at [./src/hots
Event: 14.817 Thread 0x000001ace84b9000 Exception <a 'java/lang/NoSuchMethodError'{0x000000008faa1660}: 'java.lang.Object java.lang.invoke.DirectMethodHandle$Holder.invokeStaticInit(java.lang.Object, java.lang.Object, java.lang.Object, java.lang.Object, java.lang.Object, java.lang.Object, java.lang.Object, java.lang.Object, java.lang.Object, java.lang.Object, java.lang.Object, java.lang.Object, java.lang.Object, java.lang.Object, java.lang.Object, java.lang.Object, java.lang.Object, int, java.lang.Object)'> (0x000000008faa1660) thrown at [./src/
Event: 14.878 Thread 0x000001ace84b9000 Exception <a 'java/lang/NoSuchMethodError'{0x000000008f7f5168}: 'java.lang.Object java.lang.invoke.DirectMethodHandle$Holder.invokeStatic(java.lang.Object, long)'> (0x000000008f7f5168) thrown at [./src/hotspot/share/interpreter/linkResolver.cpp, line 773]
Event: 15.114 Thread 0x000001ace84b6800 Exception <a 'sun/nio/fs/WindowsException'{0x000000008d4ae400}> (0x000000008d4ae400) thrown at [./src/hotspot/share/prims/jni.cpp, line 615]
Event: 15.429 Thread 0x000001ace84b6800 Exception <a 'java/lang/NoSuchMethodError'{0x000000008f522d60}: 'void java.lang.invoke.DirectMethodHandle$Holder.invokeStaticInit(java.lang.Object, java.lang.Object, java.lang.Object, java.lang.Object)'> (0x000000008f522d60) thrown at [./src/hotspot/share/interpreter/linkResolver.cpp, line 773]
Event: 15.429 Thread 0x000001ace84b9000 Exception <a 'java/lang/NoSuchMethodError'{0x000000008f4094e0}: 'void java.lang.invoke.DirectMethodHandle$Holder.invokeStaticInit(java.lang.Object, java.lang.Object, java.lang.Object, java.lang.Object)'> (0x000000008f4094e0) thrown at [./src/hotspot/share/interpreter/linkResolver.cpp, line 773]
Event: 15.452 Thread 0x000001ace84b9000 Exception <a 'java/lang/NoSuchMethodError'{0x000000008e73d7c8}: 'java.lang.Object java.lang.invoke.DirectMethodHandle$Holder.invokeStatic(java.lang.Object, int, java.lang.Object, java.lang.Object)'> (0x000000008e73d7c8) thrown at [./src/hotspot/share/interpreter/linkResolver.cpp, line 773]
Event: 15.520 Thread 0x000001ace84b9000 Exception <a 'java/lang/NoSuchMethodError'{0x000000008f8c3e78}: 'long java.lang.invoke.DirectMethodHandle$Holder.invokeStatic(java.lang.Object, java.lang.Object)'> (0x000000008f8c3e78) thrown at [./src/hotspot/share/interpreter/linkResolver.cpp, line 773]
Event: 15.521 Thread 0x000001ace84b9000 Exception <a 'java/lang/NoSuchMethodError'{0x000000008f8d33f0}: 'void java.lang.invoke.DirectMethodHandle$Holder.invokeSpecial(java.lang.Object, java.lang.Object, int, java.lang.Object)'> (0x000000008f8d33f0) thrown at [./src/hotspot/share/interpreter/linkResolver.cpp, line 773]
Event: 15.546 Thread 0x000001ace84b6800 Exception <a 'java/lang/NoSuchMethodError'{0x000000008f8ed060}: 'void java.lang.invoke.DirectMethodHandle$Holder.invokeSpecial(java.lang.Object, java.lang.Object, int, java.lang.Object)'> (0x000000008f8ed060) thrown at [./src/hotspot/share/interpreter/linkResolver.cpp, line 773]
Event: 15.754 Thread 0x000001ace84b6800 Exception <a 'java/lang/NoSuchMethodError'{0x000000008db97238}: 'java.lang.Object java.lang.invoke.DirectMethodHandle$Holder.invokeVirtual(java.lang.Object, java.lang.Object, int, java.lang.Object)'> (0x000000008db97238) thrown at [./src/hotspot/share/interpreter/linkResolver.cpp, line 773]
Event: 15.755 Thread 0x000001ace84b9000 Exception <a 'java/lang/NoSuchMethodError'{0x000000008f719898}: 'java.lang.Object java.lang.invoke.DirectMethodHandle$Holder.invokeVirtual(java.lang.Object, java.lang.Object, int, java.lang.Object)'> (0x000000008f719898) thrown at [./src/hotspot/share/interpreter/linkResolver.cpp, line 773]
Event: 15.850 Thread 0x000001ace84ba800 Exception <a 'java/lang/NoSuchMethodError'{0x000000008fad55e8}: 'void java.lang.invoke.DirectMethodHandle$Holder.invokeVirtual(java.lang.Object, java.lang.Object, int, java.lang.Object)'> (0x000000008fad55e8) thrown at [./src/hotspot/share/interpreter/linkResolver.cpp, line 773]
Event: 15.901 Thread 0x000001ace84b6800 Exception <a 'java/lang/NoSuchMethodError'{0x000000008f752968}: 'int java.lang.invoke.DirectMethodHandle$Holder.invokeSpecial(java.lang.Object, java.lang.Object, java.lang.Object, int, java.lang.Object)'> (0x000000008f752968) thrown at [./src/hotspot/share/interpreter/linkResolver.cpp, line 773]
Event: 15.949 Thread 0x000001ace84b9000 Exception <a 'java/lang/NoSuchMethodError'{0x000000008f6317b0}: 'java.lang.Object java.lang.invoke.DirectMethodHandle$Holder.newInvokeSpecial(java.lang.Object, int)'> (0x000000008f6317b0) thrown at [./src/hotspot/share/interpreter/linkResolver.cpp, line 773]
Event: 15.953 Thread 0x000001ace84b6800 Exception <a 'java/lang/NoSuchMethodError'{0x000000008f757df0}: 'java.lang.Object java.lang.invoke.DirectMethodHandle$Holder.newInvokeSpecial(java.lang.Object, int)'> (0x000000008f757df0) thrown at [./src/hotspot/share/interpreter/linkResolver.cpp, line 773]
Event: 16.065 Thread 0x000001ace84b8000 Implicit null exception at 0x000001acd36ac12f to 0x000001acd36ac220
Event: 17.292 Thread 0x000001ace84b9000 Exception <a 'java/lang/NoSuchMethodError'{0x000000009208cc58}: 'java.lang.Object java.lang.invoke.DirectMethodHandle$Holder.invokeInterface(java.lang.Object, java.lang.Object, int)'> (0x000000009208cc58) thrown at [./src/hotspot/share/interpreter/linkResolver.cpp, line 773]

Events (20 events):
Event: 17.144 Executing VM operation: G1CollectForAllocation
Event: 17.154 Executing VM operation: G1CollectForAllocation done
Event: 17.242 Executing VM operation: CGC_Operation
Event: 17.248 Executing VM operation: CGC_Operation done
Event: 17.292 loading class com/android/tools/r8/u/b/n
Event: 17.292 loading class com/android/tools/r8/u/b/n done
Event: 17.293 loading class com/android/tools/r8/utils/v0
Event: 17.293 loading class com/android/tools/r8/utils/v0 done
Event: 17.295 Executing VM operation: ICBufferFull
Event: 17.295 Executing VM operation: ICBufferFull done
Event: 17.314 loading class com/android/tools/r8/ir/conversion/J
Event: 17.314 loading class com/android/tools/r8/ir/conversion/J done
Event: 17.314 loading class com/android/tools/r8/ir/conversion/J
Event: 17.314 loading class com/android/tools/r8/ir/conversion/J done
Event: 17.314 loading class com/android/tools/r8/ir/conversion/J
Event: 17.314 loading class com/android/tools/r8/ir/conversion/J done
Event: 17.315 loading class com/android/tools/r8/s/a/a/b/S0
Event: 17.315 loading class com/android/tools/r8/s/a/a/b/S0 done
Event: 17.315 loading class com/android/tools/r8/s/a/a/b/R0
Event: 17.315 loading class com/android/tools/r8/s/a/a/b/R0 done


Dynamic libraries:
0x00007ff618a90000 - 0x00007ff618a9a000 	C:\Program Files\Android\Android Studio1\jre\bin\java.exe
0x00007ffbc1750000 - 0x00007ffbc1948000 	C:\WINDOWS\SYSTEM32\ntdll.dll
0x00007ffbbfad0000 - 0x00007ffbbfb8d000 	C:\WINDOWS\System32\KERNEL32.DLL
0x00007ffbbf440000 - 0x00007ffbbf70e000 	C:\WINDOWS\System32\KERNELBASE.dll
0x0000000075b80000 - 0x0000000075c2f000 	C:\ProgramData\Symantec\Symantec Endpoint Protection\14.3.5413.3000.105\Data\Sysfer\x64\sysfer.dll
0x00007ffbbf2b0000 - 0x00007ffbbf3b0000 	C:\WINDOWS\System32\ucrtbase.dll
0x00007ffba6500000 - 0x00007ffba6517000 	C:\Program Files\Android\Android Studio1\jre\bin\VCRUNTIME140.dll
0x00007ffba2ff0000 - 0x00007ffba3009000 	C:\Program Files\Android\Android Studio1\jre\bin\jli.dll
0x00007ffbbf7b0000 - 0x00007ffbbf950000 	C:\WINDOWS\System32\USER32.dll
0x00007ffbab460000 - 0x00007ffbab6fa000 	C:\WINDOWS\WinSxS\amd64_microsoft.windows.common-controls_6595b64144ccf1df_6.0.19041.1110_none_60b5254171f9507e\COMCTL32.dll
0x00007ffbbefd0000 - 0x00007ffbbeff2000 	C:\WINDOWS\System32\win32u.dll
0x00007ffbc0810000 - 0x00007ffbc08ae000 	C:\WINDOWS\System32\msvcrt.dll
0x00007ffbbfbc0000 - 0x00007ffbbfbea000 	C:\WINDOWS\System32\GDI32.dll
0x00007ffbbf1a0000 - 0x00007ffbbf2ab000 	C:\WINDOWS\System32\gdi32full.dll
0x00007ffbbf710000 - 0x00007ffbbf7ad000 	C:\WINDOWS\System32\msvcp_win.dll
0x00007ffbbfb90000 - 0x00007ffbbfbc0000 	C:\WINDOWS\System32\IMM32.DLL
0x00007ffb59bb0000 - 0x00007ffb59c4d000 	C:\Program Files\Android\Android Studio1\jre\bin\msvcp140.dll
0x00007ffb5a710000 - 0x00007ffb5b1f5000 	C:\Program Files\Android\Android Studio1\jre\bin\server\jvm.dll
0x00007ffbc09a0000 - 0x00007ffbc0a4e000 	C:\WINDOWS\System32\ADVAPI32.dll
0x00007ffbbfd20000 - 0x00007ffbbfdbc000 	C:\WINDOWS\System32\sechost.dll
0x00007ffbbfdc0000 - 0x00007ffbbfee5000 	C:\WINDOWS\System32\RPCRT4.dll
0x00007ffbbffa0000 - 0x00007ffbbffa8000 	C:\WINDOWS\System32\PSAPI.DLL
0x00007ffba94a0000 - 0x00007ffba94a9000 	C:\WINDOWS\SYSTEM32\WSOCK32.dll
0x00007ffbc16a0000 - 0x00007ffbc170b000 	C:\WINDOWS\System32\WS2_32.dll
0x00007ffbaa880000 - 0x00007ffbaa8a7000 	C:\WINDOWS\SYSTEM32\WINMM.dll
0x00007ffbafda0000 - 0x00007ffbafdaa000 	C:\WINDOWS\SYSTEM32\VERSION.dll
0x00007ffbbd6d0000 - 0x00007ffbbd6e2000 	C:\WINDOWS\SYSTEM32\kernel.appcore.dll
0x00007ffbba820000 - 0x00007ffbba831000 	C:\Program Files\Android\Android Studio1\jre\bin\verify.dll
0x00007ffba9600000 - 0x00007ffba97e4000 	C:\WINDOWS\SYSTEM32\DBGHELP.DLL
0x00007ffba95d0000 - 0x00007ffba95fc000 	C:\WINDOWS\SYSTEM32\dbgcore.DLL
0x00007ffbbf3b0000 - 0x00007ffbbf432000 	C:\WINDOWS\System32\bcryptPrimitives.dll
0x00007ffbac040000 - 0x00007ffbac069000 	C:\Program Files\Android\Android Studio1\jre\bin\java.dll
0x00007ffbba7a0000 - 0x00007ffbba7ab000 	C:\Program Files\Android\Android Studio1\jre\bin\jimage.dll
0x00007ffbac020000 - 0x00007ffbac038000 	C:\Program Files\Android\Android Studio1\jre\bin\zip.dll
0x00007ffbc00c0000 - 0x00007ffbc0803000 	C:\WINDOWS\System32\SHELL32.dll
0x00007ffbbcdb0000 - 0x00007ffbbd545000 	C:\WINDOWS\SYSTEM32\windows.storage.dll
0x00007ffbc0db0000 - 0x00007ffbc1104000 	C:\WINDOWS\System32\combase.dll
0x00007ffbbe780000 - 0x00007ffbbe7b0000 	C:\WINDOWS\SYSTEM32\Wldp.dll
0x00007ffbc0010000 - 0x00007ffbc00bd000 	C:\WINDOWS\System32\SHCORE.dll
0x00007ffbc1110000 - 0x00007ffbc1165000 	C:\WINDOWS\System32\shlwapi.dll
0x00007ffbbedb0000 - 0x00007ffbbedcf000 	C:\WINDOWS\SYSTEM32\profapi.dll
0x00007ffbac000000 - 0x00007ffbac01a000 	C:\Program Files\Android\Android Studio1\jre\bin\net.dll
0x00007ffbb1090000 - 0x00007ffbb119a000 	C:\WINDOWS\SYSTEM32\WINHTTP.dll
0x00007ffbbe500000 - 0x00007ffbbe56a000 	C:\WINDOWS\system32\mswsock.dll
0x00007ffbabfe0000 - 0x00007ffbabff4000 	C:\Program Files\Android\Android Studio1\jre\bin\nio.dll
0x00007ffb8dd30000 - 0x00007ffb8dd56000 	C:\Users\ADIT-PC\.gradle\native\31\windows-amd64\native-platform.dll
0x00007ffbba790000 - 0x00007ffbba79a000 	C:\Program Files\Android\Android Studio1\jre\bin\management.dll
0x00007ffbb0330000 - 0x00007ffbb033d000 	C:\Program Files\Android\Android Studio1\jre\bin\management_ext.dll
0x00007ffbbe7c0000 - 0x00007ffbbe7d8000 	C:\WINDOWS\SYSTEM32\CRYPTSP.dll
0x00007ffbbdea0000 - 0x00007ffbbded4000 	C:\WINDOWS\system32\rsaenh.dll
0x00007ffbbf050000 - 0x00007ffbbf077000 	C:\WINDOWS\System32\bcrypt.dll
0x00007ffbbed70000 - 0x00007ffbbed9e000 	C:\WINDOWS\SYSTEM32\USERENV.dll
0x00007ffbbe690000 - 0x00007ffbbe69c000 	C:\WINDOWS\SYSTEM32\CRYPTBASE.dll
0x00007ffbbe210000 - 0x00007ffbbe24b000 	C:\WINDOWS\SYSTEM32\IPHLPAPI.DLL
0x00007ffbc1170000 - 0x00007ffbc1178000 	C:\WINDOWS\System32\NSI.dll
0x00007ffbb0c80000 - 0x00007ffbb0c97000 	C:\WINDOWS\SYSTEM32\dhcpcsvc6.DLL
0x00007ffbb0c60000 - 0x00007ffbb0c7d000 	C:\WINDOWS\SYSTEM32\dhcpcsvc.DLL
0x00007ffbbe260000 - 0x00007ffbbe32a000 	C:\WINDOWS\SYSTEM32\DNSAPI.dll

dbghelp: loaded successfully - version: 4.0.5 - missing functions: none
symbol engine: initialized successfully - sym options: 0x614 - pdb path: .;C:\Program Files\Android\Android Studio1\jre\bin;C:\WINDOWS\SYSTEM32;C:\ProgramData\Symantec\Symantec Endpoint Protection\14.3.5413.3000.105\Data\Sysfer\x64;C:\WINDOWS\WinSxS\amd64_microsoft.windows.common-controls_6595b64144ccf1df_6.0.19041.1110_none_60b5254171f9507e;C:\Program Files\Android\Android Studio1\jre\bin\server;C:\Users\ADIT-PC\.gradle\native\31\windows-amd64

VM Arguments:
jvm_args: --add-opens=java.base/java.util=ALL-UNNAMED --add-opens=java.base/java.lang=ALL-UNNAMED --add-opens=java.base/java.lang.invoke=ALL-UNNAMED --add-opens=java.prefs/java.util.prefs=ALL-UNNAMED -Xmx2048m -Dfile.encoding=windows-1252 -Duser.country=ID -Duser.language=en -Duser.variant 
java_command: org.gradle.launcher.daemon.bootstrap.GradleDaemon 6.1.1
java_class_path (initial): C:\Users\ADIT-PC\.gradle\wrapper\dists\gradle-6.1.1-all\cfmwm155h49vnt3hynmlrsdst\gradle-6.1.1\lib\gradle-launcher-6.1.1.jar
Launcher Type: SUN_STANDARD

[Global flags]
     intx CICompilerCount                          = 3                                         {product} {ergonomic}
     uint ConcGCThreads                            = 1                                         {product} {ergonomic}
     uint G1ConcRefinementThreads                  = 4                                         {product} {ergonomic}
   size_t G1HeapRegionSize                         = 1048576                                   {product} {ergonomic}
    uintx GCDrainStackTargetSize                   = 64                                        {product} {ergonomic}
   size_t InitialHeapSize                          = 266338304                                 {product} {ergonomic}
   size_t MarkStackSize                            = 4194304                                   {product} {ergonomic}
   size_t MaxHeapSize                              = 2147483648                                {product} {command line}
   size_t MaxNewSize                               = 1287651328                                {product} {ergonomic}
   size_t MinHeapDeltaBytes                        = 1048576                                   {product} {ergonomic}
    uintx NonNMethodCodeHeapSize                   = 5830732                                {pd product} {ergonomic}
    uintx NonProfiledCodeHeapSize                  = 122913754                              {pd product} {ergonomic}
    uintx ProfiledCodeHeapSize                     = 122913754                              {pd product} {ergonomic}
    uintx ReservedCodeCacheSize                    = 251658240                              {pd product} {ergonomic}
     bool SegmentedCodeCache                       = true                                      {product} {ergonomic}
     bool UseCompressedClassPointers               = true                                 {lp64_product} {ergonomic}
     bool UseCompressedOops                        = true                                 {lp64_product} {ergonomic}
     bool UseG1GC                                  = true                                      {product} {ergonomic}
     bool UseLargePagesIndividualAllocation        = false                                  {pd product} {ergonomic}

Logging:
Log output configuration:
 #0: stdout all=warning uptime,level,tags
 #1: stderr all=off uptime,level,tags

Environment Variables:
JAVA_HOME=C:\Program Files\Java\jdk-15.0.2
CLASSPATH=.;
PATH=C:\Program Files\Common Files\Oracle\Java\javapath;C:\Python311\Scripts\;C:\Python311\;C:\Python310\Scripts\;C:\Python310\;C:\Python27\;C:\Python27\Scripts;C:\Program Files (x86)\Common Files\Oracle\Java\javapath;C:\Program Files\Docker\Docker\Resources\bin;C:\ProgramData\Oracle\Java\javapath;C:\Program Files (x86)\Intel\iCLS Client\;C:\Program Files\Intel\iCLS Client\;C:\WINDOWS\system32;C:\WINDOWS;C:\WINDOWS\System32\Wbem;C:\WINDOWS\System32\WindowsPowerShell\v1.0\;C:\Program Files (x86)\Intel\Intel(R) Management Engine Components\DAL;C:\Program Files\Intel\Intel(R) Management Engine Components\DAL;C:\Program Files (x86)\Intel\Intel(R) Management Engine Components\IPT;C:\Program Files\Intel\Intel(R) Management Engine Components\IPT;C:\Program Files\Java\jre1.8.0_162\bin;C:\Program Files (x86)\GtkSharp\2.12\bin;C:\Program Files\PuTTY\;C:\Program Files\Java\jdk1.8.0_162\bin;C:\PROGRA~2\Groovy\GROOVY~1.15\bin;C:\WINDOWS\System32\OpenSSH\;C:\xampp\php;C:\Program Files (x86)\Microsoft SQL Server\Client SDK\ODBC\130\Tools\Binn\;C:\Program Files (x86)\Microsoft SQL Server\140\Tools\Binn\;C:\Program Files (x86)\Microsoft SQL Server\140\DTS\Binn\;C:\Program Files (x86)\Microsoft SQL Server\140\Tools\Binn\ManagementStudio\;c:\Program Files (x86)\Microsoft SQL Server\110\Tools\Binn\;c:\Program Files\Microsoft SQL Server\110\Tools\Binn\;c:\Program Files\Microsoft SQL Server\110\DTS\Binn\;C:\composer;C:\Flutter\flutter\bin;C:\Bitnami\wampstack-5.6.39-0\php;C:\ProgramData\chocolatey\bin;C:\Program Files (x86)\Yarn\bin\;C:\Program Files\Java\jdk1.8.0_211\bin;C:\Program Files\OpenJDK\openjdk-8u312-b07\bin;C:\Program Files\nodejs\;C:\Program Files\Git\cmd;C:\Users\ADIT-PC\AppData\Local\Microsoft\WindowsApps;C:\Users\ADIT-PC\AppData\Local\Android\Sdk\platform-tools;C:\Users\ADIT-PC\AppData\Roaming\npm;C:\Users\ADIT-PC\AppData\Local\Programs\Microsoft VS Code\bin;C:\Users\ADIT-PC\AppData\Local\Android\Sdk;C:\src\flutter\bin;C:\Users\ADIT-PC\AppData\Local\GitHubDesktop\bin;C:\Users
USERNAME=ADIT-PC
OS=Windows_NT
PROCESSOR_IDENTIFIER=Intel64 Family 6 Model 94 Stepping 3, GenuineIntel



---------------  S Y S T E M  ---------------

OS: Windows 10 , 64 bit Build 19041 (10.0.19041.1889)
OS uptime: 6 days 0:41 hours
Hyper-V role detected

CPU:total 4 (initial active 4) (4 cores per cpu, 1 threads per core) family 6 model 94 stepping 3 microcode 0xf0, cmov, cx8, fxsr, mmx, sse, sse2, sse3, ssse3, sse4.1, sse4.2, popcnt, avx, avx2, aes, clmul, erms, rtm, 3dnowpref, lzcnt, tsc, tscinvbit, bmi1, bmi2, adx, fma

Memory: 4k page, system-wide physical 16247M (2081M free)
TotalPageFile size 25028M (AvailPageFile size 1M)
current process WorkingSet (physical memory assigned to process): 565M, peak: 565M
current process commit charge ("private bytes"): 625M, peak: 625M

vm_info: OpenJDK 64-Bit Server VM (11.0.12+7-b1504.28-7817840) for windows-amd64 JRE (11.0.12+7-b1504.28-7817840), built on Oct 13 2021 22:12:33 by "builder" with MS VC++ 14.0 (VS2015)

END.
