#
# There is insufficient memory for the Java Runtime Environment to continue.
# Native memory allocation (malloc) failed to allocate 2236624 bytes for Chunk::new
# Possible reasons:
#   The system is out of physical RAM or swap space
#   The process is running with CompressedOops enabled, and the Java Heap may be blocking the growth of the native heap
# Possible solutions:
#   Reduce memory load on the system
#   Increase physical memory or swap space
#   Check if swap backing store is full
#   Decrease Java heap size (-Xmx/-Xms)
#   Decrease number of Java threads
#   Decrease Java thread stack sizes (-Xss)
#   Set larger code cache with -XX:ReservedCodeCacheSize=
#   JVM is running with Unscaled Compressed Oops mode in which the Java heap is
#     placed in the first 4GB address space. The Java Heap base address is the
#     maximum limit for the native heap growth. Please use -XX:HeapBaseMinAddress
#     to set the Java Heap base and to place the Java Heap above 4GB virtual address.
# This output file may be truncated or incomplete.
#
#  Out of Memory Error (arena.cpp:189), pid=8888, tid=12048
#
# JRE version: OpenJDK Runtime Environment (17.0.6) (build 17.0.6+0-b2043.56-10027231)
# Java VM: OpenJDK 64-Bit Server VM (17.0.6+0-b2043.56-10027231, mixed mode, tiered, compressed oops, compressed class ptrs, g1 gc, windows-amd64)
# No core dump will be written. Minidumps are not enabled by default on client versions of Windows
#

---------------  S U M M A R Y ------------

Command Line: --add-opens=java.base/java.util=ALL-UNNAMED --add-opens=java.base/java.lang=ALL-UNNAMED --add-opens=java.base/java.lang.invoke=ALL-UNNAMED --add-opens=java.prefs/java.util.prefs=ALL-UNNAMED --add-opens=java.base/java.nio.charset=ALL-UNNAMED --add-opens=java.base/java.net=ALL-UNNAMED --add-opens=java.base/java.util.concurrent.atomic=ALL-UNNAMED -Xmx2048m -Dfile.encoding=windows-1252 -Duser.country=ID -Duser.language=en -Duser.variant -javaagent:C:\Users\ADIT-PC\.gradle\wrapper\dists\gradle-8.2-bin\bbg7u40eoinfdyxsxr3z4i7ta\gradle-8.2\lib\agents\gradle-instrumentation-agent-8.2.jar org.gradle.launcher.daemon.bootstrap.GradleDaemon 8.2

Host: Intel(R) Core(TM) i5-6500 CPU @ 3.20GHz, 4 cores, 15G,  Windows 10 , 64 bit Build 19041 (10.0.19041.3636)
Time: Tue Feb 27 08:38:03 2024 SE Asia Standard Time elapsed time: 18.530757 seconds (0d 0h 0m 18s)

---------------  T H R E A D  ---------------

Current thread (0x0000021313d97c50):  JavaThread "C2 CompilerThread1" daemon [_thread_in_native, id=12048, stack(0x0000002920300000,0x0000002920400000)]


Current CompileTask:
C2:  18530 12552       4       com.sun.tools.javac.parser.JavacParser::term3 (2724 bytes)

Stack: [0x0000002920300000,0x0000002920400000]
Native frames: (J=compiled Java code, j=interpreted, Vv=VM code, C=native code)
V  [jvm.dll+0x683c9a]
V  [jvm.dll+0x8427a4]
V  [jvm.dll+0x843f9e]
V  [jvm.dll+0x844603]
V  [jvm.dll+0x249b75]
V  [jvm.dll+0xabcac]
V  [jvm.dll+0xac27c]
V  [jvm.dll+0x368857]
V  [jvm.dll+0x332f31]
V  [jvm.dll+0x3323da]
V  [jvm.dll+0x21c201]
V  [jvm.dll+0x21b621]
V  [jvm.dll+0x1a4fdd]
V  [jvm.dll+0x22b098]
V  [jvm.dll+0x229159]
V  [jvm.dll+0x7f81ec]
V  [jvm.dll+0x7f274a]
V  [jvm.dll+0x682ad5]
C  [ucrtbase.dll+0x21bb2]
C  [KERNEL32.DLL+0x17344]
C  [ntdll.dll+0x526b1]


---------------  P R O C E S S  ---------------

Threads class SMR info:
_java_thread_list=0x000002131846d580, length=76, elements={
0x0000021373aa02c0, 0x000002137ec4f260, 0x000002137ec503b0, 0x000002137ec7eb50,
0x000002137ec82a30, 0x000002137ec838c0, 0x000002137ec86660, 0x000002137eca4010,
0x000002137eca4ce0, 0x000002137eca79c0, 0x000002137e047880, 0x000002137ef62000,
0x0000021310015990, 0x000002130f2ebcb0, 0x0000021310d95f90, 0x0000021310f57130,
0x000002130fc4ae60, 0x000002130f76acd0, 0x000002130f769990, 0x000002130f769e60,
0x000002130f768ff0, 0x000002130f7677e0, 0x000002130f768b20, 0x000002130f768180,
0x000002130f76a330, 0x000002130f767cb0, 0x000002130f7694c0, 0x000002130f76a800,
0x000002130f768650, 0x000002130f767310, 0x000002131200c370, 0x000002131200b500,
0x000002131200d6b0, 0x000002131200bea0, 0x000002131200fd30, 0x000002131200b030,
0x0000021312009cf0, 0x0000021312009350, 0x000002131200a1c0, 0x000002131200a690,
0x000002131200c840, 0x000002131200db80, 0x000002131200e050, 0x000002131200e9f0,
0x000002131200f390, 0x000002131200f860, 0x0000021315a49700, 0x0000021315a49230,
0x0000021315a45d40, 0x0000021315a44a00, 0x0000021315a466e0, 0x0000021315a46bb0,
0x0000021315a4a570, 0x0000021315a47080, 0x000002137f5ed970, 0x000002137f5ec160,
0x0000021315aa4090, 0x0000021315aa4a30, 0x000002137f5ec630, 0x000002137f5ecb00,
0x000002137f5ecfd0, 0x00000213161b99b0, 0x00000213161b7330, 0x00000213161b81a0,
0x00000213161b5ff0, 0x00000213161b64c0, 0x00000213161b7800, 0x00000213161b8b40,
0x0000021315aa4560, 0x000002131989f4c0, 0x00000213198a0330, 0x000002137f5050b0,
0x000002131989dcb0, 0x00000213198a0800, 0x000002131989f990, 0x0000021313d97c50
}

Java Threads: ( => current thread )
  0x0000021373aa02c0 JavaThread "main" [_thread_blocked, id=26860, stack(0x000000291ad00000,0x000000291ae00000)]
  0x000002137ec4f260 JavaThread "Reference Handler" daemon [_thread_blocked, id=13160, stack(0x000000291b400000,0x000000291b500000)]
  0x000002137ec503b0 JavaThread "Finalizer" daemon [_thread_blocked, id=19040, stack(0x000000291b500000,0x000000291b600000)]
  0x000002137ec7eb50 JavaThread "Signal Dispatcher" daemon [_thread_blocked, id=11804, stack(0x000000291b600000,0x000000291b700000)]
  0x000002137ec82a30 JavaThread "Attach Listener" daemon [_thread_blocked, id=21228, stack(0x000000291b700000,0x000000291b800000)]
  0x000002137ec838c0 JavaThread "Service Thread" daemon [_thread_blocked, id=25264, stack(0x000000291b800000,0x000000291b900000)]
  0x000002137ec86660 JavaThread "Monitor Deflation Thread" daemon [_thread_blocked, id=6056, stack(0x000000291b900000,0x000000291ba00000)]
  0x000002137eca4010 JavaThread "C2 CompilerThread0" daemon [_thread_in_native, id=26828, stack(0x000000291ba00000,0x000000291bb00000)]
  0x000002137eca4ce0 JavaThread "C1 CompilerThread0" daemon [_thread_blocked, id=11972, stack(0x000000291bb00000,0x000000291bc00000)]
  0x000002137eca79c0 JavaThread "Sweeper thread" daemon [_thread_blocked, id=25828, stack(0x000000291bc00000,0x000000291bd00000)]
  0x000002137e047880 JavaThread "Common-Cleaner" daemon [_thread_blocked, id=2736, stack(0x000000291bd00000,0x000000291be00000)]
  0x000002137ef62000 JavaThread "Notification Thread" daemon [_thread_blocked, id=17716, stack(0x000000291be00000,0x000000291bf00000)]
  0x0000021310015990 JavaThread "Daemon health stats" [_thread_blocked, id=24864, stack(0x000000291c400000,0x000000291c500000)]
  0x000002130f2ebcb0 JavaThread "Incoming local TCP Connector on port 7268" [_thread_in_native, id=7952, stack(0x000000291c500000,0x000000291c600000)]
  0x0000021310d95f90 JavaThread "Daemon periodic checks" [_thread_blocked, id=11196, stack(0x000000291c600000,0x000000291c700000)]
  0x0000021310f57130 JavaThread "Daemon" [_thread_blocked, id=25696, stack(0x000000291c700000,0x000000291c800000)]
  0x000002130fc4ae60 JavaThread "Handler for socket connection from /127.0.0.1:7268 to /127.0.0.1:7269" [_thread_in_native, id=13144, stack(0x000000291c800000,0x000000291c900000)]
  0x000002130f76acd0 JavaThread "Cancel handler" [_thread_blocked, id=17420, stack(0x000000291c900000,0x000000291ca00000)]
  0x000002130f769990 JavaThread "Daemon worker" [_thread_blocked, id=26072, stack(0x000000291ca00000,0x000000291cb00000)]
  0x000002130f769e60 JavaThread "Asynchronous log dispatcher for DefaultDaemonConnection: socket connection from /127.0.0.1:7268 to /127.0.0.1:7269" [_thread_blocked, id=11916, stack(0x000000291cb00000,0x000000291cc00000)]
  0x000002130f768ff0 JavaThread "Stdin handler" [_thread_blocked, id=23744, stack(0x000000291cc00000,0x000000291cd00000)]
  0x000002130f7677e0 JavaThread "Daemon client event forwarder" [_thread_blocked, id=23064, stack(0x000000291cd00000,0x000000291ce00000)]
  0x000002130f768b20 JavaThread "Cache worker for journal cache (C:\Users\ADIT-PC\.gradle\caches\journal-1)" [_thread_blocked, id=16904, stack(0x000000291ce00000,0x000000291cf00000)]
  0x000002130f768180 JavaThread "File lock request listener" [_thread_in_native, id=22244, stack(0x000000291cf00000,0x000000291d000000)]
  0x000002130f76a330 JavaThread "Cache worker for file hash cache (C:\Users\ADIT-PC\.gradle\caches\8.2\fileHashes)" [_thread_blocked, id=9532, stack(0x000000291d000000,0x000000291d100000)]
  0x000002130f767cb0 JavaThread "File watcher server" daemon [_thread_in_native, id=18664, stack(0x000000291d100000,0x000000291d200000)]
  0x000002130f7694c0 JavaThread "File watcher consumer" daemon [_thread_blocked, id=2336, stack(0x000000291d200000,0x000000291d300000)]
  0x000002130f76a800 JavaThread "Cache worker for checksums cache (C:\Users\ADIT-PC\AndroidStudioProjects\HRISMobile-New\.gradle\8.2\checksums)" [_thread_blocked, id=816, stack(0x000000291d300000,0x000000291d400000)]
  0x000002130f768650 JavaThread "Cache worker for cache directory md-rule (C:\Users\ADIT-PC\.gradle\caches\8.2\md-rule)" [_thread_blocked, id=21560, stack(0x000000291d400000,0x000000291d500000)]
  0x000002130f767310 JavaThread "Cache worker for file content cache (C:\Users\ADIT-PC\.gradle\caches\8.2\fileContent)" [_thread_blocked, id=15600, stack(0x000000291d500000,0x000000291d600000)]
  0x000002131200c370 JavaThread "Cache worker for file hash cache (C:\Users\ADIT-PC\AndroidStudioProjects\HRISMobile-New\.gradle\8.2\fileHashes)" [_thread_blocked, id=13848, stack(0x000000291d600000,0x000000291d700000)]
  0x000002131200b500 JavaThread "Cache worker for cache directory md-supplier (C:\Users\ADIT-PC\.gradle\caches\8.2\md-supplier)" [_thread_blocked, id=26516, stack(0x000000291d700000,0x000000291d800000)]
  0x000002131200d6b0 JavaThread "Cache worker for execution history cache (C:\Users\ADIT-PC\.gradle\caches\8.2\executionHistory)" [_thread_blocked, id=8480, stack(0x000000291d800000,0x000000291d900000)]
  0x000002131200bea0 JavaThread "jar transforms" [_thread_blocked, id=10608, stack(0x000000291d900000,0x000000291da00000)]
  0x000002131200fd30 JavaThread "jar transforms Thread 2" [_thread_blocked, id=12056, stack(0x000000291da00000,0x000000291db00000)]
  0x000002131200b030 JavaThread "jar transforms Thread 3" [_thread_blocked, id=2592, stack(0x000000291db00000,0x000000291dc00000)]
  0x0000021312009cf0 JavaThread "jar transforms Thread 4" [_thread_blocked, id=13640, stack(0x000000291dc00000,0x000000291dd00000)]
  0x0000021312009350 JavaThread "Cache worker for dependencies-accessors (C:\Users\ADIT-PC\AndroidStudioProjects\HRISMobile-New\.gradle\8.2\dependencies-accessors)" [_thread_blocked, id=2012, stack(0x000000291dd00000,0x000000291de00000)]
  0x000002131200a1c0 JavaThread "Cache worker for Build Output Cleanup Cache (C:\Users\ADIT-PC\AndroidStudioProjects\HRISMobile-New\.gradle\buildOutputCleanup)" [_thread_blocked, id=27152, stack(0x000000291de00000,0x000000291df00000)]
  0x000002131200a690 JavaThread "Unconstrained build operations" [_thread_blocked, id=18544, stack(0x000000291df00000,0x000000291e000000)]
  0x000002131200c840 JavaThread "Unconstrained build operations Thread 2" [_thread_blocked, id=15552, stack(0x000000291e000000,0x000000291e100000)]
  0x000002131200db80 JavaThread "Unconstrained build operations Thread 3" [_thread_blocked, id=19572, stack(0x000000291e100000,0x000000291e200000)]
  0x000002131200e050 JavaThread "build event listener" [_thread_blocked, id=7324, stack(0x000000291e200000,0x000000291e300000)]
  0x000002131200e9f0 JavaThread "Memory manager" [_thread_blocked, id=11920, stack(0x000000291e300000,0x000000291e400000)]
  0x000002131200f390 JavaThread "pool-3-thread-1" [_thread_blocked, id=23152, stack(0x000000291e500000,0x000000291e600000)]
  0x000002131200f860 JavaThread "build event listener" [_thread_blocked, id=17200, stack(0x000000291e600000,0x000000291e700000)]
  0x0000021315a49700 JavaThread "included builds" [_thread_in_Java, id=10824, stack(0x000000291e700000,0x000000291e800000)]
  0x0000021315a49230 JavaThread "Execution worker" [_thread_blocked, id=27336, stack(0x000000291e800000,0x000000291e900000)]
  0x0000021315a45d40 JavaThread "Execution worker Thread 2" [_thread_blocked, id=4016, stack(0x000000291e900000,0x000000291ea00000)]
  0x0000021315a44a00 JavaThread "Execution worker Thread 3" [_thread_blocked, id=21780, stack(0x000000291ea00000,0x000000291eb00000)]
  0x0000021315a466e0 JavaThread "Cache worker for execution history cache (C:\Users\ADIT-PC\AndroidStudioProjects\HRISMobile-New\.gradle\8.2\executionHistory)" [_thread_blocked, id=27528, stack(0x000000291eb00000,0x000000291ec00000)]
  0x0000021315a46bb0 JavaThread "Unconstrained build operations Thread 4" [_thread_blocked, id=15636, stack(0x000000291ec00000,0x000000291ed00000)]
  0x0000021315a4a570 JavaThread "Unconstrained build operations Thread 5" [_thread_blocked, id=22080, stack(0x000000291ed00000,0x000000291ee00000)]
  0x0000021315a47080 JavaThread "Unconstrained build operations Thread 6" [_thread_blocked, id=13124, stack(0x000000291ee00000,0x000000291ef00000)]
  0x000002137f5ed970 JavaThread "Unconstrained build operations Thread 7" [_thread_blocked, id=4180, stack(0x000000291ef00000,0x000000291f000000)]
  0x000002137f5ec160 JavaThread "Unconstrained build operations Thread 8" [_thread_blocked, id=12724, stack(0x000000291f000000,0x000000291f100000)]
  0x0000021315aa4090 JavaThread "Unconstrained build operations Thread 9" [_thread_blocked, id=15404, stack(0x000000291f100000,0x000000291f200000)]
  0x0000021315aa4a30 JavaThread "Unconstrained build operations Thread 10" [_thread_blocked, id=7124, stack(0x000000291f200000,0x000000291f300000)]
  0x000002137f5ec630 JavaThread "Unconstrained build operations Thread 11" [_thread_blocked, id=16124, stack(0x000000291f300000,0x000000291f400000)]
  0x000002137f5ecb00 JavaThread "Unconstrained build operations Thread 12" [_thread_blocked, id=22420, stack(0x000000291f400000,0x000000291f500000)]
  0x000002137f5ecfd0 JavaThread "Unconstrained build operations Thread 13" [_thread_blocked, id=10400, stack(0x000000291f500000,0x000000291f600000)]
  0x00000213161b99b0 JavaThread "Unconstrained build operations Thread 14" [_thread_blocked, id=5668, stack(0x000000291f600000,0x000000291f700000)]
  0x00000213161b7330 JavaThread "Unconstrained build operations Thread 15" [_thread_blocked, id=2080, stack(0x000000291f700000,0x000000291f800000)]
  0x00000213161b81a0 JavaThread "Unconstrained build operations Thread 16" [_thread_blocked, id=9488, stack(0x000000291f800000,0x000000291f900000)]
  0x00000213161b5ff0 JavaThread "Unconstrained build operations Thread 17" [_thread_blocked, id=26416, stack(0x000000291f900000,0x000000291fa00000)]
  0x00000213161b64c0 JavaThread "Unconstrained build operations Thread 18" [_thread_blocked, id=26136, stack(0x000000291fa00000,0x000000291fb00000)]
  0x00000213161b7800 JavaThread "Unconstrained build operations Thread 19" [_thread_blocked, id=27632, stack(0x000000291fb00000,0x000000291fc00000)]
  0x00000213161b8b40 JavaThread "Unconstrained build operations Thread 20" [_thread_blocked, id=12052, stack(0x000000291fc00000,0x000000291fd00000)]
  0x0000021315aa4560 JavaThread "Unconstrained build operations Thread 21" [_thread_blocked, id=6428, stack(0x000000291fd00000,0x000000291fe00000)]
  0x000002131989f4c0 JavaThread "Unconstrained build operations Thread 22" [_thread_blocked, id=7712, stack(0x000000291fe00000,0x000000291ff00000)]
  0x00000213198a0330 JavaThread "Unconstrained build operations Thread 23" [_thread_blocked, id=23524, stack(0x000000291ff00000,0x0000002920000000)]
  0x000002137f5050b0 JavaThread "Unconstrained build operations Thread 24" [_thread_blocked, id=23480, stack(0x0000002920000000,0x0000002920100000)]
  0x000002131989dcb0 JavaThread "Unconstrained build operations Thread 25" [_thread_blocked, id=21192, stack(0x0000002920100000,0x0000002920200000)]
  0x00000213198a0800 JavaThread "Unconstrained build operations Thread 26" [_thread_blocked, id=18088, stack(0x0000002920200000,0x0000002920300000)]
  0x000002131989f990 JavaThread "Cache worker for Java compile cache (C:\Users\ADIT-PC\.gradle\caches\8.2\javaCompile)" [_thread_blocked, id=24936, stack(0x000000291c000000,0x000000291c100000)]
=>0x0000021313d97c50 JavaThread "C2 CompilerThread1" daemon [_thread_in_native, id=12048, stack(0x0000002920300000,0x0000002920400000)]

Other Threads:
  0x000002137e08e580 VMThread "VM Thread" [stack: 0x000000291b300000,0x000000291b400000] [id=10948]
  0x0000021373b19b10 WatcherThread [stack: 0x000000291bf00000,0x000000291c000000] [id=25188]
  0x0000021373afc9b0 GCTaskThread "GC Thread#0" [stack: 0x000000291ae00000,0x000000291af00000] [id=11352]
  0x000002137f38cb20 GCTaskThread "GC Thread#1" [stack: 0x000000291c100000,0x000000291c200000] [id=17224]
  0x000002137eff2700 GCTaskThread "GC Thread#2" [stack: 0x000000291c200000,0x000000291c300000] [id=23984]
  0x000002137f09c870 GCTaskThread "GC Thread#3" [stack: 0x000000291c300000,0x000000291c400000] [id=12984]
  0x0000021373b0d8f0 ConcurrentGCThread "G1 Main Marker" [stack: 0x000000291af00000,0x000000291b000000] [id=26572]
  0x0000021373b0e300 ConcurrentGCThread "G1 Conc#0" [stack: 0x000000291b000000,0x000000291b100000] [id=19824]
  0x000002137df10560 ConcurrentGCThread "G1 Refine#0" [stack: 0x000000291b100000,0x000000291b200000] [id=14400]
  0x0000021310ed71d0 ConcurrentGCThread "G1 Refine#1" [stack: 0x000000291e400000,0x000000291e500000] [id=5376]
  0x000002137df11ea0 ConcurrentGCThread "G1 Service" [stack: 0x000000291b200000,0x000000291b300000] [id=4948]

Threads with active compile tasks:
C2 CompilerThread0    18565 12598   !   4       com.sun.tools.javac.parser.JavaTokenizer::readToken (1731 bytes)
C2 CompilerThread1    18565 12552       4       com.sun.tools.javac.parser.JavacParser::term3 (2724 bytes)

VM state: not at safepoint (normal execution)

VM Mutex/Monitor currently owned by a thread: None

Heap address: 0x0000000080000000, size: 2048 MB, Compressed Oops mode: 32-bit

CDS archive(s) not mapped
Compressed class space mapped at: 0x0000000100000000-0x0000000140000000, reserved size: 1073741824
Narrow klass base: 0x0000000000000000, Narrow klass shift: 3, Narrow klass range: 0x140000000

GC Precious Log:
 CPUs: 4 total, 4 available
 Memory: 16247M
 Large Page Support: Disabled
 NUMA Support: Disabled
 Compressed Oops: Enabled (32-bit)
 Heap Region Size: 1M
 Heap Min Capacity: 8M
 Heap Initial Capacity: 254M
 Heap Max Capacity: 2G
 Pre-touch: Disabled
 Parallel Workers: 4
 Concurrent Workers: 1
 Concurrent Refinement Workers: 4
 Periodic GC: Disabled

Heap:
 garbage-first heap   total 278528K, used 205824K [0x0000000080000000, 0x0000000100000000)
  region size 1024K, 50 young (51200K), 7 survivors (7168K)
 Metaspace       used 100000K, committed 100800K, reserved 1138688K
  class space    used 13485K, committed 13824K, reserved 1048576K

Heap Regions: E=young(eden), S=young(survivor), O=old, HS=humongous(starts), HC=humongous(continues), CS=collection set, F=free, OA=open archive, CA=closed archive, TAMS=top-at-mark-start (previous, next)
|   0|0x0000000080000000, 0x0000000080100000, 0x0000000080100000|100%| O|  |TAMS 0x0000000080100000, 0x0000000080000000| Untracked 
|   1|0x0000000080100000, 0x0000000080200000, 0x0000000080200000|100%| O|  |TAMS 0x0000000080200000, 0x0000000080100000| Untracked 
|   2|0x0000000080200000, 0x0000000080300000, 0x0000000080300000|100%|HS|  |TAMS 0x0000000080300000, 0x0000000080200000| Complete 
|   3|0x0000000080300000, 0x0000000080400000, 0x0000000080400000|100%|HC|  |TAMS 0x0000000080400000, 0x0000000080300000| Complete 
|   4|0x0000000080400000, 0x0000000080500000, 0x0000000080500000|100%|HC|  |TAMS 0x0000000080500000, 0x0000000080400000| Complete 
|   5|0x0000000080500000, 0x0000000080600000, 0x0000000080600000|100%|HC|  |TAMS 0x0000000080600000, 0x0000000080500000| Complete 
|   6|0x0000000080600000, 0x0000000080700000, 0x0000000080700000|100%| O|  |TAMS 0x0000000080700000, 0x0000000080600000| Untracked 
|   7|0x0000000080700000, 0x0000000080800000, 0x0000000080800000|100%| O|  |TAMS 0x0000000080800000, 0x0000000080700000| Untracked 
|   8|0x0000000080800000, 0x0000000080900000, 0x0000000080900000|100%| O|  |TAMS 0x0000000080900000, 0x0000000080800000| Untracked 
|   9|0x0000000080900000, 0x0000000080a00000, 0x0000000080a00000|100%| O|  |TAMS 0x0000000080a00000, 0x0000000080900000| Untracked 
|  10|0x0000000080a00000, 0x0000000080b00000, 0x0000000080b00000|100%| O|  |TAMS 0x0000000080b00000, 0x0000000080a00000| Untracked 
|  11|0x0000000080b00000, 0x0000000080c00000, 0x0000000080c00000|100%| O|  |TAMS 0x0000000080c00000, 0x0000000080b00000| Untracked 
|  12|0x0000000080c00000, 0x0000000080d00000, 0x0000000080d00000|100%| O|  |TAMS 0x0000000080d00000, 0x0000000080c00000| Untracked 
|  13|0x0000000080d00000, 0x0000000080e00000, 0x0000000080e00000|100%| O|  |TAMS 0x0000000080e00000, 0x0000000080d00000| Untracked 
|  14|0x0000000080e00000, 0x0000000080f00000, 0x0000000080f00000|100%| O|  |TAMS 0x0000000080f00000, 0x0000000080e00000| Untracked 
|  15|0x0000000080f00000, 0x0000000081000000, 0x0000000081000000|100%| O|  |TAMS 0x0000000081000000, 0x0000000080f00000| Untracked 
|  16|0x0000000081000000, 0x0000000081100000, 0x0000000081100000|100%| O|  |TAMS 0x0000000081100000, 0x0000000081000000| Untracked 
|  17|0x0000000081100000, 0x0000000081200000, 0x0000000081200000|100%| O|  |TAMS 0x0000000081200000, 0x0000000081100000| Untracked 
|  18|0x0000000081200000, 0x0000000081300000, 0x0000000081300000|100%| O|  |TAMS 0x0000000081300000, 0x0000000081200000| Untracked 
|  19|0x0000000081300000, 0x0000000081400000, 0x0000000081400000|100%| O|  |TAMS 0x0000000081400000, 0x0000000081300000| Untracked 
|  20|0x0000000081400000, 0x0000000081500000, 0x0000000081500000|100%| O|  |TAMS 0x0000000081500000, 0x0000000081400000| Untracked 
|  21|0x0000000081500000, 0x0000000081600000, 0x0000000081600000|100%| O|  |TAMS 0x0000000081500000, 0x0000000081500000| Untracked 
|  22|0x0000000081600000, 0x0000000081700000, 0x0000000081700000|100%| O|  |TAMS 0x0000000081700000, 0x0000000081600000| Untracked 
|  23|0x0000000081700000, 0x0000000081800000, 0x0000000081800000|100%| O|  |TAMS 0x0000000081800000, 0x0000000081700000| Untracked 
|  24|0x0000000081800000, 0x0000000081900000, 0x0000000081900000|100%| O|  |TAMS 0x0000000081900000, 0x0000000081800000| Untracked 
|  25|0x0000000081900000, 0x0000000081a00000, 0x0000000081a00000|100%| O|  |TAMS 0x0000000081a00000, 0x0000000081900000| Untracked 
|  26|0x0000000081a00000, 0x0000000081b00000, 0x0000000081b00000|100%| O|  |TAMS 0x0000000081b00000, 0x0000000081a00000| Untracked 
|  27|0x0000000081b00000, 0x0000000081c00000, 0x0000000081c00000|100%| O|  |TAMS 0x0000000081c00000, 0x0000000081b00000| Untracked 
|  28|0x0000000081c00000, 0x0000000081d00000, 0x0000000081d00000|100%| O|  |TAMS 0x0000000081d00000, 0x0000000081c00000| Untracked 
|  29|0x0000000081d00000, 0x0000000081e00000, 0x0000000081e00000|100%| O|  |TAMS 0x0000000081e00000, 0x0000000081d00000| Untracked 
|  30|0x0000000081e00000, 0x0000000081f00000, 0x0000000081f00000|100%| O|  |TAMS 0x0000000081f00000, 0x0000000081e00000| Untracked 
|  31|0x0000000081f00000, 0x0000000082000000, 0x0000000082000000|100%|HS|  |TAMS 0x0000000082000000, 0x0000000081f00000| Complete 
|  32|0x0000000082000000, 0x0000000082100000, 0x0000000082100000|100%|HS|  |TAMS 0x0000000082100000, 0x0000000082000000| Complete 
|  33|0x0000000082100000, 0x0000000082200000, 0x0000000082200000|100%|HS|  |TAMS 0x0000000082200000, 0x0000000082100000| Complete 
|  34|0x0000000082200000, 0x0000000082300000, 0x0000000082300000|100%| O|  |TAMS 0x0000000082300000, 0x0000000082200000| Untracked 
|  35|0x0000000082300000, 0x0000000082400000, 0x0000000082400000|100%| O|  |TAMS 0x0000000082400000, 0x0000000082300000| Untracked 
|  36|0x0000000082400000, 0x0000000082500000, 0x0000000082500000|100%| O|  |TAMS 0x0000000082500000, 0x0000000082400000| Untracked 
|  37|0x0000000082500000, 0x0000000082600000, 0x0000000082600000|100%| O|  |TAMS 0x0000000082600000, 0x0000000082500000| Untracked 
|  38|0x0000000082600000, 0x0000000082700000, 0x0000000082700000|100%| O|  |TAMS 0x0000000082700000, 0x0000000082600000| Untracked 
|  39|0x0000000082700000, 0x0000000082800000, 0x0000000082800000|100%| O|  |TAMS 0x0000000082800000, 0x0000000082700000| Untracked 
|  40|0x0000000082800000, 0x0000000082900000, 0x0000000082900000|100%| O|  |TAMS 0x0000000082900000, 0x0000000082800000| Untracked 
|  41|0x0000000082900000, 0x0000000082a00000, 0x0000000082a00000|100%| O|  |TAMS 0x0000000082a00000, 0x0000000082900000| Untracked 
|  42|0x0000000082a00000, 0x0000000082b00000, 0x0000000082b00000|100%| O|  |TAMS 0x0000000082b00000, 0x0000000082a00000| Untracked 
|  43|0x0000000082b00000, 0x0000000082c00000, 0x0000000082c00000|100%| O|  |TAMS 0x0000000082c00000, 0x0000000082b00000| Untracked 
|  44|0x0000000082c00000, 0x0000000082d00000, 0x0000000082d00000|100%| O|  |TAMS 0x0000000082d00000, 0x0000000082c00000| Untracked 
|  45|0x0000000082d00000, 0x0000000082e00000, 0x0000000082e00000|100%|HS|  |TAMS 0x0000000082e00000, 0x0000000082d00000| Complete 
|  46|0x0000000082e00000, 0x0000000082f00000, 0x0000000082f00000|100%| O|  |TAMS 0x0000000082f00000, 0x0000000082e00000| Untracked 
|  47|0x0000000082f00000, 0x0000000083000000, 0x0000000083000000|100%| O|  |TAMS 0x0000000083000000, 0x0000000082f00000| Untracked 
|  48|0x0000000083000000, 0x0000000083100000, 0x0000000083100000|100%| O|  |TAMS 0x0000000083100000, 0x0000000083000000| Untracked 
|  49|0x0000000083100000, 0x0000000083200000, 0x0000000083200000|100%| O|  |TAMS 0x0000000083200000, 0x0000000083100000| Untracked 
|  50|0x0000000083200000, 0x0000000083300000, 0x0000000083300000|100%| O|  |TAMS 0x0000000083300000, 0x0000000083200000| Untracked 
|  51|0x0000000083300000, 0x0000000083400000, 0x0000000083400000|100%| O|  |TAMS 0x0000000083300000, 0x0000000083300000| Untracked 
|  52|0x0000000083400000, 0x0000000083500000, 0x0000000083500000|100%| O|  |TAMS 0x0000000083500000, 0x0000000083400000| Untracked 
|  53|0x0000000083500000, 0x0000000083600000, 0x0000000083600000|100%| O|  |TAMS 0x0000000083552e00, 0x0000000083500000| Untracked 
|  54|0x0000000083600000, 0x0000000083700000, 0x0000000083700000|100%| O|  |TAMS 0x0000000083600000, 0x0000000083600000| Untracked 
|  55|0x0000000083700000, 0x0000000083800000, 0x0000000083800000|100%| O|  |TAMS 0x0000000083700000, 0x0000000083700000| Untracked 
|  56|0x0000000083800000, 0x0000000083900000, 0x0000000083900000|100%| O|  |TAMS 0x0000000083800000, 0x0000000083800000| Untracked 
|  57|0x0000000083900000, 0x0000000083a00000, 0x0000000083a00000|100%| O|  |TAMS 0x0000000083900000, 0x0000000083900000| Untracked 
|  58|0x0000000083a00000, 0x0000000083b00000, 0x0000000083b00000|100%| O|  |TAMS 0x0000000083a00000, 0x0000000083a00000| Untracked 
|  59|0x0000000083b00000, 0x0000000083c00000, 0x0000000083c00000|100%| O|  |TAMS 0x0000000083b00000, 0x0000000083b00000| Untracked 
|  60|0x0000000083c00000, 0x0000000083d00000, 0x0000000083d00000|100%| O|  |TAMS 0x0000000083c00000, 0x0000000083c00000| Untracked 
|  61|0x0000000083d00000, 0x0000000083e00000, 0x0000000083e00000|100%| O|  |TAMS 0x0000000083d00000, 0x0000000083d00000| Untracked 
|  62|0x0000000083e00000, 0x0000000083f00000, 0x0000000083f00000|100%| O|  |TAMS 0x0000000083e00000, 0x0000000083e00000| Untracked 
|  63|0x0000000083f00000, 0x0000000084000000, 0x0000000084000000|100%| O|  |TAMS 0x0000000083f00000, 0x0000000083f00000| Untracked 
|  64|0x0000000084000000, 0x0000000084100000, 0x0000000084100000|100%| O|  |TAMS 0x0000000084000000, 0x0000000084000000| Untracked 
|  65|0x0000000084100000, 0x0000000084200000, 0x0000000084200000|100%| O|  |TAMS 0x0000000084100000, 0x0000000084100000| Untracked 
|  66|0x0000000084200000, 0x0000000084300000, 0x0000000084300000|100%| O|  |TAMS 0x0000000084200000, 0x0000000084200000| Untracked 
|  67|0x0000000084300000, 0x0000000084400000, 0x0000000084400000|100%| O|  |TAMS 0x0000000084300000, 0x0000000084300000| Untracked 
|  68|0x0000000084400000, 0x0000000084500000, 0x0000000084500000|100%| O|  |TAMS 0x0000000084400000, 0x0000000084400000| Untracked 
|  69|0x0000000084500000, 0x0000000084600000, 0x0000000084600000|100%| O|  |TAMS 0x0000000084500000, 0x0000000084500000| Untracked 
|  70|0x0000000084600000, 0x0000000084700000, 0x0000000084700000|100%| O|  |TAMS 0x0000000084600000, 0x0000000084600000| Untracked 
|  71|0x0000000084700000, 0x0000000084800000, 0x0000000084800000|100%| O|  |TAMS 0x0000000084700000, 0x0000000084700000| Untracked 
|  72|0x0000000084800000, 0x0000000084900000, 0x0000000084900000|100%| O|  |TAMS 0x0000000084800000, 0x0000000084800000| Untracked 
|  73|0x0000000084900000, 0x0000000084a00000, 0x0000000084a00000|100%| O|  |TAMS 0x0000000084900000, 0x0000000084900000| Untracked 
|  74|0x0000000084a00000, 0x0000000084b00000, 0x0000000084b00000|100%| O|  |TAMS 0x0000000084a00000, 0x0000000084a00000| Untracked 
|  75|0x0000000084b00000, 0x0000000084c00000, 0x0000000084c00000|100%| O|  |TAMS 0x0000000084b00000, 0x0000000084b00000| Untracked 
|  76|0x0000000084c00000, 0x0000000084d00000, 0x0000000084d00000|100%| O|  |TAMS 0x0000000084c00000, 0x0000000084c00000| Untracked 
|  77|0x0000000084d00000, 0x0000000084e00000, 0x0000000084e00000|100%| O|  |TAMS 0x0000000084d00000, 0x0000000084d00000| Untracked 
|  78|0x0000000084e00000, 0x0000000084f00000, 0x0000000084f00000|100%| O|  |TAMS 0x0000000084e00000, 0x0000000084e00000| Untracked 
|  79|0x0000000084f00000, 0x0000000085000000, 0x0000000085000000|100%| O|  |TAMS 0x0000000084f00000, 0x0000000084f00000| Untracked 
|  80|0x0000000085000000, 0x0000000085100000, 0x0000000085100000|100%| O|  |TAMS 0x0000000085000000, 0x0000000085000000| Untracked 
|  81|0x0000000085100000, 0x0000000085200000, 0x0000000085200000|100%| O|  |TAMS 0x0000000085100000, 0x0000000085100000| Untracked 
|  82|0x0000000085200000, 0x0000000085300000, 0x0000000085300000|100%| O|  |TAMS 0x0000000085200000, 0x0000000085200000| Untracked 
|  83|0x0000000085300000, 0x0000000085400000, 0x0000000085400000|100%| O|  |TAMS 0x0000000085300000, 0x0000000085300000| Untracked 
|  84|0x0000000085400000, 0x0000000085500000, 0x0000000085500000|100%| O|  |TAMS 0x0000000085400000, 0x0000000085400000| Untracked 
|  85|0x0000000085500000, 0x0000000085600000, 0x0000000085600000|100%| O|  |TAMS 0x0000000085500000, 0x0000000085500000| Untracked 
|  86|0x0000000085600000, 0x0000000085700000, 0x0000000085700000|100%| O|  |TAMS 0x0000000085600000, 0x0000000085600000| Untracked 
|  87|0x0000000085700000, 0x0000000085800000, 0x0000000085800000|100%| O|  |TAMS 0x0000000085700000, 0x0000000085700000| Untracked 
|  88|0x0000000085800000, 0x0000000085900000, 0x0000000085900000|100%| O|  |TAMS 0x0000000085800000, 0x0000000085800000| Untracked 
|  89|0x0000000085900000, 0x0000000085a00000, 0x0000000085a00000|100%| O|  |TAMS 0x0000000085900000, 0x0000000085900000| Untracked 
|  90|0x0000000085a00000, 0x0000000085b00000, 0x0000000085b00000|100%| O|  |TAMS 0x0000000085a00000, 0x0000000085a00000| Untracked 
|  91|0x0000000085b00000, 0x0000000085c00000, 0x0000000085c00000|100%| O|  |TAMS 0x0000000085b00000, 0x0000000085b00000| Untracked 
|  92|0x0000000085c00000, 0x0000000085d00000, 0x0000000085d00000|100%| O|  |TAMS 0x0000000085c00000, 0x0000000085c00000| Untracked 
|  93|0x0000000085d00000, 0x0000000085e00000, 0x0000000085e00000|100%| O|  |TAMS 0x0000000085d00000, 0x0000000085d00000| Untracked 
|  94|0x0000000085e00000, 0x0000000085f00000, 0x0000000085f00000|100%| O|  |TAMS 0x0000000085e00000, 0x0000000085e00000| Untracked 
|  95|0x0000000085f00000, 0x0000000086000000, 0x0000000086000000|100%| O|  |TAMS 0x0000000085f00000, 0x0000000085f00000| Untracked 
|  96|0x0000000086000000, 0x0000000086100000, 0x0000000086100000|100%| O|  |TAMS 0x0000000086000000, 0x0000000086000000| Untracked 
|  97|0x0000000086100000, 0x0000000086200000, 0x0000000086200000|100%| O|  |TAMS 0x0000000086100000, 0x0000000086100000| Untracked 
|  98|0x0000000086200000, 0x0000000086300000, 0x0000000086300000|100%| O|  |TAMS 0x0000000086200000, 0x0000000086200000| Untracked 
|  99|0x0000000086300000, 0x0000000086400000, 0x0000000086400000|100%| O|  |TAMS 0x0000000086300000, 0x0000000086300000| Untracked 
| 100|0x0000000086400000, 0x0000000086500000, 0x0000000086500000|100%| O|  |TAMS 0x0000000086400000, 0x0000000086400000| Untracked 
| 101|0x0000000086500000, 0x0000000086600000, 0x0000000086600000|100%| O|  |TAMS 0x0000000086500000, 0x0000000086500000| Untracked 
| 102|0x0000000086600000, 0x0000000086700000, 0x0000000086700000|100%| O|  |TAMS 0x0000000086600000, 0x0000000086600000| Untracked 
| 103|0x0000000086700000, 0x0000000086800000, 0x0000000086800000|100%| O|  |TAMS 0x0000000086700000, 0x0000000086700000| Untracked 
| 104|0x0000000086800000, 0x0000000086900000, 0x0000000086900000|100%| O|  |TAMS 0x0000000086800000, 0x0000000086800000| Untracked 
| 105|0x0000000086900000, 0x0000000086a00000, 0x0000000086a00000|100%| O|  |TAMS 0x0000000086900000, 0x0000000086900000| Untracked 
| 106|0x0000000086a00000, 0x0000000086b00000, 0x0000000086b00000|100%| O|  |TAMS 0x0000000086a00000, 0x0000000086a00000| Untracked 
| 107|0x0000000086b00000, 0x0000000086c00000, 0x0000000086c00000|100%| O|  |TAMS 0x0000000086b00000, 0x0000000086b00000| Untracked 
| 108|0x0000000086c00000, 0x0000000086d00000, 0x0000000086d00000|100%| O|  |TAMS 0x0000000086c00000, 0x0000000086c00000| Untracked 
| 109|0x0000000086d00000, 0x0000000086e00000, 0x0000000086e00000|100%| O|  |TAMS 0x0000000086d00000, 0x0000000086d00000| Untracked 
| 110|0x0000000086e00000, 0x0000000086f00000, 0x0000000086f00000|100%|HS|  |TAMS 0x0000000086e00000, 0x0000000086e00000| Complete 
| 111|0x0000000086f00000, 0x0000000087000000, 0x0000000087000000|100%|HS|  |TAMS 0x0000000086f00000, 0x0000000086f00000| Complete 
| 112|0x0000000087000000, 0x0000000087100000, 0x0000000087100000|100%|HS|  |TAMS 0x0000000087000000, 0x0000000087000000| Complete 
| 113|0x0000000087100000, 0x0000000087200000, 0x0000000087200000|100%|HS|  |TAMS 0x0000000087100000, 0x0000000087100000| Complete 
| 114|0x0000000087200000, 0x0000000087300000, 0x0000000087300000|100%|HS|  |TAMS 0x0000000087200000, 0x0000000087200000| Complete 
| 115|0x0000000087300000, 0x0000000087400000, 0x0000000087400000|100%|HS|  |TAMS 0x0000000087300000, 0x0000000087300000| Complete 
| 116|0x0000000087400000, 0x0000000087500000, 0x0000000087500000|100%|HS|  |TAMS 0x0000000087400000, 0x0000000087400000| Complete 
| 117|0x0000000087500000, 0x0000000087600000, 0x0000000087600000|100%|HC|  |TAMS 0x0000000087500000, 0x0000000087500000| Complete 
| 118|0x0000000087600000, 0x0000000087700000, 0x0000000087700000|100%| O|  |TAMS 0x0000000087600000, 0x0000000087600000| Untracked 
| 119|0x0000000087700000, 0x0000000087800000, 0x0000000087800000|100%| O|  |TAMS 0x0000000087700000, 0x0000000087700000| Untracked 
| 120|0x0000000087800000, 0x0000000087900000, 0x0000000087900000|100%| O|  |TAMS 0x0000000087800000, 0x0000000087800000| Untracked 
| 121|0x0000000087900000, 0x0000000087a00000, 0x0000000087a00000|100%| O|  |TAMS 0x0000000087900000, 0x0000000087900000| Untracked 
| 122|0x0000000087a00000, 0x0000000087b00000, 0x0000000087b00000|100%| O|  |TAMS 0x0000000087a00000, 0x0000000087a00000| Untracked 
| 123|0x0000000087b00000, 0x0000000087c00000, 0x0000000087c00000|100%| O|  |TAMS 0x0000000087b00000, 0x0000000087b00000| Untracked 
| 124|0x0000000087c00000, 0x0000000087d00000, 0x0000000087d00000|100%| O|  |TAMS 0x0000000087c00000, 0x0000000087c00000| Untracked 
| 125|0x0000000087d00000, 0x0000000087e00000, 0x0000000087e00000|100%| O|  |TAMS 0x0000000087d00000, 0x0000000087d00000| Untracked 
| 126|0x0000000087e00000, 0x0000000087f00000, 0x0000000087f00000|100%| O|  |TAMS 0x0000000087e00000, 0x0000000087e00000| Untracked 
| 127|0x0000000087f00000, 0x0000000088000000, 0x0000000088000000|100%| O|  |TAMS 0x0000000087f00000, 0x0000000087f00000| Untracked 
| 128|0x0000000088000000, 0x0000000088100000, 0x0000000088100000|100%| O|  |TAMS 0x0000000088000000, 0x0000000088000000| Untracked 
| 129|0x0000000088100000, 0x0000000088200000, 0x0000000088200000|100%| O|  |TAMS 0x0000000088100000, 0x0000000088100000| Untracked 
| 130|0x0000000088200000, 0x0000000088300000, 0x0000000088300000|100%| O|  |TAMS 0x0000000088200000, 0x0000000088200000| Untracked 
| 131|0x0000000088300000, 0x0000000088400000, 0x0000000088400000|100%| O|  |TAMS 0x0000000088300000, 0x0000000088300000| Untracked 
| 132|0x0000000088400000, 0x0000000088500000, 0x0000000088500000|100%| O|  |TAMS 0x0000000088400000, 0x0000000088400000| Untracked 
| 133|0x0000000088500000, 0x0000000088600000, 0x0000000088600000|100%| O|  |TAMS 0x0000000088500000, 0x0000000088500000| Untracked 
| 134|0x0000000088600000, 0x0000000088700000, 0x0000000088700000|100%| O|  |TAMS 0x0000000088600000, 0x0000000088600000| Untracked 
| 135|0x0000000088700000, 0x0000000088800000, 0x0000000088800000|100%|HS|  |TAMS 0x0000000088700000, 0x0000000088700000| Complete 
| 136|0x0000000088800000, 0x0000000088800000, 0x0000000088900000|  0%| F|  |TAMS 0x0000000088800000, 0x0000000088800000| Untracked 
| 137|0x0000000088900000, 0x0000000088a00000, 0x0000000088a00000|100%| O|  |TAMS 0x0000000088900000, 0x0000000088900000| Untracked 
| 138|0x0000000088a00000, 0x0000000088b00000, 0x0000000088b00000|100%| O|  |TAMS 0x0000000088a00000, 0x0000000088a00000| Untracked 
| 139|0x0000000088b00000, 0x0000000088c00000, 0x0000000088c00000|100%| O|  |TAMS 0x0000000088b00000, 0x0000000088b00000| Untracked 
| 140|0x0000000088c00000, 0x0000000088d00000, 0x0000000088d00000|100%| O|  |TAMS 0x0000000088c00000, 0x0000000088c00000| Untracked 
| 141|0x0000000088d00000, 0x0000000088e00000, 0x0000000088e00000|100%| O|  |TAMS 0x0000000088d00000, 0x0000000088d00000| Untracked 
| 142|0x0000000088e00000, 0x0000000088f00000, 0x0000000088f00000|100%| O|  |TAMS 0x0000000088e00000, 0x0000000088e00000| Untracked 
| 143|0x0000000088f00000, 0x0000000089000000, 0x0000000089000000|100%| O|  |TAMS 0x0000000088f00000, 0x0000000088f00000| Untracked 
| 144|0x0000000089000000, 0x0000000089100000, 0x0000000089100000|100%| O|  |TAMS 0x0000000089000000, 0x0000000089000000| Untracked 
| 145|0x0000000089100000, 0x0000000089200000, 0x0000000089200000|100%| O|  |TAMS 0x0000000089100000, 0x0000000089100000| Untracked 
| 146|0x0000000089200000, 0x0000000089300000, 0x0000000089300000|100%| O|  |TAMS 0x0000000089200000, 0x0000000089200000| Untracked 
| 147|0x0000000089300000, 0x0000000089400000, 0x0000000089400000|100%| O|  |TAMS 0x0000000089300000, 0x0000000089300000| Untracked 
| 148|0x0000000089400000, 0x0000000089500000, 0x0000000089500000|100%|HS|  |TAMS 0x0000000089400000, 0x0000000089400000| Complete 
| 149|0x0000000089500000, 0x0000000089600000, 0x0000000089600000|100%|HC|  |TAMS 0x0000000089500000, 0x0000000089500000| Complete 
| 150|0x0000000089600000, 0x0000000089600000, 0x0000000089700000|  0%| F|  |TAMS 0x0000000089600000, 0x0000000089600000| Untracked 
| 151|0x0000000089700000, 0x0000000089800000, 0x0000000089800000|100%| O|  |TAMS 0x0000000089700000, 0x0000000089700000| Untracked 
| 152|0x0000000089800000, 0x0000000089900000, 0x0000000089900000|100%| O|  |TAMS 0x0000000089800000, 0x0000000089800000| Untracked 
| 153|0x0000000089900000, 0x0000000089a00000, 0x0000000089a00000|100%| O|  |TAMS 0x0000000089900000, 0x0000000089900000| Untracked 
| 154|0x0000000089a00000, 0x0000000089a00000, 0x0000000089b00000|  0%| F|  |TAMS 0x0000000089a00000, 0x0000000089a00000| Untracked 
| 155|0x0000000089b00000, 0x0000000089b00000, 0x0000000089c00000|  0%| F|  |TAMS 0x0000000089b00000, 0x0000000089b00000| Untracked 
| 156|0x0000000089c00000, 0x0000000089c00000, 0x0000000089d00000|  0%| F|  |TAMS 0x0000000089c00000, 0x0000000089c00000| Untracked 
| 157|0x0000000089d00000, 0x0000000089d00000, 0x0000000089e00000|  0%| F|  |TAMS 0x0000000089d00000, 0x0000000089d00000| Untracked 
| 158|0x0000000089e00000, 0x0000000089e00000, 0x0000000089f00000|  0%| F|  |TAMS 0x0000000089e00000, 0x0000000089e00000| Untracked 
| 159|0x0000000089f00000, 0x0000000089f00000, 0x000000008a000000|  0%| F|  |TAMS 0x0000000089f00000, 0x0000000089f00000| Untracked 
| 160|0x000000008a000000, 0x000000008a000000, 0x000000008a100000|  0%| F|  |TAMS 0x000000008a000000, 0x000000008a000000| Untracked 
| 161|0x000000008a100000, 0x000000008a100000, 0x000000008a200000|  0%| F|  |TAMS 0x000000008a100000, 0x000000008a100000| Untracked 
| 162|0x000000008a200000, 0x000000008a200000, 0x000000008a300000|  0%| F|  |TAMS 0x000000008a200000, 0x000000008a200000| Untracked 
| 163|0x000000008a300000, 0x000000008a300000, 0x000000008a400000|  0%| F|  |TAMS 0x000000008a300000, 0x000000008a300000| Untracked 
| 164|0x000000008a400000, 0x000000008a400000, 0x000000008a500000|  0%| F|  |TAMS 0x000000008a400000, 0x000000008a400000| Untracked 
| 165|0x000000008a500000, 0x000000008a500000, 0x000000008a600000|  0%| F|  |TAMS 0x000000008a500000, 0x000000008a500000| Untracked 
| 166|0x000000008a600000, 0x000000008a600000, 0x000000008a700000|  0%| F|  |TAMS 0x000000008a600000, 0x000000008a600000| Untracked 
| 167|0x000000008a700000, 0x000000008a700000, 0x000000008a800000|  0%| F|  |TAMS 0x000000008a700000, 0x000000008a700000| Untracked 
| 168|0x000000008a800000, 0x000000008a800000, 0x000000008a900000|  0%| F|  |TAMS 0x000000008a800000, 0x000000008a800000| Untracked 
| 169|0x000000008a900000, 0x000000008a900000, 0x000000008aa00000|  0%| F|  |TAMS 0x000000008a900000, 0x000000008a900000| Untracked 
| 170|0x000000008aa00000, 0x000000008aa00000, 0x000000008ab00000|  0%| F|  |TAMS 0x000000008aa00000, 0x000000008aa00000| Untracked 
| 171|0x000000008ab00000, 0x000000008ab00000, 0x000000008ac00000|  0%| F|  |TAMS 0x000000008ab00000, 0x000000008ab00000| Untracked 
| 172|0x000000008ac00000, 0x000000008ac00000, 0x000000008ad00000|  0%| F|  |TAMS 0x000000008ac00000, 0x000000008ac00000| Untracked 
| 173|0x000000008ad00000, 0x000000008ad00000, 0x000000008ae00000|  0%| F|  |TAMS 0x000000008ad00000, 0x000000008ad00000| Untracked 
| 174|0x000000008ae00000, 0x000000008ae00000, 0x000000008af00000|  0%| F|  |TAMS 0x000000008ae00000, 0x000000008ae00000| Untracked 
| 175|0x000000008af00000, 0x000000008b000000, 0x000000008b000000|100%| S|CS|TAMS 0x000000008af00000, 0x000000008af00000| Complete 
| 176|0x000000008b000000, 0x000000008b100000, 0x000000008b100000|100%| S|CS|TAMS 0x000000008b000000, 0x000000008b000000| Complete 
| 177|0x000000008b100000, 0x000000008b200000, 0x000000008b200000|100%| S|CS|TAMS 0x000000008b100000, 0x000000008b100000| Complete 
| 178|0x000000008b200000, 0x000000008b300000, 0x000000008b300000|100%| S|CS|TAMS 0x000000008b200000, 0x000000008b200000| Complete 
| 179|0x000000008b300000, 0x000000008b400000, 0x000000008b400000|100%| S|CS|TAMS 0x000000008b300000, 0x000000008b300000| Complete 
| 180|0x000000008b400000, 0x000000008b500000, 0x000000008b500000|100%| S|CS|TAMS 0x000000008b400000, 0x000000008b400000| Complete 
| 181|0x000000008b500000, 0x000000008b600000, 0x000000008b600000|100%| S|CS|TAMS 0x000000008b500000, 0x000000008b500000| Complete 
| 182|0x000000008b600000, 0x000000008b600000, 0x000000008b700000|  0%| F|  |TAMS 0x000000008b600000, 0x000000008b600000| Untracked 
| 183|0x000000008b700000, 0x000000008b700000, 0x000000008b800000|  0%| F|  |TAMS 0x000000008b700000, 0x000000008b700000| Untracked 
| 184|0x000000008b800000, 0x000000008b800000, 0x000000008b900000|  0%| F|  |TAMS 0x000000008b800000, 0x000000008b800000| Untracked 
| 185|0x000000008b900000, 0x000000008b900000, 0x000000008ba00000|  0%| F|  |TAMS 0x000000008b900000, 0x000000008b900000| Untracked 
| 186|0x000000008ba00000, 0x000000008ba00000, 0x000000008bb00000|  0%| F|  |TAMS 0x000000008ba00000, 0x000000008ba00000| Untracked 
| 187|0x000000008bb00000, 0x000000008bb00000, 0x000000008bc00000|  0%| F|  |TAMS 0x000000008bb00000, 0x000000008bb00000| Untracked 
| 188|0x000000008bc00000, 0x000000008bc00000, 0x000000008bd00000|  0%| F|  |TAMS 0x000000008bc00000, 0x000000008bc00000| Untracked 
| 189|0x000000008bd00000, 0x000000008bd00000, 0x000000008be00000|  0%| F|  |TAMS 0x000000008bd00000, 0x000000008bd00000| Untracked 
| 190|0x000000008be00000, 0x000000008be00000, 0x000000008bf00000|  0%| F|  |TAMS 0x000000008be00000, 0x000000008be00000| Untracked 
| 191|0x000000008bf00000, 0x000000008bf00000, 0x000000008c000000|  0%| F|  |TAMS 0x000000008bf00000, 0x000000008bf00000| Untracked 
| 192|0x000000008c000000, 0x000000008c000000, 0x000000008c100000|  0%| F|  |TAMS 0x000000008c000000, 0x000000008c000000| Untracked 
| 193|0x000000008c100000, 0x000000008c100000, 0x000000008c200000|  0%| F|  |TAMS 0x000000008c100000, 0x000000008c100000| Untracked 
| 194|0x000000008c200000, 0x000000008c200000, 0x000000008c300000|  0%| F|  |TAMS 0x000000008c200000, 0x000000008c200000| Untracked 
| 195|0x000000008c300000, 0x000000008c300000, 0x000000008c400000|  0%| F|  |TAMS 0x000000008c300000, 0x000000008c300000| Untracked 
| 196|0x000000008c400000, 0x000000008c400000, 0x000000008c500000|  0%| F|  |TAMS 0x000000008c400000, 0x000000008c400000| Untracked 
| 197|0x000000008c500000, 0x000000008c500000, 0x000000008c600000|  0%| F|  |TAMS 0x000000008c500000, 0x000000008c500000| Untracked 
| 198|0x000000008c600000, 0x000000008c600000, 0x000000008c700000|  0%| F|  |TAMS 0x000000008c600000, 0x000000008c600000| Untracked 
| 199|0x000000008c700000, 0x000000008c700000, 0x000000008c800000|  0%| F|  |TAMS 0x000000008c700000, 0x000000008c700000| Untracked 
| 200|0x000000008c800000, 0x000000008c800000, 0x000000008c900000|  0%| F|  |TAMS 0x000000008c800000, 0x000000008c800000| Untracked 
| 201|0x000000008c900000, 0x000000008c900000, 0x000000008ca00000|  0%| F|  |TAMS 0x000000008c900000, 0x000000008c900000| Untracked 
| 202|0x000000008ca00000, 0x000000008ca00000, 0x000000008cb00000|  0%| F|  |TAMS 0x000000008ca00000, 0x000000008ca00000| Untracked 
| 203|0x000000008cb00000, 0x000000008cb00000, 0x000000008cc00000|  0%| F|  |TAMS 0x000000008cb00000, 0x000000008cb00000| Untracked 
| 204|0x000000008cc00000, 0x000000008cc00000, 0x000000008cd00000|  0%| F|  |TAMS 0x000000008cc00000, 0x000000008cc00000| Untracked 
| 205|0x000000008cd00000, 0x000000008cd00000, 0x000000008ce00000|  0%| F|  |TAMS 0x000000008cd00000, 0x000000008cd00000| Untracked 
| 206|0x000000008ce00000, 0x000000008ce00000, 0x000000008cf00000|  0%| F|  |TAMS 0x000000008ce00000, 0x000000008ce00000| Untracked 
| 207|0x000000008cf00000, 0x000000008cf00000, 0x000000008d000000|  0%| F|  |TAMS 0x000000008cf00000, 0x000000008cf00000| Untracked 
| 208|0x000000008d000000, 0x000000008d000000, 0x000000008d100000|  0%| F|  |TAMS 0x000000008d000000, 0x000000008d000000| Untracked 
| 209|0x000000008d100000, 0x000000008d100000, 0x000000008d200000|  0%| F|  |TAMS 0x000000008d100000, 0x000000008d100000| Untracked 
| 210|0x000000008d200000, 0x000000008d200000, 0x000000008d300000|  0%| F|  |TAMS 0x000000008d200000, 0x000000008d200000| Untracked 
| 211|0x000000008d300000, 0x000000008d300000, 0x000000008d400000|  0%| F|  |TAMS 0x000000008d300000, 0x000000008d300000| Untracked 
| 212|0x000000008d400000, 0x000000008d400000, 0x000000008d500000|  0%| F|  |TAMS 0x000000008d400000, 0x000000008d400000| Untracked 
| 213|0x000000008d500000, 0x000000008d500000, 0x000000008d600000|  0%| F|  |TAMS 0x000000008d500000, 0x000000008d500000| Untracked 
| 214|0x000000008d600000, 0x000000008d600000, 0x000000008d700000|  0%| F|  |TAMS 0x000000008d600000, 0x000000008d600000| Untracked 
| 215|0x000000008d700000, 0x000000008d700000, 0x000000008d800000|  0%| F|  |TAMS 0x000000008d700000, 0x000000008d700000| Untracked 
| 216|0x000000008d800000, 0x000000008d800000, 0x000000008d900000|  0%| F|  |TAMS 0x000000008d800000, 0x000000008d800000| Untracked 
| 217|0x000000008d900000, 0x000000008d900000, 0x000000008da00000|  0%| F|  |TAMS 0x000000008d900000, 0x000000008d900000| Untracked 
| 218|0x000000008da00000, 0x000000008da00000, 0x000000008db00000|  0%| F|  |TAMS 0x000000008da00000, 0x000000008da00000| Untracked 
| 219|0x000000008db00000, 0x000000008db00000, 0x000000008dc00000|  0%| F|  |TAMS 0x000000008db00000, 0x000000008db00000| Untracked 
| 220|0x000000008dc00000, 0x000000008dc00000, 0x000000008dd00000|  0%| F|  |TAMS 0x000000008dc00000, 0x000000008dc00000| Untracked 
| 221|0x000000008dd00000, 0x000000008dd00000, 0x000000008de00000|  0%| F|  |TAMS 0x000000008dd00000, 0x000000008dd00000| Untracked 
| 222|0x000000008de00000, 0x000000008de00000, 0x000000008df00000|  0%| F|  |TAMS 0x000000008de00000, 0x000000008de00000| Untracked 
| 223|0x000000008df00000, 0x000000008df00000, 0x000000008e000000|  0%| F|  |TAMS 0x000000008df00000, 0x000000008df00000| Untracked 
| 224|0x000000008e000000, 0x000000008e000000, 0x000000008e100000|  0%| F|  |TAMS 0x000000008e000000, 0x000000008e000000| Untracked 
| 225|0x000000008e100000, 0x000000008e100000, 0x000000008e200000|  0%| F|  |TAMS 0x000000008e100000, 0x000000008e100000| Untracked 
| 226|0x000000008e200000, 0x000000008e200000, 0x000000008e300000|  0%| F|  |TAMS 0x000000008e200000, 0x000000008e200000| Untracked 
| 227|0x000000008e300000, 0x000000008e300000, 0x000000008e400000|  0%| F|  |TAMS 0x000000008e300000, 0x000000008e300000| Untracked 
| 228|0x000000008e400000, 0x000000008e480800, 0x000000008e500000| 50%| E|  |TAMS 0x000000008e400000, 0x000000008e400000| Complete 
| 229|0x000000008e500000, 0x000000008e600000, 0x000000008e600000|100%| E|CS|TAMS 0x000000008e500000, 0x000000008e500000| Complete 
| 230|0x000000008e600000, 0x000000008e700000, 0x000000008e700000|100%| E|CS|TAMS 0x000000008e600000, 0x000000008e600000| Complete 
| 231|0x000000008e700000, 0x000000008e800000, 0x000000008e800000|100%| E|CS|TAMS 0x000000008e700000, 0x000000008e700000| Complete 
| 232|0x000000008e800000, 0x000000008e900000, 0x000000008e900000|100%| E|CS|TAMS 0x000000008e800000, 0x000000008e800000| Complete 
| 233|0x000000008e900000, 0x000000008ea00000, 0x000000008ea00000|100%| E|CS|TAMS 0x000000008e900000, 0x000000008e900000| Complete 
| 234|0x000000008ea00000, 0x000000008eb00000, 0x000000008eb00000|100%| E|CS|TAMS 0x000000008ea00000, 0x000000008ea00000| Complete 
| 235|0x000000008eb00000, 0x000000008ec00000, 0x000000008ec00000|100%| E|CS|TAMS 0x000000008eb00000, 0x000000008eb00000| Complete 
| 236|0x000000008ec00000, 0x000000008ed00000, 0x000000008ed00000|100%| E|CS|TAMS 0x000000008ec00000, 0x000000008ec00000| Complete 
| 237|0x000000008ed00000, 0x000000008ee00000, 0x000000008ee00000|100%| E|CS|TAMS 0x000000008ed00000, 0x000000008ed00000| Complete 
| 238|0x000000008ee00000, 0x000000008ef00000, 0x000000008ef00000|100%| E|CS|TAMS 0x000000008ee00000, 0x000000008ee00000| Complete 
| 239|0x000000008ef00000, 0x000000008f000000, 0x000000008f000000|100%| E|CS|TAMS 0x000000008ef00000, 0x000000008ef00000| Complete 
| 240|0x000000008f000000, 0x000000008f100000, 0x000000008f100000|100%| E|CS|TAMS 0x000000008f000000, 0x000000008f000000| Complete 
| 241|0x000000008f100000, 0x000000008f200000, 0x000000008f200000|100%| E|CS|TAMS 0x000000008f100000, 0x000000008f100000| Complete 
| 242|0x000000008f200000, 0x000000008f300000, 0x000000008f300000|100%| E|CS|TAMS 0x000000008f200000, 0x000000008f200000| Complete 
| 243|0x000000008f300000, 0x000000008f400000, 0x000000008f400000|100%| E|CS|TAMS 0x000000008f300000, 0x000000008f300000| Complete 
| 244|0x000000008f400000, 0x000000008f500000, 0x000000008f500000|100%| E|CS|TAMS 0x000000008f400000, 0x000000008f400000| Complete 
| 245|0x000000008f500000, 0x000000008f600000, 0x000000008f600000|100%| E|CS|TAMS 0x000000008f500000, 0x000000008f500000| Complete 
| 246|0x000000008f600000, 0x000000008f700000, 0x000000008f700000|100%| E|CS|TAMS 0x000000008f600000, 0x000000008f600000| Complete 
| 247|0x000000008f700000, 0x000000008f800000, 0x000000008f800000|100%| E|CS|TAMS 0x000000008f700000, 0x000000008f700000| Complete 
| 248|0x000000008f800000, 0x000000008f900000, 0x000000008f900000|100%| E|CS|TAMS 0x000000008f800000, 0x000000008f800000| Complete 
| 249|0x000000008f900000, 0x000000008fa00000, 0x000000008fa00000|100%| E|CS|TAMS 0x000000008f900000, 0x000000008f900000| Complete 
| 250|0x000000008fa00000, 0x000000008fb00000, 0x000000008fb00000|100%| E|CS|TAMS 0x000000008fa00000, 0x000000008fa00000| Complete 
| 251|0x000000008fb00000, 0x000000008fc00000, 0x000000008fc00000|100%| E|CS|TAMS 0x000000008fb00000, 0x000000008fb00000| Complete 
| 252|0x000000008fc00000, 0x000000008fd00000, 0x000000008fd00000|100%| E|CS|TAMS 0x000000008fc00000, 0x000000008fc00000| Complete 
| 253|0x000000008fd00000, 0x000000008fe00000, 0x000000008fe00000|100%| E|CS|TAMS 0x000000008fd00000, 0x000000008fd00000| Complete 
| 254|0x000000008fe00000, 0x000000008ff00000, 0x000000008ff00000|100%| E|CS|TAMS 0x000000008fe00000, 0x000000008fe00000| Complete 
| 255|0x000000008ff00000, 0x0000000090000000, 0x0000000090000000|100%| E|CS|TAMS 0x000000008ff00000, 0x000000008ff00000| Complete 
| 256|0x0000000090000000, 0x0000000090100000, 0x0000000090100000|100%| E|CS|TAMS 0x0000000090000000, 0x0000000090000000| Complete 
| 257|0x0000000090100000, 0x0000000090200000, 0x0000000090200000|100%| E|CS|TAMS 0x0000000090100000, 0x0000000090100000| Complete 
| 258|0x0000000090200000, 0x0000000090300000, 0x0000000090300000|100%| E|CS|TAMS 0x0000000090200000, 0x0000000090200000| Complete 
| 259|0x0000000090300000, 0x0000000090400000, 0x0000000090400000|100%| E|CS|TAMS 0x0000000090300000, 0x0000000090300000| Complete 
| 260|0x0000000090400000, 0x0000000090500000, 0x0000000090500000|100%| E|CS|TAMS 0x0000000090400000, 0x0000000090400000| Complete 
| 261|0x0000000090500000, 0x0000000090600000, 0x0000000090600000|100%| E|CS|TAMS 0x0000000090500000, 0x0000000090500000| Complete 
| 262|0x0000000090600000, 0x0000000090700000, 0x0000000090700000|100%| E|CS|TAMS 0x0000000090600000, 0x0000000090600000| Complete 
| 263|0x0000000090700000, 0x0000000090800000, 0x0000000090800000|100%| E|CS|TAMS 0x0000000090700000, 0x0000000090700000| Complete 
| 264|0x0000000090800000, 0x0000000090900000, 0x0000000090900000|100%| E|CS|TAMS 0x0000000090800000, 0x0000000090800000| Complete 
| 265|0x0000000090900000, 0x0000000090a00000, 0x0000000090a00000|100%| E|CS|TAMS 0x0000000090900000, 0x0000000090900000| Complete 
| 266|0x0000000090a00000, 0x0000000090b00000, 0x0000000090b00000|100%| E|CS|TAMS 0x0000000090a00000, 0x0000000090a00000| Complete 
| 267|0x0000000090b00000, 0x0000000090c00000, 0x0000000090c00000|100%| E|CS|TAMS 0x0000000090b00000, 0x0000000090b00000| Complete 
| 268|0x0000000090c00000, 0x0000000090d00000, 0x0000000090d00000|100%| E|CS|TAMS 0x0000000090c00000, 0x0000000090c00000| Complete 
| 269|0x0000000090d00000, 0x0000000090e00000, 0x0000000090e00000|100%| E|CS|TAMS 0x0000000090d00000, 0x0000000090d00000| Complete 
| 270|0x0000000090e00000, 0x0000000090f00000, 0x0000000090f00000|100%| E|CS|TAMS 0x0000000090e00000, 0x0000000090e00000| Complete 
| 271|0x0000000090f00000, 0x0000000091000000, 0x0000000091000000|100%| E|CS|TAMS 0x0000000090f00000, 0x0000000090f00000| Complete 

Card table byte_map: [0x0000021377360000,0x0000021377760000] _byte_map_base: 0x0000021376f60000

Marking Bits (Prev, Next): (CMBitMap*) 0x0000021373afcfc0, (CMBitMap*) 0x0000021373afd000
 Prev Bits: [0x0000021377b60000, 0x0000021379b60000)
 Next Bits: [0x0000021379b60000, 0x000002137bb60000)

Polling page: 0x0000021373260000

Metaspace:

Usage:
  Non-class:     84.50 MB used.
      Class:     13.17 MB used.
       Both:     97.67 MB used.

Virtual space:
  Non-class space:       88.00 MB reserved,      84.94 MB ( 97%) committed,  11 nodes.
      Class space:        1.00 GB reserved,      13.50 MB (  1%) committed,  1 nodes.
             Both:        1.09 GB reserved,      98.44 MB (  9%) committed. 

Chunk freelists:
   Non-Class:  3.03 MB
       Class:  2.52 MB
        Both:  5.55 MB

MaxMetaspaceSize: unlimited
CompressedClassSpaceSize: 1.00 GB
Initial GC threshold: 21.00 MB
Current GC threshold: 106.88 MB
CDS: off
MetaspaceReclaimPolicy: balanced
 - commit_granule_bytes: 65536.
 - commit_granule_words: 8192.
 - virtual_space_node_default_size: 1048576.
 - enlarge_chunks_in_place: 1.
 - new_chunks_are_fully_committed: 0.
 - uncommit_free_chunks: 1.
 - use_allocation_guard: 0.
 - handle_deallocations: 1.


Internal statistics:

num_allocs_failed_limit: 6.
num_arena_births: 992.
num_arena_deaths: 0.
num_vsnodes_births: 12.
num_vsnodes_deaths: 0.
num_space_committed: 1574.
num_space_uncommitted: 0.
num_chunks_returned_to_freelist: 6.
num_chunks_taken_from_freelist: 4690.
num_chunk_merges: 6.
num_chunk_splits: 3080.
num_chunks_enlarged: 2029.
num_purges: 0.
num_inconsistent_stats: 0.

CodeHeap 'non-profiled nmethods': size=120000Kb used=7033Kb max_used=7033Kb free=112966Kb
 bounds [0x0000021307ad0000, 0x00000213081b0000, 0x000002130f000000]
CodeHeap 'profiled nmethods': size=120000Kb used=21941Kb max_used=21941Kb free=98059Kb
 bounds [0x0000021300000000, 0x0000021301570000, 0x0000021307530000]
CodeHeap 'non-nmethods': size=5760Kb used=2381Kb max_used=2471Kb free=3378Kb
 bounds [0x0000021307530000, 0x00000213077c0000, 0x0000021307ad0000]
 total_blobs=11941 nmethods=11025 adapters=828
 compilation: enabled
              stopped_count=0, restarted_count=0
 full_count=0

Compilation events (20 events):
Event: 18.487 Thread 0x000002137eca4010 12597 %     4       com.sun.tools.javac.parser.UnicodeReader::skipWhitespace @ 0 (17 bytes)
Event: 18.498 Thread 0x000002137eca4010 nmethod 12597% 0x00000213081acd10 code [0x00000213081acf20, 0x00000213081ad5f0]
Event: 18.498 Thread 0x000002137eca4010 12598   !   4       com.sun.tools.javac.parser.JavaTokenizer::readToken (1731 bytes)
Event: 18.500 Thread 0x000002137eca4ce0 12600       3       org.gradle.internal.compiler.java.listeners.constants.ConstantsCollector::started (1 bytes)
Event: 18.500 Thread 0x000002137eca4ce0 nmethod 12600 0x0000021301546e90 code [0x0000021301547020, 0x0000021301547138]
Event: 18.500 Thread 0x000002137eca4ce0 12601       3       com.sun.source.util.TaskEvent::<init> (14 bytes)
Event: 18.500 Thread 0x000002137eca4ce0 nmethod 12601 0x0000021301547210 code [0x00000213015473c0, 0x0000021301547798]
Event: 18.502 Thread 0x000002137eca4ce0 12602       3       com.sun.tools.javac.util.ListBuffer$1::hasNext (16 bytes)
Event: 18.502 Thread 0x000002137eca4ce0 nmethod 12602 0x0000021301547910 code [0x0000021301547ac0, 0x0000021301547ce8]
Event: 18.527 Thread 0x000002137eca4ce0 12612   !   2       jdk.internal.loader.BuiltinClassLoader::loadClassOrNull (143 bytes)
Event: 18.528 Thread 0x000002137eca4ce0 nmethod 12612 0x0000021301547d90 code [0x0000021301547fe0, 0x0000021301548678]
Event: 18.528 Thread 0x000002137eca4ce0 12613       2       jdk.nio.zipfs.ZipFileSystem$IndexNode::equals (40 bytes)
Event: 18.528 Thread 0x000002137eca4ce0 nmethod 12613 0x0000021301548c10 code [0x0000021301548de0, 0x0000021301549078]
Event: 18.528 Thread 0x000002137eca4ce0 12614       2       java.util.concurrent.locks.AbstractQueuedSynchronizer::releaseShared (19 bytes)
Event: 18.528 Thread 0x000002137eca4ce0 nmethod 12614 0x0000021301549190 code [0x0000021301549360, 0x0000021301549568]
Event: 18.528 Thread 0x000002137eca4ce0 12615       2       java.util.concurrent.locks.ReentrantReadWriteLock$ReadLock::lock (9 bytes)
Event: 18.528 Thread 0x000002137eca4ce0 nmethod 12615 0x0000021301549690 code [0x0000021301549820, 0x0000021301549948]
Event: 18.529 Thread 0x000002137eca4ce0 12616       2       java.util.concurrent.locks.AbstractQueuedSynchronizer::acquireShared (20 bytes)
Event: 18.529 Thread 0x000002137eca4ce0 nmethod 12616 0x0000021301549a10 code [0x0000021301549bc0, 0x0000021301549d58]
Event: 18.529 Thread 0x000002137eca4ce0 12617       2       java.util.concurrent.locks.ReentrantReadWriteLock$Sync::tryAcquireShared (177 bytes)

GC Heap History (20 events):
Event: 9.054 GC heap before
{Heap before GC invocations=28 (full 0):
 garbage-first heap   total 151552K, used 119271K [0x0000000080000000, 0x0000000100000000)
  region size 1024K, 52 young (53248K), 2 survivors (2048K)
 Metaspace       used 77816K, committed 78464K, reserved 1122304K
  class space    used 10566K, committed 10880K, reserved 1048576K
}
Event: 9.062 GC heap after
{Heap after GC invocations=29 (full 0):
 garbage-first heap   total 151552K, used 70824K [0x0000000080000000, 0x0000000100000000)
  region size 1024K, 5 young (5120K), 5 survivors (5120K)
 Metaspace       used 77816K, committed 78464K, reserved 1122304K
  class space    used 10566K, committed 10880K, reserved 1048576K
}
Event: 9.526 GC heap before
{Heap before GC invocations=29 (full 0):
 garbage-first heap   total 151552K, used 121000K [0x0000000080000000, 0x0000000100000000)
  region size 1024K, 54 young (55296K), 5 survivors (5120K)
 Metaspace       used 80263K, committed 81024K, reserved 1122304K
  class space    used 10938K, committed 11264K, reserved 1048576K
}
Event: 9.536 GC heap after
{Heap after GC invocations=30 (full 0):
 garbage-first heap   total 231424K, used 74468K [0x0000000080000000, 0x0000000100000000)
  region size 1024K, 7 young (7168K), 7 survivors (7168K)
 Metaspace       used 80263K, committed 81024K, reserved 1122304K
  class space    used 10938K, committed 11264K, reserved 1048576K
}
Event: 10.596 GC heap before
{Heap before GC invocations=30 (full 0):
 garbage-first heap   total 231424K, used 190180K [0x0000000080000000, 0x0000000100000000)
  region size 1024K, 121 young (123904K), 7 survivors (7168K)
 Metaspace       used 86741K, committed 87552K, reserved 1130496K
  class space    used 11849K, committed 12224K, reserved 1048576K
}
Event: 10.610 GC heap after
{Heap after GC invocations=31 (full 0):
 garbage-first heap   total 231424K, used 86450K [0x0000000080000000, 0x0000000100000000)
  region size 1024K, 16 young (16384K), 16 survivors (16384K)
 Metaspace       used 86741K, committed 87552K, reserved 1130496K
  class space    used 11849K, committed 12224K, reserved 1048576K
}
Event: 11.822 GC heap before
{Heap before GC invocations=31 (full 0):
 garbage-first heap   total 231424K, used 181682K [0x0000000080000000, 0x0000000100000000)
  region size 1024K, 104 young (106496K), 16 survivors (16384K)
 Metaspace       used 90928K, committed 91712K, reserved 1130496K
  class space    used 12406K, committed 12736K, reserved 1048576K
}
Event: 11.842 GC heap after
{Heap after GC invocations=32 (full 0):
 garbage-first heap   total 231424K, used 95847K [0x0000000080000000, 0x0000000100000000)
  region size 1024K, 10 young (10240K), 10 survivors (10240K)
 Metaspace       used 90928K, committed 91712K, reserved 1130496K
  class space    used 12406K, committed 12736K, reserved 1048576K
}
Event: 12.646 GC heap before
{Heap before GC invocations=32 (full 0):
 garbage-first heap   total 231424K, used 181863K [0x0000000080000000, 0x0000000100000000)
  region size 1024K, 93 young (95232K), 10 survivors (10240K)
 Metaspace       used 91914K, committed 92672K, reserved 1130496K
  class space    used 12503K, committed 12864K, reserved 1048576K
}
Event: 12.659 GC heap after
{Heap after GC invocations=33 (full 0):
 garbage-first heap   total 231424K, used 103873K [0x0000000080000000, 0x0000000100000000)
  region size 1024K, 8 young (8192K), 8 survivors (8192K)
 Metaspace       used 91914K, committed 92672K, reserved 1130496K
  class space    used 12503K, committed 12864K, reserved 1048576K
}
Event: 13.249 GC heap before
{Heap before GC invocations=33 (full 0):
 garbage-first heap   total 231424K, used 182721K [0x0000000080000000, 0x0000000100000000)
  region size 1024K, 86 young (88064K), 8 survivors (8192K)
 Metaspace       used 92365K, committed 93120K, reserved 1130496K
  class space    used 12531K, committed 12864K, reserved 1048576K
}
Event: 13.266 GC heap after
{Heap after GC invocations=34 (full 0):
 garbage-first heap   total 231424K, used 110478K [0x0000000080000000, 0x0000000100000000)
  region size 1024K, 6 young (6144K), 6 survivors (6144K)
 Metaspace       used 92365K, committed 93120K, reserved 1130496K
  class space    used 12531K, committed 12864K, reserved 1048576K
}
Event: 13.729 GC heap before
{Heap before GC invocations=34 (full 0):
 garbage-first heap   total 231424K, used 186254K [0x0000000080000000, 0x0000000100000000)
  region size 1024K, 81 young (82944K), 6 survivors (6144K)
 Metaspace       used 92679K, committed 93440K, reserved 1130496K
  class space    used 12582K, committed 12928K, reserved 1048576K
}
Event: 13.740 GC heap after
{Heap after GC invocations=35 (full 0):
 garbage-first heap   total 231424K, used 116489K [0x0000000080000000, 0x0000000100000000)
  region size 1024K, 11 young (11264K), 11 survivors (11264K)
 Metaspace       used 92679K, committed 93440K, reserved 1130496K
  class space    used 12582K, committed 12928K, reserved 1048576K
}
Event: 17.645 GC heap before
{Heap before GC invocations=35 (full 0):
 garbage-first heap   total 231424K, used 187145K [0x0000000080000000, 0x0000000100000000)
  region size 1024K, 81 young (82944K), 11 survivors (11264K)
 Metaspace       used 99807K, committed 100608K, reserved 1138688K
  class space    used 13470K, committed 13824K, reserved 1048576K
}
Event: 17.659 GC heap after
{Heap after GC invocations=36 (full 0):
 garbage-first heap   total 231424K, used 123904K [0x0000000080000000, 0x0000000100000000)
  region size 1024K, 11 young (11264K), 11 survivors (11264K)
 Metaspace       used 99807K, committed 100608K, reserved 1138688K
  class space    used 13470K, committed 13824K, reserved 1048576K
}
Event: 18.058 GC heap before
{Heap before GC invocations=36 (full 0):
 garbage-first heap   total 231424K, used 195584K [0x0000000080000000, 0x0000000100000000)
  region size 1024K, 74 young (75776K), 11 survivors (11264K)
 Metaspace       used 99859K, committed 100608K, reserved 1138688K
  class space    used 13478K, committed 13824K, reserved 1048576K
}
Event: 18.077 GC heap after
{Heap after GC invocations=37 (full 0):
 garbage-first heap   total 231424K, used 142286K [0x0000000080000000, 0x0000000100000000)
  region size 1024K, 10 young (10240K), 10 survivors (10240K)
 Metaspace       used 99859K, committed 100608K, reserved 1138688K
  class space    used 13478K, committed 13824K, reserved 1048576K
}
Event: 18.256 GC heap before
{Heap before GC invocations=37 (full 0):
 garbage-first heap   total 231424K, used 194510K [0x0000000080000000, 0x0000000100000000)
  region size 1024K, 54 young (55296K), 10 survivors (10240K)
 Metaspace       used 99874K, committed 100608K, reserved 1138688K
  class space    used 13479K, committed 13824K, reserved 1048576K
}
Event: 18.272 GC heap after
{Heap after GC invocations=38 (full 0):
 garbage-first heap   total 278528K, used 155648K [0x0000000080000000, 0x0000000100000000)
  region size 1024K, 7 young (7168K), 7 survivors (7168K)
 Metaspace       used 99874K, committed 100608K, reserved 1138688K
  class space    used 13479K, committed 13824K, reserved 1048576K
}

Dll operation events (3 events):
Event: 0.009 Loaded shared library C:\Program Files\Android\Android Studio2\jbr\bin\java.dll
Event: 0.142 Loaded shared library C:\Program Files\Android\Android Studio2\jbr\bin\zip.dll
Event: 0.420 Loaded shared library C:\Program Files\Android\Android Studio2\jbr\bin\verify.dll

Deoptimization events (20 events):
Event: 18.527 Thread 0x0000021315a49700 Uncommon trap: trap_request=0xffffff45 fr.pc=0x0000021307ce4788 relative=0x0000000000002e88
Event: 18.527 Thread 0x0000021315a49700 Uncommon trap: reason=unstable_if action=reinterpret pc=0x0000021307ce4788 method=java.util.jar.Attributes.read(Ljava/util/jar/Manifest$FastInputStream;[BLjava/lang/String;I)I @ 103 c2
Event: 18.527 Thread 0x0000021315a49700 DEOPT PACKING pc=0x0000021307ce4788 sp=0x000000291e7f7780
Event: 18.527 Thread 0x0000021315a49700 DEOPT UNPACKING pc=0x00000213075869a3 sp=0x000000291e7f7770 mode 2
Event: 18.528 Thread 0x0000021315a49700 Uncommon trap: trap_request=0xffffffc6 fr.pc=0x00000213080581d8 relative=0x00000000000032f8
Event: 18.528 Thread 0x0000021315a49700 Uncommon trap: reason=bimorphic_or_optimized_type_check action=maybe_recompile pc=0x00000213080581d8 method=java.nio.file.FileTreeWalker.next()Ljava/nio/file/FileTreeWalker$Event; @ 37 c2
Event: 18.528 Thread 0x0000021315a49700 DEOPT PACKING pc=0x00000213080581d8 sp=0x000000291e7f7b90
Event: 18.528 Thread 0x0000021315a49700 DEOPT UNPACKING pc=0x00000213075869a3 sp=0x000000291e7f7bb8 mode 2
Event: 18.528 Thread 0x0000021315a49700 Uncommon trap: trap_request=0xffffffc6 fr.pc=0x00000213080581d8 relative=0x00000000000032f8
Event: 18.528 Thread 0x0000021315a49700 Uncommon trap: reason=bimorphic_or_optimized_type_check action=maybe_recompile pc=0x00000213080581d8 method=java.nio.file.FileTreeWalker.next()Ljava/nio/file/FileTreeWalker$Event; @ 37 c2
Event: 18.528 Thread 0x0000021315a49700 DEOPT PACKING pc=0x00000213080581d8 sp=0x000000291e7f7b90
Event: 18.528 Thread 0x0000021315a49700 DEOPT UNPACKING pc=0x00000213075869a3 sp=0x000000291e7f7bb8 mode 2
Event: 18.528 Thread 0x0000021315a49700 Uncommon trap: trap_request=0xffffffc6 fr.pc=0x00000213080581d8 relative=0x00000000000032f8
Event: 18.528 Thread 0x0000021315a49700 Uncommon trap: reason=bimorphic_or_optimized_type_check action=maybe_recompile pc=0x00000213080581d8 method=java.nio.file.FileTreeWalker.next()Ljava/nio/file/FileTreeWalker$Event; @ 37 c2
Event: 18.528 Thread 0x0000021315a49700 DEOPT PACKING pc=0x00000213080581d8 sp=0x000000291e7f7b90
Event: 18.528 Thread 0x0000021315a49700 DEOPT UNPACKING pc=0x00000213075869a3 sp=0x000000291e7f7bb8 mode 2
Event: 18.528 Thread 0x0000021315a49700 Uncommon trap: trap_request=0xffffffc6 fr.pc=0x00000213080581d8 relative=0x00000000000032f8
Event: 18.528 Thread 0x0000021315a49700 Uncommon trap: reason=bimorphic_or_optimized_type_check action=maybe_recompile pc=0x00000213080581d8 method=java.nio.file.FileTreeWalker.next()Ljava/nio/file/FileTreeWalker$Event; @ 37 c2
Event: 18.528 Thread 0x0000021315a49700 DEOPT PACKING pc=0x00000213080581d8 sp=0x000000291e7f7b90
Event: 18.528 Thread 0x0000021315a49700 DEOPT UNPACKING pc=0x00000213075869a3 sp=0x000000291e7f7bb8 mode 2

Classes unloaded (0 events):
No events

Classes redefined (0 events):
No events

Internal exceptions (20 events):
Event: 11.687 Thread 0x0000021315a47080 Implicit null exception at 0x000002130803d188 to 0x000002130803db18
Event: 11.687 Thread 0x0000021315a4a570 Implicit null exception at 0x000002130803d188 to 0x000002130803db18
Event: 12.057 Thread 0x0000021315a44a00 Exception <a 'java/lang/ClassNotFoundException'{0x000000008cbfb140}: com/google/firebase/crashlytics/buildtools/mappingfiles/MappingFileIdReaderBeanInfo> (0x000000008cbfb140) 
thrown [s\src\hotspot\share\classfile\systemDictionary.cpp, line 256]
Event: 12.057 Thread 0x0000021315a44a00 Exception <a 'java/lang/ClassNotFoundException'{0x000000008ca020e8}: com/google/firebase/crashlytics/buildtools/mappingfiles/MappingFileIdReaderCustomizer> (0x000000008ca020e8) 
thrown [s\src\hotspot\share\classfile\systemDictionary.cpp, line 256]
Event: 12.061 Thread 0x0000021315a44a00 Exception <a 'java/lang/ClassNotFoundException'{0x000000008ca36d68}: com/google/firebase/crashlytics/buildtools/mappingfiles/MappingFileIdReader$FileIdReaderBeanInfo> (0x000000008ca36d68) 
thrown [s\src\hotspot\share\classfile\systemDictionary.cpp, line 256]
Event: 12.061 Thread 0x0000021315a44a00 Exception <a 'java/lang/ClassNotFoundException'{0x000000008ca3d9e0}: com/google/firebase/crashlytics/buildtools/mappingfiles/MappingFileIdReader$FileIdReaderCustomizer> (0x000000008ca3d9e0) 
thrown [s\src\hotspot\share\classfile\systemDictionary.cpp, line 256]
Event: 12.878 Thread 0x0000021315a49700 Exception <a 'java/lang/NoSuchMethodError'{0x000000008c415c38}: static Lcom/android/build/gradle/internal/scope/InternalArtifactType;.<clinit>()V> (0x000000008c415c38) 
thrown [s\src\hotspot\share\prims\jni.cpp, line 1108]
Event: 12.878 Thread 0x0000021315a49700 Exception <a 'java/lang/NoSuchMethodError'{0x000000008c417638}: static Lcom/android/build/gradle/internal/scope/InternalArtifactType;.<clinit>()V> (0x000000008c417638) 
thrown [s\src\hotspot\share\prims\jni.cpp, line 1108]
Event: 12.878 Thread 0x0000021315a49700 Exception <a 'java/lang/NoSuchMethodError'{0x000000008c41aa70}: static Lcom/android/build/api/artifact/Artifact$Single;.<clinit>()V> (0x000000008c41aa70) 
thrown [s\src\hotspot\share\prims\jni.cpp, line 1108]
Event: 12.878 Thread 0x0000021315a49700 Exception <a 'java/lang/NoSuchMethodError'{0x000000008c41d290}: static Ljava/lang/Object;.<clinit>()V> (0x000000008c41d290) 
thrown [s\src\hotspot\share\prims\jni.cpp, line 1108]
Event: 12.879 Thread 0x0000021315a49700 Exception <a 'java/lang/NoSuchMethodError'{0x000000008c437a30}: static Lcom/android/build/api/artifact/ArtifactKind;.<clinit>()V> (0x000000008c437a30) 
thrown [s\src\hotspot\share\prims\jni.cpp, line 1108]
Event: 12.879 Thread 0x0000021315a49700 Exception <a 'java/lang/NoSuchMethodError'{0x000000008c438e98}: static Lcom/android/build/api/artifact/ArtifactKind;.<clinit>()V> (0x000000008c438e98) 
thrown [s\src\hotspot\share\prims\jni.cpp, line 1108]
Event: 13.326 Thread 0x0000021315a49700 Exception <a 'java/lang/NoSuchMethodError'{0x000000008d9b7ad0}: 'int java.lang.invoke.DirectMethodHandle$Holder.invokeSpecial(java.lang.Object, java.lang.Object, java.lang.Object, java.lang.Object, java.lang.Object)'> (0x000000008d9b7ad0) 
thrown [s\src\hotspot\share\interpreter\linkResolver.cpp, line 771]
Event: 13.584 Thread 0x0000021315a49700 Exception <a 'java/lang/NoSuchMethodError'{0x000000008af32d68}: static Ljava/lang/Object;.<clinit>()V> (0x000000008af32d68) 
thrown [s\src\hotspot\share\prims\jni.cpp, line 1108]
Event: 17.106 Thread 0x0000021315a49700 Exception <a 'java/lang/NoSuchMethodError'{0x000000008c8a0210}: 'void java.lang.invoke.DirectMethodHandle$Holder.invokeVirtual(java.lang.Object, java.lang.Object, java.lang.Object, java.lang.Object)'> (0x000000008c8a0210) 
thrown [s\src\hotspot\share\interpreter\linkResolver.cpp, line 771]
Event: 17.660 Thread 0x0000021315a49700 Implicit null exception at 0x000002130812ed77 to 0x0000021308131ba0
Event: 17.669 Thread 0x0000021315a49700 Implicit null exception at 0x0000021308134b6b to 0x00000213081355ac
Event: 18.218 Thread 0x0000021315a49700 Implicit null exception at 0x000002130817a4e7 to 0x000002130817ef90
Event: 18.503 Thread 0x0000021315a49700 Exception <a 'sun/nio/fs/WindowsException'{0x000000008edf0838}> (0x000000008edf0838) 
thrown [s\src\hotspot\share\prims\jni.cpp, line 517]
Event: 18.503 Thread 0x0000021315a49700 Exception <a 'sun/nio/fs/WindowsException'{0x000000008edf0ac8}> (0x000000008edf0ac8) 
thrown [s\src\hotspot\share\prims\jni.cpp, line 517]

VM Operations (20 events):
Event: 14.752 Executing VM operation: Cleanup
Event: 14.752 Executing VM operation: Cleanup done
Event: 15.760 Executing VM operation: Cleanup
Event: 15.760 Executing VM operation: Cleanup done
Event: 16.648 Executing VM operation: HandshakeAllThreads
Event: 16.649 Executing VM operation: HandshakeAllThreads done
Event: 16.989 Executing VM operation: HandshakeAllThreads
Event: 16.989 Executing VM operation: HandshakeAllThreads done
Event: 16.989 Executing VM operation: Cleanup
Event: 16.990 Executing VM operation: Cleanup done
Event: 17.454 Executing VM operation: HandshakeAllThreads
Event: 17.454 Executing VM operation: HandshakeAllThreads done
Event: 17.645 Executing VM operation: G1CollectForAllocation
Event: 17.659 Executing VM operation: G1CollectForAllocation done
Event: 17.725 Executing VM operation: HandshakeAllThreads
Event: 17.725 Executing VM operation: HandshakeAllThreads done
Event: 18.058 Executing VM operation: G1CollectForAllocation
Event: 18.077 Executing VM operation: G1CollectForAllocation done
Event: 18.256 Executing VM operation: G1CollectForAllocation
Event: 18.272 Executing VM operation: G1CollectForAllocation done

Events (20 events):
Event: 16.599 loading class java/nio/file/FileTreeWalker$1 done
Event: 16.633 loading class java/nio/charset/IllegalCharsetNameException
Event: 16.633 loading class java/nio/charset/IllegalCharsetNameException done
Event: 16.633 loading class java/nio/file/ProviderNotFoundException
Event: 16.633 loading class java/nio/file/ProviderNotFoundException done
Event: 16.647 loading class java/util/JumboEnumSet
Event: 16.648 loading class java/util/JumboEnumSet done
Event: 16.658 loading class java/util/JumboEnumSet$EnumSetIterator
Event: 16.658 loading class java/util/JumboEnumSet$EnumSetIterator done
Event: 16.663 loading class java/util/ResourceBundle$KeyElementReference
Event: 16.663 loading class java/util/ResourceBundle$CacheKeyReference
Event: 16.663 loading class java/util/ResourceBundle$CacheKeyReference done
Event: 16.663 loading class java/util/ResourceBundle$KeyElementReference done
Event: 16.663 loading class java/util/ResourceBundle$3
Event: 16.663 loading class java/util/ResourceBundle$3 done
Event: 16.668 loading class java/util/ResourceBundle$BundleReference
Event: 16.668 loading class java/util/ResourceBundle$BundleReference done
Event: 16.981 loading class java/util/ServiceLoader$ProviderSpliterator
Event: 16.981 loading class java/util/ServiceLoader$ProviderSpliterator done
Event: 17.738 Thread 0x000002137eca79c0 flushing nmethod 0x0000021301188290


Dynamic libraries:
0x00007ff69a5f0000 - 0x00007ff69a5fa000 	C:\Program Files\Android\Android Studio2\jbr\bin\java.exe
0x00007fffbf830000 - 0x00007fffbfa28000 	C:\WINDOWS\SYSTEM32\ntdll.dll
0x00007fffbe530000 - 0x00007fffbe5ed000 	C:\WINDOWS\System32\KERNEL32.DLL
0x00007fffbd290000 - 0x00007fffbd586000 	C:\WINDOWS\System32\KERNELBASE.dll
0x0000000058430000 - 0x00000000584df000 	C:\ProgramData\Symantec\Symantec Endpoint Protection\14.3.5413.3000.105\Data\Sysfer\x64\sysfer.dll
0x00007fffbcef0000 - 0x00007fffbcff0000 	C:\WINDOWS\System32\ucrtbase.dll
0x00007fffadab0000 - 0x00007fffadac7000 	C:\Program Files\Android\Android Studio2\jbr\bin\jli.dll
0x00007fffb5a30000 - 0x00007fffb5a4b000 	C:\Program Files\Android\Android Studio2\jbr\bin\VCRUNTIME140.dll
0x00007fffbe390000 - 0x00007fffbe52e000 	C:\WINDOWS\System32\USER32.dll
0x00007fffa72b0000 - 0x00007fffa754a000 	C:\WINDOWS\WinSxS\amd64_microsoft.windows.common-controls_6595b64144ccf1df_6.0.19041.3636_none_60b6a03d71f818d5\COMCTL32.dll
0x00007fffbcff0000 - 0x00007fffbd012000 	C:\WINDOWS\System32\win32u.dll
0x00007fffbeb50000 - 0x00007fffbebee000 	C:\WINDOWS\System32\msvcrt.dll
0x00007fffbdaa0000 - 0x00007fffbdacb000 	C:\WINDOWS\System32\GDI32.dll
0x00007fffbd590000 - 0x00007fffbd6a7000 	C:\WINDOWS\System32\gdi32full.dll
0x00007fffbd6b0000 - 0x00007fffbd74d000 	C:\WINDOWS\System32\msvcp_win.dll
0x00007fffbe350000 - 0x00007fffbe382000 	C:\WINDOWS\System32\IMM32.DLL
0x00007fffb8b80000 - 0x00007fffb8b8c000 	C:\Program Files\Android\Android Studio2\jbr\bin\vcruntime140_1.dll
0x00007fffaa700000 - 0x00007fffaa78d000 	C:\Program Files\Android\Android Studio2\jbr\bin\msvcp140.dll
0x00007fff61910000 - 0x00007fff6257e000 	C:\Program Files\Android\Android Studio2\jbr\bin\server\jvm.dll
0x00007fffbea30000 - 0x00007fffbeae3000 	C:\WINDOWS\System32\ADVAPI32.dll
0x00007fffbf0f0000 - 0x00007fffbf18f000 	C:\WINDOWS\System32\sechost.dll
0x00007fffbf190000 - 0x00007fffbf2b6000 	C:\WINDOWS\System32\RPCRT4.dll
0x00007fffbd1d0000 - 0x00007fffbd1f7000 	C:\WINDOWS\System32\bcrypt.dll
0x00007fffa75c0000 - 0x00007fffa75c9000 	C:\WINDOWS\SYSTEM32\WSOCK32.dll
0x00007fffbebf0000 - 0x00007fffbec5b000 	C:\WINDOWS\System32\WS2_32.dll
0x00007fffa66e0000 - 0x00007fffa6707000 	C:\WINDOWS\SYSTEM32\WINMM.dll
0x00007fffae2d0000 - 0x00007fffae2da000 	C:\WINDOWS\SYSTEM32\VERSION.dll
0x00007fffbb740000 - 0x00007fffbb752000 	C:\WINDOWS\SYSTEM32\kernel.appcore.dll
0x00007fffb8b00000 - 0x00007fffb8b0a000 	C:\Program Files\Android\Android Studio2\jbr\bin\jimage.dll
0x00007fffae4b0000 - 0x00007fffae694000 	C:\WINDOWS\SYSTEM32\DBGHELP.DLL
0x00007fffae340000 - 0x00007fffae374000 	C:\WINDOWS\SYSTEM32\dbgcore.DLL
0x00007fffbd200000 - 0x00007fffbd282000 	C:\WINDOWS\System32\bcryptPrimitives.dll
0x00007fffb56e0000 - 0x00007fffb56ee000 	C:\Program Files\Android\Android Studio2\jbr\bin\instrument.dll
0x00007fffb5700000 - 0x00007fffb5725000 	C:\Program Files\Android\Android Studio2\jbr\bin\java.dll
0x00007fffb7a10000 - 0x00007fffb7a28000 	C:\Program Files\Android\Android Studio2\jbr\bin\zip.dll
0x00007fffbdb90000 - 0x00007fffbe2d5000 	C:\WINDOWS\System32\SHELL32.dll
0x00007fffbad50000 - 0x00007fffbb4ec000 	C:\WINDOWS\SYSTEM32\windows.storage.dll
0x00007fffbe6d0000 - 0x00007fffbea24000 	C:\WINDOWS\System32\combase.dll
0x00007fffbc770000 - 0x00007fffbc79e000 	C:\WINDOWS\SYSTEM32\Wldp.dll
0x00007fffbe5f0000 - 0x00007fffbe6bd000 	C:\WINDOWS\System32\OLEAUT32.dll
0x00007fffbdae0000 - 0x00007fffbdb8d000 	C:\WINDOWS\System32\SHCORE.dll
0x00007fffbf790000 - 0x00007fffbf7e5000 	C:\WINDOWS\System32\shlwapi.dll
0x00007fffbce20000 - 0x00007fffbce45000 	C:\WINDOWS\SYSTEM32\profapi.dll
0x00007fffb5fb0000 - 0x00007fffb5fc9000 	C:\Program Files\Android\Android Studio2\jbr\bin\net.dll
0x00007fffaf330000 - 0x00007fffaf43a000 	C:\WINDOWS\SYSTEM32\WINHTTP.dll
0x00007fffbc550000 - 0x00007fffbc5ba000 	C:\WINDOWS\system32\mswsock.dll
0x00007fffb5880000 - 0x00007fffb5896000 	C:\Program Files\Android\Android Studio2\jbr\bin\nio.dll
0x00007fffb8940000 - 0x00007fffb8950000 	C:\Program Files\Android\Android Studio2\jbr\bin\verify.dll
0x00007fffb5b70000 - 0x00007fffb5b97000 	C:\Users\ADIT-PC\.gradle\native\68d5fa5c4cc2d200863cafc0d521ce42e7d3e7ee720ec0a83991735586a16f82\windows-amd64\native-platform.dll
0x00007fff8c550000 - 0x00007fff8c694000 	C:\Users\ADIT-PC\.gradle\native\e376f236ea51e6404a007f0833ffe2c6e607c4080706a723a18a27aeea778392\windows-amd64\native-platform-file-events.dll
0x00007fffb5ea0000 - 0x00007fffb5ea9000 	C:\Program Files\Android\Android Studio2\jbr\bin\management.dll
0x00007fffb56f0000 - 0x00007fffb56fb000 	C:\Program Files\Android\Android Studio2\jbr\bin\management_ext.dll
0x00007fffbdad0000 - 0x00007fffbdad8000 	C:\WINDOWS\System32\PSAPI.DLL
0x00007fffbc7b0000 - 0x00007fffbc7c8000 	C:\WINDOWS\SYSTEM32\CRYPTSP.dll
0x00007fffbbea0000 - 0x00007fffbbed4000 	C:\WINDOWS\system32\rsaenh.dll
0x00007fffbcde0000 - 0x00007fffbce0e000 	C:\WINDOWS\SYSTEM32\USERENV.dll
0x00007fffbc6e0000 - 0x00007fffbc6ec000 	C:\WINDOWS\SYSTEM32\CRYPTBASE.dll
0x00007fffbc260000 - 0x00007fffbc29b000 	C:\WINDOWS\SYSTEM32\IPHLPAPI.DLL
0x00007fffbe2e0000 - 0x00007fffbe2e8000 	C:\WINDOWS\System32\NSI.dll
0x00007fffb5440000 - 0x00007fffb5457000 	C:\WINDOWS\SYSTEM32\dhcpcsvc6.DLL
0x00007fffb5330000 - 0x00007fffb534d000 	C:\WINDOWS\SYSTEM32\dhcpcsvc.DLL
0x00007fffbc2b0000 - 0x00007fffbc37b000 	C:\WINDOWS\SYSTEM32\DNSAPI.dll
0x00007fffab9a0000 - 0x00007fffab9a7000 	C:\WINDOWS\system32\wshunix.dll

dbghelp: loaded successfully - version: 4.0.5 - missing functions: none
symbol engine: initialized successfully - sym options: 0x614 - pdb path: .;C:\Program Files\Android\Android Studio2\jbr\bin;C:\WINDOWS\SYSTEM32;C:\ProgramData\Symantec\Symantec Endpoint Protection\14.3.5413.3000.105\Data\Sysfer\x64;C:\WINDOWS\WinSxS\amd64_microsoft.windows.common-controls_6595b64144ccf1df_6.0.19041.3636_none_60b6a03d71f818d5;C:\Program Files\Android\Android Studio2\jbr\bin\server;C:\Users\ADIT-PC\.gradle\native\68d5fa5c4cc2d200863cafc0d521ce42e7d3e7ee720ec0a83991735586a16f82\windows-amd64;C:\Users\ADIT-PC\.gradle\native\e376f236ea51e6404a007f0833ffe2c6e607c4080706a723a18a27aeea778392\windows-amd64

VM Arguments:
jvm_args: --add-opens=java.base/java.util=ALL-UNNAMED --add-opens=java.base/java.lang=ALL-UNNAMED --add-opens=java.base/java.lang.invoke=ALL-UNNAMED --add-opens=java.prefs/java.util.prefs=ALL-UNNAMED --add-opens=java.base/java.nio.charset=ALL-UNNAMED --add-opens=java.base/java.net=ALL-UNNAMED --add-opens=java.base/java.util.concurrent.atomic=ALL-UNNAMED -Xmx2048m -Dfile.encoding=windows-1252 -Duser.country=ID -Duser.language=en -Duser.variant -javaagent:C:\Users\ADIT-PC\.gradle\wrapper\dists\gradle-8.2-bin\bbg7u40eoinfdyxsxr3z4i7ta\gradle-8.2\lib\agents\gradle-instrumentation-agent-8.2.jar 
java_command: org.gradle.launcher.daemon.bootstrap.GradleDaemon 8.2
java_class_path (initial): C:\Users\ADIT-PC\.gradle\wrapper\dists\gradle-8.2-bin\bbg7u40eoinfdyxsxr3z4i7ta\gradle-8.2\lib\gradle-launcher-8.2.jar
Launcher Type: SUN_STANDARD

[Global flags]
     intx CICompilerCount                          = 3                                         {product} {ergonomic}
     uint ConcGCThreads                            = 1                                         {product} {ergonomic}
     uint G1ConcRefinementThreads                  = 4                                         {product} {ergonomic}
   size_t G1HeapRegionSize                         = 1048576                                   {product} {ergonomic}
    uintx GCDrainStackTargetSize                   = 64                                        {product} {ergonomic}
   size_t InitialHeapSize                          = 266338304                                 {product} {ergonomic}
   size_t MarkStackSize                            = 4194304                                   {product} {ergonomic}
   size_t MaxHeapSize                              = 2147483648                                {product} {command line}
   size_t MaxNewSize                               = 1287651328                                {product} {ergonomic}
   size_t MinHeapDeltaBytes                        = 1048576                                   {product} {ergonomic}
   size_t MinHeapSize                              = 8388608                                   {product} {ergonomic}
    uintx NonNMethodCodeHeapSize                   = 5832780                                {pd product} {ergonomic}
    uintx NonProfiledCodeHeapSize                  = 122912730                              {pd product} {ergonomic}
    uintx ProfiledCodeHeapSize                     = 122912730                              {pd product} {ergonomic}
    uintx ReservedCodeCacheSize                    = 251658240                              {pd product} {ergonomic}
     bool SegmentedCodeCache                       = true                                      {product} {ergonomic}
   size_t SoftMaxHeapSize                          = 2147483648                             {manageable} {ergonomic}
     bool UseCompressedClassPointers               = true                           {product lp64_product} {ergonomic}
     bool UseCompressedOops                        = true                           {product lp64_product} {ergonomic}
     bool UseG1GC                                  = true                                      {product} {ergonomic}
     bool UseLargePagesIndividualAllocation        = false                                  {pd product} {ergonomic}

Logging:
Log output configuration:
 #0: stdout all=warning uptime,level,tags
 #1: stderr all=off uptime,level,tags

Environment Variables:
JAVA_HOME=C:\Program Files\Java\jdk-15.0.2
CLASSPATH=.;
PATH=C:\Program Files\Common Files\Oracle\Java\javapath;C:\Python311\Scripts\;C:\Python311\;C:\Python310\Scripts\;C:\Python310\;C:\Python27\;C:\Python27\Scripts;C:\Program Files (x86)\Common Files\Oracle\Java\javapath;C:\Program Files\Docker\Docker\Resources\bin;C:\ProgramData\Oracle\Java\javapath;C:\Program Files (x86)\Intel\iCLS Client\;C:\Program Files\Intel\iCLS Client\;C:\WINDOWS\system32;C:\WINDOWS;C:\WINDOWS\System32\Wbem;C:\WINDOWS\System32\WindowsPowerShell\v1.0\;C:\Program Files (x86)\Intel\Intel(R) Management Engine Components\DAL;C:\Program Files\Intel\Intel(R) Management Engine Components\DAL;C:\Program Files (x86)\Intel\Intel(R) Management Engine Components\IPT;C:\Program Files\Intel\Intel(R) Management Engine Components\IPT;C:\Program Files\Java\jre1.8.0_162\bin;C:\Program Files (x86)\GtkSharp\2.12\bin;C:\Program Files\PuTTY\;C:\Program Files\Java\jdk1.8.0_162\bin;C:\PROGRA~2\Groovy\GROOVY~1.15\bin;C:\WINDOWS\System32\OpenSSH\;C:\xampp\php;C:\Program Files (x86)\Microsoft SQL Server\Client SDK\ODBC\130\Tools\Binn\;C:\Program Files (x86)\Microsoft SQL Server\140\Tools\Binn\;C:\Program Files (x86)\Microsoft SQL Server\140\DTS\Binn\;C:\Program Files (x86)\Microsoft SQL Server\140\Tools\Binn\ManagementStudio\;c:\Program Files (x86)\Microsoft SQL Server\110\Tools\Binn\;c:\Program Files\Microsoft SQL Server\110\Tools\Binn\;c:\Program Files\Microsoft SQL Server\110\DTS\Binn\;C:\composer;C:\Flutter\flutter\bin;C:\Bitnami\wampstack-5.6.39-0\php;C:\ProgramData\chocolatey\bin;C:\Program Files (x86)\Yarn\bin\;C:\Program Files\Java\jdk1.8.0_211\bin;C:\Program Files\OpenJDK\openjdk-8u312-b07\bin;C:\Program Files\nodejs\;C:\Program Files\Git\cmd;C:\Users\ADIT-PC\AppData\Local\Microsoft\WindowsApps;C:\Users\ADIT-PC\AppData\Local\Android\Sdk\platform-tools;C:\Users\ADIT-PC\AppData\Roaming\npm;C:\Users\ADIT-PC\AppData\Local\Programs\Microsoft VS Code\bin;C:\Users\ADIT-PC\AppData\Local\Android\Sdk;C:\src\flutter\bin;C:\Users\ADIT-PC\AppData\Local\GitHubDesktop\bin;C:\Users
USERNAME=ADIT-PC
OS=Windows_NT
PROCESSOR_IDENTIFIER=Intel64 Family 6 Model 94 Stepping 3, GenuineIntel
TMP=C:\Users\ADIT-PC\AppData\Local\Temp
TEMP=C:\Users\ADIT-PC\AppData\Local\Temp


JNI global refs:
JNI global refs: 27, weak refs: 15

JNI global refs memory usage: 843, weak refs: 841


---------------  S Y S T E M  ---------------

OS:
 Windows 10 , 64 bit Build 19041 (10.0.19041.3636)
OS uptime: 10 days 4:30 hours
Hyper-V role detected

CPU: total 4 (initial active 4) (4 cores per cpu, 1 threads per core) family 6 model 94 stepping 3 microcode 0xf2, cx8, cmov, fxsr, mmx, 3dnowpref, sse, sse2, sse3, ssse3, sse4.1, sse4.2, popcnt, lzcnt, tsc, tscinvbit, avx, avx2, aes, erms, clmul, bmi1, bmi2, rtm, adx, fma, vzeroupper, clflush, clflushopt, hv

Memory: 4k page, system-wide physical 16247M (3693M free)
TotalPageFile size 25028M (AvailPageFile size 5M)
current process WorkingSet (physical memory assigned to process): 543M, peak: 543M
current process commit charge ("private bytes"): 574M, peak: 576M

vm_info: OpenJDK 64-Bit Server VM (17.0.6+0-b2043.56-10027231) for windows-amd64 JRE (17.0.6+0-b2043.56-10027231), built on Apr 28 2023 00:43:19 by "androidbuild" with MS VC++ 16.10 / 16.11 (VS2019)

END.
