#
# There is insufficient memory for the Java Runtime Environment to continue.
# Native memory allocation (malloc) failed to allocate 2203696 bytes for Chunk::new
# Possible reasons:
#   The system is out of physical RAM or swap space
#   The process is running with CompressedOops enabled, and the Java Heap may be blocking the growth of the native heap
# Possible solutions:
#   Reduce memory load on the system
#   Increase physical memory or swap space
#   Check if swap backing store is full
#   Decrease Java heap size (-Xmx/-Xms)
#   Decrease number of Java threads
#   Decrease Java thread stack sizes (-Xss)
#   Set larger code cache with -XX:ReservedCodeCacheSize=
#   JVM is running with Unscaled Compressed Oops mode in which the Java heap is
#     placed in the first 4GB address space. The Java Heap base address is the
#     maximum limit for the native heap growth. Please use -XX:HeapBaseMinAddress
#     to set the Java Heap base and to place the Java Heap above 4GB virtual address.
# This output file may be truncated or incomplete.
#
#  Out of Memory Error (arena.cpp:189), pid=7308, tid=12004
#
# JRE version: OpenJDK Runtime Environment (17.0.6) (build 17.0.6+0-b2043.56-10027231)
# Java VM: OpenJDK 64-Bit Server VM (17.0.6+0-b2043.56-10027231, mixed mode, tiered, compressed oops, compressed class ptrs, g1 gc, windows-amd64)
# No core dump will be written. Minidumps are not enabled by default on client versions of Windows
#

---------------  S U M M A R Y ------------

Command Line: --add-opens=java.base/java.util=ALL-UNNAMED --add-opens=java.base/java.lang=ALL-UNNAMED --add-opens=java.base/java.lang.invoke=ALL-UNNAMED --add-opens=java.prefs/java.util.prefs=ALL-UNNAMED --add-opens=java.base/java.nio.charset=ALL-UNNAMED --add-opens=java.base/java.net=ALL-UNNAMED --add-opens=java.base/java.util.concurrent.atomic=ALL-UNNAMED -Xmx2048m -Dfile.encoding=windows-1252 -Duser.country=ID -Duser.language=en -Duser.variant -javaagent:C:\Users\ADIT-PC\.gradle\wrapper\dists\gradle-8.2-bin\bbg7u40eoinfdyxsxr3z4i7ta\gradle-8.2\lib\agents\gradle-instrumentation-agent-8.2.jar org.gradle.launcher.daemon.bootstrap.GradleDaemon 8.2

Host: Intel(R) Core(TM) i5-6500 CPU @ 3.20GHz, 4 cores, 15G,  Windows 10 , 64 bit Build 19041 (10.0.19041.3636)
Time: Tue Feb 27 08:35:16 2024 SE Asia Standard Time elapsed time: 1122.921074 seconds (0d 0h 18m 42s)

---------------  T H R E A D  ---------------

Current thread (0x00000169bf5577d0):  JavaThread "C2 CompilerThread1" daemon [_thread_in_native, id=12004, stack(0x0000004545b00000,0x0000004545c00000)]


Current CompileTask:
C2:1122921 15740       4       com.sun.tools.javac.code.Symbol$ClassSymbol::flags (9 bytes)

Stack: [0x0000004545b00000,0x0000004545c00000]
Native frames: (J=compiled Java code, j=interpreted, Vv=VM code, C=native code)
V  [jvm.dll+0x683c9a]
V  [jvm.dll+0x8427a4]
V  [jvm.dll+0x843f9e]
V  [jvm.dll+0x844603]
V  [jvm.dll+0x249b75]
V  [jvm.dll+0xabcac]
V  [jvm.dll+0xac27c]
V  [jvm.dll+0x368802]
V  [jvm.dll+0x332f31]
V  [jvm.dll+0x3323da]
V  [jvm.dll+0x21c201]
V  [jvm.dll+0x21b621]
V  [jvm.dll+0x1a4fdd]
V  [jvm.dll+0x22b098]
V  [jvm.dll+0x229159]
V  [jvm.dll+0x7f81ec]
V  [jvm.dll+0x7f274a]
V  [jvm.dll+0x682ad5]
C  [ucrtbase.dll+0x21bb2]
C  [KERNEL32.DLL+0x17344]
C  [ntdll.dll+0x526b1]


---------------  P R O C E S S  ---------------

Threads class SMR info:
_java_thread_list=0x00000169c457c600, length=64, elements={
0x00000169a2bf2a10, 0x00000169bcc35830, 0x00000169bcc361e0, 0x00000169bcc858f0,
0x00000169bcc881c0, 0x00000169bcc88b70, 0x00000169bcc89520, 0x00000169bcc8c2c0,
0x00000169bccad7f0, 0x00000169bccbe9a0, 0x00000169bcd6fb40, 0x00000169bceb8c50,
0x00000169bdf94f10, 0x00000169be2d3150, 0x00000169be031870, 0x00000169bd00a270,
0x00000169bd00a740, 0x00000169bd00ac10, 0x00000169bd009da0, 0x00000169bd00b5b0,
0x00000169c2574560, 0x00000169c2572d50, 0x00000169c2574090, 0x00000169c2576240,
0x00000169c2577f20, 0x00000169c2574f00, 0x00000169c2577580, 0x00000169c419dee0,
0x00000169bf850280, 0x00000169bf84b0b0, 0x00000169bf84d260, 0x00000169bf84f410,
0x00000169bf84e5a0, 0x00000169bf84fdb0, 0x00000169bf8515c0, 0x00000169bf84bf20,
0x00000169bf850750, 0x00000169bf84e0d0, 0x00000169bf84ea70, 0x00000169bf84b580,
0x00000169bf850c20, 0x00000169bf8510f0, 0x00000169bf84a240, 0x00000169bf851a90,
0x00000169bf84abe0, 0x00000169bf84ba50, 0x00000169bf84c3f0, 0x00000169bf84c8c0,
0x00000169bf84f8e0, 0x00000169bf84d730, 0x00000169bf84dc00, 0x00000169c0f49db0,
0x00000169c0f48f40, 0x00000169c0f4bf60, 0x00000169c0f498e0, 0x00000169c0f46d90,
0x00000169c0f485a0, 0x00000169c0f4cdd0, 0x00000169c0f4ba90, 0x00000169c0f47c00,
0x00000169c0f45580, 0x00000169c0f45a50, 0x00000169c0f45f20, 0x00000169bf5577d0
}

Java Threads: ( => current thread )
  0x00000169a2bf2a10 JavaThread "main" [_thread_blocked, id=5580, stack(0x0000004543c00000,0x0000004543d00000)]
  0x00000169bcc35830 JavaThread "Reference Handler" daemon [_thread_blocked, id=27128, stack(0x0000004544300000,0x0000004544400000)]
  0x00000169bcc361e0 JavaThread "Finalizer" daemon [_thread_blocked, id=24956, stack(0x0000004544400000,0x0000004544500000)]
  0x00000169bcc858f0 JavaThread "Signal Dispatcher" daemon [_thread_blocked, id=4184, stack(0x0000004544500000,0x0000004544600000)]
  0x00000169bcc881c0 JavaThread "Attach Listener" daemon [_thread_blocked, id=9740, stack(0x0000004544600000,0x0000004544700000)]
  0x00000169bcc88b70 JavaThread "Service Thread" daemon [_thread_blocked, id=17476, stack(0x0000004544700000,0x0000004544800000)]
  0x00000169bcc89520 JavaThread "Monitor Deflation Thread" daemon [_thread_blocked, id=13564, stack(0x0000004544800000,0x0000004544900000)]
  0x00000169bcc8c2c0 JavaThread "C2 CompilerThread0" daemon [_thread_in_native, id=17268, stack(0x0000004544900000,0x0000004544a00000)]
  0x00000169bccad7f0 JavaThread "C1 CompilerThread0" daemon [_thread_in_vm, id=23616, stack(0x0000004544a00000,0x0000004544b00000)]
  0x00000169bccbe9a0 JavaThread "Sweeper thread" daemon [_thread_blocked, id=26580, stack(0x0000004544b00000,0x0000004544c00000)]
  0x00000169bcd6fb40 JavaThread "Common-Cleaner" daemon [_thread_blocked, id=1472, stack(0x0000004544c00000,0x0000004544d00000)]
  0x00000169bceb8c50 JavaThread "Notification Thread" daemon [_thread_blocked, id=25112, stack(0x0000004544d00000,0x0000004544e00000)]
  0x00000169bdf94f10 JavaThread "Daemon health stats" [_thread_blocked, id=11420, stack(0x0000004545300000,0x0000004545400000)]
  0x00000169be2d3150 JavaThread "Incoming local TCP Connector on port 7145" [_thread_in_native, id=16556, stack(0x0000004545400000,0x0000004545500000)]
  0x00000169be031870 JavaThread "Daemon periodic checks" [_thread_blocked, id=12132, stack(0x0000004545500000,0x0000004545600000)]
  0x00000169bd00a270 JavaThread "Cache worker for journal cache (C:\Users\ADIT-PC\.gradle\caches\journal-1)" [_thread_blocked, id=14928, stack(0x0000004545d00000,0x0000004545e00000)]
  0x00000169bd00a740 JavaThread "File lock request listener" [_thread_in_native, id=14788, stack(0x0000004545e00000,0x0000004545f00000)]
  0x00000169bd00ac10 JavaThread "Cache worker for file hash cache (C:\Users\ADIT-PC\.gradle\caches\8.2\fileHashes)" [_thread_blocked, id=15192, stack(0x0000004545f00000,0x0000004546000000)]
  0x00000169bd009da0 JavaThread "File watcher server" daemon [_thread_in_native, id=25808, stack(0x0000004546000000,0x0000004546100000)]
  0x00000169bd00b5b0 JavaThread "File watcher consumer" daemon [_thread_blocked, id=26632, stack(0x0000004546100000,0x0000004546200000)]
  0x00000169c2574560 JavaThread "Cache worker for file content cache (C:\Users\ADIT-PC\.gradle\caches\8.2\fileContent)" [_thread_blocked, id=1104, stack(0x0000004546400000,0x0000004546500000)]
  0x00000169c2572d50 JavaThread "Cache worker for execution history cache (C:\Users\ADIT-PC\.gradle\caches\8.2\executionHistory)" [_thread_blocked, id=9332, stack(0x0000004546700000,0x0000004546800000)]
  0x00000169c2574090 JavaThread "jar transforms" [_thread_blocked, id=12348, stack(0x0000004546800000,0x0000004546900000)]
  0x00000169c2576240 JavaThread "jar transforms Thread 2" [_thread_blocked, id=16036, stack(0x0000004546900000,0x0000004546a00000)]
  0x00000169c2577f20 JavaThread "jar transforms Thread 3" [_thread_blocked, id=27156, stack(0x0000004546b00000,0x0000004546c00000)]
  0x00000169c2574f00 JavaThread "jar transforms Thread 4" [_thread_blocked, id=8720, stack(0x0000004546c00000,0x0000004546d00000)]
  0x00000169c2577580 JavaThread "Memory manager" [_thread_blocked, id=24032, stack(0x0000004547300000,0x0000004547400000)]
  0x00000169c419dee0 JavaThread "pool-3-thread-1" [_thread_blocked, id=25504, stack(0x0000004547400000,0x0000004547500000)]
  0x00000169bf850280 JavaThread "Daemon Thread 2" [_thread_blocked, id=17364, stack(0x0000004543b00000,0x0000004543c00000)]
  0x00000169bf84b0b0 JavaThread "Handler for socket connection from /127.0.0.1:7145 to /127.0.0.1:7241" [_thread_in_native, id=18192, stack(0x0000004544f00000,0x0000004545000000)]
  0x00000169bf84d260 JavaThread "Cancel handler" [_thread_blocked, id=20864, stack(0x0000004545600000,0x0000004545700000)]
  0x00000169bf84f410 JavaThread "Daemon worker Thread 2" [_thread_blocked, id=10744, stack(0x0000004545700000,0x0000004545800000)]
  0x00000169bf84e5a0 JavaThread "Asynchronous log dispatcher for DefaultDaemonConnection: socket connection from /127.0.0.1:7145 to /127.0.0.1:7241" [_thread_blocked, id=17908, stack(0x0000004545800000,0x0000004545900000)]
  0x00000169bf84fdb0 JavaThread "Stdin handler" [_thread_blocked, id=25160, stack(0x0000004545900000,0x0000004545a00000)]
  0x00000169bf8515c0 JavaThread "Daemon client event forwarder" [_thread_blocked, id=21392, stack(0x0000004545a00000,0x0000004545b00000)]
  0x00000169bf84bf20 JavaThread "Cache worker for checksums cache (C:\Users\ADIT-PC\AndroidStudioProjects\HRISMobile-New\.gradle\8.2\checksums)" [_thread_blocked, id=7592, stack(0x0000004545c00000,0x0000004545d00000)]
  0x00000169bf850750 JavaThread "Cache worker for cache directory md-rule (C:\Users\ADIT-PC\.gradle\caches\8.2\md-rule)" [_thread_blocked, id=14492, stack(0x0000004546200000,0x0000004546300000)]
  0x00000169bf84e0d0 JavaThread "Cache worker for file hash cache (C:\Users\ADIT-PC\AndroidStudioProjects\HRISMobile-New\.gradle\8.2\fileHashes)" [_thread_blocked, id=27404, stack(0x0000004546300000,0x0000004546400000)]
  0x00000169bf84ea70 JavaThread "Cache worker for cache directory md-supplier (C:\Users\ADIT-PC\.gradle\caches\8.2\md-supplier)" [_thread_blocked, id=25892, stack(0x0000004546500000,0x0000004546600000)]
  0x00000169bf84b580 JavaThread "Cache worker for dependencies-accessors (C:\Users\ADIT-PC\AndroidStudioProjects\HRISMobile-New\.gradle\8.2\dependencies-accessors)" [_thread_blocked, id=15872, stack(0x0000004546600000,0x0000004546700000)]
  0x00000169bf850c20 JavaThread "Cache worker for Build Output Cleanup Cache (C:\Users\ADIT-PC\AndroidStudioProjects\HRISMobile-New\.gradle\buildOutputCleanup)" [_thread_blocked, id=6300, stack(0x0000004546d00000,0x0000004546e00000)]
  0x00000169bf8510f0 JavaThread "Unconstrained build operations" [_thread_blocked, id=11988, stack(0x0000004546e00000,0x0000004546f00000)]
  0x00000169bf84a240 JavaThread "Unconstrained build operations Thread 2" [_thread_blocked, id=19712, stack(0x0000004546f00000,0x0000004547000000)]
  0x00000169bf851a90 JavaThread "Unconstrained build operations Thread 3" [_thread_blocked, id=16640, stack(0x0000004547000000,0x0000004547100000)]
  0x00000169bf84abe0 JavaThread "build event listener" [_thread_blocked, id=24732, stack(0x0000004547100000,0x0000004547200000)]
  0x00000169bf84ba50 JavaThread "pool-6-thread-1" [_thread_blocked, id=10740, stack(0x0000004547200000,0x0000004547300000)]
  0x00000169bf84c3f0 JavaThread "build event listener" [_thread_blocked, id=17500, stack(0x0000004547500000,0x0000004547600000)]
  0x00000169bf84c8c0 JavaThread "included builds" [_thread_blocked, id=12944, stack(0x0000004547600000,0x0000004547700000)]
  0x00000169bf84f8e0 JavaThread "Execution worker" [_thread_blocked, id=16392, stack(0x0000004547700000,0x0000004547800000)]
  0x00000169bf84d730 JavaThread "Execution worker Thread 2" [_thread_in_vm, id=17312, stack(0x0000004547800000,0x0000004547900000)]
  0x00000169bf84dc00 JavaThread "Execution worker Thread 3" [_thread_blocked, id=22512, stack(0x0000004547900000,0x0000004547a00000)]
  0x00000169c0f49db0 JavaThread "Cache worker for execution history cache (C:\Users\ADIT-PC\AndroidStudioProjects\HRISMobile-New\.gradle\8.2\executionHistory)" [_thread_blocked, id=16532, stack(0x0000004547a00000,0x0000004547b00000)]
  0x00000169c0f48f40 JavaThread "Unconstrained build operations Thread 4" [_thread_blocked, id=15104, stack(0x0000004547b00000,0x0000004547c00000)]
  0x00000169c0f4bf60 JavaThread "Unconstrained build operations Thread 5" [_thread_blocked, id=26492, stack(0x0000004547c00000,0x0000004547d00000)]
  0x00000169c0f498e0 JavaThread "Unconstrained build operations Thread 6" [_thread_blocked, id=15704, stack(0x0000004547d00000,0x0000004547e00000)]
  0x00000169c0f46d90 JavaThread "Unconstrained build operations Thread 7" [_thread_blocked, id=25412, stack(0x0000004547e00000,0x0000004547f00000)]
  0x00000169c0f485a0 JavaThread "Unconstrained build operations Thread 8" [_thread_blocked, id=21824, stack(0x0000004547f00000,0x0000004548000000)]
  0x00000169c0f4cdd0 JavaThread "Unconstrained build operations Thread 9" [_thread_blocked, id=25444, stack(0x0000004548000000,0x0000004548100000)]
  0x00000169c0f4ba90 JavaThread "Unconstrained build operations Thread 10" [_thread_blocked, id=25612, stack(0x0000004548100000,0x0000004548200000)]
  0x00000169c0f47c00 JavaThread "Cache worker for Java compile cache (C:\Users\ADIT-PC\.gradle\caches\8.2\javaCompile)" [_thread_blocked, id=7096, stack(0x0000004548200000,0x0000004548300000)]
  0x00000169c0f45580 JavaThread "Build operations" [_thread_blocked, id=11076, stack(0x0000004548300000,0x0000004548400000)]
  0x00000169c0f45a50 JavaThread "Build operations Thread 2" [_thread_blocked, id=17776, stack(0x0000004548400000,0x0000004548500000)]
  0x00000169c0f45f20 JavaThread "Build operations Thread 3" [_thread_blocked, id=25420, stack(0x0000004548500000,0x0000004548600000)]
=>0x00000169bf5577d0 JavaThread "C2 CompilerThread1" daemon [_thread_in_native, id=12004, stack(0x0000004545b00000,0x0000004545c00000)]

Other Threads:
  0x00000169bc1c63a0 VMThread "VM Thread" [stack: 0x0000004544200000,0x0000004544300000] [id=12708]
  0x00000169a2c69bd0 WatcherThread [stack: 0x0000004544e00000,0x0000004544f00000] [id=25480]
  0x00000169a2c4f030 GCTaskThread "GC Thread#0" [stack: 0x0000004543d00000,0x0000004543e00000] [id=3592]
  0x00000169bd521de0 GCTaskThread "GC Thread#1" [stack: 0x0000004545000000,0x0000004545100000] [id=26264]
  0x00000169bd522090 GCTaskThread "GC Thread#2" [stack: 0x0000004545100000,0x0000004545200000] [id=8440]
  0x00000169bd522340 GCTaskThread "GC Thread#3" [stack: 0x0000004545200000,0x0000004545300000] [id=24596]
  0x00000169a2c5ff70 ConcurrentGCThread "G1 Main Marker" [stack: 0x0000004543e00000,0x0000004543f00000] [id=25792]
  0x00000169a2c614f0 ConcurrentGCThread "G1 Conc#0" [stack: 0x0000004543f00000,0x0000004544000000] [id=12484]
  0x00000169a2caecb0 ConcurrentGCThread "G1 Refine#0" [stack: 0x0000004544000000,0x0000004544100000] [id=9956]
  0x00000169c0126230 ConcurrentGCThread "G1 Refine#1" [stack: 0x0000004546a00000,0x0000004546b00000] [id=18580]
  0x00000169bc0768d0 ConcurrentGCThread "G1 Service" [stack: 0x0000004544100000,0x0000004544200000] [id=25040]

Threads with active compile tasks:
C2 CompilerThread0  1122965 15418   !   4       com.sun.tools.javac.code.Symbol$ClassSymbol::complete (52 bytes)
C1 CompilerThread0  1122965 16102   !   2       com.sun.tools.javac.code.TypeAnnotations$TypeAnnotationPositions::visitMethodDef (386 bytes)
C2 CompilerThread1  1122965 15740       4       com.sun.tools.javac.code.Symbol$ClassSymbol::flags (9 bytes)

VM state: not at safepoint (normal execution)

VM Mutex/Monitor currently owned by a thread: None

Heap address: 0x0000000080000000, size: 2048 MB, Compressed Oops mode: 32-bit

CDS archive(s) not mapped
Compressed class space mapped at: 0x0000000100000000-0x0000000140000000, reserved size: 1073741824
Narrow klass base: 0x0000000000000000, Narrow klass shift: 3, Narrow klass range: 0x140000000

GC Precious Log:
 CPUs: 4 total, 4 available
 Memory: 16247M
 Large Page Support: Disabled
 NUMA Support: Disabled
 Compressed Oops: Enabled (32-bit)
 Heap Region Size: 1M
 Heap Min Capacity: 8M
 Heap Initial Capacity: 254M
 Heap Max Capacity: 2G
 Pre-touch: Disabled
 Parallel Workers: 4
 Concurrent Workers: 1
 Concurrent Refinement Workers: 4
 Periodic GC: Disabled

Heap:
 garbage-first heap   total 247808K, used 193024K [0x0000000080000000, 0x0000000100000000)
  region size 1024K, 29 young (29696K), 7 survivors (7168K)
 Metaspace       used 108528K, committed 109312K, reserved 1146880K
  class space    used 14261K, committed 14656K, reserved 1048576K

Heap Regions: E=young(eden), S=young(survivor), O=old, HS=humongous(starts), HC=humongous(continues), CS=collection set, F=free, OA=open archive, CA=closed archive, TAMS=top-at-mark-start (previous, next)
|   0|0x0000000080000000, 0x0000000080100000, 0x0000000080100000|100%| O|  |TAMS 0x0000000080100000, 0x0000000080000000| Untracked 
|   1|0x0000000080100000, 0x0000000080200000, 0x0000000080200000|100%| O|  |TAMS 0x0000000080200000, 0x0000000080100000| Untracked 
|   2|0x0000000080200000, 0x0000000080300000, 0x0000000080300000|100%|HS|  |TAMS 0x0000000080300000, 0x0000000080200000| Complete 
|   3|0x0000000080300000, 0x0000000080400000, 0x0000000080400000|100%|HC|  |TAMS 0x0000000080400000, 0x0000000080300000| Complete 
|   4|0x0000000080400000, 0x0000000080500000, 0x0000000080500000|100%|HC|  |TAMS 0x0000000080500000, 0x0000000080400000| Complete 
|   5|0x0000000080500000, 0x0000000080600000, 0x0000000080600000|100%|HC|  |TAMS 0x0000000080600000, 0x0000000080500000| Complete 
|   6|0x0000000080600000, 0x0000000080700000, 0x0000000080700000|100%| O|  |TAMS 0x0000000080700000, 0x0000000080600000| Untracked 
|   7|0x0000000080700000, 0x0000000080800000, 0x0000000080800000|100%| O|  |TAMS 0x0000000080800000, 0x0000000080700000| Untracked 
|   8|0x0000000080800000, 0x0000000080900000, 0x0000000080900000|100%| O|  |TAMS 0x0000000080900000, 0x0000000080800000| Untracked 
|   9|0x0000000080900000, 0x0000000080a00000, 0x0000000080a00000|100%| O|  |TAMS 0x0000000080a00000, 0x0000000080900000| Untracked 
|  10|0x0000000080a00000, 0x0000000080b00000, 0x0000000080b00000|100%| O|  |TAMS 0x0000000080b00000, 0x0000000080a00000| Untracked 
|  11|0x0000000080b00000, 0x0000000080c00000, 0x0000000080c00000|100%| O|  |TAMS 0x0000000080c00000, 0x0000000080b00000| Untracked 
|  12|0x0000000080c00000, 0x0000000080d00000, 0x0000000080d00000|100%| O|  |TAMS 0x0000000080d00000, 0x0000000080c00000| Untracked 
|  13|0x0000000080d00000, 0x0000000080e00000, 0x0000000080e00000|100%| O|  |TAMS 0x0000000080e00000, 0x0000000080d00000| Untracked 
|  14|0x0000000080e00000, 0x0000000080f00000, 0x0000000080f00000|100%| O|  |TAMS 0x0000000080f00000, 0x0000000080e00000| Untracked 
|  15|0x0000000080f00000, 0x0000000081000000, 0x0000000081000000|100%| O|  |TAMS 0x0000000081000000, 0x0000000080f00000| Untracked 
|  16|0x0000000081000000, 0x0000000081100000, 0x0000000081100000|100%| O|  |TAMS 0x0000000081100000, 0x0000000081000000| Untracked 
|  17|0x0000000081100000, 0x0000000081200000, 0x0000000081200000|100%| O|  |TAMS 0x0000000081200000, 0x0000000081100000| Untracked 
|  18|0x0000000081200000, 0x0000000081300000, 0x0000000081300000|100%| O|  |TAMS 0x0000000081300000, 0x0000000081200000| Untracked 
|  19|0x0000000081300000, 0x0000000081400000, 0x0000000081400000|100%| O|  |TAMS 0x0000000081400000, 0x0000000081300000| Untracked 
|  20|0x0000000081400000, 0x0000000081500000, 0x0000000081500000|100%| O|  |TAMS 0x0000000081500000, 0x0000000081400000| Untracked 
|  21|0x0000000081500000, 0x0000000081600000, 0x0000000081600000|100%| O|  |TAMS 0x0000000081600000, 0x0000000081500000| Untracked 
|  22|0x0000000081600000, 0x0000000081700000, 0x0000000081700000|100%| O|  |TAMS 0x0000000081700000, 0x0000000081600000| Untracked 
|  23|0x0000000081700000, 0x0000000081800000, 0x0000000081800000|100%| O|  |TAMS 0x0000000081800000, 0x0000000081700000| Untracked 
|  24|0x0000000081800000, 0x0000000081900000, 0x0000000081900000|100%| O|  |TAMS 0x0000000081900000, 0x0000000081800000| Untracked 
|  25|0x0000000081900000, 0x0000000081a00000, 0x0000000081a00000|100%| O|  |TAMS 0x0000000081a00000, 0x0000000081900000| Untracked 
|  26|0x0000000081a00000, 0x0000000081b00000, 0x0000000081b00000|100%| O|  |TAMS 0x0000000081b00000, 0x0000000081a00000| Untracked 
|  27|0x0000000081b00000, 0x0000000081c00000, 0x0000000081c00000|100%| O|  |TAMS 0x0000000081c00000, 0x0000000081b00000| Untracked 
|  28|0x0000000081c00000, 0x0000000081d00000, 0x0000000081d00000|100%| O|  |TAMS 0x0000000081d00000, 0x0000000081c00000| Untracked 
|  29|0x0000000081d00000, 0x0000000081e00000, 0x0000000081e00000|100%| O|  |TAMS 0x0000000081e00000, 0x0000000081d00000| Untracked 
|  30|0x0000000081e00000, 0x0000000081f00000, 0x0000000081f00000|100%| O|  |TAMS 0x0000000081f00000, 0x0000000081e00000| Untracked 
|  31|0x0000000081f00000, 0x0000000082000000, 0x0000000082000000|100%|HS|  |TAMS 0x0000000082000000, 0x0000000081f00000| Complete 
|  32|0x0000000082000000, 0x0000000082100000, 0x0000000082100000|100%|HS|  |TAMS 0x0000000082100000, 0x0000000082000000| Complete 
|  33|0x0000000082100000, 0x0000000082200000, 0x0000000082200000|100%|HS|  |TAMS 0x0000000082200000, 0x0000000082100000| Complete 
|  34|0x0000000082200000, 0x0000000082300000, 0x0000000082300000|100%| O|  |TAMS 0x0000000082300000, 0x0000000082200000| Untracked 
|  35|0x0000000082300000, 0x0000000082400000, 0x0000000082400000|100%|HS|  |TAMS 0x0000000082400000, 0x0000000082300000| Complete 
|  36|0x0000000082400000, 0x0000000082500000, 0x0000000082500000|100%| O|  |TAMS 0x0000000082500000, 0x0000000082400000| Untracked 
|  37|0x0000000082500000, 0x0000000082600000, 0x0000000082600000|100%| O|  |TAMS 0x0000000082600000, 0x0000000082500000| Untracked 
|  38|0x0000000082600000, 0x0000000082700000, 0x0000000082700000|100%| O|  |TAMS 0x0000000082700000, 0x0000000082600000| Untracked 
|  39|0x0000000082700000, 0x0000000082800000, 0x0000000082800000|100%| O|  |TAMS 0x0000000082800000, 0x0000000082700000| Untracked 
|  40|0x0000000082800000, 0x0000000082900000, 0x0000000082900000|100%| O|  |TAMS 0x0000000082900000, 0x0000000082800000| Untracked 
|  41|0x0000000082900000, 0x0000000082a00000, 0x0000000082a00000|100%| O|  |TAMS 0x0000000082a00000, 0x0000000082900000| Untracked 
|  42|0x0000000082a00000, 0x0000000082b00000, 0x0000000082b00000|100%| O|  |TAMS 0x0000000082b00000, 0x0000000082a00000| Untracked 
|  43|0x0000000082b00000, 0x0000000082c00000, 0x0000000082c00000|100%| O|  |TAMS 0x0000000082c00000, 0x0000000082b00000| Untracked 
|  44|0x0000000082c00000, 0x0000000082d00000, 0x0000000082d00000|100%| O|  |TAMS 0x0000000082d00000, 0x0000000082c00000| Untracked 
|  45|0x0000000082d00000, 0x0000000082e00000, 0x0000000082e00000|100%| O|  |TAMS 0x0000000082e00000, 0x0000000082d00000| Untracked 
|  46|0x0000000082e00000, 0x0000000082f00000, 0x0000000082f00000|100%| O|  |TAMS 0x0000000082f00000, 0x0000000082e00000| Untracked 
|  47|0x0000000082f00000, 0x0000000083000000, 0x0000000083000000|100%| O|  |TAMS 0x0000000083000000, 0x0000000082f00000| Untracked 
|  48|0x0000000083000000, 0x0000000083100000, 0x0000000083100000|100%| O|  |TAMS 0x0000000083000000, 0x0000000083000000| Untracked 
|  49|0x0000000083100000, 0x0000000083200000, 0x0000000083200000|100%| O|  |TAMS 0x0000000083200000, 0x0000000083100000| Untracked 
|  50|0x0000000083200000, 0x0000000083300000, 0x0000000083300000|100%| O|  |TAMS 0x0000000083300000, 0x0000000083200000| Untracked 
|  51|0x0000000083300000, 0x0000000083400000, 0x0000000083400000|100%| O|  |TAMS 0x0000000083400000, 0x0000000083300000| Untracked 
|  52|0x0000000083400000, 0x0000000083500000, 0x0000000083500000|100%| O|  |TAMS 0x0000000083500000, 0x0000000083400000| Untracked 
|  53|0x0000000083500000, 0x0000000083600000, 0x0000000083600000|100%| O|  |TAMS 0x0000000083600000, 0x0000000083500000| Untracked 
|  54|0x0000000083600000, 0x0000000083700000, 0x0000000083700000|100%| O|  |TAMS 0x0000000083700000, 0x0000000083600000| Untracked 
|  55|0x0000000083700000, 0x0000000083800000, 0x0000000083800000|100%| O|  |TAMS 0x0000000083800000, 0x0000000083700000| Untracked 
|  56|0x0000000083800000, 0x0000000083900000, 0x0000000083900000|100%| O|  |TAMS 0x0000000083900000, 0x0000000083800000| Untracked 
|  57|0x0000000083900000, 0x0000000083a00000, 0x0000000083a00000|100%| O|  |TAMS 0x000000008392d600, 0x0000000083900000| Untracked 
|  58|0x0000000083a00000, 0x0000000083b00000, 0x0000000083b00000|100%| O|  |TAMS 0x0000000083a00000, 0x0000000083a00000| Untracked 
|  59|0x0000000083b00000, 0x0000000083c00000, 0x0000000083c00000|100%| O|  |TAMS 0x0000000083b00000, 0x0000000083b00000| Untracked 
|  60|0x0000000083c00000, 0x0000000083d00000, 0x0000000083d00000|100%| O|  |TAMS 0x0000000083c00000, 0x0000000083c00000| Untracked 
|  61|0x0000000083d00000, 0x0000000083e00000, 0x0000000083e00000|100%| O|  |TAMS 0x0000000083d00000, 0x0000000083d00000| Untracked 
|  62|0x0000000083e00000, 0x0000000083f00000, 0x0000000083f00000|100%| O|  |TAMS 0x0000000083e00000, 0x0000000083e00000| Untracked 
|  63|0x0000000083f00000, 0x0000000084000000, 0x0000000084000000|100%| O|  |TAMS 0x0000000083f00000, 0x0000000083f00000| Untracked 
|  64|0x0000000084000000, 0x0000000084100000, 0x0000000084100000|100%| O|  |TAMS 0x0000000084000000, 0x0000000084000000| Untracked 
|  65|0x0000000084100000, 0x0000000084200000, 0x0000000084200000|100%| O|  |TAMS 0x0000000084100000, 0x0000000084100000| Untracked 
|  66|0x0000000084200000, 0x0000000084300000, 0x0000000084300000|100%| O|  |TAMS 0x0000000084200000, 0x0000000084200000| Untracked 
|  67|0x0000000084300000, 0x0000000084400000, 0x0000000084400000|100%| O|  |TAMS 0x0000000084300000, 0x0000000084300000| Untracked 
|  68|0x0000000084400000, 0x0000000084500000, 0x0000000084500000|100%| O|  |TAMS 0x0000000084400000, 0x0000000084400000| Untracked 
|  69|0x0000000084500000, 0x0000000084600000, 0x0000000084600000|100%| O|  |TAMS 0x0000000084500000, 0x0000000084500000| Untracked 
|  70|0x0000000084600000, 0x0000000084700000, 0x0000000084700000|100%| O|  |TAMS 0x0000000084600000, 0x0000000084600000| Untracked 
|  71|0x0000000084700000, 0x0000000084800000, 0x0000000084800000|100%| O|  |TAMS 0x0000000084700000, 0x0000000084700000| Untracked 
|  72|0x0000000084800000, 0x0000000084900000, 0x0000000084900000|100%| O|  |TAMS 0x0000000084800000, 0x0000000084800000| Untracked 
|  73|0x0000000084900000, 0x0000000084a00000, 0x0000000084a00000|100%| O|  |TAMS 0x0000000084900000, 0x0000000084900000| Untracked 
|  74|0x0000000084a00000, 0x0000000084b00000, 0x0000000084b00000|100%| O|  |TAMS 0x0000000084a00000, 0x0000000084a00000| Untracked 
|  75|0x0000000084b00000, 0x0000000084c00000, 0x0000000084c00000|100%| O|  |TAMS 0x0000000084b00000, 0x0000000084b00000| Untracked 
|  76|0x0000000084c00000, 0x0000000084d00000, 0x0000000084d00000|100%| O|  |TAMS 0x0000000084c00000, 0x0000000084c00000| Untracked 
|  77|0x0000000084d00000, 0x0000000084e00000, 0x0000000084e00000|100%| O|  |TAMS 0x0000000084d00000, 0x0000000084d00000| Untracked 
|  78|0x0000000084e00000, 0x0000000084f00000, 0x0000000084f00000|100%| O|  |TAMS 0x0000000084e00000, 0x0000000084e00000| Untracked 
|  79|0x0000000084f00000, 0x0000000085000000, 0x0000000085000000|100%| O|  |TAMS 0x0000000084f00000, 0x0000000084f00000| Untracked 
|  80|0x0000000085000000, 0x0000000085100000, 0x0000000085100000|100%| O|  |TAMS 0x0000000085000000, 0x0000000085000000| Untracked 
|  81|0x0000000085100000, 0x0000000085200000, 0x0000000085200000|100%| O|  |TAMS 0x0000000085100000, 0x0000000085100000| Untracked 
|  82|0x0000000085200000, 0x0000000085300000, 0x0000000085300000|100%| O|  |TAMS 0x0000000085200000, 0x0000000085200000| Untracked 
|  83|0x0000000085300000, 0x0000000085400000, 0x0000000085400000|100%| O|  |TAMS 0x0000000085300000, 0x0000000085300000| Untracked 
|  84|0x0000000085400000, 0x0000000085500000, 0x0000000085500000|100%| O|  |TAMS 0x0000000085400000, 0x0000000085400000| Untracked 
|  85|0x0000000085500000, 0x0000000085600000, 0x0000000085600000|100%| O|  |TAMS 0x0000000085500000, 0x0000000085500000| Untracked 
|  86|0x0000000085600000, 0x0000000085700000, 0x0000000085700000|100%| O|  |TAMS 0x0000000085600000, 0x0000000085600000| Untracked 
|  87|0x0000000085700000, 0x0000000085800000, 0x0000000085800000|100%| O|  |TAMS 0x0000000085700000, 0x0000000085700000| Untracked 
|  88|0x0000000085800000, 0x0000000085900000, 0x0000000085900000|100%| O|  |TAMS 0x0000000085800000, 0x0000000085800000| Untracked 
|  89|0x0000000085900000, 0x0000000085a00000, 0x0000000085a00000|100%| O|  |TAMS 0x0000000085900000, 0x0000000085900000| Untracked 
|  90|0x0000000085a00000, 0x0000000085b00000, 0x0000000085b00000|100%| O|  |TAMS 0x0000000085a00000, 0x0000000085a00000| Untracked 
|  91|0x0000000085b00000, 0x0000000085c00000, 0x0000000085c00000|100%| O|  |TAMS 0x0000000085b00000, 0x0000000085b00000| Untracked 
|  92|0x0000000085c00000, 0x0000000085d00000, 0x0000000085d00000|100%| O|  |TAMS 0x0000000085c00000, 0x0000000085c00000| Untracked 
|  93|0x0000000085d00000, 0x0000000085e00000, 0x0000000085e00000|100%| O|  |TAMS 0x0000000085d00000, 0x0000000085d00000| Untracked 
|  94|0x0000000085e00000, 0x0000000085f00000, 0x0000000085f00000|100%| O|  |TAMS 0x0000000085e00000, 0x0000000085e00000| Untracked 
|  95|0x0000000085f00000, 0x0000000086000000, 0x0000000086000000|100%| O|  |TAMS 0x0000000085f00000, 0x0000000085f00000| Untracked 
|  96|0x0000000086000000, 0x0000000086100000, 0x0000000086100000|100%| O|  |TAMS 0x0000000086000000, 0x0000000086000000| Untracked 
|  97|0x0000000086100000, 0x0000000086200000, 0x0000000086200000|100%| O|  |TAMS 0x0000000086100000, 0x0000000086100000| Untracked 
|  98|0x0000000086200000, 0x0000000086300000, 0x0000000086300000|100%| O|  |TAMS 0x0000000086200000, 0x0000000086200000| Untracked 
|  99|0x0000000086300000, 0x0000000086400000, 0x0000000086400000|100%| O|  |TAMS 0x0000000086300000, 0x0000000086300000| Untracked 
| 100|0x0000000086400000, 0x0000000086500000, 0x0000000086500000|100%| O|  |TAMS 0x0000000086400000, 0x0000000086400000| Untracked 
| 101|0x0000000086500000, 0x0000000086600000, 0x0000000086600000|100%| O|  |TAMS 0x0000000086500000, 0x0000000086500000| Untracked 
| 102|0x0000000086600000, 0x0000000086700000, 0x0000000086700000|100%| O|  |TAMS 0x0000000086600000, 0x0000000086600000| Untracked 
| 103|0x0000000086700000, 0x0000000086800000, 0x0000000086800000|100%| O|  |TAMS 0x0000000086700000, 0x0000000086700000| Untracked 
| 104|0x0000000086800000, 0x0000000086900000, 0x0000000086900000|100%| O|  |TAMS 0x0000000086800000, 0x0000000086800000| Untracked 
| 105|0x0000000086900000, 0x0000000086a00000, 0x0000000086a00000|100%| O|  |TAMS 0x0000000086900000, 0x0000000086900000| Untracked 
| 106|0x0000000086a00000, 0x0000000086b00000, 0x0000000086b00000|100%| O|  |TAMS 0x0000000086a00000, 0x0000000086a00000| Untracked 
| 107|0x0000000086b00000, 0x0000000086c00000, 0x0000000086c00000|100%| O|  |TAMS 0x0000000086b00000, 0x0000000086b00000| Untracked 
| 108|0x0000000086c00000, 0x0000000086d00000, 0x0000000086d00000|100%| O|  |TAMS 0x0000000086c00000, 0x0000000086c00000| Untracked 
| 109|0x0000000086d00000, 0x0000000086e00000, 0x0000000086e00000|100%| O|  |TAMS 0x0000000086d00000, 0x0000000086d00000| Untracked 
| 110|0x0000000086e00000, 0x0000000086f00000, 0x0000000086f00000|100%| O|  |TAMS 0x0000000086e00000, 0x0000000086e00000| Untracked 
| 111|0x0000000086f00000, 0x0000000087000000, 0x0000000087000000|100%| O|  |TAMS 0x0000000086f00000, 0x0000000086f00000| Untracked 
| 112|0x0000000087000000, 0x0000000087100000, 0x0000000087100000|100%| O|  |TAMS 0x0000000087000000, 0x0000000087000000| Untracked 
| 113|0x0000000087100000, 0x0000000087200000, 0x0000000087200000|100%| O|  |TAMS 0x0000000087100000, 0x0000000087100000| Untracked 
| 114|0x0000000087200000, 0x0000000087300000, 0x0000000087300000|100%| O|  |TAMS 0x0000000087200000, 0x0000000087200000| Untracked 
| 115|0x0000000087300000, 0x0000000087400000, 0x0000000087400000|100%| O|  |TAMS 0x0000000087300000, 0x0000000087300000| Untracked 
| 116|0x0000000087400000, 0x0000000087500000, 0x0000000087500000|100%| O|  |TAMS 0x0000000087400000, 0x0000000087400000| Untracked 
| 117|0x0000000087500000, 0x0000000087600000, 0x0000000087600000|100%| O|  |TAMS 0x0000000087500000, 0x0000000087500000| Untracked 
| 118|0x0000000087600000, 0x0000000087700000, 0x0000000087700000|100%| O|  |TAMS 0x0000000087600000, 0x0000000087600000| Untracked 
| 119|0x0000000087700000, 0x0000000087800000, 0x0000000087800000|100%| O|  |TAMS 0x0000000087700000, 0x0000000087700000| Untracked 
| 120|0x0000000087800000, 0x0000000087900000, 0x0000000087900000|100%| O|  |TAMS 0x0000000087800000, 0x0000000087800000| Untracked 
| 121|0x0000000087900000, 0x0000000087a00000, 0x0000000087a00000|100%| O|  |TAMS 0x0000000087900000, 0x0000000087900000| Untracked 
| 122|0x0000000087a00000, 0x0000000087b00000, 0x0000000087b00000|100%| O|  |TAMS 0x0000000087a00000, 0x0000000087a00000| Untracked 
| 123|0x0000000087b00000, 0x0000000087c00000, 0x0000000087c00000|100%| O|  |TAMS 0x0000000087b00000, 0x0000000087b00000| Untracked 
| 124|0x0000000087c00000, 0x0000000087d00000, 0x0000000087d00000|100%| O|  |TAMS 0x0000000087c00000, 0x0000000087c00000| Untracked 
| 125|0x0000000087d00000, 0x0000000087e00000, 0x0000000087e00000|100%| O|  |TAMS 0x0000000087d00000, 0x0000000087d00000| Untracked 
| 126|0x0000000087e00000, 0x0000000087f00000, 0x0000000087f00000|100%| O|  |TAMS 0x0000000087e00000, 0x0000000087e00000| Untracked 
| 127|0x0000000087f00000, 0x0000000088000000, 0x0000000088000000|100%| O|  |TAMS 0x0000000087f00000, 0x0000000087f00000| Untracked 
| 128|0x0000000088000000, 0x0000000088100000, 0x0000000088100000|100%| O|  |TAMS 0x0000000088000000, 0x0000000088000000| Untracked 
| 129|0x0000000088100000, 0x0000000088200000, 0x0000000088200000|100%| O|  |TAMS 0x0000000088100000, 0x0000000088100000| Untracked 
| 130|0x0000000088200000, 0x0000000088300000, 0x0000000088300000|100%| O|  |TAMS 0x0000000088200000, 0x0000000088200000| Untracked 
| 131|0x0000000088300000, 0x0000000088400000, 0x0000000088400000|100%| O|  |TAMS 0x0000000088300000, 0x0000000088300000| Untracked 
| 132|0x0000000088400000, 0x0000000088500000, 0x0000000088500000|100%| O|  |TAMS 0x0000000088400000, 0x0000000088400000| Untracked 
| 133|0x0000000088500000, 0x0000000088600000, 0x0000000088600000|100%| O|  |TAMS 0x0000000088500000, 0x0000000088500000| Untracked 
| 134|0x0000000088600000, 0x0000000088700000, 0x0000000088700000|100%| O|  |TAMS 0x0000000088600000, 0x0000000088600000| Untracked 
| 135|0x0000000088700000, 0x0000000088800000, 0x0000000088800000|100%|HS|  |TAMS 0x0000000088700000, 0x0000000088700000| Complete 
| 136|0x0000000088800000, 0x0000000088900000, 0x0000000088900000|100%|HC|  |TAMS 0x0000000088800000, 0x0000000088800000| Complete 
| 137|0x0000000088900000, 0x0000000088a00000, 0x0000000088a00000|100%| O|  |TAMS 0x0000000088900000, 0x0000000088900000| Untracked 
| 138|0x0000000088a00000, 0x0000000088b00000, 0x0000000088b00000|100%| O|  |TAMS 0x0000000088a00000, 0x0000000088a00000| Untracked 
| 139|0x0000000088b00000, 0x0000000088c00000, 0x0000000088c00000|100%| O|  |TAMS 0x0000000088b00000, 0x0000000088b00000| Untracked 
| 140|0x0000000088c00000, 0x0000000088d00000, 0x0000000088d00000|100%| O|  |TAMS 0x0000000088c00000, 0x0000000088c00000| Untracked 
| 141|0x0000000088d00000, 0x0000000088e00000, 0x0000000088e00000|100%| O|  |TAMS 0x0000000088d00000, 0x0000000088d00000| Untracked 
| 142|0x0000000088e00000, 0x0000000088f00000, 0x0000000088f00000|100%| O|  |TAMS 0x0000000088e00000, 0x0000000088e00000| Untracked 
| 143|0x0000000088f00000, 0x0000000089000000, 0x0000000089000000|100%| O|  |TAMS 0x0000000088f00000, 0x0000000088f00000| Untracked 
| 144|0x0000000089000000, 0x0000000089100000, 0x0000000089100000|100%| O|  |TAMS 0x0000000089000000, 0x0000000089000000| Untracked 
| 145|0x0000000089100000, 0x0000000089200000, 0x0000000089200000|100%| O|  |TAMS 0x0000000089100000, 0x0000000089100000| Untracked 
| 146|0x0000000089200000, 0x0000000089300000, 0x0000000089300000|100%| O|  |TAMS 0x0000000089200000, 0x0000000089200000| Untracked 
| 147|0x0000000089300000, 0x0000000089400000, 0x0000000089400000|100%| O|  |TAMS 0x0000000089300000, 0x0000000089300000| Untracked 
| 148|0x0000000089400000, 0x0000000089500000, 0x0000000089500000|100%| O|  |TAMS 0x0000000089400000, 0x0000000089400000| Untracked 
| 149|0x0000000089500000, 0x0000000089600000, 0x0000000089600000|100%| O|  |TAMS 0x0000000089500000, 0x0000000089500000| Untracked 
| 150|0x0000000089600000, 0x0000000089700000, 0x0000000089700000|100%| O|  |TAMS 0x0000000089600000, 0x0000000089600000| Untracked 
| 151|0x0000000089700000, 0x0000000089800000, 0x0000000089800000|100%| O|  |TAMS 0x0000000089700000, 0x0000000089700000| Untracked 
| 152|0x0000000089800000, 0x0000000089900000, 0x0000000089900000|100%| O|  |TAMS 0x0000000089800000, 0x0000000089800000| Untracked 
| 153|0x0000000089900000, 0x0000000089a00000, 0x0000000089a00000|100%| O|  |TAMS 0x0000000089900000, 0x0000000089900000| Untracked 
| 154|0x0000000089a00000, 0x0000000089b00000, 0x0000000089b00000|100%| O|  |TAMS 0x0000000089a00000, 0x0000000089a00000| Untracked 
| 155|0x0000000089b00000, 0x0000000089c00000, 0x0000000089c00000|100%| O|  |TAMS 0x0000000089b00000, 0x0000000089b00000| Untracked 
| 156|0x0000000089c00000, 0x0000000089d00000, 0x0000000089d00000|100%| O|  |TAMS 0x0000000089c00000, 0x0000000089c00000| Untracked 
| 157|0x0000000089d00000, 0x0000000089e00000, 0x0000000089e00000|100%| O|  |TAMS 0x0000000089d00000, 0x0000000089d00000| Untracked 
| 158|0x0000000089e00000, 0x0000000089f00000, 0x0000000089f00000|100%| O|  |TAMS 0x0000000089e00000, 0x0000000089e00000| Untracked 
| 159|0x0000000089f00000, 0x000000008a000000, 0x000000008a000000|100%| O|  |TAMS 0x0000000089f00000, 0x0000000089f00000| Untracked 
| 160|0x000000008a000000, 0x000000008a080000, 0x000000008a100000| 50%| O|  |TAMS 0x000000008a000000, 0x000000008a000000| Untracked 
| 161|0x000000008a100000, 0x000000008a100000, 0x000000008a200000|  0%| F|  |TAMS 0x000000008a100000, 0x000000008a100000| Untracked 
| 162|0x000000008a200000, 0x000000008a200000, 0x000000008a300000|  0%| F|  |TAMS 0x000000008a200000, 0x000000008a200000| Untracked 
| 163|0x000000008a300000, 0x000000008a300000, 0x000000008a400000|  0%| F|  |TAMS 0x000000008a300000, 0x000000008a300000| Untracked 
| 164|0x000000008a400000, 0x000000008a400000, 0x000000008a500000|  0%| F|  |TAMS 0x000000008a400000, 0x000000008a400000| Untracked 
| 165|0x000000008a500000, 0x000000008a500000, 0x000000008a600000|  0%| F|  |TAMS 0x000000008a500000, 0x000000008a500000| Untracked 
| 166|0x000000008a600000, 0x000000008a600000, 0x000000008a700000|  0%| F|  |TAMS 0x000000008a600000, 0x000000008a600000| Untracked 
| 167|0x000000008a700000, 0x000000008a700000, 0x000000008a800000|  0%| F|  |TAMS 0x000000008a700000, 0x000000008a700000| Untracked 
| 168|0x000000008a800000, 0x000000008a800000, 0x000000008a900000|  0%| F|  |TAMS 0x000000008a800000, 0x000000008a800000| Untracked 
| 169|0x000000008a900000, 0x000000008a900000, 0x000000008aa00000|  0%| F|  |TAMS 0x000000008a900000, 0x000000008a900000| Untracked 
| 170|0x000000008aa00000, 0x000000008aa00000, 0x000000008ab00000|  0%| F|  |TAMS 0x000000008aa00000, 0x000000008aa00000| Untracked 
| 171|0x000000008ab00000, 0x000000008ab00000, 0x000000008ac00000|  0%| F|  |TAMS 0x000000008ab00000, 0x000000008ab00000| Untracked 
| 172|0x000000008ac00000, 0x000000008ac00000, 0x000000008ad00000|  0%| F|  |TAMS 0x000000008ac00000, 0x000000008ac00000| Untracked 
| 173|0x000000008ad00000, 0x000000008ad00000, 0x000000008ae00000|  0%| F|  |TAMS 0x000000008ad00000, 0x000000008ad00000| Untracked 
| 174|0x000000008ae00000, 0x000000008ae00000, 0x000000008af00000|  0%| F|  |TAMS 0x000000008ae00000, 0x000000008ae00000| Untracked 
| 175|0x000000008af00000, 0x000000008af00000, 0x000000008b000000|  0%| F|  |TAMS 0x000000008af00000, 0x000000008af00000| Untracked 
| 176|0x000000008b000000, 0x000000008b000000, 0x000000008b100000|  0%| F|  |TAMS 0x000000008b000000, 0x000000008b000000| Untracked 
| 177|0x000000008b100000, 0x000000008b100000, 0x000000008b200000|  0%| F|  |TAMS 0x000000008b100000, 0x000000008b100000| Untracked 
| 178|0x000000008b200000, 0x000000008b200000, 0x000000008b300000|  0%| F|  |TAMS 0x000000008b200000, 0x000000008b200000| Untracked 
| 179|0x000000008b300000, 0x000000008b300000, 0x000000008b400000|  0%| F|  |TAMS 0x000000008b300000, 0x000000008b300000| Untracked 
| 180|0x000000008b400000, 0x000000008b400000, 0x000000008b500000|  0%| F|  |TAMS 0x000000008b400000, 0x000000008b400000| Untracked 
| 181|0x000000008b500000, 0x000000008b500000, 0x000000008b600000|  0%| F|  |TAMS 0x000000008b500000, 0x000000008b500000| Untracked 
| 182|0x000000008b600000, 0x000000008b600000, 0x000000008b700000|  0%| F|  |TAMS 0x000000008b600000, 0x000000008b600000| Untracked 
| 183|0x000000008b700000, 0x000000008b700000, 0x000000008b800000|  0%| F|  |TAMS 0x000000008b700000, 0x000000008b700000| Untracked 
| 184|0x000000008b800000, 0x000000008b800000, 0x000000008b900000|  0%| F|  |TAMS 0x000000008b800000, 0x000000008b800000| Untracked 
| 185|0x000000008b900000, 0x000000008b900000, 0x000000008ba00000|  0%| F|  |TAMS 0x000000008b900000, 0x000000008b900000| Untracked 
| 186|0x000000008ba00000, 0x000000008ba00000, 0x000000008bb00000|  0%| F|  |TAMS 0x000000008ba00000, 0x000000008ba00000| Untracked 
| 187|0x000000008bb00000, 0x000000008bb00000, 0x000000008bc00000|  0%| F|  |TAMS 0x000000008bb00000, 0x000000008bb00000| Untracked 
| 188|0x000000008bc00000, 0x000000008bc00000, 0x000000008bd00000|  0%| F|  |TAMS 0x000000008bc00000, 0x000000008bc00000| Untracked 
| 189|0x000000008bd00000, 0x000000008bd00000, 0x000000008be00000|  0%| F|  |TAMS 0x000000008bd00000, 0x000000008bd00000| Untracked 
| 190|0x000000008be00000, 0x000000008be00000, 0x000000008bf00000|  0%| F|  |TAMS 0x000000008be00000, 0x000000008be00000| Untracked 
| 191|0x000000008bf00000, 0x000000008bf00000, 0x000000008c000000|  0%| F|  |TAMS 0x000000008bf00000, 0x000000008bf00000| Untracked 
| 192|0x000000008c000000, 0x000000008c000000, 0x000000008c100000|  0%| F|  |TAMS 0x000000008c000000, 0x000000008c000000| Untracked 
| 193|0x000000008c100000, 0x000000008c100000, 0x000000008c200000|  0%| F|  |TAMS 0x000000008c100000, 0x000000008c100000| Untracked 
| 194|0x000000008c200000, 0x000000008c200000, 0x000000008c300000|  0%| F|  |TAMS 0x000000008c200000, 0x000000008c200000| Untracked 
| 195|0x000000008c300000, 0x000000008c400000, 0x000000008c400000|100%| S|CS|TAMS 0x000000008c300000, 0x000000008c300000| Complete 
| 196|0x000000008c400000, 0x000000008c500000, 0x000000008c500000|100%| S|CS|TAMS 0x000000008c400000, 0x000000008c400000| Complete 
| 197|0x000000008c500000, 0x000000008c600000, 0x000000008c600000|100%| S|CS|TAMS 0x000000008c500000, 0x000000008c500000| Complete 
| 198|0x000000008c600000, 0x000000008c700000, 0x000000008c700000|100%| S|CS|TAMS 0x000000008c600000, 0x000000008c600000| Complete 
| 199|0x000000008c700000, 0x000000008c800000, 0x000000008c800000|100%| S|CS|TAMS 0x000000008c700000, 0x000000008c700000| Complete 
| 200|0x000000008c800000, 0x000000008c900000, 0x000000008c900000|100%| S|CS|TAMS 0x000000008c800000, 0x000000008c800000| Complete 
| 201|0x000000008c900000, 0x000000008ca00000, 0x000000008ca00000|100%| S|CS|TAMS 0x000000008c900000, 0x000000008c900000| Complete 
| 202|0x000000008ca00000, 0x000000008ca00000, 0x000000008cb00000|  0%| F|  |TAMS 0x000000008ca00000, 0x000000008ca00000| Untracked 
| 203|0x000000008cb00000, 0x000000008cb00000, 0x000000008cc00000|  0%| F|  |TAMS 0x000000008cb00000, 0x000000008cb00000| Untracked 
| 204|0x000000008cc00000, 0x000000008cc00000, 0x000000008cd00000|  0%| F|  |TAMS 0x000000008cc00000, 0x000000008cc00000| Untracked 
| 205|0x000000008cd00000, 0x000000008cd00000, 0x000000008ce00000|  0%| F|  |TAMS 0x000000008cd00000, 0x000000008cd00000| Untracked 
| 206|0x000000008ce00000, 0x000000008ce00000, 0x000000008cf00000|  0%| F|  |TAMS 0x000000008ce00000, 0x000000008ce00000| Untracked 
| 207|0x000000008cf00000, 0x000000008cf00000, 0x000000008d000000|  0%| F|  |TAMS 0x000000008cf00000, 0x000000008cf00000| Untracked 
| 208|0x000000008d000000, 0x000000008d000000, 0x000000008d100000|  0%| F|  |TAMS 0x000000008d000000, 0x000000008d000000| Untracked 
| 209|0x000000008d100000, 0x000000008d100000, 0x000000008d200000|  0%| F|  |TAMS 0x000000008d100000, 0x000000008d100000| Untracked 
| 210|0x000000008d200000, 0x000000008d200000, 0x000000008d300000|  0%| F|  |TAMS 0x000000008d200000, 0x000000008d200000| Untracked 
| 211|0x000000008d300000, 0x000000008d300000, 0x000000008d400000|  0%| F|  |TAMS 0x000000008d300000, 0x000000008d300000| Untracked 
| 212|0x000000008d400000, 0x000000008d400000, 0x000000008d500000|  0%| F|  |TAMS 0x000000008d400000, 0x000000008d400000| Untracked 
| 213|0x000000008d500000, 0x000000008d500000, 0x000000008d600000|  0%| F|  |TAMS 0x000000008d500000, 0x000000008d500000| Untracked 
| 214|0x000000008d600000, 0x000000008d600000, 0x000000008d700000|  0%| F|  |TAMS 0x000000008d600000, 0x000000008d600000| Untracked 
| 215|0x000000008d700000, 0x000000008d700000, 0x000000008d800000|  0%| F|  |TAMS 0x000000008d700000, 0x000000008d700000| Untracked 
| 216|0x000000008d800000, 0x000000008d800000, 0x000000008d900000|  0%| F|  |TAMS 0x000000008d800000, 0x000000008d800000| Untracked 
| 217|0x000000008d900000, 0x000000008d900000, 0x000000008da00000|  0%| F|  |TAMS 0x000000008d900000, 0x000000008d900000| Untracked 
| 218|0x000000008da00000, 0x000000008da00000, 0x000000008db00000|  0%| F|  |TAMS 0x000000008da00000, 0x000000008da00000| Untracked 
| 219|0x000000008db00000, 0x000000008dbface0, 0x000000008dc00000| 97%| E|  |TAMS 0x000000008db00000, 0x000000008db00000| Complete 
| 220|0x000000008dc00000, 0x000000008dd00000, 0x000000008dd00000|100%| E|CS|TAMS 0x000000008dc00000, 0x000000008dc00000| Complete 
| 221|0x000000008dd00000, 0x000000008de00000, 0x000000008de00000|100%| E|CS|TAMS 0x000000008dd00000, 0x000000008dd00000| Complete 
| 222|0x000000008de00000, 0x000000008df00000, 0x000000008df00000|100%| E|CS|TAMS 0x000000008de00000, 0x000000008de00000| Complete 
| 223|0x000000008df00000, 0x000000008e000000, 0x000000008e000000|100%| E|CS|TAMS 0x000000008df00000, 0x000000008df00000| Complete 
| 224|0x000000008e000000, 0x000000008e100000, 0x000000008e100000|100%| E|CS|TAMS 0x000000008e000000, 0x000000008e000000| Complete 
| 225|0x000000008e100000, 0x000000008e200000, 0x000000008e200000|100%| E|CS|TAMS 0x000000008e100000, 0x000000008e100000| Complete 
| 226|0x000000008e200000, 0x000000008e300000, 0x000000008e300000|100%| E|CS|TAMS 0x000000008e200000, 0x000000008e200000| Complete 
| 227|0x000000008e300000, 0x000000008e400000, 0x000000008e400000|100%| E|CS|TAMS 0x000000008e300000, 0x000000008e300000| Complete 
| 228|0x000000008e400000, 0x000000008e500000, 0x000000008e500000|100%| E|CS|TAMS 0x000000008e400000, 0x000000008e400000| Complete 
| 229|0x000000008e500000, 0x000000008e600000, 0x000000008e600000|100%| E|CS|TAMS 0x000000008e500000, 0x000000008e500000| Complete 
| 230|0x000000008e600000, 0x000000008e700000, 0x000000008e700000|100%| E|CS|TAMS 0x000000008e600000, 0x000000008e600000| Complete 
| 231|0x000000008e700000, 0x000000008e800000, 0x000000008e800000|100%| E|CS|TAMS 0x000000008e700000, 0x000000008e700000| Complete 
| 232|0x000000008e800000, 0x000000008e900000, 0x000000008e900000|100%| E|CS|TAMS 0x000000008e800000, 0x000000008e800000| Complete 
| 233|0x000000008e900000, 0x000000008ea00000, 0x000000008ea00000|100%| E|CS|TAMS 0x000000008e900000, 0x000000008e900000| Complete 
| 234|0x000000008ea00000, 0x000000008eb00000, 0x000000008eb00000|100%| E|CS|TAMS 0x000000008ea00000, 0x000000008ea00000| Complete 
| 235|0x000000008eb00000, 0x000000008ec00000, 0x000000008ec00000|100%| E|CS|TAMS 0x000000008eb00000, 0x000000008eb00000| Complete 
| 236|0x000000008ec00000, 0x000000008ed00000, 0x000000008ed00000|100%| E|CS|TAMS 0x000000008ec00000, 0x000000008ec00000| Complete 
| 237|0x000000008ed00000, 0x000000008ee00000, 0x000000008ee00000|100%| E|CS|TAMS 0x000000008ed00000, 0x000000008ed00000| Complete 
| 238|0x000000008ee00000, 0x000000008ef00000, 0x000000008ef00000|100%| E|CS|TAMS 0x000000008ee00000, 0x000000008ee00000| Complete 
| 239|0x000000008ef00000, 0x000000008f000000, 0x000000008f000000|100%| E|CS|TAMS 0x000000008ef00000, 0x000000008ef00000| Complete 
| 240|0x000000008f000000, 0x000000008f100000, 0x000000008f100000|100%| E|CS|TAMS 0x000000008f000000, 0x000000008f000000| Complete 
| 253|0x000000008fd00000, 0x000000008fe00000, 0x000000008fe00000|100%| E|CS|TAMS 0x000000008fd00000, 0x000000008fd00000| Complete 

Card table byte_map: [0x00000169b54b0000,0x00000169b58b0000] _byte_map_base: 0x00000169b50b0000

Marking Bits (Prev, Next): (CMBitMap*) 0x00000169a2c4f640, (CMBitMap*) 0x00000169a2c4f680
 Prev Bits: [0x00000169b5cb0000, 0x00000169b7cb0000)
 Next Bits: [0x00000169b7cb0000, 0x00000169b9cb0000)

Polling page: 0x00000169a0a70000

Metaspace:

Usage:
  Non-class:     92.06 MB used.
      Class:     13.93 MB used.
       Both:    105.99 MB used.

Virtual space:
  Non-class space:       96.00 MB reserved,      92.44 MB ( 96%) committed,  12 nodes.
      Class space:        1.00 GB reserved,      14.31 MB (  1%) committed,  1 nodes.
             Both:        1.09 GB reserved,     106.75 MB ( 10%) committed. 

Chunk freelists:
   Non-Class:  2.92 MB
       Class:  1.52 MB
        Both:  4.44 MB

MaxMetaspaceSize: unlimited
CompressedClassSpaceSize: 1.00 GB
Initial GC threshold: 21.00 MB
Current GC threshold: 114.81 MB
CDS: off
MetaspaceReclaimPolicy: balanced
 - commit_granule_bytes: 65536.
 - commit_granule_words: 8192.
 - virtual_space_node_default_size: 1048576.
 - enlarge_chunks_in_place: 1.
 - new_chunks_are_fully_committed: 0.
 - uncommit_free_chunks: 1.
 - use_allocation_guard: 0.
 - handle_deallocations: 1.


Internal statistics:

num_allocs_failed_limit: 12.
num_arena_births: 1092.
num_arena_deaths: 0.
num_vsnodes_births: 13.
num_vsnodes_deaths: 0.
num_space_committed: 1707.
num_space_uncommitted: 0.
num_chunks_returned_to_freelist: 12.
num_chunks_taken_from_freelist: 5187.
num_chunk_merges: 12.
num_chunk_splits: 3399.
num_chunks_enlarged: 2225.
num_purges: 0.
num_inconsistent_stats: 0.

CodeHeap 'non-profiled nmethods': size=120000Kb used=9252Kb max_used=9252Kb free=110747Kb
 bounds [0x00000169adb80000, 0x00000169ae490000, 0x00000169b50b0000]
CodeHeap 'profiled nmethods': size=120000Kb used=26564Kb max_used=26564Kb free=93435Kb
 bounds [0x00000169a60b0000, 0x00000169a7ab0000, 0x00000169ad5e0000]
CodeHeap 'non-nmethods': size=5760Kb used=2473Kb max_used=2501Kb free=3287Kb
 bounds [0x00000169ad5e0000, 0x00000169ad860000, 0x00000169adb80000]
 total_blobs=14457 nmethods=13532 adapters=834
 compilation: enabled
              stopped_count=0, restarted_count=0
 full_count=0

Compilation events (20 events):
Event: 1122.910 Thread 0x00000169bccad7f0 nmethod 16028 0x00000169a7a79110 code [0x00000169a7a792a0, 0x00000169a7a793b8]
Event: 1122.911 Thread 0x00000169bccad7f0 16029       2       com.sun.tools.javac.tree.JCTree$Visitor::visitLiteral (6 bytes)
Event: 1122.912 Thread 0x00000169bccad7f0 nmethod 16029 0x00000169a7a79490 code [0x00000169a7a79620, 0x00000169a7a79748]
Event: 1122.912 Thread 0x00000169bccad7f0 16030       1       com.sun.tools.javac.comp.Attr$CheckMode$1::updateTreeType (2 bytes)
Event: 1122.912 Thread 0x00000169bccad7f0 nmethod 16030 0x00000169ae488790 code [0x00000169ae488920, 0x00000169ae4889f8]
Event: 1122.912 Thread 0x00000169bccad7f0 16031 %     3       com.sun.tools.javac.code.Symbol::packge @ 2 (25 bytes)
Event: 1122.912 Thread 0x00000169bccad7f0 nmethod 16031% 0x00000169a7a79810 code [0x00000169a7a799c0, 0x00000169a7a79cb8]
Event: 1122.913 Thread 0x00000169bccad7f0 16032       2       com.sun.tools.javac.code.Symbol$ClassSymbol::getInterfaces (59 bytes)
Event: 1122.913 Thread 0x00000169bccad7f0 nmethod 16032 0x00000169a7a79d90 code [0x00000169a7a79f60, 0x00000169a7a7a268]
Event: 1122.913 Thread 0x00000169bccad7f0 16033       2       com.sun.tools.javac.code.Type$ClassType::complete (8 bytes)
Event: 1122.913 Thread 0x00000169bccad7f0 nmethod 16033 0x00000169a7a7a410 code [0x00000169a7a7a5a0, 0x00000169a7a7a6c8]
Event: 1122.914 Thread 0x00000169bccad7f0 16034       2       com.sun.tools.javac.comp.Check$ClashFilter::test (9 bytes)
Event: 1122.914 Thread 0x00000169bccad7f0 nmethod 16034 0x00000169a7a7a790 code [0x00000169a7a7a920, 0x00000169a7a7aa68]
Event: 1122.914 Thread 0x00000169bccad7f0 16035       2       com.sun.tools.javac.comp.Check$ClashFilter::test (65 bytes)
Event: 1122.914 Thread 0x00000169bccad7f0 nmethod 16035 0x00000169a7a7ab10 code [0x00000169a7a7ace0, 0x00000169a7a7af88]
Event: 1122.914 Thread 0x00000169bccad7f0 16036       2       com.sun.tools.javac.comp.Check$ClashFilter::shouldSkip (33 bytes)
Event: 1122.914 Thread 0x00000169bccad7f0 nmethod 16036 0x00000169a7a7b190 code [0x00000169a7a7b320, 0x00000169a7a7b4a8]
Event: 1122.915 Thread 0x00000169bccad7f0 16037       2       com.sun.tools.javac.code.Types::firstUnimplementedAbstractImpl (280 bytes)
Event: 1122.917 Thread 0x00000169bccad7f0 nmethod 16037 0x00000169a7a7b590 code [0x00000169a7a7b840, 0x00000169a7a7c0a8]
Event: 1122.918 Thread 0x00000169bccad7f0 16038 %     3       com.sun.tools.javac.comp.Resolve::findField @ 209 (316 bytes)

GC Heap History (20 events):
Event: 16.274 GC heap before
{Heap before GC invocations=38 (full 0):
 garbage-first heap   total 205824K, used 164957K [0x0000000080000000, 0x0000000100000000)
  region size 1024K, 62 young (63488K), 5 survivors (5120K)
 Metaspace       used 92498K, committed 93248K, reserved 1130496K
  class space    used 12538K, committed 12864K, reserved 1048576K
}
Event: 16.283 GC heap after
{Heap after GC invocations=39 (full 0):
 garbage-first heap   total 205824K, used 113224K [0x0000000080000000, 0x0000000100000000)
  region size 1024K, 8 young (8192K), 8 survivors (8192K)
 Metaspace       used 92498K, committed 93248K, reserved 1130496K
  class space    used 12538K, committed 12864K, reserved 1048576K
}
Event: 16.745 GC heap before
{Heap before GC invocations=39 (full 0):
 garbage-first heap   total 205824K, used 166472K [0x0000000080000000, 0x0000000100000000)
  region size 1024K, 61 young (62464K), 8 survivors (8192K)
 Metaspace       used 92572K, committed 93312K, reserved 1130496K
  class space    used 12544K, committed 12864K, reserved 1048576K
}
Event: 16.755 GC heap after
{Heap after GC invocations=40 (full 0):
 garbage-first heap   total 205824K, used 116834K [0x0000000080000000, 0x0000000100000000)
  region size 1024K, 4 young (4096K), 4 survivors (4096K)
 Metaspace       used 92572K, committed 93312K, reserved 1130496K
  class space    used 12544K, committed 12864K, reserved 1048576K
}
Event: 17.148 GC heap before
{Heap before GC invocations=40 (full 0):
 garbage-first heap   total 205824K, used 168034K [0x0000000080000000, 0x0000000100000000)
  region size 1024K, 55 young (56320K), 4 survivors (4096K)
 Metaspace       used 92598K, committed 93312K, reserved 1130496K
  class space    used 12544K, committed 12864K, reserved 1048576K
}
Event: 17.153 GC heap after
{Heap after GC invocations=41 (full 0):
 garbage-first heap   total 205824K, used 118900K [0x0000000080000000, 0x0000000100000000)
  region size 1024K, 6 young (6144K), 6 survivors (6144K)
 Metaspace       used 92598K, committed 93312K, reserved 1130496K
  class space    used 12544K, committed 12864K, reserved 1048576K
}
Event: 17.554 GC heap before
{Heap before GC invocations=41 (full 0):
 garbage-first heap   total 205824K, used 171124K [0x0000000080000000, 0x0000000100000000)
  region size 1024K, 57 young (58368K), 6 survivors (6144K)
 Metaspace       used 92665K, committed 93440K, reserved 1130496K
  class space    used 12548K, committed 12928K, reserved 1048576K
}
Event: 17.564 GC heap after
{Heap after GC invocations=42 (full 0):
 garbage-first heap   total 205824K, used 123867K [0x0000000080000000, 0x0000000100000000)
  region size 1024K, 8 young (8192K), 8 survivors (8192K)
 Metaspace       used 92665K, committed 93440K, reserved 1130496K
  class space    used 12548K, committed 12928K, reserved 1048576K
}
Event: 17.954 GC heap before
{Heap before GC invocations=42 (full 0):
 garbage-first heap   total 205824K, used 170971K [0x0000000080000000, 0x0000000100000000)
  region size 1024K, 54 young (55296K), 8 survivors (8192K)
 Metaspace       used 92671K, committed 93440K, reserved 1130496K
  class space    used 12548K, committed 12928K, reserved 1048576K
}
Event: 17.962 GC heap after
{Heap after GC invocations=43 (full 0):
 garbage-first heap   total 247808K, used 126992K [0x0000000080000000, 0x0000000100000000)
  region size 1024K, 4 young (4096K), 4 survivors (4096K)
 Metaspace       used 92671K, committed 93440K, reserved 1130496K
  class space    used 12548K, committed 12928K, reserved 1048576K
}
Event: 1032.064 GC heap before
{Heap before GC invocations=43 (full 0):
 garbage-first heap   total 247808K, used 202768K [0x0000000080000000, 0x0000000100000000)
  region size 1024K, 79 young (80896K), 4 survivors (4096K)
 Metaspace       used 97504K, committed 98240K, reserved 1138688K
  class space    used 12974K, committed 13312K, reserved 1048576K
}
Event: 1032.072 GC heap after
{Heap after GC invocations=44 (full 0):
 garbage-first heap   total 247808K, used 127910K [0x0000000080000000, 0x0000000100000000)
  region size 1024K, 5 young (5120K), 5 survivors (5120K)
 Metaspace       used 97504K, committed 98240K, reserved 1138688K
  class space    used 12974K, committed 13312K, reserved 1048576K
}
Event: 1119.392 GC heap before
{Heap before GC invocations=44 (full 0):
 garbage-first heap   total 247808K, used 205734K [0x0000000080000000, 0x0000000100000000)
  region size 1024K, 82 young (83968K), 5 survivors (5120K)
 Metaspace       used 98457K, committed 99264K, reserved 1138688K
  class space    used 13053K, committed 13440K, reserved 1048576K
}
Event: 1119.402 GC heap after
{Heap after GC invocations=45 (full 0):
 garbage-first heap   total 247808K, used 136170K [0x0000000080000000, 0x0000000100000000)
  region size 1024K, 11 young (11264K), 11 survivors (11264K)
 Metaspace       used 98457K, committed 99264K, reserved 1138688K
  class space    used 13053K, committed 13440K, reserved 1048576K
}
Event: 1120.976 GC heap before
{Heap before GC invocations=45 (full 0):
 garbage-first heap   total 247808K, used 204778K [0x0000000080000000, 0x0000000100000000)
  region size 1024K, 79 young (80896K), 11 survivors (11264K)
 Metaspace       used 103776K, committed 104512K, reserved 1146880K
  class space    used 13765K, committed 14080K, reserved 1048576K
}
Event: 1120.993 GC heap after
{Heap after GC invocations=46 (full 0):
 garbage-first heap   total 247808K, used 146612K [0x0000000080000000, 0x0000000100000000)
  region size 1024K, 10 young (10240K), 10 survivors (10240K)
 Metaspace       used 103776K, committed 104512K, reserved 1146880K
  class space    used 13765K, committed 14080K, reserved 1048576K
}
Event: 1122.229 GC heap before
{Heap before GC invocations=46 (full 0):
 garbage-first heap   total 247808K, used 207028K [0x0000000080000000, 0x0000000100000000)
  region size 1024K, 67 young (68608K), 10 survivors (10240K)
 Metaspace       used 106425K, committed 107264K, reserved 1146880K
  class space    used 14041K, committed 14400K, reserved 1048576K
}
Event: 1122.244 GC heap after
{Heap after GC invocations=47 (full 0):
 garbage-first heap   total 247808K, used 162816K [0x0000000080000000, 0x0000000100000000)
  region size 1024K, 9 young (9216K), 9 survivors (9216K)
 Metaspace       used 106425K, committed 107264K, reserved 1146880K
  class space    used 14041K, committed 14400K, reserved 1048576K
}
Event: 1122.741 GC heap before
{Heap before GC invocations=47 (full 0):
 garbage-first heap   total 247808K, used 203776K [0x0000000080000000, 0x0000000100000000)
  region size 1024K, 49 young (50176K), 9 survivors (9216K)
 Metaspace       used 108136K, committed 108992K, reserved 1146880K
  class space    used 14232K, committed 14656K, reserved 1048576K
}
Event: 1122.754 GC heap after
{Heap after GC invocations=48 (full 0):
 garbage-first heap   total 247808K, used 171520K [0x0000000080000000, 0x0000000100000000)
  region size 1024K, 7 young (7168K), 7 survivors (7168K)
 Metaspace       used 108136K, committed 108992K, reserved 1146880K
  class space    used 14232K, committed 14656K, reserved 1048576K
}

Dll operation events (3 events):
Event: 0.019 Loaded shared library C:\Program Files\Android\Android Studio2\jbr\bin\java.dll
Event: 0.157 Loaded shared library C:\Program Files\Android\Android Studio2\jbr\bin\zip.dll
Event: 0.522 Loaded shared library C:\Program Files\Android\Android Studio2\jbr\bin\verify.dll

Deoptimization events (20 events):
Event: 1122.846 Thread 0x00000169bf84d730 Uncommon trap: trap_request=0xffffffc6 fr.pc=0x00000169adddb168 relative=0x0000000000000808
Event: 1122.846 Thread 0x00000169bf84d730 Uncommon trap: reason=bimorphic_or_optimized_type_check action=maybe_recompile pc=0x00000169adddb168 method=java.util.stream.MatchOps$MatchOp.evaluateSequential(Ljava/util/stream/PipelineHelper;Ljava/util/Spliterator;)Ljava/lang/Boolean; @ 14 c2
Event: 1122.846 Thread 0x00000169bf84d730 DEOPT PACKING pc=0x00000169adddb168 sp=0x00000045478f4930
Event: 1122.846 Thread 0x00000169bf84d730 DEOPT UNPACKING pc=0x00000169ad6369a3 sp=0x00000045478f4868 mode 2
Event: 1122.846 Thread 0x00000169bf84d730 Uncommon trap: trap_request=0xffffffc6 fr.pc=0x00000169ae472de4 relative=0x0000000000000484
Event: 1122.846 Thread 0x00000169bf84d730 Uncommon trap: reason=bimorphic_or_optimized_type_check action=maybe_recompile pc=0x00000169ae472de4 method=java.util.Spliterators$IteratorSpliterator.tryAdvance(Ljava/util/function/Consumer;)Z @ 68 c2
Event: 1122.846 Thread 0x00000169bf84d730 DEOPT PACKING pc=0x00000169ae472de4 sp=0x00000045478f4800
Event: 1122.846 Thread 0x00000169bf84d730 DEOPT UNPACKING pc=0x00000169ad6369a3 sp=0x00000045478f4798 mode 2
Event: 1122.846 Thread 0x00000169bf84d730 Uncommon trap: trap_request=0xffffff76 fr.pc=0x00000169ae2e6a20 relative=0x00000000000004e0
Event: 1122.846 Thread 0x00000169bf84d730 Uncommon trap: reason=predicate action=maybe_recompile pc=0x00000169ae2e6a20 method=java.util.stream.ReferencePipeline$7$1.accept(Ljava/lang/Object;)V @ 73 c2
Event: 1122.846 Thread 0x00000169bf84d730 DEOPT PACKING pc=0x00000169ae2e6a20 sp=0x00000045478f4760
Event: 1122.846 Thread 0x00000169bf84d730 DEOPT UNPACKING pc=0x00000169ad6369a3 sp=0x00000045478f4718 mode 2
Event: 1122.846 Thread 0x00000169bf84d730 Uncommon trap: trap_request=0xffffff45 fr.pc=0x00000169ae472ea0 relative=0x0000000000000540
Event: 1122.846 Thread 0x00000169bf84d730 Uncommon trap: reason=unstable_if action=reinterpret pc=0x00000169ae472ea0 method=java.util.Spliterators$IteratorSpliterator.tryAdvance(Ljava/util/function/Consumer;)Z @ 16 c2
Event: 1122.846 Thread 0x00000169bf84d730 DEOPT PACKING pc=0x00000169ae472ea0 sp=0x00000045478f46f0
Event: 1122.846 Thread 0x00000169bf84d730 DEOPT UNPACKING pc=0x00000169ad6369a3 sp=0x00000045478f46a0 mode 2
Event: 1122.857 Thread 0x00000169bf84d730 Uncommon trap: trap_request=0xffffffc6 fr.pc=0x00000169adddb168 relative=0x0000000000000808
Event: 1122.857 Thread 0x00000169bf84d730 Uncommon trap: reason=bimorphic_or_optimized_type_check action=maybe_recompile pc=0x00000169adddb168 method=java.util.stream.MatchOps$MatchOp.evaluateSequential(Ljava/util/stream/PipelineHelper;Ljava/util/Spliterator;)Ljava/lang/Boolean; @ 14 c2
Event: 1122.857 Thread 0x00000169bf84d730 DEOPT PACKING pc=0x00000169adddb168 sp=0x00000045478f3a90
Event: 1122.857 Thread 0x00000169bf84d730 DEOPT UNPACKING pc=0x00000169ad6369a3 sp=0x00000045478f39c8 mode 2

Classes unloaded (0 events):
No events

Classes redefined (0 events):
No events

Internal exceptions (20 events):
Event: 1122.526 Thread 0x00000169bf84d730 Exception <a 'sun/nio/fs/WindowsException'{0x000000008d7275f0}> (0x000000008d7275f0) 
thrown [s\src\hotspot\share\prims\jni.cpp, line 517]
Event: 1122.526 Thread 0x00000169bf84d730 Exception <a 'sun/nio/fs/WindowsException'{0x000000008d727998}> (0x000000008d727998) 
thrown [s\src\hotspot\share\prims\jni.cpp, line 517]
Event: 1122.528 Thread 0x00000169bf84d730 Exception <a 'sun/nio/fs/WindowsException'{0x000000008d784e90}> (0x000000008d784e90) 
thrown [s\src\hotspot\share\prims\jni.cpp, line 517]
Event: 1122.528 Thread 0x00000169bf84d730 Exception <a 'sun/nio/fs/WindowsException'{0x000000008d785250}> (0x000000008d785250) 
thrown [s\src\hotspot\share\prims\jni.cpp, line 517]
Event: 1122.550 Thread 0x00000169bf84d730 Exception <a 'sun/nio/fs/WindowsException'{0x000000008d6a38e0}> (0x000000008d6a38e0) 
thrown [s\src\hotspot\share\prims\jni.cpp, line 517]
Event: 1122.550 Thread 0x00000169bf84d730 Exception <a 'sun/nio/fs/WindowsException'{0x000000008d6a3cb8}> (0x000000008d6a3cb8) 
thrown [s\src\hotspot\share\prims\jni.cpp, line 517]
Event: 1122.584 Thread 0x00000169bf84d730 Exception <a 'java/lang/NoSuchMethodError'{0x000000008d49f698}: 'int java.lang.invoke.DirectMethodHandle$Holder.invokeVirtual(java.lang.Object, java.lang.Object, java.lang.Object, java.lang.Object)'> (0x000000008d49f698) 
thrown [s\src\hotspot\share\interpreter\linkResolver.cpp, line 771]
Event: 1122.633 Thread 0x00000169bf84d730 Exception <a 'sun/nio/fs/WindowsException'{0x000000008d1220f8}> (0x000000008d1220f8) 
thrown [s\src\hotspot\share\prims\jni.cpp, line 517]
Event: 1122.646 Thread 0x00000169bf84d730 Exception <a 'sun/nio/fs/WindowsException'{0x000000008d1a5df0}> (0x000000008d1a5df0) 
thrown [s\src\hotspot\share\prims\jni.cpp, line 517]
Event: 1122.653 Thread 0x00000169bf84d730 Exception <a 'sun/nio/fs/WindowsException'{0x000000008d1f0460}> (0x000000008d1f0460) 
thrown [s\src\hotspot\share\prims\jni.cpp, line 517]
Event: 1122.653 Thread 0x00000169bf84d730 Exception <a 'sun/nio/fs/WindowsException'{0x000000008d1f0850}> (0x000000008d1f0850) 
thrown [s\src\hotspot\share\prims\jni.cpp, line 517]
Event: 1122.660 Thread 0x00000169bf84d730 Exception <a 'sun/nio/fs/WindowsException'{0x000000008d0e6f68}> (0x000000008d0e6f68) 
thrown [s\src\hotspot\share\prims\jni.cpp, line 517]
Event: 1122.660 Thread 0x00000169bf84d730 Exception <a 'sun/nio/fs/WindowsException'{0x000000008d0e73b0}> (0x000000008d0e73b0) 
thrown [s\src\hotspot\share\prims\jni.cpp, line 517]
Event: 1122.755 Thread 0x00000169bf84d730 Exception <a 'sun/nio/fs/WindowsException'{0x000000008fd127c8}> (0x000000008fd127c8) 
thrown [s\src\hotspot\share\prims\jni.cpp, line 517]
Event: 1122.755 Thread 0x00000169bf84d730 Exception <a 'sun/nio/fs/WindowsException'{0x000000008fd12be8}> (0x000000008fd12be8) 
thrown [s\src\hotspot\share\prims\jni.cpp, line 517]
Event: 1122.759 Thread 0x00000169bf84d730 Exception <a 'sun/nio/fs/WindowsException'{0x000000008fd70c08}> (0x000000008fd70c08) 
thrown [s\src\hotspot\share\prims\jni.cpp, line 517]
Event: 1122.759 Thread 0x00000169bf84d730 Exception <a 'sun/nio/fs/WindowsException'{0x000000008fd71028}> (0x000000008fd71028) 
thrown [s\src\hotspot\share\prims\jni.cpp, line 517]
Event: 1122.761 Thread 0x00000169bf84d730 Exception <a 'sun/nio/fs/WindowsException'{0x000000008fdac3d0}> (0x000000008fdac3d0) 
thrown [s\src\hotspot\share\prims\jni.cpp, line 517]
Event: 1122.761 Thread 0x00000169bf84d730 Exception <a 'sun/nio/fs/WindowsException'{0x000000008fdac818}> (0x000000008fdac818) 
thrown [s\src\hotspot\share\prims\jni.cpp, line 517]
Event: 1122.846 Thread 0x00000169bf84d730 Implicit null exception at 0x00000169ae4729a0 to 0x00000169ae472e88

VM Operations (20 events):
Event: 1122.548 Executing VM operation: HandshakeAllThreads
Event: 1122.548 Executing VM operation: HandshakeAllThreads done
Event: 1122.553 Executing VM operation: HandshakeAllThreads
Event: 1122.553 Executing VM operation: HandshakeAllThreads done
Event: 1122.575 Executing VM operation: ICBufferFull
Event: 1122.575 Executing VM operation: ICBufferFull done
Event: 1122.631 Executing VM operation: HandshakeAllThreads
Event: 1122.631 Executing VM operation: HandshakeAllThreads done
Event: 1122.686 Executing VM operation: ICBufferFull
Event: 1122.686 Executing VM operation: ICBufferFull done
Event: 1122.726 Executing VM operation: HandshakeAllThreads
Event: 1122.726 Executing VM operation: HandshakeAllThreads done
Event: 1122.727 Executing VM operation: HandshakeAllThreads
Event: 1122.727 Executing VM operation: HandshakeAllThreads done
Event: 1122.734 Executing VM operation: HandshakeAllThreads
Event: 1122.734 Executing VM operation: HandshakeAllThreads done
Event: 1122.741 Executing VM operation: G1CollectForAllocation
Event: 1122.754 Executing VM operation: G1CollectForAllocation done
Event: 1122.890 Executing VM operation: ICBufferFull
Event: 1122.890 Executing VM operation: ICBufferFull done

Events (20 events):
Event: 1120.434 loading class java/util/ResourceBundle$3 done
Event: 1120.439 loading class java/util/ResourceBundle$BundleReference
Event: 1120.439 loading class java/util/ResourceBundle$BundleReference done
Event: 1120.467 Thread 0x00000169bf5572c0 Thread added: 0x00000169bf5572c0
Event: 1120.494 loading class java/util/ServiceLoader$ProviderSpliterator
Event: 1120.494 loading class java/util/ServiceLoader$ProviderSpliterator done
Event: 1120.608 Thread 0x00000169bf5572c0 Thread exited: 0x00000169bf5572c0
Event: 1121.104 loading class jdk/internal/loader/URLClassPath$FileLoader
Event: 1121.105 loading class jdk/internal/loader/URLClassPath$FileLoader done
Event: 1121.148 Thread 0x00000169bf5577d0 Thread added: 0x00000169bf5577d0
Event: 1121.672 loading class java/util/ImmutableCollections$Access
Event: 1121.672 loading class java/util/ImmutableCollections$Access done
Event: 1121.672 loading class java/util/ImmutableCollections$Access$1
Event: 1121.672 loading class jdk/internal/access/JavaUtilCollectionAccess
Event: 1121.672 loading class jdk/internal/access/JavaUtilCollectionAccess done
Event: 1121.672 loading class java/util/ImmutableCollections$Access$1 done
Event: 1122.608 loading class java/text/BreakIterator
Event: 1122.608 loading class java/text/BreakIterator done
Event: 1122.628 loading class java/util/function/ToIntBiFunction
Event: 1122.628 loading class java/util/function/ToIntBiFunction done


Dynamic libraries:
0x00007ff69a5f0000 - 0x00007ff69a5fa000 	C:\Program Files\Android\Android Studio2\jbr\bin\java.exe
0x00007fffbf830000 - 0x00007fffbfa28000 	C:\WINDOWS\SYSTEM32\ntdll.dll
0x00007fffbe530000 - 0x00007fffbe5ed000 	C:\WINDOWS\System32\KERNEL32.DLL
0x00007fffbd290000 - 0x00007fffbd586000 	C:\WINDOWS\System32\KERNELBASE.dll
0x0000000058430000 - 0x00000000584df000 	C:\ProgramData\Symantec\Symantec Endpoint Protection\14.3.5413.3000.105\Data\Sysfer\x64\sysfer.dll
0x00007fffbcef0000 - 0x00007fffbcff0000 	C:\WINDOWS\System32\ucrtbase.dll
0x00007fffaa950000 - 0x00007fffaa96b000 	C:\Program Files\Android\Android Studio2\jbr\bin\VCRUNTIME140.dll
0x00007fffadab0000 - 0x00007fffadac7000 	C:\Program Files\Android\Android Studio2\jbr\bin\jli.dll
0x00007fffbe390000 - 0x00007fffbe52e000 	C:\WINDOWS\System32\USER32.dll
0x00007fffa72b0000 - 0x00007fffa754a000 	C:\WINDOWS\WinSxS\amd64_microsoft.windows.common-controls_6595b64144ccf1df_6.0.19041.3636_none_60b6a03d71f818d5\COMCTL32.dll
0x00007fffbcff0000 - 0x00007fffbd012000 	C:\WINDOWS\System32\win32u.dll
0x00007fffbeb50000 - 0x00007fffbebee000 	C:\WINDOWS\System32\msvcrt.dll
0x00007fffbdaa0000 - 0x00007fffbdacb000 	C:\WINDOWS\System32\GDI32.dll
0x00007fffbd590000 - 0x00007fffbd6a7000 	C:\WINDOWS\System32\gdi32full.dll
0x00007fffbd6b0000 - 0x00007fffbd74d000 	C:\WINDOWS\System32\msvcp_win.dll
0x00007fffbe350000 - 0x00007fffbe382000 	C:\WINDOWS\System32\IMM32.DLL
0x00007fffb8b80000 - 0x00007fffb8b8c000 	C:\Program Files\Android\Android Studio2\jbr\bin\vcruntime140_1.dll
0x00007fffaa6a0000 - 0x00007fffaa72d000 	C:\Program Files\Android\Android Studio2\jbr\bin\msvcp140.dll
0x00007fff61910000 - 0x00007fff6257e000 	C:\Program Files\Android\Android Studio2\jbr\bin\server\jvm.dll
0x00007fffbea30000 - 0x00007fffbeae3000 	C:\WINDOWS\System32\ADVAPI32.dll
0x00007fffbf0f0000 - 0x00007fffbf18f000 	C:\WINDOWS\System32\sechost.dll
0x00007fffbf190000 - 0x00007fffbf2b6000 	C:\WINDOWS\System32\RPCRT4.dll
0x00007fffbd1d0000 - 0x00007fffbd1f7000 	C:\WINDOWS\System32\bcrypt.dll
0x00007fffa75c0000 - 0x00007fffa75c9000 	C:\WINDOWS\SYSTEM32\WSOCK32.dll
0x00007fffbebf0000 - 0x00007fffbec5b000 	C:\WINDOWS\System32\WS2_32.dll
0x00007fffa66e0000 - 0x00007fffa6707000 	C:\WINDOWS\SYSTEM32\WINMM.dll
0x00007fffae2d0000 - 0x00007fffae2da000 	C:\WINDOWS\SYSTEM32\VERSION.dll
0x00007fffbb740000 - 0x00007fffbb752000 	C:\WINDOWS\SYSTEM32\kernel.appcore.dll
0x00007fffb8b00000 - 0x00007fffb8b0a000 	C:\Program Files\Android\Android Studio2\jbr\bin\jimage.dll
0x00007fffae4b0000 - 0x00007fffae694000 	C:\WINDOWS\SYSTEM32\DBGHELP.DLL
0x00007fffae340000 - 0x00007fffae374000 	C:\WINDOWS\SYSTEM32\dbgcore.DLL
0x00007fffbd200000 - 0x00007fffbd282000 	C:\WINDOWS\System32\bcryptPrimitives.dll
0x00007fffb56e0000 - 0x00007fffb56ee000 	C:\Program Files\Android\Android Studio2\jbr\bin\instrument.dll
0x00007fffb5700000 - 0x00007fffb5725000 	C:\Program Files\Android\Android Studio2\jbr\bin\java.dll
0x00007fffb7a10000 - 0x00007fffb7a28000 	C:\Program Files\Android\Android Studio2\jbr\bin\zip.dll
0x00007fffbdb90000 - 0x00007fffbe2d5000 	C:\WINDOWS\System32\SHELL32.dll
0x00007fffbad50000 - 0x00007fffbb4ec000 	C:\WINDOWS\SYSTEM32\windows.storage.dll
0x00007fffbe6d0000 - 0x00007fffbea24000 	C:\WINDOWS\System32\combase.dll
0x00007fffbc770000 - 0x00007fffbc79e000 	C:\WINDOWS\SYSTEM32\Wldp.dll
0x00007fffbe5f0000 - 0x00007fffbe6bd000 	C:\WINDOWS\System32\OLEAUT32.dll
0x00007fffbdae0000 - 0x00007fffbdb8d000 	C:\WINDOWS\System32\SHCORE.dll
0x00007fffbf790000 - 0x00007fffbf7e5000 	C:\WINDOWS\System32\shlwapi.dll
0x00007fffbce20000 - 0x00007fffbce45000 	C:\WINDOWS\SYSTEM32\profapi.dll
0x00007fffb5fb0000 - 0x00007fffb5fc9000 	C:\Program Files\Android\Android Studio2\jbr\bin\net.dll
0x00007fffaf330000 - 0x00007fffaf43a000 	C:\WINDOWS\SYSTEM32\WINHTTP.dll
0x00007fffbc550000 - 0x00007fffbc5ba000 	C:\WINDOWS\system32\mswsock.dll
0x00007fffb5880000 - 0x00007fffb5896000 	C:\Program Files\Android\Android Studio2\jbr\bin\nio.dll
0x00007fffb8940000 - 0x00007fffb8950000 	C:\Program Files\Android\Android Studio2\jbr\bin\verify.dll
0x00007fffb5b70000 - 0x00007fffb5b97000 	C:\Users\ADIT-PC\.gradle\native\68d5fa5c4cc2d200863cafc0d521ce42e7d3e7ee720ec0a83991735586a16f82\windows-amd64\native-platform.dll
0x00007fff8c550000 - 0x00007fff8c694000 	C:\Users\ADIT-PC\.gradle\native\e376f236ea51e6404a007f0833ffe2c6e607c4080706a723a18a27aeea778392\windows-amd64\native-platform-file-events.dll
0x00007fffb5ea0000 - 0x00007fffb5ea9000 	C:\Program Files\Android\Android Studio2\jbr\bin\management.dll
0x00007fffb56f0000 - 0x00007fffb56fb000 	C:\Program Files\Android\Android Studio2\jbr\bin\management_ext.dll
0x00007fffbdad0000 - 0x00007fffbdad8000 	C:\WINDOWS\System32\PSAPI.DLL
0x00007fffbc7b0000 - 0x00007fffbc7c8000 	C:\WINDOWS\SYSTEM32\CRYPTSP.dll
0x00007fffbbea0000 - 0x00007fffbbed4000 	C:\WINDOWS\system32\rsaenh.dll
0x00007fffbcde0000 - 0x00007fffbce0e000 	C:\WINDOWS\SYSTEM32\USERENV.dll
0x00007fffbc6e0000 - 0x00007fffbc6ec000 	C:\WINDOWS\SYSTEM32\CRYPTBASE.dll
0x00007fffbc260000 - 0x00007fffbc29b000 	C:\WINDOWS\SYSTEM32\IPHLPAPI.DLL
0x00007fffbe2e0000 - 0x00007fffbe2e8000 	C:\WINDOWS\System32\NSI.dll
0x00007fffb5440000 - 0x00007fffb5457000 	C:\WINDOWS\SYSTEM32\dhcpcsvc6.DLL
0x00007fffb5330000 - 0x00007fffb534d000 	C:\WINDOWS\SYSTEM32\dhcpcsvc.DLL
0x00007fffbc2b0000 - 0x00007fffbc37b000 	C:\WINDOWS\SYSTEM32\DNSAPI.dll
0x00007fffab9a0000 - 0x00007fffab9a7000 	C:\WINDOWS\system32\wshunix.dll

dbghelp: loaded successfully - version: 4.0.5 - missing functions: none
symbol engine: initialized successfully - sym options: 0x614 - pdb path: .;C:\Program Files\Android\Android Studio2\jbr\bin;C:\WINDOWS\SYSTEM32;C:\ProgramData\Symantec\Symantec Endpoint Protection\14.3.5413.3000.105\Data\Sysfer\x64;C:\WINDOWS\WinSxS\amd64_microsoft.windows.common-controls_6595b64144ccf1df_6.0.19041.3636_none_60b6a03d71f818d5;C:\Program Files\Android\Android Studio2\jbr\bin\server;C:\Users\ADIT-PC\.gradle\native\68d5fa5c4cc2d200863cafc0d521ce42e7d3e7ee720ec0a83991735586a16f82\windows-amd64;C:\Users\ADIT-PC\.gradle\native\e376f236ea51e6404a007f0833ffe2c6e607c4080706a723a18a27aeea778392\windows-amd64

VM Arguments:
jvm_args: --add-opens=java.base/java.util=ALL-UNNAMED --add-opens=java.base/java.lang=ALL-UNNAMED --add-opens=java.base/java.lang.invoke=ALL-UNNAMED --add-opens=java.prefs/java.util.prefs=ALL-UNNAMED --add-opens=java.base/java.nio.charset=ALL-UNNAMED --add-opens=java.base/java.net=ALL-UNNAMED --add-opens=java.base/java.util.concurrent.atomic=ALL-UNNAMED -Xmx2048m -Dfile.encoding=windows-1252 -Duser.country=ID -Duser.language=en -Duser.variant -javaagent:C:\Users\ADIT-PC\.gradle\wrapper\dists\gradle-8.2-bin\bbg7u40eoinfdyxsxr3z4i7ta\gradle-8.2\lib\agents\gradle-instrumentation-agent-8.2.jar 
java_command: org.gradle.launcher.daemon.bootstrap.GradleDaemon 8.2
java_class_path (initial): C:\Users\ADIT-PC\.gradle\wrapper\dists\gradle-8.2-bin\bbg7u40eoinfdyxsxr3z4i7ta\gradle-8.2\lib\gradle-launcher-8.2.jar
Launcher Type: SUN_STANDARD

[Global flags]
     intx CICompilerCount                          = 3                                         {product} {ergonomic}
     uint ConcGCThreads                            = 1                                         {product} {ergonomic}
     uint G1ConcRefinementThreads                  = 4                                         {product} {ergonomic}
   size_t G1HeapRegionSize                         = 1048576                                   {product} {ergonomic}
    uintx GCDrainStackTargetSize                   = 64                                        {product} {ergonomic}
   size_t InitialHeapSize                          = 266338304                                 {product} {ergonomic}
   size_t MarkStackSize                            = 4194304                                   {product} {ergonomic}
   size_t MaxHeapSize                              = 2147483648                                {product} {command line}
   size_t MaxNewSize                               = 1287651328                                {product} {ergonomic}
   size_t MinHeapDeltaBytes                        = 1048576                                   {product} {ergonomic}
   size_t MinHeapSize                              = 8388608                                   {product} {ergonomic}
    uintx NonNMethodCodeHeapSize                   = 5832780                                {pd product} {ergonomic}
    uintx NonProfiledCodeHeapSize                  = 122912730                              {pd product} {ergonomic}
    uintx ProfiledCodeHeapSize                     = 122912730                              {pd product} {ergonomic}
    uintx ReservedCodeCacheSize                    = 251658240                              {pd product} {ergonomic}
     bool SegmentedCodeCache                       = true                                      {product} {ergonomic}
   size_t SoftMaxHeapSize                          = 2147483648                             {manageable} {ergonomic}
     bool UseCompressedClassPointers               = true                           {product lp64_product} {ergonomic}
     bool UseCompressedOops                        = true                           {product lp64_product} {ergonomic}
     bool UseG1GC                                  = true                                      {product} {ergonomic}
     bool UseLargePagesIndividualAllocation        = false                                  {pd product} {ergonomic}

Logging:
Log output configuration:
 #0: stdout all=warning uptime,level,tags
 #1: stderr all=off uptime,level,tags

Environment Variables:
JAVA_HOME=C:\Program Files\Java\jdk-15.0.2
CLASSPATH=.;
PATH=C:\Program Files\Common Files\Oracle\Java\javapath;C:\Python311\Scripts\;C:\Python311\;C:\Python310\Scripts\;C:\Python310\;C:\Python27\;C:\Python27\Scripts;C:\Program Files (x86)\Common Files\Oracle\Java\javapath;C:\Program Files\Docker\Docker\Resources\bin;C:\ProgramData\Oracle\Java\javapath;C:\Program Files (x86)\Intel\iCLS Client\;C:\Program Files\Intel\iCLS Client\;C:\WINDOWS\system32;C:\WINDOWS;C:\WINDOWS\System32\Wbem;C:\WINDOWS\System32\WindowsPowerShell\v1.0\;C:\Program Files (x86)\Intel\Intel(R) Management Engine Components\DAL;C:\Program Files\Intel\Intel(R) Management Engine Components\DAL;C:\Program Files (x86)\Intel\Intel(R) Management Engine Components\IPT;C:\Program Files\Intel\Intel(R) Management Engine Components\IPT;C:\Program Files\Java\jre1.8.0_162\bin;C:\Program Files (x86)\GtkSharp\2.12\bin;C:\Program Files\PuTTY\;C:\Program Files\Java\jdk1.8.0_162\bin;C:\PROGRA~2\Groovy\GROOVY~1.15\bin;C:\WINDOWS\System32\OpenSSH\;C:\xampp\php;C:\Program Files (x86)\Microsoft SQL Server\Client SDK\ODBC\130\Tools\Binn\;C:\Program Files (x86)\Microsoft SQL Server\140\Tools\Binn\;C:\Program Files (x86)\Microsoft SQL Server\140\DTS\Binn\;C:\Program Files (x86)\Microsoft SQL Server\140\Tools\Binn\ManagementStudio\;c:\Program Files (x86)\Microsoft SQL Server\110\Tools\Binn\;c:\Program Files\Microsoft SQL Server\110\Tools\Binn\;c:\Program Files\Microsoft SQL Server\110\DTS\Binn\;C:\composer;C:\Flutter\flutter\bin;C:\Bitnami\wampstack-5.6.39-0\php;C:\ProgramData\chocolatey\bin;C:\Program Files (x86)\Yarn\bin\;C:\Program Files\Java\jdk1.8.0_211\bin;C:\Program Files\OpenJDK\openjdk-8u312-b07\bin;C:\Program Files\nodejs\;C:\Program Files\Git\cmd;C:\Users\ADIT-PC\AppData\Local\Microsoft\WindowsApps;C:\Users\ADIT-PC\AppData\Local\Android\Sdk\platform-tools;C:\Users\ADIT-PC\AppData\Roaming\npm;C:\Users\ADIT-PC\AppData\Local\Programs\Microsoft VS Code\bin;C:\Users\ADIT-PC\AppData\Local\Android\Sdk;C:\src\flutter\bin;C:\Users\ADIT-PC\AppData\Local\GitHubDesktop\bin;C:\Users
USERNAME=ADIT-PC
OS=Windows_NT
PROCESSOR_IDENTIFIER=Intel64 Family 6 Model 94 Stepping 3, GenuineIntel
TMP=C:\Users\ADIT-PC\AppData\Local\Temp
TEMP=C:\Users\ADIT-PC\AppData\Local\Temp


JNI global refs:
JNI global refs: 28, weak refs: 49

JNI global refs memory usage: 843, weak refs: 841


---------------  S Y S T E M  ---------------

OS:
 Windows 10 , 64 bit Build 19041 (10.0.19041.3636)
OS uptime: 10 days 4:27 hours
Hyper-V role detected

CPU: total 4 (initial active 4) (4 cores per cpu, 1 threads per core) family 6 model 94 stepping 3 microcode 0xf2, cx8, cmov, fxsr, mmx, 3dnowpref, sse, sse2, sse3, ssse3, sse4.1, sse4.2, popcnt, lzcnt, tsc, tscinvbit, avx, avx2, aes, erms, clmul, bmi1, bmi2, rtm, adx, fma, vzeroupper, clflush, clflushopt, hv

Memory: 4k page, system-wide physical 16247M (3759M free)
TotalPageFile size 25028M (AvailPageFile size 8M)
current process WorkingSet (physical memory assigned to process): 531M, peak: 535M
current process commit charge ("private bytes"): 562M, peak: 567M

vm_info: OpenJDK 64-Bit Server VM (17.0.6+0-b2043.56-10027231) for windows-amd64 JRE (17.0.6+0-b2043.56-10027231), built on Apr 28 2023 00:43:19 by "androidbuild" with MS VC++ 16.10 / 16.11 (VS2019)

END.
