#
# There is insufficient memory for the Java Runtime Environment to continue.
# Native memory allocation (malloc) failed to allocate 131088 bytes for Chunk::new
# Possible reasons:
#   The system is out of physical RAM or swap space
#   The process is running with CompressedOops enabled, and the Java Heap may be blocking the growth of the native heap
# Possible solutions:
#   Reduce memory load on the system
#   Increase physical memory or swap space
#   Check if swap backing store is full
#   Decrease Java heap size (-Xmx/-Xms)
#   Decrease number of Java threads
#   Decrease Java thread stack sizes (-Xss)
#   Set larger code cache with -XX:ReservedCodeCacheSize=
#   JVM is running with Unscaled Compressed Oops mode in which the Java heap is
#     placed in the first 4GB address space. The Java Heap base address is the
#     maximum limit for the native heap growth. Please use -XX:HeapBaseMinAddress
#     to set the Java Heap base and to place the Java Heap above 4GB virtual address.
# This output file may be truncated or incomplete.
#
#  Out of Memory Error (allocation.cpp:389), pid=8740, tid=0x0000000000003790
#
# JRE version: OpenJDK Runtime Environment (8.0_242-b01) (build 1.8.0_242-release-1644-b01)
# Java VM: OpenJDK 64-Bit Server VM (25.242-b01 mixed mode windows-amd64 compressed oops)
# Failed to write core dump. Minidumps are not enabled by default on client versions of Windows
#

---------------  T H R E A D  ---------------

Current thread (0x0000000017156800):  JavaThread "C2 CompilerThread0" daemon [_thread_in_native, id=14224, stack(0x00000000187b0000,0x00000000188b0000)]

Stack: [0x00000000187b0000,0x00000000188b0000]
[error occurred during error reporting (printing stack bounds), id 0xc0000005]

Native frames: (J=compiled Java code, j=interpreted, Vv=VM code, C=native code)


Current CompileTask:
C2:  11528 5452       4       java.net.URLClassLoader$1::run (5 bytes)


---------------  P R O C E S S  ---------------

Java Threads: ( => current thread )
  0x000000001d19d000 JavaThread "Cache worker for file content cache (C:\Users\ADIT-PC\AndroidStudioProjects\AbsensiApp\.gradle\6.1.1\fileContent)" [_thread_blocked, id=1212, stack(0x0000000024420000,0x0000000024520000)]
  0x000000001d19b800 JavaThread "Cache worker for file content cache (C:\Users\ADIT-PC\.gradle\caches\6.1.1\fileContent)" [_thread_blocked, id=5860, stack(0x0000000024320000,0x0000000024420000)]
  0x000000001d19e000 JavaThread "Memory manager" [_thread_blocked, id=14180, stack(0x0000000023f40000,0x0000000024040000)]
  0x000000001d190800 JavaThread "Cache worker for Build Output Cleanup Cache (C:\Users\ADIT-PC\AndroidStudioProjects\AbsensiApp\.gradle\buildOutputCleanup)" [_thread_blocked, id=8116, stack(0x0000000023440000,0x0000000023540000)]
  0x000000001d197000 JavaThread "pool-1-thread-1" [_thread_blocked, id=3912, stack(0x0000000023140000,0x0000000023240000)]
  0x000000001d196800 JavaThread "Build operations Thread 4" [_thread_blocked, id=14404, stack(0x0000000021c70000,0x0000000021d70000)]
  0x000000001d195800 JavaThread "Build operations Thread 3" [_thread_blocked, id=9424, stack(0x0000000021b70000,0x0000000021c70000)]
  0x000000001d195000 JavaThread "Build operations Thread 2" [_thread_blocked, id=18468, stack(0x0000000021a70000,0x0000000021b70000)]
  0x000000001d194000 JavaThread "Build operations" [_thread_blocked, id=13068, stack(0x0000000021970000,0x0000000021a70000)]
  0x000000001ac6b800 JavaThread "Cache worker for execution history cache (C:\Users\ADIT-PC\.gradle\caches\6.1.1\executionHistory)" [_thread_blocked, id=19768, stack(0x0000000020c70000,0x0000000020d70000)]
  0x000000001ac6c000 JavaThread "Cache worker for cache directory md-rule (C:\Users\ADIT-PC\.gradle\caches\6.1.1\md-rule)" [_thread_blocked, id=15416, stack(0x0000000020b70000,0x0000000020c70000)]
  0x000000001ac6f000 JavaThread "Cache worker for cache directory md-supplier (C:\Users\ADIT-PC\.gradle\caches\6.1.1\md-supplier)" [_thread_blocked, id=14860, stack(0x000000001f370000,0x000000001f470000)]
  0x000000001ac6a800 JavaThread "Cache worker for file hash cache (C:\Users\ADIT-PC\AndroidStudioProjects\AbsensiApp\.gradle\6.1.1\fileHashes)" [_thread_blocked, id=22176, stack(0x000000001f270000,0x000000001f370000)]
  0x000000001ac6a000 JavaThread "Cache worker for checksums cache (C:\Users\ADIT-PC\AndroidStudioProjects\AbsensiApp\.gradle\checksums)" [_thread_blocked, id=21264, stack(0x000000001f510000,0x000000001f610000)]
  0x000000001ac69000 JavaThread "Cache worker for file hash cache (C:\Users\ADIT-PC\.gradle\caches\6.1.1\fileHashes)" [_thread_blocked, id=11164, stack(0x000000001ced0000,0x000000001cfd0000)]
  0x000000001ac6e800 JavaThread "File lock request listener" [_thread_in_native, id=17756, stack(0x000000001cdd0000,0x000000001ced0000)]
  0x000000001ac6d800 JavaThread "Cache worker for journal cache (C:\Users\ADIT-PC\.gradle\caches\journal-1)" [_thread_blocked, id=4476, stack(0x000000001ccd0000,0x000000001cdd0000)]
  0x000000001ac33000 JavaThread "Thread-9" [_thread_blocked, id=3996, stack(0x000000001c9d0000,0x000000001cad0000)]
  0x000000001ac30000 JavaThread "Stdin handler" [_thread_blocked, id=21532, stack(0x000000001c8d0000,0x000000001c9d0000)]
  0x000000001ac2d800 JavaThread "Asynchronous log dispatcher for DefaultDaemonConnection: socket connection from /127.0.0.1:33518 to /127.0.0.1:33519" [_thread_blocked, id=15924, stack(0x000000001c7d0000,0x000000001c8d0000)]
  0x000000001abc4800 JavaThread "Daemon worker" [_thread_in_vm, id=17224, stack(0x000000001c6d0000,0x000000001c7d0000)]
  0x000000001abc3800 JavaThread "Cancel handler" [_thread_blocked, id=13976, stack(0x000000001c5d0000,0x000000001c6d0000)]
  0x000000001ab61800 JavaThread "Handler for socket connection from /127.0.0.1:33518 to /127.0.0.1:33519" [_thread_in_native, id=20468, stack(0x000000001c2d0000,0x000000001c3d0000)]
  0x000000001ab60800 JavaThread "Daemon" [_thread_blocked, id=13004, stack(0x000000001c1d0000,0x000000001c2d0000)]
  0x000000001ab49800 JavaThread "Daemon periodic checks" [_thread_blocked, id=644, stack(0x000000001c0d0000,0x000000001c1d0000)]
  0x000000001ab4e800 JavaThread "Incoming local TCP Connector on port 33518" [_thread_in_native, id=2860, stack(0x000000001be90000,0x000000001bf90000)]
  0x000000001ab2e800 JavaThread "Daemon health stats" [_thread_blocked, id=10352, stack(0x000000001b850000,0x000000001b950000)]
  0x0000000018af0000 JavaThread "Service Thread" daemon [_thread_blocked, id=17056, stack(0x0000000018eb0000,0x0000000018fb0000)]
  0x000000001716e800 JavaThread "C1 CompilerThread2" daemon [_thread_in_native, id=13524, stack(0x00000000189b0000,0x0000000018ab0000)]
  0x000000001715d800 JavaThread "C2 CompilerThread1" daemon [_thread_in_native, id=7848, stack(0x00000000188b0000,0x00000000189b0000)]
=>0x0000000017156800 JavaThread "C2 CompilerThread0" daemon [_thread_in_native, id=14224, stack(0x00000000187b0000,0x00000000188b0000)]
  0x0000000017155000 JavaThread "Attach Listener" daemon [_thread_blocked, id=11856, stack(0x00000000186b0000,0x00000000187b0000)]
  0x0000000017153800 JavaThread "Signal Dispatcher" daemon [_thread_blocked, id=21248, stack(0x00000000185b0000,0x00000000186b0000)]
  0x000000000252d000 JavaThread "Finalizer" daemon [_thread_blocked, id=18080, stack(0x00000000183b0000,0x00000000184b0000)]
  0x0000000017139000 JavaThread "Reference Handler" daemon [_thread_blocked, id=17400, stack(0x00000000182b0000,0x00000000183b0000)]
  0x0000000002432800 JavaThread "main" [_thread_blocked, id=24412, stack(0x0000000002330000,0x0000000002430000)]

Other Threads:
  0x0000000017116000 VMThread [stack: 0x00000000181b0000,0x00000000182b0000] [id=9380]
  0x00000000171ab800 WatcherThread [stack: 0x0000000018fb0000,0x00000000190b0000] [id=23748]

VM state:not at safepoint (normal execution)

VM Mutex/Monitor currently owned by a thread: None

heap address: 0x0000000080000000, size: 2048 MB, Compressed Oops mode: 32-bit
Narrow klass base: 0x0000000000000000, Narrow klass shift: 3
Compressed class space size: 1073741824 Address: 0x0000000100000000

Heap:
 PSYoungGen      total 361984K, used 17756K [0x00000000d5580000, 0x00000000f8700000, 0x0000000100000000)
  eden space 335360K, 5% used [0x00000000d5580000,0x00000000d66d73e8,0x00000000e9d00000)
  from space 26624K, 0% used [0x00000000e9d00000,0x00000000e9d00000,0x00000000eb700000)
  to   space 30208K, 0% used [0x00000000f6980000,0x00000000f6980000,0x00000000f8700000)
 ParOldGen       total 165376K, used 38265K [0x0000000080000000, 0x000000008a180000, 0x00000000d5580000)
  object space 165376K, 23% used [0x0000000080000000,0x000000008255e7d0,0x000000008a180000)
 Metaspace       used 57651K, capacity 59900K, committed 60080K, reserved 1101824K
  class space    used 7987K, capacity 8560K, committed 8624K, reserved 1048576K

Card table byte_map: [0x00000000118f0000,0x0000000011d00000] byte_map_base: 0x00000000114f0000

Marking Bits: (ParMarkBitMap*) 0x000000006fa3f030
 Begin Bits: [0x00000000123b0000, 0x00000000143b0000)
 End Bits:   [0x00000000143b0000, 0x00000000163b0000)

Polling page: 0x0000000002250000

CodeCache: size=245760Kb used=17896Kb max_used=17897Kb free=227863Kb
 bounds [0x0000000002530000, 0x00000000036d0000, 0x0000000011530000]
 total_blobs=5835 nmethods=5059 adapters=689
 compilation: enabled

Compilation events (10 events):
Event: 11.524 Thread 0x000000001716e800 nmethod 5494 0x0000000003699650 code [0x0000000003699840, 0x000000000369a178]
Event: 11.524 Thread 0x000000001716e800 5495       3       com.sun.xml.bind.v2.model.annotation.RuntimeInlineAnnotationReader::hasFieldAnnotation (6 bytes)
Event: 11.524 Thread 0x000000001716e800 nmethod 5495 0x0000000003698890 code [0x0000000003698a60, 0x00000000036991d8]
Event: 11.524 Thread 0x000000001716e800 5496       3       com.sun.xml.bind.v2.model.nav.ReflectionNavigator::isSameType (13 bytes)
Event: 11.524 Thread 0x000000001716e800 nmethod 5496 0x0000000003698090 code [0x0000000003698220, 0x0000000003698728]
Event: 11.524 Thread 0x000000001716e800 5497       3       com.sun.xml.bind.v2.model.nav.ReflectionNavigator::isSameType (6 bytes)
Event: 11.524 Thread 0x000000001716e800 nmethod 5497 0x0000000003697c10 code [0x0000000003697d80, 0x0000000003697fa8]
Event: 11.524 Thread 0x000000001716e800 5498       3       com.sun.xml.bind.v2.model.annotation.RuntimeInlineAnnotationReader::getAllMethodAnnotations (10 bytes)
Event: 11.524 Thread 0x000000001716e800 nmethod 5498 0x0000000003696a10 code [0x0000000003696c00, 0x0000000003697638]
Event: 11.526 Thread 0x000000001716e800 5499       3       java.lang.Class::isAnnotationPresent (6 bytes)

GC Heap History (10 events):
Event: 6.411 GC heap before
{Heap before GC invocations=6 (full 1):
 PSYoungGen      total 219648K, used 64057K [0x00000000d5580000, 0x00000000e6880000, 0x0000000100000000)
  eden space 208896K, 25% used [0x00000000d5580000,0x00000000d8990638,0x00000000e2180000)
  from space 10752K, 99% used [0x00000000e5e00000,0x00000000e687ddd8,0x00000000e6880000)
  to   space 10752K, 0% used [0x00000000e5380000,0x00000000e5380000,0x00000000e5e00000)
 ParOldGen       total 104960K, used 14606K [0x0000000080000000, 0x0000000086680000, 0x00000000d5580000)
  object space 104960K, 13% used [0x0000000080000000,0x0000000080e43a20,0x0000000086680000)
 Metaspace       used 34523K, capacity 35396K, committed 35496K, reserved 1079296K
  class space    used 4738K, capacity 4971K, committed 5040K, reserved 1048576K
Event: 6.422 GC heap after
Heap after GC invocations=6 (full 1):
 PSYoungGen      total 270848K, used 8842K [0x00000000d5580000, 0x00000000ec680000, 0x0000000100000000)
  eden space 260096K, 0% used [0x00000000d5580000,0x00000000d5580000,0x00000000e5380000)
  from space 10752K, 82% used [0x00000000e5380000,0x00000000e5c22a18,0x00000000e5e00000)
  to   space 15872K, 0% used [0x00000000eb700000,0x00000000eb700000,0x00000000ec680000)
 ParOldGen       total 104960K, used 14614K [0x0000000080000000, 0x0000000086680000, 0x00000000d5580000)
  object space 104960K, 13% used [0x0000000080000000,0x0000000080e45a20,0x0000000086680000)
 Metaspace       used 34523K, capacity 35396K, committed 35496K, reserved 1079296K
  class space    used 4738K, capacity 4971K, committed 5040K, reserved 1048576K
}
Event: 6.422 GC heap before
{Heap before GC invocations=7 (full 2):
 PSYoungGen      total 270848K, used 8842K [0x00000000d5580000, 0x00000000ec680000, 0x0000000100000000)
  eden space 260096K, 0% used [0x00000000d5580000,0x00000000d5580000,0x00000000e5380000)
  from space 10752K, 82% used [0x00000000e5380000,0x00000000e5c22a18,0x00000000e5e00000)
  to   space 15872K, 0% used [0x00000000eb700000,0x00000000eb700000,0x00000000ec680000)
 ParOldGen       total 104960K, used 14614K [0x0000000080000000, 0x0000000086680000, 0x00000000d5580000)
  object space 104960K, 13% used [0x0000000080000000,0x0000000080e45a20,0x0000000086680000)
 Metaspace       used 34523K, capacity 35396K, committed 35496K, reserved 1079296K
  class space    used 4738K, capacity 4971K, committed 5040K, reserved 1048576K
Event: 6.498 GC heap after
Heap after GC invocations=7 (full 2):
 PSYoungGen      total 270848K, used 0K [0x00000000d5580000, 0x00000000ec680000, 0x0000000100000000)
  eden space 260096K, 0% used [0x00000000d5580000,0x00000000d5580000,0x00000000e5380000)
  from space 10752K, 0% used [0x00000000e5380000,0x00000000e5380000,0x00000000e5e00000)
  to   space 15872K, 0% used [0x00000000eb700000,0x00000000eb700000,0x00000000ec680000)
 ParOldGen       total 165376K, used 15469K [0x0000000080000000, 0x000000008a180000, 0x00000000d5580000)
  object space 165376K, 9% used [0x0000000080000000,0x0000000080f1b750,0x000000008a180000)
 Metaspace       used 34523K, capacity 35396K, committed 35496K, reserved 1079296K
  class space    used 4738K, capacity 4971K, committed 5040K, reserved 1048576K
}
Event: 9.964 GC heap before
{Heap before GC invocations=8 (full 2):
 PSYoungGen      total 270848K, used 260096K [0x00000000d5580000, 0x00000000ec680000, 0x0000000100000000)
  eden space 260096K, 100% used [0x00000000d5580000,0x00000000e5380000,0x00000000e5380000)
  from space 10752K, 0% used [0x00000000e5380000,0x00000000e5380000,0x00000000e5e00000)
  to   space 15872K, 0% used [0x00000000eb700000,0x00000000eb700000,0x00000000ec680000)
 ParOldGen       total 165376K, used 15469K [0x0000000080000000, 0x000000008a180000, 0x00000000d5580000)
  object space 165376K, 9% used [0x0000000080000000,0x0000000080f1b750,0x000000008a180000)
 Metaspace       used 53528K, capacity 55506K, committed 55728K, reserved 1097728K
  class space    used 7292K, capacity 7767K, committed 7856K, reserved 1048576K
Event: 9.990 GC heap after
Heap after GC invocations=8 (full 2):
 PSYoungGen      total 351232K, used 15855K [0x00000000d5580000, 0x00000000ee300000, 0x0000000100000000)
  eden space 335360K, 0% used [0x00000000d5580000,0x00000000d5580000,0x00000000e9d00000)
  from space 15872K, 99% used [0x00000000eb700000,0x00000000ec67bd78,0x00000000ec680000)
  to   space 26624K, 0% used [0x00000000e9d00000,0x00000000e9d00000,0x00000000eb700000)
 ParOldGen       total 165376K, used 30567K [0x0000000080000000, 0x000000008a180000, 0x00000000d5580000)
  object space 165376K, 18% used [0x0000000080000000,0x0000000081dd9fc0,0x000000008a180000)
 Metaspace       used 53528K, capacity 55506K, committed 55728K, reserved 1097728K
  class space    used 7292K, capacity 7767K, committed 7856K, reserved 1048576K
}
Event: 10.978 GC heap before
{Heap before GC invocations=9 (full 2):
 PSYoungGen      total 351232K, used 106987K [0x00000000d5580000, 0x00000000ee300000, 0x0000000100000000)
  eden space 335360K, 27% used [0x00000000d5580000,0x00000000dae7f170,0x00000000e9d00000)
  from space 15872K, 99% used [0x00000000eb700000,0x00000000ec67bd78,0x00000000ec680000)
  to   space 26624K, 0% used [0x00000000e9d00000,0x00000000e9d00000,0x00000000eb700000)
 ParOldGen       total 165376K, used 30567K [0x0000000080000000, 0x000000008a180000, 0x00000000d5580000)
  object space 165376K, 18% used [0x0000000080000000,0x0000000081dd9fc0,0x000000008a180000)
 Metaspace       used 56934K, capacity 59136K, committed 59160K, reserved 1099776K
  class space    used 7810K, capacity 8358K, committed 8368K, reserved 1048576K
Event: 11.046 GC heap after
Heap after GC invocations=9 (full 2):
 PSYoungGen      total 361984K, used 23617K [0x00000000d5580000, 0x00000000f8700000, 0x0000000100000000)
  eden space 335360K, 0% used [0x00000000d5580000,0x00000000d5580000,0x00000000e9d00000)
  from space 26624K, 88% used [0x00000000e9d00000,0x00000000eb4104f8,0x00000000eb700000)
  to   space 30208K, 0% used [0x00000000f6980000,0x00000000f6980000,0x00000000f8700000)
 ParOldGen       total 165376K, used 30575K [0x0000000080000000, 0x000000008a180000, 0x00000000d5580000)
  object space 165376K, 18% used [0x0000000080000000,0x0000000081ddbfc0,0x000000008a180000)
 Metaspace       used 56934K, capacity 59136K, committed 59160K, reserved 1099776K
  class space    used 7810K, capacity 8358K, committed 8368K, reserved 1048576K
}
Event: 11.046 GC heap before
{Heap before GC invocations=10 (full 3):
 PSYoungGen      total 361984K, used 23617K [0x00000000d5580000, 0x00000000f8700000, 0x0000000100000000)
  eden space 335360K, 0% used [0x00000000d5580000,0x00000000d5580000,0x00000000e9d00000)
  from space 26624K, 88% used [0x00000000e9d00000,0x00000000eb4104f8,0x00000000eb700000)
  to   space 30208K, 0% used [0x00000000f6980000,0x00000000f6980000,0x00000000f8700000)
 ParOldGen       total 165376K, used 30575K [0x0000000080000000, 0x000000008a180000, 0x00000000d5580000)
  object space 165376K, 18% used [0x0000000080000000,0x0000000081ddbfc0,0x000000008a180000)
 Metaspace       used 56934K, capacity 59136K, committed 59160K, reserved 1099776K
  class space    used 7810K, capacity 8358K, committed 8368K, reserved 1048576K
Event: 11.310 GC heap after
Heap after GC invocations=10 (full 3):
 PSYoungGen      total 361984K, used 0K [0x00000000d5580000, 0x00000000f8700000, 0x0000000100000000)
  eden space 335360K, 0% used [0x00000000d5580000,0x00000000d5580000,0x00000000e9d00000)
  from space 26624K, 0% used [0x00000000e9d00000,0x00000000e9d00000,0x00000000eb700000)
  to   space 30208K, 0% used [0x00000000f6980000,0x00000000f6980000,0x00000000f8700000)
 ParOldGen       total 165376K, used 38265K [0x0000000080000000, 0x000000008a180000, 0x00000000d5580000)
  object space 165376K, 23% used [0x0000000080000000,0x000000008255e7d0,0x000000008a180000)
 Metaspace       used 56929K, capacity 59118K, committed 59160K, reserved 1099776K
  class space    used 7809K, capacity 8355K, committed 8368K, reserved 1048576K
}

Deoptimization events (10 events):
Event: 10.291 Thread 0x000000001abc4800 Uncommon trap: reason=class_check action=maybe_recompile pc=0x0000000002b05a10 method=java.lang.AbstractStringBuilder.append(Ljava/lang/CharSequence;II)Ljava/lang/AbstractStringBuilder; @ 18
Event: 10.292 Thread 0x000000001abc4800 Uncommon trap: reason=class_check action=maybe_recompile pc=0x0000000002b05a10 method=java.lang.AbstractStringBuilder.append(Ljava/lang/CharSequence;II)Ljava/lang/AbstractStringBuilder; @ 18
Event: 10.389 Thread 0x000000001abc4800 Uncommon trap: reason=bimorphic action=maybe_recompile pc=0x0000000002ed5970 method=java.util.AbstractCollection.addAll(Ljava/util/Collection;)Z @ 29
Event: 10.417 Thread 0x000000001abc4800 Uncommon trap: reason=unstable_if action=reinterpret pc=0x0000000002fa8978 method=com.esotericsoftware.kryo.io.Input.require(I)I @ 65
Event: 10.437 Thread 0x000000001abc4800 Uncommon trap: reason=unstable_if action=reinterpret pc=0x00000000032c33a0 method=java.lang.ThreadLocal$ThreadLocalMap.set(Ljava/lang/ThreadLocal;Ljava/lang/Object;)V @ 119
Event: 10.489 Thread 0x000000001abc4800 Uncommon trap: reason=unstable_if action=reinterpret pc=0x0000000002875944 method=java.util.HashMap.resize()[Ljava/util/HashMap$Node; @ 206
Event: 10.489 Thread 0x000000001abc4800 Uncommon trap: reason=unstable_if action=reinterpret pc=0x0000000002724de8 method=java.util.HashMap.putVal(ILjava/lang/Object;Ljava/lang/Object;ZZ)Ljava/lang/Object; @ 109
Event: 10.489 Thread 0x000000001abc4800 Uncommon trap: reason=unstable_if action=reinterpret pc=0x0000000002ed84a8 method=java.util.HashMap.putVal(ILjava/lang/Object;Ljava/lang/Object;ZZ)Ljava/lang/Object; @ 109
Event: 10.502 Thread 0x000000001abc4800 Uncommon trap: reason=unstable_if action=reinterpret pc=0x0000000002fa9ac0 method=java.io.WinNTFileSystem.normalize(Ljava/lang/String;)Ljava/lang/String; @ 74
Event: 10.502 Thread 0x000000001abc4800 Uncommon trap: reason=unstable_if action=reinterpret pc=0x0000000002a62f3c method=java.io.WinNTFileSystem.normalize(Ljava/lang/String;II)Ljava/lang/String; @ 103

Classes redefined (0 events):
No events

Internal exceptions (10 events):
Event: 10.371 Thread 0x000000001abc4800 Exception <a 'java/lang/ClassNotFoundException': org/gradle/api/internal/file/DefaultFilePropertyFactory$DefaultRegularFileVarCustomizer> (0x00000000d89ed970) thrown at [C:\src\AOSP-openjdk-git\hotspot\src\share\vm\classfile\systemDictionary.cpp, line 210
Event: 10.380 Thread 0x000000001abc4800 Exception <a 'java/lang/ClassNotFoundException': org/gradle/api/internal/file/collections/DefaultConfigurableFileCollectionBeanInfo> (0x00000000d8b0a700) thrown at [C:\src\AOSP-openjdk-git\hotspot\src\share\vm\classfile\systemDictionary.cpp, line 210]
Event: 10.380 Thread 0x000000001abc4800 Exception <a 'java/lang/ClassNotFoundException': org/gradle/api/internal/file/collections/DefaultConfigurableFileCollectionCustomizer> (0x00000000d8b2efd8) thrown at [C:\src\AOSP-openjdk-git\hotspot\src\share\vm\classfile\systemDictionary.cpp, line 210]
Event: 10.385 Thread 0x000000001abc4800 Exception <a 'java/lang/reflect/InvocationTargetException'> (0x00000000d8bd1448) thrown at [C:\src\AOSP-openjdk-git\hotspot\src\share\vm\runtime\reflection.cpp, line 1092]
Event: 10.387 Thread 0x000000001abc4800 Exception <a 'java/lang/reflect/InvocationTargetException'> (0x00000000d8bd41a8) thrown at [C:\src\AOSP-openjdk-git\hotspot\src\share\vm\runtime\reflection.cpp, line 1092]
Event: 10.387 Thread 0x000000001abc4800 Exception <a 'java/lang/reflect/InvocationTargetException'> (0x00000000d8bd6e08) thrown at [C:\src\AOSP-openjdk-git\hotspot\src\share\vm\runtime\reflection.cpp, line 1092]
Event: 10.387 Thread 0x000000001abc4800 Exception <a 'java/lang/reflect/InvocationTargetException'> (0x00000000d8bd9bb8) thrown at [C:\src\AOSP-openjdk-git\hotspot\src\share\vm\runtime\reflection.cpp, line 1092]
Event: 10.387 Thread 0x000000001abc4800 Exception <a 'java/lang/reflect/InvocationTargetException'> (0x00000000d8bdc948) thrown at [C:\src\AOSP-openjdk-git\hotspot\src\share\vm\runtime\reflection.cpp, line 1092]
Event: 10.841 Thread 0x000000001abc4800 Exception <a 'java/lang/ClassNotFoundException': com/sun/org/glassfish/hk2/osgiresourcelocator/ServiceLoader> (0x00000000daa18870) thrown at [C:\src\AOSP-openjdk-git\hotspot\src\share\vm\classfile\systemDictionary.cpp, line 210]
Event: 11.324 Thread 0x000000001abc4800 Exception <a 'java/lang/NullPointerException'> (0x00000000d578c590) thrown at [C:\src\AOSP-openjdk-git\hotspot\src\share\vm\interpreter\linkResolver.cpp, line 1287]

Events (10 events):
Event: 11.491 loading class com/sun/xml/bind/api/impl/NameUtil
Event: 11.491 loading class com/sun/xml/bind/api/impl/NameUtil done
Event: 11.493 loading class com/sun/xml/bind/api/impl/NameConverter$1
Event: 11.493 loading class com/sun/xml/bind/api/impl/NameConverter$1 done
Event: 11.493 loading class com/sun/xml/bind/api/impl/NameConverter$2
Event: 11.493 loading class com/sun/xml/bind/api/impl/NameConverter$2 done
Event: 11.494 loading class com/android/repository/impl/meta/package-info
Event: 11.494 loading class com/android/repository/impl/meta/package-info done
Event: 11.513 loading class java/lang/Package$1PackageInfoProxy
Event: 11.513 loading class java/lang/Package$1PackageInfoProxy done


Dynamic libraries:
0x00007ff65d090000 - 0x00007ff65d0c1000 	C:\Program Files\Android\Android Studio\jre\bin\java.exe
0x00007ffa43210000 - 0x00007ffa43405000 	C:\WINDOWS\SYSTEM32\ntdll.dll
0x00007ffa418a0000 - 0x00007ffa4195d000 	C:\WINDOWS\System32\KERNEL32.DLL
0x00007ffa40f00000 - 0x00007ffa411cd000 	C:\WINDOWS\System32\KERNELBASE.dll
0x00000000710a0000 - 0x000000007114f000 	C:\ProgramData\Symantec\Symantec Endpoint Protection\14.3.5413.3000.105\Data\Sysfer\x64\sysfer.dll
0x00007ffa42460000 - 0x00007ffa4250e000 	C:\WINDOWS\System32\ADVAPI32.dll
0x00007ffa421b0000 - 0x00007ffa4224e000 	C:\WINDOWS\System32\msvcrt.dll
0x00007ffa420b0000 - 0x00007ffa4214c000 	C:\WINDOWS\System32\sechost.dll
0x00007ffa41390000 - 0x00007ffa414b5000 	C:\WINDOWS\System32\RPCRT4.dll
0x00007ffa42bd0000 - 0x00007ffa42d70000 	C:\WINDOWS\System32\USER32.dll
0x00007ffa40920000 - 0x00007ffa40942000 	C:\WINDOWS\System32\win32u.dll
0x00007ffa429b0000 - 0x00007ffa429da000 	C:\WINDOWS\System32\GDI32.dll
0x00007ffa40d00000 - 0x00007ffa40e0b000 	C:\WINDOWS\System32\gdi32full.dll
0x00007ffa40950000 - 0x00007ffa409ed000 	C:\WINDOWS\System32\msvcp_win.dll
0x00007ffa409f0000 - 0x00007ffa40af0000 	C:\WINDOWS\System32\ucrtbase.dll
0x00007ffa2cf70000 - 0x00007ffa2d20a000 	C:\WINDOWS\WinSxS\amd64_microsoft.windows.common-controls_6595b64144ccf1df_6.0.19041.1110_none_60b5254171f9507e\COMCTL32.dll
0x00007ffa41670000 - 0x00007ffa416a0000 	C:\WINDOWS\System32\IMM32.DLL
0x000000006f0c0000 - 0x000000006f192000 	C:\Program Files\Android\Android Studio\jre\jre\bin\msvcr100.dll
0x000000006f270000 - 0x000000006fabb000 	C:\Program Files\Android\Android Studio\jre\jre\bin\server\jvm.dll
0x00007ffa42d70000 - 0x00007ffa42d78000 	C:\WINDOWS\System32\PSAPI.DLL
0x00007ffa2baf0000 - 0x00007ffa2baf9000 	C:\WINDOWS\SYSTEM32\WSOCK32.dll
0x00007ffa42b60000 - 0x00007ffa42bcb000 	C:\WINDOWS\System32\WS2_32.dll
0x00007ffa2bfd0000 - 0x00007ffa2bff7000 	C:\WINDOWS\SYSTEM32\WINMM.dll
0x00007ffa3e8e0000 - 0x00007ffa3e8ea000 	C:\WINDOWS\SYSTEM32\VERSION.dll
0x00007ffa3c270000 - 0x00007ffa3c27f000 	C:\Program Files\Android\Android Studio\jre\jre\bin\verify.dll
0x00007ffa3c240000 - 0x00007ffa3c269000 	C:\Program Files\Android\Android Studio\jre\jre\bin\java.dll
0x00007ffa3c220000 - 0x00007ffa3c236000 	C:\Program Files\Android\Android Studio\jre\jre\bin\zip.dll
0x00007ffa41960000 - 0x00007ffa420a4000 	C:\WINDOWS\System32\SHELL32.dll
0x00007ffa3e8f0000 - 0x00007ffa3f084000 	C:\WINDOWS\SYSTEM32\windows.storage.dll
0x00007ffa42e70000 - 0x00007ffa431c4000 	C:\WINDOWS\System32\combase.dll
0x00007ffa401d0000 - 0x00007ffa401fc000 	C:\WINDOWS\SYSTEM32\Wldp.dll
0x00007ffa42330000 - 0x00007ffa423dd000 	C:\WINDOWS\System32\SHCORE.dll
0x00007ffa42250000 - 0x00007ffa422a5000 	C:\WINDOWS\System32\shlwapi.dll
0x00007ffa40860000 - 0x00007ffa4087f000 	C:\WINDOWS\SYSTEM32\profapi.dll
0x00007ffa3c200000 - 0x00007ffa3c21a000 	C:\Program Files\Android\Android Studio\jre\jre\bin\net.dll
0x00007ffa3ffb0000 - 0x00007ffa4001a000 	C:\WINDOWS\system32\mswsock.dll
0x00007ffa3c1e0000 - 0x00007ffa3c1f3000 	C:\Program Files\Android\Android Studio\jre\jre\bin\nio.dll
0x00007ffa2de10000 - 0x00007ffa2de36000 	C:\Users\ADIT-PC\.gradle\native\31\windows-amd64\native-platform.dll
0x00007ffa3c1d0000 - 0x00007ffa3c1dd000 	C:\Program Files\Android\Android Studio\jre\jre\bin\management.dll
0x00007ffa40210000 - 0x00007ffa40228000 	C:\WINDOWS\SYSTEM32\CRYPTSP.dll
0x00007ffa3f950000 - 0x00007ffa3f984000 	C:\WINDOWS\system32\rsaenh.dll
0x00007ffa40e80000 - 0x00007ffa40ea7000 	C:\WINDOWS\System32\bcrypt.dll
0x00007ffa40820000 - 0x00007ffa4084e000 	C:\WINDOWS\SYSTEM32\USERENV.dll
0x00007ffa411d0000 - 0x00007ffa41252000 	C:\WINDOWS\System32\bcryptprimitives.dll
0x00007ffa40140000 - 0x00007ffa4014c000 	C:\WINDOWS\SYSTEM32\CRYPTBASE.dll
0x00007ffa3fcc0000 - 0x00007ffa3fcfb000 	C:\WINDOWS\SYSTEM32\IPHLPAPI.DLL
0x00007ffa42450000 - 0x00007ffa42458000 	C:\WINDOWS\System32\NSI.dll
0x00007ffa36e30000 - 0x00007ffa36e47000 	C:\WINDOWS\SYSTEM32\dhcpcsvc6.DLL
0x00007ffa36e10000 - 0x00007ffa36e2d000 	C:\WINDOWS\SYSTEM32\dhcpcsvc.DLL
0x00007ffa3fd10000 - 0x00007ffa3fddb000 	C:\WINDOWS\SYSTEM32\DNSAPI.dll

VM Arguments:
jvm_args: -Xmx2048m -Dfile.encoding=windows-1252 -Duser.country=ID -Duser.language=en -Duser.variant 
java_command: org.gradle.launcher.daemon.bootstrap.GradleDaemon 6.1.1
java_class_path (initial): C:\Users\ADIT-PC\.gradle\wrapper\dists\gradle-6.1.1-all\cfmwm155h49vnt3hynmlrsdst\gradle-6.1.1\lib\gradle-launcher-6.1.1.jar
Launcher Type: SUN_STANDARD

Environment Variables:
JAVA_HOME=C:\Program Files\Java\jdk-15.0.2
CLASSPATH=.;
PATH=C:\Program Files\Common Files\Oracle\Java\javapath;C:\Python311\Scripts\;C:\Python311\;C:\Python310\Scripts\;C:\Python310\;C:\Python27\;C:\Python27\Scripts;C:\Program Files (x86)\Common Files\Oracle\Java\javapath;C:\Program Files\Docker\Docker\Resources\bin;C:\ProgramData\Oracle\Java\javapath;C:\Program Files (x86)\Intel\iCLS Client\;C:\Program Files\Intel\iCLS Client\;C:\WINDOWS\system32;C:\WINDOWS;C:\WINDOWS\System32\Wbem;C:\WINDOWS\System32\WindowsPowerShell\v1.0\;C:\Program Files (x86)\Intel\Intel(R) Management Engine Components\DAL;C:\Program Files\Intel\Intel(R) Management Engine Components\DAL;C:\Program Files (x86)\Intel\Intel(R) Management Engine Components\IPT;C:\Program Files\Intel\Intel(R) Management Engine Components\IPT;C:\Program Files\Java\jre1.8.0_162\bin;C:\Program Files (x86)\GtkSharp\2.12\bin;C:\Program Files\PuTTY\;C:\Program Files\Java\jdk1.8.0_162\bin;C:\PROGRA~2\Groovy\GROOVY~1.15\bin;C:\WINDOWS\System32\OpenSSH\;C:\xampp\php;C:\Program Files (x86)\Microsoft SQL Server\Client SDK\ODBC\130\Tools\Binn\;C:\Program Files (x86)\Microsoft SQL Server\140\Tools\Binn\;C:\Program Files (x86)\Microsoft SQL Server\140\DTS\Binn\;C:\Program Files (x86)\Microsoft SQL Server\140\Tools\Binn\ManagementStudio\;c:\Program Files (x86)\Microsoft SQL Server\110\Tools\Binn\;c:\Program Files\Microsoft SQL Server\110\Tools\Binn\;c:\Program Files\Microsoft SQL Server\110\DTS\Binn\;C:\composer;C:\Flutter\flutter\bin;C:\Bitnami\wampstack-5.6.39-0\php;C:\ProgramData\chocolatey\bin;C:\Program Files (x86)\Yarn\bin\;C:\Program Files\Java\jdk1.8.0_211\bin;C:\Program Files\OpenJDK\openjdk-8u312-b07\bin;C:\Program Files\nodejs\;C:\Program Files\Git\cmd;C:\Users\ADIT-PC\AppData\Local\Microsoft\WindowsApps;C:\Users\ADIT-PC\AppData\Local\Android\Sdk\platform-tools;C:\Users\ADIT-PC\AppData\Roaming\npm;C:\Users\ADIT-PC\AppData\Local\Programs\Microsoft VS Code\bin;C:\Users\ADIT-PC\AppData\Local\Android\Sdk;C:\src\flutter\bin;
USERNAME=ADIT-PC
OS=Windows_NT
PROCESSOR_IDENTIFIER=Intel64 Family 6 Model 94 Stepping 3, GenuineIntel



---------------  S Y S T E M  ---------------

OS: Windows 10.0 , 64 bit Build 19041 (10.0.19041.1706)

CPU:total 4 (initial active 4) (4 cores per cpu, 1 threads per core) family 6 model 94 stepping 3, cmov, cx8, fxsr, mmx, sse, sse2, sse3, ssse3, sse4.1, sse4.2, popcnt, avx, avx2, aes, clmul, erms, rtm, 3dnowpref, lzcnt, tsc, tscinvbit, bmi1, bmi2, adx

Memory: 4k page, physical 16638028k(2956364k free), swap 25629772k(4660k free)

vm_info: OpenJDK 64-Bit Server VM (25.242-b01) for windows-amd64 JRE (1.8.0_242-release-1644-b01), built by "builder" with MS VC++ 10.0 (VS2010)

time: Wed Jun 08 09:12:48 2022
timezone: SE Asia Standard Time
elapsed time: 11 seconds (0d 0h 0m 11s)

