#
# There is insufficient memory for the Java Runtime Environment to continue.
# Native memory allocation (malloc) failed to allocate 1664816 bytes for Chunk::new
# Possible reasons:
#   The system is out of physical RAM or swap space
#   The process is running with CompressedOops enabled, and the Java Heap may be blocking the growth of the native heap
# Possible solutions:
#   Reduce memory load on the system
#   Increase physical memory or swap space
#   Check if swap backing store is full
#   Decrease Java heap size (-Xmx/-Xms)
#   Decrease number of Java threads
#   Decrease Java thread stack sizes (-Xss)
#   Set larger code cache with -XX:ReservedCodeCacheSize=
#   JVM is running with Unscaled Compressed Oops mode in which the Java heap is
#     placed in the first 4GB address space. The Java Heap base address is the
#     maximum limit for the native heap growth. Please use -XX:HeapBaseMinAddress
#     to set the Java Heap base and to place the Java Heap above 4GB virtual address.
# This output file may be truncated or incomplete.
#
#  Out of Memory Error (./src/hotspot/share/memory/arena.cpp:197), pid=25064, tid=22876
#
# JRE version: OpenJDK Runtime Environment (11.0.12+7) (build 11.0.12+7-b1504.28-7817840)
# Java VM: OpenJDK 64-Bit Server VM (11.0.12+7-b1504.28-7817840, mixed mode, tiered, compressed oops, g1 gc, windows-amd64)
# No core dump will be written. Minidumps are not enabled by default on client versions of Windows
#

---------------  S U M M A R Y ------------

Command Line: --add-opens=java.base/java.util=ALL-UNNAMED --add-opens=java.base/java.lang=ALL-UNNAMED --add-opens=java.base/java.lang.invoke=ALL-UNNAMED --add-opens=java.prefs/java.util.prefs=ALL-UNNAMED -Xmx2048m -Dfile.encoding=windows-1252 -Duser.country=ID -Duser.language=en -Duser.variant org.gradle.launcher.daemon.bootstrap.GradleDaemon 6.1.1

Host: Intel(R) Core(TM) i5-6500 CPU @ 3.20GHz, 4 cores, 15G,  Windows 10 , 64 bit Build 19041 (10.0.19041.2251)
Time: Wed Dec  7 08:35:26 2022 SE Asia Standard Time elapsed time: 2373.038088 seconds (0d 0h 39m 33s)

---------------  T H R E A D  ---------------

Current thread (0x0000019eb0beb800):  JavaThread "C2 CompilerThread0" daemon [_thread_in_native, id=22876, stack(0x0000002cf7d00000,0x0000002cf7e00000)]


Current CompileTask:
C2:2373038 24997 %     4       com.android.tools.r8.ir.regalloc.a::a @ 681 (1759 bytes)

Stack: [0x0000002cf7d00000,0x0000002cf7e00000]
Native frames: (J=compiled Java code, j=interpreted, Vv=VM code, C=native code)
V  [jvm.dll+0x5fbcea]
V  [jvm.dll+0x731905]
V  [jvm.dll+0x732f1d]
V  [jvm.dll+0x7335d3]
V  [jvm.dll+0x247bf8]
V  [jvm.dll+0xc018c]
V  [jvm.dll+0xc06cc]
V  [jvm.dll+0x2bcc04]
V  [jvm.dll+0x5113a8]
V  [jvm.dll+0x201c5a]
V  [jvm.dll+0x1ff71f]
V  [jvm.dll+0x18868c]
V  [jvm.dll+0x20e0d7]
V  [jvm.dll+0x20c901]
V  [jvm.dll+0x6f9b7f]
V  [jvm.dll+0x6f26a5]
V  [jvm.dll+0x5fabf6]
C  [ucrtbase.dll+0x21bb2]
C  [KERNEL32.DLL+0x174b4]
C  [ntdll.dll+0x526a1]


---------------  P R O C E S S  ---------------

Threads class SMR info:
_java_thread_list=0x0000019ebb449350, length=54, elements={
0x0000019e947ef000, 0x0000019eb0b7e000, 0x0000019eb0b87000, 0x0000019eb0be1000,
0x0000019eb0be3000, 0x0000019eb0be4000, 0x0000019eb0beb800, 0x0000019eb0bf4000,
0x0000019eb0c1f000, 0x0000019eb0d85800, 0x0000019eb2818800, 0x0000019eb20ff800,
0x0000019eb1d4c800, 0x0000019eb2809000, 0x0000019eb2807800, 0x0000019eb280a000,
0x0000019eb3280800, 0x0000019eb3288000, 0x0000019eb328c000, 0x0000019eb3285800,
0x0000019eb2806000, 0x0000019eb36bb000, 0x0000019eb36be000, 0x0000019eb36bc800,
0x0000019eb36b8800, 0x0000019eb36bf000, 0x0000019eb36b9000, 0x0000019eb36c1800,
0x0000019eb36c3000, 0x0000019eb36c0800, 0x0000019eb36bf800, 0x0000019eb36c2000,
0x0000019eb36c4000, 0x0000019eb36c4800, 0x0000019eb36c5800, 0x0000019eb36c6000,
0x0000019eb36c7000, 0x0000019ebabe9000, 0x0000019ebabe6800, 0x0000019ebabe8000,
0x0000019ebabe3000, 0x0000019ebabe9800, 0x0000019ebabe4000, 0x0000019ebabe7000,
0x0000019ebabea800, 0x0000019ebabe5000, 0x0000019ebabef800, 0x0000019ebabe5800,
0x0000019ebabf0000, 0x0000019ebabee000, 0x0000019eb327f000, 0x0000019eb3289000,
0x0000019eb3286800, 0x0000019eb3287000
}

Java Threads: ( => current thread )
  0x0000019e947ef000 JavaThread "main" [_thread_blocked, id=1340, stack(0x0000002cf7100000,0x0000002cf7200000)]
  0x0000019eb0b7e000 JavaThread "Reference Handler" daemon [_thread_blocked, id=1456, stack(0x0000002cf7800000,0x0000002cf7900000)]
  0x0000019eb0b87000 JavaThread "Finalizer" daemon [_thread_blocked, id=22392, stack(0x0000002cf7900000,0x0000002cf7a00000)]
  0x0000019eb0be1000 JavaThread "Signal Dispatcher" daemon [_thread_blocked, id=23644, stack(0x0000002cf7a00000,0x0000002cf7b00000)]
  0x0000019eb0be3000 JavaThread "Attach Listener" daemon [_thread_blocked, id=16856, stack(0x0000002cf7b00000,0x0000002cf7c00000)]
  0x0000019eb0be4000 JavaThread "Service Thread" daemon [_thread_blocked, id=6860, stack(0x0000002cf7c00000,0x0000002cf7d00000)]
=>0x0000019eb0beb800 JavaThread "C2 CompilerThread0" daemon [_thread_in_native, id=22876, stack(0x0000002cf7d00000,0x0000002cf7e00000)]
  0x0000019eb0bf4000 JavaThread "C1 CompilerThread0" daemon [_thread_blocked, id=12968, stack(0x0000002cf7e00000,0x0000002cf7f00000)]
  0x0000019eb0c1f000 JavaThread "Sweeper thread" daemon [_thread_blocked, id=8236, stack(0x0000002cf7f00000,0x0000002cf8000000)]
  0x0000019eb0d85800 JavaThread "Common-Cleaner" daemon [_thread_blocked, id=20860, stack(0x0000002cf8000000,0x0000002cf8100000)]
  0x0000019eb2818800 JavaThread "Daemon health stats" [_thread_blocked, id=15816, stack(0x0000002cf8600000,0x0000002cf8700000)]
  0x0000019eb20ff800 JavaThread "Incoming local TCP Connector on port 1332" [_thread_in_native, id=13712, stack(0x0000002cf8200000,0x0000002cf8300000)]
  0x0000019eb1d4c800 JavaThread "Daemon periodic checks" [_thread_blocked, id=7616, stack(0x0000002cf8700000,0x0000002cf8800000)]
  0x0000019eb2809000 JavaThread "Cache worker for journal cache (C:\Users\ADIT-PC\.gradle\caches\journal-1)" [_thread_blocked, id=20780, stack(0x0000002cf8f00000,0x0000002cf9000000)]
  0x0000019eb2807800 JavaThread "File lock request listener" [_thread_in_native, id=19372, stack(0x0000002cf9000000,0x0000002cf9100000)]
  0x0000019eb280a000 JavaThread "Cache worker for file hash cache (C:\Users\ADIT-PC\.gradle\caches\6.1.1\fileHashes)" [_thread_blocked, id=17840, stack(0x0000002cf9100000,0x0000002cf9200000)]
  0x0000019eb3280800 JavaThread "Cache worker for execution history cache (C:\Users\ADIT-PC\.gradle\caches\6.1.1\executionHistory)" [_thread_blocked, id=24432, stack(0x0000002cf9700000,0x0000002cf9800000)]
  0x0000019eb3288000 JavaThread "Memory manager" [_thread_blocked, id=25092, stack(0x0000002cf9f00000,0x0000002cfa000000)]
  0x0000019eb328c000 JavaThread "Cache worker for file content cache (C:\Users\ADIT-PC\.gradle\caches\6.1.1\fileContent)" [_thread_blocked, id=9228, stack(0x0000002cfa000000,0x0000002cfa100000)]
  0x0000019eb3285800 JavaThread "Cache worker for Java compile cache (C:\Users\ADIT-PC\.gradle\caches\6.1.1\javaCompile)" [_thread_blocked, id=22184, stack(0x0000002cfa500000,0x0000002cfa600000)]
  0x0000019eb2806000 JavaThread "ForkJoinPool.commonPool-worker-3" daemon [_thread_blocked, id=20616, stack(0x0000002cfa700000,0x0000002cfa800000)]
  0x0000019eb36bb000 JavaThread "Daemon Thread 3" [_thread_blocked, id=16448, stack(0x0000002cf6e00000,0x0000002cf6f00000)]
  0x0000019eb36be000 JavaThread "Handler for socket connection from /127.0.0.1:1332 to /127.0.0.1:1379" [_thread_in_native, id=17360, stack(0x0000002cf6f00000,0x0000002cf7000000)]
  0x0000019eb36bc800 JavaThread "Cancel handler" [_thread_blocked, id=25332, stack(0x0000002cf7000000,0x0000002cf7100000)]
  0x0000019eb36b8800 JavaThread "Daemon worker Thread 3" [_thread_blocked, id=24552, stack(0x0000002cf8800000,0x0000002cf8900000)]
  0x0000019eb36bf000 JavaThread "Asynchronous log dispatcher for DefaultDaemonConnection: socket connection from /127.0.0.1:1332 to /127.0.0.1:1379" [_thread_blocked, id=10572, stack(0x0000002cf8900000,0x0000002cf8a00000)]
  0x0000019eb36b9000 JavaThread "Stdin handler" [_thread_blocked, id=15784, stack(0x0000002cf8a00000,0x0000002cf8b00000)]
  0x0000019eb36c1800 JavaThread "Thread-60" [_thread_blocked, id=5220, stack(0x0000002cf8b00000,0x0000002cf8c00000)]
  0x0000019eb36c3000 JavaThread "Cache worker for checksums cache (C:\Users\ADIT-PC\AndroidStudioProjects\AbsensiApp\.gradle\checksums)" [_thread_blocked, id=22816, stack(0x0000002cf8c00000,0x0000002cf8d00000)]
  0x0000019eb36c0800 JavaThread "Cache worker for file hash cache (C:\Users\ADIT-PC\AndroidStudioProjects\AbsensiApp\.gradle\6.1.1\fileHashes)" [_thread_blocked, id=13404, stack(0x0000002cf8d00000,0x0000002cf8e00000)]
  0x0000019eb36bf800 JavaThread "Cache worker for cache directory md-supplier (C:\Users\ADIT-PC\.gradle\caches\6.1.1\md-supplier)" [_thread_blocked, id=3140, stack(0x0000002cf8e00000,0x0000002cf8f00000)]
  0x0000019eb36c2000 JavaThread "Cache worker for cache directory md-rule (C:\Users\ADIT-PC\.gradle\caches\6.1.1\md-rule)" [_thread_blocked, id=16476, stack(0x0000002cf9200000,0x0000002cf9300000)]
  0x0000019eb36c4000 JavaThread "Build operations" [_thread_blocked, id=17268, stack(0x0000002cf9300000,0x0000002cf9400000)]
  0x0000019eb36c4800 JavaThread "Build operations Thread 2" [_thread_blocked, id=16152, stack(0x0000002cf9400000,0x0000002cf9500000)]
  0x0000019eb36c5800 JavaThread "Build operations Thread 3" [_thread_blocked, id=18480, stack(0x0000002cf9500000,0x0000002cf9600000)]
  0x0000019eb36c6000 JavaThread "Build operations Thread 4" [_thread_blocked, id=17368, stack(0x0000002cf9600000,0x0000002cf9700000)]
  0x0000019eb36c7000 JavaThread "pool-4-thread-1" [_thread_blocked, id=21556, stack(0x0000002cf9800000,0x0000002cf9900000)]
  0x0000019ebabe9000 JavaThread "Cache worker for Build Output Cleanup Cache (C:\Users\ADIT-PC\AndroidStudioProjects\AbsensiApp\.gradle\buildOutputCleanup)" [_thread_blocked, id=12412, stack(0x0000002cf9900000,0x0000002cf9a00000)]
  0x0000019ebabe6800 JavaThread "Cache worker for file content cache (C:\Users\ADIT-PC\AndroidStudioProjects\AbsensiApp\.gradle\6.1.1\fileContent)" [_thread_blocked, id=9744, stack(0x0000002cf9c00000,0x0000002cf9d00000)]
  0x0000019ebabe8000 JavaThread "Execution worker for ':'" [_thread_blocked, id=20716, stack(0x0000002cf9d00000,0x0000002cf9e00000)]
  0x0000019ebabe3000 JavaThread "Execution worker for ':' Thread 2" [_thread_blocked, id=24476, stack(0x0000002cf9e00000,0x0000002cf9f00000)]
  0x0000019ebabe9800 JavaThread "Execution worker for ':' Thread 3" [_thread_blocked, id=15896, stack(0x0000002cfa100000,0x0000002cfa200000)]
  0x0000019ebabe4000 JavaThread "Cache worker for execution history cache (C:\Users\ADIT-PC\AndroidStudioProjects\AbsensiApp\.gradle\6.1.1\executionHistory)" [_thread_blocked, id=21176, stack(0x0000002cfa200000,0x0000002cfa300000)]
  0x0000019ebabe7000 JavaThread "WorkerExecutor Queue" [_thread_blocked, id=23116, stack(0x0000002cfa300000,0x0000002cfa400000)]
  0x0000019ebabea800 JavaThread "pool-5-thread-1" [_thread_blocked, id=12996, stack(0x0000002cfa400000,0x0000002cfa500000)]
  0x0000019ebabe5000 JavaThread "stderr" [_thread_in_native, id=20220, stack(0x0000002cfa600000,0x0000002cfa700000)]
  0x0000019ebabef800 JavaThread "stdout" [_thread_in_native, id=17016, stack(0x0000002cfa800000,0x0000002cfa900000)]
  0x0000019ebabe5800 JavaThread "WorkerExecutor Queue Thread 2" [_thread_in_Java, id=18232, stack(0x0000002cf9a00000,0x0000002cf9b00000)]
  0x0000019ebabf0000 JavaThread "Cache worker for Java compile cache (C:\Users\ADIT-PC\AndroidStudioProjects\AbsensiApp\.gradle\6.1.1\javaCompile)" [_thread_blocked, id=18108, stack(0x0000002cfaa00000,0x0000002cfab00000)]
  0x0000019ebabee000 JavaThread "ForkJoinPool.commonPool-worker-1" daemon [_thread_blocked, id=12912, stack(0x0000002cfa900000,0x0000002cfaa00000)]
  0x0000019eb327f000 JavaThread "ForkJoinPool.commonPool-worker-5" daemon [_thread_blocked, id=11976, stack(0x0000002cfab00000,0x0000002cfac00000)]
  0x0000019eb3289000 JavaThread "C2 CompilerThread1" daemon [_thread_in_native, id=5160, stack(0x0000002cfac00000,0x0000002cfad00000)]
  0x0000019eb3286800 JavaThread "WorkerExecutor Queue Thread 3" [_thread_in_native, id=8232, stack(0x0000002cfad00000,0x0000002cfae00000)]
  0x0000019eb3287000 JavaThread "WorkerExecutor Queue Thread 4" [_thread_blocked, id=1116, stack(0x0000002cfae00000,0x0000002cfaf00000)]

Other Threads:
  0x0000019eb0b7a800 VMThread "VM Thread" [stack: 0x0000002cf7700000,0x0000002cf7800000] [id=24092]
  0x0000019eb0daa800 WatcherThread [stack: 0x0000002cf8100000,0x0000002cf8200000] [id=11632]
  0x0000019e947bc800 GCTaskThread "GC Thread#0" [stack: 0x0000002cf7200000,0x0000002cf7300000] [id=23828]
  0x0000019eb1276000 GCTaskThread "GC Thread#1" [stack: 0x0000002cf8300000,0x0000002cf8400000] [id=6816]
  0x0000019eb140f000 GCTaskThread "GC Thread#2" [stack: 0x0000002cf8400000,0x0000002cf8500000] [id=21592]
  0x0000019eb1785000 GCTaskThread "GC Thread#3" [stack: 0x0000002cf8500000,0x0000002cf8600000] [id=17420]
  0x0000019e94835000 ConcurrentGCThread "G1 Main Marker" [stack: 0x0000002cf7300000,0x0000002cf7400000] [id=22664]
  0x0000019e94836800 ConcurrentGCThread "G1 Conc#0" [stack: 0x0000002cf7400000,0x0000002cf7500000] [id=23208]
  0x0000019eb01c2800 ConcurrentGCThread "G1 Refine#0" [stack: 0x0000002cf7500000,0x0000002cf7600000] [id=8476]
  0x0000019eb57b3000 ConcurrentGCThread "G1 Refine#1" [stack: 0x0000002cf9b00000,0x0000002cf9c00000] [id=18972]
  0x0000019eb01c3800 ConcurrentGCThread "G1 Young RemSet Sampling" [stack: 0x0000002cf7600000,0x0000002cf7700000] [id=23040]

Threads with active compile tasks:
C2 CompilerThread02373076 24997 %     4       com.android.tools.r8.ir.regalloc.a::a @ 681 (1759 bytes)
C2 CompilerThread12373076 24882 %     4       com.android.tools.r8.ir.regalloc.a::a @ 63 (3993 bytes)

VM state:not at safepoint (normal execution)

VM Mutex/Monitor currently owned by a thread: None

Heap address: 0x0000000080000000, size: 2048 MB, Compressed Oops mode: 32-bit
Narrow klass base: 0x0000000000000000, Narrow klass shift: 3
Compressed class space size: 1073741824 Address: 0x0000000100000000

Heap:
 garbage-first heap   total 384000K, used 188769K [0x0000000080000000, 0x0000000100000000)
  region size 1024K, 29 young (29696K), 7 survivors (7168K)
 Metaspace       used 112879K, capacity 115832K, committed 116048K, reserved 1150976K
  class space    used 13724K, capacity 14746K, committed 14848K, reserved 1048576K
Heap Regions: E=young(eden), S=young(survivor), O=old, HS=humongous(starts), HC=humongous(continues), CS=collection set, F=free, A=archive, TAMS=top-at-mark-start (previous, next)
|   0|0x0000000080000000, 0x0000000080100000, 0x0000000080100000|100%| O|  |TAMS 0x0000000080100000, 0x0000000080000000| Updating 
|   1|0x0000000080100000, 0x0000000080200000, 0x0000000080200000|100%| O|  |TAMS 0x0000000080200000, 0x0000000080100000| Updating 
|   2|0x0000000080200000, 0x0000000080300000, 0x0000000080300000|100%| O|  |TAMS 0x0000000080300000, 0x0000000080200000| Updating 
|   3|0x0000000080300000, 0x0000000080400000, 0x0000000080400000|100%|HS|  |TAMS 0x0000000080400000, 0x0000000080300000| Complete 
|   4|0x0000000080400000, 0x0000000080500000, 0x0000000080500000|100%|HC|  |TAMS 0x0000000080500000, 0x0000000080400000| Complete 
|   5|0x0000000080500000, 0x0000000080600000, 0x0000000080600000|100%|HC|  |TAMS 0x0000000080600000, 0x0000000080500000| Complete 
|   6|0x0000000080600000, 0x0000000080700000, 0x0000000080700000|100%| O|  |TAMS 0x0000000080700000, 0x0000000080600000| Updating 
|   7|0x0000000080700000, 0x0000000080800000, 0x0000000080800000|100%| O|  |TAMS 0x0000000080800000, 0x0000000080700000| Updating 
|   8|0x0000000080800000, 0x0000000080900000, 0x0000000080900000|100%| O|  |TAMS 0x0000000080900000, 0x0000000080800000| Updating 
|   9|0x0000000080900000, 0x0000000080a00000, 0x0000000080a00000|100%| O|  |TAMS 0x0000000080a00000, 0x0000000080900000| Updating 
|  10|0x0000000080a00000, 0x0000000080b00000, 0x0000000080b00000|100%| O|  |TAMS 0x0000000080b00000, 0x0000000080a00000| Updating 
|  11|0x0000000080b00000, 0x0000000080c00000, 0x0000000080c00000|100%| O|  |TAMS 0x0000000080c00000, 0x0000000080b00000| Updating 
|  12|0x0000000080c00000, 0x0000000080d00000, 0x0000000080d00000|100%| O|  |TAMS 0x0000000080d00000, 0x0000000080c00000| Updating 
|  13|0x0000000080d00000, 0x0000000080e00000, 0x0000000080e00000|100%|HS|  |TAMS 0x0000000080e00000, 0x0000000080d00000| Complete 
|  14|0x0000000080e00000, 0x0000000080f00000, 0x0000000080f00000|100%|HC|  |TAMS 0x0000000080f00000, 0x0000000080e00000| Complete 
|  15|0x0000000080f00000, 0x0000000081000000, 0x0000000081000000|100%|HS|  |TAMS 0x0000000081000000, 0x0000000080f00000| Complete 
|  16|0x0000000081000000, 0x0000000081100000, 0x0000000081100000|100%|HC|  |TAMS 0x0000000081100000, 0x0000000081000000| Complete 
|  17|0x0000000081100000, 0x0000000081200000, 0x0000000081200000|100%|HC|  |TAMS 0x0000000081200000, 0x0000000081100000| Complete 
|  18|0x0000000081200000, 0x0000000081300000, 0x0000000081300000|100%|HS|  |TAMS 0x0000000081300000, 0x0000000081200000| Complete 
|  19|0x0000000081300000, 0x0000000081400000, 0x0000000081400000|100%|HC|  |TAMS 0x0000000081400000, 0x0000000081300000| Complete 
|  20|0x0000000081400000, 0x0000000081500000, 0x0000000081500000|100%|HC|  |TAMS 0x0000000081500000, 0x0000000081400000| Complete 
|  21|0x0000000081500000, 0x0000000081600000, 0x0000000081600000|100%|HC|  |TAMS 0x0000000081600000, 0x0000000081500000| Complete 
|  22|0x0000000081600000, 0x0000000081700000, 0x0000000081700000|100%| O|  |TAMS 0x0000000081700000, 0x0000000081600000| Updating 
|  23|0x0000000081700000, 0x0000000081800000, 0x0000000081800000|100%| O|  |TAMS 0x0000000081800000, 0x0000000081700000| Updating 
|  24|0x0000000081800000, 0x0000000081900000, 0x0000000081900000|100%| O|  |TAMS 0x0000000081900000, 0x0000000081800000| Updating 
|  25|0x0000000081900000, 0x0000000081a00000, 0x0000000081a00000|100%|HS|  |TAMS 0x0000000081a00000, 0x0000000081900000| Complete 
|  26|0x0000000081a00000, 0x0000000081b00000, 0x0000000081b00000|100%|HC|  |TAMS 0x0000000081b00000, 0x0000000081a00000| Complete 
|  27|0x0000000081b00000, 0x0000000081c00000, 0x0000000081c00000|100%|HC|  |TAMS 0x0000000081c00000, 0x0000000081b00000| Complete 
|  28|0x0000000081c00000, 0x0000000081d00000, 0x0000000081d00000|100%|HS|  |TAMS 0x0000000081d00000, 0x0000000081c00000| Complete 
|  29|0x0000000081d00000, 0x0000000081e00000, 0x0000000081e00000|100%|HC|  |TAMS 0x0000000081e00000, 0x0000000081d00000| Complete 
|  30|0x0000000081e00000, 0x0000000081f00000, 0x0000000081f00000|100%| O|  |TAMS 0x0000000081f00000, 0x0000000081e00000| Updating 
|  31|0x0000000081f00000, 0x0000000082000000, 0x0000000082000000|100%| O|  |TAMS 0x0000000082000000, 0x0000000081f00000| Updating 
|  32|0x0000000082000000, 0x0000000082100000, 0x0000000082100000|100%| O|  |TAMS 0x0000000082100000, 0x0000000082000000| Updating 
|  33|0x0000000082100000, 0x0000000082200000, 0x0000000082200000|100%| O|  |TAMS 0x0000000082200000, 0x0000000082100000| Updating 
|  34|0x0000000082200000, 0x0000000082300000, 0x0000000082300000|100%| O|  |TAMS 0x0000000082300000, 0x0000000082200000| Updating 
|  35|0x0000000082300000, 0x0000000082400000, 0x0000000082400000|100%| O|  |TAMS 0x0000000082400000, 0x0000000082300000| Updating 
|  36|0x0000000082400000, 0x0000000082500000, 0x0000000082500000|100%| O|  |TAMS 0x0000000082500000, 0x0000000082400000| Updating 
|  37|0x0000000082500000, 0x0000000082600000, 0x0000000082600000|100%| O|  |TAMS 0x0000000082600000, 0x0000000082500000| Updating 
|  38|0x0000000082600000, 0x0000000082700000, 0x0000000082700000|100%| O|  |TAMS 0x0000000082700000, 0x0000000082600000| Updating 
|  39|0x0000000082700000, 0x0000000082800000, 0x0000000082800000|100%| O|  |TAMS 0x0000000082800000, 0x0000000082700000| Updating 
|  40|0x0000000082800000, 0x0000000082900000, 0x0000000082900000|100%| O|  |TAMS 0x0000000082900000, 0x0000000082800000| Updating 
|  41|0x0000000082900000, 0x0000000082900000, 0x0000000082a00000|  0%| F|  |TAMS 0x0000000082900000, 0x0000000082900000| Untracked 
|  42|0x0000000082a00000, 0x0000000082b00000, 0x0000000082b00000|100%| O|  |TAMS 0x0000000082b00000, 0x0000000082a00000| Updating 
|  43|0x0000000082b00000, 0x0000000082c00000, 0x0000000082c00000|100%| O|  |TAMS 0x0000000082c00000, 0x0000000082b00000| Updating 
|  44|0x0000000082c00000, 0x0000000082d00000, 0x0000000082d00000|100%| O|  |TAMS 0x0000000082d00000, 0x0000000082c00000| Updating 
|  45|0x0000000082d00000, 0x0000000082e00000, 0x0000000082e00000|100%| O|  |TAMS 0x0000000082e00000, 0x0000000082d00000| Updating 
|  46|0x0000000082e00000, 0x0000000082f00000, 0x0000000082f00000|100%| O|  |TAMS 0x0000000082f00000, 0x0000000082e00000| Updating 
|  47|0x0000000082f00000, 0x0000000083000000, 0x0000000083000000|100%| O|  |TAMS 0x0000000083000000, 0x0000000082f00000| Updating 
|  48|0x0000000083000000, 0x0000000083100000, 0x0000000083100000|100%| O|  |TAMS 0x0000000083100000, 0x0000000083000000| Updating 
|  49|0x0000000083100000, 0x0000000083200000, 0x0000000083200000|100%| O|  |TAMS 0x0000000083200000, 0x0000000083100000| Updating 
|  50|0x0000000083200000, 0x0000000083300000, 0x0000000083300000|100%| O|  |TAMS 0x0000000083300000, 0x0000000083200000| Updating 
|  51|0x0000000083300000, 0x0000000083300000, 0x0000000083400000|  0%| F|  |TAMS 0x0000000083300000, 0x0000000083300000| Untracked 
|  52|0x0000000083400000, 0x0000000083400000, 0x0000000083500000|  0%| F|  |TAMS 0x0000000083400000, 0x0000000083400000| Untracked 
|  53|0x0000000083500000, 0x0000000083500000, 0x0000000083600000|  0%| F|  |TAMS 0x0000000083500000, 0x0000000083500000| Untracked 
|  54|0x0000000083600000, 0x0000000083700000, 0x0000000083700000|100%| O|  |TAMS 0x0000000083700000, 0x0000000083600000| Updating 
|  55|0x0000000083700000, 0x0000000083800000, 0x0000000083800000|100%| O|  |TAMS 0x0000000083800000, 0x0000000083700000| Updating 
|  56|0x0000000083800000, 0x0000000083900000, 0x0000000083900000|100%| O|  |TAMS 0x0000000083900000, 0x0000000083800000| Updating 
|  57|0x0000000083900000, 0x0000000083a00000, 0x0000000083a00000|100%| O|  |TAMS 0x0000000083a00000, 0x0000000083900000| Updating 
|  58|0x0000000083a00000, 0x0000000083b00000, 0x0000000083b00000|100%| O|  |TAMS 0x0000000083b00000, 0x0000000083a00000| Updating 
|  59|0x0000000083b00000, 0x0000000083c00000, 0x0000000083c00000|100%| O|  |TAMS 0x0000000083c00000, 0x0000000083b00000| Updating 
|  60|0x0000000083c00000, 0x0000000083d00000, 0x0000000083d00000|100%| O|  |TAMS 0x0000000083d00000, 0x0000000083c00000| Updating 
|  61|0x0000000083d00000, 0x0000000083e00000, 0x0000000083e00000|100%| O|  |TAMS 0x0000000083e00000, 0x0000000083d00000| Updating 
|  62|0x0000000083e00000, 0x0000000083f00000, 0x0000000083f00000|100%| O|  |TAMS 0x0000000083f00000, 0x0000000083e00000| Updating 
|  63|0x0000000083f00000, 0x0000000084000000, 0x0000000084000000|100%| O|  |TAMS 0x0000000084000000, 0x0000000083f00000| Updating 
|  64|0x0000000084000000, 0x0000000084100000, 0x0000000084100000|100%| O|  |TAMS 0x0000000084100000, 0x0000000084000000| Updating 
|  65|0x0000000084100000, 0x0000000084200000, 0x0000000084200000|100%| O|  |TAMS 0x0000000084200000, 0x0000000084100000| Updating 
|  66|0x0000000084200000, 0x0000000084300000, 0x0000000084300000|100%| O|  |TAMS 0x0000000084300000, 0x0000000084200000| Updating 
|  67|0x0000000084300000, 0x0000000084400000, 0x0000000084400000|100%| O|  |TAMS 0x0000000084400000, 0x0000000084300000| Updating 
|  68|0x0000000084400000, 0x0000000084500000, 0x0000000084500000|100%| O|  |TAMS 0x0000000084500000, 0x0000000084400000| Updating 
|  69|0x0000000084500000, 0x0000000084600000, 0x0000000084600000|100%| O|  |TAMS 0x0000000084600000, 0x0000000084500000| Updating 
|  70|0x0000000084600000, 0x0000000084700000, 0x0000000084700000|100%| O|  |TAMS 0x0000000084700000, 0x0000000084600000| Updating 
|  71|0x0000000084700000, 0x0000000084800000, 0x0000000084800000|100%| O|  |TAMS 0x0000000084800000, 0x0000000084700000| Updating 
|  72|0x0000000084800000, 0x0000000084900000, 0x0000000084900000|100%| O|  |TAMS 0x0000000084900000, 0x0000000084800000| Updating 
|  73|0x0000000084900000, 0x0000000084a00000, 0x0000000084a00000|100%| O|  |TAMS 0x0000000084a00000, 0x0000000084900000| Updating 
|  74|0x0000000084a00000, 0x0000000084b00000, 0x0000000084b00000|100%| O|  |TAMS 0x0000000084b00000, 0x0000000084a00000| Updating 
|  75|0x0000000084b00000, 0x0000000084c00000, 0x0000000084c00000|100%| O|  |TAMS 0x0000000084c00000, 0x0000000084b00000| Updating 
|  76|0x0000000084c00000, 0x0000000084d00000, 0x0000000084d00000|100%| O|  |TAMS 0x0000000084d00000, 0x0000000084c00000| Updating 
|  77|0x0000000084d00000, 0x0000000084e00000, 0x0000000084e00000|100%| O|  |TAMS 0x0000000084e00000, 0x0000000084d00000| Updating 
|  78|0x0000000084e00000, 0x0000000084f00000, 0x0000000084f00000|100%| O|  |TAMS 0x0000000084f00000, 0x0000000084e00000| Updating 
|  79|0x0000000084f00000, 0x0000000085000000, 0x0000000085000000|100%| O|  |TAMS 0x0000000085000000, 0x0000000084f00000| Updating 
|  80|0x0000000085000000, 0x0000000085100000, 0x0000000085100000|100%| O|  |TAMS 0x0000000085100000, 0x0000000085000000| Updating 
|  81|0x0000000085100000, 0x0000000085200000, 0x0000000085200000|100%| O|  |TAMS 0x0000000085200000, 0x0000000085100000| Updating 
|  82|0x0000000085200000, 0x0000000085300000, 0x0000000085300000|100%| O|  |TAMS 0x0000000085300000, 0x0000000085200000| Updating 
|  83|0x0000000085300000, 0x0000000085400000, 0x0000000085400000|100%| O|  |TAMS 0x0000000085400000, 0x0000000085300000| Updating 
|  84|0x0000000085400000, 0x0000000085500000, 0x0000000085500000|100%| O|  |TAMS 0x0000000085500000, 0x0000000085400000| Updating 
|  85|0x0000000085500000, 0x0000000085600000, 0x0000000085600000|100%| O|  |TAMS 0x0000000085600000, 0x0000000085500000| Updating 
|  86|0x0000000085600000, 0x0000000085700000, 0x0000000085700000|100%| O|  |TAMS 0x0000000085700000, 0x0000000085600000| Updating 
|  87|0x0000000085700000, 0x0000000085800000, 0x0000000085800000|100%| O|  |TAMS 0x0000000085800000, 0x0000000085700000| Updating 
|  88|0x0000000085800000, 0x0000000085900000, 0x0000000085900000|100%| O|  |TAMS 0x0000000085900000, 0x0000000085800000| Updating 
|  89|0x0000000085900000, 0x0000000085a00000, 0x0000000085a00000|100%| O|  |TAMS 0x0000000085a00000, 0x0000000085900000| Updating 
|  90|0x0000000085a00000, 0x0000000085b00000, 0x0000000085b00000|100%| O|  |TAMS 0x0000000085b00000, 0x0000000085a00000| Updating 
|  91|0x0000000085b00000, 0x0000000085c00000, 0x0000000085c00000|100%| O|  |TAMS 0x0000000085c00000, 0x0000000085b00000| Updating 
|  92|0x0000000085c00000, 0x0000000085d00000, 0x0000000085d00000|100%| O|  |TAMS 0x0000000085d00000, 0x0000000085c00000| Updating 
|  93|0x0000000085d00000, 0x0000000085e00000, 0x0000000085e00000|100%| O|  |TAMS 0x0000000085e00000, 0x0000000085d00000| Updating 
|  94|0x0000000085e00000, 0x0000000085f00000, 0x0000000085f00000|100%| O|  |TAMS 0x0000000085f00000, 0x0000000085e00000| Updating 
|  95|0x0000000085f00000, 0x0000000086000000, 0x0000000086000000|100%| O|  |TAMS 0x0000000086000000, 0x0000000085f00000| Updating 
|  96|0x0000000086000000, 0x0000000086100000, 0x0000000086100000|100%| O|  |TAMS 0x0000000086100000, 0x0000000086000000| Updating 
|  97|0x0000000086100000, 0x0000000086200000, 0x0000000086200000|100%| O|  |TAMS 0x0000000086200000, 0x0000000086100000| Updating 
|  98|0x0000000086200000, 0x0000000086300000, 0x0000000086300000|100%| O|  |TAMS 0x0000000086300000, 0x0000000086200000| Updating 
|  99|0x0000000086300000, 0x0000000086400000, 0x0000000086400000|100%| O|  |TAMS 0x0000000086400000, 0x0000000086300000| Updating 
| 100|0x0000000086400000, 0x0000000086500000, 0x0000000086500000|100%| O|  |TAMS 0x0000000086500000, 0x0000000086400000| Updating 
| 101|0x0000000086500000, 0x0000000086600000, 0x0000000086600000|100%| O|  |TAMS 0x0000000086600000, 0x0000000086500000| Updating 
| 102|0x0000000086600000, 0x0000000086700000, 0x0000000086700000|100%| O|  |TAMS 0x0000000086700000, 0x0000000086600000| Updating 
| 103|0x0000000086700000, 0x0000000086800000, 0x0000000086800000|100%| O|  |TAMS 0x0000000086800000, 0x0000000086700000| Updating 
| 104|0x0000000086800000, 0x0000000086900000, 0x0000000086900000|100%| O|  |TAMS 0x0000000086900000, 0x0000000086800000| Updating 
| 105|0x0000000086900000, 0x0000000086a00000, 0x0000000086a00000|100%| O|  |TAMS 0x0000000086a00000, 0x0000000086900000| Updating 
| 106|0x0000000086a00000, 0x0000000086b00000, 0x0000000086b00000|100%| O|  |TAMS 0x0000000086b00000, 0x0000000086a00000| Updating 
| 107|0x0000000086b00000, 0x0000000086c00000, 0x0000000086c00000|100%| O|  |TAMS 0x0000000086c00000, 0x0000000086b00000| Updating 
| 108|0x0000000086c00000, 0x0000000086cff200, 0x0000000086d00000| 99%| O|  |TAMS 0x0000000086cff200, 0x0000000086c00000| Updating 
| 109|0x0000000086d00000, 0x0000000086d00000, 0x0000000086e00000|  0%| F|  |TAMS 0x0000000086d00000, 0x0000000086d00000| Untracked 
| 110|0x0000000086e00000, 0x0000000086e00000, 0x0000000086f00000|  0%| F|  |TAMS 0x0000000086e00000, 0x0000000086e00000| Untracked 
| 111|0x0000000086f00000, 0x0000000086f00000, 0x0000000087000000|  0%| F|  |TAMS 0x0000000086f00000, 0x0000000086f00000| Untracked 
| 112|0x0000000087000000, 0x0000000087000000, 0x0000000087100000|  0%| F|  |TAMS 0x0000000087000000, 0x0000000087000000| Untracked 
| 113|0x0000000087100000, 0x0000000087200000, 0x0000000087200000|100%| O|  |TAMS 0x0000000087200000, 0x0000000087100000| Updating 
| 114|0x0000000087200000, 0x0000000087300000, 0x0000000087300000|100%| O|  |TAMS 0x0000000087300000, 0x0000000087200000| Updating 
| 115|0x0000000087300000, 0x0000000087400000, 0x0000000087400000|100%| O|  |TAMS 0x0000000087400000, 0x0000000087300000| Updating 
| 116|0x0000000087400000, 0x0000000087500000, 0x0000000087500000|100%| O|  |TAMS 0x0000000087500000, 0x0000000087400000| Updating 
| 117|0x0000000087500000, 0x0000000087600000, 0x0000000087600000|100%| O|  |TAMS 0x0000000087600000, 0x0000000087500000| Updating 
| 118|0x0000000087600000, 0x0000000087700000, 0x0000000087700000|100%| O|  |TAMS 0x0000000087700000, 0x0000000087600000| Updating 
| 119|0x0000000087700000, 0x0000000087800000, 0x0000000087800000|100%| O|  |TAMS 0x0000000087800000, 0x0000000087700000| Updating 
| 120|0x0000000087800000, 0x0000000087900000, 0x0000000087900000|100%| O|  |TAMS 0x0000000087900000, 0x0000000087800000| Updating 
| 121|0x0000000087900000, 0x0000000087a00000, 0x0000000087a00000|100%| O|  |TAMS 0x0000000087a00000, 0x0000000087900000| Updating 
| 122|0x0000000087a00000, 0x0000000087b00000, 0x0000000087b00000|100%| O|  |TAMS 0x0000000087b00000, 0x0000000087a00000| Updating 
| 123|0x0000000087b00000, 0x0000000087c00000, 0x0000000087c00000|100%| O|  |TAMS 0x0000000087c00000, 0x0000000087b00000| Updating 
| 124|0x0000000087c00000, 0x0000000087d00000, 0x0000000087d00000|100%| O|  |TAMS 0x0000000087d00000, 0x0000000087c00000| Updating 
| 125|0x0000000087d00000, 0x0000000087e00000, 0x0000000087e00000|100%| O|  |TAMS 0x0000000087e00000, 0x0000000087d00000| Updating 
| 126|0x0000000087e00000, 0x0000000087f00000, 0x0000000087f00000|100%| O|  |TAMS 0x0000000087f00000, 0x0000000087e00000| Updating 
| 127|0x0000000087f00000, 0x0000000088000000, 0x0000000088000000|100%| O|  |TAMS 0x0000000088000000, 0x0000000087f00000| Updating 
| 128|0x0000000088000000, 0x0000000088100000, 0x0000000088100000|100%| O|  |TAMS 0x0000000088100000, 0x0000000088000000| Updating 
| 129|0x0000000088100000, 0x0000000088200000, 0x0000000088200000|100%| O|  |TAMS 0x0000000088200000, 0x0000000088100000| Updating 
| 130|0x0000000088200000, 0x0000000088300000, 0x0000000088300000|100%| O|  |TAMS 0x0000000088300000, 0x0000000088200000| Updating 
| 131|0x0000000088300000, 0x0000000088300000, 0x0000000088400000|  0%| F|  |TAMS 0x0000000088300000, 0x0000000088300000| Untracked 
| 132|0x0000000088400000, 0x0000000088500000, 0x0000000088500000|100%| O|  |TAMS 0x0000000088500000, 0x0000000088400000| Updating 
| 133|0x0000000088500000, 0x0000000088600000, 0x0000000088600000|100%| O|  |TAMS 0x0000000088600000, 0x0000000088500000| Updating 
| 134|0x0000000088600000, 0x0000000088600000, 0x0000000088700000|  0%| F|  |TAMS 0x0000000088600000, 0x0000000088600000| Untracked 
| 135|0x0000000088700000, 0x0000000088800000, 0x0000000088800000|100%| O|  |TAMS 0x0000000088800000, 0x0000000088700000| Updating 
| 136|0x0000000088800000, 0x0000000088900000, 0x0000000088900000|100%| O|  |TAMS 0x0000000088900000, 0x0000000088800000| Updating 
| 137|0x0000000088900000, 0x0000000088a00000, 0x0000000088a00000|100%| O|  |TAMS 0x0000000088a00000, 0x0000000088900000| Updating 
| 138|0x0000000088a00000, 0x0000000088b00000, 0x0000000088b00000|100%| O|  |TAMS 0x0000000088b00000, 0x0000000088a00000| Updating 
| 139|0x0000000088b00000, 0x0000000088c00000, 0x0000000088c00000|100%| O|  |TAMS 0x0000000088c00000, 0x0000000088b00000| Updating 
| 140|0x0000000088c00000, 0x0000000088c00000, 0x0000000088d00000|  0%| F|  |TAMS 0x0000000088c00000, 0x0000000088c00000| Untracked 
| 141|0x0000000088d00000, 0x0000000088d00000, 0x0000000088e00000|  0%| F|  |TAMS 0x0000000088d00000, 0x0000000088d00000| Untracked 
| 142|0x0000000088e00000, 0x0000000088e00000, 0x0000000088f00000|  0%| F|  |TAMS 0x0000000088e00000, 0x0000000088e00000| Untracked 
| 143|0x0000000088f00000, 0x0000000088f00000, 0x0000000089000000|  0%| F|  |TAMS 0x0000000088f00000, 0x0000000088f00000| Untracked 
| 144|0x0000000089000000, 0x0000000089000000, 0x0000000089100000|  0%| F|  |TAMS 0x0000000089000000, 0x0000000089000000| Untracked 
| 145|0x0000000089100000, 0x0000000089200000, 0x0000000089200000|100%| O|  |TAMS 0x0000000089200000, 0x0000000089100000| Updating 
| 146|0x0000000089200000, 0x0000000089200000, 0x0000000089300000|  0%| F|  |TAMS 0x0000000089200000, 0x0000000089200000| Untracked 
| 147|0x0000000089300000, 0x0000000089400000, 0x0000000089400000|100%| O|  |TAMS 0x0000000089400000, 0x0000000089300000| Updating 
| 148|0x0000000089400000, 0x0000000089500000, 0x0000000089500000|100%| O|  |TAMS 0x0000000089500000, 0x0000000089400000| Updating 
| 149|0x0000000089500000, 0x0000000089600000, 0x0000000089600000|100%| O|  |TAMS 0x0000000089600000, 0x0000000089500000| Updating 
| 150|0x0000000089600000, 0x0000000089600000, 0x0000000089700000|  0%| F|  |TAMS 0x0000000089600000, 0x0000000089600000| Untracked 
| 151|0x0000000089700000, 0x0000000089700000, 0x0000000089800000|  0%| F|  |TAMS 0x0000000089700000, 0x0000000089700000| Untracked 
| 152|0x0000000089800000, 0x0000000089900000, 0x0000000089900000|100%| O|  |TAMS 0x0000000089900000, 0x0000000089800000| Updating 
| 153|0x0000000089900000, 0x0000000089900000, 0x0000000089a00000|  0%| F|  |TAMS 0x0000000089900000, 0x0000000089900000| Untracked 
| 154|0x0000000089a00000, 0x0000000089b00000, 0x0000000089b00000|100%| O|  |TAMS 0x0000000089b00000, 0x0000000089a00000| Updating 
| 155|0x0000000089b00000, 0x0000000089b00000, 0x0000000089c00000|  0%| F|  |TAMS 0x0000000089b00000, 0x0000000089b00000| Untracked 
| 156|0x0000000089c00000, 0x0000000089d00000, 0x0000000089d00000|100%| O|  |TAMS 0x0000000089d00000, 0x0000000089c00000| Updating 
| 157|0x0000000089d00000, 0x0000000089d00000, 0x0000000089e00000|  0%| F|  |TAMS 0x0000000089d00000, 0x0000000089d00000| Untracked 
| 158|0x0000000089e00000, 0x0000000089e00000, 0x0000000089f00000|  0%| F|  |TAMS 0x0000000089e00000, 0x0000000089e00000| Untracked 
| 159|0x0000000089f00000, 0x0000000089f00000, 0x000000008a000000|  0%| F|  |TAMS 0x0000000089f00000, 0x0000000089f00000| Untracked 
| 160|0x000000008a000000, 0x000000008a100000, 0x000000008a100000|100%| O|  |TAMS 0x000000008a100000, 0x000000008a000000| Updating 
| 161|0x000000008a100000, 0x000000008a100000, 0x000000008a200000|  0%| F|  |TAMS 0x000000008a100000, 0x000000008a100000| Untracked 
| 162|0x000000008a200000, 0x000000008a200000, 0x000000008a300000|  0%| F|  |TAMS 0x000000008a200000, 0x000000008a200000| Untracked 
| 163|0x000000008a300000, 0x000000008a400000, 0x000000008a400000|100%| O|  |TAMS 0x000000008a400000, 0x000000008a300000| Updating 
| 164|0x000000008a400000, 0x000000008a500000, 0x000000008a500000|100%| O|  |TAMS 0x000000008a500000, 0x000000008a400000| Updating 
| 165|0x000000008a500000, 0x000000008a600000, 0x000000008a600000|100%| O|  |TAMS 0x000000008a600000, 0x000000008a500000| Updating 
| 166|0x000000008a600000, 0x000000008a600000, 0x000000008a700000|  0%| F|  |TAMS 0x000000008a600000, 0x000000008a600000| Untracked 
| 167|0x000000008a700000, 0x000000008a700000, 0x000000008a800000|  0%| F|  |TAMS 0x000000008a700000, 0x000000008a700000| Untracked 
| 168|0x000000008a800000, 0x000000008a900000, 0x000000008a900000|100%| O|  |TAMS 0x000000008a900000, 0x000000008a800000| Updating 
| 169|0x000000008a900000, 0x000000008aa00000, 0x000000008aa00000|100%| O|  |TAMS 0x000000008aa00000, 0x000000008a900000| Updating 
| 170|0x000000008aa00000, 0x000000008ab00000, 0x000000008ab00000|100%| O|  |TAMS 0x000000008ab00000, 0x000000008aa00000| Updating 
| 171|0x000000008ab00000, 0x000000008ac00000, 0x000000008ac00000|100%| O|  |TAMS 0x000000008ac00000, 0x000000008ab00000| Updating 
| 172|0x000000008ac00000, 0x000000008ad00000, 0x000000008ad00000|100%| O|  |TAMS 0x000000008ad00000, 0x000000008ac00000| Updating 
| 173|0x000000008ad00000, 0x000000008ae00000, 0x000000008ae00000|100%| O|  |TAMS 0x000000008ae00000, 0x000000008ad00000| Updating 
| 174|0x000000008ae00000, 0x000000008af00000, 0x000000008af00000|100%| O|  |TAMS 0x000000008af00000, 0x000000008ae00000| Updating 
| 175|0x000000008af00000, 0x000000008b000000, 0x000000008b000000|100%| O|  |TAMS 0x000000008b000000, 0x000000008af00000| Updating 
| 176|0x000000008b000000, 0x000000008b100000, 0x000000008b100000|100%| O|  |TAMS 0x000000008b100000, 0x000000008b000000| Updating 
| 177|0x000000008b100000, 0x000000008b100000, 0x000000008b200000|  0%| F|  |TAMS 0x000000008b100000, 0x000000008b100000| Untracked 
| 178|0x000000008b200000, 0x000000008b200000, 0x000000008b300000|  0%| F|  |TAMS 0x000000008b200000, 0x000000008b200000| Untracked 
| 179|0x000000008b300000, 0x000000008b300000, 0x000000008b400000|  0%| F|  |TAMS 0x000000008b300000, 0x000000008b300000| Untracked 
| 180|0x000000008b400000, 0x000000008b500000, 0x000000008b500000|100%| O|  |TAMS 0x000000008b500000, 0x000000008b400000| Updating 
| 181|0x000000008b500000, 0x000000008b600000, 0x000000008b600000|100%| O|  |TAMS 0x000000008b600000, 0x000000008b500000| Updating 
| 182|0x000000008b600000, 0x000000008b700000, 0x000000008b700000|100%| O|  |TAMS 0x000000008b700000, 0x000000008b600000| Updating 
| 183|0x000000008b700000, 0x000000008b800000, 0x000000008b800000|100%| O|  |TAMS 0x000000008b800000, 0x000000008b700000| Updating 
| 184|0x000000008b800000, 0x000000008b900000, 0x000000008b900000|100%| O|  |TAMS 0x000000008b900000, 0x000000008b800000| Updating 
| 185|0x000000008b900000, 0x000000008ba00000, 0x000000008ba00000|100%| O|  |TAMS 0x000000008ba00000, 0x000000008b900000| Updating 
| 186|0x000000008ba00000, 0x000000008ba00000, 0x000000008bb00000|  0%| F|  |TAMS 0x000000008ba00000, 0x000000008ba00000| Untracked 
| 187|0x000000008bb00000, 0x000000008bc00000, 0x000000008bc00000|100%| O|  |TAMS 0x000000008bc00000, 0x000000008bb00000| Updating 
| 188|0x000000008bc00000, 0x000000008bc00000, 0x000000008bd00000|  0%| F|  |TAMS 0x000000008bc00000, 0x000000008bc00000| Untracked 
| 189|0x000000008bd00000, 0x000000008bd00000, 0x000000008be00000|  0%| F|  |TAMS 0x000000008bd00000, 0x000000008bd00000| Untracked 
| 190|0x000000008be00000, 0x000000008be00000, 0x000000008bf00000|  0%| F|  |TAMS 0x000000008be00000, 0x000000008be00000| Untracked 
| 191|0x000000008bf00000, 0x000000008bf00000, 0x000000008c000000|  0%| F|  |TAMS 0x000000008bf00000, 0x000000008bf00000| Untracked 
| 192|0x000000008c000000, 0x000000008c000000, 0x000000008c100000|  0%| F|  |TAMS 0x000000008c000000, 0x000000008c000000| Untracked 
| 193|0x000000008c100000, 0x000000008c100000, 0x000000008c200000|  0%| F|  |TAMS 0x000000008c100000, 0x000000008c100000| Untracked 
| 194|0x000000008c200000, 0x000000008c200000, 0x000000008c300000|  0%| F|  |TAMS 0x000000008c200000, 0x000000008c200000| Untracked 
| 195|0x000000008c300000, 0x000000008c300000, 0x000000008c400000|  0%| F|  |TAMS 0x000000008c300000, 0x000000008c300000| Untracked 
| 196|0x000000008c400000, 0x000000008c400000, 0x000000008c500000|  0%| F|  |TAMS 0x000000008c400000, 0x000000008c400000| Untracked 
| 197|0x000000008c500000, 0x000000008c500000, 0x000000008c600000|  0%| F|  |TAMS 0x000000008c500000, 0x000000008c500000| Untracked 
| 198|0x000000008c600000, 0x000000008c600000, 0x000000008c700000|  0%| F|  |TAMS 0x000000008c600000, 0x000000008c600000| Untracked 
| 199|0x000000008c700000, 0x000000008c700000, 0x000000008c800000|  0%| F|  |TAMS 0x000000008c700000, 0x000000008c700000| Untracked 
| 200|0x000000008c800000, 0x000000008c800000, 0x000000008c900000|  0%| F|  |TAMS 0x000000008c800000, 0x000000008c800000| Untracked 
| 201|0x000000008c900000, 0x000000008c900000, 0x000000008ca00000|  0%| F|  |TAMS 0x000000008c900000, 0x000000008c900000| Untracked 
| 202|0x000000008ca00000, 0x000000008ca00000, 0x000000008cb00000|  0%| F|  |TAMS 0x000000008ca00000, 0x000000008ca00000| Untracked 
| 203|0x000000008cb00000, 0x000000008cb00000, 0x000000008cc00000|  0%| F|  |TAMS 0x000000008cb00000, 0x000000008cb00000| Untracked 
| 204|0x000000008cc00000, 0x000000008cc00000, 0x000000008cd00000|  0%| F|  |TAMS 0x000000008cc00000, 0x000000008cc00000| Untracked 
| 205|0x000000008cd00000, 0x000000008cd00000, 0x000000008ce00000|  0%| F|  |TAMS 0x000000008cd00000, 0x000000008cd00000| Untracked 
| 206|0x000000008ce00000, 0x000000008ce00000, 0x000000008cf00000|  0%| F|  |TAMS 0x000000008ce00000, 0x000000008ce00000| Untracked 
| 207|0x000000008cf00000, 0x000000008cf00000, 0x000000008d000000|  0%| F|  |TAMS 0x000000008cf00000, 0x000000008cf00000| Untracked 
| 208|0x000000008d000000, 0x000000008d000000, 0x000000008d100000|  0%| F|  |TAMS 0x000000008d000000, 0x000000008d000000| Untracked 
| 209|0x000000008d100000, 0x000000008d100000, 0x000000008d200000|  0%| F|  |TAMS 0x000000008d100000, 0x000000008d100000| Untracked 
| 210|0x000000008d200000, 0x000000008d259530, 0x000000008d300000| 34%| S|CS|TAMS 0x000000008d200000, 0x000000008d200000| Complete 
| 211|0x000000008d300000, 0x000000008d400000, 0x000000008d400000|100%| S|CS|TAMS 0x000000008d300000, 0x000000008d300000| Complete 
| 212|0x000000008d400000, 0x000000008d500000, 0x000000008d500000|100%| S|CS|TAMS 0x000000008d400000, 0x000000008d400000| Complete 
| 213|0x000000008d500000, 0x000000008d600000, 0x000000008d600000|100%| S|CS|TAMS 0x000000008d500000, 0x000000008d500000| Complete 
| 214|0x000000008d600000, 0x000000008d700000, 0x000000008d700000|100%| S|CS|TAMS 0x000000008d600000, 0x000000008d600000| Complete 
| 215|0x000000008d700000, 0x000000008d800000, 0x000000008d800000|100%| S|CS|TAMS 0x000000008d700000, 0x000000008d700000| Complete 
| 216|0x000000008d800000, 0x000000008d900000, 0x000000008d900000|100%| S|CS|TAMS 0x000000008d800000, 0x000000008d800000| Complete 
| 217|0x000000008d900000, 0x000000008d900000, 0x000000008da00000|  0%| F|  |TAMS 0x000000008d900000, 0x000000008d900000| Untracked 
| 218|0x000000008da00000, 0x000000008da00000, 0x000000008db00000|  0%| F|  |TAMS 0x000000008da00000, 0x000000008da00000| Untracked 
| 219|0x000000008db00000, 0x000000008db00000, 0x000000008dc00000|  0%| F|  |TAMS 0x000000008db00000, 0x000000008db00000| Untracked 
| 220|0x000000008dc00000, 0x000000008dc00000, 0x000000008dd00000|  0%| F|  |TAMS 0x000000008dc00000, 0x000000008dc00000| Untracked 
| 221|0x000000008dd00000, 0x000000008dd00000, 0x000000008de00000|  0%| F|  |TAMS 0x000000008dd00000, 0x000000008dd00000| Untracked 
| 222|0x000000008de00000, 0x000000008de00000, 0x000000008df00000|  0%| F|  |TAMS 0x000000008de00000, 0x000000008de00000| Untracked 
| 223|0x000000008df00000, 0x000000008df00000, 0x000000008e000000|  0%| F|  |TAMS 0x000000008df00000, 0x000000008df00000| Untracked 
| 224|0x000000008e000000, 0x000000008e000000, 0x000000008e100000|  0%| F|  |TAMS 0x000000008e000000, 0x000000008e000000| Untracked 
| 225|0x000000008e100000, 0x000000008e100000, 0x000000008e200000|  0%| F|  |TAMS 0x000000008e100000, 0x000000008e100000| Untracked 
| 226|0x000000008e200000, 0x000000008e200000, 0x000000008e300000|  0%| F|  |TAMS 0x000000008e200000, 0x000000008e200000| Untracked 
| 227|0x000000008e300000, 0x000000008e300000, 0x000000008e400000|  0%| F|  |TAMS 0x000000008e300000, 0x000000008e300000| Untracked 
| 228|0x000000008e400000, 0x000000008e400000, 0x000000008e500000|  0%| F|  |TAMS 0x000000008e400000, 0x000000008e400000| Untracked 
| 229|0x000000008e500000, 0x000000008e500000, 0x000000008e600000|  0%| F|  |TAMS 0x000000008e500000, 0x000000008e500000| Untracked 
| 230|0x000000008e600000, 0x000000008e600000, 0x000000008e700000|  0%| F|  |TAMS 0x000000008e600000, 0x000000008e600000| Untracked 
| 231|0x000000008e700000, 0x000000008e700000, 0x000000008e800000|  0%| F|  |TAMS 0x000000008e700000, 0x000000008e700000| Untracked 
| 232|0x000000008e800000, 0x000000008e800000, 0x000000008e900000|  0%| F|  |TAMS 0x000000008e800000, 0x000000008e800000| Untracked 
| 233|0x000000008e900000, 0x000000008e900000, 0x000000008ea00000|  0%| F|  |TAMS 0x000000008e900000, 0x000000008e900000| Untracked 
| 234|0x000000008ea00000, 0x000000008ea00000, 0x000000008eb00000|  0%| F|  |TAMS 0x000000008ea00000, 0x000000008ea00000| Untracked 
| 235|0x000000008eb00000, 0x000000008eb00000, 0x000000008ec00000|  0%| F|  |TAMS 0x000000008eb00000, 0x000000008eb00000| Untracked 
| 236|0x000000008ec00000, 0x000000008ec00000, 0x000000008ed00000|  0%| F|  |TAMS 0x000000008ec00000, 0x000000008ec00000| Untracked 
| 237|0x000000008ed00000, 0x000000008ed00000, 0x000000008ee00000|  0%| F|  |TAMS 0x000000008ed00000, 0x000000008ed00000| Untracked 
| 238|0x000000008ee00000, 0x000000008ee00000, 0x000000008ef00000|  0%| F|  |TAMS 0x000000008ee00000, 0x000000008ee00000| Untracked 
| 239|0x000000008ef00000, 0x000000008ef00000, 0x000000008f000000|  0%| F|  |TAMS 0x000000008ef00000, 0x000000008ef00000| Untracked 
| 240|0x000000008f000000, 0x000000008f000000, 0x000000008f100000|  0%| F|  |TAMS 0x000000008f000000, 0x000000008f000000| Untracked 
| 241|0x000000008f100000, 0x000000008f100000, 0x000000008f200000|  0%| F|  |TAMS 0x000000008f100000, 0x000000008f100000| Untracked 
| 242|0x000000008f200000, 0x000000008f200000, 0x000000008f300000|  0%| F|  |TAMS 0x000000008f200000, 0x000000008f200000| Untracked 
| 243|0x000000008f300000, 0x000000008f300000, 0x000000008f400000|  0%| F|  |TAMS 0x000000008f300000, 0x000000008f300000| Untracked 
| 244|0x000000008f400000, 0x000000008f400000, 0x000000008f500000|  0%| F|  |TAMS 0x000000008f400000, 0x000000008f400000| Untracked 
| 245|0x000000008f500000, 0x000000008f500000, 0x000000008f600000|  0%| F|  |TAMS 0x000000008f500000, 0x000000008f500000| Untracked 
| 246|0x000000008f600000, 0x000000008f600000, 0x000000008f700000|  0%| F|  |TAMS 0x000000008f600000, 0x000000008f600000| Untracked 
| 247|0x000000008f700000, 0x000000008f700000, 0x000000008f800000|  0%| F|  |TAMS 0x000000008f700000, 0x000000008f700000| Untracked 
| 248|0x000000008f800000, 0x000000008f800000, 0x000000008f900000|  0%| F|  |TAMS 0x000000008f800000, 0x000000008f800000| Untracked 
| 249|0x000000008f900000, 0x000000008f900000, 0x000000008fa00000|  0%| F|  |TAMS 0x000000008f900000, 0x000000008f900000| Untracked 
| 250|0x000000008fa00000, 0x000000008fa00000, 0x000000008fb00000|  0%| F|  |TAMS 0x000000008fa00000, 0x000000008fa00000| Untracked 
| 251|0x000000008fb00000, 0x000000008fb00000, 0x000000008fc00000|  0%| F|  |TAMS 0x000000008fb00000, 0x000000008fb00000| Untracked 
| 252|0x000000008fc00000, 0x000000008fc00000, 0x000000008fd00000|  0%| F|  |TAMS 0x000000008fc00000, 0x000000008fc00000| Untracked 
| 253|0x000000008fd00000, 0x000000008fd00000, 0x000000008fe00000|  0%| F|  |TAMS 0x000000008fd00000, 0x000000008fd00000| Untracked 
| 254|0x000000008fe00000, 0x000000008fe00000, 0x000000008ff00000|  0%| F|  |TAMS 0x000000008fe00000, 0x000000008fe00000| Untracked 
| 255|0x000000008ff00000, 0x000000008ff00000, 0x0000000090000000|  0%| F|  |TAMS 0x000000008ff00000, 0x000000008ff00000| Untracked 
| 256|0x0000000090000000, 0x0000000090000000, 0x0000000090100000|  0%| F|  |TAMS 0x0000000090000000, 0x0000000090000000| Untracked 
| 257|0x0000000090100000, 0x0000000090100000, 0x0000000090200000|  0%| F|  |TAMS 0x0000000090100000, 0x0000000090100000| Untracked 
| 258|0x0000000090200000, 0x0000000090200000, 0x0000000090300000|  0%| F|  |TAMS 0x0000000090200000, 0x0000000090200000| Untracked 
| 259|0x0000000090300000, 0x0000000090300000, 0x0000000090400000|  0%| F|  |TAMS 0x0000000090300000, 0x0000000090300000| Untracked 
| 260|0x0000000090400000, 0x0000000090400000, 0x0000000090500000|  0%| F|  |TAMS 0x0000000090400000, 0x0000000090400000| Untracked 
| 261|0x0000000090500000, 0x0000000090500000, 0x0000000090600000|  0%| F|  |TAMS 0x0000000090500000, 0x0000000090500000| Untracked 
| 262|0x0000000090600000, 0x0000000090600000, 0x0000000090700000|  0%| F|  |TAMS 0x0000000090600000, 0x0000000090600000| Untracked 
| 263|0x0000000090700000, 0x0000000090700000, 0x0000000090800000|  0%| F|  |TAMS 0x0000000090700000, 0x0000000090700000| Untracked 
| 264|0x0000000090800000, 0x0000000090800000, 0x0000000090900000|  0%| F|  |TAMS 0x0000000090800000, 0x0000000090800000| Untracked 
| 265|0x0000000090900000, 0x0000000090900000, 0x0000000090a00000|  0%| F|  |TAMS 0x0000000090900000, 0x0000000090900000| Untracked 
| 266|0x0000000090a00000, 0x0000000090a00000, 0x0000000090b00000|  0%| F|  |TAMS 0x0000000090a00000, 0x0000000090a00000| Untracked 
| 267|0x0000000090b00000, 0x0000000090b00000, 0x0000000090c00000|  0%| F|  |TAMS 0x0000000090b00000, 0x0000000090b00000| Untracked 
| 268|0x0000000090c00000, 0x0000000090c00000, 0x0000000090d00000|  0%| F|  |TAMS 0x0000000090c00000, 0x0000000090c00000| Untracked 
| 269|0x0000000090d00000, 0x0000000090d00000, 0x0000000090e00000|  0%| F|  |TAMS 0x0000000090d00000, 0x0000000090d00000| Untracked 
| 270|0x0000000090e00000, 0x0000000090e00000, 0x0000000090f00000|  0%| F|  |TAMS 0x0000000090e00000, 0x0000000090e00000| Untracked 
| 271|0x0000000090f00000, 0x0000000090f00000, 0x0000000091000000|  0%| F|  |TAMS 0x0000000090f00000, 0x0000000090f00000| Untracked 
| 272|0x0000000091000000, 0x0000000091000000, 0x0000000091100000|  0%| F|  |TAMS 0x0000000091000000, 0x0000000091000000| Untracked 
| 273|0x0000000091100000, 0x0000000091100000, 0x0000000091200000|  0%| F|  |TAMS 0x0000000091100000, 0x0000000091100000| Untracked 
| 274|0x0000000091200000, 0x0000000091200000, 0x0000000091300000|  0%| F|  |TAMS 0x0000000091200000, 0x0000000091200000| Untracked 
| 275|0x0000000091300000, 0x0000000091300000, 0x0000000091400000|  0%| F|  |TAMS 0x0000000091300000, 0x0000000091300000| Untracked 
| 276|0x0000000091400000, 0x0000000091400000, 0x0000000091500000|  0%| F|  |TAMS 0x0000000091400000, 0x0000000091400000| Untracked 
| 277|0x0000000091500000, 0x0000000091500000, 0x0000000091600000|  0%| F|  |TAMS 0x0000000091500000, 0x0000000091500000| Untracked 
| 278|0x0000000091600000, 0x0000000091600000, 0x0000000091700000|  0%| F|  |TAMS 0x0000000091600000, 0x0000000091600000| Untracked 
| 279|0x0000000091700000, 0x0000000091700000, 0x0000000091800000|  0%| F|  |TAMS 0x0000000091700000, 0x0000000091700000| Untracked 
| 280|0x0000000091800000, 0x0000000091800000, 0x0000000091900000|  0%| F|  |TAMS 0x0000000091800000, 0x0000000091800000| Untracked 
| 281|0x0000000091900000, 0x0000000091900000, 0x0000000091a00000|  0%| F|  |TAMS 0x0000000091900000, 0x0000000091900000| Untracked 
| 282|0x0000000091a00000, 0x0000000091a00000, 0x0000000091b00000|  0%| F|  |TAMS 0x0000000091a00000, 0x0000000091a00000| Untracked 
| 283|0x0000000091b00000, 0x0000000091b00000, 0x0000000091c00000|  0%| F|  |TAMS 0x0000000091b00000, 0x0000000091b00000| Untracked 
| 284|0x0000000091c00000, 0x0000000091c00000, 0x0000000091d00000|  0%| F|  |TAMS 0x0000000091c00000, 0x0000000091c00000| Untracked 
| 285|0x0000000091d00000, 0x0000000091d00000, 0x0000000091e00000|  0%| F|  |TAMS 0x0000000091d00000, 0x0000000091d00000| Untracked 
| 286|0x0000000091e00000, 0x0000000091e00000, 0x0000000091f00000|  0%| F|  |TAMS 0x0000000091e00000, 0x0000000091e00000| Untracked 
| 287|0x0000000091f00000, 0x0000000091f00000, 0x0000000092000000|  0%| F|  |TAMS 0x0000000091f00000, 0x0000000091f00000| Untracked 
| 288|0x0000000092000000, 0x0000000092000000, 0x0000000092100000|  0%| F|  |TAMS 0x0000000092000000, 0x0000000092000000| Untracked 
| 289|0x0000000092100000, 0x0000000092100000, 0x0000000092200000|  0%| F|  |TAMS 0x0000000092100000, 0x0000000092100000| Untracked 
| 290|0x0000000092200000, 0x0000000092200000, 0x0000000092300000|  0%| F|  |TAMS 0x0000000092200000, 0x0000000092200000| Untracked 
| 291|0x0000000092300000, 0x0000000092300000, 0x0000000092400000|  0%| F|  |TAMS 0x0000000092300000, 0x0000000092300000| Untracked 
| 292|0x0000000092400000, 0x0000000092400000, 0x0000000092500000|  0%| F|  |TAMS 0x0000000092400000, 0x0000000092400000| Untracked 
| 293|0x0000000092500000, 0x0000000092500000, 0x0000000092600000|  0%| F|  |TAMS 0x0000000092500000, 0x0000000092500000| Untracked 
| 294|0x0000000092600000, 0x0000000092600000, 0x0000000092700000|  0%| F|  |TAMS 0x0000000092600000, 0x0000000092600000| Untracked 
| 295|0x0000000092700000, 0x0000000092700000, 0x0000000092800000|  0%| F|  |TAMS 0x0000000092700000, 0x0000000092700000| Untracked 
| 296|0x0000000092800000, 0x0000000092800000, 0x0000000092900000|  0%| F|  |TAMS 0x0000000092800000, 0x0000000092800000| Untracked 
| 297|0x0000000092900000, 0x0000000092900000, 0x0000000092a00000|  0%| F|  |TAMS 0x0000000092900000, 0x0000000092900000| Untracked 
| 298|0x0000000092a00000, 0x0000000092a00000, 0x0000000092b00000|  0%| F|  |TAMS 0x0000000092a00000, 0x0000000092a00000| Untracked 
| 299|0x0000000092b00000, 0x0000000092b00000, 0x0000000092c00000|  0%| F|  |TAMS 0x0000000092b00000, 0x0000000092b00000| Untracked 
| 300|0x0000000092c00000, 0x0000000092c00000, 0x0000000092d00000|  0%| F|  |TAMS 0x0000000092c00000, 0x0000000092c00000| Untracked 
| 301|0x0000000092d00000, 0x0000000092d00000, 0x0000000092e00000|  0%| F|  |TAMS 0x0000000092d00000, 0x0000000092d00000| Untracked 
| 302|0x0000000092e00000, 0x0000000092e00000, 0x0000000092f00000|  0%| F|  |TAMS 0x0000000092e00000, 0x0000000092e00000| Untracked 
| 303|0x0000000092f00000, 0x0000000092f00000, 0x0000000093000000|  0%| F|  |TAMS 0x0000000092f00000, 0x0000000092f00000| Untracked 
| 304|0x0000000093000000, 0x0000000093000000, 0x0000000093100000|  0%| F|  |TAMS 0x0000000093000000, 0x0000000093000000| Untracked 
| 305|0x0000000093100000, 0x0000000093100000, 0x0000000093200000|  0%| F|  |TAMS 0x0000000093100000, 0x0000000093100000| Untracked 
| 306|0x0000000093200000, 0x0000000093200000, 0x0000000093300000|  0%| F|  |TAMS 0x0000000093200000, 0x0000000093200000| Untracked 
| 307|0x0000000093300000, 0x0000000093300000, 0x0000000093400000|  0%| F|  |TAMS 0x0000000093300000, 0x0000000093300000| Untracked 
| 308|0x0000000093400000, 0x0000000093400000, 0x0000000093500000|  0%| F|  |TAMS 0x0000000093400000, 0x0000000093400000| Untracked 
| 309|0x0000000093500000, 0x0000000093500000, 0x0000000093600000|  0%| F|  |TAMS 0x0000000093500000, 0x0000000093500000| Untracked 
| 310|0x0000000093600000, 0x0000000093600000, 0x0000000093700000|  0%| F|  |TAMS 0x0000000093600000, 0x0000000093600000| Untracked 
| 311|0x0000000093700000, 0x0000000093700000, 0x0000000093800000|  0%| F|  |TAMS 0x0000000093700000, 0x0000000093700000| Untracked 
| 312|0x0000000093800000, 0x0000000093800000, 0x0000000093900000|  0%| F|  |TAMS 0x0000000093800000, 0x0000000093800000| Untracked 
| 313|0x0000000093900000, 0x0000000093900000, 0x0000000093a00000|  0%| F|  |TAMS 0x0000000093900000, 0x0000000093900000| Untracked 
| 314|0x0000000093a00000, 0x0000000093a00000, 0x0000000093b00000|  0%| F|  |TAMS 0x0000000093a00000, 0x0000000093a00000| Untracked 
| 315|0x0000000093b00000, 0x0000000093b00000, 0x0000000093c00000|  0%| F|  |TAMS 0x0000000093b00000, 0x0000000093b00000| Untracked 
| 316|0x0000000093c00000, 0x0000000093c00000, 0x0000000093d00000|  0%| F|  |TAMS 0x0000000093c00000, 0x0000000093c00000| Untracked 
| 317|0x0000000093d00000, 0x0000000093d00000, 0x0000000093e00000|  0%| F|  |TAMS 0x0000000093d00000, 0x0000000093d00000| Untracked 
| 318|0x0000000093e00000, 0x0000000093e00000, 0x0000000093f00000|  0%| F|  |TAMS 0x0000000093e00000, 0x0000000093e00000| Untracked 
| 319|0x0000000093f00000, 0x0000000093f00000, 0x0000000094000000|  0%| F|  |TAMS 0x0000000093f00000, 0x0000000093f00000| Untracked 
| 320|0x0000000094000000, 0x0000000094000000, 0x0000000094100000|  0%| F|  |TAMS 0x0000000094000000, 0x0000000094000000| Untracked 
| 321|0x0000000094100000, 0x0000000094100000, 0x0000000094200000|  0%| F|  |TAMS 0x0000000094100000, 0x0000000094100000| Untracked 
| 322|0x0000000094200000, 0x0000000094200000, 0x0000000094300000|  0%| F|  |TAMS 0x0000000094200000, 0x0000000094200000| Untracked 
| 323|0x0000000094300000, 0x0000000094300000, 0x0000000094400000|  0%| F|  |TAMS 0x0000000094300000, 0x0000000094300000| Untracked 
| 324|0x0000000094400000, 0x0000000094400000, 0x0000000094500000|  0%| F|  |TAMS 0x0000000094400000, 0x0000000094400000| Untracked 
| 325|0x0000000094500000, 0x0000000094500000, 0x0000000094600000|  0%| F|  |TAMS 0x0000000094500000, 0x0000000094500000| Untracked 
| 326|0x0000000094600000, 0x0000000094600000, 0x0000000094700000|  0%| F|  |TAMS 0x0000000094600000, 0x0000000094600000| Untracked 
| 327|0x0000000094700000, 0x0000000094700000, 0x0000000094800000|  0%| F|  |TAMS 0x0000000094700000, 0x0000000094700000| Untracked 
| 328|0x0000000094800000, 0x0000000094800000, 0x0000000094900000|  0%| F|  |TAMS 0x0000000094800000, 0x0000000094800000| Untracked 
| 329|0x0000000094900000, 0x0000000094900000, 0x0000000094a00000|  0%| F|  |TAMS 0x0000000094900000, 0x0000000094900000| Untracked 
| 330|0x0000000094a00000, 0x0000000094a00000, 0x0000000094b00000|  0%| F|  |TAMS 0x0000000094a00000, 0x0000000094a00000| Untracked 
| 331|0x0000000094b00000, 0x0000000094b00000, 0x0000000094c00000|  0%| F|  |TAMS 0x0000000094b00000, 0x0000000094b00000| Untracked 
| 332|0x0000000094c00000, 0x0000000094c00000, 0x0000000094d00000|  0%| F|  |TAMS 0x0000000094c00000, 0x0000000094c00000| Untracked 
| 333|0x0000000094d00000, 0x0000000094d00000, 0x0000000094e00000|  0%| F|  |TAMS 0x0000000094d00000, 0x0000000094d00000| Untracked 
| 334|0x0000000094e00000, 0x0000000094e00000, 0x0000000094f00000|  0%| F|  |TAMS 0x0000000094e00000, 0x0000000094e00000| Untracked 
| 335|0x0000000094f00000, 0x0000000094f00000, 0x0000000095000000|  0%| F|  |TAMS 0x0000000094f00000, 0x0000000094f00000| Untracked 
| 336|0x0000000095000000, 0x0000000095000000, 0x0000000095100000|  0%| F|  |TAMS 0x0000000095000000, 0x0000000095000000| Untracked 
| 337|0x0000000095100000, 0x0000000095100000, 0x0000000095200000|  0%| F|  |TAMS 0x0000000095100000, 0x0000000095100000| Untracked 
| 338|0x0000000095200000, 0x0000000095200000, 0x0000000095300000|  0%| F|  |TAMS 0x0000000095200000, 0x0000000095200000| Untracked 
| 339|0x0000000095300000, 0x0000000095300000, 0x0000000095400000|  0%| F|  |TAMS 0x0000000095300000, 0x0000000095300000| Untracked 
| 340|0x0000000095400000, 0x0000000095400000, 0x0000000095500000|  0%| F|  |TAMS 0x0000000095400000, 0x0000000095400000| Untracked 
| 341|0x0000000095500000, 0x0000000095500000, 0x0000000095600000|  0%| F|  |TAMS 0x0000000095500000, 0x0000000095500000| Untracked 
| 342|0x0000000095600000, 0x0000000095600000, 0x0000000095700000|  0%| F|  |TAMS 0x0000000095600000, 0x0000000095600000| Untracked 
| 343|0x0000000095700000, 0x0000000095700000, 0x0000000095800000|  0%| F|  |TAMS 0x0000000095700000, 0x0000000095700000| Untracked 
| 344|0x0000000095800000, 0x0000000095800000, 0x0000000095900000|  0%| F|  |TAMS 0x0000000095800000, 0x0000000095800000| Untracked 
| 345|0x0000000095900000, 0x0000000095900000, 0x0000000095a00000|  0%| F|  |TAMS 0x0000000095900000, 0x0000000095900000| Untracked 
| 346|0x0000000095a00000, 0x0000000095a00000, 0x0000000095b00000|  0%| F|  |TAMS 0x0000000095a00000, 0x0000000095a00000| Untracked 
| 347|0x0000000095b00000, 0x0000000095b00000, 0x0000000095c00000|  0%| F|  |TAMS 0x0000000095b00000, 0x0000000095b00000| Untracked 
| 348|0x0000000095c00000, 0x0000000095c00000, 0x0000000095d00000|  0%| F|  |TAMS 0x0000000095c00000, 0x0000000095c00000| Untracked 
| 349|0x0000000095d00000, 0x0000000095d00000, 0x0000000095e00000|  0%| F|  |TAMS 0x0000000095d00000, 0x0000000095d00000| Untracked 
| 350|0x0000000095e00000, 0x0000000095e00000, 0x0000000095f00000|  0%| F|  |TAMS 0x0000000095e00000, 0x0000000095e00000| Untracked 
| 351|0x0000000095f00000, 0x0000000095f00000, 0x0000000096000000|  0%| F|  |TAMS 0x0000000095f00000, 0x0000000095f00000| Untracked 
| 352|0x0000000096000000, 0x0000000096080800, 0x0000000096100000| 50%| E|  |TAMS 0x0000000096000000, 0x0000000096000000| Complete 
| 353|0x0000000096100000, 0x0000000096200000, 0x0000000096200000|100%| E|CS|TAMS 0x0000000096100000, 0x0000000096100000| Complete 
| 354|0x0000000096200000, 0x0000000096300000, 0x0000000096300000|100%| E|CS|TAMS 0x0000000096200000, 0x0000000096200000| Complete 
| 355|0x0000000096300000, 0x0000000096400000, 0x0000000096400000|100%| E|CS|TAMS 0x0000000096300000, 0x0000000096300000| Complete 
| 356|0x0000000096400000, 0x0000000096500000, 0x0000000096500000|100%| E|CS|TAMS 0x0000000096400000, 0x0000000096400000| Complete 
| 357|0x0000000096500000, 0x0000000096600000, 0x0000000096600000|100%| E|CS|TAMS 0x0000000096500000, 0x0000000096500000| Complete 
| 358|0x0000000096600000, 0x0000000096700000, 0x0000000096700000|100%| E|CS|TAMS 0x0000000096600000, 0x0000000096600000| Complete 
| 359|0x0000000096700000, 0x0000000096800000, 0x0000000096800000|100%| E|CS|TAMS 0x0000000096700000, 0x0000000096700000| Complete 
| 360|0x0000000096800000, 0x0000000096900000, 0x0000000096900000|100%| E|CS|TAMS 0x0000000096800000, 0x0000000096800000| Complete 
| 361|0x0000000096900000, 0x0000000096a00000, 0x0000000096a00000|100%| E|CS|TAMS 0x0000000096900000, 0x0000000096900000| Complete 
| 362|0x0000000096a00000, 0x0000000096b00000, 0x0000000096b00000|100%| E|CS|TAMS 0x0000000096a00000, 0x0000000096a00000| Complete 
| 363|0x0000000096b00000, 0x0000000096c00000, 0x0000000096c00000|100%| E|CS|TAMS 0x0000000096b00000, 0x0000000096b00000| Complete 
| 364|0x0000000096c00000, 0x0000000096d00000, 0x0000000096d00000|100%| E|CS|TAMS 0x0000000096c00000, 0x0000000096c00000| Complete 
| 365|0x0000000096d00000, 0x0000000096e00000, 0x0000000096e00000|100%| E|CS|TAMS 0x0000000096d00000, 0x0000000096d00000| Complete 
| 366|0x0000000096e00000, 0x0000000096f00000, 0x0000000096f00000|100%| E|CS|TAMS 0x0000000096e00000, 0x0000000096e00000| Complete 
| 367|0x0000000096f00000, 0x0000000097000000, 0x0000000097000000|100%| E|CS|TAMS 0x0000000096f00000, 0x0000000096f00000| Complete 
| 368|0x0000000097000000, 0x0000000097100000, 0x0000000097100000|100%| E|CS|TAMS 0x0000000097000000, 0x0000000097000000| Complete 
| 369|0x0000000097100000, 0x0000000097200000, 0x0000000097200000|100%| E|CS|TAMS 0x0000000097100000, 0x0000000097100000| Complete 
| 370|0x0000000097200000, 0x0000000097300000, 0x0000000097300000|100%| E|CS|TAMS 0x0000000097200000, 0x0000000097200000| Complete 
| 371|0x0000000097300000, 0x0000000097400000, 0x0000000097400000|100%| E|CS|TAMS 0x0000000097300000, 0x0000000097300000| Complete 
| 372|0x0000000097400000, 0x0000000097500000, 0x0000000097500000|100%| E|CS|TAMS 0x0000000097400000, 0x0000000097400000| Complete 
| 373|0x0000000097500000, 0x0000000097600000, 0x0000000097600000|100%| E|CS|TAMS 0x0000000097500000, 0x0000000097500000| Complete 
| 374|0x0000000097600000, 0x0000000097700000, 0x0000000097700000|100%| E|CS|TAMS 0x0000000097600000, 0x0000000097600000| Complete 

Card table byte_map: [0x0000019ea94c0000,0x0000019ea98c0000] _byte_map_base: 0x0000019ea90c0000

Marking Bits (Prev, Next): (CMBitMap*) 0x0000019e9482c5c0, (CMBitMap*) 0x0000019e9482c588
 Prev Bits: [0x0000019eabcc0000, 0x0000019eadcc0000)
 Next Bits: [0x0000019ea9cc0000, 0x0000019eabcc0000)

Polling page: 0x0000019e94670000

Metaspace:

Usage:
  Non-class:     98.72 MB capacity,    96.83 MB ( 98%) used,     1.56 MB (  2%) free+waste,   331.38 KB ( <1%) overhead. 
      Class:     14.40 MB capacity,    13.40 MB ( 93%) used,   880.82 KB (  6%) free+waste,   141.06 KB ( <1%) overhead. 
       Both:    113.12 MB capacity,   110.23 MB ( 97%) used,     2.42 MB (  2%) free+waste,   472.44 KB ( <1%) overhead. 

Virtual space:
  Non-class space:      100.00 MB reserved,      98.83 MB ( 99%) committed 
      Class space:        1.00 GB reserved,      14.50 MB (  1%) committed 
             Both:        1.10 GB reserved,     113.33 MB ( 10%) committed 

Chunk freelists:
   Non-Class:  50.00 KB
       Class:  6.00 KB
        Both:  56.00 KB

MaxMetaspaceSize: 17179869184.00 GB
CompressedClassSpaceSize: 1.00 GB
Initial GC threshold: 20.80 MB
Current GC threshold: 188.88 MB
CDS: off

CodeHeap 'non-profiled nmethods': size=120064Kb used=20128Kb max_used=20128Kb free=99935Kb
 bounds [0x0000019ea1560000, 0x0000019ea2910000, 0x0000019ea8aa0000]
CodeHeap 'profiled nmethods': size=120000Kb used=49001Kb max_used=49001Kb free=70998Kb
 bounds [0x0000019e9a030000, 0x0000019e9d060000, 0x0000019ea1560000]
CodeHeap 'non-nmethods': size=5696Kb used=2406Kb max_used=2464Kb free=3289Kb
 bounds [0x0000019e99aa0000, 0x0000019e99d10000, 0x0000019e9a030000]
 total_blobs=21455 nmethods=20529 adapters=835
 compilation: enabled
              stopped_count=0, restarted_count=0
 full_count=0

Compilation events (20 events):
Event: 2372.635 Thread 0x0000019eb0bf4000 25047       2       java.util.Collections::indexedBinarySearch (83 bytes)
Event: 2372.635 Thread 0x0000019eb0bf4000 nmethod 25047 0x0000019e9ca11f90 code [0x0000019e9ca12160, 0x0000019e9ca123e8]
Event: 2372.658 Thread 0x0000019eb0beb800 nmethod 25045 0x0000019ea2901c90 code [0x0000019ea2901f20, 0x0000019ea2902f98]
Event: 2372.658 Thread 0x0000019eb0beb800 25048 %     4       java.util.Collections::indexedBinarySearch @ 11 (83 bytes)
Event: 2372.667 Thread 0x0000019eb0beb800 nmethod 25048% 0x0000019ea2903c90 code [0x0000019ea2903e80, 0x0000019ea29044a8]
Event: 2372.667 Thread 0x0000019eb0beb800 25016 %     4       com.android.tools.r8.s.a.a.b.v::a @ 5 (26 bytes)
Event: 2372.670 Thread 0x0000019eb0beb800 nmethod 25016% 0x0000019ea1e89c10 code [0x0000019ea1e89da0, 0x0000019ea1e89f58]
Event: 2372.670 Thread 0x0000019eb0beb800 25040       4       com.android.tools.r8.u.b.n::c (35 bytes)
Event: 2372.676 Thread 0x0000019eb0beb800 nmethod 25040 0x0000019ea2904810 code [0x0000019ea2904a00, 0x0000019ea2904e48]
Event: 2372.676 Thread 0x0000019eb0beb800 25022 %     4       java.util.TreeMap::getLastEntry @ 9 (26 bytes)
Event: 2372.677 Thread 0x0000019eb0beb800 nmethod 25022% 0x0000019ea1e89690 code [0x0000019ea1e89820, 0x0000019ea1e898d8]
Event: 2372.677 Thread 0x0000019eb0beb800 24784       4       com.android.tools.r8.u.b.p::remove (246 bytes)
Event: 2372.677 Thread 0x0000019eb0bf4000 25050       3       java.util.TimSort::mergeLo (659 bytes)
Event: 2372.678 Thread 0x0000019eb0bf4000 nmethod 25050 0x0000019e9b662a10 code [0x0000019e9b662da0, 0x0000019e9b6650f8]
Event: 2372.728 Thread 0x0000019eb0beb800 nmethod 24784 0x0000019ea2905290 code [0x0000019ea2905500, 0x0000019ea29076b8]
Event: 2372.728 Thread 0x0000019eb0beb800 24997 %     4       com.android.tools.r8.ir.regalloc.a::a @ 681 (1759 bytes)
Event: 2372.767 Thread 0x0000019eb0bf4000 25054       2       com.android.tools.r8.ir.regalloc.a::a (108 bytes)
Event: 2372.767 Thread 0x0000019eb0bf4000 nmethod 25054 0x0000019e9c60af10 code [0x0000019e9c60b1a0, 0x0000019e9c60b8d8]
Event: 2372.768 Thread 0x0000019eb0bf4000 25056       3       com.android.tools.r8.ir.regalloc.b::c (196 bytes)
Event: 2372.769 Thread 0x0000019eb0bf4000 nmethod 25056 0x0000019e9c5abb90 code [0x0000019e9c5abe80, 0x0000019e9c5acd38]

GC Heap History (20 events):
Event: 2370.019 GC heap before
{Heap before GC invocations=89 (full 0):
 garbage-first heap   total 260096K, used 218305K [0x0000000080000000, 0x0000000100000000)
  region size 1024K, 45 young (46080K), 5 survivors (5120K)
 Metaspace       used 112682K, capacity 115639K, committed 115792K, reserved 1150976K
  class space    used 13708K, capacity 14728K, committed 14848K, reserved 1048576K
}
Event: 2370.026 GC heap after
{Heap after GC invocations=90 (full 0):
 garbage-first heap   total 260096K, used 185624K [0x0000000080000000, 0x0000000100000000)
  region size 1024K, 6 young (6144K), 6 survivors (6144K)
 Metaspace       used 112682K, capacity 115639K, committed 115792K, reserved 1150976K
  class space    used 13708K, capacity 14728K, committed 14848K, reserved 1048576K
}
Event: 2370.047 GC heap before
{Heap before GC invocations=90 (full 0):
 garbage-first heap   total 260096K, used 195864K [0x0000000080000000, 0x0000000100000000)
  region size 1024K, 12 young (12288K), 6 survivors (6144K)
 Metaspace       used 112684K, capacity 115639K, committed 115792K, reserved 1150976K
  class space    used 13708K, capacity 14728K, committed 14848K, reserved 1048576K
}
Event: 2370.056 GC heap after
{Heap after GC invocations=91 (full 0):
 garbage-first heap   total 312320K, used 165335K [0x0000000080000000, 0x0000000100000000)
  region size 1024K, 2 young (2048K), 2 survivors (2048K)
 Metaspace       used 112684K, capacity 115639K, committed 115792K, reserved 1150976K
  class space    used 13708K, capacity 14728K, committed 14848K, reserved 1048576K
}
Event: 2370.108 GC heap before
{Heap before GC invocations=91 (full 0):
 garbage-first heap   total 312320K, used 180695K [0x0000000080000000, 0x0000000100000000)
  region size 1024K, 15 young (15360K), 2 survivors (2048K)
 Metaspace       used 112690K, capacity 115639K, committed 115792K, reserved 1150976K
  class space    used 13708K, capacity 14728K, committed 14848K, reserved 1048576K
}
Event: 2370.116 GC heap after
{Heap after GC invocations=92 (full 0):
 garbage-first heap   total 312320K, used 165086K [0x0000000080000000, 0x0000000100000000)
  region size 1024K, 2 young (2048K), 2 survivors (2048K)
 Metaspace       used 112690K, capacity 115639K, committed 115792K, reserved 1150976K
  class space    used 13708K, capacity 14728K, committed 14848K, reserved 1048576K
}
Event: 2370.428 GC heap before
{Heap before GC invocations=92 (full 0):
 garbage-first heap   total 312320K, used 235742K [0x0000000080000000, 0x0000000100000000)
  region size 1024K, 71 young (72704K), 2 survivors (2048K)
 Metaspace       used 112730K, capacity 115643K, committed 115792K, reserved 1150976K
  class space    used 13709K, capacity 14728K, committed 14848K, reserved 1048576K
}
Event: 2370.431 GC heap after
{Heap after GC invocations=93 (full 0):
 garbage-first heap   total 312320K, used 161720K [0x0000000080000000, 0x0000000100000000)
  region size 1024K, 3 young (3072K), 3 survivors (3072K)
 Metaspace       used 112730K, capacity 115643K, committed 115792K, reserved 1150976K
  class space    used 13709K, capacity 14728K, committed 14848K, reserved 1048576K
}
Event: 2370.726 GC heap before
{Heap before GC invocations=93 (full 0):
 garbage-first heap   total 312320K, used 238520K [0x0000000080000000, 0x0000000100000000)
  region size 1024K, 78 young (79872K), 3 survivors (3072K)
 Metaspace       used 112747K, capacity 115644K, committed 115792K, reserved 1150976K
  class space    used 13709K, capacity 14728K, committed 14848K, reserved 1048576K
}
Event: 2370.730 GC heap after
{Heap after GC invocations=94 (full 0):
 garbage-first heap   total 312320K, used 162612K [0x0000000080000000, 0x0000000100000000)
  region size 1024K, 4 young (4096K), 4 survivors (4096K)
 Metaspace       used 112747K, capacity 115644K, committed 115792K, reserved 1150976K
  class space    used 13709K, capacity 14728K, committed 14848K, reserved 1048576K
}
Event: 2371.143 GC heap before
{Heap before GC invocations=94 (full 0):
 garbage-first heap   total 312320K, used 244532K [0x0000000080000000, 0x0000000100000000)
  region size 1024K, 84 young (86016K), 4 survivors (4096K)
 Metaspace       used 112760K, capacity 115645K, committed 115792K, reserved 1150976K
  class space    used 13709K, capacity 14728K, committed 14848K, reserved 1048576K
}
Event: 2371.147 GC heap after
{Heap after GC invocations=95 (full 0):
 garbage-first heap   total 312320K, used 162821K [0x0000000080000000, 0x0000000100000000)
  region size 1024K, 4 young (4096K), 4 survivors (4096K)
 Metaspace       used 112760K, capacity 115645K, committed 115792K, reserved 1150976K
  class space    used 13709K, capacity 14728K, committed 14848K, reserved 1048576K
}
Event: 2371.713 GC heap before
{Heap before GC invocations=95 (full 0):
 garbage-first heap   total 312320K, used 248837K [0x0000000080000000, 0x0000000100000000)
  region size 1024K, 88 young (90112K), 4 survivors (4096K)
 Metaspace       used 112864K, capacity 115765K, committed 116048K, reserved 1150976K
  class space    used 13723K, capacity 14745K, committed 14848K, reserved 1048576K
}
Event: 2371.717 GC heap after
{Heap after GC invocations=96 (full 0):
 garbage-first heap   total 312320K, used 164062K [0x0000000080000000, 0x0000000100000000)
  region size 1024K, 5 young (5120K), 5 survivors (5120K)
 Metaspace       used 112864K, capacity 115765K, committed 116048K, reserved 1150976K
  class space    used 13723K, capacity 14745K, committed 14848K, reserved 1048576K
}
Event: 2372.154 GC heap before
{Heap before GC invocations=96 (full 0):
 garbage-first heap   total 312320K, used 253150K [0x0000000080000000, 0x0000000100000000)
  region size 1024K, 92 young (94208K), 5 survivors (5120K)
 Metaspace       used 112866K, capacity 115765K, committed 116048K, reserved 1150976K
  class space    used 13723K, capacity 14745K, committed 14848K, reserved 1048576K
}
Event: 2372.164 GC heap after
{Heap after GC invocations=97 (full 0):
 garbage-first heap   total 312320K, used 170427K [0x0000000080000000, 0x0000000100000000)
  region size 1024K, 12 young (12288K), 12 survivors (12288K)
 Metaspace       used 112866K, capacity 115765K, committed 116048K, reserved 1150976K
  class space    used 13723K, capacity 14745K, committed 14848K, reserved 1048576K
}
Event: 2372.205 GC heap before
{Heap before GC invocations=97 (full 0):
 garbage-first heap   total 312320K, used 255419K [0x0000000080000000, 0x0000000100000000)
  region size 1024K, 95 young (97280K), 12 survivors (12288K)
 Metaspace       used 112866K, capacity 115765K, committed 116048K, reserved 1150976K
  class space    used 13723K, capacity 14745K, committed 14848K, reserved 1048576K
}
Event: 2372.217 GC heap after
{Heap after GC invocations=98 (full 0):
 garbage-first heap   total 312320K, used 172955K [0x0000000080000000, 0x0000000100000000)
  region size 1024K, 3 young (3072K), 3 survivors (3072K)
 Metaspace       used 112866K, capacity 115765K, committed 116048K, reserved 1150976K
  class space    used 13723K, capacity 14745K, committed 14848K, reserved 1048576K
}
Event: 2372.783 GC heap before
{Heap before GC invocations=98 (full 0):
 garbage-first heap   total 312320K, used 258971K [0x0000000080000000, 0x0000000100000000)
  region size 1024K, 88 young (90112K), 3 survivors (3072K)
 Metaspace       used 112878K, capacity 115832K, committed 116048K, reserved 1150976K
  class space    used 13724K, capacity 14746K, committed 14848K, reserved 1048576K
}
Event: 2372.796 GC heap after
{Heap after GC invocations=99 (full 0):
 garbage-first heap   total 384000K, used 176481K [0x0000000080000000, 0x0000000100000000)
  region size 1024K, 7 young (7168K), 7 survivors (7168K)
 Metaspace       used 112878K, capacity 115832K, committed 116048K, reserved 1150976K
  class space    used 13724K, capacity 14746K, committed 14848K, reserved 1048576K
}

Deoptimization events (20 events):
Event: 2372.635 Thread 0x0000019ebabe5800 DEOPT PACKING pc=0x0000019ea2901810 sp=0x0000002cf9afbfc0
Event: 2372.635 Thread 0x0000019ebabe5800 DEOPT UNPACKING pc=0x0000019e99aea1af sp=0x0000002cf9afbf60 mode 2
Event: 2372.635 Thread 0x0000019ebabe5800 Uncommon trap: trap_request=0xffffffbe fr.pc=0x0000019ea2901810 relative=0x0000000000000510
Event: 2372.635 Thread 0x0000019ebabe5800 Uncommon trap: reason=profile_predicate action=maybe_recompile pc=0x0000019ea2901810 method=java.util.Collections.indexedBinarySearch(Ljava/util/List;Ljava/lang/Object;)I @ 13 c2
Event: 2372.635 Thread 0x0000019ebabe5800 DEOPT PACKING pc=0x0000019ea2901810 sp=0x0000002cf9afbfc0
Event: 2372.635 Thread 0x0000019ebabe5800 DEOPT UNPACKING pc=0x0000019e99aea1af sp=0x0000002cf9afbf60 mode 2
Event: 2372.677 Thread 0x0000019ebabe5800 Uncommon trap: trap_request=0xffffff4d fr.pc=0x0000019ea28d9f54 relative=0x00000000000017b4
Event: 2372.677 Thread 0x0000019ebabe5800 Uncommon trap: reason=unstable_if action=reinterpret pc=0x0000019ea28d9f54 method=java.util.TimSort.mergeLo(IIII)V @ 529 c2
Event: 2372.677 Thread 0x0000019ebabe5800 DEOPT PACKING pc=0x0000019ea28d9f54 sp=0x0000002cf9afc330
Event: 2372.677 Thread 0x0000019ebabe5800 DEOPT UNPACKING pc=0x0000019e99aea1af sp=0x0000002cf9afc2f0 mode 2
Event: 2372.679 Thread 0x0000019ebabe5800 DEOPT PACKING pc=0x0000019e9c804de5 sp=0x0000002cf9afc550
Event: 2372.679 Thread 0x0000019ebabe5800 DEOPT UNPACKING pc=0x0000019e99aea95e sp=0x0000002cf9afbd00 mode 0
Event: 2372.766 Thread 0x0000019ebabe5800 Uncommon trap: trap_request=0xffffff4d fr.pc=0x0000019ea233a108 relative=0x00000000000006e8
Event: 2372.766 Thread 0x0000019ebabe5800 Uncommon trap: reason=unstable_if action=reinterpret pc=0x0000019ea233a108 method=com.android.tools.r8.ir.regalloc.b.c(I)Lcom/android/tools/r8/ir/regalloc/b; @ 71 c2
Event: 2372.766 Thread 0x0000019ebabe5800 DEOPT PACKING pc=0x0000019ea233a108 sp=0x0000002cf9afc660
Event: 2372.766 Thread 0x0000019ebabe5800 DEOPT UNPACKING pc=0x0000019e99aea1af sp=0x0000002cf9afc580 mode 2
Event: 2372.768 Thread 0x0000019ebabe5800 Uncommon trap: trap_request=0xffffff4d fr.pc=0x0000019ea2902bb4 relative=0x0000000000000c94
Event: 2372.768 Thread 0x0000019ebabe5800 Uncommon trap: reason=unstable_if action=reinterpret pc=0x0000019ea2902bb4 method=com.android.tools.r8.ir.regalloc.b.c(I)Lcom/android/tools/r8/ir/regalloc/b; @ 91 c2
Event: 2372.768 Thread 0x0000019ebabe5800 DEOPT PACKING pc=0x0000019ea2902bb4 sp=0x0000002cf9afc500
Event: 2372.768 Thread 0x0000019ebabe5800 DEOPT UNPACKING pc=0x0000019e99aea1af sp=0x0000002cf9afc4f8 mode 2

Classes redefined (0 events):
No events

Internal exceptions (20 events):
Event: 2369.046 Thread 0x0000019eb3286800 Exception <a 'sun/nio/fs/WindowsException'{0x000000008df18ef0}> (0x000000008df18ef0) thrown at [./src/hotspot/share/prims/jni.cpp, line 615]
Event: 2369.601 Thread 0x0000019ebabe5800 Exception <a 'sun/nio/fs/WindowsException'{0x000000008f84b1c0}> (0x000000008f84b1c0) thrown at [./src/hotspot/share/prims/jni.cpp, line 615]
Event: 2371.344 Thread 0x0000019eb3286800 Exception <a 'sun/nio/fs/WindowsException'{0x0000000090979e30}> (0x0000000090979e30) thrown at [./src/hotspot/share/prims/jni.cpp, line 615]
Event: 2371.579 Thread 0x0000019eb3286800 Exception <a 'sun/nio/fs/WindowsException'{0x000000008edc4f60}> (0x000000008edc4f60) thrown at [./src/hotspot/share/prims/jni.cpp, line 615]
Event: 2371.582 Thread 0x0000019eb3286800 Exception <a 'sun/nio/fs/WindowsException'{0x000000008edcb618}> (0x000000008edcb618) thrown at [./src/hotspot/share/prims/jni.cpp, line 615]
Event: 2371.644 Thread 0x0000019eb3286800 Exception <a 'sun/nio/fs/WindowsException'{0x000000008edd1fe0}> (0x000000008edd1fe0) thrown at [./src/hotspot/share/prims/jni.cpp, line 615]
Event: 2371.747 Thread 0x0000019eb3286800 Exception <a 'sun/nio/fs/WindowsException'{0x0000000092c47e38}> (0x0000000092c47e38) thrown at [./src/hotspot/share/prims/jni.cpp, line 615]
Event: 2371.824 Thread 0x0000019eb3286800 Exception <a 'sun/nio/fs/WindowsException'{0x0000000092c4e618}> (0x0000000092c4e618) thrown at [./src/hotspot/share/prims/jni.cpp, line 615]
Event: 2371.906 Thread 0x0000019eb3286800 Exception <a 'sun/nio/fs/WindowsException'{0x0000000092c54dd8}> (0x0000000092c54dd8) thrown at [./src/hotspot/share/prims/jni.cpp, line 615]
Event: 2371.997 Thread 0x0000019eb3286800 Exception <a 'sun/nio/fs/WindowsException'{0x0000000092c76668}> (0x0000000092c76668) thrown at [./src/hotspot/share/prims/jni.cpp, line 615]
Event: 2372.024 Thread 0x0000019eb3286800 Exception <a 'sun/nio/fs/WindowsException'{0x0000000091343668}> (0x0000000091343668) thrown at [./src/hotspot/share/prims/jni.cpp, line 615]
Event: 2372.094 Thread 0x0000019eb3286800 Exception <a 'sun/nio/fs/WindowsException'{0x000000009138cde0}> (0x000000009138cde0) thrown at [./src/hotspot/share/prims/jni.cpp, line 615]
Event: 2372.228 Thread 0x0000019eb3286800 Exception <a 'sun/nio/fs/WindowsException'{0x00000000927c85b0}> (0x00000000927c85b0) thrown at [./src/hotspot/share/prims/jni.cpp, line 615]
Event: 2372.306 Thread 0x0000019eb3286800 Exception <a 'sun/nio/fs/WindowsException'{0x00000000927cecd0}> (0x00000000927cecd0) thrown at [./src/hotspot/share/prims/jni.cpp, line 615]
Event: 2372.423 Thread 0x0000019eb3286800 Exception <a 'sun/nio/fs/WindowsException'{0x00000000927d9ac0}> (0x00000000927d9ac0) thrown at [./src/hotspot/share/prims/jni.cpp, line 615]
Event: 2372.518 Thread 0x0000019eb3286800 Exception <a 'sun/nio/fs/WindowsException'{0x00000000927e0190}> (0x00000000927e0190) thrown at [./src/hotspot/share/prims/jni.cpp, line 615]
Event: 2372.534 Thread 0x0000019eb3286800 Exception <a 'sun/nio/fs/WindowsException'{0x00000000927e6f28}> (0x00000000927e6f28) thrown at [./src/hotspot/share/prims/jni.cpp, line 615]
Event: 2372.603 Thread 0x0000019eb3286800 Exception <a 'sun/nio/fs/WindowsException'{0x00000000927f6ff8}> (0x00000000927f6ff8) thrown at [./src/hotspot/share/prims/jni.cpp, line 615]
Event: 2372.699 Thread 0x0000019eb3286800 Exception <a 'sun/nio/fs/WindowsException'{0x00000000927fd750}> (0x00000000927fd750) thrown at [./src/hotspot/share/prims/jni.cpp, line 615]
Event: 2372.756 Thread 0x0000019eb3286800 Exception <a 'sun/nio/fs/WindowsException'{0x000000008e6cd4a0}> (0x000000008e6cd4a0) thrown at [./src/hotspot/share/prims/jni.cpp, line 615]

Events (20 events):
Event: 2371.284 loading class com/android/tools/r8/graph/f0
Event: 2371.284 loading class com/android/tools/r8/graph/f0 done
Event: 2371.284 loading class com/android/tools/r8/graph/f0
Event: 2371.284 loading class com/android/tools/r8/graph/f0 done
Event: 2371.285 loading class com/android/tools/r8/graph/h0$t
Event: 2371.285 loading class com/android/tools/r8/graph/h0$t done
Event: 2371.285 loading class com/android/tools/r8/graph/h0$t
Event: 2371.285 loading class com/android/tools/r8/graph/h0$t done
Event: 2371.712 Executing VM operation: G1CollectForAllocation
Event: 2371.717 Executing VM operation: G1CollectForAllocation done
Event: 2372.154 Executing VM operation: G1CollectForAllocation
Event: 2372.164 Executing VM operation: G1CollectForAllocation done
Event: 2372.205 Executing VM operation: G1CollectForAllocation
Event: 2372.217 Executing VM operation: G1CollectForAllocation done
Event: 2372.519 loading class com/android/tools/r8/ir/regalloc/b
Event: 2372.519 loading class com/android/tools/r8/ir/regalloc/b done
Event: 2372.783 Executing VM operation: G1CollectForAllocation
Event: 2372.796 Executing VM operation: G1CollectForAllocation done
Event: 2373.002 Executing VM operation: CGC_Operation
Event: 2373.031 Executing VM operation: CGC_Operation done


Dynamic libraries:
0x00007ff6af9e0000 - 0x00007ff6af9ea000 	C:\Program Files\Android\Android Studio1\jre\bin\java.exe
0x00007ffe0d1d0000 - 0x00007ffe0d3c8000 	C:\WINDOWS\SYSTEM32\ntdll.dll
0x00007ffe0c6b0000 - 0x00007ffe0c76f000 	C:\WINDOWS\System32\KERNEL32.DLL
0x00007ffe0acc0000 - 0x00007ffe0af92000 	C:\WINDOWS\System32\KERNELBASE.dll
0x0000000065360000 - 0x000000006540f000 	C:\ProgramData\Symantec\Symantec Endpoint Protection\14.3.5413.3000.105\Data\Sysfer\x64\sysfer.dll
0x00007ffe0b030000 - 0x00007ffe0b130000 	C:\WINDOWS\System32\ucrtbase.dll
0x00007ffe03340000 - 0x00007ffe03359000 	C:\Program Files\Android\Android Studio1\jre\bin\jli.dll
0x00007ffdf8ad0000 - 0x00007ffdf8ae7000 	C:\Program Files\Android\Android Studio1\jre\bin\VCRUNTIME140.dll
0x00007ffe0bd80000 - 0x00007ffe0bf1d000 	C:\WINDOWS\System32\USER32.dll
0x00007ffdf8760000 - 0x00007ffdf89fa000 	C:\WINDOWS\WinSxS\amd64_microsoft.windows.common-controls_6595b64144ccf1df_6.0.19041.1110_none_60b5254171f9507e\COMCTL32.dll
0x00007ffe0b130000 - 0x00007ffe0b152000 	C:\WINDOWS\System32\win32u.dll
0x00007ffe0c890000 - 0x00007ffe0c92e000 	C:\WINDOWS\System32\msvcrt.dll
0x00007ffe0c550000 - 0x00007ffe0c57b000 	C:\WINDOWS\System32\GDI32.dll
0x00007ffe0a970000 - 0x00007ffe0aa7f000 	C:\WINDOWS\System32\gdi32full.dll
0x00007ffe0a8d0000 - 0x00007ffe0a96d000 	C:\WINDOWS\System32\msvcp_win.dll
0x00007ffe0b9d0000 - 0x00007ffe0ba02000 	C:\WINDOWS\System32\IMM32.DLL
0x00007ffddf4a0000 - 0x00007ffddf53d000 	C:\Program Files\Android\Android Studio1\jre\bin\msvcp140.dll
0x00007ffd97e00000 - 0x00007ffd988e5000 	C:\Program Files\Android\Android Studio1\jre\bin\server\jvm.dll
0x00007ffe0ce00000 - 0x00007ffe0ceae000 	C:\WINDOWS\System32\ADVAPI32.dll
0x00007ffe0c020000 - 0x00007ffe0c0bc000 	C:\WINDOWS\System32\sechost.dll
0x00007ffe0c270000 - 0x00007ffe0c395000 	C:\WINDOWS\System32\RPCRT4.dll
0x00007ffe0bd70000 - 0x00007ffe0bd78000 	C:\WINDOWS\System32\PSAPI.DLL
0x00007ffdf7d10000 - 0x00007ffdf7d19000 	C:\WINDOWS\SYSTEM32\WSOCK32.dll
0x00007ffe0c770000 - 0x00007ffe0c7db000 	C:\WINDOWS\System32\WS2_32.dll
0x00007ffdf7bf0000 - 0x00007ffdf7c17000 	C:\WINDOWS\SYSTEM32\WINMM.dll
0x00007ffe08850000 - 0x00007ffe0885a000 	C:\WINDOWS\SYSTEM32\VERSION.dll
0x00007ffe09100000 - 0x00007ffe09112000 	C:\WINDOWS\SYSTEM32\kernel.appcore.dll
0x00007ffde60c0000 - 0x00007ffde60d1000 	C:\Program Files\Android\Android Studio1\jre\bin\verify.dll
0x00007ffdf6a10000 - 0x00007ffdf6bf4000 	C:\WINDOWS\SYSTEM32\DBGHELP.DLL
0x00007ffdf7c60000 - 0x00007ffdf7c8c000 	C:\WINDOWS\SYSTEM32\dbgcore.DLL
0x00007ffe0afa0000 - 0x00007ffe0b022000 	C:\WINDOWS\System32\bcryptPrimitives.dll
0x00007ffddc350000 - 0x00007ffddc379000 	C:\Program Files\Android\Android Studio1\jre\bin\java.dll
0x00007ffde6090000 - 0x00007ffde609b000 	C:\Program Files\Android\Android Studio1\jre\bin\jimage.dll
0x00007ffddf7c0000 - 0x00007ffddf7d8000 	C:\Program Files\Android\Android Studio1\jre\bin\zip.dll
0x00007ffe0b280000 - 0x00007ffe0b9c3000 	C:\WINDOWS\System32\SHELL32.dll
0x00007ffe08950000 - 0x00007ffe090e2000 	C:\WINDOWS\SYSTEM32\windows.storage.dll
0x00007ffe0ba10000 - 0x00007ffe0bd64000 	C:\WINDOWS\System32\combase.dll
0x00007ffe0a170000 - 0x00007ffe0a1a0000 	C:\WINDOWS\SYSTEM32\Wldp.dll
0x00007ffe0c7e0000 - 0x00007ffe0c88d000 	C:\WINDOWS\System32\SHCORE.dll
0x00007ffe0b220000 - 0x00007ffe0b275000 	C:\WINDOWS\System32\shlwapi.dll
0x00007ffe0a810000 - 0x00007ffe0a82f000 	C:\WINDOWS\SYSTEM32\profapi.dll
0x00007ffddc700000 - 0x00007ffddc71a000 	C:\Program Files\Android\Android Studio1\jre\bin\net.dll
0x00007ffdfff80000 - 0x00007ffe0008c000 	C:\WINDOWS\SYSTEM32\WINHTTP.dll
0x00007ffe09f50000 - 0x00007ffe09fba000 	C:\WINDOWS\system32\mswsock.dll
0x00007ffddc0c0000 - 0x00007ffddc0d4000 	C:\Program Files\Android\Android Studio1\jre\bin\nio.dll
0x00007ffddfb00000 - 0x00007ffddfb26000 	C:\Users\ADIT-PC\.gradle\native\31\windows-amd64\native-platform.dll
0x00007ffddc310000 - 0x00007ffddc31a000 	C:\Program Files\Android\Android Studio1\jre\bin\management.dll
0x00007ffddc0b0000 - 0x00007ffddc0bd000 	C:\Program Files\Android\Android Studio1\jre\bin\management_ext.dll
0x00007ffe0a1b0000 - 0x00007ffe0a1c8000 	C:\WINDOWS\SYSTEM32\CRYPTSP.dll
0x00007ffe09890000 - 0x00007ffe098c4000 	C:\WINDOWS\system32\rsaenh.dll
0x00007ffe0aa80000 - 0x00007ffe0aaa7000 	C:\WINDOWS\System32\bcrypt.dll
0x00007ffe0a7d0000 - 0x00007ffe0a7fe000 	C:\WINDOWS\SYSTEM32\USERENV.dll
0x00007ffe0a0e0000 - 0x00007ffe0a0ec000 	C:\WINDOWS\SYSTEM32\CRYPTBASE.dll
0x00007ffe09c60000 - 0x00007ffe09c9b000 	C:\WINDOWS\SYSTEM32\IPHLPAPI.DLL
0x00007ffe0bf80000 - 0x00007ffe0bf88000 	C:\WINDOWS\System32\NSI.dll
0x00007ffe01420000 - 0x00007ffe01437000 	C:\WINDOWS\SYSTEM32\dhcpcsvc6.DLL
0x00007ffe01400000 - 0x00007ffe0141d000 	C:\WINDOWS\SYSTEM32\dhcpcsvc.DLL
0x00007ffe09cb0000 - 0x00007ffe09d7a000 	C:\WINDOWS\SYSTEM32\DNSAPI.dll

dbghelp: loaded successfully - version: 4.0.5 - missing functions: none
symbol engine: initialized successfully - sym options: 0x614 - pdb path: .;C:\Program Files\Android\Android Studio1\jre\bin;C:\WINDOWS\SYSTEM32;C:\ProgramData\Symantec\Symantec Endpoint Protection\14.3.5413.3000.105\Data\Sysfer\x64;C:\WINDOWS\WinSxS\amd64_microsoft.windows.common-controls_6595b64144ccf1df_6.0.19041.1110_none_60b5254171f9507e;C:\Program Files\Android\Android Studio1\jre\bin\server;C:\Users\ADIT-PC\.gradle\native\31\windows-amd64

VM Arguments:
jvm_args: --add-opens=java.base/java.util=ALL-UNNAMED --add-opens=java.base/java.lang=ALL-UNNAMED --add-opens=java.base/java.lang.invoke=ALL-UNNAMED --add-opens=java.prefs/java.util.prefs=ALL-UNNAMED -Xmx2048m -Dfile.encoding=windows-1252 -Duser.country=ID -Duser.language=en -Duser.variant 
java_command: org.gradle.launcher.daemon.bootstrap.GradleDaemon 6.1.1
java_class_path (initial): C:\Users\ADIT-PC\.gradle\wrapper\dists\gradle-6.1.1-all\cfmwm155h49vnt3hynmlrsdst\gradle-6.1.1\lib\gradle-launcher-6.1.1.jar
Launcher Type: SUN_STANDARD

[Global flags]
     intx CICompilerCount                          = 3                                         {product} {ergonomic}
     uint ConcGCThreads                            = 1                                         {product} {ergonomic}
     uint G1ConcRefinementThreads                  = 4                                         {product} {ergonomic}
   size_t G1HeapRegionSize                         = 1048576                                   {product} {ergonomic}
    uintx GCDrainStackTargetSize                   = 64                                        {product} {ergonomic}
   size_t InitialHeapSize                          = 266338304                                 {product} {ergonomic}
   size_t MarkStackSize                            = 4194304                                   {product} {ergonomic}
   size_t MaxHeapSize                              = 2147483648                                {product} {command line}
   size_t MaxNewSize                               = 1287651328                                {product} {ergonomic}
   size_t MinHeapDeltaBytes                        = 1048576                                   {product} {ergonomic}
    uintx NonNMethodCodeHeapSize                   = 5830732                                {pd product} {ergonomic}
    uintx NonProfiledCodeHeapSize                  = 122913754                              {pd product} {ergonomic}
    uintx ProfiledCodeHeapSize                     = 122913754                              {pd product} {ergonomic}
    uintx ReservedCodeCacheSize                    = 251658240                              {pd product} {ergonomic}
     bool SegmentedCodeCache                       = true                                      {product} {ergonomic}
     bool UseCompressedClassPointers               = true                                 {lp64_product} {ergonomic}
     bool UseCompressedOops                        = true                                 {lp64_product} {ergonomic}
     bool UseG1GC                                  = true                                      {product} {ergonomic}
     bool UseLargePagesIndividualAllocation        = false                                  {pd product} {ergonomic}

Logging:
Log output configuration:
 #0: stdout all=warning uptime,level,tags
 #1: stderr all=off uptime,level,tags

Environment Variables:
JAVA_HOME=C:\Program Files\Java\jdk-15.0.2
CLASSPATH=.;
PATH=C:\Program Files\Common Files\Oracle\Java\javapath;C:\Python311\Scripts\;C:\Python311\;C:\Python310\Scripts\;C:\Python310\;C:\Python27\;C:\Python27\Scripts;C:\Program Files (x86)\Common Files\Oracle\Java\javapath;C:\Program Files\Docker\Docker\Resources\bin;C:\ProgramData\Oracle\Java\javapath;C:\Program Files (x86)\Intel\iCLS Client\;C:\Program Files\Intel\iCLS Client\;C:\WINDOWS\system32;C:\WINDOWS;C:\WINDOWS\System32\Wbem;C:\WINDOWS\System32\WindowsPowerShell\v1.0\;C:\Program Files (x86)\Intel\Intel(R) Management Engine Components\DAL;C:\Program Files\Intel\Intel(R) Management Engine Components\DAL;C:\Program Files (x86)\Intel\Intel(R) Management Engine Components\IPT;C:\Program Files\Intel\Intel(R) Management Engine Components\IPT;C:\Program Files\Java\jre1.8.0_162\bin;C:\Program Files (x86)\GtkSharp\2.12\bin;C:\Program Files\PuTTY\;C:\Program Files\Java\jdk1.8.0_162\bin;C:\PROGRA~2\Groovy\GROOVY~1.15\bin;C:\WINDOWS\System32\OpenSSH\;C:\xampp\php;C:\Program Files (x86)\Microsoft SQL Server\Client SDK\ODBC\130\Tools\Binn\;C:\Program Files (x86)\Microsoft SQL Server\140\Tools\Binn\;C:\Program Files (x86)\Microsoft SQL Server\140\DTS\Binn\;C:\Program Files (x86)\Microsoft SQL Server\140\Tools\Binn\ManagementStudio\;c:\Program Files (x86)\Microsoft SQL Server\110\Tools\Binn\;c:\Program Files\Microsoft SQL Server\110\Tools\Binn\;c:\Program Files\Microsoft SQL Server\110\DTS\Binn\;C:\composer;C:\Flutter\flutter\bin;C:\Bitnami\wampstack-5.6.39-0\php;C:\ProgramData\chocolatey\bin;C:\Program Files (x86)\Yarn\bin\;C:\Program Files\Java\jdk1.8.0_211\bin;C:\Program Files\OpenJDK\openjdk-8u312-b07\bin;C:\Program Files\nodejs\;C:\Program Files\Git\cmd;C:\Users\ADIT-PC\AppData\Local\Microsoft\WindowsApps;C:\Users\ADIT-PC\AppData\Local\Android\Sdk\platform-tools;C:\Users\ADIT-PC\AppData\Roaming\npm;C:\Users\ADIT-PC\AppData\Local\Programs\Microsoft VS Code\bin;C:\Users\ADIT-PC\AppData\Local\Android\Sdk;C:\src\flutter\bin;C:\Users\ADIT-PC\AppData\Local\GitHubDesktop\bin;C:\Users
USERNAME=ADIT-PC
OS=Windows_NT
PROCESSOR_IDENTIFIER=Intel64 Family 6 Model 94 Stepping 3, GenuineIntel



---------------  S Y S T E M  ---------------

OS: Windows 10 , 64 bit Build 19041 (10.0.19041.2251)
OS uptime: 12 days 21:02 hours
Hyper-V role detected

CPU:total 4 (initial active 4) (4 cores per cpu, 1 threads per core) family 6 model 94 stepping 3 microcode 0xf0, cmov, cx8, fxsr, mmx, sse, sse2, sse3, ssse3, sse4.1, sse4.2, popcnt, avx, avx2, aes, clmul, erms, rtm, 3dnowpref, lzcnt, tsc, tscinvbit, bmi1, bmi2, adx, fma

Memory: 4k page, system-wide physical 16247M (516M free)
TotalPageFile size 25028M (AvailPageFile size 4M)
current process WorkingSet (physical memory assigned to process): 642M, peak: 642M
current process commit charge ("private bytes"): 760M, peak: 765M

vm_info: OpenJDK 64-Bit Server VM (11.0.12+7-b1504.28-7817840) for windows-amd64 JRE (11.0.12+7-b1504.28-7817840), built on Oct 13 2021 22:12:33 by "builder" with MS VC++ 14.0 (VS2015)

END.
