#
# There is insufficient memory for the Java Runtime Environment to continue.
# Native memory allocation (mmap) failed to map 250609664 bytes for Failed to commit area from 0x0000000093100000 to 0x00000000a2000000 of length 250609664.
# Possible reasons:
#   The system is out of physical RAM or swap space
#   The process is running with CompressedOops enabled, and the Java Heap may be blocking the growth of the native heap
# Possible solutions:
#   Reduce memory load on the system
#   Increase physical memory or swap space
#   Check if swap backing store is full
#   Decrease Java heap size (-Xmx/-Xms)
#   Decrease number of Java threads
#   Decrease Java thread stack sizes (-Xss)
#   Set larger code cache with -XX:ReservedCodeCacheSize=
#   JVM is running with Unscaled Compressed Oops mode in which the Java heap is
#     placed in the first 4GB address space. The Java Heap base address is the
#     maximum limit for the native heap growth. Please use -XX:HeapBaseMinAddress
#     to set the Java Heap base and to place the Java Heap above 4GB virtual address.
# This output file may be truncated or incomplete.
#
#  Out of Memory Error (./src/hotspot/os/windows/os_windows.cpp:3521), pid=23140, tid=26856
#
# JRE version: OpenJDK Runtime Environment (11.0.12+7) (build 11.0.12+7-b1504.28-7817840)
# Java VM: OpenJDK 64-Bit Server VM (11.0.12+7-b1504.28-7817840, mixed mode, tiered, compressed oops, g1 gc, windows-amd64)
# No core dump will be written. Minidumps are not enabled by default on client versions of Windows
#

---------------  S U M M A R Y ------------

Command Line: --add-opens=java.base/java.util=ALL-UNNAMED --add-opens=java.base/java.lang=ALL-UNNAMED --add-opens=java.base/java.lang.invoke=ALL-UNNAMED --add-opens=java.prefs/java.util.prefs=ALL-UNNAMED -Xmx2048m -Dfile.encoding=windows-1252 -Duser.country=ID -Duser.language=en -Duser.variant org.gradle.launcher.daemon.bootstrap.GradleDaemon 6.1.1

Host: Intel(R) Core(TM) i5-6500 CPU @ 3.20GHz, 4 cores, 15G,  Windows 10 , 64 bit Build 19041 (10.0.19041.1889)
Time: Mon Oct  3 08:34:53 2022 SE Asia Standard Time elapsed time: 21.471955 seconds (0d 0h 0m 21s)

---------------  T H R E A D  ---------------

Current thread (0x000001a1ecc4d000):  VMThread "VM Thread" [stack: 0x0000004841600000,0x0000004841700000] [id=26856]

Stack: [0x0000004841600000,0x0000004841700000]
[error occurred during error reporting (printing stack bounds), id 0xc0000005, EXCEPTION_ACCESS_VIOLATION (0xc0000005) at pc=0x000001a1d6b2112d]

Native frames: (J=compiled Java code, j=interpreted, Vv=VM code, C=native code)
V  [jvm.dll+0x5fbcea]
V  [jvm.dll+0x731905]
V  [jvm.dll+0x732f1d]
V  [jvm.dll+0x733535]
V  [jvm.dll+0x7334eb]
V  [jvm.dll+0x5fb080]
V  [jvm.dll+0x5fb818]
C  [ntdll.dll+0xa235f]
C  [ntdll.dll+0x514a4]
C  [ntdll.dll+0xa0e8e]
C  0x000001a1d6b2112d

VM_Operation (0x00000048445fd580): G1CollectForAllocation, mode: safepoint, requested by thread 0x000001a1f1c04000


---------------  P R O C E S S  ---------------

Threads class SMR info:
_java_thread_list=0x000001a1ee49f1b0, length=53, elements={
0x000001a1d301b800, 0x000001a1ecc4e800, 0x000001a1ed484800, 0x000001a1ed4de000,
0x000001a1ed4e0000, 0x000001a1ed4e1800, 0x000001a1ed4e7800, 0x000001a1ed4ed800,
0x000001a1ed4f1800, 0x000001a1ed65b000, 0x000001a1ef4bd800, 0x000001a1eea4c800,
0x000001a1ed749000, 0x000001a1ee711000, 0x000001a1ef402000, 0x000001a1eec65000,
0x000001a1eec74000, 0x000001a1eed53800, 0x000001a1eeb89000, 0x000001a1ef48b800,
0x000001a1ef48a800, 0x000001a1ef485800, 0x000001a1ef488000, 0x000001a1ef48a000,
0x000001a1ef48c000, 0x000001a1ef486800, 0x000001a1ef487800, 0x000001a1ef489000,
0x000001a1f1bf7000, 0x000001a1f1bf8800, 0x000001a1f1bf8000, 0x000001a1f1bf9800,
0x000001a1f1bfd800, 0x000001a1f1bfa800, 0x000001a1f1bfc000, 0x000001a1f1bff800,
0x000001a1f1bfe800, 0x000001a1f1c01000, 0x000001a1f1bfb000, 0x000001a1f1c01800,
0x000001a1f1c02800, 0x000001a1f1c03800, 0x000001a1f1c04000, 0x000001a1f1c05000,
0x000001a1f2e13800, 0x000001a1f2e11000, 0x000001a1f6e43800, 0x000001a1f2e14800,
0x000001a1f2e12000, 0x000001a1f2e15000, 0x000001a1f2e16000, 0x000001a1f2e10800,
0x000001a1f2e1b800
}

Java Threads: ( => current thread )
  0x000001a1d301b800 JavaThread "main" [_thread_blocked, id=17432, stack(0x0000004841000000,0x0000004841100000)]
  0x000001a1ecc4e800 JavaThread "Reference Handler" daemon [_thread_blocked, id=2824, stack(0x0000004841700000,0x0000004841800000)]
  0x000001a1ed484800 JavaThread "Finalizer" daemon [_thread_blocked, id=8276, stack(0x0000004841800000,0x0000004841900000)]
  0x000001a1ed4de000 JavaThread "Signal Dispatcher" daemon [_thread_blocked, id=10688, stack(0x0000004841900000,0x0000004841a00000)]
  0x000001a1ed4e0000 JavaThread "Attach Listener" daemon [_thread_blocked, id=19200, stack(0x0000004841a00000,0x0000004841b00000)]
  0x000001a1ed4e1800 JavaThread "Service Thread" daemon [_thread_blocked, id=11336, stack(0x0000004841b00000,0x0000004841c00000)]
  0x000001a1ed4e7800 JavaThread "C2 CompilerThread0" daemon [_thread_blocked, id=25204, stack(0x0000004841c00000,0x0000004841d00000)]
  0x000001a1ed4ed800 JavaThread "C1 CompilerThread0" daemon [_thread_blocked, id=15780, stack(0x0000004841d00000,0x0000004841e00000)]
  0x000001a1ed4f1800 JavaThread "Sweeper thread" daemon [_thread_blocked, id=5328, stack(0x0000004841e00000,0x0000004841f00000)]
  0x000001a1ed65b000 JavaThread "Common-Cleaner" daemon [_thread_blocked, id=26040, stack(0x0000004841f00000,0x0000004842000000)]
  0x000001a1ef4bd800 JavaThread "Daemon health stats" [_thread_blocked, id=14708, stack(0x0000004842500000,0x0000004842600000)]
  0x000001a1eea4c800 JavaThread "Incoming local TCP Connector on port 37916" [_thread_in_native, id=12672, stack(0x0000004842100000,0x0000004842200000)]
  0x000001a1ed749000 JavaThread "Daemon periodic checks" [_thread_blocked, id=10084, stack(0x0000004842600000,0x0000004842700000)]
  0x000001a1ee711000 JavaThread "Daemon" [_thread_blocked, id=14936, stack(0x0000004842700000,0x0000004842800000)]
  0x000001a1ef402000 JavaThread "Handler for socket connection from /127.0.0.1:37916 to /127.0.0.1:37917" [_thread_in_native, id=15584, stack(0x0000004842800000,0x0000004842900000)]
  0x000001a1eec65000 JavaThread "Cancel handler" [_thread_blocked, id=6680, stack(0x0000004842900000,0x0000004842a00000)]
  0x000001a1eec74000 JavaThread "Daemon worker" [_thread_blocked, id=21888, stack(0x0000004842a00000,0x0000004842b00000)]
  0x000001a1eed53800 JavaThread "Asynchronous log dispatcher for DefaultDaemonConnection: socket connection from /127.0.0.1:37916 to /127.0.0.1:37917" [_thread_blocked, id=18052, stack(0x0000004842b00000,0x0000004842c00000)]
  0x000001a1eeb89000 JavaThread "Stdin handler" [_thread_blocked, id=25200, stack(0x0000004842c00000,0x0000004842d00000)]
  0x000001a1ef48b800 JavaThread "Thread-8" [_thread_blocked, id=8684, stack(0x0000004842d00000,0x0000004842e00000)]
  0x000001a1ef48a800 JavaThread "Cache worker for journal cache (C:\Users\ADIT-PC\.gradle\caches\journal-1)" [_thread_blocked, id=13164, stack(0x0000004842e00000,0x0000004842f00000)]
  0x000001a1ef485800 JavaThread "File lock request listener" [_thread_in_native, id=23196, stack(0x0000004842f00000,0x0000004843000000)]
  0x000001a1ef488000 JavaThread "Cache worker for file hash cache (C:\Users\ADIT-PC\.gradle\caches\6.1.1\fileHashes)" [_thread_blocked, id=17632, stack(0x0000004843000000,0x0000004843100000)]
  0x000001a1ef48a000 JavaThread "Cache worker for checksums cache (C:\Users\ADIT-PC\AndroidStudioProjects\AbsensiApp\.gradle\checksums)" [_thread_blocked, id=23548, stack(0x0000004843200000,0x0000004843300000)]
  0x000001a1ef48c000 JavaThread "Cache worker for file hash cache (C:\Users\ADIT-PC\AndroidStudioProjects\AbsensiApp\.gradle\6.1.1\fileHashes)" [_thread_blocked, id=18720, stack(0x0000004843300000,0x0000004843400000)]
  0x000001a1ef486800 JavaThread "Cache worker for cache directory md-supplier (C:\Users\ADIT-PC\.gradle\caches\6.1.1\md-supplier)" [_thread_blocked, id=22264, stack(0x0000004843400000,0x0000004843500000)]
  0x000001a1ef487800 JavaThread "Cache worker for cache directory md-rule (C:\Users\ADIT-PC\.gradle\caches\6.1.1\md-rule)" [_thread_blocked, id=14168, stack(0x0000004843500000,0x0000004843600000)]
  0x000001a1ef489000 JavaThread "Cache worker for execution history cache (C:\Users\ADIT-PC\.gradle\caches\6.1.1\executionHistory)" [_thread_blocked, id=15796, stack(0x0000004843600000,0x0000004843700000)]
  0x000001a1f1bf7000 JavaThread "Build operations" [_thread_blocked, id=4376, stack(0x0000004843700000,0x0000004843800000)]
  0x000001a1f1bf8800 JavaThread "Build operations Thread 2" [_thread_blocked, id=25968, stack(0x0000004843800000,0x0000004843900000)]
  0x000001a1f1bf8000 JavaThread "Build operations Thread 3" [_thread_blocked, id=22812, stack(0x0000004843900000,0x0000004843a00000)]
  0x000001a1f1bf9800 JavaThread "Build operations Thread 4" [_thread_blocked, id=18768, stack(0x0000004843a00000,0x0000004843b00000)]
  0x000001a1f1bfd800 JavaThread "pool-1-thread-1" [_thread_blocked, id=7916, stack(0x0000004843b00000,0x0000004843c00000)]
  0x000001a1f1bfa800 JavaThread "Cache worker for Build Output Cleanup Cache (C:\Users\ADIT-PC\AndroidStudioProjects\AbsensiApp\.gradle\buildOutputCleanup)" [_thread_blocked, id=18916, stack(0x0000004843c00000,0x0000004843d00000)]
  0x000001a1f1bfc000 JavaThread "Memory manager" [_thread_blocked, id=7536, stack(0x0000004843d00000,0x0000004843e00000)]
  0x000001a1f1bff800 JavaThread "Cache worker for file content cache (C:\Users\ADIT-PC\.gradle\caches\6.1.1\fileContent)" [_thread_blocked, id=26184, stack(0x0000004843e00000,0x0000004843f00000)]
  0x000001a1f1bfe800 JavaThread "Cache worker for file content cache (C:\Users\ADIT-PC\AndroidStudioProjects\AbsensiApp\.gradle\6.1.1\fileContent)" [_thread_blocked, id=17792, stack(0x0000004843f00000,0x0000004844000000)]
  0x000001a1f1c01000 JavaThread "Execution worker for ':'" [_thread_in_native, id=15340, stack(0x0000004844000000,0x0000004844100000)]
  0x000001a1f1bfb000 JavaThread "Execution worker for ':' Thread 2" [_thread_blocked, id=22396, stack(0x0000004844100000,0x0000004844200000)]
  0x000001a1f1c01800 JavaThread "Execution worker for ':' Thread 3" [_thread_blocked, id=26600, stack(0x0000004844200000,0x0000004844300000)]
  0x000001a1f1c02800 JavaThread "Cache worker for execution history cache (C:\Users\ADIT-PC\AndroidStudioProjects\AbsensiApp\.gradle\6.1.1\executionHistory)" [_thread_blocked, id=17448, stack(0x0000004844300000,0x0000004844400000)]
  0x000001a1f1c03800 JavaThread "WorkerExecutor Queue" [_thread_blocked, id=7780, stack(0x0000004844400000,0x0000004844500000)]
  0x000001a1f1c04000 JavaThread "WorkerExecutor Queue Thread 2" [_thread_blocked, id=22780, stack(0x0000004844500000,0x0000004844600000)]
  0x000001a1f1c05000 JavaThread "pool-2-thread-1" [_thread_blocked, id=15752, stack(0x0000004844600000,0x0000004844700000)]
  0x000001a1f2e13800 JavaThread "stderr" [_thread_in_native, id=23412, stack(0x0000004844700000,0x0000004844800000)]
  0x000001a1f2e11000 JavaThread "stdout" [_thread_in_native, id=23064, stack(0x0000004844800000,0x0000004844900000)]
  0x000001a1f6e43800 JavaThread "C2 CompilerThread1" daemon [_thread_in_native, id=7460, stack(0x0000004843100000,0x0000004843200000)]
  0x000001a1f2e14800 JavaThread "WorkerExecutor Queue Thread 3" [_thread_blocked, id=20772, stack(0x0000004844900000,0x0000004844a00000)]
  0x000001a1f2e12000 JavaThread "WorkerExecutor Queue Thread 4" [_thread_blocked, id=17984, stack(0x0000004844a00000,0x0000004844b00000)]
  0x000001a1f2e15000 JavaThread "ForkJoinPool-1-worker-3" daemon [_thread_blocked, id=21008, stack(0x0000004844b00000,0x0000004844c00000)]
  0x000001a1f2e16000 JavaThread "ForkJoinPool-1-worker-5" daemon [_thread_blocked, id=22788, stack(0x0000004844c00000,0x0000004844d00000)]
  0x000001a1f2e10800 JavaThread "ForkJoinPool-1-worker-7" daemon [_thread_blocked, id=27332, stack(0x0000004844d00000,0x0000004844e00000)]
  0x000001a1f2e1b800 JavaThread "ForkJoinPool-1-worker-1" daemon [_thread_blocked, id=26936, stack(0x0000004844e00000,0x0000004844f00000)]

Other Threads:
=>0x000001a1ecc4d000 VMThread "VM Thread" [stack: 0x0000004841600000,0x0000004841700000] [id=26856]
  0x000001a1ed676000 WatcherThread [stack: 0x0000004842000000,0x0000004842100000] [id=388]
  0x000001a1d3034000 GCTaskThread "GC Thread#0" [stack: 0x0000004841100000,0x0000004841200000] [id=23576]
  0x000001a1eda33000 GCTaskThread "GC Thread#1" [stack: 0x0000004842200000,0x0000004842300000] [id=18668]
  0x000001a1edf8a000 GCTaskThread "GC Thread#2" [stack: 0x0000004842300000,0x0000004842400000] [id=12708]
  0x000001a1edbe4800 GCTaskThread "GC Thread#3" [stack: 0x0000004842400000,0x0000004842500000] [id=17856]
  0x000001a1d3065000 ConcurrentGCThread "G1 Main Marker" [stack: 0x0000004841200000,0x0000004841300000] [id=18684]
  0x000001a1d3066800 ConcurrentGCThread "G1 Conc#0" [stack: 0x0000004841300000,0x0000004841400000] [id=25548]
  0x000001a1ecac0800 ConcurrentGCThread "G1 Refine#0" [stack: 0x0000004841400000,0x0000004841500000] [id=7296]
  0x000001a1ee1db000 ConcurrentGCThread "G1 Refine#1" [stack: 0x0000004844f00000,0x0000004845000000] [id=25276]
  0x000001a1f2e0f000 ConcurrentGCThread "G1 Refine#2" [stack: 0x0000004845000000,0x0000004845100000] [id=19968]
  0x000001a1f4c89800 ConcurrentGCThread "G1 Refine#3" [stack: 0x0000004845100000,0x0000004845200000] [id=19420]
  0x000001a1ecac1800 ConcurrentGCThread "G1 Young RemSet Sampling" [stack: 0x0000004841500000,0x0000004841600000] [id=22308]

Threads with active compile tasks:
C2 CompilerThread0  21492 11726       4       com.android.tools.r8.graph.f0::collectIndexedItems (36 bytes)
C2 CompilerThread1  21492 11699       4       com.android.tools.r8.dex.P$g::addString (20 bytes)

VM state:at safepoint (normal execution)

VM Mutex/Monitor currently owned by a thread:  ([mutex/lock_event])
[0x000001a1d3016b80] Threads_lock - owner thread: 0x000001a1ecc4d000
[0x000001a1d3016ca0] Heap_lock - owner thread: 0x000001a1f1c04000

Heap address: 0x0000000080000000, size: 2048 MB, Compressed Oops mode: 32-bit
Narrow klass base: 0x0000000000000000, Narrow klass shift: 3
Compressed class space size: 1073741824 Address: 0x0000000100000000

Heap:
 garbage-first heap   total 557056K, used 256692K [0x0000000080000000, 0x0000000100000000)
  region size 1024K, 1 young (1024K), 1 survivors (1024K)
 Metaspace       used 83947K, capacity 86313K, committed 86608K, reserved 1124352K
  class space    used 10903K, capacity 11732K, committed 11776K, reserved 1048576K
Heap Regions: E=young(eden), S=young(survivor), O=old, HS=humongous(starts), HC=humongous(continues), CS=collection set, F=free, A=archive, TAMS=top-at-mark-start (previous, next)
|   0|0x0000000080000000, 0x0000000080100000, 0x0000000080100000|100%| O|  |TAMS 0x0000000080100000, 0x0000000080100000| Untracked 
|   1|0x0000000080100000, 0x0000000080200000, 0x0000000080200000|100%| O|  |TAMS 0x0000000080200000, 0x0000000080200000| Untracked 
|   2|0x0000000080200000, 0x0000000080300000, 0x0000000080300000|100%| O|  |TAMS 0x0000000080300000, 0x0000000080300000| Untracked 
|   3|0x0000000080300000, 0x0000000080400000, 0x0000000080400000|100%|HS|  |TAMS 0x0000000080400000, 0x0000000080400000| Complete 
|   4|0x0000000080400000, 0x0000000080500000, 0x0000000080500000|100%|HC|  |TAMS 0x0000000080500000, 0x0000000080500000| Complete 
|   5|0x0000000080500000, 0x0000000080600000, 0x0000000080600000|100%|HC|  |TAMS 0x0000000080600000, 0x0000000080600000| Complete 
|   6|0x0000000080600000, 0x0000000080700000, 0x0000000080700000|100%| O|  |TAMS 0x0000000080700000, 0x0000000080700000| Untracked 
|   7|0x0000000080700000, 0x0000000080800000, 0x0000000080800000|100%| O|  |TAMS 0x0000000080800000, 0x0000000080800000| Untracked 
|   8|0x0000000080800000, 0x0000000080900000, 0x0000000080900000|100%| O|  |TAMS 0x0000000080900000, 0x0000000080900000| Untracked 
|   9|0x0000000080900000, 0x0000000080a00000, 0x0000000080a00000|100%| O|  |TAMS 0x0000000080a00000, 0x0000000080a00000| Untracked 
|  10|0x0000000080a00000, 0x0000000080b00000, 0x0000000080b00000|100%| O|  |TAMS 0x0000000080b00000, 0x0000000080b00000| Untracked 
|  11|0x0000000080b00000, 0x0000000080c00000, 0x0000000080c00000|100%| O|  |TAMS 0x0000000080c00000, 0x0000000080c00000| Untracked 
|  12|0x0000000080c00000, 0x0000000080d00000, 0x0000000080d00000|100%| O|  |TAMS 0x0000000080d00000, 0x0000000080d00000| Untracked 
|  13|0x0000000080d00000, 0x0000000080e00000, 0x0000000080e00000|100%|HS|  |TAMS 0x0000000080e00000, 0x0000000080e00000| Complete 
|  14|0x0000000080e00000, 0x0000000080f00000, 0x0000000080f00000|100%|HC|  |TAMS 0x0000000080f00000, 0x0000000080f00000| Complete 
|  15|0x0000000080f00000, 0x0000000081000000, 0x0000000081000000|100%|HS|  |TAMS 0x0000000081000000, 0x0000000081000000| Complete 
|  16|0x0000000081000000, 0x0000000081100000, 0x0000000081100000|100%|HC|  |TAMS 0x0000000081100000, 0x0000000081100000| Complete 
|  17|0x0000000081100000, 0x0000000081200000, 0x0000000081200000|100%|HC|  |TAMS 0x0000000081200000, 0x0000000081200000| Complete 
|  18|0x0000000081200000, 0x0000000081300000, 0x0000000081300000|100%|HS|  |TAMS 0x0000000081300000, 0x0000000081300000| Complete 
|  19|0x0000000081300000, 0x0000000081400000, 0x0000000081400000|100%|HC|  |TAMS 0x0000000081400000, 0x0000000081400000| Complete 
|  20|0x0000000081400000, 0x0000000081500000, 0x0000000081500000|100%|HC|  |TAMS 0x0000000081500000, 0x0000000081500000| Complete 
|  21|0x0000000081500000, 0x0000000081600000, 0x0000000081600000|100%|HC|  |TAMS 0x0000000081600000, 0x0000000081600000| Complete 
|  22|0x0000000081600000, 0x0000000081700000, 0x0000000081700000|100%| O|  |TAMS 0x0000000081700000, 0x0000000081700000| Untracked 
|  23|0x0000000081700000, 0x0000000081800000, 0x0000000081800000|100%|HS|  |TAMS 0x0000000081800000, 0x0000000081800000| Complete 
|  24|0x0000000081800000, 0x0000000081900000, 0x0000000081900000|100%|HC|  |TAMS 0x0000000081900000, 0x0000000081900000| Complete 
|  25|0x0000000081900000, 0x0000000081a00000, 0x0000000081a00000|100%|HS|  |TAMS 0x0000000081a00000, 0x0000000081a00000| Complete 
|  26|0x0000000081a00000, 0x0000000081b00000, 0x0000000081b00000|100%|HC|  |TAMS 0x0000000081b00000, 0x0000000081b00000| Complete 
|  27|0x0000000081b00000, 0x0000000081c00000, 0x0000000081c00000|100%|HC|  |TAMS 0x0000000081c00000, 0x0000000081c00000| Complete 
|  28|0x0000000081c00000, 0x0000000081d00000, 0x0000000081d00000|100%| O|  |TAMS 0x0000000081d00000, 0x0000000081d00000| Untracked 
|  29|0x0000000081d00000, 0x0000000081e00000, 0x0000000081e00000|100%| O|  |TAMS 0x0000000081e00000, 0x0000000081e00000| Untracked 
|  30|0x0000000081e00000, 0x0000000081f00000, 0x0000000081f00000|100%| O|  |TAMS 0x0000000081f00000, 0x0000000081f00000| Untracked 
|  31|0x0000000081f00000, 0x0000000082000000, 0x0000000082000000|100%| O|  |TAMS 0x0000000082000000, 0x0000000082000000| Untracked 
|  32|0x0000000082000000, 0x0000000082100000, 0x0000000082100000|100%| O|  |TAMS 0x0000000082100000, 0x0000000082100000| Untracked 
|  33|0x0000000082100000, 0x0000000082200000, 0x0000000082200000|100%| O|  |TAMS 0x0000000082200000, 0x0000000082200000| Untracked 
|  34|0x0000000082200000, 0x0000000082300000, 0x0000000082300000|100%| O|  |TAMS 0x0000000082300000, 0x0000000082300000| Untracked 
|  35|0x0000000082300000, 0x0000000082400000, 0x0000000082400000|100%| O|  |TAMS 0x0000000082400000, 0x0000000082400000| Untracked 
|  36|0x0000000082400000, 0x0000000082500000, 0x0000000082500000|100%| O|  |TAMS 0x0000000082500000, 0x0000000082500000| Untracked 
|  37|0x0000000082500000, 0x0000000082600000, 0x0000000082600000|100%| O|  |TAMS 0x0000000082600000, 0x0000000082600000| Untracked 
|  38|0x0000000082600000, 0x0000000082700000, 0x0000000082700000|100%| O|  |TAMS 0x0000000082700000, 0x0000000082700000| Untracked 
|  39|0x0000000082700000, 0x0000000082800000, 0x0000000082800000|100%| O|  |TAMS 0x0000000082800000, 0x0000000082800000| Untracked 
|  40|0x0000000082800000, 0x0000000082900000, 0x0000000082900000|100%| O|  |TAMS 0x0000000082900000, 0x0000000082900000| Untracked 
|  41|0x0000000082900000, 0x0000000082a00000, 0x0000000082a00000|100%| O|  |TAMS 0x0000000082a00000, 0x0000000082a00000| Untracked 
|  42|0x0000000082a00000, 0x0000000082b00000, 0x0000000082b00000|100%| O|  |TAMS 0x0000000082b00000, 0x0000000082b00000| Untracked 
|  43|0x0000000082b00000, 0x0000000082c00000, 0x0000000082c00000|100%| O|  |TAMS 0x0000000082c00000, 0x0000000082c00000| Untracked 
|  44|0x0000000082c00000, 0x0000000082d00000, 0x0000000082d00000|100%| O|  |TAMS 0x0000000082d00000, 0x0000000082d00000| Untracked 
|  45|0x0000000082d00000, 0x0000000082e00000, 0x0000000082e00000|100%| O|  |TAMS 0x0000000082e00000, 0x0000000082e00000| Untracked 
|  46|0x0000000082e00000, 0x0000000082f00000, 0x0000000082f00000|100%| O|  |TAMS 0x0000000082f00000, 0x0000000082f00000| Untracked 
|  47|0x0000000082f00000, 0x0000000083000000, 0x0000000083000000|100%| O|  |TAMS 0x0000000083000000, 0x0000000083000000| Untracked 
|  48|0x0000000083000000, 0x0000000083100000, 0x0000000083100000|100%| O|  |TAMS 0x0000000083100000, 0x0000000083100000| Untracked 
|  49|0x0000000083100000, 0x0000000083200000, 0x0000000083200000|100%| O|  |TAMS 0x0000000083200000, 0x0000000083200000| Untracked 
|  50|0x0000000083200000, 0x0000000083300000, 0x0000000083300000|100%| O|  |TAMS 0x0000000083300000, 0x0000000083300000| Untracked 
|  51|0x0000000083300000, 0x0000000083400000, 0x0000000083400000|100%| O|  |TAMS 0x0000000083400000, 0x0000000083400000| Untracked 
|  52|0x0000000083400000, 0x0000000083500000, 0x0000000083500000|100%| O|  |TAMS 0x0000000083500000, 0x0000000083500000| Untracked 
|  53|0x0000000083500000, 0x0000000083600000, 0x0000000083600000|100%| O|  |TAMS 0x0000000083600000, 0x0000000083600000| Untracked 
|  54|0x0000000083600000, 0x0000000083700000, 0x0000000083700000|100%| O|  |TAMS 0x0000000083700000, 0x0000000083700000| Untracked 
|  55|0x0000000083700000, 0x0000000083800000, 0x0000000083800000|100%| O|  |TAMS 0x0000000083800000, 0x0000000083800000| Untracked 
|  56|0x0000000083800000, 0x0000000083900000, 0x0000000083900000|100%| O|  |TAMS 0x0000000083900000, 0x0000000083900000| Untracked 
|  57|0x0000000083900000, 0x0000000083a00000, 0x0000000083a00000|100%| O|  |TAMS 0x0000000083a00000, 0x0000000083a00000| Untracked 
|  58|0x0000000083a00000, 0x0000000083b00000, 0x0000000083b00000|100%| O|  |TAMS 0x0000000083b00000, 0x0000000083b00000| Untracked 
|  59|0x0000000083b00000, 0x0000000083c00000, 0x0000000083c00000|100%| O|  |TAMS 0x0000000083c00000, 0x0000000083c00000| Untracked 
|  60|0x0000000083c00000, 0x0000000083d00000, 0x0000000083d00000|100%| O|  |TAMS 0x0000000083d00000, 0x0000000083d00000| Untracked 
|  61|0x0000000083d00000, 0x0000000083e00000, 0x0000000083e00000|100%| O|  |TAMS 0x0000000083e00000, 0x0000000083e00000| Untracked 
|  62|0x0000000083e00000, 0x0000000083f00000, 0x0000000083f00000|100%| O|  |TAMS 0x0000000083f00000, 0x0000000083f00000| Untracked 
|  63|0x0000000083f00000, 0x0000000084000000, 0x0000000084000000|100%| O|  |TAMS 0x0000000084000000, 0x0000000084000000| Untracked 
|  64|0x0000000084000000, 0x0000000084100000, 0x0000000084100000|100%| O|  |TAMS 0x0000000084100000, 0x0000000084100000| Untracked 
|  65|0x0000000084100000, 0x0000000084200000, 0x0000000084200000|100%| O|  |TAMS 0x0000000084200000, 0x0000000084200000| Untracked 
|  66|0x0000000084200000, 0x0000000084300000, 0x0000000084300000|100%| O|  |TAMS 0x0000000084300000, 0x0000000084300000| Untracked 
|  67|0x0000000084300000, 0x0000000084400000, 0x0000000084400000|100%| O|  |TAMS 0x0000000084400000, 0x0000000084400000| Untracked 
|  68|0x0000000084400000, 0x0000000084500000, 0x0000000084500000|100%| O|  |TAMS 0x0000000084500000, 0x0000000084500000| Untracked 
|  69|0x0000000084500000, 0x0000000084600000, 0x0000000084600000|100%| O|  |TAMS 0x0000000084600000, 0x0000000084600000| Untracked 
|  70|0x0000000084600000, 0x0000000084700000, 0x0000000084700000|100%| O|  |TAMS 0x0000000084700000, 0x0000000084700000| Untracked 
|  71|0x0000000084700000, 0x0000000084800000, 0x0000000084800000|100%| O|  |TAMS 0x0000000084800000, 0x0000000084800000| Untracked 
|  72|0x0000000084800000, 0x0000000084900000, 0x0000000084900000|100%| O|  |TAMS 0x0000000084900000, 0x0000000084900000| Untracked 
|  73|0x0000000084900000, 0x0000000084a00000, 0x0000000084a00000|100%| O|  |TAMS 0x0000000084a00000, 0x0000000084a00000| Untracked 
|  74|0x0000000084a00000, 0x0000000084b00000, 0x0000000084b00000|100%| O|  |TAMS 0x0000000084b00000, 0x0000000084b00000| Untracked 
|  75|0x0000000084b00000, 0x0000000084c00000, 0x0000000084c00000|100%| O|  |TAMS 0x0000000084c00000, 0x0000000084c00000| Untracked 
|  76|0x0000000084c00000, 0x0000000084d00000, 0x0000000084d00000|100%| O|  |TAMS 0x0000000084d00000, 0x0000000084d00000| Untracked 
|  77|0x0000000084d00000, 0x0000000084e00000, 0x0000000084e00000|100%| O|  |TAMS 0x0000000084e00000, 0x0000000084e00000| Untracked 
|  78|0x0000000084e00000, 0x0000000084f00000, 0x0000000084f00000|100%| O|  |TAMS 0x0000000084f00000, 0x0000000084f00000| Untracked 
|  79|0x0000000084f00000, 0x0000000085000000, 0x0000000085000000|100%| O|  |TAMS 0x0000000085000000, 0x0000000085000000| Untracked 
|  80|0x0000000085000000, 0x0000000085100000, 0x0000000085100000|100%| O|  |TAMS 0x0000000085100000, 0x0000000085100000| Untracked 
|  81|0x0000000085100000, 0x0000000085200000, 0x0000000085200000|100%| O|  |TAMS 0x0000000085200000, 0x0000000085200000| Untracked 
|  82|0x0000000085200000, 0x0000000085300000, 0x0000000085300000|100%| O|  |TAMS 0x0000000085300000, 0x0000000085300000| Untracked 
|  83|0x0000000085300000, 0x0000000085400000, 0x0000000085400000|100%| O|  |TAMS 0x0000000085400000, 0x0000000085400000| Untracked 
|  84|0x0000000085400000, 0x0000000085500000, 0x0000000085500000|100%| O|  |TAMS 0x0000000085500000, 0x0000000085500000| Untracked 
|  85|0x0000000085500000, 0x0000000085600000, 0x0000000085600000|100%| O|  |TAMS 0x0000000085600000, 0x0000000085600000| Untracked 
|  86|0x0000000085600000, 0x0000000085700000, 0x0000000085700000|100%| O|  |TAMS 0x0000000085700000, 0x0000000085700000| Untracked 
|  87|0x0000000085700000, 0x0000000085800000, 0x0000000085800000|100%| O|  |TAMS 0x0000000085800000, 0x0000000085800000| Untracked 
|  88|0x0000000085800000, 0x0000000085900000, 0x0000000085900000|100%| O|  |TAMS 0x0000000085900000, 0x0000000085900000| Untracked 
|  89|0x0000000085900000, 0x0000000085a00000, 0x0000000085a00000|100%| O|  |TAMS 0x0000000085a00000, 0x0000000085a00000| Untracked 
|  90|0x0000000085a00000, 0x0000000085b00000, 0x0000000085b00000|100%| O|  |TAMS 0x0000000085b00000, 0x0000000085b00000| Untracked 
|  91|0x0000000085b00000, 0x0000000085c00000, 0x0000000085c00000|100%| O|  |TAMS 0x0000000085c00000, 0x0000000085c00000| Untracked 
|  92|0x0000000085c00000, 0x0000000085d00000, 0x0000000085d00000|100%| O|  |TAMS 0x0000000085d00000, 0x0000000085d00000| Untracked 
|  93|0x0000000085d00000, 0x0000000085e00000, 0x0000000085e00000|100%|HS|  |TAMS 0x0000000085e00000, 0x0000000085e00000| Complete 
|  94|0x0000000085e00000, 0x0000000085f00000, 0x0000000085f00000|100%|HC|  |TAMS 0x0000000085f00000, 0x0000000085f00000| Complete 
|  95|0x0000000085f00000, 0x0000000086000000, 0x0000000086000000|100%|HS|  |TAMS 0x0000000086000000, 0x0000000086000000| Complete 
|  96|0x0000000086000000, 0x0000000086100000, 0x0000000086100000|100%|HS|  |TAMS 0x0000000086100000, 0x0000000086100000| Complete 
|  97|0x0000000086100000, 0x0000000086200000, 0x0000000086200000|100%|HS|  |TAMS 0x0000000086200000, 0x0000000086200000| Complete 
|  98|0x0000000086200000, 0x0000000086300000, 0x0000000086300000|100%|HS|  |TAMS 0x0000000086300000, 0x0000000086300000| Complete 
|  99|0x0000000086300000, 0x0000000086400000, 0x0000000086400000|100%|HS|  |TAMS 0x0000000086400000, 0x0000000086400000| Complete 
| 100|0x0000000086400000, 0x0000000086500000, 0x0000000086500000|100%|HS|  |TAMS 0x0000000086500000, 0x0000000086500000| Complete 
| 101|0x0000000086500000, 0x0000000086600000, 0x0000000086600000|100%|HC|  |TAMS 0x0000000086600000, 0x0000000086600000| Complete 
| 102|0x0000000086600000, 0x0000000086700000, 0x0000000086700000|100%|HS|  |TAMS 0x0000000086700000, 0x0000000086700000| Complete 
| 103|0x0000000086700000, 0x0000000086800000, 0x0000000086800000|100%|HS|  |TAMS 0x0000000086800000, 0x0000000086800000| Complete 
| 104|0x0000000086800000, 0x0000000086900000, 0x0000000086900000|100%|HS|  |TAMS 0x0000000086900000, 0x0000000086900000| Complete 
| 105|0x0000000086900000, 0x0000000086a00000, 0x0000000086a00000|100%|HC|  |TAMS 0x0000000086a00000, 0x0000000086a00000| Complete 
| 106|0x0000000086a00000, 0x0000000086b00000, 0x0000000086b00000|100%| O|  |TAMS 0x0000000086b00000, 0x0000000086b00000| Untracked 
| 107|0x0000000086b00000, 0x0000000086c00000, 0x0000000086c00000|100%|HS|  |TAMS 0x0000000086c00000, 0x0000000086c00000| Complete 
| 108|0x0000000086c00000, 0x0000000086d00000, 0x0000000086d00000|100%| O|  |TAMS 0x0000000086d00000, 0x0000000086d00000| Untracked 
| 109|0x0000000086d00000, 0x0000000086e00000, 0x0000000086e00000|100%|HS|  |TAMS 0x0000000086e00000, 0x0000000086e00000| Complete 
| 110|0x0000000086e00000, 0x0000000086f00000, 0x0000000086f00000|100%| O|  |TAMS 0x0000000086f00000, 0x0000000086f00000| Untracked 
| 111|0x0000000086f00000, 0x0000000087000000, 0x0000000087000000|100%|HS|  |TAMS 0x0000000087000000, 0x0000000087000000| Complete 
| 112|0x0000000087000000, 0x0000000087100000, 0x0000000087100000|100%| O|  |TAMS 0x0000000087100000, 0x0000000087100000| Untracked 
| 113|0x0000000087100000, 0x0000000087200000, 0x0000000087200000|100%|HS|  |TAMS 0x0000000087200000, 0x0000000087200000| Complete 
| 114|0x0000000087200000, 0x0000000087300000, 0x0000000087300000|100%| O|  |TAMS 0x0000000087300000, 0x0000000087300000| Untracked 
| 115|0x0000000087300000, 0x0000000087400000, 0x0000000087400000|100%| O|  |TAMS 0x0000000087400000, 0x0000000087400000| Untracked 
| 116|0x0000000087400000, 0x0000000087500000, 0x0000000087500000|100%| O|  |TAMS 0x0000000087500000, 0x0000000087500000| Untracked 
| 117|0x0000000087500000, 0x0000000087600000, 0x0000000087600000|100%| O|  |TAMS 0x0000000087600000, 0x0000000087600000| Untracked 
| 118|0x0000000087600000, 0x0000000087700000, 0x0000000087700000|100%| O|  |TAMS 0x0000000087700000, 0x0000000087700000| Untracked 
| 119|0x0000000087700000, 0x0000000087800000, 0x0000000087800000|100%| O|  |TAMS 0x0000000087800000, 0x0000000087800000| Untracked 
| 120|0x0000000087800000, 0x0000000087900000, 0x0000000087900000|100%| O|  |TAMS 0x0000000087900000, 0x0000000087900000| Untracked 
| 121|0x0000000087900000, 0x0000000087a00000, 0x0000000087a00000|100%| O|  |TAMS 0x0000000087a00000, 0x0000000087a00000| Untracked 
| 122|0x0000000087a00000, 0x0000000087b00000, 0x0000000087b00000|100%| O|  |TAMS 0x0000000087b00000, 0x0000000087b00000| Untracked 
| 123|0x0000000087b00000, 0x0000000087c00000, 0x0000000087c00000|100%| O|  |TAMS 0x0000000087c00000, 0x0000000087c00000| Untracked 
| 124|0x0000000087c00000, 0x0000000087d00000, 0x0000000087d00000|100%| O|  |TAMS 0x0000000087d00000, 0x0000000087d00000| Untracked 
| 125|0x0000000087d00000, 0x0000000087e00000, 0x0000000087e00000|100%|HS|  |TAMS 0x0000000087e00000, 0x0000000087e00000| Complete 
| 126|0x0000000087e00000, 0x0000000087f00000, 0x0000000087f00000|100%| O|  |TAMS 0x0000000087f00000, 0x0000000087f00000| Untracked 
| 127|0x0000000087f00000, 0x0000000088000000, 0x0000000088000000|100%|HS|  |TAMS 0x0000000088000000, 0x0000000088000000| Complete 
| 128|0x0000000088000000, 0x0000000088100000, 0x0000000088100000|100%|HC|  |TAMS 0x0000000088100000, 0x0000000088100000| Complete 
| 129|0x0000000088100000, 0x0000000088200000, 0x0000000088200000|100%| O|  |TAMS 0x0000000088200000, 0x0000000088200000| Untracked 
| 130|0x0000000088200000, 0x0000000088300000, 0x0000000088300000|100%| O|  |TAMS 0x0000000088300000, 0x0000000088300000| Untracked 
| 131|0x0000000088300000, 0x0000000088400000, 0x0000000088400000|100%| O|  |TAMS 0x0000000088400000, 0x0000000088400000| Untracked 
| 132|0x0000000088400000, 0x0000000088500000, 0x0000000088500000|100%| O|  |TAMS 0x0000000088500000, 0x0000000088500000| Untracked 
| 133|0x0000000088500000, 0x0000000088600000, 0x0000000088600000|100%| O|  |TAMS 0x0000000088600000, 0x0000000088600000| Untracked 
| 134|0x0000000088600000, 0x0000000088700000, 0x0000000088700000|100%| O|  |TAMS 0x0000000088700000, 0x0000000088700000| Untracked 
| 135|0x0000000088700000, 0x0000000088800000, 0x0000000088800000|100%| O|  |TAMS 0x0000000088800000, 0x0000000088800000| Untracked 
| 136|0x0000000088800000, 0x0000000088900000, 0x0000000088900000|100%| O|  |TAMS 0x0000000088900000, 0x0000000088900000| Untracked 
| 137|0x0000000088900000, 0x0000000088a00000, 0x0000000088a00000|100%| O|  |TAMS 0x0000000088a00000, 0x0000000088a00000| Untracked 
| 138|0x0000000088a00000, 0x0000000088b00000, 0x0000000088b00000|100%| O|  |TAMS 0x0000000088b00000, 0x0000000088b00000| Untracked 
| 139|0x0000000088b00000, 0x0000000088c00000, 0x0000000088c00000|100%| O|  |TAMS 0x0000000088c00000, 0x0000000088c00000| Untracked 
| 140|0x0000000088c00000, 0x0000000088d00000, 0x0000000088d00000|100%| O|  |TAMS 0x0000000088d00000, 0x0000000088d00000| Untracked 
| 141|0x0000000088d00000, 0x0000000088e00000, 0x0000000088e00000|100%| O|  |TAMS 0x0000000088e00000, 0x0000000088e00000| Untracked 
| 142|0x0000000088e00000, 0x0000000088f00000, 0x0000000088f00000|100%| O|  |TAMS 0x0000000088f00000, 0x0000000088f00000| Untracked 
| 143|0x0000000088f00000, 0x0000000089000000, 0x0000000089000000|100%| O|  |TAMS 0x0000000089000000, 0x0000000089000000| Untracked 
| 144|0x0000000089000000, 0x0000000089100000, 0x0000000089100000|100%| O|  |TAMS 0x0000000089100000, 0x0000000089100000| Untracked 
| 145|0x0000000089100000, 0x0000000089200000, 0x0000000089200000|100%| O|  |TAMS 0x0000000089200000, 0x0000000089200000| Untracked 
| 146|0x0000000089200000, 0x0000000089300000, 0x0000000089300000|100%| O|  |TAMS 0x0000000089300000, 0x0000000089300000| Untracked 
| 147|0x0000000089300000, 0x0000000089400000, 0x0000000089400000|100%| O|  |TAMS 0x0000000089400000, 0x0000000089400000| Untracked 
| 148|0x0000000089400000, 0x0000000089500000, 0x0000000089500000|100%| O|  |TAMS 0x0000000089500000, 0x0000000089500000| Untracked 
| 149|0x0000000089500000, 0x0000000089600000, 0x0000000089600000|100%| O|  |TAMS 0x0000000089600000, 0x0000000089600000| Untracked 
| 150|0x0000000089600000, 0x0000000089700000, 0x0000000089700000|100%| O|  |TAMS 0x0000000089700000, 0x0000000089700000| Untracked 
| 151|0x0000000089700000, 0x0000000089800000, 0x0000000089800000|100%| O|  |TAMS 0x0000000089800000, 0x0000000089800000| Untracked 
| 152|0x0000000089800000, 0x0000000089900000, 0x0000000089900000|100%| O|  |TAMS 0x0000000089900000, 0x0000000089900000| Untracked 
| 153|0x0000000089900000, 0x0000000089a00000, 0x0000000089a00000|100%| O|  |TAMS 0x0000000089a00000, 0x0000000089a00000| Untracked 
| 154|0x0000000089a00000, 0x0000000089b00000, 0x0000000089b00000|100%| O|  |TAMS 0x0000000089b00000, 0x0000000089b00000| Untracked 
| 155|0x0000000089b00000, 0x0000000089c00000, 0x0000000089c00000|100%| O|  |TAMS 0x0000000089c00000, 0x0000000089c00000| Untracked 
| 156|0x0000000089c00000, 0x0000000089d00000, 0x0000000089d00000|100%| O|  |TAMS 0x0000000089d00000, 0x0000000089d00000| Untracked 
| 157|0x0000000089d00000, 0x0000000089e00000, 0x0000000089e00000|100%| O|  |TAMS 0x0000000089e00000, 0x0000000089e00000| Untracked 
| 158|0x0000000089e00000, 0x0000000089f00000, 0x0000000089f00000|100%| O|  |TAMS 0x0000000089f00000, 0x0000000089f00000| Untracked 
| 159|0x0000000089f00000, 0x000000008a000000, 0x000000008a000000|100%| O|  |TAMS 0x000000008a000000, 0x000000008a000000| Untracked 
| 160|0x000000008a000000, 0x000000008a100000, 0x000000008a100000|100%| O|  |TAMS 0x000000008a100000, 0x000000008a100000| Untracked 
| 161|0x000000008a100000, 0x000000008a200000, 0x000000008a200000|100%| O|  |TAMS 0x000000008a200000, 0x000000008a200000| Untracked 
| 162|0x000000008a200000, 0x000000008a300000, 0x000000008a300000|100%| O|  |TAMS 0x000000008a300000, 0x000000008a300000| Untracked 
| 163|0x000000008a300000, 0x000000008a400000, 0x000000008a400000|100%| O|  |TAMS 0x000000008a400000, 0x000000008a400000| Untracked 
| 164|0x000000008a400000, 0x000000008a500000, 0x000000008a500000|100%| O|  |TAMS 0x000000008a500000, 0x000000008a500000| Untracked 
| 165|0x000000008a500000, 0x000000008a600000, 0x000000008a600000|100%| O|  |TAMS 0x000000008a600000, 0x000000008a600000| Untracked 
| 166|0x000000008a600000, 0x000000008a700000, 0x000000008a700000|100%| O|  |TAMS 0x000000008a700000, 0x000000008a700000| Untracked 
| 167|0x000000008a700000, 0x000000008a800000, 0x000000008a800000|100%| O|  |TAMS 0x000000008a800000, 0x000000008a800000| Untracked 
| 168|0x000000008a800000, 0x000000008a900000, 0x000000008a900000|100%| O|  |TAMS 0x000000008a900000, 0x000000008a900000| Untracked 
| 169|0x000000008a900000, 0x000000008aa00000, 0x000000008aa00000|100%| O|  |TAMS 0x000000008aa00000, 0x000000008aa00000| Untracked 
| 170|0x000000008aa00000, 0x000000008ab00000, 0x000000008ab00000|100%| O|  |TAMS 0x000000008ab00000, 0x000000008ab00000| Untracked 
| 171|0x000000008ab00000, 0x000000008ac00000, 0x000000008ac00000|100%| O|  |TAMS 0x000000008ac00000, 0x000000008ac00000| Untracked 
| 172|0x000000008ac00000, 0x000000008ad00000, 0x000000008ad00000|100%| O|  |TAMS 0x000000008ad00000, 0x000000008ad00000| Untracked 
| 173|0x000000008ad00000, 0x000000008ae00000, 0x000000008ae00000|100%| O|  |TAMS 0x000000008ae00000, 0x000000008ae00000| Untracked 
| 174|0x000000008ae00000, 0x000000008af00000, 0x000000008af00000|100%| O|  |TAMS 0x000000008af00000, 0x000000008af00000| Untracked 
| 175|0x000000008af00000, 0x000000008b000000, 0x000000008b000000|100%| O|  |TAMS 0x000000008b000000, 0x000000008b000000| Untracked 
| 176|0x000000008b000000, 0x000000008b100000, 0x000000008b100000|100%| O|  |TAMS 0x000000008b100000, 0x000000008b100000| Untracked 
| 177|0x000000008b100000, 0x000000008b200000, 0x000000008b200000|100%| O|  |TAMS 0x000000008b200000, 0x000000008b200000| Untracked 
| 178|0x000000008b200000, 0x000000008b300000, 0x000000008b300000|100%| O|  |TAMS 0x000000008b300000, 0x000000008b300000| Untracked 
| 179|0x000000008b300000, 0x000000008b400000, 0x000000008b400000|100%| O|  |TAMS 0x000000008b400000, 0x000000008b400000| Untracked 
| 180|0x000000008b400000, 0x000000008b500000, 0x000000008b500000|100%| O|  |TAMS 0x000000008b500000, 0x000000008b500000| Untracked 
| 181|0x000000008b500000, 0x000000008b600000, 0x000000008b600000|100%| O|  |TAMS 0x000000008b600000, 0x000000008b600000| Untracked 
| 182|0x000000008b600000, 0x000000008b700000, 0x000000008b700000|100%| O|  |TAMS 0x000000008b680000, 0x000000008b700000| Untracked 
| 183|0x000000008b700000, 0x000000008b800000, 0x000000008b800000|100%| O|  |TAMS 0x000000008b700000, 0x000000008b800000| Untracked 
| 184|0x000000008b800000, 0x000000008b900000, 0x000000008b900000|100%| O|  |TAMS 0x000000008b800000, 0x000000008b900000| Untracked 
| 185|0x000000008b900000, 0x000000008ba00000, 0x000000008ba00000|100%| O|  |TAMS 0x000000008b900000, 0x000000008ba00000| Untracked 
| 186|0x000000008ba00000, 0x000000008bb00000, 0x000000008bb00000|100%| O|  |TAMS 0x000000008ba00000, 0x000000008bb00000| Untracked 
| 187|0x000000008bb00000, 0x000000008bc00000, 0x000000008bc00000|100%| O|  |TAMS 0x000000008bb00000, 0x000000008bc00000| Untracked 
| 188|0x000000008bc00000, 0x000000008bd00000, 0x000000008bd00000|100%| O|  |TAMS 0x000000008bc00000, 0x000000008bd00000| Untracked 
| 189|0x000000008bd00000, 0x000000008be00000, 0x000000008be00000|100%| O|  |TAMS 0x000000008bd00000, 0x000000008be00000| Untracked 
| 190|0x000000008be00000, 0x000000008bf00000, 0x000000008bf00000|100%| O|  |TAMS 0x000000008be00000, 0x000000008bf00000| Untracked 
| 191|0x000000008bf00000, 0x000000008c000000, 0x000000008c000000|100%| O|  |TAMS 0x000000008bf00000, 0x000000008c000000| Untracked 
| 192|0x000000008c000000, 0x000000008c100000, 0x000000008c100000|100%| O|  |TAMS 0x000000008c000000, 0x000000008c100000| Untracked 
| 193|0x000000008c100000, 0x000000008c200000, 0x000000008c200000|100%| O|  |TAMS 0x000000008c100000, 0x000000008c200000| Untracked 
| 194|0x000000008c200000, 0x000000008c300000, 0x000000008c300000|100%| O|  |TAMS 0x000000008c200000, 0x000000008c300000| Untracked 
| 195|0x000000008c300000, 0x000000008c400000, 0x000000008c400000|100%| O|  |TAMS 0x000000008c300000, 0x000000008c400000| Untracked 
| 196|0x000000008c400000, 0x000000008c500000, 0x000000008c500000|100%| O|  |TAMS 0x000000008c400000, 0x000000008c500000| Untracked 
| 197|0x000000008c500000, 0x000000008c600000, 0x000000008c600000|100%| O|  |TAMS 0x000000008c500000, 0x000000008c600000| Untracked 
| 198|0x000000008c600000, 0x000000008c700000, 0x000000008c700000|100%| O|  |TAMS 0x000000008c600000, 0x000000008c700000| Untracked 
| 199|0x000000008c700000, 0x000000008c800000, 0x000000008c800000|100%| O|  |TAMS 0x000000008c700000, 0x000000008c800000| Untracked 
| 200|0x000000008c800000, 0x000000008c900000, 0x000000008c900000|100%| O|  |TAMS 0x000000008c800000, 0x000000008c900000| Untracked 
| 201|0x000000008c900000, 0x000000008ca00000, 0x000000008ca00000|100%| O|  |TAMS 0x000000008c900000, 0x000000008ca00000| Untracked 
| 202|0x000000008ca00000, 0x000000008cb00000, 0x000000008cb00000|100%| O|  |TAMS 0x000000008ca00000, 0x000000008cb00000| Untracked 
| 203|0x000000008cb00000, 0x000000008cc00000, 0x000000008cc00000|100%| O|  |TAMS 0x000000008cb00000, 0x000000008cc00000| Untracked 
| 204|0x000000008cc00000, 0x000000008cd00000, 0x000000008cd00000|100%| O|  |TAMS 0x000000008cc00000, 0x000000008cd00000| Untracked 
| 205|0x000000008cd00000, 0x000000008ce00000, 0x000000008ce00000|100%| O|  |TAMS 0x000000008cd00000, 0x000000008ce00000| Untracked 
| 206|0x000000008ce00000, 0x000000008cf00000, 0x000000008cf00000|100%| O|  |TAMS 0x000000008ce00000, 0x000000008cf00000| Untracked 
| 207|0x000000008cf00000, 0x000000008d000000, 0x000000008d000000|100%| O|  |TAMS 0x000000008cf00000, 0x000000008d000000| Untracked 
| 208|0x000000008d000000, 0x000000008d100000, 0x000000008d100000|100%| O|  |TAMS 0x000000008d000000, 0x000000008d100000| Untracked 
| 209|0x000000008d100000, 0x000000008d200000, 0x000000008d200000|100%| O|  |TAMS 0x000000008d100000, 0x000000008d200000| Untracked 
| 210|0x000000008d200000, 0x000000008d300000, 0x000000008d300000|100%| O|  |TAMS 0x000000008d200000, 0x000000008d300000| Untracked 
| 211|0x000000008d300000, 0x000000008d400000, 0x000000008d400000|100%| O|  |TAMS 0x000000008d300000, 0x000000008d400000| Untracked 
| 212|0x000000008d400000, 0x000000008d500000, 0x000000008d500000|100%| O|  |TAMS 0x000000008d400000, 0x000000008d500000| Untracked 
| 213|0x000000008d500000, 0x000000008d600000, 0x000000008d600000|100%| O|  |TAMS 0x000000008d500000, 0x000000008d600000| Untracked 
| 214|0x000000008d600000, 0x000000008d700000, 0x000000008d700000|100%| O|  |TAMS 0x000000008d600000, 0x000000008d700000| Untracked 
| 215|0x000000008d700000, 0x000000008d800000, 0x000000008d800000|100%| O|  |TAMS 0x000000008d700000, 0x000000008d800000| Untracked 
| 216|0x000000008d800000, 0x000000008d900000, 0x000000008d900000|100%| O|  |TAMS 0x000000008d800000, 0x000000008d900000| Untracked 
| 217|0x000000008d900000, 0x000000008da00000, 0x000000008da00000|100%| O|  |TAMS 0x000000008d900000, 0x000000008da00000| Untracked 
| 218|0x000000008da00000, 0x000000008db00000, 0x000000008db00000|100%| O|  |TAMS 0x000000008da00000, 0x000000008db00000| Untracked 
| 219|0x000000008db00000, 0x000000008dc00000, 0x000000008dc00000|100%| O|  |TAMS 0x000000008db00000, 0x000000008dc00000| Untracked 
| 220|0x000000008dc00000, 0x000000008dd00000, 0x000000008dd00000|100%| O|  |TAMS 0x000000008dc00000, 0x000000008dd00000| Untracked 
| 221|0x000000008dd00000, 0x000000008de00000, 0x000000008de00000|100%| O|  |TAMS 0x000000008dd00000, 0x000000008de00000| Untracked 
| 222|0x000000008de00000, 0x000000008df00000, 0x000000008df00000|100%| O|  |TAMS 0x000000008de00000, 0x000000008df00000| Untracked 
| 223|0x000000008df00000, 0x000000008e000000, 0x000000008e000000|100%| O|  |TAMS 0x000000008df00000, 0x000000008e000000| Untracked 
| 224|0x000000008e000000, 0x000000008e100000, 0x000000008e100000|100%| O|  |TAMS 0x000000008e000000, 0x000000008e100000| Untracked 
| 225|0x000000008e100000, 0x000000008e200000, 0x000000008e200000|100%| O|  |TAMS 0x000000008e100000, 0x000000008e200000| Untracked 
| 226|0x000000008e200000, 0x000000008e300000, 0x000000008e300000|100%| O|  |TAMS 0x000000008e200000, 0x000000008e300000| Untracked 
| 227|0x000000008e300000, 0x000000008e400000, 0x000000008e400000|100%| O|  |TAMS 0x000000008e300000, 0x000000008e400000| Untracked 
| 228|0x000000008e400000, 0x000000008e500000, 0x000000008e500000|100%| O|  |TAMS 0x000000008e400000, 0x000000008e500000| Untracked 
| 229|0x000000008e500000, 0x000000008e600000, 0x000000008e600000|100%| O|  |TAMS 0x000000008e500000, 0x000000008e600000| Untracked 
| 230|0x000000008e600000, 0x000000008e700000, 0x000000008e700000|100%| O|  |TAMS 0x000000008e600000, 0x000000008e700000| Untracked 
| 231|0x000000008e700000, 0x000000008e800000, 0x000000008e800000|100%| O|  |TAMS 0x000000008e700000, 0x000000008e800000| Untracked 
| 232|0x000000008e800000, 0x000000008e900000, 0x000000008e900000|100%| O|  |TAMS 0x000000008e800000, 0x000000008e900000| Untracked 
| 233|0x000000008e900000, 0x000000008ea00000, 0x000000008ea00000|100%| O|  |TAMS 0x000000008e900000, 0x000000008ea00000| Untracked 
| 234|0x000000008ea00000, 0x000000008eb00000, 0x000000008eb00000|100%| O|  |TAMS 0x000000008ea00000, 0x000000008eb00000| Untracked 
| 235|0x000000008eb00000, 0x000000008ec00000, 0x000000008ec00000|100%| O|  |TAMS 0x000000008eb00000, 0x000000008ec00000| Untracked 
| 236|0x000000008ec00000, 0x000000008ed00000, 0x000000008ed00000|100%| O|  |TAMS 0x000000008ec00000, 0x000000008ed00000| Untracked 
| 237|0x000000008ed00000, 0x000000008ee00000, 0x000000008ee00000|100%| O|  |TAMS 0x000000008ed00000, 0x000000008ee00000| Untracked 
| 238|0x000000008ee00000, 0x000000008ef00000, 0x000000008ef00000|100%| O|  |TAMS 0x000000008ee00000, 0x000000008ef00000| Untracked 
| 239|0x000000008ef00000, 0x000000008f000000, 0x000000008f000000|100%| O|  |TAMS 0x000000008ef00000, 0x000000008f000000| Untracked 
| 240|0x000000008f000000, 0x000000008f100000, 0x000000008f100000|100%| O|  |TAMS 0x000000008f000000, 0x000000008f100000| Untracked 
| 241|0x000000008f100000, 0x000000008f200000, 0x000000008f200000|100%| O|  |TAMS 0x000000008f100000, 0x000000008f200000| Untracked 
| 242|0x000000008f200000, 0x000000008f300000, 0x000000008f300000|100%| O|  |TAMS 0x000000008f200000, 0x000000008f300000| Untracked 
| 243|0x000000008f300000, 0x000000008f400000, 0x000000008f400000|100%| O|  |TAMS 0x000000008f300000, 0x000000008f400000| Untracked 
| 244|0x000000008f400000, 0x000000008f500000, 0x000000008f500000|100%| O|  |TAMS 0x000000008f400000, 0x000000008f4ef000| Untracked 
| 245|0x000000008f500000, 0x000000008f600000, 0x000000008f600000|100%| O|  |TAMS 0x000000008f500000, 0x000000008f500000| Untracked 
| 246|0x000000008f600000, 0x000000008f700000, 0x000000008f700000|100%| O|  |TAMS 0x000000008f600000, 0x000000008f600000| Untracked 
| 247|0x000000008f700000, 0x000000008f800000, 0x000000008f800000|100%| O|  |TAMS 0x000000008f700000, 0x000000008f700000| Untracked 
| 248|0x000000008f800000, 0x000000008f900000, 0x000000008f900000|100%| O|  |TAMS 0x000000008f800000, 0x000000008f800000| Untracked 
| 249|0x000000008f900000, 0x000000008f9dd400, 0x000000008fa00000| 86%| O|  |TAMS 0x000000008f900000, 0x000000008f900000| Untracked 
| 250|0x000000008fa00000, 0x000000008fa00000, 0x000000008fb00000|  0%| F|  |TAMS 0x000000008fa00000, 0x000000008fa00000| Untracked 
| 251|0x000000008fb00000, 0x000000008fb00000, 0x000000008fc00000|  0%| F|  |TAMS 0x000000008fb00000, 0x000000008fb00000| Untracked 
| 252|0x000000008fc00000, 0x000000008fc00000, 0x000000008fd00000|  0%| F|  |TAMS 0x000000008fc00000, 0x000000008fc00000| Untracked 
| 253|0x000000008fd00000, 0x000000008fd00000, 0x000000008fe00000|  0%| F|  |TAMS 0x000000008fd00000, 0x000000008fd00000| Untracked 
| 254|0x000000008fe00000, 0x000000008fe00000, 0x000000008ff00000|  0%| F|  |TAMS 0x000000008fe00000, 0x000000008fe00000| Untracked 
| 255|0x000000008ff00000, 0x000000008ff00000, 0x0000000090000000|  0%| F|  |TAMS 0x000000008ff00000, 0x000000008ff00000| Untracked 
| 256|0x0000000090000000, 0x0000000090000000, 0x0000000090100000|  0%| F|  |TAMS 0x0000000090000000, 0x0000000090000000| Untracked 
| 257|0x0000000090100000, 0x0000000090100000, 0x0000000090200000|  0%| F|  |TAMS 0x0000000090100000, 0x0000000090100000| Untracked 
| 258|0x0000000090200000, 0x0000000090200000, 0x0000000090300000|  0%| F|  |TAMS 0x0000000090200000, 0x0000000090200000| Untracked 
| 259|0x0000000090300000, 0x0000000090300000, 0x0000000090400000|  0%| F|  |TAMS 0x0000000090300000, 0x0000000090300000| Untracked 
| 260|0x0000000090400000, 0x0000000090400000, 0x0000000090500000|  0%| F|  |TAMS 0x0000000090400000, 0x0000000090400000| Untracked 
| 261|0x0000000090500000, 0x0000000090500000, 0x0000000090600000|  0%| F|  |TAMS 0x0000000090500000, 0x0000000090500000| Untracked 
| 262|0x0000000090600000, 0x0000000090600000, 0x0000000090700000|  0%| F|  |TAMS 0x0000000090600000, 0x0000000090600000| Untracked 
| 263|0x0000000090700000, 0x0000000090700000, 0x0000000090800000|  0%| F|  |TAMS 0x0000000090700000, 0x0000000090700000| Untracked 
| 264|0x0000000090800000, 0x0000000090800000, 0x0000000090900000|  0%| F|  |TAMS 0x0000000090800000, 0x0000000090800000| Untracked 
| 265|0x0000000090900000, 0x0000000090900000, 0x0000000090a00000|  0%| F|  |TAMS 0x0000000090900000, 0x0000000090900000| Untracked 
| 266|0x0000000090a00000, 0x0000000090a00000, 0x0000000090b00000|  0%| F|  |TAMS 0x0000000090a00000, 0x0000000090a00000| Untracked 
| 267|0x0000000090b00000, 0x0000000090b00000, 0x0000000090c00000|  0%| F|  |TAMS 0x0000000090b00000, 0x0000000090b00000| Untracked 
| 268|0x0000000090c00000, 0x0000000090c00000, 0x0000000090d00000|  0%| F|  |TAMS 0x0000000090c00000, 0x0000000090c00000| Untracked 
| 269|0x0000000090d00000, 0x0000000090d00000, 0x0000000090e00000|  0%| F|  |TAMS 0x0000000090d00000, 0x0000000090d00000| Untracked 
| 270|0x0000000090e00000, 0x0000000090e00000, 0x0000000090f00000|  0%| F|  |TAMS 0x0000000090e00000, 0x0000000090e00000| Untracked 
| 271|0x0000000090f00000, 0x0000000090f00000, 0x0000000091000000|  0%| F|  |TAMS 0x0000000090f00000, 0x0000000090f00000| Untracked 
| 272|0x0000000091000000, 0x0000000091000000, 0x0000000091100000|  0%| F|  |TAMS 0x0000000091000000, 0x0000000091000000| Untracked 
| 273|0x0000000091100000, 0x0000000091100000, 0x0000000091200000|  0%| F|  |TAMS 0x0000000091100000, 0x0000000091100000| Untracked 
| 274|0x0000000091200000, 0x0000000091200000, 0x0000000091300000|  0%| F|  |TAMS 0x0000000091200000, 0x0000000091200000| Untracked 
| 275|0x0000000091300000, 0x0000000091300000, 0x0000000091400000|  0%| F|  |TAMS 0x0000000091300000, 0x0000000091300000| Untracked 
| 276|0x0000000091400000, 0x0000000091400000, 0x0000000091500000|  0%| F|  |TAMS 0x0000000091400000, 0x0000000091400000| Untracked 
| 277|0x0000000091500000, 0x0000000091500000, 0x0000000091600000|  0%| F|  |TAMS 0x0000000091500000, 0x0000000091500000| Untracked 
| 278|0x0000000091600000, 0x0000000091600000, 0x0000000091700000|  0%| F|  |TAMS 0x0000000091600000, 0x0000000091600000| Untracked 
| 279|0x0000000091700000, 0x0000000091700000, 0x0000000091800000|  0%| F|  |TAMS 0x0000000091700000, 0x0000000091700000| Untracked 
| 280|0x0000000091800000, 0x0000000091800000, 0x0000000091900000|  0%| F|  |TAMS 0x0000000091800000, 0x0000000091800000| Untracked 
| 281|0x0000000091900000, 0x0000000091900000, 0x0000000091a00000|  0%| F|  |TAMS 0x0000000091900000, 0x0000000091900000| Untracked 
| 282|0x0000000091a00000, 0x0000000091a00000, 0x0000000091b00000|  0%| F|  |TAMS 0x0000000091a00000, 0x0000000091a00000| Untracked 
| 283|0x0000000091b00000, 0x0000000091b00000, 0x0000000091c00000|  0%| F|  |TAMS 0x0000000091b00000, 0x0000000091b00000| Untracked 
| 284|0x0000000091c00000, 0x0000000091c00000, 0x0000000091d00000|  0%| F|  |TAMS 0x0000000091c00000, 0x0000000091c00000| Untracked 
| 285|0x0000000091d00000, 0x0000000091d00000, 0x0000000091e00000|  0%| F|  |TAMS 0x0000000091d00000, 0x0000000091d00000| Untracked 
| 286|0x0000000091e00000, 0x0000000091e00000, 0x0000000091f00000|  0%| F|  |TAMS 0x0000000091e00000, 0x0000000091e00000| Untracked 
| 287|0x0000000091f00000, 0x0000000091f00000, 0x0000000092000000|  0%| F|  |TAMS 0x0000000091f00000, 0x0000000091f00000| Untracked 
| 288|0x0000000092000000, 0x0000000092000000, 0x0000000092100000|  0%| F|  |TAMS 0x0000000092000000, 0x0000000092000000| Untracked 
| 289|0x0000000092100000, 0x0000000092100000, 0x0000000092200000|  0%| F|  |TAMS 0x0000000092100000, 0x0000000092100000| Untracked 
| 290|0x0000000092200000, 0x0000000092200000, 0x0000000092300000|  0%| F|  |TAMS 0x0000000092200000, 0x0000000092200000| Untracked 
| 291|0x0000000092300000, 0x00000000923cff10, 0x0000000092400000| 81%| S|CS|TAMS 0x0000000092300000, 0x0000000092300000| Complete 
| 292|0x0000000092400000, 0x0000000092400000, 0x0000000092500000|  0%| F|  |TAMS 0x0000000092400000, 0x0000000092400000| Untracked 
| 293|0x0000000092500000, 0x0000000092500000, 0x0000000092600000|  0%| F|  |TAMS 0x0000000092500000, 0x0000000092500000| Untracked 
| 294|0x0000000092600000, 0x0000000092600000, 0x0000000092700000|  0%| F|  |TAMS 0x0000000092600000, 0x0000000092600000| Untracked 
| 295|0x0000000092700000, 0x0000000092700000, 0x0000000092800000|  0%| F|  |TAMS 0x0000000092700000, 0x0000000092700000| Untracked 
| 296|0x0000000092800000, 0x0000000092800000, 0x0000000092900000|  0%| F|  |TAMS 0x0000000092800000, 0x0000000092800000| Untracked 
| 297|0x0000000092900000, 0x0000000092900000, 0x0000000092a00000|  0%| F|  |TAMS 0x0000000092900000, 0x0000000092900000| Untracked 
| 298|0x0000000092a00000, 0x0000000092a00000, 0x0000000092b00000|  0%| F|  |TAMS 0x0000000092a00000, 0x0000000092a00000| Untracked 
| 299|0x0000000092b00000, 0x0000000092b00000, 0x0000000092c00000|  0%| F|  |TAMS 0x0000000092b00000, 0x0000000092b00000| Untracked 
| 300|0x0000000092c00000, 0x0000000092c00000, 0x0000000092d00000|  0%| F|  |TAMS 0x0000000092c00000, 0x0000000092c00000| Untracked 
| 301|0x0000000092d00000, 0x0000000092d00000, 0x0000000092e00000|  0%| F|  |TAMS 0x0000000092d00000, 0x0000000092d00000| Untracked 
| 302|0x0000000092e00000, 0x0000000092e00000, 0x0000000092f00000|  0%| F|  |TAMS 0x0000000092e00000, 0x0000000092e00000| Untracked 
| 303|0x0000000092f00000, 0x0000000092f00000, 0x0000000093000000|  0%| F|  |TAMS 0x0000000092f00000, 0x0000000092f00000| Untracked 
| 304|0x0000000093000000, 0x0000000093000000, 0x0000000093100000|  0%| F|  |TAMS 0x0000000093000000, 0x0000000093000000| Untracked 

Card table byte_map: [0x000001a1e5f20000,0x000001a1e6320000] _byte_map_base: 0x000001a1e5b20000

Marking Bits (Prev, Next): (CMBitMap*) 0x000001a1d305c108, (CMBitMap*) 0x000001a1d305c140
 Prev Bits: [0x000001a1e6720000, 0x000001a1e8720000)
 Next Bits: [0x000001a1e8720000, 0x000001a1ea720000)

Polling page: 0x000001a1d0f10000

Metaspace:

Usage:
  Non-class:     72.83 MB capacity,    71.33 MB ( 98%) used,     1.29 MB (  2%) free+waste,   214.38 KB ( <1%) overhead. 
      Class:     11.46 MB capacity,    10.65 MB ( 93%) used,   730.74 KB (  6%) free+waste,    98.06 KB ( <1%) overhead. 
       Both:     84.29 MB capacity,    81.98 MB ( 97%) used,     2.00 MB (  2%) free+waste,   312.44 KB ( <1%) overhead. 

Virtual space:
  Non-class space:       74.00 MB reserved,      73.08 MB ( 99%) committed 
      Class space:        1.00 GB reserved,      11.50 MB (  1%) committed 
             Both:        1.07 GB reserved,      84.58 MB (  8%) committed 

Chunk freelists:
   Non-Class:  0 bytes
       Class:  12.00 KB
        Both:  12.00 KB

MaxMetaspaceSize: 17179869184.00 GB
CompressedClassSpaceSize: 1.00 GB
Initial GC threshold: 20.80 MB
Current GC threshold: 138.26 MB
CDS: off

CodeHeap 'non-profiled nmethods': size=120064Kb used=8407Kb max_used=8407Kb free=111656Kb
 bounds [0x000001a1de5e0000, 0x000001a1dee20000, 0x000001a1e5b20000]
CodeHeap 'profiled nmethods': size=120000Kb used=25711Kb max_used=25711Kb free=94288Kb
 bounds [0x000001a1d70b0000, 0x000001a1d89d0000, 0x000001a1de5e0000]
CodeHeap 'non-nmethods': size=5696Kb used=2363Kb max_used=2423Kb free=3332Kb
 bounds [0x000001a1d6b20000, 0x000001a1d6d90000, 0x000001a1d70b0000]
 total_blobs=12547 nmethods=11675 adapters=784
 compilation: enabled
              stopped_count=0, restarted_count=0
 full_count=0

Compilation events (20 events):
Event: 21.456 Thread 0x000001a1ed4ed800 11733       3       com.android.tools.r8.dex.P$g::a (36 bytes)
Event: 21.456 Thread 0x000001a1ed4ed800 nmethod 11733 0x000001a1d89c7d10 code [0x000001a1d89c7ee0, 0x000001a1d89c81a8]
Event: 21.456 Thread 0x000001a1ed4ed800 11735       3       com.android.tools.r8.dex.P$g$$Lambda$733/0x0000000100b6f040::apply (15 bytes)
Event: 21.457 Thread 0x000001a1ed4ed800 nmethod 11735 0x000001a1d89c8290 code [0x000001a1d89c8480, 0x000001a1d89c8868]
Event: 21.457 Thread 0x000001a1ed4ed800 11736       3       com.android.tools.r8.dex.P$g$$Lambda$734/0x0000000100b6f440::apply (15 bytes)
Event: 21.457 Thread 0x000001a1ed4ed800 nmethod 11736 0x000001a1d89c8a10 code [0x000001a1d89c8c00, 0x000001a1d89c8fe8]
Event: 21.458 Thread 0x000001a1ed4ed800 11737       3       com.android.tools.r8.dex.P$g$$Lambda$735/0x0000000100b6e840::apply (15 bytes)
Event: 21.458 Thread 0x000001a1ed4ed800 nmethod 11737 0x000001a1d89c9190 code [0x000001a1d89c9380, 0x000001a1d89c9768]
Event: 21.459 Thread 0x000001a1ed4ed800 11738       3       com.android.tools.r8.dex.P$g$$Lambda$736/0x0000000100b6ec40::apply (15 bytes)
Event: 21.459 Thread 0x000001a1ed4ed800 nmethod 11738 0x000001a1d89c9910 code [0x000001a1d89c9b00, 0x000001a1d89c9ee8]
Event: 21.459 Thread 0x000001a1ed4ed800 11739       3       com.android.tools.r8.dex.P$g$$Lambda$737/0x0000000100b6e040::apply (15 bytes)
Event: 21.459 Thread 0x000001a1ed4ed800 nmethod 11739 0x000001a1d89ca090 code [0x000001a1d89ca280, 0x000001a1d89ca668]
Event: 21.460 Thread 0x000001a1ed4ed800 11740       3       com.android.tools.r8.graph.E::a (44 bytes)
Event: 21.461 Thread 0x000001a1ed4ed800 nmethod 11740 0x000001a1d89ca810 code [0x000001a1d89ca9e0, 0x000001a1d89cac08]
Event: 21.461 Thread 0x000001a1ed4ed800 11742       3       com.android.tools.r8.dex.P$g::getRenamedDescriptor (9 bytes)
Event: 21.461 Thread 0x000001a1ed4ed800 nmethod 11742 0x000001a1d89cad10 code [0x000001a1d89caec0, 0x000001a1d89cb088]
Event: 21.462 Thread 0x000001a1ed4ed800 11743       3       com.android.tools.r8.naming.I$b::a (5 bytes)
Event: 21.462 Thread 0x000001a1ed4ed800 nmethod 11743 0x000001a1d89cb190 code [0x000001a1d89cb340, 0x000001a1d89cb438]
Event: 21.462 Thread 0x000001a1ed4ed800 11744       3       com.android.tools.r8.graph.h0$d::collectIndexedItems (9 bytes)
Event: 21.463 Thread 0x000001a1ed4ed800 nmethod 11744 0x000001a1d89cb510 code [0x000001a1d89cb720, 0x000001a1d89cbcc8]

GC Heap History (20 events):
Event: 20.441 GC heap after
{Heap after GC invocations=26 (full 0):
 garbage-first heap   total 260096K, used 192000K [0x0000000080000000, 0x0000000100000000)
  region size 1024K, 5 young (5120K), 5 survivors (5120K)
 Metaspace       used 82503K, capacity 84834K, committed 84944K, reserved 1122304K
  class space    used 10724K, capacity 11541K, committed 11648K, reserved 1048576K
}
Event: 20.525 GC heap before
{Heap before GC invocations=26 (full 0):
 garbage-first heap   total 260096K, used 211456K [0x0000000080000000, 0x0000000100000000)
  region size 1024K, 24 young (24576K), 5 survivors (5120K)
 Metaspace       used 82509K, capacity 84834K, committed 84944K, reserved 1122304K
  class space    used 10724K, capacity 11541K, committed 11648K, reserved 1048576K
}
Event: 20.540 GC heap after
{Heap after GC invocations=27 (full 0):
 garbage-first heap   total 260096K, used 204288K [0x0000000080000000, 0x0000000100000000)
  region size 1024K, 3 young (3072K), 3 survivors (3072K)
 Metaspace       used 82509K, capacity 84834K, committed 84944K, reserved 1122304K
  class space    used 10724K, capacity 11541K, committed 11648K, reserved 1048576K
}
Event: 20.572 GC heap before
{Heap before GC invocations=27 (full 0):
 garbage-first heap   total 260096K, used 217600K [0x0000000080000000, 0x0000000100000000)
  region size 1024K, 16 young (16384K), 3 survivors (3072K)
 Metaspace       used 82512K, capacity 84834K, committed 84944K, reserved 1122304K
  class space    used 10724K, capacity 11541K, committed 11648K, reserved 1048576K
}
Event: 20.581 GC heap after
{Heap after GC invocations=28 (full 0):
 garbage-first heap   total 260096K, used 212992K [0x0000000080000000, 0x0000000100000000)
  region size 1024K, 2 young (2048K), 2 survivors (2048K)
 Metaspace       used 82512K, capacity 84834K, committed 84944K, reserved 1122304K
  class space    used 10724K, capacity 11541K, committed 11648K, reserved 1048576K
}
Event: 20.639 GC heap before
{Heap before GC invocations=28 (full 0):
 garbage-first heap   total 260096K, used 223232K [0x0000000080000000, 0x0000000100000000)
  region size 1024K, 12 young (12288K), 2 survivors (2048K)
 Metaspace       used 82538K, capacity 84834K, committed 84944K, reserved 1122304K
  class space    used 10724K, capacity 11541K, committed 11648K, reserved 1048576K
}
Event: 20.647 GC heap after
{Heap after GC invocations=29 (full 0):
 garbage-first heap   total 260096K, used 219634K [0x0000000080000000, 0x0000000100000000)
  region size 1024K, 2 young (2048K), 2 survivors (2048K)
 Metaspace       used 82538K, capacity 84834K, committed 84944K, reserved 1122304K
  class space    used 10724K, capacity 11541K, committed 11648K, reserved 1048576K
}
Event: 20.686 GC heap before
{Heap before GC invocations=29 (full 0):
 garbage-first heap   total 260096K, used 229874K [0x0000000080000000, 0x0000000100000000)
  region size 1024K, 12 young (12288K), 2 survivors (2048K)
 Metaspace       used 82540K, capacity 84834K, committed 84944K, reserved 1122304K
  class space    used 10724K, capacity 11541K, committed 11648K, reserved 1048576K
}
Event: 20.693 GC heap after
{Heap after GC invocations=30 (full 0):
 garbage-first heap   total 260096K, used 225963K [0x0000000080000000, 0x0000000100000000)
  region size 1024K, 2 young (2048K), 2 survivors (2048K)
 Metaspace       used 82540K, capacity 84834K, committed 84944K, reserved 1122304K
  class space    used 10724K, capacity 11541K, committed 11648K, reserved 1048576K
}
Event: 20.774 GC heap before
{Heap before GC invocations=30 (full 0):
 garbage-first heap   total 260096K, used 236203K [0x0000000080000000, 0x0000000100000000)
  region size 1024K, 12 young (12288K), 2 survivors (2048K)
 Metaspace       used 82550K, capacity 84898K, committed 85200K, reserved 1122304K
  class space    used 10724K, capacity 11541K, committed 11648K, reserved 1048576K
}
Event: 20.789 GC heap after
{Heap after GC invocations=31 (full 0):
 garbage-first heap   total 260096K, used 232448K [0x0000000080000000, 0x0000000100000000)
  region size 1024K, 2 young (2048K), 2 survivors (2048K)
 Metaspace       used 82550K, capacity 84898K, committed 85200K, reserved 1122304K
  class space    used 10724K, capacity 11541K, committed 11648K, reserved 1048576K
}
Event: 20.858 GC heap before
{Heap before GC invocations=31 (full 0):
 garbage-first heap   total 260096K, used 242688K [0x0000000080000000, 0x0000000100000000)
  region size 1024K, 12 young (12288K), 2 survivors (2048K)
 Metaspace       used 82552K, capacity 84898K, committed 85200K, reserved 1122304K
  class space    used 10724K, capacity 11541K, committed 11648K, reserved 1048576K
}
Event: 20.868 GC heap after
{Heap after GC invocations=32 (full 0):
 garbage-first heap   total 312320K, used 238592K [0x0000000080000000, 0x0000000100000000)
  region size 1024K, 2 young (2048K), 2 survivors (2048K)
 Metaspace       used 82552K, capacity 84898K, committed 85200K, reserved 1122304K
  class space    used 10724K, capacity 11541K, committed 11648K, reserved 1048576K
}
Event: 21.079 GC heap before
{Heap before GC invocations=33 (full 0):
 garbage-first heap   total 312320K, used 254976K [0x0000000080000000, 0x0000000100000000)
  region size 1024K, 19 young (19456K), 2 survivors (2048K)
 Metaspace       used 83584K, capacity 85965K, committed 86096K, reserved 1124352K
  class space    used 10871K, capacity 11683K, committed 11776K, reserved 1048576K
}
Event: 21.094 GC heap after
{Heap after GC invocations=34 (full 0):
 garbage-first heap   total 312320K, used 247073K [0x0000000080000000, 0x0000000100000000)
  region size 1024K, 3 young (3072K), 3 survivors (3072K)
 Metaspace       used 83584K, capacity 85965K, committed 86096K, reserved 1124352K
  class space    used 10871K, capacity 11683K, committed 11776K, reserved 1048576K
}
Event: 21.222 GC heap before
{Heap before GC invocations=34 (full 0):
 garbage-first heap   total 312320K, used 259361K [0x0000000080000000, 0x0000000100000000)
  region size 1024K, 16 young (16384K), 3 survivors (3072K)
 Metaspace       used 83769K, capacity 86038K, committed 86352K, reserved 1124352K
  class space    used 10887K, capacity 11686K, committed 11776K, reserved 1048576K
}
Event: 21.238 GC heap after
{Heap after GC invocations=35 (full 0):
 garbage-first heap   total 312320K, used 252860K [0x0000000080000000, 0x0000000100000000)
  region size 1024K, 2 young (2048K), 2 survivors (2048K)
 Metaspace       used 83769K, capacity 86038K, committed 86352K, reserved 1124352K
  class space    used 10887K, capacity 11686K, committed 11776K, reserved 1048576K
}
Event: 21.320 GC heap before
{Heap before GC invocations=35 (full 0):
 garbage-first heap   total 312320K, used 266172K [0x0000000080000000, 0x0000000100000000)
  region size 1024K, 15 young (15360K), 2 survivors (2048K)
 Metaspace       used 83845K, capacity 86169K, committed 86352K, reserved 1124352K
  class space    used 10898K, capacity 11729K, committed 11776K, reserved 1048576K
}
Event: 21.327 GC heap after
{Heap after GC invocations=36 (full 0):
 garbage-first heap   total 312320K, used 256000K [0x0000000080000000, 0x0000000100000000)
  region size 1024K, 2 young (2048K), 2 survivors (2048K)
 Metaspace       used 83845K, capacity 86169K, committed 86352K, reserved 1124352K
  class space    used 10898K, capacity 11729K, committed 11776K, reserved 1048576K
}
Event: 21.464 GC heap before
{Heap before GC invocations=36 (full 0):
 garbage-first heap   total 312320K, used 269312K [0x0000000080000000, 0x0000000100000000)
  region size 1024K, 15 young (15360K), 2 survivors (2048K)
 Metaspace       used 83947K, capacity 86313K, committed 86608K, reserved 1124352K
  class space    used 10903K, capacity 11732K, committed 11776K, reserved 1048576K
}

Deoptimization events (20 events):
Event: 21.189 Thread 0x000001a1f1c04000 Uncommon trap: trap_request=0xffffff4d fr.pc=0x000001a1ded619c8 relative=0x0000000000000088
Event: 21.189 Thread 0x000001a1f1c04000 Uncommon trap: reason=unstable_if action=reinterpret pc=0x000001a1ded619c8 method=com.android.tools.r8.s.a.b.m.a.p()Lcom/android/tools/r8/s/a/b/m/b; @ 15 c2
Event: 21.189 Thread 0x000001a1f1c04000 DEOPT PACKING pc=0x000001a1ded619c8 sp=0x00000048445fd8b0
Event: 21.189 Thread 0x000001a1f1c04000 DEOPT UNPACKING pc=0x000001a1d6b6a1af sp=0x00000048445fd838 mode 2
Event: 21.209 Thread 0x000001a1f1c04000 Uncommon trap: trap_request=0xffffff4d fr.pc=0x000001a1deddd5ac relative=0x000000000000028c
Event: 21.209 Thread 0x000001a1f1c04000 Uncommon trap: reason=unstable_if action=reinterpret pc=0x000001a1deddd5ac method=java.util.concurrent.ConcurrentHashMap$Traverser.advance()Ljava/util/concurrent/ConcurrentHashMap$Node; @ 84 c2
Event: 21.209 Thread 0x000001a1f1c04000 DEOPT PACKING pc=0x000001a1deddd5ac sp=0x00000048445fd9f0
Event: 21.209 Thread 0x000001a1f1c04000 DEOPT UNPACKING pc=0x000001a1d6b6a1af sp=0x00000048445fd998 mode 2
Event: 21.253 Thread 0x000001a1f1c04000 DEOPT PACKING pc=0x000001a1d87c24b1 sp=0x00000048445fda20
Event: 21.253 Thread 0x000001a1f1c04000 DEOPT UNPACKING pc=0x000001a1d6b6a95e sp=0x00000048445fcf48 mode 0
Event: 21.254 Thread 0x000001a1f1c04000 DEOPT PACKING pc=0x000001a1d87c24b1 sp=0x00000048445fda00
Event: 21.254 Thread 0x000001a1f1c04000 DEOPT UNPACKING pc=0x000001a1d6b6a95e sp=0x00000048445fcf28 mode 0
Event: 21.255 Thread 0x000001a1f1c04000 DEOPT PACKING pc=0x000001a1d87c24b1 sp=0x00000048445fda00
Event: 21.255 Thread 0x000001a1f1c04000 DEOPT UNPACKING pc=0x000001a1d6b6a95e sp=0x00000048445fcf28 mode 0
Event: 21.256 Thread 0x000001a1f1c04000 DEOPT PACKING pc=0x000001a1d87c24b1 sp=0x00000048445fda00
Event: 21.256 Thread 0x000001a1f1c04000 DEOPT UNPACKING pc=0x000001a1d6b6a95e sp=0x00000048445fcf28 mode 0
Event: 21.259 Thread 0x000001a1f1c04000 DEOPT PACKING pc=0x000001a1d87c24b1 sp=0x00000048445fda20
Event: 21.259 Thread 0x000001a1f1c04000 DEOPT UNPACKING pc=0x000001a1d6b6a95e sp=0x00000048445fcf48 mode 0
Event: 21.261 Thread 0x000001a1f1c04000 DEOPT PACKING pc=0x000001a1d87c24b1 sp=0x00000048445fda00
Event: 21.261 Thread 0x000001a1f1c04000 DEOPT UNPACKING pc=0x000001a1d6b6a95e sp=0x00000048445fcf28 mode 0

Classes redefined (0 events):
No events

Internal exceptions (20 events):
Event: 17.840 Thread 0x000001a1f1bfb000 Exception <a 'sun/nio/fs/WindowsException'{0x000000008eecca00}> (0x000000008eecca00) thrown at [./src/hotspot/share/prims/jni.cpp, line 615]
Event: 17.841 Thread 0x000001a1f1bfb000 Exception <a 'sun/nio/fs/WindowsException'{0x000000008eecd368}> (0x000000008eecd368) thrown at [./src/hotspot/share/prims/jni.cpp, line 615]
Event: 17.841 Thread 0x000001a1f1bfb000 Exception <a 'sun/nio/fs/WindowsException'{0x000000008eecdd50}> (0x000000008eecdd50) thrown at [./src/hotspot/share/prims/jni.cpp, line 615]
Event: 17.841 Thread 0x000001a1f1bfb000 Exception <a 'sun/nio/fs/WindowsException'{0x000000008eecf900}> (0x000000008eecf900) thrown at [./src/hotspot/share/prims/jni.cpp, line 615]
Event: 17.841 Thread 0x000001a1f1bfb000 Exception <a 'sun/nio/fs/WindowsException'{0x000000008eed0278}> (0x000000008eed0278) thrown at [./src/hotspot/share/prims/jni.cpp, line 615]
Event: 17.841 Thread 0x000001a1f1bfb000 Exception <a 'sun/nio/fs/WindowsException'{0x000000008eed0c70}> (0x000000008eed0c70) thrown at [./src/hotspot/share/prims/jni.cpp, line 615]
Event: 18.892 Thread 0x000001a1f1bfb000 Exception <a 'java/lang/NoSuchMethodError'{0x00000000897e7920}: <clinit>> (0x00000000897e7920) thrown at [./src/hotspot/share/prims/jni.cpp, line 1365]
Event: 19.410 Thread 0x000001a1f1c04000 Exception <a 'sun/nio/fs/WindowsException'{0x000000008e4c18c8}> (0x000000008e4c18c8) thrown at [./src/hotspot/share/prims/jni.cpp, line 615]
Event: 19.525 Thread 0x000001a1f1c04000 Exception <a 'java/lang/NoSuchMethodError'{0x000000008df48870}: 'java.lang.Object java.lang.invoke.DirectMethodHandle$Holder.invokeStatic(java.lang.Object, java.lang.Object, java.lang.Object, java.lang.Object, java.lang.Object, java.lang.Object, java.lang.Object, java.lang.Object, java.lang.Object, java.lang.Object, java.lang.Object, java.lang.Object, java.lang.Object, java.lang.Object, java.lang.Object, java.lang.Object, java.lang.Object, int, java.lang.Object)'> (0x000000008df48870) thrown at [./src/hots
Event: 19.525 Thread 0x000001a1f1c04000 Exception <a 'java/lang/NoSuchMethodError'{0x000000008df4e438}: 'java.lang.Object java.lang.invoke.DirectMethodHandle$Holder.invokeStaticInit(java.lang.Object, java.lang.Object, java.lang.Object, java.lang.Object, java.lang.Object, java.lang.Object, java.lang.Object, java.lang.Object, java.lang.Object, java.lang.Object, java.lang.Object, java.lang.Object, java.lang.Object, java.lang.Object, java.lang.Object, java.lang.Object, java.lang.Object, int, java.lang.Object)'> (0x000000008df4e438) thrown at [./src/
Event: 20.114 Thread 0x000001a1f2e15000 Exception <a 'java/lang/NoSuchMethodError'{0x000000008d9bff28}: 'java.lang.Object java.lang.invoke.DirectMethodHandle$Holder.newInvokeSpecial(java.lang.Object, int)'> (0x000000008d9bff28) thrown at [./src/hotspot/share/interpreter/linkResolver.cpp, line 773]
Event: 20.158 Thread 0x000001a1f2e15000 Implicit null exception at 0x000001a1de86532f to 0x000001a1de865420
Event: 20.158 Thread 0x000001a1f2e10800 Implicit null exception at 0x000001a1de86532f to 0x000001a1de865420
Event: 20.158 Thread 0x000001a1f2e1b800 Implicit null exception at 0x000001a1de86532f to 0x000001a1de865420
Event: 20.158 Thread 0x000001a1f2e16000 Implicit null exception at 0x000001a1de86532f to 0x000001a1de865420
Event: 20.159 Thread 0x000001a1f2e10800 Exception <a 'java/lang/NoSuchMethodError'{0x000000008d984710}: 'long java.lang.invoke.DirectMethodHandle$Holder.invokeStatic(java.lang.Object, java.lang.Object, java.lang.Object)'> (0x000000008d984710) thrown at [./src/hotspot/share/interpreter/linkResolver.cpp, line 773]
Event: 20.997 Thread 0x000001a1f1c04000 Exception <a 'java/lang/NoSuchMethodError'{0x000000009246c870}: 'long java.lang.invoke.DirectMethodHandle$Holder.invokeStatic(java.lang.Object, java.lang.Object)'> (0x000000009246c870) thrown at [./src/hotspot/share/interpreter/linkResolver.cpp, line 773]
Event: 21.005 Thread 0x000001a1f2e15000 Exception <a 'java/lang/NoSuchMethodError'{0x0000000092897618}: 'void java.lang.invoke.DirectMethodHandle$Holder.invokeSpecial(java.lang.Object, java.lang.Object, int, java.lang.Object)'> (0x0000000092897618) thrown at [./src/hotspot/share/interpreter/linkResolver.cpp, line 773]
Event: 21.008 Thread 0x000001a1f2e10800 Exception <a 'java/lang/NoSuchMethodError'{0x0000000092f91478}: 'void java.lang.invoke.DirectMethodHandle$Holder.invokeSpecial(java.lang.Object, java.lang.Object, int, java.lang.Object)'> (0x0000000092f91478) thrown at [./src/hotspot/share/interpreter/linkResolver.cpp, line 773]
Event: 21.166 Thread 0x000001a1f1c04000 Implicit null exception at 0x000001a1ded66f1a to 0x000001a1ded67061

Events (20 events):
Event: 21.374 loading class com/android/tools/r8/s/a/a/b/O0 done
Event: 21.375 loading class com/android/tools/r8/s/a/a/b/K0
Event: 21.375 loading class com/android/tools/r8/s/a/a/b/K0 done
Event: 21.375 loading class com/android/tools/r8/dex/v
Event: 21.375 loading class com/android/tools/r8/dex/v done
Event: 21.375 loading class com/android/tools/r8/graph/V
Event: 21.375 loading class com/android/tools/r8/graph/V done
Event: 21.375 loading class com/android/tools/r8/dex/v
Event: 21.375 loading class com/android/tools/r8/dex/v done
Event: 21.381 loading class com/android/tools/r8/graph/H
Event: 21.381 loading class com/android/tools/r8/graph/H done
Event: 21.381 loading class com/android/tools/r8/graph/H
Event: 21.381 loading class com/android/tools/r8/graph/H done
Event: 21.382 loading class com/android/tools/r8/graph/H
Event: 21.382 loading class com/android/tools/r8/graph/H done
Event: 21.382 loading class com/android/tools/r8/graph/H
Event: 21.382 loading class com/android/tools/r8/graph/H done
Event: 21.382 loading class com/android/tools/r8/graph/H$h
Event: 21.382 loading class com/android/tools/r8/graph/H$h done
Event: 21.464 Executing VM operation: G1CollectForAllocation


Dynamic libraries:
0x00007ff618a90000 - 0x00007ff618a9a000 	C:\Program Files\Android\Android Studio1\jre\bin\java.exe
0x00007ffbc1750000 - 0x00007ffbc1948000 	C:\WINDOWS\SYSTEM32\ntdll.dll
0x00007ffbbfad0000 - 0x00007ffbbfb8d000 	C:\WINDOWS\System32\KERNEL32.DLL
0x00007ffbbf440000 - 0x00007ffbbf70e000 	C:\WINDOWS\System32\KERNELBASE.dll
0x0000000075b80000 - 0x0000000075c2f000 	C:\ProgramData\Symantec\Symantec Endpoint Protection\14.3.5413.3000.105\Data\Sysfer\x64\sysfer.dll
0x00007ffbbf2b0000 - 0x00007ffbbf3b0000 	C:\WINDOWS\System32\ucrtbase.dll
0x00007ffba6500000 - 0x00007ffba6517000 	C:\Program Files\Android\Android Studio1\jre\bin\VCRUNTIME140.dll
0x00007ffba2ff0000 - 0x00007ffba3009000 	C:\Program Files\Android\Android Studio1\jre\bin\jli.dll
0x00007ffbbf7b0000 - 0x00007ffbbf950000 	C:\WINDOWS\System32\USER32.dll
0x00007ffbab460000 - 0x00007ffbab6fa000 	C:\WINDOWS\WinSxS\amd64_microsoft.windows.common-controls_6595b64144ccf1df_6.0.19041.1110_none_60b5254171f9507e\COMCTL32.dll
0x00007ffbbefd0000 - 0x00007ffbbeff2000 	C:\WINDOWS\System32\win32u.dll
0x00007ffbc0810000 - 0x00007ffbc08ae000 	C:\WINDOWS\System32\msvcrt.dll
0x00007ffbbfbc0000 - 0x00007ffbbfbea000 	C:\WINDOWS\System32\GDI32.dll
0x00007ffbbf1a0000 - 0x00007ffbbf2ab000 	C:\WINDOWS\System32\gdi32full.dll
0x00007ffbbf710000 - 0x00007ffbbf7ad000 	C:\WINDOWS\System32\msvcp_win.dll
0x00007ffbbfb90000 - 0x00007ffbbfbc0000 	C:\WINDOWS\System32\IMM32.DLL
0x00007ffb5a250000 - 0x00007ffb5a2ed000 	C:\Program Files\Android\Android Studio1\jre\bin\msvcp140.dll
0x00007ffb5a710000 - 0x00007ffb5b1f5000 	C:\Program Files\Android\Android Studio1\jre\bin\server\jvm.dll
0x00007ffbc09a0000 - 0x00007ffbc0a4e000 	C:\WINDOWS\System32\ADVAPI32.dll
0x00007ffbbfd20000 - 0x00007ffbbfdbc000 	C:\WINDOWS\System32\sechost.dll
0x00007ffbbfdc0000 - 0x00007ffbbfee5000 	C:\WINDOWS\System32\RPCRT4.dll
0x00007ffbbffa0000 - 0x00007ffbbffa8000 	C:\WINDOWS\System32\PSAPI.DLL
0x00007ffba94a0000 - 0x00007ffba94a9000 	C:\WINDOWS\SYSTEM32\WSOCK32.dll
0x00007ffbc16a0000 - 0x00007ffbc170b000 	C:\WINDOWS\System32\WS2_32.dll
0x00007ffbaa880000 - 0x00007ffbaa8a7000 	C:\WINDOWS\SYSTEM32\WINMM.dll
0x00007ffbafda0000 - 0x00007ffbafdaa000 	C:\WINDOWS\SYSTEM32\VERSION.dll
0x00007ffbbd6d0000 - 0x00007ffbbd6e2000 	C:\WINDOWS\SYSTEM32\kernel.appcore.dll
0x00007ffbba820000 - 0x00007ffbba831000 	C:\Program Files\Android\Android Studio1\jre\bin\verify.dll
0x00007ffba9600000 - 0x00007ffba97e4000 	C:\WINDOWS\SYSTEM32\DBGHELP.DLL
0x00007ffba95d0000 - 0x00007ffba95fc000 	C:\WINDOWS\SYSTEM32\dbgcore.DLL
0x00007ffbbf3b0000 - 0x00007ffbbf432000 	C:\WINDOWS\System32\bcryptPrimitives.dll
0x00007ffbac040000 - 0x00007ffbac069000 	C:\Program Files\Android\Android Studio1\jre\bin\java.dll
0x00007ffbba7a0000 - 0x00007ffbba7ab000 	C:\Program Files\Android\Android Studio1\jre\bin\jimage.dll
0x00007ffbac020000 - 0x00007ffbac038000 	C:\Program Files\Android\Android Studio1\jre\bin\zip.dll
0x00007ffbc00c0000 - 0x00007ffbc0803000 	C:\WINDOWS\System32\SHELL32.dll
0x00007ffbbcdb0000 - 0x00007ffbbd545000 	C:\WINDOWS\SYSTEM32\windows.storage.dll
0x00007ffbc0db0000 - 0x00007ffbc1104000 	C:\WINDOWS\System32\combase.dll
0x00007ffbbe780000 - 0x00007ffbbe7b0000 	C:\WINDOWS\SYSTEM32\Wldp.dll
0x00007ffbc0010000 - 0x00007ffbc00bd000 	C:\WINDOWS\System32\SHCORE.dll
0x00007ffbc1110000 - 0x00007ffbc1165000 	C:\WINDOWS\System32\shlwapi.dll
0x00007ffbbedb0000 - 0x00007ffbbedcf000 	C:\WINDOWS\SYSTEM32\profapi.dll
0x00007ffbac000000 - 0x00007ffbac01a000 	C:\Program Files\Android\Android Studio1\jre\bin\net.dll
0x00007ffbb1090000 - 0x00007ffbb119a000 	C:\WINDOWS\SYSTEM32\WINHTTP.dll
0x00007ffbbe500000 - 0x00007ffbbe56a000 	C:\WINDOWS\system32\mswsock.dll
0x00007ffbabfe0000 - 0x00007ffbabff4000 	C:\Program Files\Android\Android Studio1\jre\bin\nio.dll
0x00007ffb8dd30000 - 0x00007ffb8dd56000 	C:\Users\ADIT-PC\.gradle\native\31\windows-amd64\native-platform.dll
0x00007ffbba790000 - 0x00007ffbba79a000 	C:\Program Files\Android\Android Studio1\jre\bin\management.dll
0x00007ffbb0330000 - 0x00007ffbb033d000 	C:\Program Files\Android\Android Studio1\jre\bin\management_ext.dll
0x00007ffbbe7c0000 - 0x00007ffbbe7d8000 	C:\WINDOWS\SYSTEM32\CRYPTSP.dll
0x00007ffbbdea0000 - 0x00007ffbbded4000 	C:\WINDOWS\system32\rsaenh.dll
0x00007ffbbf050000 - 0x00007ffbbf077000 	C:\WINDOWS\System32\bcrypt.dll
0x00007ffbbed70000 - 0x00007ffbbed9e000 	C:\WINDOWS\SYSTEM32\USERENV.dll
0x00007ffbbe690000 - 0x00007ffbbe69c000 	C:\WINDOWS\SYSTEM32\CRYPTBASE.dll
0x00007ffbbe210000 - 0x00007ffbbe24b000 	C:\WINDOWS\SYSTEM32\IPHLPAPI.DLL
0x00007ffbc1170000 - 0x00007ffbc1178000 	C:\WINDOWS\System32\NSI.dll
0x00007ffbb0c80000 - 0x00007ffbb0c97000 	C:\WINDOWS\SYSTEM32\dhcpcsvc6.DLL
0x00007ffbb0c60000 - 0x00007ffbb0c7d000 	C:\WINDOWS\SYSTEM32\dhcpcsvc.DLL
0x00007ffbbe260000 - 0x00007ffbbe32a000 	C:\WINDOWS\SYSTEM32\DNSAPI.dll

dbghelp: loaded successfully - version: 4.0.5 - missing functions: none
symbol engine: initialized successfully - sym options: 0x614 - pdb path: .;C:\Program Files\Android\Android Studio1\jre\bin;C:\WINDOWS\SYSTEM32;C:\ProgramData\Symantec\Symantec Endpoint Protection\14.3.5413.3000.105\Data\Sysfer\x64;C:\WINDOWS\WinSxS\amd64_microsoft.windows.common-controls_6595b64144ccf1df_6.0.19041.1110_none_60b5254171f9507e;C:\Program Files\Android\Android Studio1\jre\bin\server;C:\Users\ADIT-PC\.gradle\native\31\windows-amd64

VM Arguments:
jvm_args: --add-opens=java.base/java.util=ALL-UNNAMED --add-opens=java.base/java.lang=ALL-UNNAMED --add-opens=java.base/java.lang.invoke=ALL-UNNAMED --add-opens=java.prefs/java.util.prefs=ALL-UNNAMED -Xmx2048m -Dfile.encoding=windows-1252 -Duser.country=ID -Duser.language=en -Duser.variant 
java_command: org.gradle.launcher.daemon.bootstrap.GradleDaemon 6.1.1
java_class_path (initial): C:\Users\ADIT-PC\.gradle\wrapper\dists\gradle-6.1.1-all\cfmwm155h49vnt3hynmlrsdst\gradle-6.1.1\lib\gradle-launcher-6.1.1.jar
Launcher Type: SUN_STANDARD

[Global flags]
     intx CICompilerCount                          = 3                                         {product} {ergonomic}
     uint ConcGCThreads                            = 1                                         {product} {ergonomic}
     uint G1ConcRefinementThreads                  = 4                                         {product} {ergonomic}
   size_t G1HeapRegionSize                         = 1048576                                   {product} {ergonomic}
    uintx GCDrainStackTargetSize                   = 64                                        {product} {ergonomic}
   size_t InitialHeapSize                          = 266338304                                 {product} {ergonomic}
   size_t MarkStackSize                            = 4194304                                   {product} {ergonomic}
   size_t MaxHeapSize                              = 2147483648                                {product} {command line}
   size_t MaxNewSize                               = 1287651328                                {product} {ergonomic}
   size_t MinHeapDeltaBytes                        = 1048576                                   {product} {ergonomic}
    uintx NonNMethodCodeHeapSize                   = 5830732                                {pd product} {ergonomic}
    uintx NonProfiledCodeHeapSize                  = 122913754                              {pd product} {ergonomic}
    uintx ProfiledCodeHeapSize                     = 122913754                              {pd product} {ergonomic}
    uintx ReservedCodeCacheSize                    = 251658240                              {pd product} {ergonomic}
     bool SegmentedCodeCache                       = true                                      {product} {ergonomic}
     bool UseCompressedClassPointers               = true                                 {lp64_product} {ergonomic}
     bool UseCompressedOops                        = true                                 {lp64_product} {ergonomic}
     bool UseG1GC                                  = true                                      {product} {ergonomic}
     bool UseLargePagesIndividualAllocation        = false                                  {pd product} {ergonomic}

Logging:
Log output configuration:
 #0: stdout all=warning uptime,level,tags
 #1: stderr all=off uptime,level,tags

Environment Variables:
JAVA_HOME=C:\Program Files\Java\jdk-15.0.2
CLASSPATH=.;
PATH=C:\Program Files\Common Files\Oracle\Java\javapath;C:\Python311\Scripts\;C:\Python311\;C:\Python310\Scripts\;C:\Python310\;C:\Python27\;C:\Python27\Scripts;C:\Program Files (x86)\Common Files\Oracle\Java\javapath;C:\Program Files\Docker\Docker\Resources\bin;C:\ProgramData\Oracle\Java\javapath;C:\Program Files (x86)\Intel\iCLS Client\;C:\Program Files\Intel\iCLS Client\;C:\WINDOWS\system32;C:\WINDOWS;C:\WINDOWS\System32\Wbem;C:\WINDOWS\System32\WindowsPowerShell\v1.0\;C:\Program Files (x86)\Intel\Intel(R) Management Engine Components\DAL;C:\Program Files\Intel\Intel(R) Management Engine Components\DAL;C:\Program Files (x86)\Intel\Intel(R) Management Engine Components\IPT;C:\Program Files\Intel\Intel(R) Management Engine Components\IPT;C:\Program Files\Java\jre1.8.0_162\bin;C:\Program Files (x86)\GtkSharp\2.12\bin;C:\Program Files\PuTTY\;C:\Program Files\Java\jdk1.8.0_162\bin;C:\PROGRA~2\Groovy\GROOVY~1.15\bin;C:\WINDOWS\System32\OpenSSH\;C:\xampp\php;C:\Program Files (x86)\Microsoft SQL Server\Client SDK\ODBC\130\Tools\Binn\;C:\Program Files (x86)\Microsoft SQL Server\140\Tools\Binn\;C:\Program Files (x86)\Microsoft SQL Server\140\DTS\Binn\;C:\Program Files (x86)\Microsoft SQL Server\140\Tools\Binn\ManagementStudio\;c:\Program Files (x86)\Microsoft SQL Server\110\Tools\Binn\;c:\Program Files\Microsoft SQL Server\110\Tools\Binn\;c:\Program Files\Microsoft SQL Server\110\DTS\Binn\;C:\composer;C:\Flutter\flutter\bin;C:\Bitnami\wampstack-5.6.39-0\php;C:\ProgramData\chocolatey\bin;C:\Program Files (x86)\Yarn\bin\;C:\Program Files\Java\jdk1.8.0_211\bin;C:\Program Files\OpenJDK\openjdk-8u312-b07\bin;C:\Program Files\nodejs\;C:\Program Files\Git\cmd;C:\Users\ADIT-PC\AppData\Local\Microsoft\WindowsApps;C:\Users\ADIT-PC\AppData\Local\Android\Sdk\platform-tools;C:\Users\ADIT-PC\AppData\Roaming\npm;C:\Users\ADIT-PC\AppData\Local\Programs\Microsoft VS Code\bin;C:\Users\ADIT-PC\AppData\Local\Android\Sdk;C:\src\flutter\bin;C:\Users\ADIT-PC\AppData\Local\GitHubDesktop\bin;C:\Users
USERNAME=ADIT-PC
OS=Windows_NT
PROCESSOR_IDENTIFIER=Intel64 Family 6 Model 94 Stepping 3, GenuineIntel



---------------  S Y S T E M  ---------------

OS: Windows 10 , 64 bit Build 19041 (10.0.19041.1889)
OS uptime: 6 days 0:40 hours
Hyper-V role detected

CPU:total 4 (initial active 4) (4 cores per cpu, 1 threads per core) family 6 model 94 stepping 3 microcode 0xf0, cmov, cx8, fxsr, mmx, sse, sse2, sse3, ssse3, sse4.1, sse4.2, popcnt, avx, avx2, aes, clmul, erms, rtm, 3dnowpref, lzcnt, tsc, tscinvbit, bmi1, bmi2, adx, fma

Memory: 4k page, system-wide physical 16247M (2311M free)
TotalPageFile size 25028M (AvailPageFile size 189M)
current process WorkingSet (physical memory assigned to process): 535M, peak: 535M
current process commit charge ("private bytes"): 602M, peak: 841M

vm_info: OpenJDK 64-Bit Server VM (11.0.12+7-b1504.28-7817840) for windows-amd64 JRE (11.0.12+7-b1504.28-7817840), built on Oct 13 2021 22:12:33 by "builder" with MS VC++ 14.0 (VS2015)

END.
