#
# There is insufficient memory for the Java Runtime Environment to continue.
# Native memory allocation (mmap) failed to map 163577856 bytes for Failed to commit area from 0x0000000093700000 to 0x000000009d300000 of length 163577856.
# Possible reasons:
#   The system is out of physical RAM or swap space
#   The process is running with CompressedOops enabled, and the Java Heap may be blocking the growth of the native heap
# Possible solutions:
#   Reduce memory load on the system
#   Increase physical memory or swap space
#   Check if swap backing store is full
#   Decrease Java heap size (-Xmx/-Xms)
#   Decrease number of Java threads
#   Decrease Java thread stack sizes (-Xss)
#   Set larger code cache with -XX:ReservedCodeCacheSize=
#   JVM is running with Unscaled Compressed Oops mode in which the Java heap is
#     placed in the first 4GB address space. The Java Heap base address is the
#     maximum limit for the native heap growth. Please use -XX:HeapBaseMinAddress
#     to set the Java Heap base and to place the Java Heap above 4GB virtual address.
# This output file may be truncated or incomplete.
#
#  Out of Memory Error (./src/hotspot/os/windows/os_windows.cpp:3521), pid=13108, tid=10072
#
# JRE version: OpenJDK Runtime Environment (11.0.12+7) (build 11.0.12+7-b1504.28-7817840)
# Java VM: OpenJDK 64-Bit Server VM (11.0.12+7-b1504.28-7817840, mixed mode, tiered, compressed oops, g1 gc, windows-amd64)
# No core dump will be written. Minidumps are not enabled by default on client versions of Windows
#

---------------  S U M M A R Y ------------

Command Line: --add-opens=java.base/java.util=ALL-UNNAMED --add-opens=java.base/java.lang=ALL-UNNAMED --add-opens=java.base/java.lang.invoke=ALL-UNNAMED --add-opens=java.prefs/java.util.prefs=ALL-UNNAMED -Xmx2048m -Dfile.encoding=windows-1252 -Duser.country=ID -Duser.language=en -Duser.variant org.gradle.launcher.daemon.bootstrap.GradleDaemon 6.1.1

Host: Intel(R) Core(TM) i5-6500 CPU @ 3.20GHz, 4 cores, 15G,  Windows 10 , 64 bit Build 19041 (10.0.19041.1889)
Time: Mon Oct  3 08:35:27 2022 SE Asia Standard Time elapsed time: 18.523585 seconds (0d 0h 0m 18s)

---------------  T H R E A D  ---------------

Current thread (0x000001a953e3d800):  VMThread "VM Thread" [stack: 0x0000003736c00000,0x0000003736d00000] [id=10072]

Stack: [0x0000003736c00000,0x0000003736d00000]
[error occurred during error reporting (printing stack bounds), id 0xc0000005, EXCEPTION_ACCESS_VIOLATION (0xc0000005) at pc=0x000001a93cd5112d]

Native frames: (J=compiled Java code, j=interpreted, Vv=VM code, C=native code)
V  [jvm.dll+0x5fbcea]
V  [jvm.dll+0x731905]
V  [jvm.dll+0x732f1d]
V  [jvm.dll+0x733535]
V  [jvm.dll+0x7334eb]
V  [jvm.dll+0x5fb080]
V  [jvm.dll+0x5fb818]
C  [ntdll.dll+0xa235f]
C  [ntdll.dll+0x514a4]
C  [ntdll.dll+0xa0e8e]
C  0x000001a93cd5112d

VM_Operation (0x000000373a0fe870): G1CollectForAllocation, mode: safepoint, requested by thread 0x000001a956633800


---------------  P R O C E S S  ---------------

Threads class SMR info:
_java_thread_list=0x000001a95de1b3e0, length=51, elements={
0x000001a937a3b800, 0x000001a953e42000, 0x000001a953e43800, 0x000001a953ea8000,
0x000001a953eaa000, 0x000001a953eab800, 0x000001a953eb3800, 0x000001a953eb9800,
0x000001a953ebb000, 0x000001a954035000, 0x000001a955a2f800, 0x000001a955a1e800,
0x000001a9549b2000, 0x000001a9553ad800, 0x000001a955c2e000, 0x000001a955c80000,
0x000001a955822800, 0x000001a9556ec000, 0x000001a9556ec800, 0x000001a95592d800,
0x000001a95592b000, 0x000001a95592b800, 0x000001a95592f000, 0x000001a95592e000,
0x000001a95592a000, 0x000001a95592c800, 0x000001a95592f800, 0x000001a955930800,
0x000001a9562bb800, 0x000001a9562bf000, 0x000001a9562ba000, 0x000001a9562b9000,
0x000001a9562bf800, 0x000001a959df3000, 0x000001a959df2800, 0x000001a959df7000,
0x000001a959df4000, 0x000001a959df9000, 0x000001a959df5800, 0x000001a959df8000,
0x000001a959df6800, 0x000001a956632000, 0x000001a95662e000, 0x000001a95662e800,
0x000001a95662d000, 0x000001a956633800, 0x000001a956630000, 0x000001a9561a0800,
0x000001a956635000, 0x000001a95662f800, 0x000001a956639000
}

Java Threads: ( => current thread )
  0x000001a937a3b800 JavaThread "main" [_thread_blocked, id=20564, stack(0x0000003736600000,0x0000003736700000)]
  0x000001a953e42000 JavaThread "Reference Handler" daemon [_thread_blocked, id=16116, stack(0x0000003736d00000,0x0000003736e00000)]
  0x000001a953e43800 JavaThread "Finalizer" daemon [_thread_blocked, id=1488, stack(0x0000003736e00000,0x0000003736f00000)]
  0x000001a953ea8000 JavaThread "Signal Dispatcher" daemon [_thread_blocked, id=22288, stack(0x0000003736f00000,0x0000003737000000)]
  0x000001a953eaa000 JavaThread "Attach Listener" daemon [_thread_blocked, id=24420, stack(0x0000003737000000,0x0000003737100000)]
  0x000001a953eab800 JavaThread "Service Thread" daemon [_thread_blocked, id=20456, stack(0x0000003737100000,0x0000003737200000)]
  0x000001a953eb3800 JavaThread "C2 CompilerThread0" daemon [_thread_blocked, id=10796, stack(0x0000003737200000,0x0000003737300000)]
  0x000001a953eb9800 JavaThread "C1 CompilerThread0" daemon [_thread_blocked, id=12856, stack(0x0000003737300000,0x0000003737400000)]
  0x000001a953ebb000 JavaThread "Sweeper thread" daemon [_thread_blocked, id=17812, stack(0x0000003737400000,0x0000003737500000)]
  0x000001a954035000 JavaThread "Common-Cleaner" daemon [_thread_blocked, id=16152, stack(0x0000003737500000,0x0000003737600000)]
  0x000001a955a2f800 JavaThread "Daemon health stats" [_thread_blocked, id=25932, stack(0x0000003737b00000,0x0000003737c00000)]
  0x000001a955a1e800 JavaThread "Incoming local TCP Connector on port 37955" [_thread_in_native, id=6852, stack(0x0000003737a00000,0x0000003737b00000)]
  0x000001a9549b2000 JavaThread "Daemon periodic checks" [_thread_blocked, id=16728, stack(0x0000003737c00000,0x0000003737d00000)]
  0x000001a9553ad800 JavaThread "Daemon" [_thread_blocked, id=21808, stack(0x0000003737d00000,0x0000003737e00000)]
  0x000001a955c2e000 JavaThread "Handler for socket connection from /127.0.0.1:37955 to /127.0.0.1:37956" [_thread_in_native, id=12000, stack(0x0000003737e00000,0x0000003737f00000)]
  0x000001a955c80000 JavaThread "Cancel handler" [_thread_blocked, id=25292, stack(0x0000003737f00000,0x0000003738000000)]
  0x000001a955822800 JavaThread "Daemon worker" [_thread_blocked, id=20416, stack(0x0000003738000000,0x0000003738100000)]
  0x000001a9556ec000 JavaThread "Asynchronous log dispatcher for DefaultDaemonConnection: socket connection from /127.0.0.1:37955 to /127.0.0.1:37956" [_thread_blocked, id=15848, stack(0x0000003738100000,0x0000003738200000)]
  0x000001a9556ec800 JavaThread "Stdin handler" [_thread_blocked, id=132, stack(0x0000003738200000,0x0000003738300000)]
  0x000001a95592d800 JavaThread "Thread-8" [_thread_blocked, id=1656, stack(0x0000003738300000,0x0000003738400000)]
  0x000001a95592b000 JavaThread "Cache worker for journal cache (C:\Users\ADIT-PC\.gradle\caches\journal-1)" [_thread_blocked, id=10416, stack(0x0000003738400000,0x0000003738500000)]
  0x000001a95592b800 JavaThread "File lock request listener" [_thread_in_native, id=23172, stack(0x0000003738500000,0x0000003738600000)]
  0x000001a95592f000 JavaThread "Cache worker for file hash cache (C:\Users\ADIT-PC\.gradle\caches\6.1.1\fileHashes)" [_thread_blocked, id=19036, stack(0x0000003738600000,0x0000003738700000)]
  0x000001a95592e000 JavaThread "Cache worker for checksums cache (C:\Users\ADIT-PC\AndroidStudioProjects\AbsensiApp\.gradle\checksums)" [_thread_blocked, id=6080, stack(0x0000003738800000,0x0000003738900000)]
  0x000001a95592a000 JavaThread "Cache worker for file hash cache (C:\Users\ADIT-PC\AndroidStudioProjects\AbsensiApp\.gradle\6.1.1\fileHashes)" [_thread_blocked, id=22372, stack(0x0000003738900000,0x0000003738a00000)]
  0x000001a95592c800 JavaThread "Cache worker for cache directory md-supplier (C:\Users\ADIT-PC\.gradle\caches\6.1.1\md-supplier)" [_thread_blocked, id=26620, stack(0x0000003738a00000,0x0000003738b00000)]
  0x000001a95592f800 JavaThread "Cache worker for cache directory md-rule (C:\Users\ADIT-PC\.gradle\caches\6.1.1\md-rule)" [_thread_blocked, id=3356, stack(0x0000003738b00000,0x0000003738c00000)]
  0x000001a955930800 JavaThread "Cache worker for execution history cache (C:\Users\ADIT-PC\.gradle\caches\6.1.1\executionHistory)" [_thread_blocked, id=20196, stack(0x0000003738c00000,0x0000003738d00000)]
  0x000001a9562bb800 JavaThread "Build operations" [_thread_blocked, id=23056, stack(0x0000003738d00000,0x0000003738e00000)]
  0x000001a9562bf000 JavaThread "Build operations Thread 2" [_thread_blocked, id=7420, stack(0x0000003738e00000,0x0000003738f00000)]
  0x000001a9562ba000 JavaThread "Build operations Thread 3" [_thread_blocked, id=19668, stack(0x0000003738f00000,0x0000003739000000)]
  0x000001a9562b9000 JavaThread "Build operations Thread 4" [_thread_blocked, id=18848, stack(0x0000003739000000,0x0000003739100000)]
  0x000001a9562bf800 JavaThread "pool-1-thread-1" [_thread_blocked, id=22156, stack(0x0000003739100000,0x0000003739200000)]
  0x000001a959df3000 JavaThread "Cache worker for Build Output Cleanup Cache (C:\Users\ADIT-PC\AndroidStudioProjects\AbsensiApp\.gradle\buildOutputCleanup)" [_thread_blocked, id=19908, stack(0x0000003739400000,0x0000003739500000)]
  0x000001a959df2800 JavaThread "Memory manager" [_thread_blocked, id=22672, stack(0x0000003739500000,0x0000003739600000)]
  0x000001a959df7000 JavaThread "Cache worker for file content cache (C:\Users\ADIT-PC\.gradle\caches\6.1.1\fileContent)" [_thread_blocked, id=9304, stack(0x0000003739600000,0x0000003739700000)]
  0x000001a959df4000 JavaThread "Cache worker for file content cache (C:\Users\ADIT-PC\AndroidStudioProjects\AbsensiApp\.gradle\6.1.1\fileContent)" [_thread_blocked, id=3920, stack(0x0000003739700000,0x0000003739800000)]
  0x000001a959df9000 JavaThread "Execution worker for ':'" [_thread_blocked, id=2776, stack(0x0000003739800000,0x0000003739900000)]
  0x000001a959df5800 JavaThread "Execution worker for ':' Thread 2" [_thread_blocked, id=26144, stack(0x0000003739900000,0x0000003739a00000)]
  0x000001a959df8000 JavaThread "Execution worker for ':' Thread 3" [_thread_blocked, id=19704, stack(0x0000003739a00000,0x0000003739b00000)]
  0x000001a959df6800 JavaThread "Cache worker for execution history cache (C:\Users\ADIT-PC\AndroidStudioProjects\AbsensiApp\.gradle\6.1.1\executionHistory)" [_thread_blocked, id=18944, stack(0x0000003739b00000,0x0000003739c00000)]
  0x000001a956632000 JavaThread "WorkerExecutor Queue" [_thread_blocked, id=23112, stack(0x0000003739c00000,0x0000003739d00000)]
  0x000001a95662e000 JavaThread "WorkerExecutor Queue Thread 2" [_thread_blocked, id=17424, stack(0x0000003739d00000,0x0000003739e00000)]
  0x000001a95662e800 JavaThread "ForkJoinPool-1-worker-3" daemon [_thread_blocked, id=24736, stack(0x0000003739e00000,0x0000003739f00000)]
  0x000001a95662d000 JavaThread "ForkJoinPool-1-worker-5" daemon [_thread_blocked, id=17496, stack(0x0000003739f00000,0x000000373a000000)]
  0x000001a956633800 JavaThread "ForkJoinPool-1-worker-7" daemon [_thread_blocked, id=1336, stack(0x000000373a000000,0x000000373a100000)]
  0x000001a956630000 JavaThread "ForkJoinPool-1-worker-1" daemon [_thread_blocked, id=22056, stack(0x000000373a100000,0x000000373a200000)]
  0x000001a9561a0800 JavaThread "C2 CompilerThread1" daemon [_thread_blocked, id=1640, stack(0x0000003738700000,0x0000003738800000)]
  0x000001a956635000 JavaThread "WorkerExecutor Queue Thread 3" [_thread_blocked, id=9468, stack(0x000000373a300000,0x000000373a400000)]
  0x000001a95662f800 JavaThread "WorkerExecutor Queue Thread 4" [_thread_blocked, id=24788, stack(0x000000373a400000,0x000000373a500000)]
  0x000001a956639000 JavaThread "WorkerExecutor Queue Thread 5" [_thread_blocked, id=4464, stack(0x000000373a500000,0x000000373a600000)]

Other Threads:
=>0x000001a953e3d800 VMThread "VM Thread" [stack: 0x0000003736c00000,0x0000003736d00000] [id=10072]
  0x000001a95404e000 WatcherThread [stack: 0x0000003737600000,0x0000003737700000] [id=22424]
  0x000001a937a55000 GCTaskThread "GC Thread#0" [stack: 0x0000003736700000,0x0000003736800000] [id=13112]
  0x000001a9544aa000 GCTaskThread "GC Thread#1" [stack: 0x0000003737700000,0x0000003737800000] [id=16924]
  0x000001a95474c000 GCTaskThread "GC Thread#2" [stack: 0x0000003737800000,0x0000003737900000] [id=24464]
  0x000001a95474c800 GCTaskThread "GC Thread#3" [stack: 0x0000003737900000,0x0000003737a00000] [id=18024]
  0x000001a937a85000 ConcurrentGCThread "G1 Main Marker" [stack: 0x0000003736800000,0x0000003736900000] [id=20552]
  0x000001a937a86800 ConcurrentGCThread "G1 Conc#0" [stack: 0x0000003736900000,0x0000003736a00000] [id=27516]
  0x000001a953484800 ConcurrentGCThread "G1 Refine#0" [stack: 0x0000003736a00000,0x0000003736b00000] [id=2304]
  0x000001a958398000 ConcurrentGCThread "G1 Refine#1" [stack: 0x0000003739200000,0x0000003739300000] [id=23772]
  0x000001a9583a5000 ConcurrentGCThread "G1 Refine#2" [stack: 0x0000003739300000,0x0000003739400000] [id=25624]
  0x000001a95c945800 ConcurrentGCThread "G1 Refine#3" [stack: 0x000000373a200000,0x000000373a300000] [id=26384]
  0x000001a953485800 ConcurrentGCThread "G1 Young RemSet Sampling" [stack: 0x0000003736b00000,0x0000003736c00000] [id=13236]

Threads with active compile tasks:
C2 CompilerThread0  18542 11406       4       com.android.tools.r8.graph.x::computeEquals (26 bytes)
C1 CompilerThread0  18542 11416       1       com.android.builder.dexing.JarClassFileInput::getPath (5 bytes)
C2 CompilerThread1  18542 11361       4       com.android.tools.r8.graph.T::a (32 bytes)

VM state:at safepoint (normal execution)

VM Mutex/Monitor currently owned by a thread:  ([mutex/lock_event])
[0x000001a937a38460] Threads_lock - owner thread: 0x000001a953e3d800
[0x000001a937a38a90] Heap_lock - owner thread: 0x000001a956633800

Heap address: 0x0000000080000000, size: 2048 MB, Compressed Oops mode: 32-bit
Narrow klass base: 0x0000000000000000, Narrow klass shift: 3
Compressed class space size: 1073741824 Address: 0x0000000100000000

Heap:
 garbage-first heap   total 478208K, used 252706K [0x0000000080000000, 0x0000000100000000)
  region size 1024K, 1 young (1024K), 1 survivors (1024K)
 Metaspace       used 80262K, capacity 82560K, committed 82896K, reserved 1120256K
  class space    used 10471K, capacity 11291K, committed 11392K, reserved 1048576K
Heap Regions: E=young(eden), S=young(survivor), O=old, HS=humongous(starts), HC=humongous(continues), CS=collection set, F=free, A=archive, TAMS=top-at-mark-start (previous, next)
|   0|0x0000000080000000, 0x0000000080100000, 0x0000000080100000|100%| O|  |TAMS 0x0000000080100000, 0x0000000080100000| Untracked 
|   1|0x0000000080100000, 0x0000000080200000, 0x0000000080200000|100%| O|  |TAMS 0x0000000080200000, 0x0000000080200000| Untracked 
|   2|0x0000000080200000, 0x0000000080300000, 0x0000000080300000|100%| O|  |TAMS 0x0000000080300000, 0x0000000080300000| Untracked 
|   3|0x0000000080300000, 0x0000000080400000, 0x0000000080400000|100%|HS|  |TAMS 0x0000000080400000, 0x0000000080400000| Complete 
|   4|0x0000000080400000, 0x0000000080500000, 0x0000000080500000|100%|HC|  |TAMS 0x0000000080500000, 0x0000000080500000| Complete 
|   5|0x0000000080500000, 0x0000000080600000, 0x0000000080600000|100%|HC|  |TAMS 0x0000000080600000, 0x0000000080600000| Complete 
|   6|0x0000000080600000, 0x0000000080700000, 0x0000000080700000|100%| O|  |TAMS 0x0000000080700000, 0x0000000080700000| Untracked 
|   7|0x0000000080700000, 0x0000000080800000, 0x0000000080800000|100%| O|  |TAMS 0x0000000080800000, 0x0000000080800000| Untracked 
|   8|0x0000000080800000, 0x0000000080900000, 0x0000000080900000|100%| O|  |TAMS 0x0000000080900000, 0x0000000080900000| Untracked 
|   9|0x0000000080900000, 0x0000000080a00000, 0x0000000080a00000|100%| O|  |TAMS 0x0000000080a00000, 0x0000000080a00000| Untracked 
|  10|0x0000000080a00000, 0x0000000080b00000, 0x0000000080b00000|100%| O|  |TAMS 0x0000000080b00000, 0x0000000080b00000| Untracked 
|  11|0x0000000080b00000, 0x0000000080c00000, 0x0000000080c00000|100%| O|  |TAMS 0x0000000080c00000, 0x0000000080c00000| Untracked 
|  12|0x0000000080c00000, 0x0000000080d00000, 0x0000000080d00000|100%| O|  |TAMS 0x0000000080d00000, 0x0000000080d00000| Untracked 
|  13|0x0000000080d00000, 0x0000000080e00000, 0x0000000080e00000|100%|HS|  |TAMS 0x0000000080e00000, 0x0000000080e00000| Complete 
|  14|0x0000000080e00000, 0x0000000080f00000, 0x0000000080f00000|100%|HC|  |TAMS 0x0000000080f00000, 0x0000000080f00000| Complete 
|  15|0x0000000080f00000, 0x0000000081000000, 0x0000000081000000|100%|HS|  |TAMS 0x0000000081000000, 0x0000000081000000| Complete 
|  16|0x0000000081000000, 0x0000000081100000, 0x0000000081100000|100%|HC|  |TAMS 0x0000000081100000, 0x0000000081100000| Complete 
|  17|0x0000000081100000, 0x0000000081200000, 0x0000000081200000|100%|HC|  |TAMS 0x0000000081200000, 0x0000000081200000| Complete 
|  18|0x0000000081200000, 0x0000000081300000, 0x0000000081300000|100%|HS|  |TAMS 0x0000000081300000, 0x0000000081300000| Complete 
|  19|0x0000000081300000, 0x0000000081400000, 0x0000000081400000|100%|HC|  |TAMS 0x0000000081400000, 0x0000000081400000| Complete 
|  20|0x0000000081400000, 0x0000000081500000, 0x0000000081500000|100%|HC|  |TAMS 0x0000000081500000, 0x0000000081500000| Complete 
|  21|0x0000000081500000, 0x0000000081600000, 0x0000000081600000|100%|HC|  |TAMS 0x0000000081600000, 0x0000000081600000| Complete 
|  22|0x0000000081600000, 0x0000000081700000, 0x0000000081700000|100%| O|  |TAMS 0x0000000081700000, 0x0000000081700000| Untracked 
|  23|0x0000000081700000, 0x0000000081800000, 0x0000000081800000|100%| O|  |TAMS 0x0000000081800000, 0x0000000081800000| Untracked 
|  24|0x0000000081800000, 0x0000000081900000, 0x0000000081900000|100%| O|  |TAMS 0x0000000081900000, 0x0000000081900000| Untracked 
|  25|0x0000000081900000, 0x0000000081a00000, 0x0000000081a00000|100%|HS|  |TAMS 0x0000000081a00000, 0x0000000081a00000| Complete 
|  26|0x0000000081a00000, 0x0000000081b00000, 0x0000000081b00000|100%|HC|  |TAMS 0x0000000081b00000, 0x0000000081b00000| Complete 
|  27|0x0000000081b00000, 0x0000000081c00000, 0x0000000081c00000|100%|HC|  |TAMS 0x0000000081c00000, 0x0000000081c00000| Complete 
|  28|0x0000000081c00000, 0x0000000081d00000, 0x0000000081d00000|100%|HS|  |TAMS 0x0000000081d00000, 0x0000000081d00000| Complete 
|  29|0x0000000081d00000, 0x0000000081e00000, 0x0000000081e00000|100%|HC|  |TAMS 0x0000000081e00000, 0x0000000081e00000| Complete 
|  30|0x0000000081e00000, 0x0000000081f00000, 0x0000000081f00000|100%| O|  |TAMS 0x0000000081f00000, 0x0000000081f00000| Untracked 
|  31|0x0000000081f00000, 0x0000000082000000, 0x0000000082000000|100%| O|  |TAMS 0x0000000082000000, 0x0000000082000000| Untracked 
|  32|0x0000000082000000, 0x0000000082100000, 0x0000000082100000|100%| O|  |TAMS 0x0000000082100000, 0x0000000082100000| Untracked 
|  33|0x0000000082100000, 0x0000000082200000, 0x0000000082200000|100%| O|  |TAMS 0x0000000082200000, 0x0000000082200000| Untracked 
|  34|0x0000000082200000, 0x0000000082300000, 0x0000000082300000|100%| O|  |TAMS 0x0000000082300000, 0x0000000082300000| Untracked 
|  35|0x0000000082300000, 0x0000000082400000, 0x0000000082400000|100%| O|  |TAMS 0x0000000082400000, 0x0000000082400000| Untracked 
|  36|0x0000000082400000, 0x0000000082500000, 0x0000000082500000|100%| O|  |TAMS 0x0000000082500000, 0x0000000082500000| Untracked 
|  37|0x0000000082500000, 0x0000000082600000, 0x0000000082600000|100%| O|  |TAMS 0x0000000082600000, 0x0000000082600000| Untracked 
|  38|0x0000000082600000, 0x0000000082700000, 0x0000000082700000|100%| O|  |TAMS 0x0000000082700000, 0x0000000082700000| Untracked 
|  39|0x0000000082700000, 0x0000000082800000, 0x0000000082800000|100%| O|  |TAMS 0x0000000082800000, 0x0000000082800000| Untracked 
|  40|0x0000000082800000, 0x0000000082900000, 0x0000000082900000|100%| O|  |TAMS 0x0000000082900000, 0x0000000082900000| Untracked 
|  41|0x0000000082900000, 0x0000000082a00000, 0x0000000082a00000|100%| O|  |TAMS 0x0000000082a00000, 0x0000000082a00000| Untracked 
|  42|0x0000000082a00000, 0x0000000082b00000, 0x0000000082b00000|100%| O|  |TAMS 0x0000000082b00000, 0x0000000082b00000| Untracked 
|  43|0x0000000082b00000, 0x0000000082c00000, 0x0000000082c00000|100%| O|  |TAMS 0x0000000082c00000, 0x0000000082c00000| Untracked 
|  44|0x0000000082c00000, 0x0000000082d00000, 0x0000000082d00000|100%| O|  |TAMS 0x0000000082d00000, 0x0000000082d00000| Untracked 
|  45|0x0000000082d00000, 0x0000000082e00000, 0x0000000082e00000|100%| O|  |TAMS 0x0000000082e00000, 0x0000000082e00000| Untracked 
|  46|0x0000000082e00000, 0x0000000082f00000, 0x0000000082f00000|100%| O|  |TAMS 0x0000000082f00000, 0x0000000082f00000| Untracked 
|  47|0x0000000082f00000, 0x0000000083000000, 0x0000000083000000|100%| O|  |TAMS 0x0000000083000000, 0x0000000083000000| Untracked 
|  48|0x0000000083000000, 0x0000000083100000, 0x0000000083100000|100%| O|  |TAMS 0x0000000083100000, 0x0000000083100000| Untracked 
|  49|0x0000000083100000, 0x0000000083200000, 0x0000000083200000|100%| O|  |TAMS 0x0000000083200000, 0x0000000083200000| Untracked 
|  50|0x0000000083200000, 0x0000000083300000, 0x0000000083300000|100%| O|  |TAMS 0x0000000083300000, 0x0000000083300000| Untracked 
|  51|0x0000000083300000, 0x0000000083400000, 0x0000000083400000|100%| O|  |TAMS 0x0000000083400000, 0x0000000083400000| Untracked 
|  52|0x0000000083400000, 0x0000000083500000, 0x0000000083500000|100%| O|  |TAMS 0x0000000083500000, 0x0000000083500000| Untracked 
|  53|0x0000000083500000, 0x0000000083600000, 0x0000000083600000|100%| O|  |TAMS 0x0000000083600000, 0x0000000083600000| Untracked 
|  54|0x0000000083600000, 0x0000000083700000, 0x0000000083700000|100%| O|  |TAMS 0x0000000083700000, 0x0000000083700000| Untracked 
|  55|0x0000000083700000, 0x0000000083800000, 0x0000000083800000|100%| O|  |TAMS 0x0000000083800000, 0x0000000083800000| Untracked 
|  56|0x0000000083800000, 0x0000000083900000, 0x0000000083900000|100%| O|  |TAMS 0x0000000083900000, 0x0000000083900000| Untracked 
|  57|0x0000000083900000, 0x0000000083a00000, 0x0000000083a00000|100%| O|  |TAMS 0x0000000083a00000, 0x0000000083a00000| Untracked 
|  58|0x0000000083a00000, 0x0000000083b00000, 0x0000000083b00000|100%|HS|  |TAMS 0x0000000083a00000, 0x0000000083b00000| Complete 
|  59|0x0000000083b00000, 0x0000000083c00000, 0x0000000083c00000|100%|HS|  |TAMS 0x0000000083b00000, 0x0000000083c00000| Complete 
|  60|0x0000000083c00000, 0x0000000083d00000, 0x0000000083d00000|100%| O|  |TAMS 0x0000000083d00000, 0x0000000083d00000| Untracked 
|  61|0x0000000083d00000, 0x0000000083e00000, 0x0000000083e00000|100%| O|  |TAMS 0x0000000083e00000, 0x0000000083e00000| Untracked 
|  62|0x0000000083e00000, 0x0000000083f00000, 0x0000000083f00000|100%| O|  |TAMS 0x0000000083f00000, 0x0000000083f00000| Untracked 
|  63|0x0000000083f00000, 0x0000000084000000, 0x0000000084000000|100%| O|  |TAMS 0x0000000084000000, 0x0000000084000000| Untracked 
|  64|0x0000000084000000, 0x0000000084100000, 0x0000000084100000|100%| O|  |TAMS 0x0000000084100000, 0x0000000084100000| Untracked 
|  65|0x0000000084100000, 0x0000000084200000, 0x0000000084200000|100%| O|  |TAMS 0x0000000084200000, 0x0000000084200000| Untracked 
|  66|0x0000000084200000, 0x0000000084300000, 0x0000000084300000|100%| O|  |TAMS 0x0000000084300000, 0x0000000084300000| Untracked 
|  67|0x0000000084300000, 0x0000000084400000, 0x0000000084400000|100%| O|  |TAMS 0x0000000084400000, 0x0000000084400000| Untracked 
|  68|0x0000000084400000, 0x0000000084500000, 0x0000000084500000|100%| O|  |TAMS 0x0000000084500000, 0x0000000084500000| Untracked 
|  69|0x0000000084500000, 0x0000000084600000, 0x0000000084600000|100%| O|  |TAMS 0x0000000084600000, 0x0000000084600000| Untracked 
|  70|0x0000000084600000, 0x0000000084700000, 0x0000000084700000|100%| O|  |TAMS 0x0000000084700000, 0x0000000084700000| Untracked 
|  71|0x0000000084700000, 0x0000000084800000, 0x0000000084800000|100%| O|  |TAMS 0x0000000084800000, 0x0000000084800000| Untracked 
|  72|0x0000000084800000, 0x0000000084900000, 0x0000000084900000|100%| O|  |TAMS 0x0000000084900000, 0x0000000084900000| Untracked 
|  73|0x0000000084900000, 0x0000000084a00000, 0x0000000084a00000|100%| O|  |TAMS 0x0000000084a00000, 0x0000000084a00000| Untracked 
|  74|0x0000000084a00000, 0x0000000084b00000, 0x0000000084b00000|100%| O|  |TAMS 0x0000000084b00000, 0x0000000084b00000| Untracked 
|  75|0x0000000084b00000, 0x0000000084c00000, 0x0000000084c00000|100%| O|  |TAMS 0x0000000084c00000, 0x0000000084c00000| Untracked 
|  76|0x0000000084c00000, 0x0000000084d00000, 0x0000000084d00000|100%| O|  |TAMS 0x0000000084d00000, 0x0000000084d00000| Untracked 
|  77|0x0000000084d00000, 0x0000000084e00000, 0x0000000084e00000|100%| O|  |TAMS 0x0000000084e00000, 0x0000000084e00000| Untracked 
|  78|0x0000000084e00000, 0x0000000084f00000, 0x0000000084f00000|100%| O|  |TAMS 0x0000000084f00000, 0x0000000084f00000| Untracked 
|  79|0x0000000084f00000, 0x0000000085000000, 0x0000000085000000|100%| O|  |TAMS 0x0000000084f00000, 0x0000000085000000| Untracked 
|  80|0x0000000085000000, 0x0000000085100000, 0x0000000085100000|100%|HS|  |TAMS 0x0000000085100000, 0x0000000085100000| Complete 
|  81|0x0000000085100000, 0x0000000085200000, 0x0000000085200000|100%|HC|  |TAMS 0x0000000085200000, 0x0000000085200000| Complete 
|  82|0x0000000085200000, 0x0000000085300000, 0x0000000085300000|100%|HS|  |TAMS 0x0000000085300000, 0x0000000085300000| Complete 
|  83|0x0000000085300000, 0x0000000085400000, 0x0000000085400000|100%|HS|  |TAMS 0x0000000085400000, 0x0000000085400000| Complete 
|  84|0x0000000085400000, 0x0000000085500000, 0x0000000085500000|100%|HS|  |TAMS 0x0000000085500000, 0x0000000085500000| Complete 
|  85|0x0000000085500000, 0x0000000085600000, 0x0000000085600000|100%|HS|  |TAMS 0x0000000085600000, 0x0000000085600000| Complete 
|  86|0x0000000085600000, 0x0000000085700000, 0x0000000085700000|100%|HS|  |TAMS 0x0000000085700000, 0x0000000085700000| Complete 
|  87|0x0000000085700000, 0x0000000085800000, 0x0000000085800000|100%|HS|  |TAMS 0x0000000085800000, 0x0000000085800000| Complete 
|  88|0x0000000085800000, 0x0000000085900000, 0x0000000085900000|100%|HC|  |TAMS 0x0000000085900000, 0x0000000085900000| Complete 
|  89|0x0000000085900000, 0x0000000085a00000, 0x0000000085a00000|100%| O|  |TAMS 0x0000000085a00000, 0x0000000085a00000| Untracked 
|  90|0x0000000085a00000, 0x0000000085b00000, 0x0000000085b00000|100%| O|  |TAMS 0x0000000085b00000, 0x0000000085b00000| Untracked 
|  91|0x0000000085b00000, 0x0000000085c00000, 0x0000000085c00000|100%|HS|  |TAMS 0x0000000085c00000, 0x0000000085c00000| Complete 
|  92|0x0000000085c00000, 0x0000000085d00000, 0x0000000085d00000|100%|HC|  |TAMS 0x0000000085d00000, 0x0000000085d00000| Complete 
|  93|0x0000000085d00000, 0x0000000085e00000, 0x0000000085e00000|100%| O|  |TAMS 0x0000000085e00000, 0x0000000085e00000| Untracked 
|  94|0x0000000085e00000, 0x0000000085f00000, 0x0000000085f00000|100%| O|  |TAMS 0x0000000085f00000, 0x0000000085f00000| Untracked 
|  95|0x0000000085f00000, 0x0000000086000000, 0x0000000086000000|100%| O|  |TAMS 0x0000000086000000, 0x0000000086000000| Untracked 
|  96|0x0000000086000000, 0x0000000086100000, 0x0000000086100000|100%|HS|  |TAMS 0x0000000086100000, 0x0000000086100000| Complete 
|  97|0x0000000086100000, 0x0000000086200000, 0x0000000086200000|100%| O|  |TAMS 0x0000000086200000, 0x0000000086200000| Untracked 
|  98|0x0000000086200000, 0x0000000086300000, 0x0000000086300000|100%| O|  |TAMS 0x0000000086300000, 0x0000000086300000| Untracked 
|  99|0x0000000086300000, 0x0000000086400000, 0x0000000086400000|100%| O|  |TAMS 0x0000000086400000, 0x0000000086400000| Untracked 
| 100|0x0000000086400000, 0x0000000086500000, 0x0000000086500000|100%| O|  |TAMS 0x0000000086500000, 0x0000000086500000| Untracked 
| 101|0x0000000086500000, 0x0000000086600000, 0x0000000086600000|100%| O|  |TAMS 0x0000000086600000, 0x0000000086600000| Untracked 
| 102|0x0000000086600000, 0x0000000086700000, 0x0000000086700000|100%| O|  |TAMS 0x0000000086700000, 0x0000000086700000| Untracked 
| 103|0x0000000086700000, 0x0000000086800000, 0x0000000086800000|100%| O|  |TAMS 0x0000000086800000, 0x0000000086800000| Untracked 
| 104|0x0000000086800000, 0x0000000086900000, 0x0000000086900000|100%| O|  |TAMS 0x0000000086900000, 0x0000000086900000| Untracked 
| 105|0x0000000086900000, 0x0000000086a00000, 0x0000000086a00000|100%|HS|  |TAMS 0x0000000086a00000, 0x0000000086a00000| Complete 
| 106|0x0000000086a00000, 0x0000000086b00000, 0x0000000086b00000|100%|HC|  |TAMS 0x0000000086b00000, 0x0000000086b00000| Complete 
| 107|0x0000000086b00000, 0x0000000086c00000, 0x0000000086c00000|100%|HS|  |TAMS 0x0000000086c00000, 0x0000000086c00000| Complete 
| 108|0x0000000086c00000, 0x0000000086d00000, 0x0000000086d00000|100%|HS|  |TAMS 0x0000000086d00000, 0x0000000086d00000| Complete 
| 109|0x0000000086d00000, 0x0000000086e00000, 0x0000000086e00000|100%| O|  |TAMS 0x0000000086e00000, 0x0000000086e00000| Untracked 
| 110|0x0000000086e00000, 0x0000000086f00000, 0x0000000086f00000|100%| O|  |TAMS 0x0000000086f00000, 0x0000000086f00000| Untracked 
| 111|0x0000000086f00000, 0x0000000087000000, 0x0000000087000000|100%| O|  |TAMS 0x0000000087000000, 0x0000000087000000| Untracked 
| 112|0x0000000087000000, 0x0000000087100000, 0x0000000087100000|100%| O|  |TAMS 0x0000000087100000, 0x0000000087100000| Untracked 
| 113|0x0000000087100000, 0x0000000087200000, 0x0000000087200000|100%| O|  |TAMS 0x0000000087200000, 0x0000000087200000| Untracked 
| 114|0x0000000087200000, 0x0000000087300000, 0x0000000087300000|100%| O|  |TAMS 0x0000000087300000, 0x0000000087300000| Untracked 
| 115|0x0000000087300000, 0x0000000087400000, 0x0000000087400000|100%| O|  |TAMS 0x0000000087400000, 0x0000000087400000| Untracked 
| 116|0x0000000087400000, 0x0000000087500000, 0x0000000087500000|100%| O|  |TAMS 0x0000000087500000, 0x0000000087500000| Untracked 
| 117|0x0000000087500000, 0x0000000087600000, 0x0000000087600000|100%| O|  |TAMS 0x0000000087600000, 0x0000000087600000| Untracked 
| 118|0x0000000087600000, 0x0000000087700000, 0x0000000087700000|100%| O|  |TAMS 0x0000000087700000, 0x0000000087700000| Untracked 
| 119|0x0000000087700000, 0x0000000087800000, 0x0000000087800000|100%| O|  |TAMS 0x0000000087800000, 0x0000000087800000| Untracked 
| 120|0x0000000087800000, 0x0000000087900000, 0x0000000087900000|100%| O|  |TAMS 0x0000000087900000, 0x0000000087900000| Untracked 
| 121|0x0000000087900000, 0x0000000087a00000, 0x0000000087a00000|100%| O|  |TAMS 0x0000000087a00000, 0x0000000087a00000| Untracked 
| 122|0x0000000087a00000, 0x0000000087b00000, 0x0000000087b00000|100%| O|  |TAMS 0x0000000087b00000, 0x0000000087b00000| Untracked 
| 123|0x0000000087b00000, 0x0000000087c00000, 0x0000000087c00000|100%| O|  |TAMS 0x0000000087c00000, 0x0000000087c00000| Untracked 
| 124|0x0000000087c00000, 0x0000000087d00000, 0x0000000087d00000|100%| O|  |TAMS 0x0000000087d00000, 0x0000000087d00000| Untracked 
| 125|0x0000000087d00000, 0x0000000087e00000, 0x0000000087e00000|100%| O|  |TAMS 0x0000000087e00000, 0x0000000087e00000| Untracked 
| 126|0x0000000087e00000, 0x0000000087f00000, 0x0000000087f00000|100%| O|  |TAMS 0x0000000087f00000, 0x0000000087f00000| Untracked 
| 127|0x0000000087f00000, 0x0000000088000000, 0x0000000088000000|100%| O|  |TAMS 0x0000000087f00000, 0x0000000088000000| Untracked 
| 128|0x0000000088000000, 0x0000000088100000, 0x0000000088100000|100%| O|  |TAMS 0x0000000088100000, 0x0000000088100000| Untracked 
| 129|0x0000000088100000, 0x0000000088200000, 0x0000000088200000|100%| O|  |TAMS 0x0000000088200000, 0x0000000088200000| Untracked 
| 130|0x0000000088200000, 0x0000000088300000, 0x0000000088300000|100%| O|  |TAMS 0x0000000088300000, 0x0000000088300000| Untracked 
| 131|0x0000000088300000, 0x0000000088400000, 0x0000000088400000|100%| O|  |TAMS 0x0000000088400000, 0x0000000088400000| Untracked 
| 132|0x0000000088400000, 0x0000000088500000, 0x0000000088500000|100%| O|  |TAMS 0x0000000088500000, 0x0000000088500000| Untracked 
| 133|0x0000000088500000, 0x0000000088600000, 0x0000000088600000|100%| O|  |TAMS 0x0000000088500000, 0x0000000088600000| Untracked 
| 134|0x0000000088600000, 0x0000000088700000, 0x0000000088700000|100%| O|  |TAMS 0x0000000088600000, 0x0000000088700000| Untracked 
| 135|0x0000000088700000, 0x0000000088800000, 0x0000000088800000|100%| O|  |TAMS 0x0000000088800000, 0x0000000088800000| Untracked 
| 136|0x0000000088800000, 0x0000000088900000, 0x0000000088900000|100%| O|  |TAMS 0x0000000088900000, 0x0000000088900000| Untracked 
| 137|0x0000000088900000, 0x0000000088a00000, 0x0000000088a00000|100%| O|  |TAMS 0x0000000088a00000, 0x0000000088a00000| Untracked 
| 138|0x0000000088a00000, 0x0000000088b00000, 0x0000000088b00000|100%| O|  |TAMS 0x0000000088b00000, 0x0000000088b00000| Untracked 
| 139|0x0000000088b00000, 0x0000000088c00000, 0x0000000088c00000|100%| O|  |TAMS 0x0000000088c00000, 0x0000000088c00000| Untracked 
| 140|0x0000000088c00000, 0x0000000088d00000, 0x0000000088d00000|100%| O|  |TAMS 0x0000000088d00000, 0x0000000088d00000| Untracked 
| 141|0x0000000088d00000, 0x0000000088e00000, 0x0000000088e00000|100%| O|  |TAMS 0x0000000088e00000, 0x0000000088e00000| Untracked 
| 142|0x0000000088e00000, 0x0000000088f00000, 0x0000000088f00000|100%| O|  |TAMS 0x0000000088f00000, 0x0000000088f00000| Untracked 
| 143|0x0000000088f00000, 0x0000000089000000, 0x0000000089000000|100%| O|  |TAMS 0x0000000089000000, 0x0000000089000000| Untracked 
| 144|0x0000000089000000, 0x0000000089100000, 0x0000000089100000|100%| O|  |TAMS 0x0000000089100000, 0x0000000089100000| Untracked 
| 145|0x0000000089100000, 0x0000000089200000, 0x0000000089200000|100%| O|  |TAMS 0x0000000089200000, 0x0000000089200000| Untracked 
| 146|0x0000000089200000, 0x0000000089300000, 0x0000000089300000|100%| O|  |TAMS 0x0000000089300000, 0x0000000089300000| Untracked 
| 147|0x0000000089300000, 0x0000000089400000, 0x0000000089400000|100%| O|  |TAMS 0x0000000089400000, 0x0000000089400000| Untracked 
| 148|0x0000000089400000, 0x0000000089500000, 0x0000000089500000|100%| O|  |TAMS 0x0000000089500000, 0x0000000089500000| Untracked 
| 149|0x0000000089500000, 0x0000000089600000, 0x0000000089600000|100%| O|  |TAMS 0x0000000089600000, 0x0000000089600000| Untracked 
| 150|0x0000000089600000, 0x0000000089700000, 0x0000000089700000|100%| O|  |TAMS 0x0000000089700000, 0x0000000089700000| Untracked 
| 151|0x0000000089700000, 0x0000000089800000, 0x0000000089800000|100%| O|  |TAMS 0x0000000089800000, 0x0000000089800000| Untracked 
| 152|0x0000000089800000, 0x0000000089900000, 0x0000000089900000|100%| O|  |TAMS 0x0000000089900000, 0x0000000089900000| Untracked 
| 153|0x0000000089900000, 0x0000000089a00000, 0x0000000089a00000|100%| O|  |TAMS 0x0000000089a00000, 0x0000000089a00000| Untracked 
| 154|0x0000000089a00000, 0x0000000089b00000, 0x0000000089b00000|100%| O|  |TAMS 0x0000000089b00000, 0x0000000089b00000| Untracked 
| 155|0x0000000089b00000, 0x0000000089c00000, 0x0000000089c00000|100%| O|  |TAMS 0x0000000089c00000, 0x0000000089c00000| Untracked 
| 156|0x0000000089c00000, 0x0000000089d00000, 0x0000000089d00000|100%| O|  |TAMS 0x0000000089d00000, 0x0000000089d00000| Untracked 
| 157|0x0000000089d00000, 0x0000000089e00000, 0x0000000089e00000|100%| O|  |TAMS 0x0000000089e00000, 0x0000000089e00000| Untracked 
| 158|0x0000000089e00000, 0x0000000089f00000, 0x0000000089f00000|100%| O|  |TAMS 0x0000000089f00000, 0x0000000089f00000| Untracked 
| 159|0x0000000089f00000, 0x000000008a000000, 0x000000008a000000|100%| O|  |TAMS 0x000000008a000000, 0x000000008a000000| Untracked 
| 160|0x000000008a000000, 0x000000008a100000, 0x000000008a100000|100%| O|  |TAMS 0x000000008a100000, 0x000000008a100000| Untracked 
| 161|0x000000008a100000, 0x000000008a200000, 0x000000008a200000|100%| O|  |TAMS 0x000000008a200000, 0x000000008a200000| Untracked 
| 162|0x000000008a200000, 0x000000008a300000, 0x000000008a300000|100%| O|  |TAMS 0x000000008a300000, 0x000000008a300000| Untracked 
| 163|0x000000008a300000, 0x000000008a400000, 0x000000008a400000|100%| O|  |TAMS 0x000000008a400000, 0x000000008a400000| Untracked 
| 164|0x000000008a400000, 0x000000008a500000, 0x000000008a500000|100%| O|  |TAMS 0x000000008a500000, 0x000000008a500000| Untracked 
| 165|0x000000008a500000, 0x000000008a600000, 0x000000008a600000|100%| O|  |TAMS 0x000000008a600000, 0x000000008a600000| Untracked 
| 166|0x000000008a600000, 0x000000008a700000, 0x000000008a700000|100%| O|  |TAMS 0x000000008a700000, 0x000000008a700000| Untracked 
| 167|0x000000008a700000, 0x000000008a800000, 0x000000008a800000|100%| O|  |TAMS 0x000000008a800000, 0x000000008a800000| Untracked 
| 168|0x000000008a800000, 0x000000008a900000, 0x000000008a900000|100%| O|  |TAMS 0x000000008a900000, 0x000000008a900000| Untracked 
| 169|0x000000008a900000, 0x000000008aa00000, 0x000000008aa00000|100%| O|  |TAMS 0x000000008aa00000, 0x000000008aa00000| Untracked 
| 170|0x000000008aa00000, 0x000000008ab00000, 0x000000008ab00000|100%| O|  |TAMS 0x000000008ab00000, 0x000000008ab00000| Untracked 
| 171|0x000000008ab00000, 0x000000008ac00000, 0x000000008ac00000|100%| O|  |TAMS 0x000000008ac00000, 0x000000008ac00000| Untracked 
| 172|0x000000008ac00000, 0x000000008ad00000, 0x000000008ad00000|100%| O|  |TAMS 0x000000008ad00000, 0x000000008ad00000| Untracked 
| 173|0x000000008ad00000, 0x000000008ae00000, 0x000000008ae00000|100%| O|  |TAMS 0x000000008ae00000, 0x000000008ae00000| Untracked 
| 174|0x000000008ae00000, 0x000000008af00000, 0x000000008af00000|100%| O|  |TAMS 0x000000008af00000, 0x000000008af00000| Untracked 
| 175|0x000000008af00000, 0x000000008b000000, 0x000000008b000000|100%| O|  |TAMS 0x000000008b000000, 0x000000008b000000| Untracked 
| 176|0x000000008b000000, 0x000000008b100000, 0x000000008b100000|100%| O|  |TAMS 0x000000008b100000, 0x000000008b100000| Untracked 
| 177|0x000000008b100000, 0x000000008b200000, 0x000000008b200000|100%| O|  |TAMS 0x000000008b200000, 0x000000008b200000| Untracked 
| 178|0x000000008b200000, 0x000000008b300000, 0x000000008b300000|100%| O|  |TAMS 0x000000008b300000, 0x000000008b300000| Untracked 
| 179|0x000000008b300000, 0x000000008b400000, 0x000000008b400000|100%| O|  |TAMS 0x000000008b400000, 0x000000008b400000| Untracked 
| 180|0x000000008b400000, 0x000000008b500000, 0x000000008b500000|100%| O|  |TAMS 0x000000008b500000, 0x000000008b500000| Untracked 
| 181|0x000000008b500000, 0x000000008b600000, 0x000000008b600000|100%| O|  |TAMS 0x000000008b600000, 0x000000008b600000| Untracked 
| 182|0x000000008b600000, 0x000000008b700000, 0x000000008b700000|100%| O|  |TAMS 0x000000008b700000, 0x000000008b700000| Untracked 
| 183|0x000000008b700000, 0x000000008b800000, 0x000000008b800000|100%| O|  |TAMS 0x000000008b800000, 0x000000008b800000| Untracked 
| 184|0x000000008b800000, 0x000000008b900000, 0x000000008b900000|100%| O|  |TAMS 0x000000008b900000, 0x000000008b900000| Untracked 
| 185|0x000000008b900000, 0x000000008ba00000, 0x000000008ba00000|100%| O|  |TAMS 0x000000008ba00000, 0x000000008ba00000| Untracked 
| 186|0x000000008ba00000, 0x000000008bb00000, 0x000000008bb00000|100%| O|  |TAMS 0x000000008bb00000, 0x000000008bb00000| Untracked 
| 187|0x000000008bb00000, 0x000000008bc00000, 0x000000008bc00000|100%| O|  |TAMS 0x000000008bc00000, 0x000000008bc00000| Untracked 
| 188|0x000000008bc00000, 0x000000008bd00000, 0x000000008bd00000|100%| O|  |TAMS 0x000000008bd00000, 0x000000008bd00000| Untracked 
| 189|0x000000008bd00000, 0x000000008be00000, 0x000000008be00000|100%| O|  |TAMS 0x000000008be00000, 0x000000008be00000| Untracked 
| 190|0x000000008be00000, 0x000000008bf00000, 0x000000008bf00000|100%| O|  |TAMS 0x000000008bf00000, 0x000000008bf00000| Untracked 
| 191|0x000000008bf00000, 0x000000008c000000, 0x000000008c000000|100%|HS|  |TAMS 0x000000008bf00000, 0x000000008c000000| Complete 
| 192|0x000000008c000000, 0x000000008c100000, 0x000000008c100000|100%| O|  |TAMS 0x000000008c100000, 0x000000008c100000| Untracked 
| 193|0x000000008c100000, 0x000000008c200000, 0x000000008c200000|100%| O|  |TAMS 0x000000008c200000, 0x000000008c200000| Untracked 
| 194|0x000000008c200000, 0x000000008c300000, 0x000000008c300000|100%| O|  |TAMS 0x000000008c300000, 0x000000008c300000| Untracked 
| 195|0x000000008c300000, 0x000000008c400000, 0x000000008c400000|100%| O|  |TAMS 0x000000008c400000, 0x000000008c400000| Untracked 
| 196|0x000000008c400000, 0x000000008c500000, 0x000000008c500000|100%| O|  |TAMS 0x000000008c500000, 0x000000008c500000| Untracked 
| 197|0x000000008c500000, 0x000000008c600000, 0x000000008c600000|100%| O|  |TAMS 0x000000008c600000, 0x000000008c600000| Untracked 
| 198|0x000000008c600000, 0x000000008c700000, 0x000000008c700000|100%| O|  |TAMS 0x000000008c700000, 0x000000008c700000| Untracked 
| 199|0x000000008c700000, 0x000000008c800000, 0x000000008c800000|100%| O|  |TAMS 0x000000008c800000, 0x000000008c800000| Untracked 
| 200|0x000000008c800000, 0x000000008c900000, 0x000000008c900000|100%| O|  |TAMS 0x000000008c900000, 0x000000008c900000| Untracked 
| 201|0x000000008c900000, 0x000000008ca00000, 0x000000008ca00000|100%| O|  |TAMS 0x000000008ca00000, 0x000000008ca00000| Untracked 
| 202|0x000000008ca00000, 0x000000008cb00000, 0x000000008cb00000|100%| O|  |TAMS 0x000000008cb00000, 0x000000008cb00000| Untracked 
| 203|0x000000008cb00000, 0x000000008cc00000, 0x000000008cc00000|100%| O|  |TAMS 0x000000008cc00000, 0x000000008cc00000| Untracked 
| 204|0x000000008cc00000, 0x000000008cd00000, 0x000000008cd00000|100%| O|  |TAMS 0x000000008cd00000, 0x000000008cd00000| Untracked 
| 205|0x000000008cd00000, 0x000000008ce00000, 0x000000008ce00000|100%| O|  |TAMS 0x000000008ce00000, 0x000000008ce00000| Untracked 
| 206|0x000000008ce00000, 0x000000008cf00000, 0x000000008cf00000|100%| O|  |TAMS 0x000000008cf00000, 0x000000008cf00000| Untracked 
| 207|0x000000008cf00000, 0x000000008d000000, 0x000000008d000000|100%| O|  |TAMS 0x000000008d000000, 0x000000008d000000| Untracked 
| 208|0x000000008d000000, 0x000000008d100000, 0x000000008d100000|100%| O|  |TAMS 0x000000008d100000, 0x000000008d100000| Untracked 
| 209|0x000000008d100000, 0x000000008d200000, 0x000000008d200000|100%| O|  |TAMS 0x000000008d200000, 0x000000008d200000| Untracked 
| 210|0x000000008d200000, 0x000000008d300000, 0x000000008d300000|100%| O|  |TAMS 0x000000008d300000, 0x000000008d300000| Untracked 
| 211|0x000000008d300000, 0x000000008d400000, 0x000000008d400000|100%| O|  |TAMS 0x000000008d400000, 0x000000008d400000| Untracked 
| 212|0x000000008d400000, 0x000000008d500000, 0x000000008d500000|100%| O|  |TAMS 0x000000008d500000, 0x000000008d500000| Untracked 
| 213|0x000000008d500000, 0x000000008d600000, 0x000000008d600000|100%| O|  |TAMS 0x000000008d600000, 0x000000008d600000| Untracked 
| 214|0x000000008d600000, 0x000000008d700000, 0x000000008d700000|100%| O|  |TAMS 0x000000008d700000, 0x000000008d700000| Untracked 
| 215|0x000000008d700000, 0x000000008d800000, 0x000000008d800000|100%| O|  |TAMS 0x000000008d800000, 0x000000008d800000| Untracked 
| 216|0x000000008d800000, 0x000000008d900000, 0x000000008d900000|100%| O|  |TAMS 0x000000008d900000, 0x000000008d900000| Untracked 
| 217|0x000000008d900000, 0x000000008da00000, 0x000000008da00000|100%| O|  |TAMS 0x000000008da00000, 0x000000008da00000| Untracked 
| 218|0x000000008da00000, 0x000000008db00000, 0x000000008db00000|100%| O|  |TAMS 0x000000008db00000, 0x000000008db00000| Untracked 
| 219|0x000000008db00000, 0x000000008dc00000, 0x000000008dc00000|100%| O|  |TAMS 0x000000008dc00000, 0x000000008dc00000| Untracked 
| 220|0x000000008dc00000, 0x000000008dd00000, 0x000000008dd00000|100%| O|  |TAMS 0x000000008dd00000, 0x000000008dd00000| Untracked 
| 221|0x000000008dd00000, 0x000000008de00000, 0x000000008de00000|100%|HS|  |TAMS 0x000000008dd00000, 0x000000008de00000| Complete 
| 222|0x000000008de00000, 0x000000008df00000, 0x000000008df00000|100%|HS|  |TAMS 0x000000008de00000, 0x000000008df00000| Complete 
| 223|0x000000008df00000, 0x000000008e000000, 0x000000008e000000|100%| O|  |TAMS 0x000000008e000000, 0x000000008e000000| Untracked 
| 224|0x000000008e000000, 0x000000008e100000, 0x000000008e100000|100%| O|  |TAMS 0x000000008e100000, 0x000000008e100000| Untracked 
| 225|0x000000008e100000, 0x000000008e200000, 0x000000008e200000|100%| O|  |TAMS 0x000000008e200000, 0x000000008e200000| Untracked 
| 226|0x000000008e200000, 0x000000008e300000, 0x000000008e300000|100%| O|  |TAMS 0x000000008e300000, 0x000000008e300000| Untracked 
| 227|0x000000008e300000, 0x000000008e400000, 0x000000008e400000|100%| O|  |TAMS 0x000000008e400000, 0x000000008e400000| Untracked 
| 228|0x000000008e400000, 0x000000008e500000, 0x000000008e500000|100%| O|  |TAMS 0x000000008e500000, 0x000000008e500000| Untracked 
| 229|0x000000008e500000, 0x000000008e600000, 0x000000008e600000|100%| O|  |TAMS 0x000000008e500000, 0x000000008e600000| Untracked 
| 230|0x000000008e600000, 0x000000008e700000, 0x000000008e700000|100%| O|  |TAMS 0x000000008e700000, 0x000000008e700000| Untracked 
| 231|0x000000008e700000, 0x000000008e800000, 0x000000008e800000|100%| O|  |TAMS 0x000000008e800000, 0x000000008e800000| Untracked 
| 232|0x000000008e800000, 0x000000008e900000, 0x000000008e900000|100%| O|  |TAMS 0x000000008e900000, 0x000000008e900000| Untracked 
| 233|0x000000008e900000, 0x000000008ea00000, 0x000000008ea00000|100%| O|  |TAMS 0x000000008ea00000, 0x000000008ea00000| Untracked 
| 234|0x000000008ea00000, 0x000000008eb00000, 0x000000008eb00000|100%| O|  |TAMS 0x000000008eb00000, 0x000000008eb00000| Untracked 
| 235|0x000000008eb00000, 0x000000008ec00000, 0x000000008ec00000|100%| O|  |TAMS 0x000000008ec00000, 0x000000008ec00000| Untracked 
| 236|0x000000008ec00000, 0x000000008ed00000, 0x000000008ed00000|100%|HS|  |TAMS 0x000000008ec00000, 0x000000008ed00000| Complete 
| 237|0x000000008ed00000, 0x000000008ee00000, 0x000000008ee00000|100%| O|  |TAMS 0x000000008ed00000, 0x000000008ee00000| Untracked 
| 238|0x000000008ee00000, 0x000000008ef00000, 0x000000008ef00000|100%| O|  |TAMS 0x000000008ef00000, 0x000000008ef00000| Untracked 
| 239|0x000000008ef00000, 0x000000008f000000, 0x000000008f000000|100%| O|  |TAMS 0x000000008f000000, 0x000000008f000000| Untracked 
| 240|0x000000008f000000, 0x000000008f100000, 0x000000008f100000|100%| O|  |TAMS 0x000000008f093200, 0x000000008f100000| Untracked 
| 241|0x000000008f100000, 0x000000008f200000, 0x000000008f200000|100%| O|  |TAMS 0x000000008f100000, 0x000000008f200000| Untracked 
| 242|0x000000008f200000, 0x000000008f217000, 0x000000008f300000|  8%| O|  |TAMS 0x000000008f200000, 0x000000008f217000| Untracked 
| 243|0x000000008f300000, 0x000000008f300000, 0x000000008f400000|  0%| F|  |TAMS 0x000000008f300000, 0x000000008f300000| Untracked 
| 244|0x000000008f400000, 0x000000008f400000, 0x000000008f500000|  0%| F|  |TAMS 0x000000008f400000, 0x000000008f400000| Untracked 
| 245|0x000000008f500000, 0x000000008f500000, 0x000000008f600000|  0%| F|  |TAMS 0x000000008f500000, 0x000000008f500000| Untracked 
| 246|0x000000008f600000, 0x000000008f600000, 0x000000008f700000|  0%| F|  |TAMS 0x000000008f600000, 0x000000008f600000| Untracked 
| 247|0x000000008f700000, 0x000000008f800000, 0x000000008f800000|100%|HS|  |TAMS 0x000000008f700000, 0x000000008f800000| Complete 
| 248|0x000000008f800000, 0x000000008f900000, 0x000000008f900000|100%|HC|  |TAMS 0x000000008f800000, 0x000000008f900000| Complete 
| 249|0x000000008f900000, 0x000000008fa00000, 0x000000008fa00000|100%| O|  |TAMS 0x000000008f900000, 0x000000008fa00000| Untracked 
| 250|0x000000008fa00000, 0x000000008fb00000, 0x000000008fb00000|100%| O|  |TAMS 0x000000008fa00000, 0x000000008fb00000| Untracked 
| 251|0x000000008fb00000, 0x000000008fb00000, 0x000000008fc00000|  0%| F|  |TAMS 0x000000008fb00000, 0x000000008fb00000| Untracked 
| 252|0x000000008fc00000, 0x000000008fc00000, 0x000000008fd00000|  0%| F|  |TAMS 0x000000008fc00000, 0x000000008fc00000| Untracked 
| 253|0x000000008fd00000, 0x000000008fd00000, 0x000000008fe00000|  0%| F|  |TAMS 0x000000008fd00000, 0x000000008fd00000| Untracked 
| 254|0x000000008fe00000, 0x000000008fe00000, 0x000000008ff00000|  0%| F|  |TAMS 0x000000008fe00000, 0x000000008fe00000| Untracked 
| 255|0x000000008ff00000, 0x000000008ff00000, 0x0000000090000000|  0%| F|  |TAMS 0x000000008ff00000, 0x000000008ff00000| Untracked 
| 256|0x0000000090000000, 0x0000000090000000, 0x0000000090100000|  0%| F|  |TAMS 0x0000000090000000, 0x0000000090000000| Untracked 
| 257|0x0000000090100000, 0x0000000090100000, 0x0000000090200000|  0%| F|  |TAMS 0x0000000090100000, 0x0000000090100000| Untracked 
| 258|0x0000000090200000, 0x0000000090200000, 0x0000000090300000|  0%| F|  |TAMS 0x0000000090200000, 0x0000000090200000| Untracked 
| 259|0x0000000090300000, 0x0000000090300000, 0x0000000090400000|  0%| F|  |TAMS 0x0000000090300000, 0x0000000090300000| Untracked 
| 260|0x0000000090400000, 0x0000000090400000, 0x0000000090500000|  0%| F|  |TAMS 0x0000000090400000, 0x0000000090400000| Untracked 
| 261|0x0000000090500000, 0x0000000090500000, 0x0000000090600000|  0%| F|  |TAMS 0x0000000090500000, 0x0000000090500000| Untracked 
| 262|0x0000000090600000, 0x0000000090600000, 0x0000000090700000|  0%| F|  |TAMS 0x0000000090600000, 0x0000000090600000| Untracked 
| 263|0x0000000090700000, 0x0000000090700000, 0x0000000090800000|  0%| F|  |TAMS 0x0000000090700000, 0x0000000090700000| Untracked 
| 264|0x0000000090800000, 0x0000000090800000, 0x0000000090900000|  0%| F|  |TAMS 0x0000000090800000, 0x0000000090800000| Untracked 
| 265|0x0000000090900000, 0x0000000090900000, 0x0000000090a00000|  0%| F|  |TAMS 0x0000000090900000, 0x0000000090900000| Untracked 
| 266|0x0000000090a00000, 0x0000000090a00000, 0x0000000090b00000|  0%| F|  |TAMS 0x0000000090a00000, 0x0000000090a00000| Untracked 
| 267|0x0000000090b00000, 0x0000000090b00000, 0x0000000090c00000|  0%| F|  |TAMS 0x0000000090b00000, 0x0000000090b00000| Untracked 
| 268|0x0000000090c00000, 0x0000000090c00000, 0x0000000090d00000|  0%| F|  |TAMS 0x0000000090c00000, 0x0000000090c00000| Untracked 
| 269|0x0000000090d00000, 0x0000000090d00000, 0x0000000090e00000|  0%| F|  |TAMS 0x0000000090d00000, 0x0000000090d00000| Untracked 
| 270|0x0000000090e00000, 0x0000000090e00000, 0x0000000090f00000|  0%| F|  |TAMS 0x0000000090e00000, 0x0000000090e00000| Untracked 
| 271|0x0000000090f00000, 0x0000000090f00000, 0x0000000091000000|  0%| F|  |TAMS 0x0000000090f00000, 0x0000000090f00000| Untracked 
| 272|0x0000000091000000, 0x0000000091000000, 0x0000000091100000|  0%| F|  |TAMS 0x0000000091000000, 0x0000000091000000| Untracked 
| 273|0x0000000091100000, 0x0000000091100000, 0x0000000091200000|  0%| F|  |TAMS 0x0000000091100000, 0x0000000091100000| Untracked 
| 274|0x0000000091200000, 0x0000000091200000, 0x0000000091300000|  0%| F|  |TAMS 0x0000000091200000, 0x0000000091200000| Untracked 
| 275|0x0000000091300000, 0x0000000091300000, 0x0000000091400000|  0%| F|  |TAMS 0x0000000091300000, 0x0000000091300000| Untracked 
| 276|0x0000000091400000, 0x0000000091400000, 0x0000000091500000|  0%| F|  |TAMS 0x0000000091400000, 0x0000000091400000| Untracked 
| 277|0x0000000091500000, 0x0000000091500000, 0x0000000091600000|  0%| F|  |TAMS 0x0000000091500000, 0x0000000091500000| Untracked 
| 278|0x0000000091600000, 0x0000000091600000, 0x0000000091700000|  0%| F|  |TAMS 0x0000000091600000, 0x0000000091600000| Untracked 
| 279|0x0000000091700000, 0x0000000091700000, 0x0000000091800000|  0%| F|  |TAMS 0x0000000091700000, 0x0000000091700000| Untracked 
| 280|0x0000000091800000, 0x0000000091800000, 0x0000000091900000|  0%| F|  |TAMS 0x0000000091800000, 0x0000000091800000| Untracked 
| 281|0x0000000091900000, 0x0000000091900000, 0x0000000091a00000|  0%| F|  |TAMS 0x0000000091900000, 0x0000000091900000| Untracked 
| 282|0x0000000091a00000, 0x0000000091a00000, 0x0000000091b00000|  0%| F|  |TAMS 0x0000000091a00000, 0x0000000091a00000| Untracked 
| 283|0x0000000091b00000, 0x0000000091b00000, 0x0000000091c00000|  0%| F|  |TAMS 0x0000000091b00000, 0x0000000091b00000| Untracked 
| 284|0x0000000091c00000, 0x0000000091c00000, 0x0000000091d00000|  0%| F|  |TAMS 0x0000000091c00000, 0x0000000091c00000| Untracked 
| 285|0x0000000091d00000, 0x0000000091d00000, 0x0000000091e00000|  0%| F|  |TAMS 0x0000000091d00000, 0x0000000091d00000| Untracked 
| 286|0x0000000091e00000, 0x0000000091e00000, 0x0000000091f00000|  0%| F|  |TAMS 0x0000000091e00000, 0x0000000091e00000| Untracked 
| 287|0x0000000091f00000, 0x0000000091f00000, 0x0000000092000000|  0%| F|  |TAMS 0x0000000091f00000, 0x0000000091f00000| Untracked 
| 288|0x0000000092000000, 0x0000000092000000, 0x0000000092100000|  0%| F|  |TAMS 0x0000000092000000, 0x0000000092000000| Untracked 
| 289|0x0000000092100000, 0x0000000092100000, 0x0000000092200000|  0%| F|  |TAMS 0x0000000092100000, 0x0000000092100000| Untracked 
| 290|0x0000000092200000, 0x0000000092200000, 0x0000000092300000|  0%| F|  |TAMS 0x0000000092200000, 0x0000000092200000| Untracked 
| 291|0x0000000092300000, 0x0000000092300000, 0x0000000092400000|  0%| F|  |TAMS 0x0000000092300000, 0x0000000092300000| Untracked 
| 292|0x0000000092400000, 0x0000000092400000, 0x0000000092500000|  0%| F|  |TAMS 0x0000000092400000, 0x0000000092400000| Untracked 
| 293|0x0000000092500000, 0x0000000092500000, 0x0000000092600000|  0%| F|  |TAMS 0x0000000092500000, 0x0000000092500000| Untracked 
| 294|0x0000000092600000, 0x0000000092600000, 0x0000000092700000|  0%| F|  |TAMS 0x0000000092600000, 0x0000000092600000| Untracked 
| 295|0x0000000092700000, 0x0000000092700000, 0x0000000092800000|  0%| F|  |TAMS 0x0000000092700000, 0x0000000092700000| Untracked 
| 296|0x0000000092800000, 0x0000000092800000, 0x0000000092900000|  0%| F|  |TAMS 0x0000000092800000, 0x0000000092800000| Untracked 
| 297|0x0000000092900000, 0x0000000092900000, 0x0000000092a00000|  0%| F|  |TAMS 0x0000000092900000, 0x0000000092900000| Untracked 
| 298|0x0000000092a00000, 0x0000000092a00000, 0x0000000092b00000|  0%| F|  |TAMS 0x0000000092a00000, 0x0000000092a00000| Untracked 
| 299|0x0000000092b00000, 0x0000000092b00000, 0x0000000092c00000|  0%| F|  |TAMS 0x0000000092b00000, 0x0000000092b00000| Untracked 
| 300|0x0000000092c00000, 0x0000000092c00000, 0x0000000092d00000|  0%| F|  |TAMS 0x0000000092c00000, 0x0000000092c00000| Untracked 
| 301|0x0000000092d00000, 0x0000000092d00000, 0x0000000092e00000|  0%| F|  |TAMS 0x0000000092d00000, 0x0000000092d00000| Untracked 
| 302|0x0000000092e00000, 0x0000000092e00000, 0x0000000092f00000|  0%| F|  |TAMS 0x0000000092e00000, 0x0000000092e00000| Untracked 
| 303|0x0000000092f00000, 0x0000000092f00000, 0x0000000093000000|  0%| F|  |TAMS 0x0000000092f00000, 0x0000000092f00000| Untracked 
| 304|0x0000000093000000, 0x0000000093000000, 0x0000000093100000|  0%| F|  |TAMS 0x0000000093000000, 0x0000000093000000| Untracked 
| 305|0x0000000093100000, 0x0000000093100000, 0x0000000093200000|  0%| F|  |TAMS 0x0000000093100000, 0x0000000093100000| Untracked 
| 306|0x0000000093200000, 0x0000000093200000, 0x0000000093300000|  0%| F|  |TAMS 0x0000000093200000, 0x0000000093200000| Untracked 
| 307|0x0000000093300000, 0x0000000093300000, 0x0000000093400000|  0%| F|  |TAMS 0x0000000093300000, 0x0000000093300000| Untracked 
| 308|0x0000000093400000, 0x00000000934b1840, 0x0000000093500000| 69%| S|CS|TAMS 0x0000000093400000, 0x0000000093400000| Complete 
| 309|0x0000000093500000, 0x0000000093500000, 0x0000000093600000|  0%| F|  |TAMS 0x0000000093500000, 0x0000000093500000| Untracked 
| 310|0x0000000093600000, 0x0000000093600000, 0x0000000093700000|  0%| F|  |TAMS 0x0000000093600000, 0x0000000093600000| Untracked 

Card table byte_map: [0x000001a94c770000,0x000001a94cb70000] _byte_map_base: 0x000001a94c370000

Marking Bits (Prev, Next): (CMBitMap*) 0x000001a937a7c5d8, (CMBitMap*) 0x000001a937a7c610
 Prev Bits: [0x000001a94cf70000, 0x000001a94ef70000)
 Next Bits: [0x000001a94ef70000, 0x000001a950f70000)

Polling page: 0x000001a937900000

Metaspace:

Usage:
  Non-class:     69.60 MB capacity,    68.16 MB ( 98%) used,     1.24 MB (  2%) free+waste,   209.88 KB ( <1%) overhead. 
      Class:     11.03 MB capacity,    10.23 MB ( 93%) used,   724.27 KB (  6%) free+waste,    95.69 KB ( <1%) overhead. 
       Both:     80.63 MB capacity,    78.38 MB ( 97%) used,     1.95 MB (  2%) free+waste,   305.56 KB ( <1%) overhead. 

Virtual space:
  Non-class space:       70.00 MB reserved,      69.83 MB (>99%) committed 
      Class space:        1.00 GB reserved,      11.13 MB (  1%) committed 
             Both:        1.07 GB reserved,      80.95 MB (  7%) committed 

Chunk freelists:
   Non-Class:  43.00 KB
       Class:  5.00 KB
        Both:  48.00 KB

MaxMetaspaceSize: 17179869184.00 GB
CompressedClassSpaceSize: 1.00 GB
Initial GC threshold: 20.80 MB
Current GC threshold: 133.46 MB
CDS: off

CodeHeap 'non-profiled nmethods': size=120064Kb used=8408Kb max_used=8408Kb free=111655Kb
 bounds [0x000001a944810000, 0x000001a945050000, 0x000001a94bd50000]
CodeHeap 'profiled nmethods': size=120000Kb used=24463Kb max_used=24463Kb free=95536Kb
 bounds [0x000001a93d2e0000, 0x000001a93ead0000, 0x000001a944810000]
CodeHeap 'non-nmethods': size=5696Kb used=2351Kb max_used=2420Kb free=3344Kb
 bounds [0x000001a93cd50000, 0x000001a93cfc0000, 0x000001a93d2e0000]
 total_blobs=12182 nmethods=11325 adapters=769
 compilation: enabled
              stopped_count=0, restarted_count=0
 full_count=0

Compilation events (20 events):
Event: 18.505 Thread 0x000001a953eb9800 nmethod 11391 0x000001a93eac1490 code [0x000001a93eac1680, 0x000001a93eac1988]
Event: 18.505 Thread 0x000001a953eb9800 11392  s    2       java.io.File::readObject (80 bytes)
Event: 18.505 Thread 0x000001a953eb9800 nmethod 11392 0x000001a93eac1b90 code [0x000001a93eac1da0, 0x000001a93eac21f8]
Event: 18.505 Thread 0x000001a953eb9800 11393       2       java.io.ObjectInputStream::readChar (8 bytes)
Event: 18.505 Thread 0x000001a953eb9800 nmethod 11393 0x000001a93eac2410 code [0x000001a93eac25c0, 0x000001a93eac26e8]
Event: 18.505 Thread 0x000001a953eb9800 11394       2       java.io.ObjectInputStream$BlockDataInputStream::readChar (73 bytes)
Event: 18.505 Thread 0x000001a953eb9800 nmethod 11394 0x000001a93eac2790 code [0x000001a93eac2960, 0x000001a93eac2b78]
Event: 18.505 Thread 0x000001a953eb9800 11395       2       java.io.DataInputStream::readChar (40 bytes)
Event: 18.505 Thread 0x000001a953eb9800 nmethod 11395 0x000001a93eac2d10 code [0x000001a93eac2ee0, 0x000001a93eac3108]
Event: 18.505 Thread 0x000001a953eb9800 11410       1       com.android.builder.dexing.ClassFile::getContents (5 bytes)
Event: 18.505 Thread 0x000001a953eb9800 nmethod 11410 0x000001a945044d10 code [0x000001a945044ec0, 0x000001a945044f78]
Event: 18.506 Thread 0x000001a953eb9800 11413       2       kotlin.text.StringsKt__StringsJVMKt::endsWith (45 bytes)
Event: 18.507 Thread 0x000001a953eb9800 nmethod 11413 0x000001a93eac3210 code [0x000001a93eac3400, 0x000001a93eac3678]
Event: 18.507 Thread 0x000001a953eb9800 11414       2       java.util.stream.StreamSpliterators$WrappingSpliterator$$Lambda$34/0x00000001000fec40::accept (11 bytes)
Event: 18.507 Thread 0x000001a953eb9800 nmethod 11414 0x000001a93eac3910 code [0x000001a93eac3ac0, 0x000001a93eac3be8]
Event: 18.514 Thread 0x000001a953eb3800 nmethod 11409 0x000001a945045010 code [0x000001a9450451e0, 0x000001a945045718]
Event: 18.514 Thread 0x000001a953eb3800 11406       4       com.android.tools.r8.graph.x::computeEquals (26 bytes)
Event: 18.517 Thread 0x000001a953eb9800 11415       1       com.android.builder.dexing.NoCacheJarClassFileEntry::getInput (5 bytes)
Event: 18.517 Thread 0x000001a953eb9800 nmethod 11415 0x000001a945045b90 code [0x000001a945045d40, 0x000001a945045df8]
Event: 18.517 Thread 0x000001a953eb9800 11416       1       com.android.builder.dexing.JarClassFileInput::getPath (5 bytes)

GC Heap History (20 events):
Event: 15.628 GC heap after
{Heap after GC invocations=18 (full 0):
 garbage-first heap   total 318464K, used 196608K [0x0000000080000000, 0x0000000100000000)
  region size 1024K, 13 young (13312K), 13 survivors (13312K)
 Metaspace       used 78225K, capacity 80437K, committed 80720K, reserved 1120256K
  class space    used 10216K, capacity 10970K, committed 11008K, reserved 1048576K
}
Event: 15.812 GC heap before
{Heap before GC invocations=18 (full 0):
 garbage-first heap   total 318464K, used 244736K [0x0000000080000000, 0x0000000100000000)
  region size 1024K, 60 young (61440K), 13 survivors (13312K)
 Metaspace       used 78237K, capacity 80437K, committed 80720K, reserved 1120256K
  class space    used 10216K, capacity 10970K, committed 11008K, reserved 1048576K
}
Event: 15.863 GC heap after
{Heap after GC invocations=19 (full 0):
 garbage-first heap   total 318464K, used 224768K [0x0000000080000000, 0x0000000100000000)
  region size 1024K, 8 young (8192K), 8 survivors (8192K)
 Metaspace       used 78237K, capacity 80437K, committed 80720K, reserved 1120256K
  class space    used 10216K, capacity 10970K, committed 11008K, reserved 1048576K
}
Event: 16.159 GC heap before
{Heap before GC invocations=19 (full 0):
 garbage-first heap   total 318464K, used 252416K [0x0000000080000000, 0x0000000100000000)
  region size 1024K, 36 young (36864K), 8 survivors (8192K)
 Metaspace       used 79263K, capacity 81464K, committed 81744K, reserved 1120256K
  class space    used 10360K, capacity 11141K, committed 11264K, reserved 1048576K
}
Event: 16.181 GC heap after
{Heap after GC invocations=20 (full 0):
 garbage-first heap   total 318464K, used 239616K [0x0000000080000000, 0x0000000100000000)
  region size 1024K, 5 young (5120K), 5 survivors (5120K)
 Metaspace       used 79263K, capacity 81464K, committed 81744K, reserved 1120256K
  class space    used 10360K, capacity 11141K, committed 11264K, reserved 1048576K
}
Event: 16.479 GC heap before
{Heap before GC invocations=21 (full 0):
 garbage-first heap   total 318464K, used 260096K [0x0000000080000000, 0x0000000100000000)
  region size 1024K, 26 young (26624K), 5 survivors (5120K)
 Metaspace       used 79322K, capacity 81543K, committed 81744K, reserved 1120256K
  class space    used 10369K, capacity 11121K, committed 11264K, reserved 1048576K
}
Event: 16.495 GC heap after
{Heap after GC invocations=22 (full 0):
 garbage-first heap   total 318464K, used 246272K [0x0000000080000000, 0x0000000100000000)
  region size 1024K, 4 young (4096K), 4 survivors (4096K)
 Metaspace       used 79322K, capacity 81543K, committed 81744K, reserved 1120256K
  class space    used 10369K, capacity 11121K, committed 11264K, reserved 1048576K
}
Event: 16.600 GC heap before
{Heap before GC invocations=22 (full 0):
 garbage-first heap   total 318464K, used 265728K [0x0000000080000000, 0x0000000100000000)
  region size 1024K, 23 young (23552K), 4 survivors (4096K)
 Metaspace       used 79403K, capacity 81624K, committed 82000K, reserved 1120256K
  class space    used 10374K, capacity 11124K, committed 11264K, reserved 1048576K
}
Event: 16.613 GC heap after
{Heap after GC invocations=23 (full 0):
 garbage-first heap   total 318464K, used 249344K [0x0000000080000000, 0x0000000100000000)
  region size 1024K, 2 young (2048K), 2 survivors (2048K)
 Metaspace       used 79403K, capacity 81624K, committed 82000K, reserved 1120256K
  class space    used 10374K, capacity 11124K, committed 11264K, reserved 1048576K
}
Event: 17.227 GC heap before
{Heap before GC invocations=24 (full 0):
 garbage-first heap   total 318464K, used 261632K [0x0000000080000000, 0x0000000100000000)
  region size 1024K, 20 young (20480K), 2 survivors (2048K)
 Metaspace       used 79416K, capacity 81610K, committed 82000K, reserved 1120256K
  class space    used 10371K, capacity 11118K, committed 11264K, reserved 1048576K
}
Event: 17.235 GC heap after
{Heap after GC invocations=25 (full 0):
 garbage-first heap   total 318464K, used 246784K [0x0000000080000000, 0x0000000100000000)
  region size 1024K, 3 young (3072K), 3 survivors (3072K)
 Metaspace       used 79416K, capacity 81610K, committed 82000K, reserved 1120256K
  class space    used 10371K, capacity 11118K, committed 11264K, reserved 1048576K
}
Event: 17.359 GC heap before
{Heap before GC invocations=25 (full 0):
 garbage-first heap   total 318464K, used 261120K [0x0000000080000000, 0x0000000100000000)
  region size 1024K, 15 young (15360K), 3 survivors (3072K)
 Metaspace       used 79420K, capacity 81610K, committed 82000K, reserved 1120256K
  class space    used 10371K, capacity 11118K, committed 11264K, reserved 1048576K
}
Event: 17.374 GC heap after
{Heap after GC invocations=26 (full 0):
 garbage-first heap   total 318464K, used 239180K [0x0000000080000000, 0x0000000100000000)
  region size 1024K, 2 young (2048K), 2 survivors (2048K)
 Metaspace       used 79420K, capacity 81610K, committed 82000K, reserved 1120256K
  class space    used 10371K, capacity 11118K, committed 11264K, reserved 1048576K
}
Event: 17.446 GC heap before
{Heap before GC invocations=26 (full 0):
 garbage-first heap   total 318464K, used 248396K [0x0000000080000000, 0x0000000100000000)
  region size 1024K, 12 young (12288K), 2 survivors (2048K)
 Metaspace       used 79424K, capacity 81610K, committed 82000K, reserved 1120256K
  class space    used 10371K, capacity 11118K, committed 11264K, reserved 1048576K
}
Event: 17.454 GC heap after
{Heap after GC invocations=27 (full 0):
 garbage-first heap   total 318464K, used 241188K [0x0000000080000000, 0x0000000100000000)
  region size 1024K, 4 young (4096K), 4 survivors (4096K)
 Metaspace       used 79424K, capacity 81610K, committed 82000K, reserved 1120256K
  class space    used 10371K, capacity 11118K, committed 11264K, reserved 1048576K
}
Event: 18.358 GC heap before
{Heap before GC invocations=28 (full 0):
 garbage-first heap   total 318464K, used 279076K [0x0000000080000000, 0x0000000100000000)
  region size 1024K, 27 young (27648K), 4 survivors (4096K)
 Metaspace       used 79817K, capacity 82006K, committed 82256K, reserved 1120256K
  class space    used 10418K, capacity 11204K, committed 11264K, reserved 1048576K
}
Event: 18.369 GC heap after
{Heap after GC invocations=29 (full 0):
 garbage-first heap   total 318464K, used 250037K [0x0000000080000000, 0x0000000100000000)
  region size 1024K, 4 young (4096K), 4 survivors (4096K)
 Metaspace       used 79817K, capacity 82006K, committed 82256K, reserved 1120256K
  class space    used 10418K, capacity 11204K, committed 11264K, reserved 1048576K
}
Event: 18.508 GC heap before
{Heap before GC invocations=29 (full 0):
 garbage-first heap   total 318464K, used 260277K [0x0000000080000000, 0x0000000100000000)
  region size 1024K, 15 young (15360K), 4 survivors (4096K)
 Metaspace       used 80262K, capacity 82560K, committed 82896K, reserved 1120256K
  class space    used 10471K, capacity 11291K, committed 11392K, reserved 1048576K
}
Event: 18.514 GC heap after
{Heap after GC invocations=30 (full 0):
 garbage-first heap   total 318464K, used 252480K [0x0000000080000000, 0x0000000100000000)
  region size 1024K, 2 young (2048K), 2 survivors (2048K)
 Metaspace       used 80262K, capacity 82560K, committed 82896K, reserved 1120256K
  class space    used 10471K, capacity 11291K, committed 11392K, reserved 1048576K
}
Event: 18.517 GC heap before
{Heap before GC invocations=30 (full 0):
 garbage-first heap   total 318464K, used 253504K [0x0000000080000000, 0x0000000100000000)
  region size 1024K, 4 young (4096K), 2 survivors (2048K)
 Metaspace       used 80262K, capacity 82560K, committed 82896K, reserved 1120256K
  class space    used 10471K, capacity 11291K, committed 11392K, reserved 1048576K
}

Deoptimization events (20 events):
Event: 18.473 Thread 0x000001a95662e000 DEOPT PACKING pc=0x000001a93eabca9c sp=0x0000003739dfd420
Event: 18.473 Thread 0x000001a95662e000 DEOPT UNPACKING pc=0x000001a93cd9a95e sp=0x0000003739dfc9c0 mode 0
Event: 18.477 Thread 0x000001a956635000 DEOPT PACKING pc=0x000001a93d64d3fe sp=0x000000373a3fc610
Event: 18.477 Thread 0x000001a956635000 DEOPT UNPACKING pc=0x000001a93cd9a95e sp=0x000000373a3fbad0 mode 0
Event: 18.477 Thread 0x000001a956635000 Uncommon trap: trap_request=0xffffff4d fr.pc=0x000001a944e8b984 relative=0x00000000000005c4
Event: 18.477 Thread 0x000001a956635000 Uncommon trap: reason=unstable_if action=reinterpret pc=0x000001a944e8b984 method=java.util.regex.Pattern$SliceU.match(Ljava/util/regex/Matcher;ILjava/lang/CharSequence;)Z @ 18 c2
Event: 18.477 Thread 0x000001a956635000 DEOPT PACKING pc=0x000001a944e8b984 sp=0x000000373a3fdd70
Event: 18.477 Thread 0x000001a956635000 DEOPT UNPACKING pc=0x000001a93cd9a1af sp=0x000000373a3fdcf8 mode 2
Event: 18.493 Thread 0x000001a956635000 Uncommon trap: trap_request=0xffffff4d fr.pc=0x000001a944d1fe20 relative=0x00000000000000e0
Event: 18.493 Thread 0x000001a956635000 Uncommon trap: reason=unstable_if action=reinterpret pc=0x000001a944d1fe20 method=java.io.BufferedInputStream.fill()V @ 222 c2
Event: 18.493 Thread 0x000001a956635000 DEOPT PACKING pc=0x000001a944d1fe20 sp=0x000000373a3fd8d0
Event: 18.493 Thread 0x000001a956635000 DEOPT UNPACKING pc=0x000001a93cd9a1af sp=0x000000373a3fd850 mode 2
Event: 18.503 Thread 0x000001a956630000 Uncommon trap: trap_request=0xffffff4d fr.pc=0x000001a945040f44 relative=0x0000000000000404
Event: 18.503 Thread 0x000001a956630000 Uncommon trap: reason=unstable_if action=reinterpret pc=0x000001a945040f44 method=java.util.Objects.equals(Ljava/lang/Object;Ljava/lang/Object;)Z @ 6 c2
Event: 18.503 Thread 0x000001a956630000 DEOPT PACKING pc=0x000001a945040f44 sp=0x000000373a1fe860
Event: 18.503 Thread 0x000001a956630000 DEOPT UNPACKING pc=0x000001a93cd9a1af sp=0x000000373a1fe730 mode 2
Event: 18.503 Thread 0x000001a956630000 Uncommon trap: trap_request=0xfffffff4 fr.pc=0x000001a944ea6d2c relative=0x000000000000018c
Event: 18.503 Thread 0x000001a956630000 Uncommon trap: reason=null_check action=make_not_entrant pc=0x000001a944ea6d2c method=com.android.tools.r8.graph.e0.computeEquals(Ljava/lang/Object;)Z @ 1 c2
Event: 18.503 Thread 0x000001a956630000 DEOPT PACKING pc=0x000001a944ea6d2c sp=0x000000373a1fe710
Event: 18.503 Thread 0x000001a956630000 DEOPT UNPACKING pc=0x000001a93cd9a1af sp=0x000000373a1fe6a0 mode 2

Classes redefined (0 events):
No events

Internal exceptions (20 events):
Event: 13.050 Thread 0x000001a959df9000 Exception <a 'sun/nio/fs/WindowsException'{0x000000008d15e7c8}> (0x000000008d15e7c8) thrown at [./src/hotspot/share/prims/jni.cpp, line 615]
Event: 13.050 Thread 0x000001a959df9000 Exception <a 'sun/nio/fs/WindowsException'{0x000000008d15f130}> (0x000000008d15f130) thrown at [./src/hotspot/share/prims/jni.cpp, line 615]
Event: 13.050 Thread 0x000001a959df9000 Exception <a 'sun/nio/fs/WindowsException'{0x000000008d15fb18}> (0x000000008d15fb18) thrown at [./src/hotspot/share/prims/jni.cpp, line 615]
Event: 13.050 Thread 0x000001a959df9000 Exception <a 'sun/nio/fs/WindowsException'{0x000000008d1616c8}> (0x000000008d1616c8) thrown at [./src/hotspot/share/prims/jni.cpp, line 615]
Event: 13.050 Thread 0x000001a959df9000 Exception <a 'sun/nio/fs/WindowsException'{0x000000008d162040}> (0x000000008d162040) thrown at [./src/hotspot/share/prims/jni.cpp, line 615]
Event: 13.050 Thread 0x000001a959df9000 Exception <a 'sun/nio/fs/WindowsException'{0x000000008d162a38}> (0x000000008d162a38) thrown at [./src/hotspot/share/prims/jni.cpp, line 615]
Event: 14.241 Thread 0x000001a955822800 Exception <a 'java/lang/NoSuchMethodError'{0x00000000904a5c88}: 'void java.lang.invoke.DirectMethodHandle$Holder.invokeVirtual(java.lang.Object, java.lang.Object)'> (0x00000000904a5c88) thrown at [./src/hotspot/share/interpreter/linkResolver.cpp, line 773]
Event: 14.384 Thread 0x000001a955822800 Exception <a 'java/lang/NoSuchMethodError'{0x0000000090027cc0}: <clinit>> (0x0000000090027cc0) thrown at [./src/hotspot/share/prims/jni.cpp, line 1365]
Event: 14.385 Thread 0x000001a955822800 Exception <a 'java/lang/NoSuchMethodError'{0x000000009003ee58}: <clinit>> (0x000000009003ee58) thrown at [./src/hotspot/share/prims/jni.cpp, line 1365]
Event: 14.710 Thread 0x000001a956632000 Exception <a 'sun/nio/fs/WindowsException'{0x000000008ead4f38}> (0x000000008ead4f38) thrown at [./src/hotspot/share/prims/jni.cpp, line 615]
Event: 14.796 Thread 0x000001a956632000 Exception <a 'java/lang/NoSuchMethodError'{0x000000008e6db5d8}: 'java.lang.Object java.lang.invoke.DirectMethodHandle$Holder.invokeStatic(java.lang.Object, java.lang.Object, java.lang.Object, java.lang.Object, java.lang.Object, java.lang.Object, java.lang.Object, java.lang.Object, java.lang.Object, java.lang.Object, java.lang.Object, java.lang.Object, java.lang.Object, java.lang.Object, java.lang.Object, java.lang.Object, java.lang.Object, int, java.lang.Object)'> (0x000000008e6db5d8) thrown at [./src/hots
Event: 14.796 Thread 0x000001a956632000 Exception <a 'java/lang/NoSuchMethodError'{0x000000008e6e0c28}: 'java.lang.Object java.lang.invoke.DirectMethodHandle$Holder.invokeStaticInit(java.lang.Object, java.lang.Object, java.lang.Object, java.lang.Object, java.lang.Object, java.lang.Object, java.lang.Object, java.lang.Object, java.lang.Object, java.lang.Object, java.lang.Object, java.lang.Object, java.lang.Object, java.lang.Object, java.lang.Object, java.lang.Object, java.lang.Object, int, java.lang.Object)'> (0x000000008e6e0c28) thrown at [./src/
Event: 15.238 Thread 0x000001a95662e800 Exception <a 'java/lang/NoSuchMethodError'{0x0000000091740d08}: 'java.lang.Object java.lang.invoke.DirectMethodHandle$Holder.newInvokeSpecial(java.lang.Object, int)'> (0x0000000091740d08) thrown at [./src/hotspot/share/interpreter/linkResolver.cpp, line 773]
Event: 15.278 Thread 0x000001a95662d000 Implicit null exception at 0x000001a9449cf5af to 0x000001a9449cf6a0
Event: 16.054 Thread 0x000001a956632000 Exception <a 'java/lang/NoSuchMethodError'{0x0000000091d43df8}: 'long java.lang.invoke.DirectMethodHandle$Holder.invokeStatic(java.lang.Object, java.lang.Object)'> (0x0000000091d43df8) thrown at [./src/hotspot/share/interpreter/linkResolver.cpp, line 773]
Event: 16.058 Thread 0x000001a95662d000 Exception <a 'java/lang/NoSuchMethodError'{0x000000009216a148}: 'void java.lang.invoke.DirectMethodHandle$Holder.invokeSpecial(java.lang.Object, java.lang.Object, int, java.lang.Object)'> (0x000000009216a148) thrown at [./src/hotspot/share/interpreter/linkResolver.cpp, line 773]
Event: 16.311 Thread 0x000001a956632000 Implicit null exception at 0x000001a944ec1d1a to 0x000001a944ec1e61
Event: 18.405 Thread 0x000001a959df9000 Exception <a 'java/lang/NoSuchMethodError'{0x00000000935b7970}: <clinit>> (0x00000000935b7970) thrown at [./src/hotspot/share/prims/jni.cpp, line 1365]
Event: 18.503 Thread 0x000001a956630000 Implicit null exception at 0x000001a945040c37 to 0x000001a945040f10
Event: 18.503 Thread 0x000001a956630000 Implicit null exception at 0x000001a944ea6bcc to 0x000001a944ea6d1c

Events (20 events):
Event: 18.480 loading class com/android/builder/dexing/JarClassFileInput
Event: 18.480 loading class com/android/builder/dexing/JarClassFileInput done
Event: 18.481 loading class com/android/builder/dexing/NoCacheJarClassFileEntry
Event: 18.481 loading class com/android/builder/dexing/NoCacheJarClassFileEntry done
Event: 18.481 loading class com/google/common/io/ByteStreams
Event: 18.481 loading class com/google/common/io/ByteStreams done
Event: 18.482 loading class com/google/common/io/ByteStreams$1
Event: 18.482 loading class com/google/common/io/ByteStreams$1 done
Event: 18.482 loading class com/google/common/io/ByteStreams$LimitedInputStream
Event: 18.482 loading class com/google/common/io/ByteStreams$LimitedInputStream done
Event: 18.482 loading class com/google/common/io/ByteArrayDataOutput
Event: 18.482 loading class com/google/common/io/ByteArrayDataOutput done
Event: 18.488 loading class com/google/common/io/ByteArrayDataInput
Event: 18.488 loading class com/google/common/io/ByteArrayDataInput done
Event: 18.489 Executing VM operation: RevokeBias
Event: 18.492 Executing VM operation: RevokeBias done
Event: 18.493 Thread 0x000001a956639000 Thread added: 0x000001a956639000
Event: 18.508 Executing VM operation: G1CollectForAllocation
Event: 18.514 Executing VM operation: G1CollectForAllocation done
Event: 18.517 Executing VM operation: G1CollectForAllocation


Dynamic libraries:
0x00007ff618a90000 - 0x00007ff618a9a000 	C:\Program Files\Android\Android Studio1\jre\bin\java.exe
0x00007ffbc1750000 - 0x00007ffbc1948000 	C:\WINDOWS\SYSTEM32\ntdll.dll
0x00007ffbbfad0000 - 0x00007ffbbfb8d000 	C:\WINDOWS\System32\KERNEL32.DLL
0x00007ffbbf440000 - 0x00007ffbbf70e000 	C:\WINDOWS\System32\KERNELBASE.dll
0x0000000075b80000 - 0x0000000075c2f000 	C:\ProgramData\Symantec\Symantec Endpoint Protection\14.3.5413.3000.105\Data\Sysfer\x64\sysfer.dll
0x00007ffbbf2b0000 - 0x00007ffbbf3b0000 	C:\WINDOWS\System32\ucrtbase.dll
0x00007ffba6500000 - 0x00007ffba6519000 	C:\Program Files\Android\Android Studio1\jre\bin\jli.dll
0x00007ffba2ff0000 - 0x00007ffba3007000 	C:\Program Files\Android\Android Studio1\jre\bin\VCRUNTIME140.dll
0x00007ffbbf7b0000 - 0x00007ffbbf950000 	C:\WINDOWS\System32\USER32.dll
0x00007ffbab460000 - 0x00007ffbab6fa000 	C:\WINDOWS\WinSxS\amd64_microsoft.windows.common-controls_6595b64144ccf1df_6.0.19041.1110_none_60b5254171f9507e\COMCTL32.dll
0x00007ffbc0810000 - 0x00007ffbc08ae000 	C:\WINDOWS\System32\msvcrt.dll
0x00007ffbbfbc0000 - 0x00007ffbbfbea000 	C:\WINDOWS\System32\GDI32.dll
0x00007ffbbf1a0000 - 0x00007ffbbf2ab000 	C:\WINDOWS\System32\gdi32full.dll
0x00007ffbbefd0000 - 0x00007ffbbeff2000 	C:\WINDOWS\System32\win32u.dll
0x00007ffbbf710000 - 0x00007ffbbf7ad000 	C:\WINDOWS\System32\msvcp_win.dll
0x00007ffbbfb90000 - 0x00007ffbbfbc0000 	C:\WINDOWS\System32\IMM32.DLL
0x00007ffb5a250000 - 0x00007ffb5a2ed000 	C:\Program Files\Android\Android Studio1\jre\bin\msvcp140.dll
0x00007ffb5a710000 - 0x00007ffb5b1f5000 	C:\Program Files\Android\Android Studio1\jre\bin\server\jvm.dll
0x00007ffbc09a0000 - 0x00007ffbc0a4e000 	C:\WINDOWS\System32\ADVAPI32.dll
0x00007ffbbfd20000 - 0x00007ffbbfdbc000 	C:\WINDOWS\System32\sechost.dll
0x00007ffbbfdc0000 - 0x00007ffbbfee5000 	C:\WINDOWS\System32\RPCRT4.dll
0x00007ffbbffa0000 - 0x00007ffbbffa8000 	C:\WINDOWS\System32\PSAPI.DLL
0x00007ffba94a0000 - 0x00007ffba94a9000 	C:\WINDOWS\SYSTEM32\WSOCK32.dll
0x00007ffbc16a0000 - 0x00007ffbc170b000 	C:\WINDOWS\System32\WS2_32.dll
0x00007ffbaa880000 - 0x00007ffbaa8a7000 	C:\WINDOWS\SYSTEM32\WINMM.dll
0x00007ffbafda0000 - 0x00007ffbafdaa000 	C:\WINDOWS\SYSTEM32\VERSION.dll
0x00007ffbbd6d0000 - 0x00007ffbbd6e2000 	C:\WINDOWS\SYSTEM32\kernel.appcore.dll
0x00007ffbba820000 - 0x00007ffbba831000 	C:\Program Files\Android\Android Studio1\jre\bin\verify.dll
0x00007ffba9600000 - 0x00007ffba97e4000 	C:\WINDOWS\SYSTEM32\DBGHELP.DLL
0x00007ffba95d0000 - 0x00007ffba95fc000 	C:\WINDOWS\SYSTEM32\dbgcore.DLL
0x00007ffbbf3b0000 - 0x00007ffbbf432000 	C:\WINDOWS\System32\bcryptPrimitives.dll
0x00007ffbac040000 - 0x00007ffbac069000 	C:\Program Files\Android\Android Studio1\jre\bin\java.dll
0x00007ffbba7a0000 - 0x00007ffbba7ab000 	C:\Program Files\Android\Android Studio1\jre\bin\jimage.dll
0x00007ffbac020000 - 0x00007ffbac038000 	C:\Program Files\Android\Android Studio1\jre\bin\zip.dll
0x00007ffbc00c0000 - 0x00007ffbc0803000 	C:\WINDOWS\System32\SHELL32.dll
0x00007ffbbcdb0000 - 0x00007ffbbd545000 	C:\WINDOWS\SYSTEM32\windows.storage.dll
0x00007ffbc0db0000 - 0x00007ffbc1104000 	C:\WINDOWS\System32\combase.dll
0x00007ffbbe780000 - 0x00007ffbbe7b0000 	C:\WINDOWS\SYSTEM32\Wldp.dll
0x00007ffbc0010000 - 0x00007ffbc00bd000 	C:\WINDOWS\System32\SHCORE.dll
0x00007ffbc1110000 - 0x00007ffbc1165000 	C:\WINDOWS\System32\shlwapi.dll
0x00007ffbbedb0000 - 0x00007ffbbedcf000 	C:\WINDOWS\SYSTEM32\profapi.dll
0x00007ffbac000000 - 0x00007ffbac01a000 	C:\Program Files\Android\Android Studio1\jre\bin\net.dll
0x00007ffbb1090000 - 0x00007ffbb119a000 	C:\WINDOWS\SYSTEM32\WINHTTP.dll
0x00007ffbbe500000 - 0x00007ffbbe56a000 	C:\WINDOWS\system32\mswsock.dll
0x00007ffbabfe0000 - 0x00007ffbabff4000 	C:\Program Files\Android\Android Studio1\jre\bin\nio.dll
0x00007ffb8dd30000 - 0x00007ffb8dd56000 	C:\Users\ADIT-PC\.gradle\native\31\windows-amd64\native-platform.dll
0x00007ffbba790000 - 0x00007ffbba79a000 	C:\Program Files\Android\Android Studio1\jre\bin\management.dll
0x00007ffbb0330000 - 0x00007ffbb033d000 	C:\Program Files\Android\Android Studio1\jre\bin\management_ext.dll
0x00007ffbbe7c0000 - 0x00007ffbbe7d8000 	C:\WINDOWS\SYSTEM32\CRYPTSP.dll
0x00007ffbbdea0000 - 0x00007ffbbded4000 	C:\WINDOWS\system32\rsaenh.dll
0x00007ffbbf050000 - 0x00007ffbbf077000 	C:\WINDOWS\System32\bcrypt.dll
0x00007ffbbed70000 - 0x00007ffbbed9e000 	C:\WINDOWS\SYSTEM32\USERENV.dll
0x00007ffbbe690000 - 0x00007ffbbe69c000 	C:\WINDOWS\SYSTEM32\CRYPTBASE.dll
0x00007ffbbe210000 - 0x00007ffbbe24b000 	C:\WINDOWS\SYSTEM32\IPHLPAPI.DLL
0x00007ffbc1170000 - 0x00007ffbc1178000 	C:\WINDOWS\System32\NSI.dll
0x00007ffbb0c80000 - 0x00007ffbb0c97000 	C:\WINDOWS\SYSTEM32\dhcpcsvc6.DLL
0x00007ffbb0c60000 - 0x00007ffbb0c7d000 	C:\WINDOWS\SYSTEM32\dhcpcsvc.DLL
0x00007ffbbe260000 - 0x00007ffbbe32a000 	C:\WINDOWS\SYSTEM32\DNSAPI.dll

dbghelp: loaded successfully - version: 4.0.5 - missing functions: none
symbol engine: initialized successfully - sym options: 0x614 - pdb path: .;C:\Program Files\Android\Android Studio1\jre\bin;C:\WINDOWS\SYSTEM32;C:\ProgramData\Symantec\Symantec Endpoint Protection\14.3.5413.3000.105\Data\Sysfer\x64;C:\WINDOWS\WinSxS\amd64_microsoft.windows.common-controls_6595b64144ccf1df_6.0.19041.1110_none_60b5254171f9507e;C:\Program Files\Android\Android Studio1\jre\bin\server;C:\Users\ADIT-PC\.gradle\native\31\windows-amd64

VM Arguments:
jvm_args: --add-opens=java.base/java.util=ALL-UNNAMED --add-opens=java.base/java.lang=ALL-UNNAMED --add-opens=java.base/java.lang.invoke=ALL-UNNAMED --add-opens=java.prefs/java.util.prefs=ALL-UNNAMED -Xmx2048m -Dfile.encoding=windows-1252 -Duser.country=ID -Duser.language=en -Duser.variant 
java_command: org.gradle.launcher.daemon.bootstrap.GradleDaemon 6.1.1
java_class_path (initial): C:\Users\ADIT-PC\.gradle\wrapper\dists\gradle-6.1.1-all\cfmwm155h49vnt3hynmlrsdst\gradle-6.1.1\lib\gradle-launcher-6.1.1.jar
Launcher Type: SUN_STANDARD

[Global flags]
     intx CICompilerCount                          = 3                                         {product} {ergonomic}
     uint ConcGCThreads                            = 1                                         {product} {ergonomic}
     uint G1ConcRefinementThreads                  = 4                                         {product} {ergonomic}
   size_t G1HeapRegionSize                         = 1048576                                   {product} {ergonomic}
    uintx GCDrainStackTargetSize                   = 64                                        {product} {ergonomic}
   size_t InitialHeapSize                          = 266338304                                 {product} {ergonomic}
   size_t MarkStackSize                            = 4194304                                   {product} {ergonomic}
   size_t MaxHeapSize                              = 2147483648                                {product} {command line}
   size_t MaxNewSize                               = 1287651328                                {product} {ergonomic}
   size_t MinHeapDeltaBytes                        = 1048576                                   {product} {ergonomic}
    uintx NonNMethodCodeHeapSize                   = 5830732                                {pd product} {ergonomic}
    uintx NonProfiledCodeHeapSize                  = 122913754                              {pd product} {ergonomic}
    uintx ProfiledCodeHeapSize                     = 122913754                              {pd product} {ergonomic}
    uintx ReservedCodeCacheSize                    = 251658240                              {pd product} {ergonomic}
     bool SegmentedCodeCache                       = true                                      {product} {ergonomic}
     bool UseCompressedClassPointers               = true                                 {lp64_product} {ergonomic}
     bool UseCompressedOops                        = true                                 {lp64_product} {ergonomic}
     bool UseG1GC                                  = true                                      {product} {ergonomic}
     bool UseLargePagesIndividualAllocation        = false                                  {pd product} {ergonomic}

Logging:
Log output configuration:
 #0: stdout all=warning uptime,level,tags
 #1: stderr all=off uptime,level,tags

Environment Variables:
JAVA_HOME=C:\Program Files\Java\jdk-15.0.2
CLASSPATH=.;
PATH=C:\Program Files\Common Files\Oracle\Java\javapath;C:\Python311\Scripts\;C:\Python311\;C:\Python310\Scripts\;C:\Python310\;C:\Python27\;C:\Python27\Scripts;C:\Program Files (x86)\Common Files\Oracle\Java\javapath;C:\Program Files\Docker\Docker\Resources\bin;C:\ProgramData\Oracle\Java\javapath;C:\Program Files (x86)\Intel\iCLS Client\;C:\Program Files\Intel\iCLS Client\;C:\WINDOWS\system32;C:\WINDOWS;C:\WINDOWS\System32\Wbem;C:\WINDOWS\System32\WindowsPowerShell\v1.0\;C:\Program Files (x86)\Intel\Intel(R) Management Engine Components\DAL;C:\Program Files\Intel\Intel(R) Management Engine Components\DAL;C:\Program Files (x86)\Intel\Intel(R) Management Engine Components\IPT;C:\Program Files\Intel\Intel(R) Management Engine Components\IPT;C:\Program Files\Java\jre1.8.0_162\bin;C:\Program Files (x86)\GtkSharp\2.12\bin;C:\Program Files\PuTTY\;C:\Program Files\Java\jdk1.8.0_162\bin;C:\PROGRA~2\Groovy\GROOVY~1.15\bin;C:\WINDOWS\System32\OpenSSH\;C:\xampp\php;C:\Program Files (x86)\Microsoft SQL Server\Client SDK\ODBC\130\Tools\Binn\;C:\Program Files (x86)\Microsoft SQL Server\140\Tools\Binn\;C:\Program Files (x86)\Microsoft SQL Server\140\DTS\Binn\;C:\Program Files (x86)\Microsoft SQL Server\140\Tools\Binn\ManagementStudio\;c:\Program Files (x86)\Microsoft SQL Server\110\Tools\Binn\;c:\Program Files\Microsoft SQL Server\110\Tools\Binn\;c:\Program Files\Microsoft SQL Server\110\DTS\Binn\;C:\composer;C:\Flutter\flutter\bin;C:\Bitnami\wampstack-5.6.39-0\php;C:\ProgramData\chocolatey\bin;C:\Program Files (x86)\Yarn\bin\;C:\Program Files\Java\jdk1.8.0_211\bin;C:\Program Files\OpenJDK\openjdk-8u312-b07\bin;C:\Program Files\nodejs\;C:\Program Files\Git\cmd;C:\Users\ADIT-PC\AppData\Local\Microsoft\WindowsApps;C:\Users\ADIT-PC\AppData\Local\Android\Sdk\platform-tools;C:\Users\ADIT-PC\AppData\Roaming\npm;C:\Users\ADIT-PC\AppData\Local\Programs\Microsoft VS Code\bin;C:\Users\ADIT-PC\AppData\Local\Android\Sdk;C:\src\flutter\bin;C:\Users\ADIT-PC\AppData\Local\GitHubDesktop\bin;C:\Users
USERNAME=ADIT-PC
OS=Windows_NT
PROCESSOR_IDENTIFIER=Intel64 Family 6 Model 94 Stepping 3, GenuineIntel



---------------  S Y S T E M  ---------------

OS: Windows 10 , 64 bit Build 19041 (10.0.19041.1889)
OS uptime: 6 days 0:41 hours
Hyper-V role detected

CPU:total 4 (initial active 4) (4 cores per cpu, 1 threads per core) family 6 model 94 stepping 3 microcode 0xf0, cmov, cx8, fxsr, mmx, sse, sse2, sse3, ssse3, sse4.1, sse4.2, popcnt, avx, avx2, aes, clmul, erms, rtm, 3dnowpref, lzcnt, tsc, tscinvbit, bmi1, bmi2, adx, fma

Memory: 4k page, system-wide physical 16247M (2238M free)
TotalPageFile size 25028M (AvailPageFile size 155M)
current process WorkingSet (physical memory assigned to process): 591M, peak: 592M
current process commit charge ("private bytes"): 622M, peak: 778M

vm_info: OpenJDK 64-Bit Server VM (11.0.12+7-b1504.28-7817840) for windows-amd64 JRE (11.0.12+7-b1504.28-7817840), built on Oct 13 2021 22:12:33 by "builder" with MS VC++ 14.0 (VS2015)

END.
