#
# There is insufficient memory for the Java Runtime Environment to continue.
# Native memory allocation (malloc) failed to allocate 2686576 bytes for Chunk::new
# Possible reasons:
#   The system is out of physical RAM or swap space
#   The process is running with CompressedOops enabled, and the Java Heap may be blocking the growth of the native heap
# Possible solutions:
#   Reduce memory load on the system
#   Increase physical memory or swap space
#   Check if swap backing store is full
#   Decrease Java heap size (-Xmx/-Xms)
#   Decrease number of Java threads
#   Decrease Java thread stack sizes (-Xss)
#   Set larger code cache with -XX:ReservedCodeCacheSize=
#   JVM is running with Unscaled Compressed Oops mode in which the Java heap is
#     placed in the first 4GB address space. The Java Heap base address is the
#     maximum limit for the native heap growth. Please use -XX:HeapBaseMinAddress
#     to set the Java Heap base and to place the Java Heap above 4GB virtual address.
# This output file may be truncated or incomplete.
#
#  Out of Memory Error (allocation.cpp:389), pid=18264, tid=0x0000000000001bd4
#
# JRE version: OpenJDK Runtime Environment (8.0_242-b01) (build 1.8.0_242-release-1644-b01)
# Java VM: OpenJDK 64-Bit Server VM (25.242-b01 mixed mode windows-amd64 compressed oops)
# Failed to write core dump. Minidumps are not enabled by default on client versions of Windows
#

---------------  T H R E A D  ---------------

Current thread (0x0000000017a85000):  JavaThread "C2 CompilerThread0" daemon [_thread_in_native, id=7124, stack(0x0000000019100000,0x0000000019200000)]

Stack: [0x0000000019100000,0x0000000019200000]
[error occurred during error reporting (printing stack bounds), id 0xc0000005]

Native frames: (J=compiled Java code, j=interpreted, Vv=VM code, C=native code)


Current CompileTask:
C2:  13893 2216       4       java.net.URLClassLoader$1::run (5 bytes)


---------------  P R O C E S S  ---------------

Java Threads: ( => current thread )
  0x000000001a5e8800 JavaThread "Cache worker for execution history cache (C:\Users\ADIT-PC\.gradle\caches\6.1.1\executionHistory)" [_thread_blocked, id=11892, stack(0x0000000020430000,0x0000000020530000)]
  0x000000001a5e4800 JavaThread "Cache worker for cache directory md-rule (C:\Users\ADIT-PC\.gradle\caches\6.1.1\md-rule)" [_thread_blocked, id=3096, stack(0x0000000020330000,0x0000000020430000)]
  0x000000001a5e2800 JavaThread "Cache worker for cache directory md-supplier (C:\Users\ADIT-PC\.gradle\caches\6.1.1\md-supplier)" [_thread_blocked, id=9236, stack(0x0000000020230000,0x0000000020330000)]
  0x000000001a5e3000 JavaThread "Cache worker for file hash cache (C:\Users\ADIT-PC\AndroidStudioProjects\AbsensiApp\.gradle\6.1.1\fileHashes)" [_thread_blocked, id=1872, stack(0x000000001ecf0000,0x000000001edf0000)]
  0x000000001a5e4000 JavaThread "Cache worker for checksums cache (C:\Users\ADIT-PC\AndroidStudioProjects\AbsensiApp\.gradle\checksums)" [_thread_blocked, id=3940, stack(0x000000001ebf0000,0x000000001ecf0000)]
  0x000000001a5e7800 JavaThread "Cache worker for file hash cache (C:\Users\ADIT-PC\.gradle\caches\6.1.1\fileHashes)" [_thread_blocked, id=16456, stack(0x000000001d820000,0x000000001d920000)]
  0x000000001a5e7000 JavaThread "File lock request listener" [_thread_in_native, id=19048, stack(0x000000001d720000,0x000000001d820000)]
  0x000000001979a800 JavaThread "Cache worker for journal cache (C:\Users\ADIT-PC\.gradle\caches\journal-1)" [_thread_blocked, id=13260, stack(0x000000001d620000,0x000000001d720000)]
  0x00000000195e2000 JavaThread "Thread-9" [_thread_blocked, id=22464, stack(0x000000001d320000,0x000000001d420000)]
  0x00000000195e1000 JavaThread "Stdin handler" [_thread_blocked, id=17616, stack(0x000000001d220000,0x000000001d320000)]
  0x000000001a281800 JavaThread "Asynchronous log dispatcher for DefaultDaemonConnection: socket connection from /127.0.0.1:12267 to /127.0.0.1:12268" [_thread_blocked, id=21876, stack(0x000000001d120000,0x000000001d220000)]
  0x000000001a281000 JavaThread "Daemon worker" [_thread_in_native, id=14680, stack(0x000000001d020000,0x000000001d120000)]
  0x00000000195cd000 JavaThread "Cancel handler" [_thread_blocked, id=2784, stack(0x000000001cf20000,0x000000001d020000)]
  0x000000001a5df000 JavaThread "Handler for socket connection from /127.0.0.1:12267 to /127.0.0.1:12268" [_thread_in_native, id=10072, stack(0x000000001cc20000,0x000000001cd20000)]
  0x000000001a5de800 JavaThread "Daemon" [_thread_blocked, id=8464, stack(0x000000001cb20000,0x000000001cc20000)]
  0x0000000019506000 JavaThread "Daemon periodic checks" [_thread_blocked, id=8872, stack(0x000000001ca20000,0x000000001cb20000)]
  0x0000000019505000 JavaThread "Incoming local TCP Connector on port 12267" [_thread_in_native, id=1844, stack(0x000000001c7e0000,0x000000001c8e0000)]
  0x000000001b295000 JavaThread "Daemon health stats" [_thread_blocked, id=21220, stack(0x000000001c1a0000,0x000000001c2a0000)]
  0x0000000019408000 JavaThread "Service Thread" daemon [_thread_blocked, id=9576, stack(0x0000000019800000,0x0000000019900000)]
  0x0000000017adc800 JavaThread "C1 CompilerThread2" daemon [_thread_blocked, id=16532, stack(0x0000000019300000,0x0000000019400000)]
  0x0000000017a8b000 JavaThread "C2 CompilerThread1" daemon [_thread_blocked, id=21320, stack(0x0000000019200000,0x0000000019300000)]
=>0x0000000017a85000 JavaThread "C2 CompilerThread0" daemon [_thread_in_native, id=7124, stack(0x0000000019100000,0x0000000019200000)]
  0x0000000017a83800 JavaThread "Attach Listener" daemon [_thread_blocked, id=14836, stack(0x0000000019000000,0x0000000019100000)]
  0x0000000017a82000 JavaThread "Signal Dispatcher" daemon [_thread_blocked, id=10308, stack(0x0000000018f00000,0x0000000019000000)]
  0x0000000002d7c000 JavaThread "Finalizer" daemon [_thread_blocked, id=2000, stack(0x0000000018d00000,0x0000000018e00000)]
  0x0000000017a69000 JavaThread "Reference Handler" daemon [_thread_blocked, id=14596, stack(0x0000000018c00000,0x0000000018d00000)]
  0x0000000002c82800 JavaThread "main" [_thread_blocked, id=15200, stack(0x00000000013a0000,0x00000000014a0000)]

Other Threads:
  0x0000000017a46000 VMThread [stack: 0x0000000018b00000,0x0000000018c00000] [id=14516]
  0x0000000019409000 WatcherThread [stack: 0x0000000019900000,0x0000000019a00000] [id=14348]

VM state:not at safepoint (normal execution)

VM Mutex/Monitor currently owned by a thread: None

heap address: 0x0000000080000000, size: 2048 MB, Compressed Oops mode: 32-bit
Narrow klass base: 0x0000000000000000, Narrow klass shift: 3
Compressed class space size: 1073741824 Address: 0x0000000100000000

Heap:
 PSYoungGen      total 75776K, used 27795K [0x00000000d5580000, 0x00000000ddf00000, 0x0000000100000000)
  eden space 65024K, 29% used [0x00000000d5580000,0x00000000d6856770,0x00000000d9500000)
  from space 10752K, 79% used [0x00000000d9500000,0x00000000d9d4e518,0x00000000d9f80000)
  to   space 12288K, 0% used [0x00000000dd300000,0x00000000dd300000,0x00000000ddf00000)
 ParOldGen       total 86016K, used 7588K [0x0000000080000000, 0x0000000085400000, 0x00000000d5580000)
  object space 86016K, 8% used [0x0000000080000000,0x0000000080769028,0x0000000085400000)
 Metaspace       used 29994K, capacity 30694K, committed 31024K, reserved 1075200K
  class space    used 4041K, capacity 4290K, committed 4400K, reserved 1048576K

Card table byte_map: [0x0000000012220000,0x0000000012630000] byte_map_base: 0x0000000011e20000

Marking Bits: (ParMarkBitMap*) 0x00000000597cf030
 Begin Bits: [0x0000000012ce0000, 0x0000000014ce0000)
 End Bits:   [0x0000000014ce0000, 0x0000000016ce0000)

Polling page: 0x0000000001030000

CodeCache: size=245760Kb used=8608Kb max_used=8613Kb free=237151Kb
 bounds [0x0000000002e60000, 0x00000000036d0000, 0x0000000011e60000]
 total_blobs=2830 nmethods=2150 adapters=593
 compilation: enabled

Compilation events (10 events):
Event: 13.848 Thread 0x0000000017adc800 2338       3       java.lang.Long::bitCount (61 bytes)
Event: 13.849 Thread 0x0000000017adc800 nmethod 2338 0x00000000036cccd0 code [0x00000000036cce20, 0x00000000036ccfd0]
Event: 13.849 Thread 0x0000000017a8b000 2339       4       java.lang.Long::bitCount (61 bytes)
Event: 13.849 Thread 0x0000000017a8b000 nmethod 2339 0x00000000036baf50 code [0x00000000036bb080, 0x00000000036bb138]
Event: 13.852 Thread 0x0000000017a8b000 2340       4       java.util.ArrayDeque::poll (5 bytes)
Event: 13.852 Thread 0x0000000017a8b000 nmethod 2340 0x00000000036bcd10 code [0x00000000036bce40, 0x00000000036bcef8]
Event: 13.873 Thread 0x0000000017adc800 2341       3       com.google.common.reflect.TypeResolver$TypeMappingIntrospector::visitClass (24 bytes)
Event: 13.873 Thread 0x0000000017adc800 nmethod 2341 0x00000000036ced50 code [0x00000000036cef60, 0x00000000036cf968]
Event: 13.873 Thread 0x0000000017adc800 2342       3       sun.reflect.generics.reflectiveObjects.ParameterizedTypeImpl::<init> (35 bytes)
Event: 13.874 Thread 0x0000000017adc800 nmethod 2342 0x00000000036ce350 code [0x00000000036ce500, 0x00000000036cea98]

GC Heap History (10 events):
Event: 9.095 GC heap before
{Heap before GC invocations=2 (full 0):
 PSYoungGen      total 75776K, used 70749K [0x00000000d5580000, 0x00000000daa00000, 0x0000000100000000)
  eden space 65024K, 100% used [0x00000000d5580000,0x00000000d9500000,0x00000000d9500000)
  from space 10752K, 53% used [0x00000000d9500000,0x00000000d9a97758,0x00000000d9f80000)
  to   space 10752K, 0% used [0x00000000d9f80000,0x00000000d9f80000,0x00000000daa00000)
 ParOldGen       total 173568K, used 8K [0x0000000080000000, 0x000000008a980000, 0x00000000d5580000)
  object space 173568K, 0% used [0x0000000080000000,0x0000000080002000,0x000000008a980000)
 Metaspace       used 14679K, capacity 15110K, committed 15488K, reserved 1062912K
  class space    used 1937K, capacity 2089K, committed 2176K, reserved 1048576K
Event: 9.121 GC heap after
Heap after GC invocations=2 (full 0):
 PSYoungGen      total 75776K, used 9095K [0x00000000d5580000, 0x00000000daa00000, 0x0000000100000000)
  eden space 65024K, 0% used [0x00000000d5580000,0x00000000d5580000,0x00000000d9500000)
  from space 10752K, 84% used [0x00000000d9f80000,0x00000000da861c40,0x00000000daa00000)
  to   space 10752K, 0% used [0x00000000d9500000,0x00000000d9500000,0x00000000d9f80000)
 ParOldGen       total 173568K, used 24K [0x0000000080000000, 0x000000008a980000, 0x00000000d5580000)
  object space 173568K, 0% used [0x0000000080000000,0x0000000080006000,0x000000008a980000)
 Metaspace       used 14679K, capacity 15110K, committed 15488K, reserved 1062912K
  class space    used 1937K, capacity 2089K, committed 2176K, reserved 1048576K
}
Event: 10.754 GC heap before
{Heap before GC invocations=3 (full 0):
 PSYoungGen      total 75776K, used 74119K [0x00000000d5580000, 0x00000000daa00000, 0x0000000100000000)
  eden space 65024K, 100% used [0x00000000d5580000,0x00000000d9500000,0x00000000d9500000)
  from space 10752K, 84% used [0x00000000d9f80000,0x00000000da861c40,0x00000000daa00000)
  to   space 10752K, 0% used [0x00000000d9500000,0x00000000d9500000,0x00000000d9f80000)
 ParOldGen       total 173568K, used 24K [0x0000000080000000, 0x000000008a980000, 0x00000000d5580000)
  object space 173568K, 0% used [0x0000000080000000,0x0000000080006000,0x000000008a980000)
 Metaspace       used 19970K, capacity 20552K, committed 20736K, reserved 1067008K
  class space    used 2794K, capacity 2974K, committed 3072K, reserved 1048576K
Event: 10.789 GC heap after
Heap after GC invocations=3 (full 0):
 PSYoungGen      total 75776K, used 10746K [0x00000000d5580000, 0x00000000daa00000, 0x0000000100000000)
  eden space 65024K, 0% used [0x00000000d5580000,0x00000000d5580000,0x00000000d9500000)
  from space 10752K, 99% used [0x00000000d9500000,0x00000000d9f7e958,0x00000000d9f80000)
  to   space 10752K, 0% used [0x00000000d9f80000,0x00000000d9f80000,0x00000000daa00000)
 ParOldGen       total 173568K, used 1046K [0x0000000080000000, 0x000000008a980000, 0x00000000d5580000)
  object space 173568K, 0% used [0x0000000080000000,0x0000000080105890,0x000000008a980000)
 Metaspace       used 19970K, capacity 20552K, committed 20736K, reserved 1067008K
  class space    used 2794K, capacity 2974K, committed 3072K, reserved 1048576K
}
Event: 11.012 GC heap before
{Heap before GC invocations=4 (full 0):
 PSYoungGen      total 75776K, used 21739K [0x00000000d5580000, 0x00000000daa00000, 0x0000000100000000)
  eden space 65024K, 16% used [0x00000000d5580000,0x00000000d603c4d0,0x00000000d9500000)
  from space 10752K, 99% used [0x00000000d9500000,0x00000000d9f7e958,0x00000000d9f80000)
  to   space 10752K, 0% used [0x00000000d9f80000,0x00000000d9f80000,0x00000000daa00000)
 ParOldGen       total 173568K, used 1046K [0x0000000080000000, 0x000000008a980000, 0x00000000d5580000)
  object space 173568K, 0% used [0x0000000080000000,0x0000000080105890,0x000000008a980000)
 Metaspace       used 20646K, capacity 21260K, committed 21296K, reserved 1067008K
  class space    used 2894K, capacity 3116K, committed 3120K, reserved 1048576K
Event: 11.023 GC heap after
Heap after GC invocations=4 (full 0):
 PSYoungGen      total 75776K, used 7741K [0x00000000d5580000, 0x00000000daa00000, 0x0000000100000000)
  eden space 65024K, 0% used [0x00000000d5580000,0x00000000d5580000,0x00000000d9500000)
  from space 10752K, 72% used [0x00000000d9f80000,0x00000000da70f5c8,0x00000000daa00000)
  to   space 10752K, 0% used [0x00000000d9500000,0x00000000d9500000,0x00000000d9f80000)
 ParOldGen       total 173568K, used 1054K [0x0000000080000000, 0x000000008a980000, 0x00000000d5580000)
  object space 173568K, 0% used [0x0000000080000000,0x0000000080107890,0x000000008a980000)
 Metaspace       used 20646K, capacity 21260K, committed 21296K, reserved 1067008K
  class space    used 2894K, capacity 3116K, committed 3120K, reserved 1048576K
}
Event: 11.023 GC heap before
{Heap before GC invocations=5 (full 1):
 PSYoungGen      total 75776K, used 7741K [0x00000000d5580000, 0x00000000daa00000, 0x0000000100000000)
  eden space 65024K, 0% used [0x00000000d5580000,0x00000000d5580000,0x00000000d9500000)
  from space 10752K, 72% used [0x00000000d9f80000,0x00000000da70f5c8,0x00000000daa00000)
  to   space 10752K, 0% used [0x00000000d9500000,0x00000000d9500000,0x00000000d9f80000)
 ParOldGen       total 173568K, used 1054K [0x0000000080000000, 0x000000008a980000, 0x00000000d5580000)
  object space 173568K, 0% used [0x0000000080000000,0x0000000080107890,0x000000008a980000)
 Metaspace       used 20646K, capacity 21260K, committed 21296K, reserved 1067008K
  class space    used 2894K, capacity 3116K, committed 3120K, reserved 1048576K
Event: 11.074 GC heap after
Heap after GC invocations=5 (full 1):
 PSYoungGen      total 75776K, used 0K [0x00000000d5580000, 0x00000000daa00000, 0x0000000100000000)
  eden space 65024K, 0% used [0x00000000d5580000,0x00000000d5580000,0x00000000d9500000)
  from space 10752K, 0% used [0x00000000d9f80000,0x00000000d9f80000,0x00000000daa00000)
  to   space 10752K, 0% used [0x00000000d9500000,0x00000000d9500000,0x00000000d9f80000)
 ParOldGen       total 86016K, used 7580K [0x0000000080000000, 0x0000000085400000, 0x00000000d5580000)
  object space 86016K, 8% used [0x0000000080000000,0x0000000080767028,0x0000000085400000)
 Metaspace       used 20646K, capacity 21260K, committed 21296K, reserved 1067008K
  class space    used 2894K, capacity 3116K, committed 3120K, reserved 1048576K
}
Event: 13.518 GC heap before
{Heap before GC invocations=6 (full 1):
 PSYoungGen      total 75776K, used 64268K [0x00000000d5580000, 0x00000000daa00000, 0x0000000100000000)
  eden space 65024K, 98% used [0x00000000d5580000,0x00000000d94430e8,0x00000000d9500000)
  from space 10752K, 0% used [0x00000000d9f80000,0x00000000d9f80000,0x00000000daa00000)
  to   space 10752K, 0% used [0x00000000d9500000,0x00000000d9500000,0x00000000d9f80000)
 ParOldGen       total 86016K, used 7580K [0x0000000080000000, 0x0000000085400000, 0x00000000d5580000)
  object space 86016K, 8% used [0x0000000080000000,0x0000000080767028,0x0000000085400000)
 Metaspace       used 28237K, capacity 28916K, committed 29232K, reserved 1075200K
  class space    used 3895K, capacity 4127K, committed 4144K, reserved 1048576K
Event: 13.529 GC heap after
Heap after GC invocations=6 (full 1):
 PSYoungGen      total 75776K, used 8505K [0x00000000d5580000, 0x00000000ddf00000, 0x0000000100000000)
  eden space 65024K, 0% used [0x00000000d5580000,0x00000000d5580000,0x00000000d9500000)
  from space 10752K, 79% used [0x00000000d9500000,0x00000000d9d4e518,0x00000000d9f80000)
  to   space 12288K, 0% used [0x00000000dd300000,0x00000000dd300000,0x00000000ddf00000)
 ParOldGen       total 86016K, used 7588K [0x0000000080000000, 0x0000000085400000, 0x00000000d5580000)
  object space 86016K, 8% used [0x0000000080000000,0x0000000080769028,0x0000000085400000)
 Metaspace       used 28237K, capacity 28916K, committed 29232K, reserved 1075200K
  class space    used 3895K, capacity 4127K, committed 4144K, reserved 1048576K
}

Deoptimization events (10 events):
Event: 12.482 Thread 0x000000001a281000 Uncommon trap: reason=bimorphic action=maybe_recompile pc=0x0000000002ff89f8 method=java.io.BufferedInputStream.read([BII)I @ 101
Event: 12.483 Thread 0x000000001a281000 Uncommon trap: reason=bimorphic action=maybe_recompile pc=0x0000000002ff89f8 method=java.io.BufferedInputStream.read([BII)I @ 101
Event: 13.341 Thread 0x000000001a281000 Uncommon trap: reason=class_check action=maybe_recompile pc=0x00000000034e7f80 method=sun.misc.URLClassPath.getLoader(I)Lsun/misc/URLClassPath$Loader; @ 94
Event: 13.341 Thread 0x000000001a281000 Uncommon trap: reason=class_check action=maybe_recompile pc=0x0000000003517a00 method=sun.misc.URLClassPath.getResource(Ljava/lang/String;Z)Lsun/misc/Resource; @ 62
Event: 13.341 Thread 0x000000001a281000 Uncommon trap: reason=unstable_if action=reinterpret pc=0x000000000314d744 method=java.lang.String.regionMatches(ZILjava/lang/String;II)Z @ 41
Event: 13.344 Thread 0x000000001a281000 Uncommon trap: reason=unstable_if action=reinterpret pc=0x00000000034984cc method=java.lang.ClassLoader.getClassLoadingLock(Ljava/lang/String;)Ljava/lang/Object; @ 6
Event: 13.440 Thread 0x000000001a281000 Uncommon trap: reason=class_check action=maybe_recompile pc=0x00000000034e82e8 method=sun.misc.URLClassPath.getLoader(I)Lsun/misc/URLClassPath$Loader; @ 239
Event: 13.443 Thread 0x000000001a281000 Uncommon trap: reason=unstable_if action=reinterpret pc=0x000000000336347c method=java.lang.String.regionMatches(ZILjava/lang/String;II)Z @ 41
Event: 13.485 Thread 0x000000001a281000 Uncommon trap: reason=class_check action=maybe_recompile pc=0x00000000034e82e8 method=sun.misc.URLClassPath.getLoader(I)Lsun/misc/URLClassPath$Loader; @ 239
Event: 13.529 Thread 0x0000000017a69000 Uncommon trap: reason=unstable_if action=reinterpret pc=0x0000000002fe01bc method=java.lang.ref.Reference.tryHandlePending(Z)Z @ 104

Classes redefined (0 events):
No events

Internal exceptions (10 events):
Event: 13.485 Thread 0x000000001a281000 Exception <a 'java/lang/ClassNotFoundException': org/gradle/initialization/SettingsScriptCustomizer> (0x00000000d928ed90) thrown at [C:\src\AOSP-openjdk-git\hotspot\src\share\vm\classfile\systemDictionary.cpp, line 210]
Event: 13.487 Thread 0x000000001a281000 Exception <a 'java/lang/ClassNotFoundException': settings_4mzb2r6gww3pjuj3z5rtpkizeCustomizer> (0x00000000d92a4328) thrown at [C:\src\AOSP-openjdk-git\hotspot\src\share\vm\classfile\systemDictionary.cpp, line 210]
Event: 13.613 Thread 0x000000001a281000 Exception <a 'java/lang/ClassNotFoundException': org/gradle/initialization/DefaultSettings_DecoratedBeanInfo> (0x00000000d57440e8) thrown at [C:\src\AOSP-openjdk-git\hotspot\src\share\vm\classfile\systemDictionary.cpp, line 210]
Event: 13.613 Thread 0x000000001a281000 Exception <a 'java/lang/ClassNotFoundException': org/gradle/initialization/DefaultSettingsBeanInfo> (0x00000000d576fc60) thrown at [C:\src\AOSP-openjdk-git\hotspot\src\share\vm\classfile\systemDictionary.cpp, line 210]
Event: 13.614 Thread 0x000000001a281000 Exception <a 'java/lang/ClassNotFoundException': org/gradle/api/internal/project/AbstractPluginAwareBeanInfo> (0x00000000d58cf840) thrown at [C:\src\AOSP-openjdk-git\hotspot\src\share\vm\classfile\systemDictionary.cpp, line 210]
Event: 13.614 Thread 0x000000001a281000 Exception <a 'java/lang/ClassNotFoundException': org/gradle/api/internal/project/AbstractPluginAwareCustomizer> (0x00000000d5902940) thrown at [C:\src\AOSP-openjdk-git\hotspot\src\share\vm\classfile\systemDictionary.cpp, line 210]
Event: 13.618 Thread 0x000000001a281000 Exception <a 'java/lang/ClassNotFoundException': org/gradle/initialization/DefaultSettingsCustomizer> (0x00000000d5938248) thrown at [C:\src\AOSP-openjdk-git\hotspot\src\share\vm\classfile\systemDictionary.cpp, line 210]
Event: 13.629 Thread 0x000000001a281000 Exception <a 'java/lang/ClassNotFoundException': org/gradle/initialization/DefaultSettings_DecoratedCustomizer> (0x00000000d59d3780) thrown at [C:\src\AOSP-openjdk-git\hotspot\src\share\vm\classfile\systemDictionary.cpp, line 210]
Event: 13.703 Thread 0x000000001a281000 Exception <a 'java/lang/ClassNotFoundException': org/gradle/initialization/DefaultProjectDescriptorBeanInfo> (0x00000000d5c3fc70) thrown at [C:\src\AOSP-openjdk-git\hotspot\src\share\vm\classfile\systemDictionary.cpp, line 210]
Event: 13.704 Thread 0x000000001a281000 Exception <a 'java/lang/ClassNotFoundException': org/gradle/initialization/DefaultProjectDescriptorCustomizer> (0x00000000d5c70b90) thrown at [C:\src\AOSP-openjdk-git\hotspot\src\share\vm\classfile\systemDictionary.cpp, line 210]

Events (10 events):
Event: 13.872 loading class org/gradle/model/internal/inspect/AbstractMutationModelRuleExtractor
Event: 13.872 loading class org/gradle/model/internal/inspect/AbstractMutationModelRuleExtractor done
Event: 13.872 loading class org/gradle/model/Defaults
Event: 13.872 loading class org/gradle/model/Defaults done
Event: 13.873 loading class org/gradle/model/internal/inspect/MutateModelRuleExtractor
Event: 13.873 loading class org/gradle/model/internal/inspect/MutateModelRuleExtractor done
Event: 13.874 loading class org/gradle/model/Mutate
Event: 13.874 loading class org/gradle/model/Mutate done
Event: 13.891 loading class org/gradle/model/internal/inspect/FinalizeModelRuleExtractor
Event: 13.891 loading class org/gradle/model/internal/inspect/FinalizeModelRuleExtractor done


Dynamic libraries:
0x00007ff68ecc0000 - 0x00007ff68ecf1000 	C:\Program Files\Android\Android Studio\jre\bin\java.exe
0x00007ffc3c5b0000 - 0x00007ffc3c7a5000 	C:\WINDOWS\SYSTEM32\ntdll.dll
0x00007ffc3a860000 - 0x00007ffc3a91d000 	C:\WINDOWS\System32\KERNEL32.DLL
0x00007ffc39cf0000 - 0x00007ffc39fbd000 	C:\WINDOWS\System32\KERNELBASE.dll
0x000000005ae10000 - 0x000000005aebf000 	C:\ProgramData\Symantec\Symantec Endpoint Protection\14.3.5413.3000.105\Data\Sysfer\x64\sysfer.dll
0x00007ffc3be50000 - 0x00007ffc3befe000 	C:\WINDOWS\System32\ADVAPI32.dll
0x00007ffc3bdb0000 - 0x00007ffc3be4e000 	C:\WINDOWS\System32\msvcrt.dll
0x00007ffc3bc00000 - 0x00007ffc3bc9c000 	C:\WINDOWS\System32\sechost.dll
0x00007ffc3a660000 - 0x00007ffc3a785000 	C:\WINDOWS\System32\RPCRT4.dll
0x00007ffc3adb0000 - 0x00007ffc3af50000 	C:\WINDOWS\System32\USER32.dll
0x00007ffc3a0d0000 - 0x00007ffc3a0f2000 	C:\WINDOWS\System32\win32u.dll
0x00007ffc3c4c0000 - 0x00007ffc3c4ea000 	C:\WINDOWS\System32\GDI32.dll
0x00007ffc39fc0000 - 0x00007ffc3a0cb000 	C:\WINDOWS\System32\gdi32full.dll
0x00007ffc3a100000 - 0x00007ffc3a19d000 	C:\WINDOWS\System32\msvcp_win.dll
0x00007ffc3a300000 - 0x00007ffc3a400000 	C:\WINDOWS\System32\ucrtbase.dll
0x00007ffc263e0000 - 0x00007ffc2667a000 	C:\WINDOWS\WinSxS\amd64_microsoft.windows.common-controls_6595b64144ccf1df_6.0.19041.1110_none_60b5254171f9507e\COMCTL32.dll
0x00007ffc3b6a0000 - 0x00007ffc3b6d0000 	C:\WINDOWS\System32\IMM32.DLL
0x0000000058b20000 - 0x0000000058bf2000 	C:\Program Files\Android\Android Studio\jre\jre\bin\msvcr100.dll
0x0000000059000000 - 0x000000005984b000 	C:\Program Files\Android\Android Studio\jre\jre\bin\server\jvm.dll
0x00007ffc3ada0000 - 0x00007ffc3ada8000 	C:\WINDOWS\System32\PSAPI.DLL
0x00007ffc25a50000 - 0x00007ffc25a59000 	C:\WINDOWS\SYSTEM32\WSOCK32.dll
0x00007ffc3b9e0000 - 0x00007ffc3ba4b000 	C:\WINDOWS\System32\WS2_32.dll
0x00007ffc259d0000 - 0x00007ffc259f7000 	C:\WINDOWS\SYSTEM32\WINMM.dll
0x00007ffc38430000 - 0x00007ffc3843a000 	C:\WINDOWS\SYSTEM32\VERSION.dll
0x00007ffc31800000 - 0x00007ffc3180f000 	C:\Program Files\Android\Android Studio\jre\jre\bin\verify.dll
0x00007ffc044e0000 - 0x00007ffc04509000 	C:\Program Files\Android\Android Studio\jre\jre\bin\java.dll
0x00007ffc044c0000 - 0x00007ffc044d6000 	C:\Program Files\Android\Android Studio\jre\jre\bin\zip.dll
0x00007ffc3af50000 - 0x00007ffc3b694000 	C:\WINDOWS\System32\SHELL32.dll
0x00007ffc37c80000 - 0x00007ffc38414000 	C:\WINDOWS\SYSTEM32\windows.storage.dll
0x00007ffc3bf60000 - 0x00007ffc3c2b4000 	C:\WINDOWS\System32\combase.dll
0x00007ffc39570000 - 0x00007ffc3959c000 	C:\WINDOWS\SYSTEM32\Wldp.dll
0x00007ffc3c410000 - 0x00007ffc3c4bd000 	C:\WINDOWS\System32\SHCORE.dll
0x00007ffc3a600000 - 0x00007ffc3a655000 	C:\WINDOWS\System32\shlwapi.dll
0x00007ffc39c00000 - 0x00007ffc39c1f000 	C:\WINDOWS\SYSTEM32\profapi.dll
0x00007ffc044a0000 - 0x00007ffc044ba000 	C:\Program Files\Android\Android Studio\jre\jre\bin\net.dll
0x00007ffc39350000 - 0x00007ffc393ba000 	C:\WINDOWS\system32\mswsock.dll
0x00007ffc041b0000 - 0x00007ffc041c3000 	C:\Program Files\Android\Android Studio\jre\jre\bin\nio.dll
0x00007ffc21cf0000 - 0x00007ffc21d16000 	C:\Users\ADIT-PC\.gradle\native\31\windows-amd64\native-platform.dll
0x00007ffc04490000 - 0x00007ffc0449d000 	C:\Program Files\Android\Android Studio\jre\jre\bin\management.dll
0x00007ffc395b0000 - 0x00007ffc395c8000 	C:\WINDOWS\SYSTEM32\CRYPTSP.dll
0x00007ffc38cf0000 - 0x00007ffc38d24000 	C:\WINDOWS\system32\rsaenh.dll
0x00007ffc39cc0000 - 0x00007ffc39ce7000 	C:\WINDOWS\System32\bcrypt.dll
0x00007ffc39bc0000 - 0x00007ffc39bee000 	C:\WINDOWS\SYSTEM32\USERENV.dll
0x00007ffc3a4c0000 - 0x00007ffc3a542000 	C:\WINDOWS\System32\bcryptprimitives.dll
0x00007ffc394e0000 - 0x00007ffc394ec000 	C:\WINDOWS\SYSTEM32\CRYPTBASE.dll
0x00007ffc39060000 - 0x00007ffc3909b000 	C:\WINDOWS\SYSTEM32\IPHLPAPI.DLL
0x00007ffc3c2d0000 - 0x00007ffc3c2d8000 	C:\WINDOWS\System32\NSI.dll
0x00007ffc320a0000 - 0x00007ffc320b7000 	C:\WINDOWS\SYSTEM32\dhcpcsvc6.DLL
0x00007ffc31f80000 - 0x00007ffc31f9d000 	C:\WINDOWS\SYSTEM32\dhcpcsvc.DLL
0x00007ffc390b0000 - 0x00007ffc3917b000 	C:\WINDOWS\SYSTEM32\DNSAPI.dll

VM Arguments:
jvm_args: -Xmx2048m -Dfile.encoding=windows-1252 -Duser.country=ID -Duser.language=en -Duser.variant 
java_command: org.gradle.launcher.daemon.bootstrap.GradleDaemon 6.1.1
java_class_path (initial): C:\Users\ADIT-PC\.gradle\wrapper\dists\gradle-6.1.1-all\cfmwm155h49vnt3hynmlrsdst\gradle-6.1.1\lib\gradle-launcher-6.1.1.jar
Launcher Type: SUN_STANDARD

Environment Variables:
JAVA_HOME=C:\Program Files\Java\jdk-15.0.2
CLASSPATH=.;
PATH=C:\Program Files\Common Files\Oracle\Java\javapath;C:\Python311\Scripts\;C:\Python311\;C:\Python310\Scripts\;C:\Python310\;C:\Python27\;C:\Python27\Scripts;C:\Program Files (x86)\Common Files\Oracle\Java\javapath;C:\Program Files\Docker\Docker\Resources\bin;C:\ProgramData\Oracle\Java\javapath;C:\Program Files (x86)\Intel\iCLS Client\;C:\Program Files\Intel\iCLS Client\;C:\WINDOWS\system32;C:\WINDOWS;C:\WINDOWS\System32\Wbem;C:\WINDOWS\System32\WindowsPowerShell\v1.0\;C:\Program Files (x86)\Intel\Intel(R) Management Engine Components\DAL;C:\Program Files\Intel\Intel(R) Management Engine Components\DAL;C:\Program Files (x86)\Intel\Intel(R) Management Engine Components\IPT;C:\Program Files\Intel\Intel(R) Management Engine Components\IPT;C:\Program Files\Java\jre1.8.0_162\bin;C:\Program Files (x86)\GtkSharp\2.12\bin;C:\Program Files\PuTTY\;C:\Program Files\Java\jdk1.8.0_162\bin;C:\PROGRA~2\Groovy\GROOVY~1.15\bin;C:\WINDOWS\System32\OpenSSH\;C:\xampp\php;C:\Program Files (x86)\Microsoft SQL Server\Client SDK\ODBC\130\Tools\Binn\;C:\Program Files (x86)\Microsoft SQL Server\140\Tools\Binn\;C:\Program Files (x86)\Microsoft SQL Server\140\DTS\Binn\;C:\Program Files (x86)\Microsoft SQL Server\140\Tools\Binn\ManagementStudio\;c:\Program Files (x86)\Microsoft SQL Server\110\Tools\Binn\;c:\Program Files\Microsoft SQL Server\110\Tools\Binn\;c:\Program Files\Microsoft SQL Server\110\DTS\Binn\;C:\composer;C:\Flutter\flutter\bin;C:\Bitnami\wampstack-5.6.39-0\php;C:\ProgramData\chocolatey\bin;C:\Program Files (x86)\Yarn\bin\;C:\Program Files\Java\jdk1.8.0_211\bin;C:\Program Files\OpenJDK\openjdk-8u312-b07\bin;C:\Program Files\nodejs\;C:\Program Files\Git\cmd;C:\Users\ADIT-PC\AppData\Local\Microsoft\WindowsApps;C:\Users\ADIT-PC\AppData\Local\Android\Sdk\platform-tools;C:\Users\ADIT-PC\AppData\Roaming\npm;C:\Users\ADIT-PC\AppData\Local\Programs\Microsoft VS Code\bin;C:\Users\ADIT-PC\AppData\Local\Android\Sdk;C:\src\flutter\bin;
USERNAME=ADIT-PC
OS=Windows_NT
PROCESSOR_IDENTIFIER=Intel64 Family 6 Model 94 Stepping 3, GenuineIntel



---------------  S Y S T E M  ---------------

OS: Windows 10.0 , 64 bit Build 19041 (10.0.19041.1706)

CPU:total 4 (initial active 4) (4 cores per cpu, 1 threads per core) family 6 model 94 stepping 3, cmov, cx8, fxsr, mmx, sse, sse2, sse3, ssse3, sse4.1, sse4.2, popcnt, avx, avx2, aes, clmul, erms, rtm, 3dnowpref, lzcnt, tsc, tscinvbit, bmi1, bmi2, adx

Memory: 4k page, physical 16638028k(167772k free), swap 25629772k(3336k free)

vm_info: OpenJDK 64-Bit Server VM (25.242-b01) for windows-amd64 JRE (1.8.0_242-release-1644-b01), built by "builder" with MS VC++ 10.0 (VS2010)

time: Fri Jun 10 08:16:47 2022
timezone: SE Asia Standard Time
elapsed time: 13 seconds (0d 0h 0m 13s)

