#
# There is insufficient memory for the Java Runtime Environment to continue.
# Native memory allocation (mmap) failed to map 49283072 bytes for G1 virtual space
# Possible reasons:
#   The system is out of physical RAM or swap space
#   The process is running with CompressedOops enabled, and the Java Heap may be blocking the growth of the native heap
# Possible solutions:
#   Reduce memory load on the system
#   Increase physical memory or swap space
#   Check if swap backing store is full
#   Decrease Java heap size (-Xmx/-Xms)
#   Decrease number of Java threads
#   Decrease Java thread stack sizes (-Xss)
#   Set larger code cache with -XX:ReservedCodeCacheSize=
#   JVM is running with Unscaled Compressed Oops mode in which the Java heap is
#     placed in the first 4GB address space. The Java Heap base address is the
#     maximum limit for the native heap growth. Please use -XX:HeapBaseMinAddress
#     to set the Java Heap base and to place the Java Heap above 4GB virtual address.
# This output file may be truncated or incomplete.
#
#  Out of Memory Error (os_windows.cpp:3769), pid=29248, tid=9312
#
# JRE version: OpenJDK Runtime Environment (17.0.6) (build 17.0.6+0-b2043.56-10027231)
# Java VM: OpenJDK 64-Bit Server VM (17.0.6+0-b2043.56-10027231, mixed mode, tiered, compressed oops, compressed class ptrs, g1 gc, windows-amd64)
# No core dump will be written. Minidumps are not enabled by default on client versions of Windows
#

---------------  S U M M A R Y ------------

Command Line: --add-opens=java.base/java.util=ALL-UNNAMED --add-opens=java.base/java.lang=ALL-UNNAMED --add-opens=java.base/java.lang.invoke=ALL-UNNAMED --add-opens=java.prefs/java.util.prefs=ALL-UNNAMED --add-opens=java.base/java.nio.charset=ALL-UNNAMED --add-opens=java.base/java.net=ALL-UNNAMED --add-opens=java.base/java.util.concurrent.atomic=ALL-UNNAMED -Xmx2048m -Dfile.encoding=windows-1252 -Duser.country=ID -Duser.language=en -Duser.variant org.gradle.launcher.daemon.bootstrap.GradleDaemon 8.0

Host: Intel(R) Core(TM) i5-6500 CPU @ 3.20GHz, 4 cores, 15G,  Windows 10 , 64 bit Build 19041 (10.0.19041.3636)
Time: Thu Feb  8 10:41:37 2024 SE Asia Standard Time elapsed time: 15.009968 seconds (0d 0h 0m 15s)

---------------  T H R E A D  ---------------

Current thread (0x000001d27755e670):  VMThread "VM Thread" [stack: 0x000000c9a6a00000,0x000000c9a6b00000] [id=9312]

Stack: [0x000000c9a6a00000,0x000000c9a6b00000]
Native frames: (J=compiled Java code, j=interpreted, Vv=VM code, C=native code)
V  [jvm.dll+0x683c9a]
V  [jvm.dll+0x8427a4]
V  [jvm.dll+0x843f9e]
V  [jvm.dll+0x844603]
V  [jvm.dll+0x249b75]
V  [jvm.dll+0x680b69]
V  [jvm.dll+0x67505a]
V  [jvm.dll+0x309acb]
V  [jvm.dll+0x310f86]
V  [jvm.dll+0x3608ee]
V  [jvm.dll+0x360b1f]
V  [jvm.dll+0x2dfbf8]
V  [jvm.dll+0x2ddec4]
V  [jvm.dll+0x2dd4cc]
V  [jvm.dll+0x321f3b]
V  [jvm.dll+0x848ccb]
V  [jvm.dll+0x849a04]
V  [jvm.dll+0x849f1d]
V  [jvm.dll+0x84a2f4]
V  [jvm.dll+0x84a3c0]
V  [jvm.dll+0x7f274a]
V  [jvm.dll+0x682ad5]
C  [ucrtbase.dll+0x21bb2]
C  [KERNEL32.DLL+0x17344]
C  [ntdll.dll+0x526b1]

VM_Operation (0x000000c9aaafdaa0): G1CollectForAllocation, mode: safepoint, requested by thread 0x000001d27da6d3e0


---------------  P R O C E S S  ---------------

Threads class SMR info:
_java_thread_list=0x000001d20152a770, length=89, elements={
0x000001d25df72830, 0x000001d278040020, 0x000001d278041080, 0x000001d278066170,
0x000001d278080740, 0x000001d278081000, 0x000001d278086080, 0x000001d278086c70,
0x000001d278087d10, 0x000001d278088610, 0x000001d27822c350, 0x000001d278230c40,
0x000001d278379a60, 0x000001d27a999b70, 0x000001d27938ccd0, 0x000001d27a490840,
0x000001d27913e3d0, 0x000001d2798b1030, 0x000001d27a5cc4f0, 0x000001d27a5cb680,
0x000001d27a5cd830, 0x000001d27a5cace0, 0x000001d27a5cbb50, 0x000001d27a5cb1b0,
0x000001d27a5cd360, 0x000001d27a5cc9c0, 0x000001d27a5cc020, 0x000001d27a5cce90,
0x000001d27a5cdd00, 0x000001d27a5ca340, 0x000001d27a5ca810, 0x000001d27ade33f0,
0x000001d27ade20b0, 0x000001d27addc070, 0x000001d27ade1240, 0x000001d27addcee0,
0x000001d27addf560, 0x000001d27ade2f20, 0x000001d27ade2580, 0x000001d27ade38c0,
0x000001d27ade2a50, 0x000001d27addc540, 0x000001d27addd3b0, 0x000001d27addca10,
0x000001d27adddd50, 0x000001d27addd880, 0x000001d27adde220, 0x000001d27adde6f0,
0x000001d27addebc0, 0x000001d27addf090, 0x000001d27addff00, 0x000001d27ade08a0,
0x000001d27ade0d70, 0x000001d27ade1710, 0x000001d27ade1be0, 0x000001d27da67870,
0x000001d27da6d8b0, 0x000001d27da66a00, 0x000001d27da68bb0, 0x000001d27da6c570,
0x000001d27da6d3e0, 0x000001d27da66060, 0x000001d27da6a890, 0x000001d27da6bbd0,
0x000001d27da67d40, 0x000001d27da66530, 0x000001d27da6ad60, 0x000001d27da6a3c0,
0x000001d27da66ed0, 0x000001d27da69080, 0x000001d27da6ca40, 0x000001d27da6b230,
0x000001d27da673a0, 0x000001d27da69550, 0x000001d27da68210, 0x000001d27da686e0,
0x000001d27da69a20, 0x000001d27da69ef0, 0x000001d27da6c0a0, 0x000001d27da6b700,
0x000001d27a8150b0, 0x000001d27a8163f0, 0x000001d27a816d90, 0x000001d27a812f00,
0x000001d27a8180d0, 0x000001d27a8138a0, 0x000001d27a8185a0, 0x000001d27a819410,
0x000001d27a8133d0
}

Java Threads: ( => current thread )
  0x000001d25df72830 JavaThread "main" [_thread_blocked, id=30036, stack(0x000000c9a6400000,0x000000c9a6500000)]
  0x000001d278040020 JavaThread "Reference Handler" daemon [_thread_blocked, id=26584, stack(0x000000c9a6b00000,0x000000c9a6c00000)]
  0x000001d278041080 JavaThread "Finalizer" daemon [_thread_blocked, id=27720, stack(0x000000c9a6c00000,0x000000c9a6d00000)]
  0x000001d278066170 JavaThread "Signal Dispatcher" daemon [_thread_blocked, id=17044, stack(0x000000c9a6d00000,0x000000c9a6e00000)]
  0x000001d278080740 JavaThread "Attach Listener" daemon [_thread_blocked, id=14836, stack(0x000000c9a6e00000,0x000000c9a6f00000)]
  0x000001d278081000 JavaThread "Service Thread" daemon [_thread_blocked, id=11024, stack(0x000000c9a6f00000,0x000000c9a7000000)]
  0x000001d278086080 JavaThread "Monitor Deflation Thread" daemon [_thread_blocked, id=22024, stack(0x000000c9a7000000,0x000000c9a7100000)]
  0x000001d278086c70 JavaThread "C2 CompilerThread0" daemon [_thread_in_native, id=29496, stack(0x000000c9a7100000,0x000000c9a7200000)]
  0x000001d278087d10 JavaThread "C1 CompilerThread0" daemon [_thread_blocked, id=16864, stack(0x000000c9a7200000,0x000000c9a7300000)]
  0x000001d278088610 JavaThread "Sweeper thread" daemon [_thread_blocked, id=20468, stack(0x000000c9a7300000,0x000000c9a7400000)]
  0x000001d27822c350 JavaThread "Common-Cleaner" daemon [_thread_blocked, id=4092, stack(0x000000c9a7400000,0x000000c9a7500000)]
  0x000001d278230c40 JavaThread "Notification Thread" daemon [_thread_blocked, id=19788, stack(0x000000c9a7500000,0x000000c9a7600000)]
  0x000001d278379a60 JavaThread "C2 CompilerThread1" daemon [_thread_in_native, id=14404, stack(0x000000c9a7700000,0x000000c9a7800000)]
  0x000001d27a999b70 JavaThread "Daemon health stats" [_thread_blocked, id=16528, stack(0x000000c9a7b00000,0x000000c9a7c00000)]
  0x000001d27938ccd0 JavaThread "Incoming local TCP Connector on port 48252" [_thread_in_native, id=26380, stack(0x000000c9a7c00000,0x000000c9a7d00000)]
  0x000001d27a490840 JavaThread "Daemon periodic checks" [_thread_blocked, id=13864, stack(0x000000c9a7d00000,0x000000c9a7e00000)]
  0x000001d27913e3d0 JavaThread "Daemon" [_thread_blocked, id=21904, stack(0x000000c9a7e00000,0x000000c9a7f00000)]
  0x000001d2798b1030 JavaThread "Handler for socket connection from /127.0.0.1:48252 to /127.0.0.1:48253" [_thread_in_native, id=13748, stack(0x000000c9a7f00000,0x000000c9a8000000)]
  0x000001d27a5cc4f0 JavaThread "Cancel handler" [_thread_blocked, id=29392, stack(0x000000c9a8000000,0x000000c9a8100000)]
  0x000001d27a5cb680 JavaThread "Daemon worker" [_thread_blocked, id=14564, stack(0x000000c9a8100000,0x000000c9a8200000)]
  0x000001d27a5cd830 JavaThread "Asynchronous log dispatcher for DefaultDaemonConnection: socket connection from /127.0.0.1:48252 to /127.0.0.1:48253" [_thread_blocked, id=28716, stack(0x000000c9a8200000,0x000000c9a8300000)]
  0x000001d27a5cace0 JavaThread "Stdin handler" [_thread_blocked, id=8668, stack(0x000000c9a8300000,0x000000c9a8400000)]
  0x000001d27a5cbb50 JavaThread "Daemon client event forwarder" [_thread_blocked, id=24332, stack(0x000000c9a8400000,0x000000c9a8500000)]
  0x000001d27a5cb1b0 JavaThread "Cache worker for journal cache (C:\Users\ADIT-PC\.gradle\caches\journal-1)" [_thread_blocked, id=29364, stack(0x000000c9a8500000,0x000000c9a8600000)]
  0x000001d27a5cd360 JavaThread "File lock request listener" [_thread_in_native, id=5164, stack(0x000000c9a8600000,0x000000c9a8700000)]
  0x000001d27a5cc9c0 JavaThread "Cache worker for file hash cache (C:\Users\ADIT-PC\.gradle\caches\8.0\fileHashes)" [_thread_blocked, id=4304, stack(0x000000c9a8700000,0x000000c9a8800000)]
  0x000001d27a5cc020 JavaThread "File watcher server" daemon [_thread_blocked, id=3788, stack(0x000000c9a8800000,0x000000c9a8900000)]
  0x000001d27a5cce90 JavaThread "File watcher consumer" daemon [_thread_blocked, id=21224, stack(0x000000c9a8900000,0x000000c9a8a00000)]
  0x000001d27a5cdd00 JavaThread "Cache worker for checksums cache (C:\Users\ADIT-PC\AndroidStudioProjects\HRISMobile-New\.gradle\8.0\checksums)" [_thread_blocked, id=6740, stack(0x000000c9a8a00000,0x000000c9a8b00000)]
  0x000001d27a5ca340 JavaThread "Cache worker for cache directory md-rule (C:\Users\ADIT-PC\.gradle\caches\8.0\md-rule)" [_thread_blocked, id=26568, stack(0x000000c9a8b00000,0x000000c9a8c00000)]
  0x000001d27a5ca810 JavaThread "Cache worker for file content cache (C:\Users\ADIT-PC\.gradle\caches\8.0\fileContent)" [_thread_blocked, id=29600, stack(0x000000c9a8c00000,0x000000c9a8d00000)]
  0x000001d27ade33f0 JavaThread "Cache worker for file hash cache (C:\Users\ADIT-PC\AndroidStudioProjects\HRISMobile-New\.gradle\8.0\fileHashes)" [_thread_blocked, id=27996, stack(0x000000c9a8d00000,0x000000c9a8e00000)]
  0x000001d27ade20b0 JavaThread "Cache worker for cache directory md-supplier (C:\Users\ADIT-PC\.gradle\caches\8.0\md-supplier)" [_thread_blocked, id=8732, stack(0x000000c9a8e00000,0x000000c9a8f00000)]
  0x000001d27addc070 JavaThread "Cache worker for execution history cache (C:\Users\ADIT-PC\.gradle\caches\8.0\executionHistory)" [_thread_blocked, id=13172, stack(0x000000c9a8f00000,0x000000c9a9000000)]
  0x000001d27ade1240 JavaThread "jar transforms" [_thread_blocked, id=20164, stack(0x000000c9a9000000,0x000000c9a9100000)]
  0x000001d27addcee0 JavaThread "jar transforms Thread 2" [_thread_blocked, id=9892, stack(0x000000c9a9100000,0x000000c9a9200000)]
  0x000001d27addf560 JavaThread "jar transforms Thread 3" [_thread_blocked, id=12828, stack(0x000000c9a9200000,0x000000c9a9300000)]
  0x000001d27ade2f20 JavaThread "jar transforms Thread 4" [_thread_blocked, id=6548, stack(0x000000c9a9300000,0x000000c9a9400000)]
  0x000001d27ade2580 JavaThread "Cache worker for dependencies-accessors (C:\Users\ADIT-PC\AndroidStudioProjects\HRISMobile-New\.gradle\8.0\dependencies-accessors)" [_thread_blocked, id=11428, stack(0x000000c9a9400000,0x000000c9a9500000)]
  0x000001d27ade38c0 JavaThread "Cache worker for Build Output Cleanup Cache (C:\Users\ADIT-PC\AndroidStudioProjects\HRISMobile-New\.gradle\buildOutputCleanup)" [_thread_blocked, id=5292, stack(0x000000c9a9500000,0x000000c9a9600000)]
  0x000001d27ade2a50 JavaThread "Unconstrained build operations" [_thread_blocked, id=22840, stack(0x000000c9a9600000,0x000000c9a9700000)]
  0x000001d27addc540 JavaThread "Unconstrained build operations Thread 2" [_thread_blocked, id=24920, stack(0x000000c9a9700000,0x000000c9a9800000)]
  0x000001d27addd3b0 JavaThread "Unconstrained build operations Thread 3" [_thread_blocked, id=25932, stack(0x000000c9a9800000,0x000000c9a9900000)]
  0x000001d27addca10 JavaThread "Unconstrained build operations Thread 4" [_thread_blocked, id=14436, stack(0x000000c9a9900000,0x000000c9a9a00000)]
  0x000001d27adddd50 JavaThread "Unconstrained build operations Thread 5" [_thread_blocked, id=10676, stack(0x000000c9a9a00000,0x000000c9a9b00000)]
  0x000001d27addd880 JavaThread "Unconstrained build operations Thread 6" [_thread_blocked, id=3808, stack(0x000000c9a9b00000,0x000000c9a9c00000)]
  0x000001d27adde220 JavaThread "Unconstrained build operations Thread 7" [_thread_blocked, id=27596, stack(0x000000c9a9c00000,0x000000c9a9d00000)]
  0x000001d27adde6f0 JavaThread "Unconstrained build operations Thread 8" [_thread_blocked, id=25188, stack(0x000000c9a9d00000,0x000000c9a9e00000)]
  0x000001d27addebc0 JavaThread "Unconstrained build operations Thread 9" [_thread_blocked, id=30172, stack(0x000000c9a9e00000,0x000000c9a9f00000)]
  0x000001d27addf090 JavaThread "Unconstrained build operations Thread 10" [_thread_blocked, id=8128, stack(0x000000c9a9f00000,0x000000c9aa000000)]
  0x000001d27addff00 JavaThread "Unconstrained build operations Thread 11" [_thread_blocked, id=29728, stack(0x000000c9aa000000,0x000000c9aa100000)]
  0x000001d27ade08a0 JavaThread "Unconstrained build operations Thread 12" [_thread_blocked, id=14452, stack(0x000000c9aa100000,0x000000c9aa200000)]
  0x000001d27ade0d70 JavaThread "Unconstrained build operations Thread 13" [_thread_blocked, id=3780, stack(0x000000c9aa200000,0x000000c9aa300000)]
  0x000001d27ade1710 JavaThread "Unconstrained build operations Thread 14" [_thread_blocked, id=22248, stack(0x000000c9aa300000,0x000000c9aa400000)]
  0x000001d27ade1be0 JavaThread "Unconstrained build operations Thread 15" [_thread_blocked, id=29440, stack(0x000000c9aa400000,0x000000c9aa500000)]
  0x000001d27da67870 JavaThread "Unconstrained build operations Thread 16" [_thread_blocked, id=14376, stack(0x000000c9aa500000,0x000000c9aa600000)]
  0x000001d27da6d8b0 JavaThread "Unconstrained build operations Thread 17" [_thread_blocked, id=2624, stack(0x000000c9aa600000,0x000000c9aa700000)]
  0x000001d27da66a00 JavaThread "Unconstrained build operations Thread 18" [_thread_blocked, id=25296, stack(0x000000c9aa700000,0x000000c9aa800000)]
  0x000001d27da68bb0 JavaThread "Unconstrained build operations Thread 19" [_thread_blocked, id=28024, stack(0x000000c9aa800000,0x000000c9aa900000)]
  0x000001d27da6c570 JavaThread "Unconstrained build operations Thread 20" [_thread_blocked, id=9576, stack(0x000000c9aa900000,0x000000c9aaa00000)]
  0x000001d27da6d3e0 JavaThread "Unconstrained build operations Thread 21" [_thread_blocked, id=12888, stack(0x000000c9aaa00000,0x000000c9aab00000)]
  0x000001d27da66060 JavaThread "Unconstrained build operations Thread 22" [_thread_blocked, id=25788, stack(0x000000c9aab00000,0x000000c9aac00000)]
  0x000001d27da6a890 JavaThread "Unconstrained build operations Thread 23" [_thread_blocked, id=23436, stack(0x000000c9aac00000,0x000000c9aad00000)]
  0x000001d27da6bbd0 JavaThread "Unconstrained build operations Thread 24" [_thread_blocked, id=11044, stack(0x000000c9aad00000,0x000000c9aae00000)]
  0x000001d27da67d40 JavaThread "Unconstrained build operations Thread 25" [_thread_blocked, id=7080, stack(0x000000c9aae00000,0x000000c9aaf00000)]
  0x000001d27da66530 JavaThread "Unconstrained build operations Thread 26" [_thread_blocked, id=16872, stack(0x000000c9aaf00000,0x000000c9ab000000)]
  0x000001d27da6ad60 JavaThread "Unconstrained build operations Thread 27" [_thread_blocked, id=17664, stack(0x000000c9ab000000,0x000000c9ab100000)]
  0x000001d27da6a3c0 JavaThread "Unconstrained build operations Thread 28" [_thread_blocked, id=22860, stack(0x000000c9ab100000,0x000000c9ab200000)]
  0x000001d27da66ed0 JavaThread "Unconstrained build operations Thread 29" [_thread_blocked, id=30604, stack(0x000000c9ab200000,0x000000c9ab300000)]
  0x000001d27da69080 JavaThread "Unconstrained build operations Thread 30" [_thread_blocked, id=25948, stack(0x000000c9ab300000,0x000000c9ab400000)]
  0x000001d27da6ca40 JavaThread "Unconstrained build operations Thread 31" [_thread_blocked, id=27264, stack(0x000000c9ab400000,0x000000c9ab500000)]
  0x000001d27da6b230 JavaThread "Unconstrained build operations Thread 32" [_thread_blocked, id=12260, stack(0x000000c9ab500000,0x000000c9ab600000)]
  0x000001d27da673a0 JavaThread "Unconstrained build operations Thread 33" [_thread_blocked, id=23204, stack(0x000000c9ab600000,0x000000c9ab700000)]
  0x000001d27da69550 JavaThread "Unconstrained build operations Thread 34" [_thread_blocked, id=14480, stack(0x000000c9ab700000,0x000000c9ab800000)]
  0x000001d27da68210 JavaThread "Unconstrained build operations Thread 35" [_thread_blocked, id=10908, stack(0x000000c9ab800000,0x000000c9ab900000)]
  0x000001d27da686e0 JavaThread "Unconstrained build operations Thread 36" [_thread_blocked, id=17232, stack(0x000000c9ab900000,0x000000c9aba00000)]
  0x000001d27da69a20 JavaThread "Unconstrained build operations Thread 37" [_thread_blocked, id=26272, stack(0x000000c9aba00000,0x000000c9abb00000)]
  0x000001d27da69ef0 JavaThread "Unconstrained build operations Thread 38" [_thread_blocked, id=18380, stack(0x000000c9abb00000,0x000000c9abc00000)]
  0x000001d27da6c0a0 JavaThread "Unconstrained build operations Thread 39" [_thread_blocked, id=5904, stack(0x000000c9abc00000,0x000000c9abd00000)]
  0x000001d27da6b700 JavaThread "Unconstrained build operations Thread 40" [_thread_blocked, id=12600, stack(0x000000c9abd00000,0x000000c9abe00000)]
  0x000001d27a8150b0 JavaThread "build event listener" [_thread_blocked, id=26756, stack(0x000000c9abe00000,0x000000c9abf00000)]
  0x000001d27a8163f0 JavaThread "Memory manager" [_thread_blocked, id=26412, stack(0x000000c9abf00000,0x000000c9ac000000)]
  0x000001d27a816d90 JavaThread "pool-3-thread-1" [_thread_blocked, id=20612, stack(0x000000c9ac200000,0x000000c9ac300000)]
  0x000001d27a812f00 JavaThread "build event listener" [_thread_blocked, id=18712, stack(0x000000c9ac300000,0x000000c9ac400000)]
  0x000001d27a8180d0 JavaThread "included builds" [_thread_blocked, id=22732, stack(0x000000c9ac400000,0x000000c9ac500000)]
  0x000001d27a8138a0 JavaThread "Execution worker" [_thread_blocked, id=8272, stack(0x000000c9ac500000,0x000000c9ac600000)]
  0x000001d27a8185a0 JavaThread "Execution worker Thread 2" [_thread_blocked, id=24388, stack(0x000000c9ac600000,0x000000c9ac700000)]
  0x000001d27a819410 JavaThread "Execution worker Thread 3" [_thread_blocked, id=23772, stack(0x000000c9ac700000,0x000000c9ac800000)]
  0x000001d27a8133d0 JavaThread "Cache worker for execution history cache (C:\Users\ADIT-PC\AndroidStudioProjects\HRISMobile-New\.gradle\8.0\executionHistory)" [_thread_blocked, id=16736, stack(0x000000c9ac800000,0x000000c9ac900000)]

Other Threads:
=>0x000001d27755e670 VMThread "VM Thread" [stack: 0x000000c9a6a00000,0x000000c9a6b00000] [id=9312]
  0x000001d25dfe7420 WatcherThread [stack: 0x000000c9a7600000,0x000000c9a7700000] [id=28728]
  0x000001d25dfc9d70 GCTaskThread "GC Thread#0" [stack: 0x000000c9a6500000,0x000000c9a6600000] [id=5524]
  0x000001d2787ad510 GCTaskThread "GC Thread#1" [stack: 0x000000c9a7800000,0x000000c9a7900000] [id=17672]
  0x000001d2787ad7c0 GCTaskThread "GC Thread#2" [stack: 0x000000c9a7900000,0x000000c9a7a00000] [id=5032]
  0x000001d278450000 GCTaskThread "GC Thread#3" [stack: 0x000000c9a7a00000,0x000000c9a7b00000] [id=17072]
  0x000001d25dfdbbd0 ConcurrentGCThread "G1 Main Marker" [stack: 0x000000c9a6600000,0x000000c9a6700000] [id=11092]
  0x000001d25dfdcb00 ConcurrentGCThread "G1 Conc#0" [stack: 0x000000c9a6700000,0x000000c9a6800000] [id=26556]
  0x000001d25e02e130 ConcurrentGCThread "G1 Refine#0" [stack: 0x000000c9a6800000,0x000000c9a6900000] [id=25900]
  0x000001d27dc1a780 ConcurrentGCThread "G1 Refine#1" [stack: 0x000000c9ac000000,0x000000c9ac100000] [id=18064]
  0x000001d27dc19640 ConcurrentGCThread "G1 Refine#2" [stack: 0x000000c9ac100000,0x000000c9ac200000] [id=30248]
  0x000001d25e02e900 ConcurrentGCThread "G1 Service" [stack: 0x000000c9a6900000,0x000000c9a6a00000] [id=9664]

Threads with active compile tasks:
C2 CompilerThread0    15050 12131       4       org.gradle.internal.execution.steps.IdentifyStep$$Lambda$950/0x0000000100bcd000::accept (14 bytes)
C2 CompilerThread1    15051 12100   !   4       java.nio.file.FileTreeWalker::visit (204 bytes)

VM state: at safepoint (normal execution)

VM Mutex/Monitor currently owned by a thread:  ([mutex/lock_event])
[0x000001d25df6f8c0] Threads_lock - owner thread: 0x000001d27755e670
[0x000001d25df70d00] Heap_lock - owner thread: 0x000001d27da6d3e0

Heap address: 0x0000000080000000, size: 2048 MB, Compressed Oops mode: 32-bit

CDS archive(s) not mapped
Compressed class space mapped at: 0x0000000100000000-0x0000000140000000, reserved size: 1073741824
Narrow klass base: 0x0000000000000000, Narrow klass shift: 3, Narrow klass range: 0x140000000

GC Precious Log:
 CPUs: 4 total, 4 available
 Memory: 16247M
 Large Page Support: Disabled
 NUMA Support: Disabled
 Compressed Oops: Enabled (32-bit)
 Heap Region Size: 1M
 Heap Min Capacity: 8M
 Heap Initial Capacity: 254M
 Heap Max Capacity: 2G
 Pre-touch: Disabled
 Parallel Workers: 4
 Concurrent Workers: 1
 Concurrent Refinement Workers: 4
 Periodic GC: Disabled

Heap:
 garbage-first heap   total 211968K, used 115213K [0x0000000080000000, 0x0000000100000000)
  region size 1024K, 4 young (4096K), 4 survivors (4096K)
 Metaspace       used 90870K, committed 91584K, reserved 1130496K
  class space    used 12201K, committed 12480K, reserved 1048576K

Heap Regions: E=young(eden), S=young(survivor), O=old, HS=humongous(starts), HC=humongous(continues), CS=collection set, F=free, OA=open archive, CA=closed archive, TAMS=top-at-mark-start (previous, next)
|   0|0x0000000080000000, 0x0000000080100000, 0x0000000080100000|100%| O|  |TAMS 0x0000000080100000, 0x0000000080100000| Untracked 
|   1|0x0000000080100000, 0x0000000080200000, 0x0000000080200000|100%| O|  |TAMS 0x0000000080200000, 0x0000000080200000| Untracked 
|   2|0x0000000080200000, 0x0000000080300000, 0x0000000080300000|100%|HS|  |TAMS 0x0000000080300000, 0x0000000080300000| Complete 
|   3|0x0000000080300000, 0x0000000080400000, 0x0000000080400000|100%|HC|  |TAMS 0x0000000080400000, 0x0000000080400000| Complete 
|   4|0x0000000080400000, 0x0000000080500000, 0x0000000080500000|100%|HC|  |TAMS 0x0000000080500000, 0x0000000080500000| Complete 
|   5|0x0000000080500000, 0x0000000080600000, 0x0000000080600000|100%|HC|  |TAMS 0x0000000080600000, 0x0000000080600000| Complete 
|   6|0x0000000080600000, 0x0000000080700000, 0x0000000080700000|100%| O|  |TAMS 0x0000000080700000, 0x0000000080700000| Untracked 
|   7|0x0000000080700000, 0x0000000080800000, 0x0000000080800000|100%| O|  |TAMS 0x0000000080800000, 0x0000000080800000| Untracked 
|   8|0x0000000080800000, 0x0000000080900000, 0x0000000080900000|100%| O|  |TAMS 0x0000000080900000, 0x0000000080900000| Untracked 
|   9|0x0000000080900000, 0x0000000080a00000, 0x0000000080a00000|100%| O|  |TAMS 0x0000000080a00000, 0x0000000080a00000| Untracked 
|  10|0x0000000080a00000, 0x0000000080b00000, 0x0000000080b00000|100%| O|  |TAMS 0x0000000080b00000, 0x0000000080b00000| Untracked 
|  11|0x0000000080b00000, 0x0000000080c00000, 0x0000000080c00000|100%| O|  |TAMS 0x0000000080c00000, 0x0000000080c00000| Untracked 
|  12|0x0000000080c00000, 0x0000000080d00000, 0x0000000080d00000|100%| O|  |TAMS 0x0000000080d00000, 0x0000000080d00000| Untracked 
|  13|0x0000000080d00000, 0x0000000080e00000, 0x0000000080e00000|100%| O|  |TAMS 0x0000000080e00000, 0x0000000080e00000| Untracked 
|  14|0x0000000080e00000, 0x0000000080f00000, 0x0000000080f00000|100%| O|  |TAMS 0x0000000080f00000, 0x0000000080f00000| Untracked 
|  15|0x0000000080f00000, 0x0000000081000000, 0x0000000081000000|100%| O|  |TAMS 0x0000000081000000, 0x0000000081000000| Untracked 
|  16|0x0000000081000000, 0x0000000081100000, 0x0000000081100000|100%| O|  |TAMS 0x0000000081100000, 0x0000000081100000| Untracked 
|  17|0x0000000081100000, 0x0000000081200000, 0x0000000081200000|100%| O|  |TAMS 0x0000000081200000, 0x0000000081200000| Untracked 
|  18|0x0000000081200000, 0x0000000081300000, 0x0000000081300000|100%| O|  |TAMS 0x0000000081300000, 0x0000000081300000| Untracked 
|  19|0x0000000081300000, 0x0000000081400000, 0x0000000081400000|100%| O|  |TAMS 0x0000000081400000, 0x0000000081400000| Untracked 
|  20|0x0000000081400000, 0x0000000081500000, 0x0000000081500000|100%|HS|  |TAMS 0x0000000081500000, 0x0000000081500000| Complete 
|  21|0x0000000081500000, 0x0000000081600000, 0x0000000081600000|100%| O|  |TAMS 0x0000000081600000, 0x0000000081600000| Untracked 
|  22|0x0000000081600000, 0x0000000081700000, 0x0000000081700000|100%| O|  |TAMS 0x0000000081700000, 0x0000000081700000| Untracked 
|  23|0x0000000081700000, 0x0000000081800000, 0x0000000081800000|100%| O|  |TAMS 0x0000000081800000, 0x0000000081800000| Untracked 
|  24|0x0000000081800000, 0x0000000081900000, 0x0000000081900000|100%| O|  |TAMS 0x0000000081900000, 0x0000000081900000| Untracked 
|  25|0x0000000081900000, 0x0000000081a00000, 0x0000000081a00000|100%| O|  |TAMS 0x0000000081a00000, 0x0000000081a00000| Untracked 
|  26|0x0000000081a00000, 0x0000000081b00000, 0x0000000081b00000|100%| O|  |TAMS 0x0000000081b00000, 0x0000000081b00000| Untracked 
|  27|0x0000000081b00000, 0x0000000081c00000, 0x0000000081c00000|100%| O|  |TAMS 0x0000000081c00000, 0x0000000081c00000| Untracked 
|  28|0x0000000081c00000, 0x0000000081d00000, 0x0000000081d00000|100%| O|  |TAMS 0x0000000081d00000, 0x0000000081d00000| Untracked 
|  29|0x0000000081d00000, 0x0000000081e00000, 0x0000000081e00000|100%| O|  |TAMS 0x0000000081e00000, 0x0000000081e00000| Untracked 
|  30|0x0000000081e00000, 0x0000000081f00000, 0x0000000081f00000|100%| O|  |TAMS 0x0000000081f00000, 0x0000000081f00000| Untracked 
|  31|0x0000000081f00000, 0x0000000082000000, 0x0000000082000000|100%|HS|  |TAMS 0x0000000082000000, 0x0000000082000000| Complete 
|  32|0x0000000082000000, 0x0000000082100000, 0x0000000082100000|100%|HS|  |TAMS 0x0000000082100000, 0x0000000082100000| Complete 
|  33|0x0000000082100000, 0x0000000082200000, 0x0000000082200000|100%| O|  |TAMS 0x0000000082200000, 0x0000000082200000| Untracked 
|  34|0x0000000082200000, 0x0000000082300000, 0x0000000082300000|100%| O|  |TAMS 0x0000000082300000, 0x0000000082300000| Untracked 
|  35|0x0000000082300000, 0x0000000082400000, 0x0000000082400000|100%| O|  |TAMS 0x0000000082400000, 0x0000000082400000| Untracked 
|  36|0x0000000082400000, 0x0000000082500000, 0x0000000082500000|100%| O|  |TAMS 0x0000000082500000, 0x0000000082500000| Untracked 
|  37|0x0000000082500000, 0x0000000082600000, 0x0000000082600000|100%| O|  |TAMS 0x0000000082600000, 0x0000000082600000| Untracked 
|  38|0x0000000082600000, 0x0000000082700000, 0x0000000082700000|100%| O|  |TAMS 0x0000000082700000, 0x0000000082700000| Untracked 
|  39|0x0000000082700000, 0x0000000082800000, 0x0000000082800000|100%| O|  |TAMS 0x0000000082800000, 0x0000000082800000| Untracked 
|  40|0x0000000082800000, 0x00000000828b9200, 0x0000000082900000| 72%| O|  |TAMS 0x00000000828b9200, 0x00000000828b9200| Untracked 
|  41|0x0000000082900000, 0x0000000082a00000, 0x0000000082a00000|100%| O|  |TAMS 0x0000000082a00000, 0x0000000082a00000| Untracked 
|  42|0x0000000082a00000, 0x0000000082b00000, 0x0000000082b00000|100%| O|  |TAMS 0x0000000082b00000, 0x0000000082b00000| Untracked 
|  43|0x0000000082b00000, 0x0000000082c00000, 0x0000000082c00000|100%| O|  |TAMS 0x0000000082c00000, 0x0000000082c00000| Untracked 
|  44|0x0000000082c00000, 0x0000000082d00000, 0x0000000082d00000|100%| O|  |TAMS 0x0000000082d00000, 0x0000000082d00000| Untracked 
|  45|0x0000000082d00000, 0x0000000082e00000, 0x0000000082e00000|100%| O|  |TAMS 0x0000000082e00000, 0x0000000082e00000| Untracked 
|  46|0x0000000082e00000, 0x0000000082f00000, 0x0000000082f00000|100%| O|  |TAMS 0x0000000082f00000, 0x0000000082f00000| Untracked 
|  47|0x0000000082f00000, 0x0000000083000000, 0x0000000083000000|100%| O|  |TAMS 0x0000000083000000, 0x0000000083000000| Untracked 
|  48|0x0000000083000000, 0x0000000083100000, 0x0000000083100000|100%| O|  |TAMS 0x0000000083100000, 0x0000000083100000| Untracked 
|  49|0x0000000083100000, 0x0000000083200000, 0x0000000083200000|100%| O|  |TAMS 0x0000000083200000, 0x0000000083200000| Untracked 
|  50|0x0000000083200000, 0x0000000083300000, 0x0000000083300000|100%| O|  |TAMS 0x0000000083300000, 0x0000000083300000| Untracked 
|  51|0x0000000083300000, 0x0000000083400000, 0x0000000083400000|100%| O|  |TAMS 0x0000000083400000, 0x0000000083400000| Untracked 
|  52|0x0000000083400000, 0x0000000083500000, 0x0000000083500000|100%| O|  |TAMS 0x0000000083500000, 0x0000000083500000| Untracked 
|  53|0x0000000083500000, 0x0000000083600000, 0x0000000083600000|100%| O|  |TAMS 0x0000000083600000, 0x0000000083600000| Untracked 
|  54|0x0000000083600000, 0x0000000083700000, 0x0000000083700000|100%| O|  |TAMS 0x0000000083700000, 0x0000000083700000| Untracked 
|  55|0x0000000083700000, 0x0000000083800000, 0x0000000083800000|100%| O|  |TAMS 0x0000000083800000, 0x0000000083800000| Untracked 
|  56|0x0000000083800000, 0x0000000083900000, 0x0000000083900000|100%| O|  |TAMS 0x0000000083900000, 0x0000000083900000| Untracked 
|  57|0x0000000083900000, 0x0000000083a00000, 0x0000000083a00000|100%| O|  |TAMS 0x0000000083a00000, 0x0000000083a00000| Untracked 
|  58|0x0000000083a00000, 0x0000000083b00000, 0x0000000083b00000|100%| O|  |TAMS 0x0000000083b00000, 0x0000000083b00000| Untracked 
|  59|0x0000000083b00000, 0x0000000083c00000, 0x0000000083c00000|100%| O|  |TAMS 0x0000000083c00000, 0x0000000083c00000| Untracked 
|  60|0x0000000083c00000, 0x0000000083d00000, 0x0000000083d00000|100%| O|  |TAMS 0x0000000083d00000, 0x0000000083d00000| Untracked 
|  61|0x0000000083d00000, 0x0000000083d00000, 0x0000000083e00000|  0%| F|  |TAMS 0x0000000083d00000, 0x0000000083d00000| Untracked 
|  62|0x0000000083e00000, 0x0000000083f00000, 0x0000000083f00000|100%| O|  |TAMS 0x0000000083f00000, 0x0000000083f00000| Untracked 
|  63|0x0000000083f00000, 0x0000000084000000, 0x0000000084000000|100%| O|  |TAMS 0x0000000084000000, 0x0000000084000000| Untracked 
|  64|0x0000000084000000, 0x0000000084100000, 0x0000000084100000|100%| O|  |TAMS 0x0000000084100000, 0x0000000084100000| Untracked 
|  65|0x0000000084100000, 0x0000000084200000, 0x0000000084200000|100%| O|  |TAMS 0x0000000084200000, 0x0000000084200000| Untracked 
|  66|0x0000000084200000, 0x0000000084300000, 0x0000000084300000|100%| O|  |TAMS 0x0000000084300000, 0x0000000084300000| Untracked 
|  67|0x0000000084300000, 0x0000000084400000, 0x0000000084400000|100%| O|  |TAMS 0x0000000084400000, 0x0000000084400000| Untracked 
|  68|0x0000000084400000, 0x0000000084500000, 0x0000000084500000|100%| O|  |TAMS 0x0000000084500000, 0x0000000084500000| Untracked 
|  69|0x0000000084500000, 0x0000000084600000, 0x0000000084600000|100%| O|  |TAMS 0x0000000084600000, 0x0000000084600000| Untracked 
|  70|0x0000000084600000, 0x0000000084700000, 0x0000000084700000|100%| O|  |TAMS 0x0000000084700000, 0x0000000084700000| Untracked 
|  71|0x0000000084700000, 0x0000000084800000, 0x0000000084800000|100%| O|  |TAMS 0x0000000084800000, 0x0000000084800000| Untracked 
|  72|0x0000000084800000, 0x0000000084900000, 0x0000000084900000|100%| O|  |TAMS 0x0000000084900000, 0x0000000084900000| Untracked 
|  73|0x0000000084900000, 0x0000000084a00000, 0x0000000084a00000|100%| O|  |TAMS 0x0000000084a00000, 0x0000000084a00000| Untracked 
|  74|0x0000000084a00000, 0x0000000084b00000, 0x0000000084b00000|100%| O|  |TAMS 0x0000000084b00000, 0x0000000084b00000| Untracked 
|  75|0x0000000084b00000, 0x0000000084c00000, 0x0000000084c00000|100%| O|  |TAMS 0x0000000084c00000, 0x0000000084c00000| Untracked 
|  76|0x0000000084c00000, 0x0000000084d00000, 0x0000000084d00000|100%| O|  |TAMS 0x0000000084d00000, 0x0000000084d00000| Untracked 
|  77|0x0000000084d00000, 0x0000000084e00000, 0x0000000084e00000|100%| O|  |TAMS 0x0000000084e00000, 0x0000000084e00000| Untracked 
|  78|0x0000000084e00000, 0x0000000084f00000, 0x0000000084f00000|100%| O|  |TAMS 0x0000000084f00000, 0x0000000084f00000| Untracked 
|  79|0x0000000084f00000, 0x0000000085000000, 0x0000000085000000|100%| O|  |TAMS 0x0000000085000000, 0x0000000085000000| Untracked 
|  80|0x0000000085000000, 0x0000000085100000, 0x0000000085100000|100%| O|  |TAMS 0x0000000085100000, 0x0000000085100000| Untracked 
|  81|0x0000000085100000, 0x0000000085200000, 0x0000000085200000|100%| O|  |TAMS 0x0000000085200000, 0x0000000085200000| Untracked 
|  82|0x0000000085200000, 0x0000000085300000, 0x0000000085300000|100%| O|  |TAMS 0x0000000085300000, 0x0000000085300000| Untracked 
|  83|0x0000000085300000, 0x0000000085400000, 0x0000000085400000|100%| O|  |TAMS 0x0000000085400000, 0x0000000085400000| Untracked 
|  84|0x0000000085400000, 0x0000000085500000, 0x0000000085500000|100%| O|  |TAMS 0x0000000085500000, 0x0000000085500000| Untracked 
|  85|0x0000000085500000, 0x0000000085600000, 0x0000000085600000|100%| O|  |TAMS 0x0000000085600000, 0x0000000085600000| Untracked 
|  86|0x0000000085600000, 0x0000000085700000, 0x0000000085700000|100%| O|  |TAMS 0x0000000085700000, 0x0000000085700000| Untracked 
|  87|0x0000000085700000, 0x0000000085800000, 0x0000000085800000|100%| O|  |TAMS 0x0000000085800000, 0x0000000085800000| Untracked 
|  88|0x0000000085800000, 0x0000000085900000, 0x0000000085900000|100%| O|  |TAMS 0x0000000085900000, 0x0000000085900000| Untracked 
|  89|0x0000000085900000, 0x0000000085a00000, 0x0000000085a00000|100%| O|  |TAMS 0x0000000085a00000, 0x0000000085a00000| Untracked 
|  90|0x0000000085a00000, 0x0000000085b00000, 0x0000000085b00000|100%| O|  |TAMS 0x0000000085b00000, 0x0000000085b00000| Untracked 
|  91|0x0000000085b00000, 0x0000000085c00000, 0x0000000085c00000|100%| O|  |TAMS 0x0000000085c00000, 0x0000000085c00000| Untracked 
|  92|0x0000000085c00000, 0x0000000085d00000, 0x0000000085d00000|100%| O|  |TAMS 0x0000000085d00000, 0x0000000085d00000| Untracked 
|  93|0x0000000085d00000, 0x0000000085e00000, 0x0000000085e00000|100%| O|  |TAMS 0x0000000085e00000, 0x0000000085e00000| Untracked 
|  94|0x0000000085e00000, 0x0000000085f00000, 0x0000000085f00000|100%| O|  |TAMS 0x0000000085f00000, 0x0000000085f00000| Untracked 
|  95|0x0000000085f00000, 0x0000000086000000, 0x0000000086000000|100%| O|  |TAMS 0x0000000086000000, 0x0000000086000000| Untracked 
|  96|0x0000000086000000, 0x0000000086100000, 0x0000000086100000|100%| O|  |TAMS 0x0000000086100000, 0x0000000086100000| Untracked 
|  97|0x0000000086100000, 0x0000000086200000, 0x0000000086200000|100%| O|  |TAMS 0x0000000086100000, 0x0000000086200000| Untracked 
|  98|0x0000000086200000, 0x0000000086300000, 0x0000000086300000|100%| O|  |TAMS 0x0000000086200000, 0x0000000086300000| Untracked 
|  99|0x0000000086300000, 0x0000000086400000, 0x0000000086400000|100%| O|  |TAMS 0x0000000086300000, 0x0000000086400000| Untracked 
| 100|0x0000000086400000, 0x0000000086500000, 0x0000000086500000|100%| O|  |TAMS 0x0000000086400000, 0x0000000086500000| Untracked 
| 101|0x0000000086500000, 0x0000000086600000, 0x0000000086600000|100%| O|  |TAMS 0x0000000086500000, 0x0000000086600000| Untracked 
| 102|0x0000000086600000, 0x0000000086700000, 0x0000000086700000|100%| O|  |TAMS 0x0000000086600000, 0x0000000086700000| Untracked 
| 103|0x0000000086700000, 0x0000000086800000, 0x0000000086800000|100%| O|  |TAMS 0x0000000086700000, 0x0000000086800000| Untracked 
| 104|0x0000000086800000, 0x0000000086900000, 0x0000000086900000|100%| O|  |TAMS 0x0000000086800000, 0x0000000086900000| Untracked 
| 105|0x0000000086900000, 0x0000000086a00000, 0x0000000086a00000|100%| O|  |TAMS 0x0000000086900000, 0x0000000086a00000| Untracked 
| 106|0x0000000086a00000, 0x0000000086b00000, 0x0000000086b00000|100%| O|  |TAMS 0x0000000086a00000, 0x0000000086b00000| Untracked 
| 107|0x0000000086b00000, 0x0000000086c00000, 0x0000000086c00000|100%| O|  |TAMS 0x0000000086b00000, 0x0000000086c00000| Untracked 
| 108|0x0000000086c00000, 0x0000000086d00000, 0x0000000086d00000|100%| O|  |TAMS 0x0000000086c00000, 0x0000000086d00000| Untracked 
| 109|0x0000000086d00000, 0x0000000086e00000, 0x0000000086e00000|100%| O|  |TAMS 0x0000000086d00000, 0x0000000086e00000| Untracked 
| 110|0x0000000086e00000, 0x0000000086ea7e00, 0x0000000086f00000| 65%| O|  |TAMS 0x0000000086e00000, 0x0000000086ea7e00| Untracked 
| 111|0x0000000086f00000, 0x0000000086f00000, 0x0000000087000000|  0%| F|  |TAMS 0x0000000086f00000, 0x0000000086f00000| Untracked 
| 112|0x0000000087000000, 0x0000000087000000, 0x0000000087100000|  0%| F|  |TAMS 0x0000000087000000, 0x0000000087000000| Untracked 
| 113|0x0000000087100000, 0x0000000087100000, 0x0000000087200000|  0%| F|  |TAMS 0x0000000087100000, 0x0000000087100000| Untracked 
| 114|0x0000000087200000, 0x0000000087200000, 0x0000000087300000|  0%| F|  |TAMS 0x0000000087200000, 0x0000000087200000| Untracked 
| 115|0x0000000087300000, 0x0000000087300000, 0x0000000087400000|  0%| F|  |TAMS 0x0000000087300000, 0x0000000087300000| Untracked 
| 116|0x0000000087400000, 0x0000000087400000, 0x0000000087500000|  0%| F|  |TAMS 0x0000000087400000, 0x0000000087400000| Untracked 
| 117|0x0000000087500000, 0x0000000087500000, 0x0000000087600000|  0%| F|  |TAMS 0x0000000087500000, 0x0000000087500000| Untracked 
| 118|0x0000000087600000, 0x0000000087600000, 0x0000000087700000|  0%| F|  |TAMS 0x0000000087600000, 0x0000000087600000| Untracked 
| 119|0x0000000087700000, 0x0000000087700000, 0x0000000087800000|  0%| F|  |TAMS 0x0000000087700000, 0x0000000087700000| Untracked 
| 120|0x0000000087800000, 0x0000000087800000, 0x0000000087900000|  0%| F|  |TAMS 0x0000000087800000, 0x0000000087800000| Untracked 
| 121|0x0000000087900000, 0x0000000087900000, 0x0000000087a00000|  0%| F|  |TAMS 0x0000000087900000, 0x0000000087900000| Untracked 
| 122|0x0000000087a00000, 0x0000000087a00000, 0x0000000087b00000|  0%| F|  |TAMS 0x0000000087a00000, 0x0000000087a00000| Untracked 
| 123|0x0000000087b00000, 0x0000000087b00000, 0x0000000087c00000|  0%| F|  |TAMS 0x0000000087b00000, 0x0000000087b00000| Untracked 
| 124|0x0000000087c00000, 0x0000000087c00000, 0x0000000087d00000|  0%| F|  |TAMS 0x0000000087c00000, 0x0000000087c00000| Untracked 
| 125|0x0000000087d00000, 0x0000000087d00000, 0x0000000087e00000|  0%| F|  |TAMS 0x0000000087d00000, 0x0000000087d00000| Untracked 
| 126|0x0000000087e00000, 0x0000000087e00000, 0x0000000087f00000|  0%| F|  |TAMS 0x0000000087e00000, 0x0000000087e00000| Untracked 
| 127|0x0000000087f00000, 0x0000000087f00000, 0x0000000088000000|  0%| F|  |TAMS 0x0000000087f00000, 0x0000000087f00000| Untracked 
| 128|0x0000000088000000, 0x0000000088000000, 0x0000000088100000|  0%| F|  |TAMS 0x0000000088000000, 0x0000000088000000| Untracked 
| 129|0x0000000088100000, 0x0000000088100000, 0x0000000088200000|  0%| F|  |TAMS 0x0000000088100000, 0x0000000088100000| Untracked 
| 130|0x0000000088200000, 0x0000000088200000, 0x0000000088300000|  0%| F|  |TAMS 0x0000000088200000, 0x0000000088200000| Untracked 
| 131|0x0000000088300000, 0x0000000088300000, 0x0000000088400000|  0%| F|  |TAMS 0x0000000088300000, 0x0000000088300000| Untracked 
| 132|0x0000000088400000, 0x0000000088400000, 0x0000000088500000|  0%| F|  |TAMS 0x0000000088400000, 0x0000000088400000| Untracked 
| 133|0x0000000088500000, 0x0000000088500000, 0x0000000088600000|  0%| F|  |TAMS 0x0000000088500000, 0x0000000088500000| Untracked 
| 134|0x0000000088600000, 0x0000000088600000, 0x0000000088700000|  0%| F|  |TAMS 0x0000000088600000, 0x0000000088600000| Untracked 
| 135|0x0000000088700000, 0x0000000088700000, 0x0000000088800000|  0%| F|  |TAMS 0x0000000088700000, 0x0000000088700000| Untracked 
| 136|0x0000000088800000, 0x0000000088800000, 0x0000000088900000|  0%| F|  |TAMS 0x0000000088800000, 0x0000000088800000| Untracked 
| 137|0x0000000088900000, 0x0000000088900000, 0x0000000088a00000|  0%| F|  |TAMS 0x0000000088900000, 0x0000000088900000| Untracked 
| 138|0x0000000088a00000, 0x0000000088a00000, 0x0000000088b00000|  0%| F|  |TAMS 0x0000000088a00000, 0x0000000088a00000| Untracked 
| 139|0x0000000088b00000, 0x0000000088b00000, 0x0000000088c00000|  0%| F|  |TAMS 0x0000000088b00000, 0x0000000088b00000| Untracked 
| 140|0x0000000088c00000, 0x0000000088c00000, 0x0000000088d00000|  0%| F|  |TAMS 0x0000000088c00000, 0x0000000088c00000| Untracked 
| 141|0x0000000088d00000, 0x0000000088d00000, 0x0000000088e00000|  0%| F|  |TAMS 0x0000000088d00000, 0x0000000088d00000| Untracked 
| 142|0x0000000088e00000, 0x0000000088e224e0, 0x0000000088f00000| 13%| S|CS|TAMS 0x0000000088e00000, 0x0000000088e00000| Complete 
| 143|0x0000000088f00000, 0x0000000089000000, 0x0000000089000000|100%| S|CS|TAMS 0x0000000088f00000, 0x0000000088f00000| Complete 
| 144|0x0000000089000000, 0x0000000089100000, 0x0000000089100000|100%| S|CS|TAMS 0x0000000089000000, 0x0000000089000000| Complete 
| 145|0x0000000089100000, 0x0000000089200000, 0x0000000089200000|100%| S|CS|TAMS 0x0000000089100000, 0x0000000089100000| Complete 
| 146|0x0000000089200000, 0x0000000089200000, 0x0000000089300000|  0%| F|  |TAMS 0x0000000089200000, 0x0000000089200000| Untracked 
| 147|0x0000000089300000, 0x0000000089300000, 0x0000000089400000|  0%| F|  |TAMS 0x0000000089300000, 0x0000000089300000| Untracked 
| 148|0x0000000089400000, 0x0000000089400000, 0x0000000089500000|  0%| F|  |TAMS 0x0000000089400000, 0x0000000089400000| Untracked 
| 149|0x0000000089500000, 0x0000000089500000, 0x0000000089600000|  0%| F|  |TAMS 0x0000000089500000, 0x0000000089500000| Untracked 
| 150|0x0000000089600000, 0x0000000089600000, 0x0000000089700000|  0%| F|  |TAMS 0x0000000089600000, 0x0000000089600000| Untracked 
| 151|0x0000000089700000, 0x0000000089700000, 0x0000000089800000|  0%| F|  |TAMS 0x0000000089700000, 0x0000000089700000| Untracked 
| 152|0x0000000089800000, 0x0000000089800000, 0x0000000089900000|  0%| F|  |TAMS 0x0000000089800000, 0x0000000089800000| Untracked 
| 153|0x0000000089900000, 0x0000000089900000, 0x0000000089a00000|  0%| F|  |TAMS 0x0000000089900000, 0x0000000089900000| Untracked 
| 154|0x0000000089a00000, 0x0000000089a00000, 0x0000000089b00000|  0%| F|  |TAMS 0x0000000089a00000, 0x0000000089a00000| Untracked 
| 155|0x0000000089b00000, 0x0000000089b00000, 0x0000000089c00000|  0%| F|  |TAMS 0x0000000089b00000, 0x0000000089b00000| Untracked 
| 156|0x0000000089c00000, 0x0000000089c00000, 0x0000000089d00000|  0%| F|  |TAMS 0x0000000089c00000, 0x0000000089c00000| Untracked 
| 157|0x0000000089d00000, 0x0000000089d00000, 0x0000000089e00000|  0%| F|  |TAMS 0x0000000089d00000, 0x0000000089d00000| Untracked 
| 158|0x0000000089e00000, 0x0000000089e00000, 0x0000000089f00000|  0%| F|  |TAMS 0x0000000089e00000, 0x0000000089e00000| Untracked 
| 159|0x0000000089f00000, 0x0000000089f00000, 0x000000008a000000|  0%| F|  |TAMS 0x0000000089f00000, 0x0000000089f00000| Untracked 
| 160|0x000000008a000000, 0x000000008a000000, 0x000000008a100000|  0%| F|  |TAMS 0x000000008a000000, 0x000000008a000000| Untracked 
| 161|0x000000008a100000, 0x000000008a100000, 0x000000008a200000|  0%| F|  |TAMS 0x000000008a100000, 0x000000008a100000| Untracked 
| 162|0x000000008a200000, 0x000000008a200000, 0x000000008a300000|  0%| F|  |TAMS 0x000000008a200000, 0x000000008a200000| Untracked 
| 163|0x000000008a300000, 0x000000008a300000, 0x000000008a400000|  0%| F|  |TAMS 0x000000008a300000, 0x000000008a300000| Untracked 
| 164|0x000000008a400000, 0x000000008a400000, 0x000000008a500000|  0%| F|  |TAMS 0x000000008a400000, 0x000000008a400000| Untracked 
| 165|0x000000008a500000, 0x000000008a500000, 0x000000008a600000|  0%| F|  |TAMS 0x000000008a500000, 0x000000008a500000| Untracked 
| 166|0x000000008a600000, 0x000000008a600000, 0x000000008a700000|  0%| F|  |TAMS 0x000000008a600000, 0x000000008a600000| Untracked 
| 167|0x000000008a700000, 0x000000008a700000, 0x000000008a800000|  0%| F|  |TAMS 0x000000008a700000, 0x000000008a700000| Untracked 
| 168|0x000000008a800000, 0x000000008a800000, 0x000000008a900000|  0%| F|  |TAMS 0x000000008a800000, 0x000000008a800000| Untracked 
| 169|0x000000008a900000, 0x000000008a900000, 0x000000008aa00000|  0%| F|  |TAMS 0x000000008a900000, 0x000000008a900000| Untracked 
| 170|0x000000008aa00000, 0x000000008aa00000, 0x000000008ab00000|  0%| F|  |TAMS 0x000000008aa00000, 0x000000008aa00000| Untracked 
| 171|0x000000008ab00000, 0x000000008ab00000, 0x000000008ac00000|  0%| F|  |TAMS 0x000000008ab00000, 0x000000008ab00000| Untracked 
| 172|0x000000008ac00000, 0x000000008ac00000, 0x000000008ad00000|  0%| F|  |TAMS 0x000000008ac00000, 0x000000008ac00000| Untracked 
| 173|0x000000008ad00000, 0x000000008ad00000, 0x000000008ae00000|  0%| F|  |TAMS 0x000000008ad00000, 0x000000008ad00000| Untracked 
| 174|0x000000008ae00000, 0x000000008ae00000, 0x000000008af00000|  0%| F|  |TAMS 0x000000008ae00000, 0x000000008ae00000| Untracked 
| 175|0x000000008af00000, 0x000000008af00000, 0x000000008b000000|  0%| F|  |TAMS 0x000000008af00000, 0x000000008af00000| Untracked 
| 176|0x000000008b000000, 0x000000008b000000, 0x000000008b100000|  0%| F|  |TAMS 0x000000008b000000, 0x000000008b000000| Untracked 
| 177|0x000000008b100000, 0x000000008b100000, 0x000000008b200000|  0%| F|  |TAMS 0x000000008b100000, 0x000000008b100000| Untracked 
| 178|0x000000008b200000, 0x000000008b200000, 0x000000008b300000|  0%| F|  |TAMS 0x000000008b200000, 0x000000008b200000| Untracked 
| 179|0x000000008b300000, 0x000000008b300000, 0x000000008b400000|  0%| F|  |TAMS 0x000000008b300000, 0x000000008b300000| Untracked 
| 180|0x000000008b400000, 0x000000008b400000, 0x000000008b500000|  0%| F|  |TAMS 0x000000008b400000, 0x000000008b400000| Untracked 
| 181|0x000000008b500000, 0x000000008b500000, 0x000000008b600000|  0%| F|  |TAMS 0x000000008b500000, 0x000000008b500000| Untracked 
| 182|0x000000008b600000, 0x000000008b600000, 0x000000008b700000|  0%| F|  |TAMS 0x000000008b600000, 0x000000008b600000| Untracked 
| 183|0x000000008b700000, 0x000000008b700000, 0x000000008b800000|  0%| F|  |TAMS 0x000000008b700000, 0x000000008b700000| Untracked 
| 184|0x000000008b800000, 0x000000008b800000, 0x000000008b900000|  0%| F|  |TAMS 0x000000008b800000, 0x000000008b800000| Untracked 
| 185|0x000000008b900000, 0x000000008b900000, 0x000000008ba00000|  0%| F|  |TAMS 0x000000008b900000, 0x000000008b900000| Untracked 
| 186|0x000000008ba00000, 0x000000008ba00000, 0x000000008bb00000|  0%| F|  |TAMS 0x000000008ba00000, 0x000000008ba00000| Untracked 
| 187|0x000000008bb00000, 0x000000008bb00000, 0x000000008bc00000|  0%| F|  |TAMS 0x000000008bb00000, 0x000000008bb00000| Untracked 
| 188|0x000000008bc00000, 0x000000008bc00000, 0x000000008bd00000|  0%| F|  |TAMS 0x000000008bc00000, 0x000000008bc00000| Untracked 
| 189|0x000000008bd00000, 0x000000008bd00000, 0x000000008be00000|  0%| F|  |TAMS 0x000000008bd00000, 0x000000008bd00000| Untracked 
| 190|0x000000008be00000, 0x000000008be00000, 0x000000008bf00000|  0%| F|  |TAMS 0x000000008be00000, 0x000000008be00000| Untracked 
| 191|0x000000008bf00000, 0x000000008bf00000, 0x000000008c000000|  0%| F|  |TAMS 0x000000008bf00000, 0x000000008bf00000| Untracked 
| 192|0x000000008c000000, 0x000000008c000000, 0x000000008c100000|  0%| F|  |TAMS 0x000000008c000000, 0x000000008c000000| Untracked 
| 193|0x000000008c100000, 0x000000008c100000, 0x000000008c200000|  0%| F|  |TAMS 0x000000008c100000, 0x000000008c100000| Untracked 
| 194|0x000000008c200000, 0x000000008c200000, 0x000000008c300000|  0%| F|  |TAMS 0x000000008c200000, 0x000000008c200000| Untracked 
| 195|0x000000008c300000, 0x000000008c300000, 0x000000008c400000|  0%| F|  |TAMS 0x000000008c300000, 0x000000008c300000| Untracked 
| 196|0x000000008c400000, 0x000000008c400000, 0x000000008c500000|  0%| F|  |TAMS 0x000000008c400000, 0x000000008c400000| Untracked 
| 197|0x000000008c500000, 0x000000008c500000, 0x000000008c600000|  0%| F|  |TAMS 0x000000008c500000, 0x000000008c500000| Untracked 
| 198|0x000000008c600000, 0x000000008c600000, 0x000000008c700000|  0%| F|  |TAMS 0x000000008c600000, 0x000000008c600000| Untracked 
| 199|0x000000008c700000, 0x000000008c700000, 0x000000008c800000|  0%| F|  |TAMS 0x000000008c700000, 0x000000008c700000| Untracked 
| 200|0x000000008c800000, 0x000000008c800000, 0x000000008c900000|  0%| F|  |TAMS 0x000000008c800000, 0x000000008c800000| Untracked 
| 201|0x000000008c900000, 0x000000008c900000, 0x000000008ca00000|  0%| F|  |TAMS 0x000000008c900000, 0x000000008c900000| Untracked 
| 202|0x000000008ca00000, 0x000000008ca00000, 0x000000008cb00000|  0%| F|  |TAMS 0x000000008ca00000, 0x000000008ca00000| Untracked 
| 203|0x000000008cb00000, 0x000000008cb00000, 0x000000008cc00000|  0%| F|  |TAMS 0x000000008cb00000, 0x000000008cb00000| Untracked 
| 204|0x000000008cc00000, 0x000000008cc00000, 0x000000008cd00000|  0%| F|  |TAMS 0x000000008cc00000, 0x000000008cc00000| Untracked 
| 205|0x000000008cd00000, 0x000000008cd00000, 0x000000008ce00000|  0%| F|  |TAMS 0x000000008cd00000, 0x000000008cd00000| Untracked 
| 253|0x000000008fd00000, 0x000000008fd00000, 0x000000008fe00000|  0%| F|  |TAMS 0x000000008fd00000, 0x000000008fd00000| Untracked 

Card table byte_map: [0x000001d270830000,0x000001d270c30000] _byte_map_base: 0x000001d270430000

Marking Bits (Prev, Next): (CMBitMap*) 0x000001d25dfcb2a0, (CMBitMap*) 0x000001d25dfcb2e0
 Prev Bits: [0x000001d271030000, 0x000001d273030000)
 Next Bits: [0x000001d273030000, 0x000001d275030000)

Polling page: 0x000001d25bd80000

Metaspace:

Usage:
  Non-class:     76.83 MB used.
      Class:     11.92 MB used.
       Both:     88.74 MB used.

Virtual space:
  Non-class space:       80.00 MB reserved,      77.25 MB ( 97%) committed,  10 nodes.
      Class space:        1.00 GB reserved,      12.19 MB (  1%) committed,  1 nodes.
             Both:        1.08 GB reserved,      89.44 MB (  8%) committed. 

Chunk freelists:
   Non-Class:  1.92 MB
       Class:  3.75 MB
        Both:  5.68 MB

MaxMetaspaceSize: unlimited
CompressedClassSpaceSize: 1.00 GB
Initial GC threshold: 21.00 MB
Current GC threshold: 149.00 MB
CDS: off
MetaspaceReclaimPolicy: balanced
 - commit_granule_bytes: 65536.
 - commit_granule_words: 8192.
 - virtual_space_node_default_size: 1048576.
 - enlarge_chunks_in_place: 1.
 - new_chunks_are_fully_committed: 0.
 - uncommit_free_chunks: 1.
 - use_allocation_guard: 0.
 - handle_deallocations: 1.


Internal statistics:

num_allocs_failed_limit: 9.
num_arena_births: 960.
num_arena_deaths: 0.
num_vsnodes_births: 11.
num_vsnodes_deaths: 0.
num_space_committed: 1430.
num_space_uncommitted: 0.
num_chunks_returned_to_freelist: 9.
num_chunks_taken_from_freelist: 4332.
num_chunk_merges: 6.
num_chunk_splits: 2788.
num_chunks_enlarged: 1802.
num_purges: 0.
num_inconsistent_stats: 0.

CodeHeap 'non-profiled nmethods': size=120000Kb used=6538Kb max_used=6538Kb free=113461Kb
 bounds [0x000001d268f00000, 0x000001d269570000, 0x000001d270430000]
CodeHeap 'profiled nmethods': size=120000Kb used=19611Kb max_used=19798Kb free=100388Kb
 bounds [0x000001d261430000, 0x000001d262790000, 0x000001d268960000]
CodeHeap 'non-nmethods': size=5760Kb used=2366Kb max_used=2457Kb free=3393Kb
 bounds [0x000001d268960000, 0x000001d268bf0000, 0x000001d268f00000]
 total_blobs=11374 nmethods=10475 adapters=811
 compilation: enabled
              stopped_count=0, restarted_count=0
 full_count=0

Compilation events (20 events):
Event: 14.970 Thread 0x000001d278087d10 12139       3       org.gradle.internal.execution.history.changes.DefaultIncrementalInputProperties$$Lambda$1137/0x0000000100c2afb8::apply (12 bytes)
Event: 14.970 Thread 0x000001d278087d10 nmethod 12139 0x000001d261469b10 code [0x000001d261469cc0, 0x000001d26146a048]
Event: 14.975 Thread 0x000001d278087d10 12140       3       com.google.common.collect.Maps$FilteredEntryMap$EntrySet$1$1::<init> (15 bytes)
Event: 14.976 Thread 0x000001d278087d10 nmethod 12140 0x000001d261469590 code [0x000001d261469740, 0x000001d261469a18]
Event: 14.977 Thread 0x000001d278087d10 12141       3       com.google.common.collect.Maps$FilteredEntryMap$EntrySet$1::transform (9 bytes)
Event: 14.977 Thread 0x000001d278087d10 nmethod 12141 0x000001d261468d10 code [0x000001d261468ee0, 0x000001d2614693f8]
Event: 14.977 Thread 0x000001d278087d10 12142       3       com.google.common.collect.Maps$FilteredEntryMap$EntrySet$1::transform (10 bytes)
Event: 14.978 Thread 0x000001d278087d10 nmethod 12142 0x000001d261468690 code [0x000001d261468840, 0x000001d261468bd8]
Event: 14.980 Thread 0x000001d278087d10 12143       3       com.google.common.collect.ForwardingMapEntry::getValue (10 bytes)
Event: 14.980 Thread 0x000001d278087d10 nmethod 12143 0x000001d261468210 code [0x000001d2614683c0, 0x000001d2614685a8]
Event: 14.992 Thread 0x000001d278087d10 12146       3       com.google.common.collect.Maps$FilteredEntryMap$EntrySet$1::<init> (11 bytes)
Event: 14.992 Thread 0x000001d278087d10 nmethod 12146 0x000001d261964e10 code [0x000001d261964fe0, 0x000001d2619654c8]
Event: 14.992 Thread 0x000001d278087d10 12147       3       com.google.common.collect.ImmutableSortedMap::copyOfSorted (48 bytes)
Event: 14.993 Thread 0x000001d278087d10 nmethod 12147 0x000001d261964190 code [0x000001d2619643a0, 0x000001d261964be8]
Event: 14.993 Thread 0x000001d278087d10 12148       3       com.google.common.collect.Collections2$FilteredCollection::toArray (12 bytes)
Event: 14.993 Thread 0x000001d278087d10 nmethod 12148 0x000001d261962e10 code [0x000001d261963080, 0x000001d261963d68]
Event: 14.995 Thread 0x000001d278087d10 12149       3       com.google.common.collect.Maps$FilteredEntryMap$EntrySet::iterator (21 bytes)
Event: 14.995 Thread 0x000001d278087d10 nmethod 12149 0x000001d261962390 code [0x000001d261962580, 0x000001d261962bf8]
Event: 14.995 Thread 0x000001d278087d10 12150       3       com.google.common.collect.Maps$FilteredEntryMap$EntrySet::delegate (5 bytes)
Event: 14.995 Thread 0x000001d278087d10 nmethod 12150 0x000001d261467e10 code [0x000001d261467fa0, 0x000001d261468118]

GC Heap History (20 events):
Event: 9.409 GC heap after
{Heap after GC invocations=22 (full 0):
 garbage-first heap   total 167936K, used 67195K [0x0000000080000000, 0x0000000100000000)
  region size 1024K, 5 young (5120K), 5 survivors (5120K)
 Metaspace       used 76377K, committed 76928K, reserved 1122304K
  class space    used 10279K, committed 10496K, reserved 1048576K
}
Event: 10.160 GC heap before
{Heap before GC invocations=22 (full 0):
 garbage-first heap   total 167936K, used 131707K [0x0000000080000000, 0x0000000100000000)
  region size 1024K, 68 young (69632K), 5 survivors (5120K)
 Metaspace       used 81173K, committed 81792K, reserved 1122304K
  class space    used 11026K, committed 11264K, reserved 1048576K
}
Event: 10.170 GC heap after
{Heap after GC invocations=23 (full 0):
 garbage-first heap   total 167936K, used 71281K [0x0000000080000000, 0x0000000100000000)
  region size 1024K, 9 young (9216K), 9 survivors (9216K)
 Metaspace       used 81173K, committed 81792K, reserved 1122304K
  class space    used 11026K, committed 11264K, reserved 1048576K
}
Event: 10.781 GC heap before
{Heap before GC invocations=23 (full 0):
 garbage-first heap   total 167936K, used 132721K [0x0000000080000000, 0x0000000100000000)
  region size 1024K, 69 young (70656K), 9 survivors (9216K)
 Metaspace       used 84652K, committed 85312K, reserved 1130496K
  class space    used 11483K, committed 11776K, reserved 1048576K
}
Event: 10.793 GC heap after
{Heap after GC invocations=24 (full 0):
 garbage-first heap   total 167936K, used 78265K [0x0000000080000000, 0x0000000100000000)
  region size 1024K, 9 young (9216K), 9 survivors (9216K)
 Metaspace       used 84652K, committed 85312K, reserved 1130496K
  class space    used 11483K, committed 11776K, reserved 1048576K
}
Event: 11.528 GC heap before
{Heap before GC invocations=24 (full 0):
 garbage-first heap   total 167936K, used 132537K [0x0000000080000000, 0x0000000100000000)
  region size 1024K, 62 young (63488K), 9 survivors (9216K)
 Metaspace       used 88842K, committed 89600K, reserved 1130496K
  class space    used 12046K, committed 12416K, reserved 1048576K
}
Event: 11.542 GC heap after
{Heap after GC invocations=25 (full 0):
 garbage-first heap   total 201728K, used 87289K [0x0000000080000000, 0x0000000100000000)
  region size 1024K, 8 young (8192K), 8 survivors (8192K)
 Metaspace       used 88842K, committed 89600K, reserved 1130496K
  class space    used 12046K, committed 12416K, reserved 1048576K
}
Event: 12.451 GC heap before
{Heap before GC invocations=25 (full 0):
 garbage-first heap   total 201728K, used 154873K [0x0000000080000000, 0x0000000100000000)
  region size 1024K, 75 young (76800K), 8 survivors (8192K)
 Metaspace       used 89339K, committed 90112K, reserved 1130496K
  class space    used 12059K, committed 12416K, reserved 1048576K
}
Event: 12.461 GC heap after
{Heap after GC invocations=26 (full 0):
 garbage-first heap   total 201728K, used 92696K [0x0000000080000000, 0x0000000100000000)
  region size 1024K, 5 young (5120K), 5 survivors (5120K)
 Metaspace       used 89339K, committed 90112K, reserved 1130496K
  class space    used 12059K, committed 12416K, reserved 1048576K
}
Event: 13.211 GC heap before
{Heap before GC invocations=26 (full 0):
 garbage-first heap   total 201728K, used 161304K [0x0000000080000000, 0x0000000100000000)
  region size 1024K, 71 young (72704K), 5 survivors (5120K)
 Metaspace       used 90258K, committed 90944K, reserved 1130496K
  class space    used 12156K, committed 12480K, reserved 1048576K
}
Event: 13.220 GC heap after
{Heap after GC invocations=27 (full 0):
 garbage-first heap   total 201728K, used 98811K [0x0000000080000000, 0x0000000100000000)
  region size 1024K, 9 young (9216K), 9 survivors (9216K)
 Metaspace       used 90258K, committed 90944K, reserved 1130496K
  class space    used 12156K, committed 12480K, reserved 1048576K
}
Event: 13.672 GC heap before
{Heap before GC invocations=27 (full 0):
 garbage-first heap   total 201728K, used 160251K [0x0000000080000000, 0x0000000100000000)
  region size 1024K, 70 young (71680K), 9 survivors (9216K)
 Metaspace       used 90454K, committed 91136K, reserved 1130496K
  class space    used 12171K, committed 12480K, reserved 1048576K
}
Event: 13.681 GC heap after
{Heap after GC invocations=28 (full 0):
 garbage-first heap   total 201728K, used 103547K [0x0000000080000000, 0x0000000100000000)
  region size 1024K, 5 young (5120K), 5 survivors (5120K)
 Metaspace       used 90454K, committed 91136K, reserved 1130496K
  class space    used 12171K, committed 12480K, reserved 1048576K
}
Event: 14.124 GC heap before
{Heap before GC invocations=28 (full 0):
 garbage-first heap   total 201728K, used 162939K [0x0000000080000000, 0x0000000100000000)
  region size 1024K, 64 young (65536K), 5 survivors (5120K)
 Metaspace       used 90761K, committed 91456K, reserved 1130496K
  class space    used 12195K, committed 12480K, reserved 1048576K
}
Event: 14.133 GC heap after
{Heap after GC invocations=29 (full 0):
 garbage-first heap   total 201728K, used 109284K [0x0000000080000000, 0x0000000100000000)
  region size 1024K, 8 young (8192K), 8 survivors (8192K)
 Metaspace       used 90761K, committed 91456K, reserved 1130496K
  class space    used 12195K, committed 12480K, reserved 1048576K
}
Event: 14.610 GC heap before
{Heap before GC invocations=30 (full 0):
 garbage-first heap   total 211968K, used 162532K [0x0000000080000000, 0x0000000100000000)
  region size 1024K, 61 young (62464K), 8 survivors (8192K)
 Metaspace       used 90824K, committed 91520K, reserved 1130496K
  class space    used 12198K, committed 12480K, reserved 1048576K
}
Event: 14.620 GC heap after
{Heap after GC invocations=31 (full 0):
 garbage-first heap   total 211968K, used 112874K [0x0000000080000000, 0x0000000100000000)
  region size 1024K, 4 young (4096K), 4 survivors (4096K)
 Metaspace       used 90824K, committed 91520K, reserved 1130496K
  class space    used 12198K, committed 12480K, reserved 1048576K
}
Event: 14.660 GC heap before
{Heap before GC invocations=31 (full 0):
 garbage-first heap   total 211968K, used 117994K [0x0000000080000000, 0x0000000100000000)
  region size 1024K, 10 young (10240K), 4 survivors (4096K)
 Metaspace       used 90826K, committed 91520K, reserved 1130496K
  class space    used 12198K, committed 12480K, reserved 1048576K
}
Event: 14.665 GC heap after
{Heap after GC invocations=32 (full 0):
 garbage-first heap   total 211968K, used 112984K [0x0000000080000000, 0x0000000100000000)
  region size 1024K, 1 young (1024K), 1 survivors (1024K)
 Metaspace       used 90826K, committed 91520K, reserved 1130496K
  class space    used 12198K, committed 12480K, reserved 1048576K
}
Event: 14.999 GC heap before
{Heap before GC invocations=32 (full 0):
 garbage-first heap   total 211968K, used 173400K [0x0000000080000000, 0x0000000100000000)
  region size 1024K, 61 young (62464K), 1 survivors (1024K)
 Metaspace       used 90870K, committed 91584K, reserved 1130496K
  class space    used 12201K, committed 12480K, reserved 1048576K
}

Dll operation events (2 events):
Event: 0.009 Loaded shared library C:\Program Files\Android\Android Studio2\jbr\bin\java.dll
Event: 0.415 Loaded shared library C:\Program Files\Android\Android Studio2\jbr\bin\verify.dll

Deoptimization events (20 events):
Event: 14.623 Thread 0x000001d27a8138a0 DEOPT PACKING pc=0x000001d2693ed2a0 sp=0x000000c9ac5fd2b0
Event: 14.623 Thread 0x000001d27a8138a0 DEOPT UNPACKING pc=0x000001d2689b69a3 sp=0x000000c9ac5fd248 mode 2
Event: 14.625 Thread 0x000001d27a5cbb50 DEOPT PACKING pc=0x000001d2614e86bd sp=0x000000c9a84ff010
Event: 14.625 Thread 0x000001d27a5cbb50 DEOPT UNPACKING pc=0x000001d2689b7143 sp=0x000000c9a84fe498 mode 0
Event: 14.748 Thread 0x000001d27a8138a0 Uncommon trap: trap_request=0xffffff45 fr.pc=0x000001d2694fd474 relative=0x00000000000011b4
Event: 14.748 Thread 0x000001d27a8138a0 Uncommon trap: reason=unstable_if action=reinterpret pc=0x000001d2694fd474 method=java.util.concurrent.locks.AbstractQueuedSynchronizer.enqueue(Ljava/util/concurrent/locks/AbstractQueuedSynchronizer$Node;)V @ 31 c2
Event: 14.748 Thread 0x000001d27a8138a0 DEOPT PACKING pc=0x000001d2694fd474 sp=0x000000c9ac5faf30
Event: 14.748 Thread 0x000001d27a8138a0 DEOPT UNPACKING pc=0x000001d2689b69a3 sp=0x000000c9ac5facf0 mode 2
Event: 14.782 Thread 0x000001d27da68bb0 Uncommon trap: trap_request=0xffffff45 fr.pc=0x000001d269029fd0 relative=0x00000000000021b0
Event: 14.782 Thread 0x000001d27da68bb0 Uncommon trap: reason=unstable_if action=reinterpret pc=0x000001d269029fd0 method=com.google.common.cache.LocalCache$Segment.storeLoadedValue(Ljava/lang/Object;ILcom/google/common/cache/LocalCache$LoadingValueReference;Ljava/lang/Object;)Z @ 106 c2
Event: 14.782 Thread 0x000001d27da68bb0 DEOPT PACKING pc=0x000001d269029fd0 sp=0x000000c9aa8fda10
Event: 14.782 Thread 0x000001d27da68bb0 DEOPT UNPACKING pc=0x000001d2689b69a3 sp=0x000000c9aa8fd9f0 mode 2
Event: 14.821 Thread 0x000001d27a8185a0 Uncommon trap: trap_request=0xffffffde fr.pc=0x000001d269528aec relative=0x00000000000023ec
Event: 14.821 Thread 0x000001d27a8185a0 Uncommon trap: reason=class_check action=maybe_recompile pc=0x000001d269528aec method=org.gradle.internal.snapshot.impl.AbstractValueProcessor.processValue(Ljava/lang/Object;Lorg/gradle/internal/snapshot/impl/AbstractValueProcessor$ValueVisitor;)Ljava/lan
Event: 14.821 Thread 0x000001d27a8185a0 DEOPT PACKING pc=0x000001d269528aec sp=0x000000c9ac6fa910
Event: 14.821 Thread 0x000001d27a8185a0 DEOPT UNPACKING pc=0x000001d2689b69a3 sp=0x000000c9ac6fa8f8 mode 2
Event: 14.864 Thread 0x000001d27da66a00 Uncommon trap: trap_request=0xffffff45 fr.pc=0x000001d2694ffa4c relative=0x000000000000112c
Event: 14.864 Thread 0x000001d27da66a00 Uncommon trap: reason=unstable_if action=reinterpret pc=0x000001d2694ffa4c method=java.util.concurrent.locks.AbstractQueuedSynchronizer.enqueue(Ljava/util/concurrent/locks/AbstractQueuedSynchronizer$Node;)V @ 31 c2
Event: 14.864 Thread 0x000001d27da66a00 DEOPT PACKING pc=0x000001d2694ffa4c sp=0x000000c9aa7fd9d0
Event: 14.864 Thread 0x000001d27da66a00 DEOPT UNPACKING pc=0x000001d2689b69a3 sp=0x000000c9aa7fd800 mode 2

Classes unloaded (0 events):
No events

Classes redefined (0 events):
No events

Internal exceptions (20 events):
Event: 11.213 Thread 0x000001d27a8150b0 Exception <a 'java/lang/NoSuchMethodError'{0x000000008818a250}: static Lcom/android/buildanalyzer/common/AndroidGradlePluginAttributionData$TaskCategoryInfo;.<clinit>()V> (0x000000008818a250) 
thrown [s\src\hotspot\share\prims\jni.cpp, line 1108]
Event: 11.439 Thread 0x000001d27a8185a0 Exception <a 'java/lang/NoSuchMethodError'{0x00000000875582b8}: 'void java.lang.invoke.DirectMethodHandle$Holder.invokeStatic(java.lang.Object, java.lang.Object, java.lang.Object, java.lang.Object, int, java.lang.Object, java.lang.Object)'> (0x00000000875582b8) 
thrown [s\src\hotspot\share\interpreter\linkResolver.cpp, line 771]
Event: 11.466 Thread 0x000001d27a8185a0 Exception <a 'java/lang/NoSuchMethodError'{0x0000000087231088}: 'java.lang.Object java.lang.invoke.DirectMethodHandle$Holder.invokeSpecialIFC(java.lang.Object, java.lang.Object, java.lang.Object)'> (0x0000000087231088) 
thrown [s\src\hotspot\share\interpreter\linkResolver.cpp, line 771]
Event: 11.681 Thread 0x000001d27addc540 Exception <a 'java/lang/NoSuchMethodError'{0x000000008bb030d0}: 'void java.lang.invoke.DirectMethodHandle$Holder.invokeVirtual(java.lang.Object, java.lang.Object)'> (0x000000008bb030d0) 
thrown [s\src\hotspot\share\interpreter\linkResolver.cpp, line 771]
Event: 11.901 Thread 0x000001d27ade2a50 Implicit null exception at 0x000001d269423488 to 0x000001d269423614
Event: 12.547 Thread 0x000001d27a8185a0 Exception <a 'java/lang/ClassNotFoundException'{0x000000008c00ec20}: com/google/firebase/crashlytics/buildtools/mappingfiles/MappingFileIdReaderBeanInfo> (0x000000008c00ec20) 
thrown [s\src\hotspot\share\classfile\systemDictionary.cpp, line 256]
Event: 12.550 Thread 0x000001d27a8185a0 Exception <a 'java/lang/ClassNotFoundException'{0x000000008c015400}: com/google/firebase/crashlytics/buildtools/mappingfiles/MappingFileIdReaderCustomizer> (0x000000008c015400) 
thrown [s\src\hotspot\share\classfile\systemDictionary.cpp, line 256]
Event: 12.555 Thread 0x000001d27a8185a0 Exception <a 'java/lang/ClassNotFoundException'{0x000000008c0392e0}: com/google/firebase/crashlytics/buildtools/mappingfiles/MappingFileIdReader$FileIdReaderBeanInfo> (0x000000008c0392e0) 
thrown [s\src\hotspot\share\classfile\systemDictionary.cpp, line 256]
Event: 12.555 Thread 0x000001d27a8185a0 Exception <a 'java/lang/ClassNotFoundException'{0x000000008c03fc78}: com/google/firebase/crashlytics/buildtools/mappingfiles/MappingFileIdReader$FileIdReaderCustomizer> (0x000000008c03fc78) 
thrown [s\src\hotspot\share\classfile\systemDictionary.cpp, line 256]
Event: 13.426 Thread 0x000001d27a8138a0 Exception <a 'java/lang/NoSuchMethodError'{0x000000008ac6fbb8}: static Lcom/android/build/gradle/internal/scope/InternalArtifactType;.<clinit>()V> (0x000000008ac6fbb8) 
thrown [s\src\hotspot\share\prims\jni.cpp, line 1108]
Event: 13.426 Thread 0x000001d27a8138a0 Exception <a 'java/lang/NoSuchMethodError'{0x000000008ac71310}: static Lcom/android/build/gradle/internal/scope/InternalArtifactType;.<clinit>()V> (0x000000008ac71310) 
thrown [s\src\hotspot\share\prims\jni.cpp, line 1108]
Event: 13.427 Thread 0x000001d27a8138a0 Exception <a 'java/lang/NoSuchMethodError'{0x000000008ac744a0}: static Lcom/android/build/api/artifact/Artifact$Single;.<clinit>()V> (0x000000008ac744a0) 
thrown [s\src\hotspot\share\prims\jni.cpp, line 1108]
Event: 13.427 Thread 0x000001d27a8138a0 Exception <a 'java/lang/NoSuchMethodError'{0x000000008ac76a18}: static Ljava/lang/Object;.<clinit>()V> (0x000000008ac76a18) 
thrown [s\src\hotspot\share\prims\jni.cpp, line 1108]
Event: 13.428 Thread 0x000001d27a8138a0 Exception <a 'java/lang/NoSuchMethodError'{0x000000008ac8d2e0}: static Lcom/android/build/api/artifact/ArtifactKind;.<clinit>()V> (0x000000008ac8d2e0) 
thrown [s\src\hotspot\share\prims\jni.cpp, line 1108]
Event: 13.428 Thread 0x000001d27a8138a0 Exception <a 'java/lang/NoSuchMethodError'{0x000000008ac8e4a0}: static Lcom/android/build/api/artifact/ArtifactKind;.<clinit>()V> (0x000000008ac8e4a0) 
thrown [s\src\hotspot\share\prims\jni.cpp, line 1108]
Event: 13.860 Thread 0x000001d27a8138a0 Exception <a 'java/lang/NoSuchMethodError'{0x000000008b1cbc18}: 'int java.lang.invoke.DirectMethodHandle$Holder.invokeSpecial(java.lang.Object, java.lang.Object, java.lang.Object, java.lang.Object, java.lang.Object)'> (0x000000008b1cbc18) 
thrown [s\src\hotspot\share\interpreter\linkResolver.cpp, line 771]
Event: 14.100 Thread 0x000001d27a8138a0 Exception <a 'java/lang/NoSuchMethodError'{0x0000000088d7b220}: static Ljava/lang/Object;.<clinit>()V> (0x0000000088d7b220) 
thrown [s\src\hotspot\share\prims\jni.cpp, line 1108]
Event: 14.297 Thread 0x000001d278041080 Implicit null exception at 0x000001d2694fb400 to 0x000001d2694fbba8
Event: 14.329 Thread 0x000001d27a8138a0 Exception <a 'sun/nio/fs/WindowsException'{0x000000008cc8c568}> (0x000000008cc8c568) 
thrown [s\src\hotspot\share\prims\jni.cpp, line 517]
Event: 14.462 Thread 0x000001d27a8138a0 Exception <a 'sun/nio/fs/WindowsException'{0x000000008ad56e28}> (0x000000008ad56e28) 
thrown [s\src\hotspot\share\prims\jni.cpp, line 517]

VM Operations (20 events):
Event: 13.602 Executing VM operation: ICBufferFull done
Event: 13.672 Executing VM operation: G1CollectForAllocation
Event: 13.682 Executing VM operation: G1CollectForAllocation done
Event: 13.806 Executing VM operation: ICBufferFull
Event: 13.807 Executing VM operation: ICBufferFull done
Event: 13.820 Executing VM operation: HandshakeAllThreads
Event: 13.820 Executing VM operation: HandshakeAllThreads done
Event: 13.863 Executing VM operation: HandshakeAllThreads
Event: 13.863 Executing VM operation: HandshakeAllThreads done
Event: 14.124 Executing VM operation: G1CollectForAllocation
Event: 14.135 Executing VM operation: G1CollectForAllocation done
Event: 14.290 Executing VM operation: G1Concurrent
Event: 14.295 Executing VM operation: G1Concurrent done
Event: 14.371 Executing VM operation: G1Concurrent
Event: 14.372 Executing VM operation: G1Concurrent done
Event: 14.610 Executing VM operation: G1CollectForAllocation
Event: 14.620 Executing VM operation: G1CollectForAllocation done
Event: 14.660 Executing VM operation: G1CollectForAllocation
Event: 14.665 Executing VM operation: G1CollectForAllocation done
Event: 14.999 Executing VM operation: G1CollectForAllocation

Events (20 events):
Event: 12.898 Thread 0x000001d278088610 flushing nmethod 0x000001d26252e390
Event: 12.898 Thread 0x000001d278088610 flushing nmethod 0x000001d26252e810
Event: 12.898 Thread 0x000001d278088610 flushing nmethod 0x000001d26252eb10
Event: 12.898 Thread 0x000001d278088610 flushing nmethod 0x000001d26252f290
Event: 12.898 Thread 0x000001d278088610 flushing nmethod 0x000001d262542690
Event: 12.898 Thread 0x000001d278088610 flushing nmethod 0x000001d262548490
Event: 12.898 Thread 0x000001d278088610 flushing nmethod 0x000001d262554910
Event: 12.898 Thread 0x000001d278088610 flushing nmethod 0x000001d262555810
Event: 12.898 Thread 0x000001d278088610 flushing nmethod 0x000001d262557390
Event: 12.898 Thread 0x000001d278088610 flushing nmethod 0x000001d26258df90
Event: 12.898 Thread 0x000001d278088610 flushing nmethod 0x000001d2625e6110
Event: 12.899 Thread 0x000001d278088610 flushing nmethod 0x000001d262705910
Event: 13.005 loading class java/util/Comparators$NaturalOrderComparator
Event: 13.005 loading class java/util/Comparators$NaturalOrderComparator done
Event: 13.005 loading class java/util/stream/SortedOps$SizedRefSortingSink
Event: 13.005 loading class java/util/stream/SortedOps$SizedRefSortingSink done
Event: 13.423 loading class java/util/concurrent/ConcurrentSkipListMap$KeySet
Event: 13.423 loading class java/util/concurrent/ConcurrentSkipListMap$KeySet done
Event: 13.423 loading class java/util/concurrent/ConcurrentSkipListMap$KeyIterator
Event: 13.423 loading class java/util/concurrent/ConcurrentSkipListMap$KeyIterator done


Dynamic libraries:
0x00007ff731f80000 - 0x00007ff731f8a000 	C:\Program Files\Android\Android Studio2\jbr\bin\java.exe
0x00007ffb93730000 - 0x00007ffb93928000 	C:\WINDOWS\SYSTEM32\ntdll.dll
0x00007ffb92820000 - 0x00007ffb928dd000 	C:\WINDOWS\System32\KERNEL32.DLL
0x00007ffb91100000 - 0x00007ffb913f6000 	C:\WINDOWS\System32\KERNELBASE.dll
0x000000006fe50000 - 0x000000006feff000 	C:\ProgramData\Symantec\Symantec Endpoint Protection\14.3.5413.3000.105\Data\Sysfer\x64\sysfer.dll
0x00007ffb914a0000 - 0x00007ffb915a0000 	C:\WINDOWS\System32\ucrtbase.dll
0x00007ffb44b80000 - 0x00007ffb44b97000 	C:\Program Files\Android\Android Studio2\jbr\bin\jli.dll
0x00007ffb88aa0000 - 0x00007ffb88abb000 	C:\Program Files\Android\Android Studio2\jbr\bin\VCRUNTIME140.dll
0x00007ffb93430000 - 0x00007ffb935ce000 	C:\WINDOWS\System32\USER32.dll
0x00007ffb844d0000 - 0x00007ffb8476a000 	C:\WINDOWS\WinSxS\amd64_microsoft.windows.common-controls_6595b64144ccf1df_6.0.19041.3636_none_60b6a03d71f818d5\COMCTL32.dll
0x00007ffb91750000 - 0x00007ffb91772000 	C:\WINDOWS\System32\win32u.dll
0x00007ffb928e0000 - 0x00007ffb9297e000 	C:\WINDOWS\System32\msvcrt.dll
0x00007ffb91920000 - 0x00007ffb9194c000 	C:\WINDOWS\System32\GDI32.dll
0x00007ffb91630000 - 0x00007ffb9174a000 	C:\WINDOWS\System32\gdi32full.dll
0x00007ffb91400000 - 0x00007ffb9149d000 	C:\WINDOWS\System32\msvcp_win.dll
0x00007ffb91dc0000 - 0x00007ffb91df0000 	C:\WINDOWS\System32\IMM32.DLL
0x00007ffb88a80000 - 0x00007ffb88a8c000 	C:\Program Files\Android\Android Studio2\jbr\bin\vcruntime140_1.dll
0x00007ffb75350000 - 0x00007ffb753dd000 	C:\Program Files\Android\Android Studio2\jbr\bin\msvcp140.dll
0x00007ffb09210000 - 0x00007ffb09e7e000 	C:\Program Files\Android\Android Studio2\jbr\bin\server\jvm.dll
0x00007ffb91780000 - 0x00007ffb91833000 	C:\WINDOWS\System32\ADVAPI32.dll
0x00007ffb92780000 - 0x00007ffb9281f000 	C:\WINDOWS\System32\sechost.dll
0x00007ffb92c70000 - 0x00007ffb92d96000 	C:\WINDOWS\System32\RPCRT4.dll
0x00007ffb910d0000 - 0x00007ffb910f7000 	C:\WINDOWS\System32\bcrypt.dll
0x00007ffb840f0000 - 0x00007ffb840f9000 	C:\WINDOWS\SYSTEM32\WSOCK32.dll
0x00007ffb92630000 - 0x00007ffb9269b000 	C:\WINDOWS\System32\WS2_32.dll
0x00007ffb82c30000 - 0x00007ffb82c57000 	C:\WINDOWS\SYSTEM32\WINMM.dll
0x00007ffb87bd0000 - 0x00007ffb87bda000 	C:\WINDOWS\SYSTEM32\VERSION.dll
0x00007ffb8f650000 - 0x00007ffb8f662000 	C:\WINDOWS\SYSTEM32\kernel.appcore.dll
0x00007ffb80f30000 - 0x00007ffb80f3a000 	C:\Program Files\Android\Android Studio2\jbr\bin\jimage.dll
0x00007ffb872b0000 - 0x00007ffb87494000 	C:\WINDOWS\SYSTEM32\DBGHELP.DLL
0x00007ffb87240000 - 0x00007ffb87274000 	C:\WINDOWS\SYSTEM32\dbgcore.DLL
0x00007ffb915a0000 - 0x00007ffb91622000 	C:\WINDOWS\System32\bcryptPrimitives.dll
0x00007ffb468e0000 - 0x00007ffb46905000 	C:\Program Files\Android\Android Studio2\jbr\bin\java.dll
0x00007ffb465f0000 - 0x00007ffb46608000 	C:\Program Files\Android\Android Studio2\jbr\bin\zip.dll
0x00007ffb91df0000 - 0x00007ffb92535000 	C:\WINDOWS\System32\SHELL32.dll
0x00007ffb8ed00000 - 0x00007ffb8f49b000 	C:\WINDOWS\SYSTEM32\windows.storage.dll
0x00007ffb92ed0000 - 0x00007ffb93224000 	C:\WINDOWS\System32\combase.dll
0x00007ffb90680000 - 0x00007ffb906ad000 	C:\WINDOWS\SYSTEM32\Wldp.dll
0x00007ffb92bc0000 - 0x00007ffb92c6d000 	C:\WINDOWS\System32\SHCORE.dll
0x00007ffb918c0000 - 0x00007ffb91915000 	C:\WINDOWS\System32\shlwapi.dll
0x00007ffb90d30000 - 0x00007ffb90d55000 	C:\WINDOWS\SYSTEM32\profapi.dll
0x00007ffb44c60000 - 0x00007ffb44c79000 	C:\Program Files\Android\Android Studio2\jbr\bin\net.dll
0x00007ffb88fb0000 - 0x00007ffb890ba000 	C:\WINDOWS\SYSTEM32\WINHTTP.dll
0x00007ffb90460000 - 0x00007ffb904ca000 	C:\WINDOWS\system32\mswsock.dll
0x00007ffb44c40000 - 0x00007ffb44c56000 	C:\Program Files\Android\Android Studio2\jbr\bin\nio.dll
0x00007ffb7efc0000 - 0x00007ffb7efd0000 	C:\Program Files\Android\Android Studio2\jbr\bin\verify.dll
0x00007ffb0a630000 - 0x00007ffb0a657000 	C:\Users\ADIT-PC\.gradle\native\68d5fa5c4cc2d200863cafc0d521ce42e7d3e7ee720ec0a83991735586a16f82\windows-amd64\native-platform.dll
0x00007ffb56940000 - 0x00007ffb56a84000 	C:\Users\ADIT-PC\.gradle\native\e376f236ea51e6404a007f0833ffe2c6e607c4080706a723a18a27aeea778392\windows-amd64\native-platform-file-events.dll
0x00007ffb6ca40000 - 0x00007ffb6ca49000 	C:\Program Files\Android\Android Studio2\jbr\bin\management.dll
0x00007ffb6c3f0000 - 0x00007ffb6c3fb000 	C:\Program Files\Android\Android Studio2\jbr\bin\management_ext.dll
0x00007ffb93230000 - 0x00007ffb93238000 	C:\WINDOWS\System32\PSAPI.DLL
0x00007ffb906c0000 - 0x00007ffb906d8000 	C:\WINDOWS\SYSTEM32\CRYPTSP.dll
0x00007ffb8fdb0000 - 0x00007ffb8fde4000 	C:\WINDOWS\system32\rsaenh.dll
0x00007ffb90cf0000 - 0x00007ffb90d1e000 	C:\WINDOWS\SYSTEM32\USERENV.dll
0x00007ffb905f0000 - 0x00007ffb905fc000 	C:\WINDOWS\SYSTEM32\CRYPTBASE.dll
0x00007ffb90170000 - 0x00007ffb901ab000 	C:\WINDOWS\SYSTEM32\IPHLPAPI.DLL
0x00007ffb93420000 - 0x00007ffb93428000 	C:\WINDOWS\System32\NSI.dll
0x00007ffb8aa20000 - 0x00007ffb8aa37000 	C:\WINDOWS\SYSTEM32\dhcpcsvc6.DLL
0x00007ffb8aab0000 - 0x00007ffb8aacd000 	C:\WINDOWS\SYSTEM32\dhcpcsvc.DLL
0x00007ffb901c0000 - 0x00007ffb9028a000 	C:\WINDOWS\SYSTEM32\DNSAPI.dll
0x00007ffb72500000 - 0x00007ffb72507000 	C:\WINDOWS\system32\wshunix.dll

dbghelp: loaded successfully - version: 4.0.5 - missing functions: none
symbol engine: initialized successfully - sym options: 0x614 - pdb path: .;C:\Program Files\Android\Android Studio2\jbr\bin;C:\WINDOWS\SYSTEM32;C:\ProgramData\Symantec\Symantec Endpoint Protection\14.3.5413.3000.105\Data\Sysfer\x64;C:\WINDOWS\WinSxS\amd64_microsoft.windows.common-controls_6595b64144ccf1df_6.0.19041.3636_none_60b6a03d71f818d5;C:\Program Files\Android\Android Studio2\jbr\bin\server;C:\Users\ADIT-PC\.gradle\native\68d5fa5c4cc2d200863cafc0d521ce42e7d3e7ee720ec0a83991735586a16f82\windows-amd64;C:\Users\ADIT-PC\.gradle\native\e376f236ea51e6404a007f0833ffe2c6e607c4080706a723a18a27aeea778392\windows-amd64

VM Arguments:
jvm_args: --add-opens=java.base/java.util=ALL-UNNAMED --add-opens=java.base/java.lang=ALL-UNNAMED --add-opens=java.base/java.lang.invoke=ALL-UNNAMED --add-opens=java.prefs/java.util.prefs=ALL-UNNAMED --add-opens=java.base/java.nio.charset=ALL-UNNAMED --add-opens=java.base/java.net=ALL-UNNAMED --add-opens=java.base/java.util.concurrent.atomic=ALL-UNNAMED -Xmx2048m -Dfile.encoding=windows-1252 -Duser.country=ID -Duser.language=en -Duser.variant 
java_command: org.gradle.launcher.daemon.bootstrap.GradleDaemon 8.0
java_class_path (initial): C:\Users\ADIT-PC\.gradle\wrapper\dists\gradle-8.0-bin\ca5e32bp14vu59qr306oxotwh\gradle-8.0\lib\gradle-launcher-8.0.jar
Launcher Type: SUN_STANDARD

[Global flags]
     intx CICompilerCount                          = 3                                         {product} {ergonomic}
     uint ConcGCThreads                            = 1                                         {product} {ergonomic}
     uint G1ConcRefinementThreads                  = 4                                         {product} {ergonomic}
   size_t G1HeapRegionSize                         = 1048576                                   {product} {ergonomic}
    uintx GCDrainStackTargetSize                   = 64                                        {product} {ergonomic}
   size_t InitialHeapSize                          = 266338304                                 {product} {ergonomic}
   size_t MarkStackSize                            = 4194304                                   {product} {ergonomic}
   size_t MaxHeapSize                              = 2147483648                                {product} {command line}
   size_t MaxNewSize                               = 1287651328                                {product} {ergonomic}
   size_t MinHeapDeltaBytes                        = 1048576                                   {product} {ergonomic}
   size_t MinHeapSize                              = 8388608                                   {product} {ergonomic}
    uintx NonNMethodCodeHeapSize                   = 5832780                                {pd product} {ergonomic}
    uintx NonProfiledCodeHeapSize                  = 122912730                              {pd product} {ergonomic}
    uintx ProfiledCodeHeapSize                     = 122912730                              {pd product} {ergonomic}
    uintx ReservedCodeCacheSize                    = 251658240                              {pd product} {ergonomic}
     bool SegmentedCodeCache                       = true                                      {product} {ergonomic}
   size_t SoftMaxHeapSize                          = 2147483648                             {manageable} {ergonomic}
     bool UseCompressedClassPointers               = true                           {product lp64_product} {ergonomic}
     bool UseCompressedOops                        = true                           {product lp64_product} {ergonomic}
     bool UseG1GC                                  = true                                      {product} {ergonomic}
     bool UseLargePagesIndividualAllocation        = false                                  {pd product} {ergonomic}

Logging:
Log output configuration:
 #0: stdout all=warning uptime,level,tags
 #1: stderr all=off uptime,level,tags

Environment Variables:
JAVA_HOME=C:\Program Files\Java\jdk-15.0.2
CLASSPATH=.;
PATH=C:\Program Files\Common Files\Oracle\Java\javapath;C:\Python311\Scripts\;C:\Python311\;C:\Python310\Scripts\;C:\Python310\;C:\Python27\;C:\Python27\Scripts;C:\Program Files (x86)\Common Files\Oracle\Java\javapath;C:\Program Files\Docker\Docker\Resources\bin;C:\ProgramData\Oracle\Java\javapath;C:\Program Files (x86)\Intel\iCLS Client\;C:\Program Files\Intel\iCLS Client\;C:\WINDOWS\system32;C:\WINDOWS;C:\WINDOWS\System32\Wbem;C:\WINDOWS\System32\WindowsPowerShell\v1.0\;C:\Program Files (x86)\Intel\Intel(R) Management Engine Components\DAL;C:\Program Files\Intel\Intel(R) Management Engine Components\DAL;C:\Program Files (x86)\Intel\Intel(R) Management Engine Components\IPT;C:\Program Files\Intel\Intel(R) Management Engine Components\IPT;C:\Program Files\Java\jre1.8.0_162\bin;C:\Program Files (x86)\GtkSharp\2.12\bin;C:\Program Files\PuTTY\;C:\Program Files\Java\jdk1.8.0_162\bin;C:\PROGRA~2\Groovy\GROOVY~1.15\bin;C:\WINDOWS\System32\OpenSSH\;C:\xampp\php;C:\Program Files (x86)\Microsoft SQL Server\Client SDK\ODBC\130\Tools\Binn\;C:\Program Files (x86)\Microsoft SQL Server\140\Tools\Binn\;C:\Program Files (x86)\Microsoft SQL Server\140\DTS\Binn\;C:\Program Files (x86)\Microsoft SQL Server\140\Tools\Binn\ManagementStudio\;c:\Program Files (x86)\Microsoft SQL Server\110\Tools\Binn\;c:\Program Files\Microsoft SQL Server\110\Tools\Binn\;c:\Program Files\Microsoft SQL Server\110\DTS\Binn\;C:\composer;C:\Flutter\flutter\bin;C:\Bitnami\wampstack-5.6.39-0\php;C:\ProgramData\chocolatey\bin;C:\Program Files (x86)\Yarn\bin\;C:\Program Files\Java\jdk1.8.0_211\bin;C:\Program Files\OpenJDK\openjdk-8u312-b07\bin;C:\Program Files\nodejs\;C:\Program Files\Git\cmd;C:\Users\ADIT-PC\AppData\Local\Microsoft\WindowsApps;C:\Users\ADIT-PC\AppData\Local\Android\Sdk\platform-tools;C:\Users\ADIT-PC\AppData\Roaming\npm;C:\Users\ADIT-PC\AppData\Local\Programs\Microsoft VS Code\bin;C:\Users\ADIT-PC\AppData\Local\Android\Sdk;C:\src\flutter\bin;C:\Users\ADIT-PC\AppData\Local\GitHubDesktop\bin;C:\Users
USERNAME=ADIT-PC
OS=Windows_NT
PROCESSOR_IDENTIFIER=Intel64 Family 6 Model 94 Stepping 3, GenuineIntel
TMP=C:\Users\ADIT-PC\AppData\Local\Temp
TEMP=C:\Users\ADIT-PC\AppData\Local\Temp


JNI global refs:
JNI global refs: 25, weak refs: 1

JNI global refs memory usage: 843, weak refs: 841


---------------  S Y S T E M  ---------------

OS:
 Windows 10 , 64 bit Build 19041 (10.0.19041.3636)
OS uptime: 16 days 13:38 hours
Hyper-V role detected

CPU: total 4 (initial active 4) (4 cores per cpu, 1 threads per core) family 6 model 94 stepping 3 microcode 0xf2, cx8, cmov, fxsr, mmx, 3dnowpref, sse, sse2, sse3, ssse3, sse4.1, sse4.2, popcnt, lzcnt, tsc, tscinvbit, avx, avx2, aes, erms, clmul, bmi1, bmi2, rtm, adx, fma, vzeroupper, clflush, clflushopt, hv

Memory: 4k page, system-wide physical 16247M (879M free)
TotalPageFile size 25028M (AvailPageFile size 23M)
current process WorkingSet (physical memory assigned to process): 458M, peak: 458M
current process commit charge ("private bytes"): 484M, peak: 529M

vm_info: OpenJDK 64-Bit Server VM (17.0.6+0-b2043.56-10027231) for windows-amd64 JRE (17.0.6+0-b2043.56-10027231), built on Apr 28 2023 00:43:19 by "androidbuild" with MS VC++ 16.10 / 16.11 (VS2019)

END.
