#
# There is insufficient memory for the Java Runtime Environment to continue.
# Native memory allocation (mmap) failed to map 44040192 bytes for G1 virtual space
# Possible reasons:
#   The system is out of physical RAM or swap space
#   The process is running with CompressedOops enabled, and the Java Heap may be blocking the growth of the native heap
# Possible solutions:
#   Reduce memory load on the system
#   Increase physical memory or swap space
#   Check if swap backing store is full
#   Decrease Java heap size (-Xmx/-Xms)
#   Decrease number of Java threads
#   Decrease Java thread stack sizes (-Xss)
#   Set larger code cache with -XX:ReservedCodeCacheSize=
#   JVM is running with Unscaled Compressed Oops mode in which the Java heap is
#     placed in the first 4GB address space. The Java Heap base address is the
#     maximum limit for the native heap growth. Please use -XX:HeapBaseMinAddress
#     to set the Java Heap base and to place the Java Heap above 4GB virtual address.
# This output file may be truncated or incomplete.
#
#  Out of Memory Error (os_windows.cpp:3769), pid=13200, tid=2984
#
# JRE version: OpenJDK Runtime Environment (17.0.6) (build 17.0.6+0-b2043.56-10027231)
# Java VM: OpenJDK 64-Bit Server VM (17.0.6+0-b2043.56-10027231, mixed mode, tiered, compressed oops, compressed class ptrs, g1 gc, windows-amd64)
# No core dump will be written. Minidumps are not enabled by default on client versions of Windows
#

---------------  S U M M A R Y ------------

Command Line: --add-opens=java.base/java.util=ALL-UNNAMED --add-opens=java.base/java.lang=ALL-UNNAMED --add-opens=java.base/java.lang.invoke=ALL-UNNAMED --add-opens=java.prefs/java.util.prefs=ALL-UNNAMED --add-opens=java.base/java.nio.charset=ALL-UNNAMED --add-opens=java.base/java.net=ALL-UNNAMED --add-opens=java.base/java.util.concurrent.atomic=ALL-UNNAMED -Xmx2048m -Dfile.encoding=windows-1252 -Duser.country=ID -Duser.language=en -Duser.variant org.gradle.launcher.daemon.bootstrap.GradleDaemon 8.0

Host: Intel(R) Core(TM) i5-6500 CPU @ 3.20GHz, 4 cores, 15G,  Windows 10 , 64 bit Build 19041 (10.0.19041.3636)
Time: Thu Feb  8 19:31:09 2024 SE Asia Standard Time elapsed time: 17.023447 seconds (0d 0h 0m 17s)

---------------  T H R E A D  ---------------

Current thread (0x000001fd56f1cd60):  VMThread "VM Thread" [stack: 0x000000b213e00000,0x000000b213f00000] [id=2984]

Stack: [0x000000b213e00000,0x000000b213f00000]
Native frames: (J=compiled Java code, j=interpreted, Vv=VM code, C=native code)
V  [jvm.dll+0x683c9a]
V  [jvm.dll+0x8427a4]
V  [jvm.dll+0x843f9e]
V  [jvm.dll+0x844603]
V  [jvm.dll+0x249b75]
V  [jvm.dll+0x680b69]
V  [jvm.dll+0x67505a]
V  [jvm.dll+0x309acb]
V  [jvm.dll+0x310f86]
V  [jvm.dll+0x3608ee]
V  [jvm.dll+0x360b1f]
V  [jvm.dll+0x2dfbf8]
V  [jvm.dll+0x2ddec4]
V  [jvm.dll+0x2dd4cc]
V  [jvm.dll+0x322261]
V  [jvm.dll+0x848ccb]
V  [jvm.dll+0x849a04]
V  [jvm.dll+0x849f1d]
V  [jvm.dll+0x84a2f4]
V  [jvm.dll+0x84a3c0]
V  [jvm.dll+0x7f274a]
V  [jvm.dll+0x682ad5]
C  [ucrtbase.dll+0x21bb2]
C  [KERNEL32.DLL+0x17344]
C  [ntdll.dll+0x526b1]

VM_Operation (0x000000b219bfe2c0): G1TryInitiateConcMark, mode: safepoint, requested by thread 0x000001fd608360b0


---------------  P R O C E S S  ---------------

Threads class SMR info:
_java_thread_list=0x000001fd5d29ebc0, length=89, elements={
0x000001fd3d960ac0, 0x000001fd5784d260, 0x000001fd5784e5b0, 0x000001fd5787ecd0,
0x000001fd578817a0, 0x000001fd57884260, 0x000001fd57884c10, 0x000001fd5789eb00,
0x000001fd578a3c50, 0x000001fd578ad4c0, 0x000001fd57a24010, 0x000001fd57a24f00,
0x000001fd5a33f910, 0x000001fd5a33d290, 0x000001fd5a33dc30, 0x000001fd5a33d760,
0x000001fd5a33e100, 0x000001fd5a33cdc0, 0x000001fd5a33e5d0, 0x000001fd5a33eaa0,
0x000001fd5a33ef70, 0x000001fd5a33f440, 0x000001fd5a33c420, 0x000001fd5a33c8f0,
0x000001fd5af66730, 0x000001fd5af62d70, 0x000001fd5af670d0, 0x000001fd5af6a0f0,
0x000001fd5af640b0, 0x000001fd5af64a50, 0x000001fd5af64f20, 0x000001fd5af69280,
0x000001fd5af653f0, 0x000001fd5af64580, 0x000001fd5af675a0, 0x000001fd5af628a0,
0x000001fd5af658c0, 0x000001fd5af67f40, 0x000001fd5af688e0, 0x000001fd5af66c00,
0x000001fd5af63710, 0x000001fd5af68410, 0x000001fd5af63be0, 0x000001fd5a3e8d70,
0x000001fd5a3ee8e0, 0x000001fd5a3e9be0, 0x000001fd5a3ea580, 0x000001fd5a3ec730,
0x000001fd5a3ebd90, 0x000001fd5a3ed5a0, 0x000001fd5a3edf40, 0x000001fd5a3ec260,
0x000001fd5a3ecc00, 0x000001fd5a3eedb0, 0x000001fd5a3eda70, 0x000001fd5a3ef280,
0x000001fd5a3eaf20, 0x000001fd5a3ef750, 0x000001fd5a3ed0d0, 0x000001fd5a3eaa50,
0x000001fd5a3e9710, 0x000001fd5a3e7f00, 0x000001fd5a3eb3f0, 0x000001fd5a3e83d0,
0x000001fd5a3ee410, 0x000001fd5a3eb8c0, 0x000001fd5a3e88a0, 0x000001fd5a3e9240,
0x000001fd5a3ea0b0, 0x000001fd5a9329a0, 0x000001fd5a934680, 0x000001fd5a931b30,
0x000001fd5a930320, 0x000001fd5a92efe0, 0x000001fd5a9307f0, 0x000001fd5a9341b0,
0x000001fd5a9324d0, 0x000001fd5a92f4b0, 0x000001fd5a932e70, 0x000001fd5a92fe50,
0x000001fd5a932000, 0x000001fd594ce620, 0x000001fd5a935e90, 0x000001fd5a936360,
0x000001fd608326f0, 0x000001fd60835be0, 0x000001fd60830540, 0x000001fd60830070,
0x000001fd608360b0
}

Java Threads: ( => current thread )
  0x000001fd3d960ac0 JavaThread "main" [_thread_blocked, id=15944, stack(0x000000b213800000,0x000000b213900000)]
  0x000001fd5784d260 JavaThread "Reference Handler" daemon [_thread_blocked, id=27016, stack(0x000000b213f00000,0x000000b214000000)]
  0x000001fd5784e5b0 JavaThread "Finalizer" daemon [_thread_blocked, id=10724, stack(0x000000b214000000,0x000000b214100000)]
  0x000001fd5787ecd0 JavaThread "Signal Dispatcher" daemon [_thread_blocked, id=27876, stack(0x000000b214100000,0x000000b214200000)]
  0x000001fd578817a0 JavaThread "Attach Listener" daemon [_thread_blocked, id=13848, stack(0x000000b214200000,0x000000b214300000)]
  0x000001fd57884260 JavaThread "Service Thread" daemon [_thread_blocked, id=27456, stack(0x000000b214300000,0x000000b214400000)]
  0x000001fd57884c10 JavaThread "Monitor Deflation Thread" daemon [_thread_blocked, id=18124, stack(0x000000b214400000,0x000000b214500000)]
  0x000001fd5789eb00 JavaThread "C2 CompilerThread0" daemon [_thread_blocked, id=19348, stack(0x000000b214500000,0x000000b214600000)]
  0x000001fd578a3c50 JavaThread "C1 CompilerThread0" daemon [_thread_blocked, id=3148, stack(0x000000b214600000,0x000000b214700000)]
  0x000001fd578ad4c0 JavaThread "Sweeper thread" daemon [_thread_blocked, id=9644, stack(0x000000b214700000,0x000000b214800000)]
  0x000001fd57a24010 JavaThread "Common-Cleaner" daemon [_thread_blocked, id=22052, stack(0x000000b214800000,0x000000b214900000)]
  0x000001fd57a24f00 JavaThread "Notification Thread" daemon [_thread_blocked, id=10100, stack(0x000000b214900000,0x000000b214a00000)]
  0x000001fd5a33f910 JavaThread "Daemon health stats" [_thread_blocked, id=26692, stack(0x000000b214f00000,0x000000b215000000)]
  0x000001fd5a33d290 JavaThread "Incoming local TCP Connector on port 51409" [_thread_in_native, id=14620, stack(0x000000b214b00000,0x000000b214c00000)]
  0x000001fd5a33dc30 JavaThread "Daemon periodic checks" [_thread_blocked, id=21480, stack(0x000000b215000000,0x000000b215100000)]
  0x000001fd5a33d760 JavaThread "Daemon" [_thread_blocked, id=18664, stack(0x000000b215100000,0x000000b215200000)]
  0x000001fd5a33e100 JavaThread "Handler for socket connection from /127.0.0.1:51409 to /127.0.0.1:51410" [_thread_in_native, id=27368, stack(0x000000b215200000,0x000000b215300000)]
  0x000001fd5a33cdc0 JavaThread "Cancel handler" [_thread_blocked, id=7960, stack(0x000000b215300000,0x000000b215400000)]
  0x000001fd5a33e5d0 JavaThread "Daemon worker" [_thread_blocked, id=5960, stack(0x000000b215400000,0x000000b215500000)]
  0x000001fd5a33eaa0 JavaThread "Asynchronous log dispatcher for DefaultDaemonConnection: socket connection from /127.0.0.1:51409 to /127.0.0.1:51410" [_thread_blocked, id=15896, stack(0x000000b215500000,0x000000b215600000)]
  0x000001fd5a33ef70 JavaThread "Stdin handler" [_thread_blocked, id=21336, stack(0x000000b215600000,0x000000b215700000)]
  0x000001fd5a33f440 JavaThread "Daemon client event forwarder" [_thread_blocked, id=18504, stack(0x000000b215700000,0x000000b215800000)]
  0x000001fd5a33c420 JavaThread "Cache worker for journal cache (C:\Users\ADIT-PC\.gradle\caches\journal-1)" [_thread_blocked, id=27448, stack(0x000000b215800000,0x000000b215900000)]
  0x000001fd5a33c8f0 JavaThread "File lock request listener" [_thread_in_native, id=11452, stack(0x000000b215900000,0x000000b215a00000)]
  0x000001fd5af66730 JavaThread "Cache worker for file hash cache (C:\Users\ADIT-PC\.gradle\caches\8.0\fileHashes)" [_thread_blocked, id=24420, stack(0x000000b215b00000,0x000000b215c00000)]
  0x000001fd5af62d70 JavaThread "File watcher server" daemon [_thread_blocked, id=16844, stack(0x000000b215c00000,0x000000b215d00000)]
  0x000001fd5af670d0 JavaThread "File watcher consumer" daemon [_thread_blocked, id=7072, stack(0x000000b215d00000,0x000000b215e00000)]
  0x000001fd5af6a0f0 JavaThread "Cache worker for checksums cache (C:\Users\ADIT-PC\AndroidStudioProjects\HRISMobile-New\.gradle\8.0\checksums)" [_thread_blocked, id=29620, stack(0x000000b215e00000,0x000000b215f00000)]
  0x000001fd5af640b0 JavaThread "Cache worker for cache directory md-rule (C:\Users\ADIT-PC\.gradle\caches\8.0\md-rule)" [_thread_blocked, id=28496, stack(0x000000b215f00000,0x000000b216000000)]
  0x000001fd5af64a50 JavaThread "Cache worker for file content cache (C:\Users\ADIT-PC\.gradle\caches\8.0\fileContent)" [_thread_blocked, id=23796, stack(0x000000b216000000,0x000000b216100000)]
  0x000001fd5af64f20 JavaThread "Cache worker for file hash cache (C:\Users\ADIT-PC\AndroidStudioProjects\HRISMobile-New\.gradle\8.0\fileHashes)" [_thread_blocked, id=30292, stack(0x000000b216100000,0x000000b216200000)]
  0x000001fd5af69280 JavaThread "Cache worker for cache directory md-supplier (C:\Users\ADIT-PC\.gradle\caches\8.0\md-supplier)" [_thread_blocked, id=20340, stack(0x000000b216200000,0x000000b216300000)]
  0x000001fd5af653f0 JavaThread "Cache worker for execution history cache (C:\Users\ADIT-PC\.gradle\caches\8.0\executionHistory)" [_thread_blocked, id=12392, stack(0x000000b216300000,0x000000b216400000)]
  0x000001fd5af64580 JavaThread "jar transforms" [_thread_blocked, id=21908, stack(0x000000b216400000,0x000000b216500000)]
  0x000001fd5af675a0 JavaThread "jar transforms Thread 2" [_thread_blocked, id=28516, stack(0x000000b216500000,0x000000b216600000)]
  0x000001fd5af628a0 JavaThread "jar transforms Thread 3" [_thread_blocked, id=17984, stack(0x000000b216700000,0x000000b216800000)]
  0x000001fd5af658c0 JavaThread "jar transforms Thread 4" [_thread_blocked, id=16392, stack(0x000000b216800000,0x000000b216900000)]
  0x000001fd5af67f40 JavaThread "Cache worker for dependencies-accessors (C:\Users\ADIT-PC\AndroidStudioProjects\HRISMobile-New\.gradle\8.0\dependencies-accessors)" [_thread_blocked, id=8140, stack(0x000000b216900000,0x000000b216a00000)]
  0x000001fd5af688e0 JavaThread "Cache worker for Build Output Cleanup Cache (C:\Users\ADIT-PC\AndroidStudioProjects\HRISMobile-New\.gradle\buildOutputCleanup)" [_thread_blocked, id=27752, stack(0x000000b216a00000,0x000000b216b00000)]
  0x000001fd5af66c00 JavaThread "Unconstrained build operations" [_thread_blocked, id=6252, stack(0x000000b216b00000,0x000000b216c00000)]
  0x000001fd5af63710 JavaThread "Unconstrained build operations Thread 2" [_thread_blocked, id=7492, stack(0x000000b216c00000,0x000000b216d00000)]
  0x000001fd5af68410 JavaThread "Unconstrained build operations Thread 3" [_thread_blocked, id=608, stack(0x000000b216d00000,0x000000b216e00000)]
  0x000001fd5af63be0 JavaThread "Unconstrained build operations Thread 4" [_thread_blocked, id=30416, stack(0x000000b216e00000,0x000000b216f00000)]
  0x000001fd5a3e8d70 JavaThread "Unconstrained build operations Thread 5" [_thread_blocked, id=11708, stack(0x000000b216f00000,0x000000b217000000)]
  0x000001fd5a3ee8e0 JavaThread "Unconstrained build operations Thread 6" [_thread_blocked, id=15108, stack(0x000000b217000000,0x000000b217100000)]
  0x000001fd5a3e9be0 JavaThread "Unconstrained build operations Thread 7" [_thread_blocked, id=23872, stack(0x000000b217100000,0x000000b217200000)]
  0x000001fd5a3ea580 JavaThread "Unconstrained build operations Thread 8" [_thread_blocked, id=13260, stack(0x000000b217200000,0x000000b217300000)]
  0x000001fd5a3ec730 JavaThread "Unconstrained build operations Thread 9" [_thread_blocked, id=22976, stack(0x000000b217300000,0x000000b217400000)]
  0x000001fd5a3ebd90 JavaThread "Unconstrained build operations Thread 10" [_thread_blocked, id=16380, stack(0x000000b217400000,0x000000b217500000)]
  0x000001fd5a3ed5a0 JavaThread "Unconstrained build operations Thread 11" [_thread_blocked, id=28552, stack(0x000000b217500000,0x000000b217600000)]
  0x000001fd5a3edf40 JavaThread "Unconstrained build operations Thread 12" [_thread_blocked, id=11832, stack(0x000000b217600000,0x000000b217700000)]
  0x000001fd5a3ec260 JavaThread "Unconstrained build operations Thread 13" [_thread_blocked, id=24588, stack(0x000000b217700000,0x000000b217800000)]
  0x000001fd5a3ecc00 JavaThread "Unconstrained build operations Thread 14" [_thread_blocked, id=4844, stack(0x000000b217800000,0x000000b217900000)]
  0x000001fd5a3eedb0 JavaThread "Unconstrained build operations Thread 15" [_thread_blocked, id=19340, stack(0x000000b217900000,0x000000b217a00000)]
  0x000001fd5a3eda70 JavaThread "Unconstrained build operations Thread 16" [_thread_blocked, id=12592, stack(0x000000b217a00000,0x000000b217b00000)]
  0x000001fd5a3ef280 JavaThread "Unconstrained build operations Thread 17" [_thread_blocked, id=18764, stack(0x000000b217b00000,0x000000b217c00000)]
  0x000001fd5a3eaf20 JavaThread "Unconstrained build operations Thread 18" [_thread_blocked, id=1940, stack(0x000000b217c00000,0x000000b217d00000)]
  0x000001fd5a3ef750 JavaThread "Unconstrained build operations Thread 19" [_thread_blocked, id=29940, stack(0x000000b217d00000,0x000000b217e00000)]
  0x000001fd5a3ed0d0 JavaThread "Unconstrained build operations Thread 20" [_thread_blocked, id=21784, stack(0x000000b217e00000,0x000000b217f00000)]
  0x000001fd5a3eaa50 JavaThread "Unconstrained build operations Thread 21" [_thread_blocked, id=2456, stack(0x000000b217f00000,0x000000b218000000)]
  0x000001fd5a3e9710 JavaThread "Unconstrained build operations Thread 22" [_thread_blocked, id=18828, stack(0x000000b218000000,0x000000b218100000)]
  0x000001fd5a3e7f00 JavaThread "Unconstrained build operations Thread 23" [_thread_blocked, id=27548, stack(0x000000b218100000,0x000000b218200000)]
  0x000001fd5a3eb3f0 JavaThread "Unconstrained build operations Thread 24" [_thread_blocked, id=22392, stack(0x000000b218200000,0x000000b218300000)]
  0x000001fd5a3e83d0 JavaThread "Unconstrained build operations Thread 25" [_thread_blocked, id=26744, stack(0x000000b218300000,0x000000b218400000)]
  0x000001fd5a3ee410 JavaThread "Unconstrained build operations Thread 26" [_thread_blocked, id=30512, stack(0x000000b218400000,0x000000b218500000)]
  0x000001fd5a3eb8c0 JavaThread "Unconstrained build operations Thread 27" [_thread_blocked, id=10788, stack(0x000000b218500000,0x000000b218600000)]
  0x000001fd5a3e88a0 JavaThread "Unconstrained build operations Thread 28" [_thread_blocked, id=7308, stack(0x000000b218600000,0x000000b218700000)]
  0x000001fd5a3e9240 JavaThread "Unconstrained build operations Thread 29" [_thread_blocked, id=17280, stack(0x000000b218700000,0x000000b218800000)]
  0x000001fd5a3ea0b0 JavaThread "Unconstrained build operations Thread 30" [_thread_blocked, id=22588, stack(0x000000b218800000,0x000000b218900000)]
  0x000001fd5a9329a0 JavaThread "Unconstrained build operations Thread 31" [_thread_blocked, id=28416, stack(0x000000b218900000,0x000000b218a00000)]
  0x000001fd5a934680 JavaThread "Unconstrained build operations Thread 32" [_thread_blocked, id=23332, stack(0x000000b218a00000,0x000000b218b00000)]
  0x000001fd5a931b30 JavaThread "Unconstrained build operations Thread 33" [_thread_blocked, id=28116, stack(0x000000b218b00000,0x000000b218c00000)]
  0x000001fd5a930320 JavaThread "Unconstrained build operations Thread 34" [_thread_blocked, id=24604, stack(0x000000b218c00000,0x000000b218d00000)]
  0x000001fd5a92efe0 JavaThread "Unconstrained build operations Thread 35" [_thread_blocked, id=3008, stack(0x000000b218d00000,0x000000b218e00000)]
  0x000001fd5a9307f0 JavaThread "Unconstrained build operations Thread 36" [_thread_blocked, id=26440, stack(0x000000b218e00000,0x000000b218f00000)]
  0x000001fd5a9341b0 JavaThread "Unconstrained build operations Thread 37" [_thread_blocked, id=21344, stack(0x000000b218f00000,0x000000b219000000)]
  0x000001fd5a9324d0 JavaThread "Unconstrained build operations Thread 38" [_thread_blocked, id=7500, stack(0x000000b219000000,0x000000b219100000)]
  0x000001fd5a92f4b0 JavaThread "Unconstrained build operations Thread 39" [_thread_blocked, id=14212, stack(0x000000b219100000,0x000000b219200000)]
  0x000001fd5a932e70 JavaThread "Unconstrained build operations Thread 40" [_thread_blocked, id=20784, stack(0x000000b219200000,0x000000b219300000)]
  0x000001fd5a92fe50 JavaThread "build event listener" [_thread_blocked, id=28912, stack(0x000000b219300000,0x000000b219400000)]
  0x000001fd5a932000 JavaThread "Memory manager" [_thread_blocked, id=24860, stack(0x000000b219400000,0x000000b219500000)]
  0x000001fd594ce620 JavaThread "C2 CompilerThread1" daemon [_thread_blocked, id=19504, stack(0x000000b215a00000,0x000000b215b00000)]
  0x000001fd5a935e90 JavaThread "pool-3-thread-1" [_thread_blocked, id=3132, stack(0x000000b219500000,0x000000b219600000)]
  0x000001fd5a936360 JavaThread "build event listener" [_thread_blocked, id=2080, stack(0x000000b219600000,0x000000b219700000)]
  0x000001fd608326f0 JavaThread "included builds" [_thread_blocked, id=19280, stack(0x000000b219700000,0x000000b219800000)]
  0x000001fd60835be0 JavaThread "Execution worker" [_thread_blocked, id=21168, stack(0x000000b219800000,0x000000b219900000)]
  0x000001fd60830540 JavaThread "Execution worker Thread 2" [_thread_blocked, id=11104, stack(0x000000b219900000,0x000000b219a00000)]
  0x000001fd60830070 JavaThread "Execution worker Thread 3" [_thread_blocked, id=2608, stack(0x000000b219a00000,0x000000b219b00000)]
  0x000001fd608360b0 JavaThread "Cache worker for execution history cache (C:\Users\ADIT-PC\AndroidStudioProjects\HRISMobile-New\.gradle\8.0\executionHistory)" [_thread_blocked, id=24672, stack(0x000000b219b00000,0x000000b219c00000)]

Other Threads:
=>0x000001fd56f1cd60 VMThread "VM Thread" [stack: 0x000000b213e00000,0x000000b213f00000] [id=2984]
  0x000001fd57a253d0 WatcherThread [stack: 0x000000b214a00000,0x000000b214b00000] [id=23764]
  0x000001fd3d9bcaf0 GCTaskThread "GC Thread#0" [stack: 0x000000b213900000,0x000000b213a00000] [id=17828]
  0x000001fd57e3ec90 GCTaskThread "GC Thread#1" [stack: 0x000000b214c00000,0x000000b214d00000] [id=2980]
  0x000001fd57e002f0 GCTaskThread "GC Thread#2" [stack: 0x000000b214d00000,0x000000b214e00000] [id=2044]
  0x000001fd57df5030 GCTaskThread "GC Thread#3" [stack: 0x000000b214e00000,0x000000b214f00000] [id=4076]
  0x000001fd3d9cda30 ConcurrentGCThread "G1 Main Marker" [stack: 0x000000b213a00000,0x000000b213b00000] [id=18728]
  0x000001fd3d9cefb0 ConcurrentGCThread "G1 Conc#0" [stack: 0x000000b213b00000,0x000000b213c00000] [id=17076]
  0x000001fd56dce550 ConcurrentGCThread "G1 Refine#0" [stack: 0x000000b213c00000,0x000000b213d00000] [id=20964]
  0x000001fd5a9df360 ConcurrentGCThread "G1 Refine#1" [stack: 0x000000b216600000,0x000000b216700000] [id=10256]
  0x000001fd56dcee10 ConcurrentGCThread "G1 Service" [stack: 0x000000b213d00000,0x000000b213e00000] [id=25316]

Threads with active compile tasks:
C2 CompilerThread0    17070 11090       4       java.lang.invoke.MethodHandle::<init> (37 bytes)
C2 CompilerThread1    17070 11089       4       java.lang.invoke.LambdaForm::prepare (112 bytes)

VM state: at safepoint (normal execution)

VM Mutex/Monitor currently owned by a thread:  ([mutex/lock_event])
[0x000001fd3d95c170] Threads_lock - owner thread: 0x000001fd56f1cd60
[0x000001fd3d95ba20] Heap_lock - owner thread: 0x000001fd608360b0

Heap address: 0x0000000080000000, size: 2048 MB, Compressed Oops mode: 32-bit

CDS archive(s) not mapped
Compressed class space mapped at: 0x0000000100000000-0x0000000140000000, reserved size: 1073741824
Narrow klass base: 0x0000000000000000, Narrow klass shift: 3, Narrow klass range: 0x140000000

GC Precious Log:
 CPUs: 4 total, 4 available
 Memory: 16247M
 Large Page Support: Disabled
 NUMA Support: Disabled
 Compressed Oops: Enabled (32-bit)
 Heap Region Size: 1M
 Heap Min Capacity: 8M
 Heap Initial Capacity: 254M
 Heap Max Capacity: 2G
 Pre-touch: Disabled
 Parallel Workers: 4
 Concurrent Workers: 1
 Concurrent Refinement Workers: 4
 Periodic GC: Disabled

Heap:
 garbage-first heap   total 217088K, used 94681K [0x0000000080000000, 0x0000000100000000)
  region size 1024K, 3 young (3072K), 3 survivors (3072K)
 Metaspace       used 90412K, committed 91136K, reserved 1130496K
  class space    used 12210K, committed 12544K, reserved 1048576K

Heap Regions: E=young(eden), S=young(survivor), O=old, HS=humongous(starts), HC=humongous(continues), CS=collection set, F=free, OA=open archive, CA=closed archive, TAMS=top-at-mark-start (previous, next)
|   0|0x0000000080000000, 0x0000000080100000, 0x0000000080100000|100%| O|  |TAMS 0x0000000080100000, 0x0000000080100000| Untracked 
|   1|0x0000000080100000, 0x0000000080200000, 0x0000000080200000|100%| O|  |TAMS 0x0000000080200000, 0x0000000080200000| Untracked 
|   2|0x0000000080200000, 0x0000000080300000, 0x0000000080300000|100%|HS|  |TAMS 0x0000000080300000, 0x0000000080300000| Complete 
|   3|0x0000000080300000, 0x0000000080400000, 0x0000000080400000|100%|HC|  |TAMS 0x0000000080400000, 0x0000000080400000| Complete 
|   4|0x0000000080400000, 0x0000000080500000, 0x0000000080500000|100%|HC|  |TAMS 0x0000000080500000, 0x0000000080500000| Complete 
|   5|0x0000000080500000, 0x0000000080600000, 0x0000000080600000|100%|HC|  |TAMS 0x0000000080600000, 0x0000000080600000| Complete 
|   6|0x0000000080600000, 0x0000000080700000, 0x0000000080700000|100%| O|  |TAMS 0x0000000080700000, 0x0000000080700000| Untracked 
|   7|0x0000000080700000, 0x0000000080800000, 0x0000000080800000|100%| O|  |TAMS 0x0000000080800000, 0x0000000080800000| Untracked 
|   8|0x0000000080800000, 0x0000000080900000, 0x0000000080900000|100%| O|  |TAMS 0x0000000080900000, 0x0000000080900000| Untracked 
|   9|0x0000000080900000, 0x0000000080a00000, 0x0000000080a00000|100%| O|  |TAMS 0x0000000080a00000, 0x0000000080a00000| Untracked 
|  10|0x0000000080a00000, 0x0000000080b00000, 0x0000000080b00000|100%| O|  |TAMS 0x0000000080b00000, 0x0000000080b00000| Untracked 
|  11|0x0000000080b00000, 0x0000000080b00000, 0x0000000080c00000|  0%| F|  |TAMS 0x0000000080b00000, 0x0000000080b00000| Untracked 
|  12|0x0000000080c00000, 0x0000000080d00000, 0x0000000080d00000|100%| O|  |TAMS 0x0000000080d00000, 0x0000000080d00000| Untracked 
|  13|0x0000000080d00000, 0x0000000080e00000, 0x0000000080e00000|100%| O|  |TAMS 0x0000000080e00000, 0x0000000080e00000| Untracked 
|  14|0x0000000080e00000, 0x0000000080f00000, 0x0000000080f00000|100%| O|  |TAMS 0x0000000080f00000, 0x0000000080f00000| Untracked 
|  15|0x0000000080f00000, 0x0000000081000000, 0x0000000081000000|100%| O|  |TAMS 0x0000000081000000, 0x0000000081000000| Untracked 
|  16|0x0000000081000000, 0x0000000081100000, 0x0000000081100000|100%| O|  |TAMS 0x0000000081100000, 0x0000000081100000| Untracked 
|  17|0x0000000081100000, 0x0000000081200000, 0x0000000081200000|100%| O|  |TAMS 0x0000000081200000, 0x0000000081200000| Untracked 
|  18|0x0000000081200000, 0x0000000081300000, 0x0000000081300000|100%| O|  |TAMS 0x0000000081300000, 0x0000000081300000| Untracked 
|  19|0x0000000081300000, 0x0000000081400000, 0x0000000081400000|100%| O|  |TAMS 0x0000000081400000, 0x0000000081400000| Untracked 
|  20|0x0000000081400000, 0x0000000081500000, 0x0000000081500000|100%| O|  |TAMS 0x0000000081500000, 0x0000000081500000| Untracked 
|  21|0x0000000081500000, 0x0000000081600000, 0x0000000081600000|100%| O|  |TAMS 0x0000000081600000, 0x0000000081600000| Untracked 
|  22|0x0000000081600000, 0x0000000081700000, 0x0000000081700000|100%| O|  |TAMS 0x0000000081700000, 0x0000000081700000| Untracked 
|  23|0x0000000081700000, 0x0000000081800000, 0x0000000081800000|100%| O|  |TAMS 0x0000000081800000, 0x0000000081800000| Untracked 
|  24|0x0000000081800000, 0x0000000081900000, 0x0000000081900000|100%| O|  |TAMS 0x0000000081900000, 0x0000000081900000| Untracked 
|  25|0x0000000081900000, 0x0000000081a00000, 0x0000000081a00000|100%| O|  |TAMS 0x0000000081a00000, 0x0000000081a00000| Untracked 
|  26|0x0000000081a00000, 0x0000000081b00000, 0x0000000081b00000|100%|HS|  |TAMS 0x0000000081b00000, 0x0000000081b00000| Complete 
|  27|0x0000000081b00000, 0x0000000081c00000, 0x0000000081c00000|100%| O|  |TAMS 0x0000000081c00000, 0x0000000081c00000| Untracked 
|  28|0x0000000081c00000, 0x0000000081d00000, 0x0000000081d00000|100%| O|  |TAMS 0x0000000081d00000, 0x0000000081d00000| Untracked 
|  29|0x0000000081d00000, 0x0000000081e00000, 0x0000000081e00000|100%| O|  |TAMS 0x0000000081e00000, 0x0000000081e00000| Untracked 
|  30|0x0000000081e00000, 0x0000000081f00000, 0x0000000081f00000|100%| O|  |TAMS 0x0000000081f00000, 0x0000000081f00000| Untracked 
|  31|0x0000000081f00000, 0x0000000082000000, 0x0000000082000000|100%| O|  |TAMS 0x0000000082000000, 0x0000000082000000| Untracked 
|  32|0x0000000082000000, 0x0000000082100000, 0x0000000082100000|100%|HS|  |TAMS 0x0000000082100000, 0x0000000082100000| Complete 
|  33|0x0000000082100000, 0x0000000082200000, 0x0000000082200000|100%|HS|  |TAMS 0x0000000082200000, 0x0000000082200000| Complete 
|  34|0x0000000082200000, 0x0000000082300000, 0x0000000082300000|100%| O|  |TAMS 0x0000000082300000, 0x0000000082300000| Untracked 
|  35|0x0000000082300000, 0x0000000082400000, 0x0000000082400000|100%| O|  |TAMS 0x0000000082400000, 0x0000000082400000| Untracked 
|  36|0x0000000082400000, 0x0000000082500000, 0x0000000082500000|100%| O|  |TAMS 0x0000000082500000, 0x0000000082500000| Untracked 
|  37|0x0000000082500000, 0x0000000082600000, 0x0000000082600000|100%| O|  |TAMS 0x0000000082600000, 0x0000000082600000| Untracked 
|  38|0x0000000082600000, 0x0000000082700000, 0x0000000082700000|100%| O|  |TAMS 0x0000000082700000, 0x0000000082700000| Untracked 
|  39|0x0000000082700000, 0x0000000082800000, 0x0000000082800000|100%| O|  |TAMS 0x0000000082800000, 0x0000000082800000| Untracked 
|  40|0x0000000082800000, 0x0000000082900000, 0x0000000082900000|100%| O|  |TAMS 0x0000000082900000, 0x0000000082900000| Untracked 
|  41|0x0000000082900000, 0x0000000082a00000, 0x0000000082a00000|100%| O|  |TAMS 0x0000000082a00000, 0x0000000082a00000| Untracked 
|  42|0x0000000082a00000, 0x0000000082b00000, 0x0000000082b00000|100%| O|  |TAMS 0x0000000082b00000, 0x0000000082b00000| Untracked 
|  43|0x0000000082b00000, 0x0000000082c00000, 0x0000000082c00000|100%| O|  |TAMS 0x0000000082c00000, 0x0000000082c00000| Untracked 
|  44|0x0000000082c00000, 0x0000000082d00000, 0x0000000082d00000|100%| O|  |TAMS 0x0000000082d00000, 0x0000000082d00000| Untracked 
|  45|0x0000000082d00000, 0x0000000082e00000, 0x0000000082e00000|100%| O|  |TAMS 0x0000000082e00000, 0x0000000082e00000| Untracked 
|  46|0x0000000082e00000, 0x0000000082f00000, 0x0000000082f00000|100%| O|  |TAMS 0x0000000082f00000, 0x0000000082f00000| Untracked 
|  47|0x0000000082f00000, 0x0000000083000000, 0x0000000083000000|100%| O|  |TAMS 0x0000000083000000, 0x0000000083000000| Untracked 
|  48|0x0000000083000000, 0x0000000083100000, 0x0000000083100000|100%| O|  |TAMS 0x0000000083100000, 0x0000000083100000| Untracked 
|  49|0x0000000083100000, 0x0000000083200000, 0x0000000083200000|100%| O|  |TAMS 0x0000000083200000, 0x0000000083200000| Untracked 
|  50|0x0000000083200000, 0x0000000083300000, 0x0000000083300000|100%| O|  |TAMS 0x0000000083300000, 0x0000000083300000| Untracked 
|  51|0x0000000083300000, 0x0000000083400000, 0x0000000083400000|100%| O|  |TAMS 0x0000000083400000, 0x0000000083400000| Untracked 
|  52|0x0000000083400000, 0x0000000083500000, 0x0000000083500000|100%| O|  |TAMS 0x0000000083500000, 0x0000000083500000| Untracked 
|  53|0x0000000083500000, 0x0000000083600000, 0x0000000083600000|100%| O|  |TAMS 0x0000000083600000, 0x0000000083600000| Untracked 
|  54|0x0000000083600000, 0x0000000083700000, 0x0000000083700000|100%| O|  |TAMS 0x0000000083700000, 0x0000000083700000| Untracked 
|  55|0x0000000083700000, 0x0000000083800000, 0x0000000083800000|100%| O|  |TAMS 0x0000000083800000, 0x0000000083800000| Untracked 
|  56|0x0000000083800000, 0x0000000083900000, 0x0000000083900000|100%| O|  |TAMS 0x0000000083900000, 0x0000000083900000| Untracked 
|  57|0x0000000083900000, 0x0000000083a00000, 0x0000000083a00000|100%| O|  |TAMS 0x0000000083a00000, 0x0000000083a00000| Untracked 
|  58|0x0000000083a00000, 0x0000000083b00000, 0x0000000083b00000|100%| O|  |TAMS 0x0000000083b00000, 0x0000000083b00000| Untracked 
|  59|0x0000000083b00000, 0x0000000083c00000, 0x0000000083c00000|100%| O|  |TAMS 0x0000000083c00000, 0x0000000083c00000| Untracked 
|  60|0x0000000083c00000, 0x0000000083d00000, 0x0000000083d00000|100%| O|  |TAMS 0x0000000083d00000, 0x0000000083d00000| Untracked 
|  61|0x0000000083d00000, 0x0000000083e00000, 0x0000000083e00000|100%| O|  |TAMS 0x0000000083e00000, 0x0000000083e00000| Untracked 
|  62|0x0000000083e00000, 0x0000000083f00000, 0x0000000083f00000|100%| O|  |TAMS 0x0000000083f00000, 0x0000000083f00000| Untracked 
|  63|0x0000000083f00000, 0x0000000084000000, 0x0000000084000000|100%| O|  |TAMS 0x0000000084000000, 0x0000000084000000| Untracked 
|  64|0x0000000084000000, 0x0000000084100000, 0x0000000084100000|100%| O|  |TAMS 0x0000000084100000, 0x0000000084100000| Untracked 
|  65|0x0000000084100000, 0x0000000084200000, 0x0000000084200000|100%| O|  |TAMS 0x0000000084200000, 0x0000000084200000| Untracked 
|  66|0x0000000084200000, 0x0000000084300000, 0x0000000084300000|100%| O|  |TAMS 0x0000000084300000, 0x0000000084300000| Untracked 
|  67|0x0000000084300000, 0x0000000084400000, 0x0000000084400000|100%| O|  |TAMS 0x0000000084400000, 0x0000000084400000| Untracked 
|  68|0x0000000084400000, 0x0000000084500000, 0x0000000084500000|100%| O|  |TAMS 0x0000000084500000, 0x0000000084500000| Untracked 
|  69|0x0000000084500000, 0x0000000084600000, 0x0000000084600000|100%| O|  |TAMS 0x0000000084500000, 0x0000000084600000| Untracked 
|  70|0x0000000084600000, 0x0000000084700000, 0x0000000084700000|100%| O|  |TAMS 0x0000000084700000, 0x0000000084700000| Untracked 
|  71|0x0000000084700000, 0x0000000084800000, 0x0000000084800000|100%| O|  |TAMS 0x0000000084800000, 0x0000000084800000| Untracked 
|  72|0x0000000084800000, 0x0000000084900000, 0x0000000084900000|100%| O|  |TAMS 0x0000000084900000, 0x0000000084900000| Untracked 
|  73|0x0000000084900000, 0x0000000084a00000, 0x0000000084a00000|100%| O|  |TAMS 0x0000000084a00000, 0x0000000084a00000| Untracked 
|  74|0x0000000084a00000, 0x0000000084b00000, 0x0000000084b00000|100%| O|  |TAMS 0x0000000084b00000, 0x0000000084b00000| Untracked 
|  75|0x0000000084b00000, 0x0000000084c00000, 0x0000000084c00000|100%| O|  |TAMS 0x0000000084c00000, 0x0000000084c00000| Untracked 
|  76|0x0000000084c00000, 0x0000000084d00000, 0x0000000084d00000|100%| O|  |TAMS 0x0000000084d00000, 0x0000000084d00000| Untracked 
|  77|0x0000000084d00000, 0x0000000084e00000, 0x0000000084e00000|100%| O|  |TAMS 0x0000000084dc0c00, 0x0000000084e00000| Untracked 
|  78|0x0000000084e00000, 0x0000000084f00000, 0x0000000084f00000|100%| O|  |TAMS 0x0000000084e00000, 0x0000000084f00000| Untracked 
|  79|0x0000000084f00000, 0x0000000085000000, 0x0000000085000000|100%| O|  |TAMS 0x0000000084f00000, 0x0000000085000000| Untracked 
|  80|0x0000000085000000, 0x0000000085100000, 0x0000000085100000|100%| O|  |TAMS 0x0000000085000000, 0x0000000085100000| Untracked 
|  81|0x0000000085100000, 0x0000000085200000, 0x0000000085200000|100%| O|  |TAMS 0x0000000085100000, 0x0000000085200000| Untracked 
|  82|0x0000000085200000, 0x0000000085300000, 0x0000000085300000|100%| O|  |TAMS 0x0000000085200000, 0x0000000085300000| Untracked 
|  83|0x0000000085300000, 0x0000000085400000, 0x0000000085400000|100%| O|  |TAMS 0x0000000085300000, 0x0000000085400000| Untracked 
|  84|0x0000000085400000, 0x0000000085500000, 0x0000000085500000|100%| O|  |TAMS 0x0000000085400000, 0x0000000085500000| Untracked 
|  85|0x0000000085500000, 0x0000000085600000, 0x0000000085600000|100%| O|  |TAMS 0x0000000085500000, 0x0000000085600000| Untracked 
|  86|0x0000000085600000, 0x0000000085700000, 0x0000000085700000|100%| O|  |TAMS 0x0000000085600000, 0x0000000085700000| Untracked 
|  87|0x0000000085700000, 0x0000000085800000, 0x0000000085800000|100%| O|  |TAMS 0x0000000085700000, 0x0000000085800000| Untracked 
|  88|0x0000000085800000, 0x0000000085900000, 0x0000000085900000|100%| O|  |TAMS 0x0000000085800000, 0x0000000085900000| Untracked 
|  89|0x0000000085900000, 0x0000000085a00000, 0x0000000085a00000|100%| O|  |TAMS 0x0000000085900000, 0x0000000085a00000| Untracked 
|  90|0x0000000085a00000, 0x0000000085b00000, 0x0000000085b00000|100%| O|  |TAMS 0x0000000085a00000, 0x0000000085b00000| Untracked 
|  91|0x0000000085b00000, 0x0000000085b2ea00, 0x0000000085c00000| 18%| O|  |TAMS 0x0000000085b00000, 0x0000000085b2ea00| Untracked 
|  92|0x0000000085c00000, 0x0000000085c00000, 0x0000000085d00000|  0%| F|  |TAMS 0x0000000085c00000, 0x0000000085c00000| Untracked 
|  93|0x0000000085d00000, 0x0000000085d00000, 0x0000000085e00000|  0%| F|  |TAMS 0x0000000085d00000, 0x0000000085d00000| Untracked 
|  94|0x0000000085e00000, 0x0000000085e00000, 0x0000000085f00000|  0%| F|  |TAMS 0x0000000085e00000, 0x0000000085e00000| Untracked 
|  95|0x0000000085f00000, 0x0000000085f00000, 0x0000000086000000|  0%| F|  |TAMS 0x0000000085f00000, 0x0000000085f00000| Untracked 
|  96|0x0000000086000000, 0x0000000086000000, 0x0000000086100000|  0%| F|  |TAMS 0x0000000086000000, 0x0000000086000000| Untracked 
|  97|0x0000000086100000, 0x0000000086100000, 0x0000000086200000|  0%| F|  |TAMS 0x0000000086100000, 0x0000000086100000| Untracked 
|  98|0x0000000086200000, 0x0000000086200000, 0x0000000086300000|  0%| F|  |TAMS 0x0000000086200000, 0x0000000086200000| Untracked 
|  99|0x0000000086300000, 0x0000000086300000, 0x0000000086400000|  0%| F|  |TAMS 0x0000000086300000, 0x0000000086300000| Untracked 
| 100|0x0000000086400000, 0x0000000086400000, 0x0000000086500000|  0%| F|  |TAMS 0x0000000086400000, 0x0000000086400000| Untracked 
| 101|0x0000000086500000, 0x0000000086500000, 0x0000000086600000|  0%| F|  |TAMS 0x0000000086500000, 0x0000000086500000| Untracked 
| 102|0x0000000086600000, 0x0000000086600000, 0x0000000086700000|  0%| F|  |TAMS 0x0000000086600000, 0x0000000086600000| Untracked 
| 103|0x0000000086700000, 0x0000000086700000, 0x0000000086800000|  0%| F|  |TAMS 0x0000000086700000, 0x0000000086700000| Untracked 
| 104|0x0000000086800000, 0x0000000086800000, 0x0000000086900000|  0%| F|  |TAMS 0x0000000086800000, 0x0000000086800000| Untracked 
| 105|0x0000000086900000, 0x0000000086900000, 0x0000000086a00000|  0%| F|  |TAMS 0x0000000086900000, 0x0000000086900000| Untracked 
| 106|0x0000000086a00000, 0x0000000086a00000, 0x0000000086b00000|  0%| F|  |TAMS 0x0000000086a00000, 0x0000000086a00000| Untracked 
| 107|0x0000000086b00000, 0x0000000086b00000, 0x0000000086c00000|  0%| F|  |TAMS 0x0000000086b00000, 0x0000000086b00000| Untracked 
| 108|0x0000000086c00000, 0x0000000086c00000, 0x0000000086d00000|  0%| F|  |TAMS 0x0000000086c00000, 0x0000000086c00000| Untracked 
| 109|0x0000000086d00000, 0x0000000086d00000, 0x0000000086e00000|  0%| F|  |TAMS 0x0000000086d00000, 0x0000000086d00000| Untracked 
| 110|0x0000000086e00000, 0x0000000086e00000, 0x0000000086f00000|  0%| F|  |TAMS 0x0000000086e00000, 0x0000000086e00000| Untracked 
| 111|0x0000000086f00000, 0x0000000086f00000, 0x0000000087000000|  0%| F|  |TAMS 0x0000000086f00000, 0x0000000086f00000| Untracked 
| 112|0x0000000087000000, 0x0000000087000000, 0x0000000087100000|  0%| F|  |TAMS 0x0000000087000000, 0x0000000087000000| Untracked 
| 113|0x0000000087100000, 0x0000000087100000, 0x0000000087200000|  0%| F|  |TAMS 0x0000000087100000, 0x0000000087100000| Untracked 
| 114|0x0000000087200000, 0x0000000087200000, 0x0000000087300000|  0%| F|  |TAMS 0x0000000087200000, 0x0000000087200000| Untracked 
| 115|0x0000000087300000, 0x0000000087300000, 0x0000000087400000|  0%| F|  |TAMS 0x0000000087300000, 0x0000000087300000| Untracked 
| 116|0x0000000087400000, 0x0000000087400000, 0x0000000087500000|  0%| F|  |TAMS 0x0000000087400000, 0x0000000087400000| Untracked 
| 117|0x0000000087500000, 0x0000000087500000, 0x0000000087600000|  0%| F|  |TAMS 0x0000000087500000, 0x0000000087500000| Untracked 
| 118|0x0000000087600000, 0x0000000087600000, 0x0000000087700000|  0%| F|  |TAMS 0x0000000087600000, 0x0000000087600000| Untracked 
| 119|0x0000000087700000, 0x0000000087700000, 0x0000000087800000|  0%| F|  |TAMS 0x0000000087700000, 0x0000000087700000| Untracked 
| 120|0x0000000087800000, 0x0000000087800000, 0x0000000087900000|  0%| F|  |TAMS 0x0000000087800000, 0x0000000087800000| Untracked 
| 121|0x0000000087900000, 0x0000000087900000, 0x0000000087a00000|  0%| F|  |TAMS 0x0000000087900000, 0x0000000087900000| Untracked 
| 122|0x0000000087a00000, 0x0000000087a00000, 0x0000000087b00000|  0%| F|  |TAMS 0x0000000087a00000, 0x0000000087a00000| Untracked 
| 123|0x0000000087b00000, 0x0000000087b00000, 0x0000000087c00000|  0%| F|  |TAMS 0x0000000087b00000, 0x0000000087b00000| Untracked 
| 124|0x0000000087c00000, 0x0000000087c00000, 0x0000000087d00000|  0%| F|  |TAMS 0x0000000087c00000, 0x0000000087c00000| Untracked 
| 125|0x0000000087d00000, 0x0000000087d00000, 0x0000000087e00000|  0%| F|  |TAMS 0x0000000087d00000, 0x0000000087d00000| Untracked 
| 126|0x0000000087e00000, 0x0000000087e00000, 0x0000000087f00000|  0%| F|  |TAMS 0x0000000087e00000, 0x0000000087e00000| Untracked 
| 127|0x0000000087f00000, 0x0000000087f00000, 0x0000000088000000|  0%| F|  |TAMS 0x0000000087f00000, 0x0000000087f00000| Untracked 
| 128|0x0000000088000000, 0x0000000088000000, 0x0000000088100000|  0%| F|  |TAMS 0x0000000088000000, 0x0000000088000000| Untracked 
| 129|0x0000000088100000, 0x0000000088100000, 0x0000000088200000|  0%| F|  |TAMS 0x0000000088100000, 0x0000000088100000| Untracked 
| 130|0x0000000088200000, 0x0000000088200000, 0x0000000088300000|  0%| F|  |TAMS 0x0000000088200000, 0x0000000088200000| Untracked 
| 131|0x0000000088300000, 0x0000000088300000, 0x0000000088400000|  0%| F|  |TAMS 0x0000000088300000, 0x0000000088300000| Untracked 
| 132|0x0000000088400000, 0x0000000088400000, 0x0000000088500000|  0%| F|  |TAMS 0x0000000088400000, 0x0000000088400000| Untracked 
| 133|0x0000000088500000, 0x0000000088500000, 0x0000000088600000|  0%| F|  |TAMS 0x0000000088500000, 0x0000000088500000| Untracked 
| 134|0x0000000088600000, 0x0000000088647d80, 0x0000000088700000| 28%| S|CS|TAMS 0x0000000088600000, 0x0000000088600000| Complete 
| 135|0x0000000088700000, 0x0000000088800000, 0x0000000088800000|100%| S|CS|TAMS 0x0000000088700000, 0x0000000088700000| Complete 
| 136|0x0000000088800000, 0x0000000088900000, 0x0000000088900000|100%| S|CS|TAMS 0x0000000088800000, 0x0000000088800000| Complete 
| 137|0x0000000088900000, 0x0000000088900000, 0x0000000088a00000|  0%| F|  |TAMS 0x0000000088900000, 0x0000000088900000| Untracked 
| 138|0x0000000088a00000, 0x0000000088a00000, 0x0000000088b00000|  0%| F|  |TAMS 0x0000000088a00000, 0x0000000088a00000| Untracked 
| 139|0x0000000088b00000, 0x0000000088b00000, 0x0000000088c00000|  0%| F|  |TAMS 0x0000000088b00000, 0x0000000088b00000| Untracked 
| 140|0x0000000088c00000, 0x0000000088c00000, 0x0000000088d00000|  0%| F|  |TAMS 0x0000000088c00000, 0x0000000088c00000| Untracked 
| 141|0x0000000088d00000, 0x0000000088d00000, 0x0000000088e00000|  0%| F|  |TAMS 0x0000000088d00000, 0x0000000088d00000| Untracked 
| 142|0x0000000088e00000, 0x0000000088e00000, 0x0000000088f00000|  0%| F|  |TAMS 0x0000000088e00000, 0x0000000088e00000| Untracked 
| 143|0x0000000088f00000, 0x0000000088f00000, 0x0000000089000000|  0%| F|  |TAMS 0x0000000088f00000, 0x0000000088f00000| Untracked 
| 144|0x0000000089000000, 0x0000000089000000, 0x0000000089100000|  0%| F|  |TAMS 0x0000000089000000, 0x0000000089000000| Untracked 
| 145|0x0000000089100000, 0x0000000089100000, 0x0000000089200000|  0%| F|  |TAMS 0x0000000089100000, 0x0000000089100000| Untracked 
| 146|0x0000000089200000, 0x0000000089200000, 0x0000000089300000|  0%| F|  |TAMS 0x0000000089200000, 0x0000000089200000| Untracked 
| 147|0x0000000089300000, 0x0000000089300000, 0x0000000089400000|  0%| F|  |TAMS 0x0000000089300000, 0x0000000089300000| Untracked 
| 148|0x0000000089400000, 0x0000000089400000, 0x0000000089500000|  0%| F|  |TAMS 0x0000000089400000, 0x0000000089400000| Untracked 
| 149|0x0000000089500000, 0x0000000089500000, 0x0000000089600000|  0%| F|  |TAMS 0x0000000089500000, 0x0000000089500000| Untracked 
| 150|0x0000000089600000, 0x0000000089600000, 0x0000000089700000|  0%| F|  |TAMS 0x0000000089600000, 0x0000000089600000| Untracked 
| 151|0x0000000089700000, 0x0000000089700000, 0x0000000089800000|  0%| F|  |TAMS 0x0000000089700000, 0x0000000089700000| Untracked 
| 152|0x0000000089800000, 0x0000000089800000, 0x0000000089900000|  0%| F|  |TAMS 0x0000000089800000, 0x0000000089800000| Untracked 
| 153|0x0000000089900000, 0x0000000089900000, 0x0000000089a00000|  0%| F|  |TAMS 0x0000000089900000, 0x0000000089900000| Untracked 
| 154|0x0000000089a00000, 0x0000000089a00000, 0x0000000089b00000|  0%| F|  |TAMS 0x0000000089a00000, 0x0000000089a00000| Untracked 
| 155|0x0000000089b00000, 0x0000000089b00000, 0x0000000089c00000|  0%| F|  |TAMS 0x0000000089b00000, 0x0000000089b00000| Untracked 
| 156|0x0000000089c00000, 0x0000000089c00000, 0x0000000089d00000|  0%| F|  |TAMS 0x0000000089c00000, 0x0000000089c00000| Untracked 
| 157|0x0000000089d00000, 0x0000000089d00000, 0x0000000089e00000|  0%| F|  |TAMS 0x0000000089d00000, 0x0000000089d00000| Untracked 
| 158|0x0000000089e00000, 0x0000000089e00000, 0x0000000089f00000|  0%| F|  |TAMS 0x0000000089e00000, 0x0000000089e00000| Untracked 
| 159|0x0000000089f00000, 0x0000000089f00000, 0x000000008a000000|  0%| F|  |TAMS 0x0000000089f00000, 0x0000000089f00000| Untracked 
| 160|0x000000008a000000, 0x000000008a000000, 0x000000008a100000|  0%| F|  |TAMS 0x000000008a000000, 0x000000008a000000| Untracked 
| 161|0x000000008a100000, 0x000000008a100000, 0x000000008a200000|  0%| F|  |TAMS 0x000000008a100000, 0x000000008a100000| Untracked 
| 162|0x000000008a200000, 0x000000008a200000, 0x000000008a300000|  0%| F|  |TAMS 0x000000008a200000, 0x000000008a200000| Untracked 
| 163|0x000000008a300000, 0x000000008a300000, 0x000000008a400000|  0%| F|  |TAMS 0x000000008a300000, 0x000000008a300000| Untracked 
| 164|0x000000008a400000, 0x000000008a400000, 0x000000008a500000|  0%| F|  |TAMS 0x000000008a400000, 0x000000008a400000| Untracked 
| 165|0x000000008a500000, 0x000000008a500000, 0x000000008a600000|  0%| F|  |TAMS 0x000000008a500000, 0x000000008a500000| Untracked 
| 166|0x000000008a600000, 0x000000008a600000, 0x000000008a700000|  0%| F|  |TAMS 0x000000008a600000, 0x000000008a600000| Untracked 
| 167|0x000000008a700000, 0x000000008a700000, 0x000000008a800000|  0%| F|  |TAMS 0x000000008a700000, 0x000000008a700000| Untracked 
| 168|0x000000008a800000, 0x000000008a800000, 0x000000008a900000|  0%| F|  |TAMS 0x000000008a800000, 0x000000008a800000| Untracked 
| 169|0x000000008a900000, 0x000000008a900000, 0x000000008aa00000|  0%| F|  |TAMS 0x000000008a900000, 0x000000008a900000| Untracked 
| 170|0x000000008aa00000, 0x000000008aa00000, 0x000000008ab00000|  0%| F|  |TAMS 0x000000008aa00000, 0x000000008aa00000| Untracked 
| 171|0x000000008ab00000, 0x000000008ab00000, 0x000000008ac00000|  0%| F|  |TAMS 0x000000008ab00000, 0x000000008ab00000| Untracked 
| 172|0x000000008ac00000, 0x000000008ac00000, 0x000000008ad00000|  0%| F|  |TAMS 0x000000008ac00000, 0x000000008ac00000| Untracked 
| 173|0x000000008ad00000, 0x000000008ad00000, 0x000000008ae00000|  0%| F|  |TAMS 0x000000008ad00000, 0x000000008ad00000| Untracked 
| 174|0x000000008ae00000, 0x000000008ae00000, 0x000000008af00000|  0%| F|  |TAMS 0x000000008ae00000, 0x000000008ae00000| Untracked 
| 175|0x000000008af00000, 0x000000008af00000, 0x000000008b000000|  0%| F|  |TAMS 0x000000008af00000, 0x000000008af00000| Untracked 
| 176|0x000000008b000000, 0x000000008b000000, 0x000000008b100000|  0%| F|  |TAMS 0x000000008b000000, 0x000000008b000000| Untracked 
| 177|0x000000008b100000, 0x000000008b100000, 0x000000008b200000|  0%| F|  |TAMS 0x000000008b100000, 0x000000008b100000| Untracked 
| 178|0x000000008b200000, 0x000000008b200000, 0x000000008b300000|  0%| F|  |TAMS 0x000000008b200000, 0x000000008b200000| Untracked 
| 179|0x000000008b300000, 0x000000008b300000, 0x000000008b400000|  0%| F|  |TAMS 0x000000008b300000, 0x000000008b300000| Untracked 
| 180|0x000000008b400000, 0x000000008b400000, 0x000000008b500000|  0%| F|  |TAMS 0x000000008b400000, 0x000000008b400000| Untracked 
| 181|0x000000008b500000, 0x000000008b500000, 0x000000008b600000|  0%| F|  |TAMS 0x000000008b500000, 0x000000008b500000| Untracked 
| 182|0x000000008b600000, 0x000000008b600000, 0x000000008b700000|  0%| F|  |TAMS 0x000000008b600000, 0x000000008b600000| Untracked 
| 183|0x000000008b700000, 0x000000008b700000, 0x000000008b800000|  0%| F|  |TAMS 0x000000008b700000, 0x000000008b700000| Untracked 
| 184|0x000000008b800000, 0x000000008b800000, 0x000000008b900000|  0%| F|  |TAMS 0x000000008b800000, 0x000000008b800000| Untracked 
| 185|0x000000008b900000, 0x000000008b900000, 0x000000008ba00000|  0%| F|  |TAMS 0x000000008b900000, 0x000000008b900000| Untracked 
| 186|0x000000008ba00000, 0x000000008ba00000, 0x000000008bb00000|  0%| F|  |TAMS 0x000000008ba00000, 0x000000008ba00000| Untracked 
| 187|0x000000008bb00000, 0x000000008bb00000, 0x000000008bc00000|  0%| F|  |TAMS 0x000000008bb00000, 0x000000008bb00000| Untracked 
| 188|0x000000008bc00000, 0x000000008bc00000, 0x000000008bd00000|  0%| F|  |TAMS 0x000000008bc00000, 0x000000008bc00000| Untracked 
| 189|0x000000008bd00000, 0x000000008bd00000, 0x000000008be00000|  0%| F|  |TAMS 0x000000008bd00000, 0x000000008bd00000| Untracked 
| 190|0x000000008be00000, 0x000000008be00000, 0x000000008bf00000|  0%| F|  |TAMS 0x000000008be00000, 0x000000008be00000| Untracked 
| 191|0x000000008bf00000, 0x000000008bf00000, 0x000000008c000000|  0%| F|  |TAMS 0x000000008bf00000, 0x000000008bf00000| Untracked 
| 192|0x000000008c000000, 0x000000008c000000, 0x000000008c100000|  0%| F|  |TAMS 0x000000008c000000, 0x000000008c000000| Untracked 
| 193|0x000000008c100000, 0x000000008c100000, 0x000000008c200000|  0%| F|  |TAMS 0x000000008c100000, 0x000000008c100000| Untracked 
| 194|0x000000008c200000, 0x000000008c200000, 0x000000008c300000|  0%| F|  |TAMS 0x000000008c200000, 0x000000008c200000| Untracked 
| 195|0x000000008c300000, 0x000000008c300000, 0x000000008c400000|  0%| F|  |TAMS 0x000000008c300000, 0x000000008c300000| Untracked 
| 196|0x000000008c400000, 0x000000008c400000, 0x000000008c500000|  0%| F|  |TAMS 0x000000008c400000, 0x000000008c400000| Untracked 
| 197|0x000000008c500000, 0x000000008c500000, 0x000000008c600000|  0%| F|  |TAMS 0x000000008c500000, 0x000000008c500000| Untracked 
| 198|0x000000008c600000, 0x000000008c600000, 0x000000008c700000|  0%| F|  |TAMS 0x000000008c600000, 0x000000008c600000| Untracked 
| 199|0x000000008c700000, 0x000000008c700000, 0x000000008c800000|  0%| F|  |TAMS 0x000000008c700000, 0x000000008c700000| Untracked 
| 200|0x000000008c800000, 0x000000008c800000, 0x000000008c900000|  0%| F|  |TAMS 0x000000008c800000, 0x000000008c800000| Untracked 
| 201|0x000000008c900000, 0x000000008c900000, 0x000000008ca00000|  0%| F|  |TAMS 0x000000008c900000, 0x000000008c900000| Untracked 
| 202|0x000000008ca00000, 0x000000008ca00000, 0x000000008cb00000|  0%| F|  |TAMS 0x000000008ca00000, 0x000000008ca00000| Untracked 
| 203|0x000000008cb00000, 0x000000008cb00000, 0x000000008cc00000|  0%| F|  |TAMS 0x000000008cb00000, 0x000000008cb00000| Untracked 
| 204|0x000000008cc00000, 0x000000008cc00000, 0x000000008cd00000|  0%| F|  |TAMS 0x000000008cc00000, 0x000000008cc00000| Untracked 
| 205|0x000000008cd00000, 0x000000008cd00000, 0x000000008ce00000|  0%| F|  |TAMS 0x000000008cd00000, 0x000000008cd00000| Untracked 
| 206|0x000000008ce00000, 0x000000008ce00000, 0x000000008cf00000|  0%| F|  |TAMS 0x000000008ce00000, 0x000000008ce00000| Untracked 
| 207|0x000000008cf00000, 0x000000008cf00000, 0x000000008d000000|  0%| F|  |TAMS 0x000000008cf00000, 0x000000008cf00000| Untracked 
| 208|0x000000008d000000, 0x000000008d000000, 0x000000008d100000|  0%| F|  |TAMS 0x000000008d000000, 0x000000008d000000| Untracked 
| 209|0x000000008d100000, 0x000000008d100000, 0x000000008d200000|  0%| F|  |TAMS 0x000000008d100000, 0x000000008d100000| Untracked 
| 210|0x000000008d200000, 0x000000008d200000, 0x000000008d300000|  0%| F|  |TAMS 0x000000008d200000, 0x000000008d200000| Untracked 
| 253|0x000000008fd00000, 0x000000008fd00000, 0x000000008fe00000|  0%| F|  |TAMS 0x000000008fd00000, 0x000000008fd00000| Untracked 

Card table byte_map: [0x000001fd50220000,0x000001fd50620000] _byte_map_base: 0x000001fd4fe20000

Marking Bits (Prev, Next): (CMBitMap*) 0x000001fd3d9bd100, (CMBitMap*) 0x000001fd3d9bd140
 Prev Bits: [0x000001fd50a20000, 0x000001fd52a20000)
 Next Bits: [0x000001fd52a20000, 0x000001fd54a20000)

Polling page: 0x000001fd3b8d0000

Metaspace:

Usage:
  Non-class:     76.37 MB used.
      Class:     11.92 MB used.
       Both:     88.29 MB used.

Virtual space:
  Non-class space:       80.00 MB reserved,      76.75 MB ( 96%) committed,  10 nodes.
      Class space:        1.00 GB reserved,      12.25 MB (  1%) committed,  1 nodes.
             Both:        1.08 GB reserved,      89.00 MB (  8%) committed. 

Chunk freelists:
   Non-Class:  2.31 MB
       Class:  3.72 MB
        Both:  6.03 MB

MaxMetaspaceSize: unlimited
CompressedClassSpaceSize: 1.00 GB
Initial GC threshold: 21.00 MB
Current GC threshold: 146.38 MB
CDS: off
MetaspaceReclaimPolicy: balanced
 - commit_granule_bytes: 65536.
 - commit_granule_words: 8192.
 - virtual_space_node_default_size: 1048576.
 - enlarge_chunks_in_place: 1.
 - new_chunks_are_fully_committed: 0.
 - uncommit_free_chunks: 1.
 - use_allocation_guard: 0.
 - handle_deallocations: 1.


Internal statistics:

num_allocs_failed_limit: 6.
num_arena_births: 954.
num_arena_deaths: 0.
num_vsnodes_births: 11.
num_vsnodes_deaths: 0.
num_space_committed: 1423.
num_space_uncommitted: 0.
num_chunks_returned_to_freelist: 6.
num_chunks_taken_from_freelist: 4283.
num_chunk_merges: 6.
num_chunk_splits: 2765.
num_chunks_enlarged: 1801.
num_purges: 0.
num_inconsistent_stats: 0.

CodeHeap 'non-profiled nmethods': size=120000Kb used=5623Kb max_used=5733Kb free=114376Kb
 bounds [0x000001fd488f0000, 0x000001fd48e90000, 0x000001fd4fe20000]
CodeHeap 'profiled nmethods': size=120000Kb used=18490Kb max_used=19145Kb free=101510Kb
 bounds [0x000001fd40e20000, 0x000001fd420e0000, 0x000001fd48350000]
CodeHeap 'non-nmethods': size=5760Kb used=2372Kb max_used=2484Kb free=3387Kb
 bounds [0x000001fd48350000, 0x000001fd485f0000, 0x000001fd488f0000]
 total_blobs=10452 nmethods=9549 adapters=815
 compilation: enabled
              stopped_count=0, restarted_count=0
 full_count=0

Compilation events (20 events):
Event: 16.998 Thread 0x000001fd578a3c50 nmethod 11080 0x000001fd4176d790 code [0x000001fd4176d940, 0x000001fd4176dbb8]
Event: 16.998 Thread 0x000001fd578a3c50 11081       3       java.lang.invoke.MethodHandles$Lookup::makeHiddenClassDefiner (14 bytes)
Event: 16.999 Thread 0x000001fd578a3c50 nmethod 11081 0x000001fd412e0910 code [0x000001fd412e0ac0, 0x000001fd412e0cb8]
Event: 16.999 Thread 0x000001fd594ce620 nmethod 11073 0x000001fd48c64810 code [0x000001fd48c649e0, 0x000001fd48c65358]
Event: 17.000 Thread 0x000001fd594ce620 11082       4       jdk.internal.org.objectweb.asm.Attribute::computeAttributesSize (62 bytes)
Event: 17.000 Thread 0x000001fd5789eb00 11083       4       jdk.internal.org.objectweb.asm.AnnotationWriter::computeAnnotationsSize (66 bytes)
Event: 17.000 Thread 0x000001fd594ce620 nmethod 11082 0x000001fd48c64510 code [0x000001fd48c64680, 0x000001fd48c64758]
Event: 17.000 Thread 0x000001fd594ce620 11084       4       java.lang.invoke.LambdaForm::useCount (61 bytes)
Event: 17.001 Thread 0x000001fd578a3c50 11085       1       kotlin.Pair::getFirst (5 bytes)
Event: 17.001 Thread 0x000001fd578a3c50 nmethod 11085 0x000001fd48c64210 code [0x000001fd48c643a0, 0x000001fd48c64478]
Event: 17.001 Thread 0x000001fd578a3c50 11086       1       kotlin.Pair::getSecond (5 bytes)
Event: 17.001 Thread 0x000001fd578a3c50 nmethod 11086 0x000001fd48c63f10 code [0x000001fd48c640a0, 0x000001fd48c64178]
Event: 17.002 Thread 0x000001fd5789eb00 nmethod 11083 0x000001fd48c63a10 code [0x000001fd48c63ba0, 0x000001fd48c63d28]
Event: 17.004 Thread 0x000001fd594ce620 nmethod 11084 0x000001fd48c63410 code [0x000001fd48c635a0, 0x000001fd48c63838]
Event: 17.005 Thread 0x000001fd578a3c50 11087       3       java.util.Collections$SetFromMap::remove (19 bytes)
Event: 17.005 Thread 0x000001fd578a3c50 nmethod 11087 0x000001fd412e0490 code [0x000001fd412e0640, 0x000001fd412e0868]
Event: 17.005 Thread 0x000001fd578a3c50 11088       3       org.gradle.internal.snapshot.EmptyChildMap::getInstance (4 bytes)
Event: 17.005 Thread 0x000001fd578a3c50 nmethod 11088 0x000001fd41496410 code [0x000001fd414965a0, 0x000001fd41496698]
Event: 17.008 Thread 0x000001fd594ce620 11089       4       java.lang.invoke.LambdaForm::prepare (112 bytes)
Event: 17.008 Thread 0x000001fd5789eb00 11090       4       java.lang.invoke.MethodHandle::<init> (37 bytes)

GC Heap History (20 events):
Event: 11.499 GC heap after
{Heap after GC invocations=35 (full 0):
 garbage-first heap   total 116736K, used 62179K [0x0000000080000000, 0x0000000100000000)
  region size 1024K, 2 young (2048K), 2 survivors (2048K)
 Metaspace       used 71368K, committed 71872K, reserved 1114112K
  class space    used 9394K, committed 9600K, reserved 1048576K
}
Event: 12.102 GC heap before
{Heap before GC invocations=36 (full 0):
 garbage-first heap   total 116736K, used 91875K [0x0000000080000000, 0x0000000100000000)
  region size 1024K, 30 young (30720K), 2 survivors (2048K)
 Metaspace       used 74959K, committed 75520K, reserved 1114112K
  class space    used 10069K, committed 10304K, reserved 1048576K
}
Event: 12.105 GC heap after
{Heap after GC invocations=37 (full 0):
 garbage-first heap   total 116736K, used 63077K [0x0000000080000000, 0x0000000100000000)
  region size 1024K, 3 young (3072K), 3 survivors (3072K)
 Metaspace       used 74959K, committed 75520K, reserved 1114112K
  class space    used 10069K, committed 10304K, reserved 1048576K
}
Event: 12.416 GC heap before
{Heap before GC invocations=37 (full 0):
 garbage-first heap   total 116736K, used 92773K [0x0000000080000000, 0x0000000100000000)
  region size 1024K, 32 young (32768K), 3 survivors (3072K)
 Metaspace       used 76384K, committed 76992K, reserved 1122304K
  class space    used 10280K, committed 10560K, reserved 1048576K
}
Event: 12.422 GC heap after
{Heap after GC invocations=38 (full 0):
 garbage-first heap   total 116736K, used 65265K [0x0000000080000000, 0x0000000100000000)
  region size 1024K, 4 young (4096K), 4 survivors (4096K)
 Metaspace       used 76384K, committed 76992K, reserved 1122304K
  class space    used 10280K, committed 10560K, reserved 1048576K
}
Event: 12.785 GC heap before
{Heap before GC invocations=39 (full 0):
 garbage-first heap   total 135168K, used 92913K [0x0000000080000000, 0x0000000100000000)
  region size 1024K, 31 young (31744K), 4 survivors (4096K)
 Metaspace       used 77591K, committed 78208K, reserved 1122304K
  class space    used 10459K, committed 10752K, reserved 1048576K
}
Event: 12.791 GC heap after
{Heap after GC invocations=40 (full 0):
 garbage-first heap   total 135168K, used 68153K [0x0000000080000000, 0x0000000100000000)
  region size 1024K, 3 young (3072K), 3 survivors (3072K)
 Metaspace       used 77591K, committed 78208K, reserved 1122304K
  class space    used 10459K, committed 10752K, reserved 1048576K
}
Event: 13.515 GC heap before
{Heap before GC invocations=40 (full 0):
 garbage-first heap   total 135168K, used 107065K [0x0000000080000000, 0x0000000100000000)
  region size 1024K, 41 young (41984K), 3 survivors (3072K)
 Metaspace       used 82707K, committed 83392K, reserved 1122304K
  class space    used 11215K, committed 11520K, reserved 1048576K
}
Event: 13.520 GC heap after
{Heap after GC invocations=41 (full 0):
 garbage-first heap   total 162816K, used 70309K [0x0000000080000000, 0x0000000100000000)
  region size 1024K, 5 young (5120K), 5 survivors (5120K)
 Metaspace       used 82707K, committed 83392K, reserved 1122304K
  class space    used 11215K, committed 11520K, reserved 1048576K
}
Event: 14.176 GC heap before
{Heap before GC invocations=42 (full 0):
 garbage-first heap   total 162816K, used 128677K [0x0000000080000000, 0x0000000100000000)
  region size 1024K, 62 young (63488K), 5 survivors (5120K)
 Metaspace       used 84686K, committed 85376K, reserved 1130496K
  class space    used 11489K, committed 11776K, reserved 1048576K
}
Event: 14.188 GC heap after
{Heap after GC invocations=43 (full 0):
 garbage-first heap   total 162816K, used 77444K [0x0000000080000000, 0x0000000100000000)
  region size 1024K, 8 young (8192K), 8 survivors (8192K)
 Metaspace       used 84686K, committed 85376K, reserved 1130496K
  class space    used 11489K, committed 11776K, reserved 1048576K
}
Event: 15.157 GC heap before
{Heap before GC invocations=43 (full 0):
 garbage-first heap   total 162816K, used 127620K [0x0000000080000000, 0x0000000100000000)
  region size 1024K, 57 young (58368K), 8 survivors (8192K)
 Metaspace       used 88677K, committed 89344K, reserved 1130496K
  class space    used 11997K, committed 12288K, reserved 1048576K
}
Event: 15.170 GC heap after
{Heap after GC invocations=44 (full 0):
 garbage-first heap   total 162816K, used 85630K [0x0000000080000000, 0x0000000100000000)
  region size 1024K, 8 young (8192K), 8 survivors (8192K)
 Metaspace       used 88677K, committed 89344K, reserved 1130496K
  class space    used 11997K, committed 12288K, reserved 1048576K
}
Event: 15.994 GC heap before
{Heap before GC invocations=44 (full 0):
 garbage-first heap   total 162816K, used 127614K [0x0000000080000000, 0x0000000100000000)
  region size 1024K, 50 young (51200K), 8 survivors (8192K)
 Metaspace       used 89249K, committed 89920K, reserved 1130496K
  class space    used 12071K, committed 12352K, reserved 1048576K
}
Event: 16.003 GC heap after
{Heap after GC invocations=45 (full 0):
 garbage-first heap   total 162816K, used 89306K [0x0000000080000000, 0x0000000100000000)
  region size 1024K, 4 young (4096K), 4 survivors (4096K)
 Metaspace       used 89249K, committed 89920K, reserved 1130496K
  class space    used 12071K, committed 12352K, reserved 1048576K
}
Event: 16.652 GC heap before
{Heap before GC invocations=46 (full 0):
 garbage-first heap   total 162816K, used 131290K [0x0000000080000000, 0x0000000100000000)
  region size 1024K, 45 young (46080K), 4 survivors (4096K)
 Metaspace       used 89988K, committed 90688K, reserved 1130496K
  class space    used 12132K, committed 12480K, reserved 1048576K
}
Event: 16.659 GC heap after
{Heap after GC invocations=47 (full 0):
 garbage-first heap   total 162816K, used 92332K [0x0000000080000000, 0x0000000100000000)
  region size 1024K, 6 young (6144K), 6 survivors (6144K)
 Metaspace       used 89988K, committed 90688K, reserved 1130496K
  class space    used 12132K, committed 12480K, reserved 1048576K
}
Event: 16.671 GC heap before
{Heap before GC invocations=47 (full 0):
 garbage-first heap   total 162816K, used 93356K [0x0000000080000000, 0x0000000100000000)
  region size 1024K, 7 young (7168K), 6 survivors (6144K)
 Metaspace       used 89990K, committed 90688K, reserved 1130496K
  class space    used 12132K, committed 12480K, reserved 1048576K
}
Event: 16.676 GC heap after
{Heap after GC invocations=48 (full 0):
 garbage-first heap   total 162816K, used 93370K [0x0000000080000000, 0x0000000100000000)
  region size 1024K, 1 young (1024K), 1 survivors (1024K)
 Metaspace       used 89990K, committed 90688K, reserved 1130496K
  class space    used 12132K, committed 12480K, reserved 1048576K
}
Event: 17.018 GC heap before
{Heap before GC invocations=48 (full 0):
 garbage-first heap   total 162816K, used 112826K [0x0000000080000000, 0x0000000100000000)
  region size 1024K, 22 young (22528K), 1 survivors (1024K)
 Metaspace       used 90412K, committed 91136K, reserved 1130496K
  class space    used 12210K, committed 12544K, reserved 1048576K
}

Dll operation events (2 events):
Event: 0.009 Loaded shared library C:\Program Files\Android\Android Studio2\jbr\bin\java.dll
Event: 0.529 Loaded shared library C:\Program Files\Android\Android Studio2\jbr\bin\verify.dll

Deoptimization events (20 events):
Event: 16.965 Thread 0x000001fd608326f0 Uncommon trap: trap_request=0xffffffc6 fr.pc=0x000001fd48d68c9c relative=0x000000000000099c
Event: 16.965 Thread 0x000001fd608326f0 Uncommon trap: reason=bimorphic_or_optimized_type_check action=maybe_recompile pc=0x000001fd48d68c9c method=com.google.common.collect.AbstractMapBasedMultimap$WrappedCollection.refreshIfEmpty()V @ 59 c2
Event: 16.965 Thread 0x000001fd608326f0 DEOPT PACKING pc=0x000001fd48d68c9c sp=0x000000b2197fb2f0
Event: 16.965 Thread 0x000001fd608326f0 DEOPT UNPACKING pc=0x000001fd483a69a3 sp=0x000000b2197fb2a8 mode 2
Event: 16.965 Thread 0x000001fd608326f0 Uncommon trap: trap_request=0xffffffc6 fr.pc=0x000001fd48d68c9c relative=0x000000000000099c
Event: 16.965 Thread 0x000001fd608326f0 Uncommon trap: reason=bimorphic_or_optimized_type_check action=maybe_recompile pc=0x000001fd48d68c9c method=com.google.common.collect.AbstractMapBasedMultimap$WrappedCollection.refreshIfEmpty()V @ 59 c2
Event: 16.965 Thread 0x000001fd608326f0 DEOPT PACKING pc=0x000001fd48d68c9c sp=0x000000b2197fb2f0
Event: 16.965 Thread 0x000001fd608326f0 DEOPT UNPACKING pc=0x000001fd483a69a3 sp=0x000000b2197fb2a8 mode 2
Event: 16.970 Thread 0x000001fd608326f0 Uncommon trap: trap_request=0xffffffc6 fr.pc=0x000001fd48a4cd2c relative=0x000000000000036c
Event: 16.970 Thread 0x000001fd608326f0 Uncommon trap: reason=bimorphic_or_optimized_type_check action=maybe_recompile pc=0x000001fd48a4cd2c method=java.util.ArrayList$ArrayListSpliterator.tryAdvance(Ljava/util/function/Consumer;)Z @ 48 c2
Event: 16.970 Thread 0x000001fd608326f0 DEOPT PACKING pc=0x000001fd48a4cd2c sp=0x000000b2197fb1b0
Event: 16.970 Thread 0x000001fd608326f0 DEOPT UNPACKING pc=0x000001fd483a69a3 sp=0x000000b2197fb140 mode 2
Event: 16.972 Thread 0x000001fd608326f0 Uncommon trap: trap_request=0xffffffc6 fr.pc=0x000001fd48a4cd2c relative=0x000000000000036c
Event: 16.972 Thread 0x000001fd608326f0 Uncommon trap: reason=bimorphic_or_optimized_type_check action=maybe_recompile pc=0x000001fd48a4cd2c method=java.util.ArrayList$ArrayListSpliterator.tryAdvance(Ljava/util/function/Consumer;)Z @ 48 c2
Event: 16.972 Thread 0x000001fd608326f0 DEOPT PACKING pc=0x000001fd48a4cd2c sp=0x000000b2197fb1b0
Event: 16.972 Thread 0x000001fd608326f0 DEOPT UNPACKING pc=0x000001fd483a69a3 sp=0x000000b2197fb140 mode 2
Event: 16.972 Thread 0x000001fd608326f0 Uncommon trap: trap_request=0xffffffc6 fr.pc=0x000001fd48a4cd2c relative=0x000000000000036c
Event: 16.972 Thread 0x000001fd608326f0 Uncommon trap: reason=bimorphic_or_optimized_type_check action=maybe_recompile pc=0x000001fd48a4cd2c method=java.util.ArrayList$ArrayListSpliterator.tryAdvance(Ljava/util/function/Consumer;)Z @ 48 c2
Event: 16.972 Thread 0x000001fd608326f0 DEOPT PACKING pc=0x000001fd48a4cd2c sp=0x000000b2197fb1b0
Event: 16.972 Thread 0x000001fd608326f0 DEOPT UNPACKING pc=0x000001fd483a69a3 sp=0x000000b2197fb140 mode 2

Classes unloaded (0 events):
No events

Classes redefined (0 events):
No events

Internal exceptions (20 events):
Event: 14.716 Thread 0x000001fd5a92fe50 Exception <a 'java/lang/NoSuchMethodError'{0x0000000087e86cb0}: static Lcom/android/buildanalyzer/common/AndroidGradlePluginAttributionData$JavaInfo;.<clinit>()V> (0x0000000087e86cb0) 
thrown [s\src\hotspot\share\prims\jni.cpp, line 1108]
Event: 14.722 Thread 0x000001fd5a92fe50 Exception <a 'java/lang/NoSuchMethodError'{0x0000000087ebc7b8}: static [Ljava/lang/String;.<clinit>()V> (0x0000000087ebc7b8) 
thrown [s\src\hotspot\share\prims\jni.cpp, line 1108]
Event: 14.723 Thread 0x000001fd5a92fe50 Exception <a 'java/lang/NoSuchMethodError'{0x0000000087ec81c8}: static Lcom/android/buildanalyzer/common/AndroidGradlePluginAttributionData$TaskInfo;.<clinit>()V> (0x0000000087ec81c8) 
thrown [s\src\hotspot\share\prims\jni.cpp, line 1108]
Event: 14.724 Thread 0x000001fd5a92fe50 Exception <a 'java/lang/NoSuchMethodError'{0x0000000087ed4b08}: static Lcom/android/buildanalyzer/common/AndroidGradlePluginAttributionData$TaskCategoryInfo;.<clinit>()V> (0x0000000087ed4b08) 
thrown [s\src\hotspot\share\prims\jni.cpp, line 1108]
Event: 14.742 Thread 0x000001fd608326f0 Exception <a 'sun/nio/fs/WindowsException'{0x0000000087f5d020}> (0x0000000087f5d020) 
thrown [s\src\hotspot\share\prims\jni.cpp, line 517]
Event: 14.758 Thread 0x000001fd5a33f440 Exception <a 'java/lang/NoSuchMethodError'{0x0000000087cab5e0}: static Lorg/gradle/internal/build/event/types/DefaultTaskSkippedResult;.<clinit>()V> (0x0000000087cab5e0) 
thrown [s\src\hotspot\share\prims\jni.cpp, line 1108]
Event: 15.138 Thread 0x000001fd608326f0 Exception <a 'java/lang/NoSuchMethodError'{0x0000000087036980}: 'void java.lang.invoke.DirectMethodHandle$Holder.invokeStatic(java.lang.Object, java.lang.Object, java.lang.Object, java.lang.Object, int, java.lang.Object, java.lang.Object)'> (0x0000000087036980) 
thrown [s\src\hotspot\share\interpreter\linkResolver.cpp, line 771]
Event: 15.183 Thread 0x000001fd5af63710 Exception <a 'java/lang/NoSuchMethodError'{0x000000008d2604a0}: 'java.lang.Object java.lang.invoke.DirectMethodHandle$Holder.invokeSpecialIFC(java.lang.Object, java.lang.Object, java.lang.Object)'> (0x000000008d2604a0) 
thrown [s\src\hotspot\share\interpreter\linkResolver.cpp, line 771]
Event: 15.183 Thread 0x000001fd608326f0 Exception <a 'java/lang/NoSuchMethodError'{0x000000008d278fe8}: 'java.lang.Object java.lang.invoke.DirectMethodHandle$Holder.invokeSpecialIFC(java.lang.Object, java.lang.Object, java.lang.Object)'> (0x000000008d278fe8) 
thrown [s\src\hotspot\share\interpreter\linkResolver.cpp, line 771]
Event: 15.183 Thread 0x000001fd5af66c00 Exception <a 'java/lang/NoSuchMethodError'{0x000000008d26b460}: 'java.lang.Object java.lang.invoke.DirectMethodHandle$Holder.invokeSpecialIFC(java.lang.Object, java.lang.Object, java.lang.Object)'> (0x000000008d26b460) 
thrown [s\src\hotspot\share\interpreter\linkResolver.cpp, line 771]
Event: 15.183 Thread 0x000001fd5af68410 Exception <a 'java/lang/NoSuchMethodError'{0x000000008d2b5570}: 'java.lang.Object java.lang.invoke.DirectMethodHandle$Holder.invokeSpecialIFC(java.lang.Object, java.lang.Object, java.lang.Object)'> (0x000000008d2b5570) 
thrown [s\src\hotspot\share\interpreter\linkResolver.cpp, line 771]
Event: 15.452 Thread 0x000001fd608326f0 Implicit null exception at 0x000001fd48e45208 to 0x000001fd48e45394
Event: 15.459 Thread 0x000001fd608326f0 Exception <a 'java/lang/NoSuchMethodError'{0x000000008913e770}: 'void java.lang.invoke.DirectMethodHandle$Holder.invokeVirtual(java.lang.Object, java.lang.Object)'> (0x000000008913e770) 
thrown [s\src\hotspot\share\interpreter\linkResolver.cpp, line 771]
Event: 15.459 Thread 0x000001fd5af66c00 Exception <a 'java/lang/NoSuchMethodError'{0x00000000892f6758}: 'void java.lang.invoke.DirectMethodHandle$Holder.invokeVirtual(java.lang.Object, java.lang.Object)'> (0x00000000892f6758) 
thrown [s\src\hotspot\share\interpreter\linkResolver.cpp, line 771]
Event: 16.538 Thread 0x000001fd608326f0 Exception <a 'java/lang/ClassNotFoundException'{0x0000000087df9bd8}: com/google/firebase/crashlytics/buildtools/mappingfiles/MappingFileIdReaderBeanInfo> (0x0000000087df9bd8) 
thrown [s\src\hotspot\share\classfile\systemDictionary.cpp, line 256]
Event: 16.538 Thread 0x000001fd608326f0 Exception <a 'java/lang/ClassNotFoundException'{0x0000000087c01eb0}: com/google/firebase/crashlytics/buildtools/mappingfiles/MappingFileIdReaderCustomizer> (0x0000000087c01eb0) 
thrown [s\src\hotspot\share\classfile\systemDictionary.cpp, line 256]
Event: 16.543 Thread 0x000001fd608326f0 Exception <a 'java/lang/ClassNotFoundException'{0x0000000087c278e0}: com/google/firebase/crashlytics/buildtools/mappingfiles/MappingFileIdReader$FileIdReaderBeanInfo> (0x0000000087c278e0) 
thrown [s\src\hotspot\share\classfile\systemDictionary.cpp, line 256]
Event: 16.544 Thread 0x000001fd608326f0 Exception <a 'java/lang/ClassNotFoundException'{0x0000000087c2fb28}: com/google/firebase/crashlytics/buildtools/mappingfiles/MappingFileIdReader$FileIdReaderCustomizer> (0x0000000087c2fb28) 
thrown [s\src\hotspot\share\classfile\systemDictionary.cpp, line 256]
Event: 16.984 Thread 0x000001fd608326f0 Exception <a 'sun/nio/fs/WindowsException'{0x0000000088aa3960}> (0x0000000088aa3960) 
thrown [s\src\hotspot\share\prims\jni.cpp, line 517]
Event: 16.984 Thread 0x000001fd608326f0 Exception <a 'sun/nio/fs/WindowsException'{0x0000000088aa3d50}> (0x0000000088aa3d50) 
thrown [s\src\hotspot\share\prims\jni.cpp, line 517]

VM Operations (20 events):
Event: 16.003 Executing VM operation: G1CollectForAllocation done
Event: 16.131 Executing VM operation: G1Concurrent
Event: 16.137 Executing VM operation: G1Concurrent done
Event: 16.203 Executing VM operation: G1Concurrent
Event: 16.203 Executing VM operation: G1Concurrent done
Event: 16.529 Executing VM operation: ICBufferFull
Event: 16.530 Executing VM operation: ICBufferFull done
Event: 16.570 Executing VM operation: HandshakeAllThreads
Event: 16.570 Executing VM operation: HandshakeAllThreads done
Event: 16.571 Executing VM operation: HandshakeAllThreads
Event: 16.571 Executing VM operation: HandshakeAllThreads done
Event: 16.652 Executing VM operation: G1CollectForAllocation
Event: 16.660 Executing VM operation: G1CollectForAllocation done
Event: 16.671 Executing VM operation: G1CollectForAllocation
Event: 16.676 Executing VM operation: G1CollectForAllocation done
Event: 17.016 Executing VM operation: HandshakeAllThreads
Event: 17.016 Executing VM operation: HandshakeAllThreads done
Event: 17.016 Executing VM operation: HandshakeAllThreads
Event: 17.017 Executing VM operation: HandshakeAllThreads done
Event: 17.018 Executing VM operation: G1TryInitiateConcMark

Events (20 events):
Event: 16.557 loading class org/w3c/dom/CharacterData
Event: 16.557 loading class org/w3c/dom/CharacterData done
Event: 16.557 loading class org/w3c/dom/Text
Event: 16.557 loading class org/w3c/dom/Text done
Event: 16.557 loading class com/sun/org/apache/xerces/internal/dom/CharacterDataImpl
Event: 16.557 loading class com/sun/org/apache/xerces/internal/dom/CharacterDataImpl done
Event: 16.558 loading class com/sun/org/apache/xerces/internal/dom/TextImpl done
Event: 16.558 loading class com/sun/org/apache/xerces/internal/dom/DeferredTextImpl done
Event: 16.558 loading class com/sun/org/apache/xerces/internal/dom/CharacterDataImpl$1
Event: 16.558 loading class com/sun/org/apache/xerces/internal/dom/CharacterDataImpl$1 done
Event: 16.558 loading class com/sun/org/apache/xerces/internal/dom/DeferredCommentImpl
Event: 16.558 loading class com/sun/org/apache/xerces/internal/dom/CommentImpl
Event: 16.558 loading class org/w3c/dom/Comment
Event: 16.558 loading class org/w3c/dom/Comment done
Event: 16.558 loading class com/sun/org/apache/xerces/internal/dom/CommentImpl done
Event: 16.558 loading class com/sun/org/apache/xerces/internal/dom/DeferredCommentImpl done
Event: 16.969 loading class java/util/stream/SortedOps$SizedRefSortingSink
Event: 16.969 loading class java/util/stream/SortedOps$SizedRefSortingSink done
Event: 16.969 loading class java/util/LinkedList$LLSpliterator
Event: 16.969 loading class java/util/LinkedList$LLSpliterator done


Dynamic libraries:
0x00007ff76a440000 - 0x00007ff76a44a000 	C:\Program Files\Android\Android Studio2\jbr\bin\java.exe
0x00007ffb93730000 - 0x00007ffb93928000 	C:\WINDOWS\SYSTEM32\ntdll.dll
0x00007ffb92820000 - 0x00007ffb928dd000 	C:\WINDOWS\System32\KERNEL32.DLL
0x00007ffb91100000 - 0x00007ffb913f6000 	C:\WINDOWS\System32\KERNELBASE.dll
0x000000006fe50000 - 0x000000006feff000 	C:\ProgramData\Symantec\Symantec Endpoint Protection\14.3.5413.3000.105\Data\Sysfer\x64\sysfer.dll
0x00007ffb914a0000 - 0x00007ffb915a0000 	C:\WINDOWS\System32\ucrtbase.dll
0x00007ffb88660000 - 0x00007ffb8867b000 	C:\Program Files\Android\Android Studio2\jbr\bin\VCRUNTIME140.dll
0x00007ffb44b80000 - 0x00007ffb44b97000 	C:\Program Files\Android\Android Studio2\jbr\bin\jli.dll
0x00007ffb93430000 - 0x00007ffb935ce000 	C:\WINDOWS\System32\USER32.dll
0x00007ffb91750000 - 0x00007ffb91772000 	C:\WINDOWS\System32\win32u.dll
0x00007ffb844d0000 - 0x00007ffb8476a000 	C:\WINDOWS\WinSxS\amd64_microsoft.windows.common-controls_6595b64144ccf1df_6.0.19041.3636_none_60b6a03d71f818d5\COMCTL32.dll
0x00007ffb928e0000 - 0x00007ffb9297e000 	C:\WINDOWS\System32\msvcrt.dll
0x00007ffb91920000 - 0x00007ffb9194c000 	C:\WINDOWS\System32\GDI32.dll
0x00007ffb91630000 - 0x00007ffb9174a000 	C:\WINDOWS\System32\gdi32full.dll
0x00007ffb91400000 - 0x00007ffb9149d000 	C:\WINDOWS\System32\msvcp_win.dll
0x00007ffb91dc0000 - 0x00007ffb91df0000 	C:\WINDOWS\System32\IMM32.DLL
0x00007ffb8c040000 - 0x00007ffb8c04c000 	C:\Program Files\Android\Android Studio2\jbr\bin\vcruntime140_1.dll
0x00007ffb80830000 - 0x00007ffb808bd000 	C:\Program Files\Android\Android Studio2\jbr\bin\msvcp140.dll
0x00007ffb09210000 - 0x00007ffb09e7e000 	C:\Program Files\Android\Android Studio2\jbr\bin\server\jvm.dll
0x00007ffb91780000 - 0x00007ffb91833000 	C:\WINDOWS\System32\ADVAPI32.dll
0x00007ffb92780000 - 0x00007ffb9281f000 	C:\WINDOWS\System32\sechost.dll
0x00007ffb92c70000 - 0x00007ffb92d96000 	C:\WINDOWS\System32\RPCRT4.dll
0x00007ffb910d0000 - 0x00007ffb910f7000 	C:\WINDOWS\System32\bcrypt.dll
0x00007ffb840f0000 - 0x00007ffb840f9000 	C:\WINDOWS\SYSTEM32\WSOCK32.dll
0x00007ffb92630000 - 0x00007ffb9269b000 	C:\WINDOWS\System32\WS2_32.dll
0x00007ffb82c30000 - 0x00007ffb82c57000 	C:\WINDOWS\SYSTEM32\WINMM.dll
0x00007ffb87bd0000 - 0x00007ffb87bda000 	C:\WINDOWS\SYSTEM32\VERSION.dll
0x00007ffb8f650000 - 0x00007ffb8f662000 	C:\WINDOWS\SYSTEM32\kernel.appcore.dll
0x00007ffb80f30000 - 0x00007ffb80f3a000 	C:\Program Files\Android\Android Studio2\jbr\bin\jimage.dll
0x00007ffb872b0000 - 0x00007ffb87494000 	C:\WINDOWS\SYSTEM32\DBGHELP.DLL
0x00007ffb87240000 - 0x00007ffb87274000 	C:\WINDOWS\SYSTEM32\dbgcore.DLL
0x00007ffb915a0000 - 0x00007ffb91622000 	C:\WINDOWS\System32\bcryptPrimitives.dll
0x00007ffb468e0000 - 0x00007ffb46905000 	C:\Program Files\Android\Android Studio2\jbr\bin\java.dll
0x00007ffb465f0000 - 0x00007ffb46608000 	C:\Program Files\Android\Android Studio2\jbr\bin\zip.dll
0x00007ffb91df0000 - 0x00007ffb92535000 	C:\WINDOWS\System32\SHELL32.dll
0x00007ffb8ed00000 - 0x00007ffb8f49b000 	C:\WINDOWS\SYSTEM32\windows.storage.dll
0x00007ffb92ed0000 - 0x00007ffb93224000 	C:\WINDOWS\System32\combase.dll
0x00007ffb90680000 - 0x00007ffb906ad000 	C:\WINDOWS\SYSTEM32\Wldp.dll
0x00007ffb92bc0000 - 0x00007ffb92c6d000 	C:\WINDOWS\System32\SHCORE.dll
0x00007ffb918c0000 - 0x00007ffb91915000 	C:\WINDOWS\System32\shlwapi.dll
0x00007ffb90d30000 - 0x00007ffb90d55000 	C:\WINDOWS\SYSTEM32\profapi.dll
0x00007ffb44c60000 - 0x00007ffb44c79000 	C:\Program Files\Android\Android Studio2\jbr\bin\net.dll
0x00007ffb88fb0000 - 0x00007ffb890ba000 	C:\WINDOWS\SYSTEM32\WINHTTP.dll
0x00007ffb90460000 - 0x00007ffb904ca000 	C:\WINDOWS\system32\mswsock.dll
0x00007ffb44c40000 - 0x00007ffb44c56000 	C:\Program Files\Android\Android Studio2\jbr\bin\nio.dll
0x00007ffb7efc0000 - 0x00007ffb7efd0000 	C:\Program Files\Android\Android Studio2\jbr\bin\verify.dll
0x00007ffb0a630000 - 0x00007ffb0a657000 	C:\Users\ADIT-PC\.gradle\native\68d5fa5c4cc2d200863cafc0d521ce42e7d3e7ee720ec0a83991735586a16f82\windows-amd64\native-platform.dll
0x00007ffb64f30000 - 0x00007ffb65074000 	C:\Users\ADIT-PC\.gradle\native\e376f236ea51e6404a007f0833ffe2c6e607c4080706a723a18a27aeea778392\windows-amd64\native-platform-file-events.dll
0x00007ffb6ca40000 - 0x00007ffb6ca49000 	C:\Program Files\Android\Android Studio2\jbr\bin\management.dll
0x00007ffb6c3f0000 - 0x00007ffb6c3fb000 	C:\Program Files\Android\Android Studio2\jbr\bin\management_ext.dll
0x00007ffb93230000 - 0x00007ffb93238000 	C:\WINDOWS\System32\PSAPI.DLL
0x00007ffb906c0000 - 0x00007ffb906d8000 	C:\WINDOWS\SYSTEM32\CRYPTSP.dll
0x00007ffb8fdb0000 - 0x00007ffb8fde4000 	C:\WINDOWS\system32\rsaenh.dll
0x00007ffb90cf0000 - 0x00007ffb90d1e000 	C:\WINDOWS\SYSTEM32\USERENV.dll
0x00007ffb905f0000 - 0x00007ffb905fc000 	C:\WINDOWS\SYSTEM32\CRYPTBASE.dll
0x00007ffb90170000 - 0x00007ffb901ab000 	C:\WINDOWS\SYSTEM32\IPHLPAPI.DLL
0x00007ffb93420000 - 0x00007ffb93428000 	C:\WINDOWS\System32\NSI.dll
0x00007ffb8aa20000 - 0x00007ffb8aa37000 	C:\WINDOWS\SYSTEM32\dhcpcsvc6.DLL
0x00007ffb8aab0000 - 0x00007ffb8aacd000 	C:\WINDOWS\SYSTEM32\dhcpcsvc.DLL
0x00007ffb901c0000 - 0x00007ffb9028a000 	C:\WINDOWS\SYSTEM32\DNSAPI.dll
0x00007ffb72500000 - 0x00007ffb72507000 	C:\WINDOWS\system32\wshunix.dll

dbghelp: loaded successfully - version: 4.0.5 - missing functions: none
symbol engine: initialized successfully - sym options: 0x614 - pdb path: .;C:\Program Files\Android\Android Studio2\jbr\bin;C:\WINDOWS\SYSTEM32;C:\ProgramData\Symantec\Symantec Endpoint Protection\14.3.5413.3000.105\Data\Sysfer\x64;C:\WINDOWS\WinSxS\amd64_microsoft.windows.common-controls_6595b64144ccf1df_6.0.19041.3636_none_60b6a03d71f818d5;C:\Program Files\Android\Android Studio2\jbr\bin\server;C:\Users\ADIT-PC\.gradle\native\68d5fa5c4cc2d200863cafc0d521ce42e7d3e7ee720ec0a83991735586a16f82\windows-amd64;C:\Users\ADIT-PC\.gradle\native\e376f236ea51e6404a007f0833ffe2c6e607c4080706a723a18a27aeea778392\windows-amd64

VM Arguments:
jvm_args: --add-opens=java.base/java.util=ALL-UNNAMED --add-opens=java.base/java.lang=ALL-UNNAMED --add-opens=java.base/java.lang.invoke=ALL-UNNAMED --add-opens=java.prefs/java.util.prefs=ALL-UNNAMED --add-opens=java.base/java.nio.charset=ALL-UNNAMED --add-opens=java.base/java.net=ALL-UNNAMED --add-opens=java.base/java.util.concurrent.atomic=ALL-UNNAMED -Xmx2048m -Dfile.encoding=windows-1252 -Duser.country=ID -Duser.language=en -Duser.variant 
java_command: org.gradle.launcher.daemon.bootstrap.GradleDaemon 8.0
java_class_path (initial): C:\Users\ADIT-PC\.gradle\wrapper\dists\gradle-8.0-bin\ca5e32bp14vu59qr306oxotwh\gradle-8.0\lib\gradle-launcher-8.0.jar
Launcher Type: SUN_STANDARD

[Global flags]
     intx CICompilerCount                          = 3                                         {product} {ergonomic}
     uint ConcGCThreads                            = 1                                         {product} {ergonomic}
     uint G1ConcRefinementThreads                  = 4                                         {product} {ergonomic}
   size_t G1HeapRegionSize                         = 1048576                                   {product} {ergonomic}
    uintx GCDrainStackTargetSize                   = 64                                        {product} {ergonomic}
   size_t InitialHeapSize                          = 266338304                                 {product} {ergonomic}
   size_t MarkStackSize                            = 4194304                                   {product} {ergonomic}
   size_t MaxHeapSize                              = 2147483648                                {product} {command line}
   size_t MaxNewSize                               = 1287651328                                {product} {ergonomic}
   size_t MinHeapDeltaBytes                        = 1048576                                   {product} {ergonomic}
   size_t MinHeapSize                              = 8388608                                   {product} {ergonomic}
    uintx NonNMethodCodeHeapSize                   = 5832780                                {pd product} {ergonomic}
    uintx NonProfiledCodeHeapSize                  = 122912730                              {pd product} {ergonomic}
    uintx ProfiledCodeHeapSize                     = 122912730                              {pd product} {ergonomic}
    uintx ReservedCodeCacheSize                    = 251658240                              {pd product} {ergonomic}
     bool SegmentedCodeCache                       = true                                      {product} {ergonomic}
   size_t SoftMaxHeapSize                          = 2147483648                             {manageable} {ergonomic}
     bool UseCompressedClassPointers               = true                           {product lp64_product} {ergonomic}
     bool UseCompressedOops                        = true                           {product lp64_product} {ergonomic}
     bool UseG1GC                                  = true                                      {product} {ergonomic}
     bool UseLargePagesIndividualAllocation        = false                                  {pd product} {ergonomic}

Logging:
Log output configuration:
 #0: stdout all=warning uptime,level,tags
 #1: stderr all=off uptime,level,tags

Environment Variables:
JAVA_HOME=C:\Program Files\Java\jdk-15.0.2
CLASSPATH=.;
PATH=C:\Program Files\Common Files\Oracle\Java\javapath;C:\Python311\Scripts\;C:\Python311\;C:\Python310\Scripts\;C:\Python310\;C:\Python27\;C:\Python27\Scripts;C:\Program Files (x86)\Common Files\Oracle\Java\javapath;C:\Program Files\Docker\Docker\Resources\bin;C:\ProgramData\Oracle\Java\javapath;C:\Program Files (x86)\Intel\iCLS Client\;C:\Program Files\Intel\iCLS Client\;C:\WINDOWS\system32;C:\WINDOWS;C:\WINDOWS\System32\Wbem;C:\WINDOWS\System32\WindowsPowerShell\v1.0\;C:\Program Files (x86)\Intel\Intel(R) Management Engine Components\DAL;C:\Program Files\Intel\Intel(R) Management Engine Components\DAL;C:\Program Files (x86)\Intel\Intel(R) Management Engine Components\IPT;C:\Program Files\Intel\Intel(R) Management Engine Components\IPT;C:\Program Files\Java\jre1.8.0_162\bin;C:\Program Files (x86)\GtkSharp\2.12\bin;C:\Program Files\PuTTY\;C:\Program Files\Java\jdk1.8.0_162\bin;C:\PROGRA~2\Groovy\GROOVY~1.15\bin;C:\WINDOWS\System32\OpenSSH\;C:\xampp\php;C:\Program Files (x86)\Microsoft SQL Server\Client SDK\ODBC\130\Tools\Binn\;C:\Program Files (x86)\Microsoft SQL Server\140\Tools\Binn\;C:\Program Files (x86)\Microsoft SQL Server\140\DTS\Binn\;C:\Program Files (x86)\Microsoft SQL Server\140\Tools\Binn\ManagementStudio\;c:\Program Files (x86)\Microsoft SQL Server\110\Tools\Binn\;c:\Program Files\Microsoft SQL Server\110\Tools\Binn\;c:\Program Files\Microsoft SQL Server\110\DTS\Binn\;C:\composer;C:\Flutter\flutter\bin;C:\Bitnami\wampstack-5.6.39-0\php;C:\ProgramData\chocolatey\bin;C:\Program Files (x86)\Yarn\bin\;C:\Program Files\Java\jdk1.8.0_211\bin;C:\Program Files\OpenJDK\openjdk-8u312-b07\bin;C:\Program Files\nodejs\;C:\Program Files\Git\cmd;C:\Users\ADIT-PC\AppData\Local\Microsoft\WindowsApps;C:\Users\ADIT-PC\AppData\Local\Android\Sdk\platform-tools;C:\Users\ADIT-PC\AppData\Roaming\npm;C:\Users\ADIT-PC\AppData\Local\Programs\Microsoft VS Code\bin;C:\Users\ADIT-PC\AppData\Local\Android\Sdk;C:\src\flutter\bin;C:\Users\ADIT-PC\AppData\Local\GitHubDesktop\bin;C:\Users
USERNAME=ADIT-PC
OS=Windows_NT
PROCESSOR_IDENTIFIER=Intel64 Family 6 Model 94 Stepping 3, GenuineIntel
TMP=C:\Users\ADIT-PC\AppData\Local\Temp
TEMP=C:\Users\ADIT-PC\AppData\Local\Temp


JNI global refs:
JNI global refs: 24, weak refs: 0

JNI global refs memory usage: 843, weak refs: 841


---------------  S Y S T E M  ---------------

OS:
 Windows 10 , 64 bit Build 19041 (10.0.19041.3636)
OS uptime: 16 days 22:28 hours
Hyper-V role detected

CPU: total 4 (initial active 4) (4 cores per cpu, 1 threads per core) family 6 model 94 stepping 3 microcode 0xf2, cx8, cmov, fxsr, mmx, 3dnowpref, sse, sse2, sse3, ssse3, sse4.1, sse4.2, popcnt, lzcnt, tsc, tscinvbit, avx, avx2, aes, erms, clmul, bmi1, bmi2, rtm, adx, fma, vzeroupper, clflush, clflushopt, hv

Memory: 4k page, system-wide physical 16247M (377M free)
TotalPageFile size 25028M (AvailPageFile size 42M)
current process WorkingSet (physical memory assigned to process): 391M, peak: 405M
current process commit charge ("private bytes"): 472M, peak: 514M

vm_info: OpenJDK 64-Bit Server VM (17.0.6+0-b2043.56-10027231) for windows-amd64 JRE (17.0.6+0-b2043.56-10027231), built on Apr 28 2023 00:43:19 by "androidbuild" with MS VC++ 16.10 / 16.11 (VS2019)

END.
