#
# There is insufficient memory for the Java Runtime Environment to continue.
# Native memory allocation (mmap) failed to map 34603008 bytes for G1 virtual space
# Possible reasons:
#   The system is out of physical RAM or swap space
#   The process is running with CompressedOops enabled, and the Java Heap may be blocking the growth of the native heap
# Possible solutions:
#   Reduce memory load on the system
#   Increase physical memory or swap space
#   Check if swap backing store is full
#   Decrease Java heap size (-Xmx/-Xms)
#   Decrease number of Java threads
#   Decrease Java thread stack sizes (-Xss)
#   Set larger code cache with -XX:ReservedCodeCacheSize=
#   JVM is running with Unscaled Compressed Oops mode in which the Java heap is
#     placed in the first 4GB address space. The Java Heap base address is the
#     maximum limit for the native heap growth. Please use -XX:HeapBaseMinAddress
#     to set the Java Heap base and to place the Java Heap above 4GB virtual address.
# This output file may be truncated or incomplete.
#
#  Out of Memory Error (os_windows.cpp:3769), pid=25584, tid=16268
#
# JRE version: OpenJDK Runtime Environment (17.0.6) (build 17.0.6+0-b2043.56-10027231)
# Java VM: OpenJDK 64-Bit Server VM (17.0.6+0-b2043.56-10027231, mixed mode, tiered, compressed oops, compressed class ptrs, g1 gc, windows-amd64)
# No core dump will be written. Minidumps are not enabled by default on client versions of Windows
#

---------------  S U M M A R Y ------------

Command Line: --add-opens=java.base/java.util=ALL-UNNAMED --add-opens=java.base/java.lang=ALL-UNNAMED --add-opens=java.base/java.lang.invoke=ALL-UNNAMED --add-opens=java.prefs/java.util.prefs=ALL-UNNAMED --add-opens=java.base/java.nio.charset=ALL-UNNAMED --add-opens=java.base/java.net=ALL-UNNAMED --add-opens=java.base/java.util.concurrent.atomic=ALL-UNNAMED -Xmx2048m -Dfile.encoding=windows-1252 -Duser.country=ID -Duser.language=en -Duser.variant org.gradle.launcher.daemon.bootstrap.GradleDaemon 8.0

Host: Intel(R) Core(TM) i5-6500 CPU @ 3.20GHz, 4 cores, 15G,  Windows 10 , 64 bit Build 19041 (10.0.19041.3636)
Time: Thu Feb  8 19:37:17 2024 SE Asia Standard Time elapsed time: 35.265470 seconds (0d 0h 0m 35s)

---------------  T H R E A D  ---------------

Current thread (0x000002285c391bc0):  VMThread "VM Thread" [stack: 0x0000005ba1a00000,0x0000005ba1b00000] [id=16268]

Stack: [0x0000005ba1a00000,0x0000005ba1b00000]
Native frames: (J=compiled Java code, j=interpreted, Vv=VM code, C=native code)
V  [jvm.dll+0x683c9a]
V  [jvm.dll+0x8427a4]
V  [jvm.dll+0x843f9e]
V  [jvm.dll+0x844603]
V  [jvm.dll+0x249b75]
V  [jvm.dll+0x680b69]
V  [jvm.dll+0x67505a]
V  [jvm.dll+0x309acb]
V  [jvm.dll+0x310f86]
V  [jvm.dll+0x3608ee]
V  [jvm.dll+0x360b1f]
V  [jvm.dll+0x2dfbf8]
V  [jvm.dll+0x2ddec4]
V  [jvm.dll+0x2dd4cc]
V  [jvm.dll+0x321f3b]
V  [jvm.dll+0x848ccb]
V  [jvm.dll+0x849a04]
V  [jvm.dll+0x849f1d]
V  [jvm.dll+0x84a2f4]
V  [jvm.dll+0x84a3c0]
V  [jvm.dll+0x7f274a]
V  [jvm.dll+0x682ad5]
C  [ucrtbase.dll+0x21bb2]
C  [KERNEL32.DLL+0x17344]
C  [ntdll.dll+0x526b1]

VM_Operation (0x0000005ba75f5610): G1CollectForAllocation, mode: safepoint, requested by thread 0x0000022865f5b6a0


---------------  P R O C E S S  ---------------

Threads class SMR info:
_java_thread_list=0x0000022862ae16c0, length=101, elements={
0x0000022842dd0cb0, 0x000002285cc31020, 0x000002285cc320a0, 0x000002285cc8fe00,
0x000002285cc90b10, 0x000002285cc87e50, 0x000002285cc88710, 0x000002285cc8a700,
0x000002285cc97f70, 0x000002285cca51a0, 0x000002285ce2c010, 0x000002285ce2e960,
0x000002285e23b740, 0x000002285e239f30, 0x000002285e23c0e0, 0x000002285e23ada0,
0x000002285e23c5b0, 0x000002285e23bc10, 0x000002285e238bf0, 0x000002285e23a8d0,
0x000002285e239a60, 0x000002285e23a400, 0x000002285e2390c0, 0x000002285e23b270,
0x000002285e239590, 0x0000022860ea69c0, 0x0000022860ea5680, 0x0000022860ea5b50,
0x0000022860eaca00, 0x0000022860ea6e90, 0x0000022860ea86a0, 0x0000022860ea7830,
0x0000022860ea9510, 0x0000022860ea64f0, 0x0000022860eab1f0, 0x0000022860ea7360,
0x0000022860ea7d00, 0x0000022860ea81d0, 0x0000022860ea6020, 0x0000022860ea8b70,
0x0000022860ea9040, 0x0000022860ea99e0, 0x0000022860ea9eb0, 0x0000022860eaa850,
0x0000022860eab6c0, 0x0000022860eac530, 0x0000022860eabb90, 0x0000022860eac060,
0x0000022860ea51b0, 0x000002285fd80fa0, 0x000002285fd86b10, 0x000002285fd82c80,
0x000002285fd83af0, 0x000002285fd81470, 0x000002285fd822e0, 0x000002285fd85ca0,
0x000002285fd80600, 0x000002285fd827b0, 0x000002285fd85300, 0x000002285fd81e10,
0x000002285fd83fc0, 0x000002285fd83150, 0x000002285fd857d0, 0x000002285fd86170,
0x000002285fd84490, 0x000002285fd83620, 0x000002285fd84960, 0x000002285fd80130,
0x000002285fd84e30, 0x000002285fd86640, 0x000002285fd7f2c0, 0x000002285fd7f790,
0x000002285fd7fc60, 0x000002285fd80ad0, 0x000002285fd81940, 0x0000022860f3da40,
0x0000022860f396e0, 0x0000022860f383a0, 0x0000022860f3d0a0, 0x0000022860f3a550,
0x0000022860f3aa20, 0x0000022865f5c040, 0x0000022865f5bb70, 0x0000022865f5b6a0,
0x0000022860f39bb0, 0x0000022860f3c230, 0x0000022860f3cbd0, 0x0000022862a54f10,
0x0000022865dffed0, 0x0000022865e003a0, 0x0000022862fc0040, 0x0000022860f3c700,
0x0000022860f3aef0, 0x00000228658d5020, 0x00000228658d7b70, 0x0000022862fbf1d0,
0x0000022860f3e3e0, 0x000002285d22df40, 0x000002285d22e410, 0x000002285d22e8e0,
0x0000022862d75100
}

Java Threads: ( => current thread )
  0x0000022842dd0cb0 JavaThread "main" [_thread_blocked, id=19472, stack(0x0000005ba1400000,0x0000005ba1500000)]
  0x000002285cc31020 JavaThread "Reference Handler" daemon [_thread_blocked, id=23436, stack(0x0000005ba1b00000,0x0000005ba1c00000)]
  0x000002285cc320a0 JavaThread "Finalizer" daemon [_thread_blocked, id=18368, stack(0x0000005ba1c00000,0x0000005ba1d00000)]
  0x000002285cc8fe00 JavaThread "Signal Dispatcher" daemon [_thread_blocked, id=17972, stack(0x0000005ba1d00000,0x0000005ba1e00000)]
  0x000002285cc90b10 JavaThread "Attach Listener" daemon [_thread_blocked, id=15364, stack(0x0000005ba1e00000,0x0000005ba1f00000)]
  0x000002285cc87e50 JavaThread "Service Thread" daemon [_thread_blocked, id=13720, stack(0x0000005ba1f00000,0x0000005ba2000000)]
  0x000002285cc88710 JavaThread "Monitor Deflation Thread" daemon [_thread_blocked, id=8944, stack(0x0000005ba2000000,0x0000005ba2100000)]
  0x000002285cc8a700 JavaThread "C2 CompilerThread0" daemon [_thread_blocked, id=24256, stack(0x0000005ba2100000,0x0000005ba2200000)]
  0x000002285cc97f70 JavaThread "C1 CompilerThread0" daemon [_thread_blocked, id=15052, stack(0x0000005ba2200000,0x0000005ba2300000)]
  0x000002285cca51a0 JavaThread "Sweeper thread" daemon [_thread_blocked, id=19560, stack(0x0000005ba2300000,0x0000005ba2400000)]
  0x000002285ce2c010 JavaThread "Common-Cleaner" daemon [_thread_blocked, id=26000, stack(0x0000005ba2400000,0x0000005ba2500000)]
  0x000002285ce2e960 JavaThread "Notification Thread" daemon [_thread_blocked, id=18100, stack(0x0000005ba2500000,0x0000005ba2600000)]
  0x000002285e23b740 JavaThread "Daemon health stats" [_thread_blocked, id=26588, stack(0x0000005ba2b00000,0x0000005ba2c00000)]
  0x000002285e239f30 JavaThread "Incoming local TCP Connector on port 51449" [_thread_in_native, id=3204, stack(0x0000005ba2c00000,0x0000005ba2d00000)]
  0x000002285e23c0e0 JavaThread "Daemon periodic checks" [_thread_blocked, id=22580, stack(0x0000005ba2d00000,0x0000005ba2e00000)]
  0x000002285e23ada0 JavaThread "Daemon" [_thread_blocked, id=27172, stack(0x0000005ba2e00000,0x0000005ba2f00000)]
  0x000002285e23c5b0 JavaThread "Handler for socket connection from /127.0.0.1:51449 to /127.0.0.1:51450" [_thread_in_native, id=18388, stack(0x0000005ba2f00000,0x0000005ba3000000)]
  0x000002285e23bc10 JavaThread "Cancel handler" [_thread_blocked, id=14204, stack(0x0000005ba3000000,0x0000005ba3100000)]
  0x000002285e238bf0 JavaThread "Daemon worker" [_thread_blocked, id=30172, stack(0x0000005ba3100000,0x0000005ba3200000)]
  0x000002285e23a8d0 JavaThread "Asynchronous log dispatcher for DefaultDaemonConnection: socket connection from /127.0.0.1:51449 to /127.0.0.1:51450" [_thread_blocked, id=2920, stack(0x0000005ba3200000,0x0000005ba3300000)]
  0x000002285e239a60 JavaThread "Stdin handler" [_thread_blocked, id=19284, stack(0x0000005ba3300000,0x0000005ba3400000)]
  0x000002285e23a400 JavaThread "Daemon client event forwarder" [_thread_blocked, id=21996, stack(0x0000005ba3400000,0x0000005ba3500000)]
  0x000002285e2390c0 JavaThread "Cache worker for journal cache (C:\Users\ADIT-PC\.gradle\caches\journal-1)" [_thread_blocked, id=9968, stack(0x0000005ba3500000,0x0000005ba3600000)]
  0x000002285e23b270 JavaThread "File lock request listener" [_thread_in_native, id=13892, stack(0x0000005ba3600000,0x0000005ba3700000)]
  0x000002285e239590 JavaThread "Cache worker for file hash cache (C:\Users\ADIT-PC\.gradle\caches\8.0\fileHashes)" [_thread_blocked, id=9312, stack(0x0000005ba3700000,0x0000005ba3800000)]
  0x0000022860ea69c0 JavaThread "File watcher server" daemon [_thread_blocked, id=23160, stack(0x0000005ba3800000,0x0000005ba3900000)]
  0x0000022860ea5680 JavaThread "File watcher consumer" daemon [_thread_blocked, id=27832, stack(0x0000005ba3900000,0x0000005ba3a00000)]
  0x0000022860ea5b50 JavaThread "Cache worker for checksums cache (C:\Users\ADIT-PC\AndroidStudioProjects\HRISMobile-New\.gradle\8.0\checksums)" [_thread_blocked, id=16452, stack(0x0000005ba3a00000,0x0000005ba3b00000)]
  0x0000022860eaca00 JavaThread "Cache worker for cache directory md-rule (C:\Users\ADIT-PC\.gradle\caches\8.0\md-rule)" [_thread_blocked, id=8832, stack(0x0000005ba3b00000,0x0000005ba3c00000)]
  0x0000022860ea6e90 JavaThread "Cache worker for file content cache (C:\Users\ADIT-PC\.gradle\caches\8.0\fileContent)" [_thread_blocked, id=7468, stack(0x0000005ba3c00000,0x0000005ba3d00000)]
  0x0000022860ea86a0 JavaThread "Cache worker for file hash cache (C:\Users\ADIT-PC\AndroidStudioProjects\HRISMobile-New\.gradle\8.0\fileHashes)" [_thread_blocked, id=11068, stack(0x0000005ba3d00000,0x0000005ba3e00000)]
  0x0000022860ea7830 JavaThread "Cache worker for cache directory md-supplier (C:\Users\ADIT-PC\.gradle\caches\8.0\md-supplier)" [_thread_blocked, id=9012, stack(0x0000005ba3e00000,0x0000005ba3f00000)]
  0x0000022860ea9510 JavaThread "Cache worker for execution history cache (C:\Users\ADIT-PC\.gradle\caches\8.0\executionHistory)" [_thread_blocked, id=22184, stack(0x0000005ba3f00000,0x0000005ba4000000)]
  0x0000022860ea64f0 JavaThread "jar transforms" [_thread_blocked, id=2860, stack(0x0000005ba4000000,0x0000005ba4100000)]
  0x0000022860eab1f0 JavaThread "jar transforms Thread 2" [_thread_blocked, id=10164, stack(0x0000005ba4100000,0x0000005ba4200000)]
  0x0000022860ea7360 JavaThread "jar transforms Thread 3" [_thread_blocked, id=28536, stack(0x0000005ba4200000,0x0000005ba4300000)]
  0x0000022860ea7d00 JavaThread "jar transforms Thread 4" [_thread_blocked, id=15084, stack(0x0000005ba4300000,0x0000005ba4400000)]
  0x0000022860ea81d0 JavaThread "Cache worker for dependencies-accessors (C:\Users\ADIT-PC\AndroidStudioProjects\HRISMobile-New\.gradle\8.0\dependencies-accessors)" [_thread_blocked, id=18044, stack(0x0000005ba4400000,0x0000005ba4500000)]
  0x0000022860ea6020 JavaThread "Cache worker for Build Output Cleanup Cache (C:\Users\ADIT-PC\AndroidStudioProjects\HRISMobile-New\.gradle\buildOutputCleanup)" [_thread_blocked, id=16244, stack(0x0000005ba4500000,0x0000005ba4600000)]
  0x0000022860ea8b70 JavaThread "Unconstrained build operations" [_thread_blocked, id=8156, stack(0x0000005ba4600000,0x0000005ba4700000)]
  0x0000022860ea9040 JavaThread "Unconstrained build operations Thread 2" [_thread_blocked, id=30088, stack(0x0000005ba4700000,0x0000005ba4800000)]
  0x0000022860ea99e0 JavaThread "Unconstrained build operations Thread 3" [_thread_blocked, id=10516, stack(0x0000005ba4800000,0x0000005ba4900000)]
  0x0000022860ea9eb0 JavaThread "Unconstrained build operations Thread 4" [_thread_blocked, id=29152, stack(0x0000005ba4900000,0x0000005ba4a00000)]
  0x0000022860eaa850 JavaThread "Unconstrained build operations Thread 5" [_thread_blocked, id=19960, stack(0x0000005ba4a00000,0x0000005ba4b00000)]
  0x0000022860eab6c0 JavaThread "Unconstrained build operations Thread 6" [_thread_blocked, id=560, stack(0x0000005ba4b00000,0x0000005ba4c00000)]
  0x0000022860eac530 JavaThread "Unconstrained build operations Thread 7" [_thread_blocked, id=12168, stack(0x0000005ba4c00000,0x0000005ba4d00000)]
  0x0000022860eabb90 JavaThread "Unconstrained build operations Thread 8" [_thread_blocked, id=3592, stack(0x0000005ba4d00000,0x0000005ba4e00000)]
  0x0000022860eac060 JavaThread "Unconstrained build operations Thread 9" [_thread_blocked, id=30136, stack(0x0000005ba4e00000,0x0000005ba4f00000)]
  0x0000022860ea51b0 JavaThread "Unconstrained build operations Thread 10" [_thread_blocked, id=22636, stack(0x0000005ba4f00000,0x0000005ba5000000)]
  0x000002285fd80fa0 JavaThread "Unconstrained build operations Thread 11" [_thread_blocked, id=24076, stack(0x0000005ba5000000,0x0000005ba5100000)]
  0x000002285fd86b10 JavaThread "Unconstrained build operations Thread 12" [_thread_blocked, id=15448, stack(0x0000005ba5100000,0x0000005ba5200000)]
  0x000002285fd82c80 JavaThread "Unconstrained build operations Thread 13" [_thread_blocked, id=23064, stack(0x0000005ba5200000,0x0000005ba5300000)]
  0x000002285fd83af0 JavaThread "Unconstrained build operations Thread 14" [_thread_blocked, id=18476, stack(0x0000005ba5300000,0x0000005ba5400000)]
  0x000002285fd81470 JavaThread "Unconstrained build operations Thread 15" [_thread_blocked, id=3420, stack(0x0000005ba5400000,0x0000005ba5500000)]
  0x000002285fd822e0 JavaThread "Unconstrained build operations Thread 16" [_thread_blocked, id=10376, stack(0x0000005ba5500000,0x0000005ba5600000)]
  0x000002285fd85ca0 JavaThread "Unconstrained build operations Thread 17" [_thread_blocked, id=25516, stack(0x0000005ba5600000,0x0000005ba5700000)]
  0x000002285fd80600 JavaThread "Unconstrained build operations Thread 18" [_thread_blocked, id=30400, stack(0x0000005ba5700000,0x0000005ba5800000)]
  0x000002285fd827b0 JavaThread "Unconstrained build operations Thread 19" [_thread_blocked, id=24928, stack(0x0000005ba5800000,0x0000005ba5900000)]
  0x000002285fd85300 JavaThread "Unconstrained build operations Thread 20" [_thread_blocked, id=20448, stack(0x0000005ba5900000,0x0000005ba5a00000)]
  0x000002285fd81e10 JavaThread "Unconstrained build operations Thread 21" [_thread_blocked, id=11400, stack(0x0000005ba5a00000,0x0000005ba5b00000)]
  0x000002285fd83fc0 JavaThread "Unconstrained build operations Thread 22" [_thread_blocked, id=20028, stack(0x0000005ba5b00000,0x0000005ba5c00000)]
  0x000002285fd83150 JavaThread "Unconstrained build operations Thread 23" [_thread_blocked, id=23164, stack(0x0000005ba5c00000,0x0000005ba5d00000)]
  0x000002285fd857d0 JavaThread "Unconstrained build operations Thread 24" [_thread_blocked, id=3168, stack(0x0000005ba5d00000,0x0000005ba5e00000)]
  0x000002285fd86170 JavaThread "Unconstrained build operations Thread 25" [_thread_blocked, id=12336, stack(0x0000005ba5e00000,0x0000005ba5f00000)]
  0x000002285fd84490 JavaThread "Unconstrained build operations Thread 26" [_thread_blocked, id=1596, stack(0x0000005ba5f00000,0x0000005ba6000000)]
  0x000002285fd83620 JavaThread "Unconstrained build operations Thread 27" [_thread_blocked, id=15836, stack(0x0000005ba6000000,0x0000005ba6100000)]
  0x000002285fd84960 JavaThread "Unconstrained build operations Thread 28" [_thread_blocked, id=28920, stack(0x0000005ba6100000,0x0000005ba6200000)]
  0x000002285fd80130 JavaThread "Unconstrained build operations Thread 29" [_thread_blocked, id=12052, stack(0x0000005ba6200000,0x0000005ba6300000)]
  0x000002285fd84e30 JavaThread "Unconstrained build operations Thread 30" [_thread_blocked, id=15192, stack(0x0000005ba6300000,0x0000005ba6400000)]
  0x000002285fd86640 JavaThread "Unconstrained build operations Thread 31" [_thread_blocked, id=20908, stack(0x0000005ba6400000,0x0000005ba6500000)]
  0x000002285fd7f2c0 JavaThread "Unconstrained build operations Thread 32" [_thread_blocked, id=12796, stack(0x0000005ba6500000,0x0000005ba6600000)]
  0x000002285fd7f790 JavaThread "Unconstrained build operations Thread 33" [_thread_blocked, id=20132, stack(0x0000005ba6600000,0x0000005ba6700000)]
  0x000002285fd7fc60 JavaThread "Unconstrained build operations Thread 34" [_thread_blocked, id=17116, stack(0x0000005ba6700000,0x0000005ba6800000)]
  0x000002285fd80ad0 JavaThread "Unconstrained build operations Thread 35" [_thread_blocked, id=26652, stack(0x0000005ba6800000,0x0000005ba6900000)]
  0x000002285fd81940 JavaThread "Unconstrained build operations Thread 36" [_thread_blocked, id=5216, stack(0x0000005ba6900000,0x0000005ba6a00000)]
  0x0000022860f3da40 JavaThread "Unconstrained build operations Thread 37" [_thread_blocked, id=20820, stack(0x0000005ba6a00000,0x0000005ba6b00000)]
  0x0000022860f396e0 JavaThread "Unconstrained build operations Thread 38" [_thread_blocked, id=2940, stack(0x0000005ba6b00000,0x0000005ba6c00000)]
  0x0000022860f383a0 JavaThread "Unconstrained build operations Thread 39" [_thread_blocked, id=17440, stack(0x0000005ba6c00000,0x0000005ba6d00000)]
  0x0000022860f3d0a0 JavaThread "Unconstrained build operations Thread 40" [_thread_blocked, id=6132, stack(0x0000005ba6d00000,0x0000005ba6e00000)]
  0x0000022860f3a550 JavaThread "build event listener" [_thread_blocked, id=28716, stack(0x0000005ba7000000,0x0000005ba7100000)]
  0x0000022860f3aa20 JavaThread "Memory manager" [_thread_blocked, id=27248, stack(0x0000005ba7100000,0x0000005ba7200000)]
  0x0000022865f5c040 JavaThread "pool-3-thread-1" [_thread_blocked, id=30580, stack(0x0000005ba7300000,0x0000005ba7400000)]
  0x0000022865f5bb70 JavaThread "build event listener" [_thread_blocked, id=23600, stack(0x0000005ba7400000,0x0000005ba7500000)]
  0x0000022865f5b6a0 JavaThread "included builds" [_thread_blocked, id=1996, stack(0x0000005ba7500000,0x0000005ba7600000)]
  0x0000022860f39bb0 JavaThread "Execution worker" [_thread_blocked, id=16220, stack(0x0000005ba7600000,0x0000005ba7700000)]
  0x0000022860f3c230 JavaThread "Execution worker Thread 2" [_thread_blocked, id=22748, stack(0x0000005ba7700000,0x0000005ba7800000)]
  0x0000022860f3cbd0 JavaThread "Execution worker Thread 3" [_thread_blocked, id=30068, stack(0x0000005ba7800000,0x0000005ba7900000)]
  0x0000022862a54f10 JavaThread "Cache worker for execution history cache (C:\Users\ADIT-PC\AndroidStudioProjects\HRISMobile-New\.gradle\8.0\executionHistory)" [_thread_blocked, id=30440, stack(0x0000005ba7900000,0x0000005ba7a00000)]
  0x0000022865dffed0 JavaThread "WorkerExecutor Queue" [_thread_blocked, id=2164, stack(0x0000005ba7a00000,0x0000005ba7b00000)]
  0x0000022865e003a0 JavaThread "WorkerExecutor Queue Thread 2" [_thread_blocked, id=1360, stack(0x0000005ba7b00000,0x0000005ba7c00000)]
  0x0000022862fc0040 JavaThread "WorkerExecutor Queue Thread 3" [_thread_blocked, id=28724, stack(0x0000005ba7c00000,0x0000005ba7d00000)]
  0x0000022860f3c700 JavaThread "WorkerExecutor Queue Thread 4" [_thread_blocked, id=17272, stack(0x0000005ba7d00000,0x0000005ba7e00000)]
  0x0000022860f3aef0 JavaThread "pool-4-thread-1" [_thread_blocked, id=29740, stack(0x0000005ba7e00000,0x0000005ba7f00000)]
  0x00000228658d5020 JavaThread "stderr" [_thread_in_native, id=26412, stack(0x0000005ba7f00000,0x0000005ba8000000)]
  0x00000228658d7b70 JavaThread "stdout" [_thread_in_native, id=16308, stack(0x0000005ba8000000,0x0000005ba8100000)]
  0x0000022862fbf1d0 JavaThread "Cache worker for Java compile cache (C:\Users\ADIT-PC\.gradle\caches\8.0\javaCompile)" [_thread_blocked, id=19912, stack(0x0000005ba8100000,0x0000005ba8200000)]
  0x0000022860f3e3e0 JavaThread "Build operations" [_thread_blocked, id=26140, stack(0x0000005ba8200000,0x0000005ba8300000)]
  0x000002285d22df40 JavaThread "Build operations Thread 2" [_thread_blocked, id=15416, stack(0x0000005ba8300000,0x0000005ba8400000)]
  0x000002285d22e410 JavaThread "Build operations Thread 3" [_thread_blocked, id=23344, stack(0x0000005ba8400000,0x0000005ba8500000)]
  0x000002285d22e8e0 JavaThread "Build operations Thread 4" [_thread_blocked, id=10964, stack(0x0000005ba8500000,0x0000005ba8600000)]
  0x0000022862d75100 JavaThread "C2 CompilerThread1" daemon [_thread_blocked, id=15156, stack(0x0000005ba1300000,0x0000005ba1400000)]

Other Threads:
=>0x000002285c391bc0 VMThread "VM Thread" [stack: 0x0000005ba1a00000,0x0000005ba1b00000] [id=16268]
  0x000002285ce2f240 WatcherThread [stack: 0x0000005ba2600000,0x0000005ba2700000] [id=12832]
  0x0000022842e2d1e0 GCTaskThread "GC Thread#0" [stack: 0x0000005ba1500000,0x0000005ba1600000] [id=28064]
  0x000002285d53b1c0 GCTaskThread "GC Thread#1" [stack: 0x0000005ba2800000,0x0000005ba2900000] [id=23216]
  0x000002285cff9c20 GCTaskThread "GC Thread#2" [stack: 0x0000005ba2900000,0x0000005ba2a00000] [id=17344]
  0x000002285d6cd960 GCTaskThread "GC Thread#3" [stack: 0x0000005ba2a00000,0x0000005ba2b00000] [id=29012]
  0x0000022842e3e120 ConcurrentGCThread "G1 Main Marker" [stack: 0x0000005ba1600000,0x0000005ba1700000] [id=19620]
  0x0000022842e3f6a0 ConcurrentGCThread "G1 Conc#0" [stack: 0x0000005ba1700000,0x0000005ba1800000] [id=25640]
  0x0000022842e8e3e0 ConcurrentGCThread "G1 Refine#0" [stack: 0x0000005ba1800000,0x0000005ba1900000] [id=29316]
  0x000002286243dcd0 ConcurrentGCThread "G1 Refine#1" [stack: 0x0000005ba6e00000,0x0000005ba6f00000] [id=25852]
  0x000002286243c2f0 ConcurrentGCThread "G1 Refine#2" [stack: 0x0000005ba6f00000,0x0000005ba7000000] [id=14376]
  0x000002286243d150 ConcurrentGCThread "G1 Refine#3" [stack: 0x0000005ba7200000,0x0000005ba7300000] [id=29300]
  0x000002285c23e1c0 ConcurrentGCThread "G1 Service" [stack: 0x0000005ba1900000,0x0000005ba1a00000] [id=18076]

Threads with active compile tasks:
C2 CompilerThread0    35317 16130   !   4       com.sun.tools.javac.parser.JavaTokenizer::readToken (1731 bytes)
C2 CompilerThread1    35317 16109       4       com.sun.tools.javac.parser.JavacParser::term3Rest (732 bytes)

VM state: at safepoint (normal execution)

VM Mutex/Monitor currently owned by a thread:  ([mutex/lock_event])
[0x0000022842dcd050] Threads_lock - owner thread: 0x000002285c391bc0
[0x0000022842dcb940] Heap_lock - owner thread: 0x0000022865f5b6a0

Heap address: 0x0000000080000000, size: 2048 MB, Compressed Oops mode: 32-bit

CDS archive(s) not mapped
Compressed class space mapped at: 0x0000000100000000-0x0000000140000000, reserved size: 1073741824
Narrow klass base: 0x0000000000000000, Narrow klass shift: 3, Narrow klass range: 0x140000000

GC Precious Log:
 CPUs: 4 total, 4 available
 Memory: 16247M
 Large Page Support: Disabled
 NUMA Support: Disabled
 Compressed Oops: Enabled (32-bit)
 Heap Region Size: 1M
 Heap Min Capacity: 8M
 Heap Initial Capacity: 254M
 Heap Max Capacity: 2G
 Pre-touch: Disabled
 Parallel Workers: 4
 Concurrent Workers: 1
 Concurrent Refinement Workers: 4
 Periodic GC: Disabled

Heap:
 garbage-first heap   total 226304K, used 190476K [0x0000000080000000, 0x0000000100000000)
  region size 1024K, 2 young (2048K), 2 survivors (2048K)
 Metaspace       used 110929K, committed 111808K, reserved 1146880K
  class space    used 14641K, committed 15040K, reserved 1048576K

Heap Regions: E=young(eden), S=young(survivor), O=old, HS=humongous(starts), HC=humongous(continues), CS=collection set, F=free, OA=open archive, CA=closed archive, TAMS=top-at-mark-start (previous, next)
|   0|0x0000000080000000, 0x0000000080100000, 0x0000000080100000|100%| O|  |TAMS 0x0000000080100000, 0x0000000080000000| Untracked 
|   1|0x0000000080100000, 0x0000000080200000, 0x0000000080200000|100%| O|  |TAMS 0x0000000080200000, 0x0000000080100000| Untracked 
|   2|0x0000000080200000, 0x0000000080300000, 0x0000000080300000|100%|HS|  |TAMS 0x0000000080300000, 0x0000000080200000| Complete 
|   3|0x0000000080300000, 0x0000000080400000, 0x0000000080400000|100%|HC|  |TAMS 0x0000000080400000, 0x0000000080300000| Complete 
|   4|0x0000000080400000, 0x0000000080500000, 0x0000000080500000|100%|HC|  |TAMS 0x0000000080500000, 0x0000000080400000| Complete 
|   5|0x0000000080500000, 0x0000000080600000, 0x0000000080600000|100%|HC|  |TAMS 0x0000000080600000, 0x0000000080500000| Complete 
|   6|0x0000000080600000, 0x0000000080700000, 0x0000000080700000|100%| O|  |TAMS 0x0000000080700000, 0x0000000080600000| Untracked 
|   7|0x0000000080700000, 0x0000000080800000, 0x0000000080800000|100%| O|  |TAMS 0x0000000080800000, 0x0000000080700000| Untracked 
|   8|0x0000000080800000, 0x0000000080900000, 0x0000000080900000|100%| O|  |TAMS 0x0000000080900000, 0x0000000080800000| Untracked 
|   9|0x0000000080900000, 0x0000000080a00000, 0x0000000080a00000|100%| O|  |TAMS 0x0000000080a00000, 0x0000000080900000| Untracked 
|  10|0x0000000080a00000, 0x0000000080aff000, 0x0000000080b00000| 99%| O|  |TAMS 0x0000000080aff000, 0x0000000080a00000| Untracked 
|  11|0x0000000080b00000, 0x0000000080c00000, 0x0000000080c00000|100%| O|  |TAMS 0x0000000080c00000, 0x0000000080b00000| Untracked 
|  12|0x0000000080c00000, 0x0000000080d00000, 0x0000000080d00000|100%| O|  |TAMS 0x0000000080d00000, 0x0000000080c00000| Untracked 
|  13|0x0000000080d00000, 0x0000000080e00000, 0x0000000080e00000|100%| O|  |TAMS 0x0000000080e00000, 0x0000000080d00000| Untracked 
|  14|0x0000000080e00000, 0x0000000080f00000, 0x0000000080f00000|100%| O|  |TAMS 0x0000000080f00000, 0x0000000080e00000| Untracked 
|  15|0x0000000080f00000, 0x0000000081000000, 0x0000000081000000|100%| O|  |TAMS 0x0000000081000000, 0x0000000080f00000| Untracked 
|  16|0x0000000081000000, 0x0000000081100000, 0x0000000081100000|100%| O|  |TAMS 0x0000000081100000, 0x0000000081000000| Untracked 
|  17|0x0000000081100000, 0x0000000081200000, 0x0000000081200000|100%| O|  |TAMS 0x0000000081200000, 0x0000000081100000| Untracked 
|  18|0x0000000081200000, 0x0000000081300000, 0x0000000081300000|100%| O|  |TAMS 0x0000000081300000, 0x0000000081200000| Untracked 
|  19|0x0000000081300000, 0x0000000081400000, 0x0000000081400000|100%| O|  |TAMS 0x0000000081400000, 0x0000000081300000| Untracked 
|  20|0x0000000081400000, 0x0000000081500000, 0x0000000081500000|100%| O|  |TAMS 0x0000000081500000, 0x0000000081400000| Untracked 
|  21|0x0000000081500000, 0x0000000081600000, 0x0000000081600000|100%| O|  |TAMS 0x0000000081600000, 0x0000000081500000| Untracked 
|  22|0x0000000081600000, 0x0000000081700000, 0x0000000081700000|100%|HS|  |TAMS 0x0000000081700000, 0x0000000081600000| Complete 
|  23|0x0000000081700000, 0x0000000081800000, 0x0000000081800000|100%| O|  |TAMS 0x0000000081800000, 0x0000000081700000| Untracked 
|  24|0x0000000081800000, 0x0000000081900000, 0x0000000081900000|100%| O|  |TAMS 0x0000000081900000, 0x0000000081800000| Untracked 
|  25|0x0000000081900000, 0x0000000081a00000, 0x0000000081a00000|100%| O|  |TAMS 0x0000000081a00000, 0x0000000081900000| Untracked 
|  26|0x0000000081a00000, 0x0000000081b00000, 0x0000000081b00000|100%| O|  |TAMS 0x0000000081b00000, 0x0000000081a00000| Untracked 
|  27|0x0000000081b00000, 0x0000000081c00000, 0x0000000081c00000|100%| O|  |TAMS 0x0000000081b00000, 0x0000000081b00000| Untracked 
|  28|0x0000000081c00000, 0x0000000081d00000, 0x0000000081d00000|100%|HS|  |TAMS 0x0000000081d00000, 0x0000000081c00000| Complete 
|  29|0x0000000081d00000, 0x0000000081e00000, 0x0000000081e00000|100%|HS|  |TAMS 0x0000000081e00000, 0x0000000081d00000| Complete 
|  30|0x0000000081e00000, 0x0000000081f00000, 0x0000000081f00000|100%| O|  |TAMS 0x0000000081f00000, 0x0000000081e00000| Untracked 
|  31|0x0000000081f00000, 0x0000000082000000, 0x0000000082000000|100%| O|  |TAMS 0x0000000082000000, 0x0000000081f00000| Untracked 
|  32|0x0000000082000000, 0x0000000082100000, 0x0000000082100000|100%| O|  |TAMS 0x0000000082100000, 0x0000000082000000| Untracked 
|  33|0x0000000082100000, 0x0000000082200000, 0x0000000082200000|100%| O|  |TAMS 0x0000000082200000, 0x0000000082100000| Untracked 
|  34|0x0000000082200000, 0x0000000082300000, 0x0000000082300000|100%| O|  |TAMS 0x0000000082300000, 0x0000000082200000| Untracked 
|  35|0x0000000082300000, 0x0000000082400000, 0x0000000082400000|100%| O|  |TAMS 0x0000000082400000, 0x0000000082300000| Untracked 
|  36|0x0000000082400000, 0x0000000082500000, 0x0000000082500000|100%| O|  |TAMS 0x0000000082500000, 0x0000000082400000| Untracked 
|  37|0x0000000082500000, 0x0000000082600000, 0x0000000082600000|100%| O|  |TAMS 0x0000000082600000, 0x0000000082500000| Untracked 
|  38|0x0000000082600000, 0x0000000082700000, 0x0000000082700000|100%| O|  |TAMS 0x0000000082700000, 0x0000000082600000| Untracked 
|  39|0x0000000082700000, 0x0000000082800000, 0x0000000082800000|100%| O|  |TAMS 0x0000000082800000, 0x0000000082700000| Untracked 
|  40|0x0000000082800000, 0x0000000082900000, 0x0000000082900000|100%| O|  |TAMS 0x0000000082900000, 0x0000000082800000| Untracked 
|  41|0x0000000082900000, 0x0000000082a00000, 0x0000000082a00000|100%| O|  |TAMS 0x0000000082a00000, 0x0000000082900000| Untracked 
|  42|0x0000000082a00000, 0x0000000082b00000, 0x0000000082b00000|100%| O|  |TAMS 0x0000000082b00000, 0x0000000082a00000| Untracked 
|  43|0x0000000082b00000, 0x0000000082c00000, 0x0000000082c00000|100%| O|  |TAMS 0x0000000082c00000, 0x0000000082b00000| Untracked 
|  44|0x0000000082c00000, 0x0000000082d00000, 0x0000000082d00000|100%| O|  |TAMS 0x0000000082d00000, 0x0000000082c00000| Untracked 
|  45|0x0000000082d00000, 0x0000000082e00000, 0x0000000082e00000|100%| O|  |TAMS 0x0000000082e00000, 0x0000000082d00000| Untracked 
|  46|0x0000000082e00000, 0x0000000082f00000, 0x0000000082f00000|100%| O|  |TAMS 0x0000000082f00000, 0x0000000082e00000| Untracked 
|  47|0x0000000082f00000, 0x0000000083000000, 0x0000000083000000|100%| O|  |TAMS 0x0000000083000000, 0x0000000082f00000| Untracked 
|  48|0x0000000083000000, 0x0000000083100000, 0x0000000083100000|100%| O|  |TAMS 0x0000000083100000, 0x0000000083000000| Untracked 
|  49|0x0000000083100000, 0x0000000083200000, 0x0000000083200000|100%| O|  |TAMS 0x0000000083200000, 0x0000000083100000| Untracked 
|  50|0x0000000083200000, 0x0000000083300000, 0x0000000083300000|100%| O|  |TAMS 0x0000000083300000, 0x0000000083200000| Untracked 
|  51|0x0000000083300000, 0x0000000083400000, 0x0000000083400000|100%| O|  |TAMS 0x0000000083400000, 0x0000000083300000| Untracked 
|  52|0x0000000083400000, 0x0000000083500000, 0x0000000083500000|100%| O|  |TAMS 0x0000000083500000, 0x0000000083400000| Untracked 
|  53|0x0000000083500000, 0x0000000083600000, 0x0000000083600000|100%| O|  |TAMS 0x0000000083600000, 0x0000000083500000| Untracked 
|  54|0x0000000083600000, 0x0000000083700000, 0x0000000083700000|100%| O|  |TAMS 0x0000000083700000, 0x0000000083600000| Untracked 
|  55|0x0000000083700000, 0x0000000083800000, 0x0000000083800000|100%| O|  |TAMS 0x0000000083800000, 0x0000000083700000| Untracked 
|  56|0x0000000083800000, 0x0000000083900000, 0x0000000083900000|100%| O|  |TAMS 0x0000000083800000, 0x0000000083800000| Untracked 
|  57|0x0000000083900000, 0x0000000083a00000, 0x0000000083a00000|100%| O|  |TAMS 0x0000000083a00000, 0x0000000083900000| Untracked 
|  58|0x0000000083a00000, 0x0000000083b00000, 0x0000000083b00000|100%| O|  |TAMS 0x0000000083b00000, 0x0000000083a00000| Untracked 
|  59|0x0000000083b00000, 0x0000000083c00000, 0x0000000083c00000|100%| O|  |TAMS 0x0000000083c00000, 0x0000000083b00000| Untracked 
|  60|0x0000000083c00000, 0x0000000083d00000, 0x0000000083d00000|100%| O|  |TAMS 0x0000000083d00000, 0x0000000083c00000| Untracked 
|  61|0x0000000083d00000, 0x0000000083e00000, 0x0000000083e00000|100%| O|  |TAMS 0x0000000083e00000, 0x0000000083d00000| Untracked 
|  62|0x0000000083e00000, 0x0000000083f00000, 0x0000000083f00000|100%| O|  |TAMS 0x0000000083f00000, 0x0000000083e00000| Untracked 
|  63|0x0000000083f00000, 0x0000000084000000, 0x0000000084000000|100%| O|  |TAMS 0x0000000083ff9a00, 0x0000000083f00000| Untracked 
|  64|0x0000000084000000, 0x0000000084100000, 0x0000000084100000|100%| O|  |TAMS 0x0000000084000000, 0x0000000084000000| Untracked 
|  65|0x0000000084100000, 0x0000000084200000, 0x0000000084200000|100%| O|  |TAMS 0x0000000084100000, 0x0000000084100000| Untracked 
|  66|0x0000000084200000, 0x0000000084300000, 0x0000000084300000|100%| O|  |TAMS 0x0000000084200000, 0x0000000084200000| Untracked 
|  67|0x0000000084300000, 0x0000000084400000, 0x0000000084400000|100%| O|  |TAMS 0x0000000084300000, 0x0000000084300000| Untracked 
|  68|0x0000000084400000, 0x0000000084500000, 0x0000000084500000|100%| O|  |TAMS 0x0000000084400000, 0x0000000084400000| Untracked 
|  69|0x0000000084500000, 0x0000000084600000, 0x0000000084600000|100%| O|  |TAMS 0x0000000084500000, 0x0000000084500000| Untracked 
|  70|0x0000000084600000, 0x0000000084700000, 0x0000000084700000|100%| O|  |TAMS 0x0000000084600000, 0x0000000084600000| Untracked 
|  71|0x0000000084700000, 0x0000000084800000, 0x0000000084800000|100%| O|  |TAMS 0x0000000084700000, 0x0000000084700000| Untracked 
|  72|0x0000000084800000, 0x0000000084900000, 0x0000000084900000|100%| O|  |TAMS 0x0000000084800000, 0x0000000084800000| Untracked 
|  73|0x0000000084900000, 0x0000000084a00000, 0x0000000084a00000|100%| O|  |TAMS 0x0000000084900000, 0x0000000084900000| Untracked 
|  74|0x0000000084a00000, 0x0000000084b00000, 0x0000000084b00000|100%| O|  |TAMS 0x0000000084a00000, 0x0000000084a00000| Untracked 
|  75|0x0000000084b00000, 0x0000000084c00000, 0x0000000084c00000|100%| O|  |TAMS 0x0000000084b00000, 0x0000000084b00000| Untracked 
|  76|0x0000000084c00000, 0x0000000084d00000, 0x0000000084d00000|100%| O|  |TAMS 0x0000000084c00000, 0x0000000084c00000| Untracked 
|  77|0x0000000084d00000, 0x0000000084e00000, 0x0000000084e00000|100%| O|  |TAMS 0x0000000084d00000, 0x0000000084d00000| Untracked 
|  78|0x0000000084e00000, 0x0000000084f00000, 0x0000000084f00000|100%| O|  |TAMS 0x0000000084e00000, 0x0000000084e00000| Untracked 
|  79|0x0000000084f00000, 0x0000000085000000, 0x0000000085000000|100%| O|  |TAMS 0x0000000084f00000, 0x0000000084f00000| Untracked 
|  80|0x0000000085000000, 0x0000000085100000, 0x0000000085100000|100%| O|  |TAMS 0x0000000085000000, 0x0000000085000000| Untracked 
|  81|0x0000000085100000, 0x0000000085200000, 0x0000000085200000|100%| O|  |TAMS 0x0000000085100000, 0x0000000085100000| Untracked 
|  82|0x0000000085200000, 0x0000000085300000, 0x0000000085300000|100%| O|  |TAMS 0x0000000085200000, 0x0000000085200000| Untracked 
|  83|0x0000000085300000, 0x0000000085400000, 0x0000000085400000|100%| O|  |TAMS 0x0000000085300000, 0x0000000085300000| Untracked 
|  84|0x0000000085400000, 0x0000000085500000, 0x0000000085500000|100%| O|  |TAMS 0x0000000085400000, 0x0000000085400000| Untracked 
|  85|0x0000000085500000, 0x0000000085600000, 0x0000000085600000|100%| O|  |TAMS 0x0000000085500000, 0x0000000085500000| Untracked 
|  86|0x0000000085600000, 0x0000000085700000, 0x0000000085700000|100%| O|  |TAMS 0x0000000085600000, 0x0000000085600000| Untracked 
|  87|0x0000000085700000, 0x0000000085800000, 0x0000000085800000|100%| O|  |TAMS 0x0000000085700000, 0x0000000085700000| Untracked 
|  88|0x0000000085800000, 0x0000000085900000, 0x0000000085900000|100%| O|  |TAMS 0x0000000085800000, 0x0000000085800000| Untracked 
|  89|0x0000000085900000, 0x0000000085a00000, 0x0000000085a00000|100%| O|  |TAMS 0x0000000085900000, 0x0000000085900000| Untracked 
|  90|0x0000000085a00000, 0x0000000085b00000, 0x0000000085b00000|100%| O|  |TAMS 0x0000000085a00000, 0x0000000085a00000| Untracked 
|  91|0x0000000085b00000, 0x0000000085c00000, 0x0000000085c00000|100%| O|  |TAMS 0x0000000085b00000, 0x0000000085b00000| Untracked 
|  92|0x0000000085c00000, 0x0000000085d00000, 0x0000000085d00000|100%| O|  |TAMS 0x0000000085c00000, 0x0000000085c00000| Untracked 
|  93|0x0000000085d00000, 0x0000000085e00000, 0x0000000085e00000|100%| O|  |TAMS 0x0000000085d00000, 0x0000000085d00000| Untracked 
|  94|0x0000000085e00000, 0x0000000085f00000, 0x0000000085f00000|100%| O|  |TAMS 0x0000000085e00000, 0x0000000085e00000| Untracked 
|  95|0x0000000085f00000, 0x0000000086000000, 0x0000000086000000|100%| O|  |TAMS 0x0000000085f00000, 0x0000000085f00000| Untracked 
|  96|0x0000000086000000, 0x0000000086100000, 0x0000000086100000|100%| O|  |TAMS 0x0000000086000000, 0x0000000086000000| Untracked 
|  97|0x0000000086100000, 0x0000000086200000, 0x0000000086200000|100%| O|  |TAMS 0x0000000086100000, 0x0000000086100000| Untracked 
|  98|0x0000000086200000, 0x0000000086300000, 0x0000000086300000|100%| O|  |TAMS 0x0000000086200000, 0x0000000086200000| Untracked 
|  99|0x0000000086300000, 0x0000000086400000, 0x0000000086400000|100%| O|  |TAMS 0x0000000086300000, 0x0000000086300000| Untracked 
| 100|0x0000000086400000, 0x0000000086500000, 0x0000000086500000|100%| O|  |TAMS 0x0000000086400000, 0x0000000086400000| Untracked 
| 101|0x0000000086500000, 0x0000000086600000, 0x0000000086600000|100%| O|  |TAMS 0x0000000086500000, 0x0000000086500000| Untracked 
| 102|0x0000000086600000, 0x0000000086700000, 0x0000000086700000|100%| O|  |TAMS 0x0000000086600000, 0x0000000086600000| Untracked 
| 103|0x0000000086700000, 0x0000000086800000, 0x0000000086800000|100%| O|  |TAMS 0x0000000086700000, 0x0000000086700000| Untracked 
| 104|0x0000000086800000, 0x0000000086900000, 0x0000000086900000|100%| O|  |TAMS 0x0000000086800000, 0x0000000086800000| Untracked 
| 105|0x0000000086900000, 0x0000000086a00000, 0x0000000086a00000|100%| O|  |TAMS 0x0000000086900000, 0x0000000086900000| Untracked 
| 106|0x0000000086a00000, 0x0000000086b00000, 0x0000000086b00000|100%| O|  |TAMS 0x0000000086a00000, 0x0000000086a00000| Untracked 
| 107|0x0000000086b00000, 0x0000000086c00000, 0x0000000086c00000|100%| O|  |TAMS 0x0000000086b00000, 0x0000000086b00000| Untracked 
| 108|0x0000000086c00000, 0x0000000086d00000, 0x0000000086d00000|100%| O|  |TAMS 0x0000000086c00000, 0x0000000086c00000| Untracked 
| 109|0x0000000086d00000, 0x0000000086e00000, 0x0000000086e00000|100%| O|  |TAMS 0x0000000086d00000, 0x0000000086d00000| Untracked 
| 110|0x0000000086e00000, 0x0000000086f00000, 0x0000000086f00000|100%| O|  |TAMS 0x0000000086e00000, 0x0000000086e00000| Untracked 
| 111|0x0000000086f00000, 0x0000000087000000, 0x0000000087000000|100%| O|  |TAMS 0x0000000086f00000, 0x0000000086f00000| Untracked 
| 112|0x0000000087000000, 0x0000000087100000, 0x0000000087100000|100%| O|  |TAMS 0x0000000087000000, 0x0000000087000000| Untracked 
| 113|0x0000000087100000, 0x0000000087200000, 0x0000000087200000|100%| O|  |TAMS 0x0000000087100000, 0x0000000087100000| Untracked 
| 114|0x0000000087200000, 0x0000000087300000, 0x0000000087300000|100%| O|  |TAMS 0x0000000087200000, 0x0000000087200000| Untracked 
| 115|0x0000000087300000, 0x0000000087400000, 0x0000000087400000|100%| O|  |TAMS 0x0000000087300000, 0x0000000087300000| Untracked 
| 116|0x0000000087400000, 0x0000000087500000, 0x0000000087500000|100%| O|  |TAMS 0x0000000087400000, 0x0000000087400000| Untracked 
| 117|0x0000000087500000, 0x0000000087600000, 0x0000000087600000|100%| O|  |TAMS 0x0000000087500000, 0x0000000087500000| Untracked 
| 118|0x0000000087600000, 0x0000000087700000, 0x0000000087700000|100%| O|  |TAMS 0x0000000087600000, 0x0000000087600000| Untracked 
| 119|0x0000000087700000, 0x0000000087800000, 0x0000000087800000|100%| O|  |TAMS 0x0000000087700000, 0x0000000087700000| Untracked 
| 120|0x0000000087800000, 0x0000000087900000, 0x0000000087900000|100%| O|  |TAMS 0x0000000087800000, 0x0000000087800000| Untracked 
| 121|0x0000000087900000, 0x0000000087a00000, 0x0000000087a00000|100%| O|  |TAMS 0x0000000087900000, 0x0000000087900000| Untracked 
| 122|0x0000000087a00000, 0x0000000087b00000, 0x0000000087b00000|100%| O|  |TAMS 0x0000000087a00000, 0x0000000087a00000| Untracked 
| 123|0x0000000087b00000, 0x0000000087c00000, 0x0000000087c00000|100%| O|  |TAMS 0x0000000087b00000, 0x0000000087b00000| Untracked 
| 124|0x0000000087c00000, 0x0000000087d00000, 0x0000000087d00000|100%| O|  |TAMS 0x0000000087c00000, 0x0000000087c00000| Untracked 
| 125|0x0000000087d00000, 0x0000000087e00000, 0x0000000087e00000|100%| O|  |TAMS 0x0000000087d00000, 0x0000000087d00000| Untracked 
| 126|0x0000000087e00000, 0x0000000087f00000, 0x0000000087f00000|100%| O|  |TAMS 0x0000000087e00000, 0x0000000087e00000| Untracked 
| 127|0x0000000087f00000, 0x0000000088000000, 0x0000000088000000|100%| O|  |TAMS 0x0000000087f00000, 0x0000000087f00000| Untracked 
| 128|0x0000000088000000, 0x0000000088100000, 0x0000000088100000|100%| O|  |TAMS 0x0000000088000000, 0x0000000088000000| Untracked 
| 129|0x0000000088100000, 0x0000000088200000, 0x0000000088200000|100%| O|  |TAMS 0x0000000088100000, 0x0000000088100000| Untracked 
| 130|0x0000000088200000, 0x0000000088300000, 0x0000000088300000|100%| O|  |TAMS 0x0000000088200000, 0x0000000088200000| Untracked 
| 131|0x0000000088300000, 0x0000000088400000, 0x0000000088400000|100%| O|  |TAMS 0x0000000088300000, 0x0000000088300000| Untracked 
| 132|0x0000000088400000, 0x0000000088500000, 0x0000000088500000|100%| O|  |TAMS 0x0000000088400000, 0x0000000088400000| Untracked 
| 133|0x0000000088500000, 0x0000000088600000, 0x0000000088600000|100%| O|  |TAMS 0x0000000088500000, 0x0000000088500000| Untracked 
| 134|0x0000000088600000, 0x0000000088700000, 0x0000000088700000|100%| O|  |TAMS 0x0000000088600000, 0x0000000088600000| Untracked 
| 135|0x0000000088700000, 0x0000000088800000, 0x0000000088800000|100%| O|  |TAMS 0x0000000088700000, 0x0000000088700000| Untracked 
| 136|0x0000000088800000, 0x0000000088900000, 0x0000000088900000|100%| O|  |TAMS 0x0000000088800000, 0x0000000088800000| Untracked 
| 137|0x0000000088900000, 0x0000000088a00000, 0x0000000088a00000|100%| O|  |TAMS 0x0000000088900000, 0x0000000088900000| Untracked 
| 138|0x0000000088a00000, 0x0000000088b00000, 0x0000000088b00000|100%| O|  |TAMS 0x0000000088a00000, 0x0000000088a00000| Untracked 
| 139|0x0000000088b00000, 0x0000000088c00000, 0x0000000088c00000|100%| O|  |TAMS 0x0000000088b00000, 0x0000000088b00000| Untracked 
| 140|0x0000000088c00000, 0x0000000088d00000, 0x0000000088d00000|100%| O|  |TAMS 0x0000000088c00000, 0x0000000088c00000| Untracked 
| 141|0x0000000088d00000, 0x0000000088e00000, 0x0000000088e00000|100%| O|  |TAMS 0x0000000088d00000, 0x0000000088d00000| Untracked 
| 142|0x0000000088e00000, 0x0000000088f00000, 0x0000000088f00000|100%| O|  |TAMS 0x0000000088e00000, 0x0000000088e00000| Untracked 
| 143|0x0000000088f00000, 0x0000000089000000, 0x0000000089000000|100%| O|  |TAMS 0x0000000088f00000, 0x0000000088f00000| Untracked 
| 144|0x0000000089000000, 0x0000000089100000, 0x0000000089100000|100%| O|  |TAMS 0x0000000089000000, 0x0000000089000000| Untracked 
| 145|0x0000000089100000, 0x0000000089200000, 0x0000000089200000|100%| O|  |TAMS 0x0000000089100000, 0x0000000089100000| Untracked 
| 146|0x0000000089200000, 0x0000000089300000, 0x0000000089300000|100%| O|  |TAMS 0x0000000089200000, 0x0000000089200000| Untracked 
| 147|0x0000000089300000, 0x0000000089400000, 0x0000000089400000|100%| O|  |TAMS 0x0000000089300000, 0x0000000089300000| Untracked 
| 148|0x0000000089400000, 0x0000000089500000, 0x0000000089500000|100%| O|  |TAMS 0x0000000089400000, 0x0000000089400000| Untracked 
| 149|0x0000000089500000, 0x0000000089600000, 0x0000000089600000|100%| O|  |TAMS 0x0000000089500000, 0x0000000089500000| Untracked 
| 150|0x0000000089600000, 0x0000000089700000, 0x0000000089700000|100%| O|  |TAMS 0x0000000089600000, 0x0000000089600000| Untracked 
| 151|0x0000000089700000, 0x0000000089800000, 0x0000000089800000|100%| O|  |TAMS 0x0000000089700000, 0x0000000089700000| Untracked 
| 152|0x0000000089800000, 0x0000000089900000, 0x0000000089900000|100%| O|  |TAMS 0x0000000089800000, 0x0000000089800000| Untracked 
| 153|0x0000000089900000, 0x0000000089a00000, 0x0000000089a00000|100%| O|  |TAMS 0x0000000089900000, 0x0000000089900000| Untracked 
| 154|0x0000000089a00000, 0x0000000089b00000, 0x0000000089b00000|100%| O|  |TAMS 0x0000000089a00000, 0x0000000089a00000| Untracked 
| 155|0x0000000089b00000, 0x0000000089c00000, 0x0000000089c00000|100%| O|  |TAMS 0x0000000089b00000, 0x0000000089b00000| Untracked 
| 156|0x0000000089c00000, 0x0000000089d00000, 0x0000000089d00000|100%| O|  |TAMS 0x0000000089c00000, 0x0000000089c00000| Untracked 
| 157|0x0000000089d00000, 0x0000000089e00000, 0x0000000089e00000|100%| O|  |TAMS 0x0000000089d00000, 0x0000000089d00000| Untracked 
| 158|0x0000000089e00000, 0x0000000089f00000, 0x0000000089f00000|100%| O|  |TAMS 0x0000000089e00000, 0x0000000089e00000| Untracked 
| 159|0x0000000089f00000, 0x000000008a000000, 0x000000008a000000|100%| O|  |TAMS 0x0000000089f00000, 0x0000000089f00000| Untracked 
| 160|0x000000008a000000, 0x000000008a100000, 0x000000008a100000|100%| O|  |TAMS 0x000000008a000000, 0x000000008a000000| Untracked 
| 161|0x000000008a100000, 0x000000008a200000, 0x000000008a200000|100%| O|  |TAMS 0x000000008a100000, 0x000000008a100000| Untracked 
| 162|0x000000008a200000, 0x000000008a300000, 0x000000008a300000|100%| O|  |TAMS 0x000000008a200000, 0x000000008a200000| Untracked 
| 163|0x000000008a300000, 0x000000008a400000, 0x000000008a400000|100%| O|  |TAMS 0x000000008a300000, 0x000000008a300000| Untracked 
| 164|0x000000008a400000, 0x000000008a500000, 0x000000008a500000|100%| O|  |TAMS 0x000000008a400000, 0x000000008a400000| Untracked 
| 165|0x000000008a500000, 0x000000008a600000, 0x000000008a600000|100%| O|  |TAMS 0x000000008a500000, 0x000000008a500000| Untracked 
| 166|0x000000008a600000, 0x000000008a700000, 0x000000008a700000|100%| O|  |TAMS 0x000000008a600000, 0x000000008a600000| Untracked 
| 167|0x000000008a700000, 0x000000008a800000, 0x000000008a800000|100%| O|  |TAMS 0x000000008a700000, 0x000000008a700000| Untracked 
| 168|0x000000008a800000, 0x000000008a900000, 0x000000008a900000|100%| O|  |TAMS 0x000000008a800000, 0x000000008a800000| Untracked 
| 169|0x000000008a900000, 0x000000008aa00000, 0x000000008aa00000|100%| O|  |TAMS 0x000000008a900000, 0x000000008a900000| Untracked 
| 170|0x000000008aa00000, 0x000000008ab00000, 0x000000008ab00000|100%| O|  |TAMS 0x000000008aa00000, 0x000000008aa00000| Untracked 
| 171|0x000000008ab00000, 0x000000008ac00000, 0x000000008ac00000|100%| O|  |TAMS 0x000000008ab00000, 0x000000008ab00000| Untracked 
| 172|0x000000008ac00000, 0x000000008ad00000, 0x000000008ad00000|100%| O|  |TAMS 0x000000008ac00000, 0x000000008ac00000| Untracked 
| 173|0x000000008ad00000, 0x000000008ae00000, 0x000000008ae00000|100%| O|  |TAMS 0x000000008ad00000, 0x000000008ad00000| Untracked 
| 174|0x000000008ae00000, 0x000000008af00000, 0x000000008af00000|100%| O|  |TAMS 0x000000008ae00000, 0x000000008ae00000| Untracked 
| 175|0x000000008af00000, 0x000000008b000000, 0x000000008b000000|100%| O|  |TAMS 0x000000008af00000, 0x000000008af00000| Untracked 
| 176|0x000000008b000000, 0x000000008b100000, 0x000000008b100000|100%| O|  |TAMS 0x000000008b000000, 0x000000008b000000| Untracked 
| 177|0x000000008b100000, 0x000000008b200000, 0x000000008b200000|100%| O|  |TAMS 0x000000008b100000, 0x000000008b100000| Untracked 
| 178|0x000000008b200000, 0x000000008b300000, 0x000000008b300000|100%| O|  |TAMS 0x000000008b200000, 0x000000008b200000| Untracked 
| 179|0x000000008b300000, 0x000000008b400000, 0x000000008b400000|100%| O|  |TAMS 0x000000008b300000, 0x000000008b300000| Untracked 
| 180|0x000000008b400000, 0x000000008b500000, 0x000000008b500000|100%|HS|  |TAMS 0x000000008b400000, 0x000000008b400000| Complete 
| 181|0x000000008b500000, 0x000000008b500000, 0x000000008b600000|  0%| F|  |TAMS 0x000000008b500000, 0x000000008b500000| Untracked 
| 182|0x000000008b600000, 0x000000008b600000, 0x000000008b700000|  0%| F|  |TAMS 0x000000008b600000, 0x000000008b600000| Untracked 
| 183|0x000000008b700000, 0x000000008b700000, 0x000000008b800000|  0%| F|  |TAMS 0x000000008b700000, 0x000000008b700000| Untracked 
| 184|0x000000008b800000, 0x000000008b900000, 0x000000008b900000|100%| O|  |TAMS 0x000000008b800000, 0x000000008b800000| Untracked 
| 185|0x000000008b900000, 0x000000008ba00000, 0x000000008ba00000|100%| O|  |TAMS 0x000000008b900000, 0x000000008b900000| Untracked 
| 186|0x000000008ba00000, 0x000000008bb00000, 0x000000008bb00000|100%| O|  |TAMS 0x000000008ba00000, 0x000000008ba00000| Untracked 
| 187|0x000000008bb00000, 0x000000008bb04200, 0x000000008bc00000|  1%| O|  |TAMS 0x000000008bb00000, 0x000000008bb00000| Untracked 
| 188|0x000000008bc00000, 0x000000008bc00000, 0x000000008bd00000|  0%| F|  |TAMS 0x000000008bc00000, 0x000000008bc00000| Untracked 
| 189|0x000000008bd00000, 0x000000008bd00000, 0x000000008be00000|  0%| F|  |TAMS 0x000000008bd00000, 0x000000008bd00000| Untracked 
| 190|0x000000008be00000, 0x000000008be00000, 0x000000008bf00000|  0%| F|  |TAMS 0x000000008be00000, 0x000000008be00000| Untracked 
| 191|0x000000008bf00000, 0x000000008bf00000, 0x000000008c000000|  0%| F|  |TAMS 0x000000008bf00000, 0x000000008bf00000| Untracked 
| 192|0x000000008c000000, 0x000000008c000000, 0x000000008c100000|  0%| F|  |TAMS 0x000000008c000000, 0x000000008c000000| Untracked 
| 193|0x000000008c100000, 0x000000008c100000, 0x000000008c200000|  0%| F|  |TAMS 0x000000008c100000, 0x000000008c100000| Untracked 
| 194|0x000000008c200000, 0x000000008c200000, 0x000000008c300000|  0%| F|  |TAMS 0x000000008c200000, 0x000000008c200000| Untracked 
| 195|0x000000008c300000, 0x000000008c300000, 0x000000008c400000|  0%| F|  |TAMS 0x000000008c300000, 0x000000008c300000| Untracked 
| 196|0x000000008c400000, 0x000000008c400000, 0x000000008c500000|  0%| F|  |TAMS 0x000000008c400000, 0x000000008c400000| Untracked 
| 197|0x000000008c500000, 0x000000008c500000, 0x000000008c600000|  0%| F|  |TAMS 0x000000008c500000, 0x000000008c500000| Untracked 
| 198|0x000000008c600000, 0x000000008c600000, 0x000000008c700000|  0%| F|  |TAMS 0x000000008c600000, 0x000000008c600000| Untracked 
| 199|0x000000008c700000, 0x000000008c700000, 0x000000008c800000|  0%| F|  |TAMS 0x000000008c700000, 0x000000008c700000| Untracked 
| 200|0x000000008c800000, 0x000000008c800000, 0x000000008c900000|  0%| F|  |TAMS 0x000000008c800000, 0x000000008c800000| Untracked 
| 201|0x000000008c900000, 0x000000008c900000, 0x000000008ca00000|  0%| F|  |TAMS 0x000000008c900000, 0x000000008c900000| Untracked 
| 202|0x000000008ca00000, 0x000000008ca00000, 0x000000008cb00000|  0%| F|  |TAMS 0x000000008ca00000, 0x000000008ca00000| Untracked 
| 203|0x000000008cb00000, 0x000000008cb00000, 0x000000008cc00000|  0%| F|  |TAMS 0x000000008cb00000, 0x000000008cb00000| Untracked 
| 204|0x000000008cc00000, 0x000000008cc00000, 0x000000008cd00000|  0%| F|  |TAMS 0x000000008cc00000, 0x000000008cc00000| Untracked 
| 205|0x000000008cd00000, 0x000000008cd00000, 0x000000008ce00000|  0%| F|  |TAMS 0x000000008cd00000, 0x000000008cd00000| Untracked 
| 206|0x000000008ce00000, 0x000000008ce00000, 0x000000008cf00000|  0%| F|  |TAMS 0x000000008ce00000, 0x000000008ce00000| Untracked 
| 207|0x000000008cf00000, 0x000000008cf00000, 0x000000008d000000|  0%| F|  |TAMS 0x000000008cf00000, 0x000000008cf00000| Untracked 
| 208|0x000000008d000000, 0x000000008d000000, 0x000000008d100000|  0%| F|  |TAMS 0x000000008d000000, 0x000000008d000000| Untracked 
| 209|0x000000008d100000, 0x000000008d200000, 0x000000008d200000|100%| S|CS|TAMS 0x000000008d100000, 0x000000008d100000| Complete 
| 210|0x000000008d200000, 0x000000008d300000, 0x000000008d300000|100%| S|CS|TAMS 0x000000008d200000, 0x000000008d200000| Complete 
| 211|0x000000008d300000, 0x000000008d300000, 0x000000008d400000|  0%| F|  |TAMS 0x000000008d300000, 0x000000008d300000| Untracked 
| 212|0x000000008d400000, 0x000000008d400000, 0x000000008d500000|  0%| F|  |TAMS 0x000000008d400000, 0x000000008d400000| Untracked 
| 213|0x000000008d500000, 0x000000008d500000, 0x000000008d600000|  0%| F|  |TAMS 0x000000008d500000, 0x000000008d500000| Untracked 
| 214|0x000000008d600000, 0x000000008d600000, 0x000000008d700000|  0%| F|  |TAMS 0x000000008d600000, 0x000000008d600000| Untracked 
| 215|0x000000008d700000, 0x000000008d700000, 0x000000008d800000|  0%| F|  |TAMS 0x000000008d700000, 0x000000008d700000| Untracked 
| 216|0x000000008d800000, 0x000000008d800000, 0x000000008d900000|  0%| F|  |TAMS 0x000000008d800000, 0x000000008d800000| Untracked 
| 217|0x000000008d900000, 0x000000008d900000, 0x000000008da00000|  0%| F|  |TAMS 0x000000008d900000, 0x000000008d900000| Untracked 
| 218|0x000000008da00000, 0x000000008da00000, 0x000000008db00000|  0%| F|  |TAMS 0x000000008da00000, 0x000000008da00000| Untracked 
| 219|0x000000008db00000, 0x000000008db00000, 0x000000008dc00000|  0%| F|  |TAMS 0x000000008db00000, 0x000000008db00000| Untracked 
| 253|0x000000008fd00000, 0x000000008fd00000, 0x000000008fe00000|  0%| F|  |TAMS 0x000000008fd00000, 0x000000008fd00000| Untracked 

Card table byte_map: [0x0000022855690000,0x0000022855a90000] _byte_map_base: 0x0000022855290000

Marking Bits (Prev, Next): (CMBitMap*) 0x0000022842e2d830, (CMBitMap*) 0x0000022842e2d7f0
 Prev Bits: [0x0000022857e90000, 0x0000022859e90000)
 Next Bits: [0x0000022855e90000, 0x0000022857e90000)

Polling page: 0x0000022840d30000

Metaspace:

Usage:
  Non-class:     94.03 MB used.
      Class:     14.30 MB used.
       Both:    108.33 MB used.

Virtual space:
  Non-class space:       96.00 MB reserved,      94.50 MB ( 98%) committed,  12 nodes.
      Class space:        1.00 GB reserved,      14.69 MB (  1%) committed,  1 nodes.
             Both:        1.09 GB reserved,     109.19 MB ( 10%) committed. 

Chunk freelists:
   Non-Class:  1.48 MB
       Class:  1.17 MB
        Both:  2.66 MB

MaxMetaspaceSize: unlimited
CompressedClassSpaceSize: 1.00 GB
Initial GC threshold: 21.00 MB
Current GC threshold: 127.94 MB
CDS: off
MetaspaceReclaimPolicy: balanced
 - commit_granule_bytes: 65536.
 - commit_granule_words: 8192.
 - virtual_space_node_default_size: 1048576.
 - enlarge_chunks_in_place: 1.
 - new_chunks_are_fully_committed: 0.
 - uncommit_free_chunks: 1.
 - use_allocation_guard: 0.
 - handle_deallocations: 1.


Internal statistics:

num_allocs_failed_limit: 9.
num_arena_births: 1082.
num_arena_deaths: 0.
num_vsnodes_births: 13.
num_vsnodes_deaths: 0.
num_space_committed: 1746.
num_space_uncommitted: 0.
num_chunks_returned_to_freelist: 9.
num_chunks_taken_from_freelist: 5220.
num_chunk_merges: 9.
num_chunk_splits: 3480.
num_chunks_enlarged: 2317.
num_purges: 0.
num_inconsistent_stats: 0.

CodeHeap 'non-profiled nmethods': size=120000Kb used=9135Kb max_used=9800Kb free=110864Kb
 bounds [0x000002284dd60000, 0x000002284e700000, 0x0000022855290000]
CodeHeap 'profiled nmethods': size=120000Kb used=25150Kb max_used=27240Kb free=94849Kb
 bounds [0x0000022846290000, 0x0000022847d40000, 0x000002284d7c0000]
CodeHeap 'non-nmethods': size=5760Kb used=2417Kb max_used=2559Kb free=3342Kb
 bounds [0x000002284d7c0000, 0x000002284da50000, 0x000002284dd60000]
 total_blobs=13951 nmethods=13001 adapters=859
 compilation: enabled
              stopped_count=0, restarted_count=0
 full_count=0

Compilation events (20 events):
Event: 35.176 Thread 0x000002285cc97f70 16161       1       com.sun.tools.javac.util.AbstractLog::currentSource (5 bytes)
Event: 35.176 Thread 0x000002285cc97f70 nmethod 16161 0x000002284e2cc290 code [0x000002284e2cc420, 0x000002284e2cc4f8]
Event: 35.179 Thread 0x000002285cc97f70 16163       1       com.sun.tools.javac.tree.JCTree$JCCompilationUnit::getSourceFile (5 bytes)
Event: 35.179 Thread 0x000002285cc97f70 nmethod 16163 0x000002284e519910 code [0x000002284e519aa0, 0x000002284e519b78]
Event: 35.179 Thread 0x000002285cc97f70 16164       1       com.sun.source.util.TaskEvent::getSourceFile (5 bytes)
Event: 35.179 Thread 0x000002285cc97f70 nmethod 16164 0x000002284e339290 code [0x000002284e339420, 0x000002284e3394f8]
Event: 35.179 Thread 0x000002285cc97f70 16165   !   2       com.sun.tools.javac.api.ClientCodeWrapper$WrappedTaskListener::finished (27 bytes)
Event: 35.180 Thread 0x000002285cc97f70 nmethod 16165 0x000002284656bd90 code [0x000002284656bf40, 0x000002284656c158]
Event: 35.184 Thread 0x000002285cc8a700 nmethod 16093 0x000002284e4a0c90 code [0x000002284e4a16a0, 0x000002284e4a89a0]
Event: 35.185 Thread 0x000002285cc8a700 16135       4       com.sun.tools.javac.util.Name$Table::equals (44 bytes)
Event: 35.186 Thread 0x000002285cc97f70 16166       2       com.sun.tools.javac.parser.JavacParser::term3 (2724 bytes)
Event: 35.189 Thread 0x000002285cc8a700 nmethod 16135 0x000002284e6d5290 code [0x000002284e6d5400, 0x000002284e6d5678]
Event: 35.189 Thread 0x000002285cc8a700 16130   !   4       com.sun.tools.javac.parser.JavaTokenizer::readToken (1731 bytes)
Event: 35.197 Thread 0x000002285cc97f70 nmethod 16166 0x00000228479a0310 code [0x00000228479a12c0, 0x00000228479a71c8]
Event: 35.209 Thread 0x000002285cc97f70 16167       2       java.util.Arrays::copyOfRange (64 bytes)
Event: 35.209 Thread 0x000002285cc97f70 nmethod 16167 0x0000022846325c10 code [0x0000022846325e20, 0x0000022846326278]
Event: 35.209 Thread 0x000002285cc97f70 16168       2       com.sun.tools.javac.parser.JavadocTokenizer$JavadocComment::<init> (37 bytes)
Event: 35.209 Thread 0x000002285cc97f70 nmethod 16168 0x0000022846424d10 code [0x0000022846424ee0, 0x0000022846425378]
Event: 35.227 Thread 0x000002285cc97f70 16170       2       com.sun.tools.javac.util.ListBuffer::add (8 bytes)
Event: 35.228 Thread 0x000002285cc97f70 nmethod 16170 0x00000228465aa590 code [0x00000228465aa720, 0x00000228465aa848]

GC Heap History (20 events):
Event: 25.974 GC heap after
{Heap after GC invocations=40 (full 0):
 garbage-first heap   total 226304K, used 150714K [0x0000000080000000, 0x0000000100000000)
  region size 1024K, 3 young (3072K), 3 survivors (3072K)
 Metaspace       used 102227K, committed 103040K, reserved 1138688K
  class space    used 13591K, committed 13952K, reserved 1048576K
}
Event: 26.257 GC heap before
{Heap before GC invocations=40 (full 0):
 garbage-first heap   total 226304K, used 188602K [0x0000000080000000, 0x0000000100000000)
  region size 1024K, 41 young (41984K), 3 survivors (3072K)
 Metaspace       used 102609K, committed 103296K, reserved 1138688K
  class space    used 13640K, committed 13952K, reserved 1048576K
}
Event: 26.260 GC heap after
{Heap after GC invocations=41 (full 0):
 garbage-first heap   total 226304K, used 150639K [0x0000000080000000, 0x0000000100000000)
  region size 1024K, 3 young (3072K), 3 survivors (3072K)
 Metaspace       used 102609K, committed 103296K, reserved 1138688K
  class space    used 13640K, committed 13952K, reserved 1048576K
}
Event: 26.603 GC heap before
{Heap before GC invocations=41 (full 0):
 garbage-first heap   total 226304K, used 190575K [0x0000000080000000, 0x0000000100000000)
  region size 1024K, 43 young (44032K), 3 survivors (3072K)
 Metaspace       used 103770K, committed 104448K, reserved 1146880K
  class space    used 13763K, committed 14080K, reserved 1048576K
}
Event: 26.621 GC heap after
{Heap after GC invocations=42 (full 0):
 garbage-first heap   total 226304K, used 159357K [0x0000000080000000, 0x0000000100000000)
  region size 1024K, 6 young (6144K), 6 survivors (6144K)
 Metaspace       used 103770K, committed 104448K, reserved 1146880K
  class space    used 13763K, committed 14080K, reserved 1048576K
}
Event: 26.843 GC heap before
{Heap before GC invocations=42 (full 0):
 garbage-first heap   total 226304K, used 189053K [0x0000000080000000, 0x0000000100000000)
  region size 1024K, 36 young (36864K), 6 survivors (6144K)
 Metaspace       used 103894K, committed 104640K, reserved 1146880K
  class space    used 13776K, committed 14080K, reserved 1048576K
}
Event: 26.854 GC heap after
{Heap after GC invocations=43 (full 0):
 garbage-first heap   total 226304K, used 164604K [0x0000000080000000, 0x0000000100000000)
  region size 1024K, 5 young (5120K), 5 survivors (5120K)
 Metaspace       used 103894K, committed 104640K, reserved 1146880K
  class space    used 13776K, committed 14080K, reserved 1048576K
}
Event: 31.136 GC heap before
{Heap before GC invocations=43 (full 0):
 garbage-first heap   total 226304K, used 191228K [0x0000000080000000, 0x0000000100000000)
  region size 1024K, 31 young (31744K), 5 survivors (5120K)
 Metaspace       used 104051K, committed 104832K, reserved 1146880K
  class space    used 13796K, committed 14144K, reserved 1048576K
}
Event: 31.144 GC heap after
{Heap after GC invocations=44 (full 0):
 garbage-first heap   total 226304K, used 170255K [0x0000000080000000, 0x0000000100000000)
  region size 1024K, 4 young (4096K), 4 survivors (4096K)
 Metaspace       used 104051K, committed 104832K, reserved 1146880K
  class space    used 13796K, committed 14144K, reserved 1048576K
}
Event: 34.274 GC heap before
{Heap before GC invocations=44 (full 0):
 garbage-first heap   total 226304K, used 189711K [0x0000000080000000, 0x0000000100000000)
  region size 1024K, 24 young (24576K), 4 survivors (4096K)
 Metaspace       used 105564K, committed 106304K, reserved 1146880K
  class space    used 14001K, committed 14336K, reserved 1048576K
}
Event: 34.281 GC heap after
{Heap after GC invocations=45 (full 0):
 garbage-first heap   total 226304K, used 172819K [0x0000000080000000, 0x0000000100000000)
  region size 1024K, 3 young (3072K), 3 survivors (3072K)
 Metaspace       used 105564K, committed 106304K, reserved 1146880K
  class space    used 14001K, committed 14336K, reserved 1048576K
}
Event: 34.593 GC heap before
{Heap before GC invocations=45 (full 0):
 garbage-first heap   total 226304K, used 191251K [0x0000000080000000, 0x0000000100000000)
  region size 1024K, 22 young (22528K), 3 survivors (3072K)
 Metaspace       used 110071K, committed 110848K, reserved 1146880K
  class space    used 14593K, committed 14976K, reserved 1048576K
}
Event: 34.596 GC heap after
{Heap after GC invocations=46 (full 0):
 garbage-first heap   total 226304K, used 174157K [0x0000000080000000, 0x0000000100000000)
  region size 1024K, 2 young (2048K), 2 survivors (2048K)
 Metaspace       used 110071K, committed 110848K, reserved 1146880K
  class space    used 14593K, committed 14976K, reserved 1048576K
}
Event: 34.891 GC heap before
{Heap before GC invocations=46 (full 0):
 garbage-first heap   total 226304K, used 192589K [0x0000000080000000, 0x0000000100000000)
  region size 1024K, 21 young (21504K), 2 survivors (2048K)
 Metaspace       used 110877K, committed 111744K, reserved 1146880K
  class space    used 14633K, committed 15040K, reserved 1048576K
}
Event: 34.896 GC heap after
{Heap after GC invocations=47 (full 0):
 garbage-first heap   total 226304K, used 179196K [0x0000000080000000, 0x0000000100000000)
  region size 1024K, 3 young (3072K), 3 survivors (3072K)
 Metaspace       used 110877K, committed 111744K, reserved 1146880K
  class space    used 14633K, committed 15040K, reserved 1048576K
}
Event: 35.080 GC heap before
{Heap before GC invocations=47 (full 0):
 garbage-first heap   total 226304K, used 195580K [0x0000000080000000, 0x0000000100000000)
  region size 1024K, 19 young (19456K), 3 survivors (3072K)
 Metaspace       used 110919K, committed 111744K, reserved 1146880K
  class space    used 14641K, committed 15040K, reserved 1048576K
}
Event: 35.086 GC heap after
{Heap after GC invocations=48 (full 0):
 garbage-first heap   total 226304K, used 183276K [0x0000000080000000, 0x0000000100000000)
  region size 1024K, 3 young (3072K), 3 survivors (3072K)
 Metaspace       used 110919K, committed 111744K, reserved 1146880K
  class space    used 14641K, committed 15040K, reserved 1048576K
}
Event: 35.154 GC heap before
{Heap before GC invocations=48 (full 0):
 garbage-first heap   total 226304K, used 194540K [0x0000000080000000, 0x0000000100000000)
  region size 1024K, 15 young (15360K), 3 survivors (3072K)
 Metaspace       used 110925K, committed 111808K, reserved 1146880K
  class space    used 14641K, committed 15040K, reserved 1048576K
}
Event: 35.159 GC heap after
{Heap after GC invocations=49 (full 0):
 garbage-first heap   total 226304K, used 186335K [0x0000000080000000, 0x0000000100000000)
  region size 1024K, 2 young (2048K), 2 survivors (2048K)
 Metaspace       used 110925K, committed 111808K, reserved 1146880K
  class space    used 14641K, committed 15040K, reserved 1048576K
}
Event: 35.259 GC heap before
{Heap before GC invocations=49 (full 0):
 garbage-first heap   total 226304K, used 199647K [0x0000000080000000, 0x0000000100000000)
  region size 1024K, 12 young (12288K), 2 survivors (2048K)
 Metaspace       used 110929K, committed 111808K, reserved 1146880K
  class space    used 14641K, committed 15040K, reserved 1048576K
}

Dll operation events (2 events):
Event: 0.008 Loaded shared library C:\Program Files\Android\Android Studio2\jbr\bin\java.dll
Event: 0.448 Loaded shared library C:\Program Files\Android\Android Studio2\jbr\bin\verify.dll

Deoptimization events (20 events):
Event: 35.003 Thread 0x0000022865f5b6a0 Uncommon trap: trap_request=0xffffff45 fr.pc=0x000002284e6cc408 relative=0x0000000000000208
Event: 35.003 Thread 0x0000022865f5b6a0 Uncommon trap: reason=unstable_if action=reinterpret pc=0x000002284e6cc408 method=com.sun.tools.javac.util.Name$Table.equals([BI[BII)Z @ 22 c2
Event: 35.003 Thread 0x0000022865f5b6a0 DEOPT PACKING pc=0x000002284e6cc408 sp=0x0000005ba75f5bf0
Event: 35.003 Thread 0x0000022865f5b6a0 DEOPT UNPACKING pc=0x000002284d8169a3 sp=0x0000005ba75f5b68 mode 2
Event: 35.005 Thread 0x0000022865f5b6a0 Uncommon trap: trap_request=0xffffff45 fr.pc=0x000002284e6f14d8 relative=0x0000000000000b38
Event: 35.005 Thread 0x0000022865f5b6a0 Uncommon trap: reason=unstable_if action=reinterpret pc=0x000002284e6f14d8 method=com.sun.tools.javac.parser.JavaTokenizer.scanLitChar(I)V @ 18 c2
Event: 35.006 Thread 0x0000022865f5b6a0 DEOPT PACKING pc=0x000002284e6f14d8 sp=0x0000005ba75f62a0
Event: 35.007 Thread 0x0000022865f5b6a0 DEOPT UNPACKING pc=0x000002284d8169a3 sp=0x0000005ba75f6298 mode 2
Event: 35.007 Thread 0x0000022865f5b6a0 Uncommon trap: trap_request=0xffffff45 fr.pc=0x000002284e6c8af8 relative=0x0000000000000538
Event: 35.009 Thread 0x0000022865f5b6a0 Uncommon trap: reason=unstable_if action=reinterpret pc=0x000002284e6c8af8 method=com.sun.tools.javac.parser.UnicodeReader.nextUnicodeInputCharacter()V @ 28 c2
Event: 35.009 Thread 0x0000022865f5b6a0 DEOPT PACKING pc=0x000002284e6c8af8 sp=0x0000005ba75f6230
Event: 35.009 Thread 0x0000022865f5b6a0 DEOPT UNPACKING pc=0x000002284d8169a3 sp=0x0000005ba75f60d8 mode 2
Event: 35.018 Thread 0x0000022865f5b6a0 Uncommon trap: trap_request=0xffffff45 fr.pc=0x000002284e6d4fd8 relative=0x0000000000000138
Event: 35.018 Thread 0x0000022865f5b6a0 Uncommon trap: reason=unstable_if action=reinterpret pc=0x000002284e6d4fd8 method=com.sun.tools.javac.parser.UnicodeReader.isASCII()Z @ 6 c2
Event: 35.018 Thread 0x0000022865f5b6a0 DEOPT PACKING pc=0x000002284e6d4fd8 sp=0x0000005ba75f6200
Event: 35.018 Thread 0x0000022865f5b6a0 DEOPT UNPACKING pc=0x000002284d8169a3 sp=0x0000005ba75f60d8 mode 2
Event: 35.186 Thread 0x0000022865f5b6a0 Uncommon trap: trap_request=0xffffff45 fr.pc=0x000002284e4a617c relative=0x0000000000004adc
Event: 35.186 Thread 0x0000022865f5b6a0 Uncommon trap: reason=unstable_if action=reinterpret pc=0x000002284e4a617c method=com.sun.tools.javac.parser.JavacParser.term3()Lcom/sun/tools/javac/tree/JCTree$JCExpression; @ 1716 c2
Event: 35.186 Thread 0x0000022865f5b6a0 DEOPT PACKING pc=0x000002284e4a617c sp=0x0000005ba75f74d0
Event: 35.186 Thread 0x0000022865f5b6a0 DEOPT UNPACKING pc=0x000002284d8169a3 sp=0x0000005ba75f7478 mode 2

Classes unloaded (0 events):
No events

Classes redefined (0 events):
No events

Internal exceptions (20 events):
Event: 33.503 Thread 0x0000022865f5b6a0 Exception <a 'sun/nio/fs/WindowsException'{0x000000008d4781a8}> (0x000000008d4781a8) 
thrown [s\src\hotspot\share\prims\jni.cpp, line 517]
Event: 33.509 Thread 0x0000022865f5b6a0 Exception <a 'sun/nio/fs/WindowsException'{0x000000008d478ff8}> (0x000000008d478ff8) 
thrown [s\src\hotspot\share\prims\jni.cpp, line 517]
Event: 33.514 Thread 0x0000022865f5b6a0 Exception <a 'sun/nio/fs/WindowsException'{0x000000008d479e38}> (0x000000008d479e38) 
thrown [s\src\hotspot\share\prims\jni.cpp, line 517]
Event: 33.520 Thread 0x0000022865f5b6a0 Exception <a 'sun/nio/fs/WindowsException'{0x000000008d47ac80}> (0x000000008d47ac80) 
thrown [s\src\hotspot\share\prims\jni.cpp, line 517]
Event: 33.527 Thread 0x0000022865f5b6a0 Exception <a 'sun/nio/fs/WindowsException'{0x000000008d47bb08}> (0x000000008d47bb08) 
thrown [s\src\hotspot\share\prims\jni.cpp, line 517]
Event: 33.532 Thread 0x0000022865f5b6a0 Exception <a 'sun/nio/fs/WindowsException'{0x000000008d47c970}> (0x000000008d47c970) 
thrown [s\src\hotspot\share\prims\jni.cpp, line 517]
Event: 33.537 Thread 0x0000022865f5b6a0 Exception <a 'sun/nio/fs/WindowsException'{0x000000008d47d798}> (0x000000008d47d798) 
thrown [s\src\hotspot\share\prims\jni.cpp, line 517]
Event: 33.541 Thread 0x0000022865f5b6a0 Exception <a 'sun/nio/fs/WindowsException'{0x000000008d47e610}> (0x000000008d47e610) 
thrown [s\src\hotspot\share\prims\jni.cpp, line 517]
Event: 33.550 Thread 0x0000022865f5b6a0 Exception <a 'sun/nio/fs/WindowsException'{0x000000008d47f3b0}> (0x000000008d47f3b0) 
thrown [s\src\hotspot\share\prims\jni.cpp, line 517]
Event: 33.555 Thread 0x0000022865f5b6a0 Exception <a 'sun/nio/fs/WindowsException'{0x000000008d480198}> (0x000000008d480198) 
thrown [s\src\hotspot\share\prims\jni.cpp, line 517]
Event: 33.562 Thread 0x0000022865f5b6a0 Exception <a 'sun/nio/fs/WindowsException'{0x000000008d481090}> (0x000000008d481090) 
thrown [s\src\hotspot\share\prims\jni.cpp, line 517]
Event: 33.564 Thread 0x0000022865f5b6a0 Exception <a 'sun/nio/fs/WindowsException'{0x000000008d481f10}> (0x000000008d481f10) 
thrown [s\src\hotspot\share\prims\jni.cpp, line 517]
Event: 33.566 Thread 0x0000022865f5b6a0 Exception <a 'sun/nio/fs/WindowsException'{0x000000008d482d60}> (0x000000008d482d60) 
thrown [s\src\hotspot\share\prims\jni.cpp, line 517]
Event: 33.569 Thread 0x0000022865f5b6a0 Exception <a 'sun/nio/fs/WindowsException'{0x000000008d483b50}> (0x000000008d483b50) 
thrown [s\src\hotspot\share\prims\jni.cpp, line 517]
Event: 33.570 Thread 0x0000022865f5b6a0 Exception <a 'sun/nio/fs/WindowsException'{0x000000008d4849c0}> (0x000000008d4849c0) 
thrown [s\src\hotspot\share\prims\jni.cpp, line 517]
Event: 33.572 Thread 0x0000022865f5b6a0 Exception <a 'sun/nio/fs/WindowsException'{0x000000008d485810}> (0x000000008d485810) 
thrown [s\src\hotspot\share\prims\jni.cpp, line 517]
Event: 33.574 Thread 0x0000022865f5b6a0 Exception <a 'sun/nio/fs/WindowsException'{0x000000008d486790}> (0x000000008d486790) 
thrown [s\src\hotspot\share\prims\jni.cpp, line 517]
Event: 33.577 Thread 0x0000022865f5b6a0 Exception <a 'sun/nio/fs/WindowsException'{0x000000008d487668}> (0x000000008d487668) 
thrown [s\src\hotspot\share\prims\jni.cpp, line 517]
Event: 33.578 Thread 0x0000022865f5b6a0 Exception <a 'sun/nio/fs/WindowsException'{0x000000008d488498}> (0x000000008d488498) 
thrown [s\src\hotspot\share\prims\jni.cpp, line 517]
Event: 34.333 Thread 0x0000022865f5b6a0 Exception <a 'java/lang/NoSuchMethodError'{0x000000008fde0188}: 'void java.lang.invoke.DirectMethodHandle$Holder.invokeVirtual(java.lang.Object, java.lang.Object, java.lang.Object, java.lang.Object)'> (0x000000008fde0188) 
thrown [s\src\hotspot\share\interpreter\linkResolver.cpp, line 771]

VM Operations (20 events):
Event: 33.914 Executing VM operation: HandshakeAllThreads done
Event: 34.274 Executing VM operation: G1CollectForAllocation
Event: 34.281 Executing VM operation: G1CollectForAllocation done
Event: 34.593 Executing VM operation: G1CollectForAllocation
Event: 34.596 Executing VM operation: G1CollectForAllocation done
Event: 34.687 Executing VM operation: HandshakeAllThreads
Event: 34.687 Executing VM operation: HandshakeAllThreads done
Event: 34.891 Executing VM operation: G1CollectForAllocation
Event: 34.896 Executing VM operation: G1CollectForAllocation done
Event: 35.005 Executing VM operation: HandshakeAllThreads
Event: 35.006 Executing VM operation: HandshakeAllThreads done
Event: 35.034 Executing VM operation: HandshakeAllThreads
Event: 35.034 Executing VM operation: HandshakeAllThreads done
Event: 35.079 Executing VM operation: G1CollectForAllocation
Event: 35.086 Executing VM operation: G1CollectForAllocation done
Event: 35.154 Executing VM operation: G1CollectForAllocation
Event: 35.159 Executing VM operation: G1CollectForAllocation done
Event: 35.183 Executing VM operation: HandshakeAllThreads
Event: 35.183 Executing VM operation: HandshakeAllThreads done
Event: 35.259 Executing VM operation: G1CollectForAllocation

Events (20 events):
Event: 35.203 Thread 0x000002285cca51a0 flushing nmethod 0x0000022847c13210
Event: 35.203 Thread 0x000002285cca51a0 flushing nmethod 0x0000022847c13b90
Event: 35.203 Thread 0x000002285cca51a0 flushing nmethod 0x0000022847c14b10
Event: 35.203 Thread 0x000002285cca51a0 flushing nmethod 0x0000022847c16010
Event: 35.203 Thread 0x000002285cca51a0 flushing nmethod 0x0000022847c16d90
Event: 35.203 Thread 0x000002285cca51a0 flushing nmethod 0x0000022847c17390
Event: 35.203 Thread 0x000002285cca51a0 flushing nmethod 0x0000022847c1aa90
Event: 35.203 Thread 0x000002285cca51a0 flushing nmethod 0x0000022847c1b610
Event: 35.203 Thread 0x000002285cca51a0 flushing nmethod 0x0000022847c22890
Event: 35.203 Thread 0x000002285cca51a0 flushing nmethod 0x0000022847c3f310
Event: 35.203 Thread 0x000002285cca51a0 flushing nmethod 0x0000022847c47890
Event: 35.203 Thread 0x000002285cca51a0 flushing nmethod 0x0000022847c48010
Event: 35.203 Thread 0x000002285cca51a0 flushing nmethod 0x0000022847c50990
Event: 35.203 Thread 0x000002285cca51a0 flushing nmethod 0x0000022847c53890
Event: 35.203 Thread 0x000002285cca51a0 flushing nmethod 0x0000022847c54290
Event: 35.203 Thread 0x000002285cca51a0 flushing nmethod 0x0000022847c80690
Event: 35.203 Thread 0x000002285cca51a0 flushing nmethod 0x0000022847c90690
Event: 35.203 Thread 0x000002285cca51a0 flushing nmethod 0x0000022847cc2090
Event: 35.203 Thread 0x000002285cca51a0 flushing nmethod 0x0000022847cd4c10
Event: 35.203 Thread 0x000002285cca51a0 flushing nmethod 0x0000022847cdec10


Dynamic libraries:
0x00007ff76a440000 - 0x00007ff76a44a000 	C:\Program Files\Android\Android Studio2\jbr\bin\java.exe
0x00007ffb93730000 - 0x00007ffb93928000 	C:\WINDOWS\SYSTEM32\ntdll.dll
0x00007ffb92820000 - 0x00007ffb928dd000 	C:\WINDOWS\System32\KERNEL32.DLL
0x00007ffb91100000 - 0x00007ffb913f6000 	C:\WINDOWS\System32\KERNELBASE.dll
0x000000006fe50000 - 0x000000006feff000 	C:\ProgramData\Symantec\Symantec Endpoint Protection\14.3.5413.3000.105\Data\Sysfer\x64\sysfer.dll
0x00007ffb914a0000 - 0x00007ffb915a0000 	C:\WINDOWS\System32\ucrtbase.dll
0x00007ffb44b80000 - 0x00007ffb44b97000 	C:\Program Files\Android\Android Studio2\jbr\bin\jli.dll
0x00007ffb88660000 - 0x00007ffb8867b000 	C:\Program Files\Android\Android Studio2\jbr\bin\VCRUNTIME140.dll
0x00007ffb93430000 - 0x00007ffb935ce000 	C:\WINDOWS\System32\USER32.dll
0x00007ffb844d0000 - 0x00007ffb8476a000 	C:\WINDOWS\WinSxS\amd64_microsoft.windows.common-controls_6595b64144ccf1df_6.0.19041.3636_none_60b6a03d71f818d5\COMCTL32.dll
0x00007ffb91750000 - 0x00007ffb91772000 	C:\WINDOWS\System32\win32u.dll
0x00007ffb928e0000 - 0x00007ffb9297e000 	C:\WINDOWS\System32\msvcrt.dll
0x00007ffb91920000 - 0x00007ffb9194c000 	C:\WINDOWS\System32\GDI32.dll
0x00007ffb91630000 - 0x00007ffb9174a000 	C:\WINDOWS\System32\gdi32full.dll
0x00007ffb91400000 - 0x00007ffb9149d000 	C:\WINDOWS\System32\msvcp_win.dll
0x00007ffb91dc0000 - 0x00007ffb91df0000 	C:\WINDOWS\System32\IMM32.DLL
0x00007ffb8c040000 - 0x00007ffb8c04c000 	C:\Program Files\Android\Android Studio2\jbr\bin\vcruntime140_1.dll
0x00007ffb80830000 - 0x00007ffb808bd000 	C:\Program Files\Android\Android Studio2\jbr\bin\msvcp140.dll
0x00007ffb09210000 - 0x00007ffb09e7e000 	C:\Program Files\Android\Android Studio2\jbr\bin\server\jvm.dll
0x00007ffb91780000 - 0x00007ffb91833000 	C:\WINDOWS\System32\ADVAPI32.dll
0x00007ffb92780000 - 0x00007ffb9281f000 	C:\WINDOWS\System32\sechost.dll
0x00007ffb92c70000 - 0x00007ffb92d96000 	C:\WINDOWS\System32\RPCRT4.dll
0x00007ffb910d0000 - 0x00007ffb910f7000 	C:\WINDOWS\System32\bcrypt.dll
0x00007ffb840f0000 - 0x00007ffb840f9000 	C:\WINDOWS\SYSTEM32\WSOCK32.dll
0x00007ffb92630000 - 0x00007ffb9269b000 	C:\WINDOWS\System32\WS2_32.dll
0x00007ffb82c30000 - 0x00007ffb82c57000 	C:\WINDOWS\SYSTEM32\WINMM.dll
0x00007ffb87bd0000 - 0x00007ffb87bda000 	C:\WINDOWS\SYSTEM32\VERSION.dll
0x00007ffb8f650000 - 0x00007ffb8f662000 	C:\WINDOWS\SYSTEM32\kernel.appcore.dll
0x00007ffb80f30000 - 0x00007ffb80f3a000 	C:\Program Files\Android\Android Studio2\jbr\bin\jimage.dll
0x00007ffb872b0000 - 0x00007ffb87494000 	C:\WINDOWS\SYSTEM32\DBGHELP.DLL
0x00007ffb87240000 - 0x00007ffb87274000 	C:\WINDOWS\SYSTEM32\dbgcore.DLL
0x00007ffb915a0000 - 0x00007ffb91622000 	C:\WINDOWS\System32\bcryptPrimitives.dll
0x00007ffb468e0000 - 0x00007ffb46905000 	C:\Program Files\Android\Android Studio2\jbr\bin\java.dll
0x00007ffb465f0000 - 0x00007ffb46608000 	C:\Program Files\Android\Android Studio2\jbr\bin\zip.dll
0x00007ffb91df0000 - 0x00007ffb92535000 	C:\WINDOWS\System32\SHELL32.dll
0x00007ffb8ed00000 - 0x00007ffb8f49b000 	C:\WINDOWS\SYSTEM32\windows.storage.dll
0x00007ffb92ed0000 - 0x00007ffb93224000 	C:\WINDOWS\System32\combase.dll
0x00007ffb90680000 - 0x00007ffb906ad000 	C:\WINDOWS\SYSTEM32\Wldp.dll
0x00007ffb92bc0000 - 0x00007ffb92c6d000 	C:\WINDOWS\System32\SHCORE.dll
0x00007ffb918c0000 - 0x00007ffb91915000 	C:\WINDOWS\System32\shlwapi.dll
0x00007ffb90d30000 - 0x00007ffb90d55000 	C:\WINDOWS\SYSTEM32\profapi.dll
0x00007ffb44c60000 - 0x00007ffb44c79000 	C:\Program Files\Android\Android Studio2\jbr\bin\net.dll
0x00007ffb88fb0000 - 0x00007ffb890ba000 	C:\WINDOWS\SYSTEM32\WINHTTP.dll
0x00007ffb90460000 - 0x00007ffb904ca000 	C:\WINDOWS\system32\mswsock.dll
0x00007ffb44c40000 - 0x00007ffb44c56000 	C:\Program Files\Android\Android Studio2\jbr\bin\nio.dll
0x00007ffb7efc0000 - 0x00007ffb7efd0000 	C:\Program Files\Android\Android Studio2\jbr\bin\verify.dll
0x00007ffb0a630000 - 0x00007ffb0a657000 	C:\Users\ADIT-PC\.gradle\native\68d5fa5c4cc2d200863cafc0d521ce42e7d3e7ee720ec0a83991735586a16f82\windows-amd64\native-platform.dll
0x00007ffb69990000 - 0x00007ffb69ad4000 	C:\Users\ADIT-PC\.gradle\native\e376f236ea51e6404a007f0833ffe2c6e607c4080706a723a18a27aeea778392\windows-amd64\native-platform-file-events.dll
0x00007ffb6ca40000 - 0x00007ffb6ca49000 	C:\Program Files\Android\Android Studio2\jbr\bin\management.dll
0x00007ffb6c3f0000 - 0x00007ffb6c3fb000 	C:\Program Files\Android\Android Studio2\jbr\bin\management_ext.dll
0x00007ffb93230000 - 0x00007ffb93238000 	C:\WINDOWS\System32\PSAPI.DLL
0x00007ffb906c0000 - 0x00007ffb906d8000 	C:\WINDOWS\SYSTEM32\CRYPTSP.dll
0x00007ffb8fdb0000 - 0x00007ffb8fde4000 	C:\WINDOWS\system32\rsaenh.dll
0x00007ffb90cf0000 - 0x00007ffb90d1e000 	C:\WINDOWS\SYSTEM32\USERENV.dll
0x00007ffb905f0000 - 0x00007ffb905fc000 	C:\WINDOWS\SYSTEM32\CRYPTBASE.dll
0x00007ffb90170000 - 0x00007ffb901ab000 	C:\WINDOWS\SYSTEM32\IPHLPAPI.DLL
0x00007ffb93420000 - 0x00007ffb93428000 	C:\WINDOWS\System32\NSI.dll
0x00007ffb8aa20000 - 0x00007ffb8aa37000 	C:\WINDOWS\SYSTEM32\dhcpcsvc6.DLL
0x00007ffb8aab0000 - 0x00007ffb8aacd000 	C:\WINDOWS\SYSTEM32\dhcpcsvc.DLL
0x00007ffb901c0000 - 0x00007ffb9028a000 	C:\WINDOWS\SYSTEM32\DNSAPI.dll
0x00007ffb72500000 - 0x00007ffb72507000 	C:\WINDOWS\system32\wshunix.dll
0x00007ffb8fef0000 - 0x00007ffb8ff23000 	C:\WINDOWS\SYSTEM32\ntmarta.dll

dbghelp: loaded successfully - version: 4.0.5 - missing functions: none
symbol engine: initialized successfully - sym options: 0x614 - pdb path: .;C:\Program Files\Android\Android Studio2\jbr\bin;C:\WINDOWS\SYSTEM32;C:\ProgramData\Symantec\Symantec Endpoint Protection\14.3.5413.3000.105\Data\Sysfer\x64;C:\WINDOWS\WinSxS\amd64_microsoft.windows.common-controls_6595b64144ccf1df_6.0.19041.3636_none_60b6a03d71f818d5;C:\Program Files\Android\Android Studio2\jbr\bin\server;C:\Users\ADIT-PC\.gradle\native\68d5fa5c4cc2d200863cafc0d521ce42e7d3e7ee720ec0a83991735586a16f82\windows-amd64;C:\Users\ADIT-PC\.gradle\native\e376f236ea51e6404a007f0833ffe2c6e607c4080706a723a18a27aeea778392\windows-amd64

VM Arguments:
jvm_args: --add-opens=java.base/java.util=ALL-UNNAMED --add-opens=java.base/java.lang=ALL-UNNAMED --add-opens=java.base/java.lang.invoke=ALL-UNNAMED --add-opens=java.prefs/java.util.prefs=ALL-UNNAMED --add-opens=java.base/java.nio.charset=ALL-UNNAMED --add-opens=java.base/java.net=ALL-UNNAMED --add-opens=java.base/java.util.concurrent.atomic=ALL-UNNAMED -Xmx2048m -Dfile.encoding=windows-1252 -Duser.country=ID -Duser.language=en -Duser.variant 
java_command: org.gradle.launcher.daemon.bootstrap.GradleDaemon 8.0
java_class_path (initial): C:\Users\ADIT-PC\.gradle\wrapper\dists\gradle-8.0-bin\ca5e32bp14vu59qr306oxotwh\gradle-8.0\lib\gradle-launcher-8.0.jar
Launcher Type: SUN_STANDARD

[Global flags]
     intx CICompilerCount                          = 3                                         {product} {ergonomic}
     uint ConcGCThreads                            = 1                                         {product} {ergonomic}
     uint G1ConcRefinementThreads                  = 4                                         {product} {ergonomic}
   size_t G1HeapRegionSize                         = 1048576                                   {product} {ergonomic}
    uintx GCDrainStackTargetSize                   = 64                                        {product} {ergonomic}
   size_t InitialHeapSize                          = 266338304                                 {product} {ergonomic}
   size_t MarkStackSize                            = 4194304                                   {product} {ergonomic}
   size_t MaxHeapSize                              = 2147483648                                {product} {command line}
   size_t MaxNewSize                               = 1287651328                                {product} {ergonomic}
   size_t MinHeapDeltaBytes                        = 1048576                                   {product} {ergonomic}
   size_t MinHeapSize                              = 8388608                                   {product} {ergonomic}
    uintx NonNMethodCodeHeapSize                   = 5832780                                {pd product} {ergonomic}
    uintx NonProfiledCodeHeapSize                  = 122912730                              {pd product} {ergonomic}
    uintx ProfiledCodeHeapSize                     = 122912730                              {pd product} {ergonomic}
    uintx ReservedCodeCacheSize                    = 251658240                              {pd product} {ergonomic}
     bool SegmentedCodeCache                       = true                                      {product} {ergonomic}
   size_t SoftMaxHeapSize                          = 2147483648                             {manageable} {ergonomic}
     bool UseCompressedClassPointers               = true                           {product lp64_product} {ergonomic}
     bool UseCompressedOops                        = true                           {product lp64_product} {ergonomic}
     bool UseG1GC                                  = true                                      {product} {ergonomic}
     bool UseLargePagesIndividualAllocation        = false                                  {pd product} {ergonomic}

Logging:
Log output configuration:
 #0: stdout all=warning uptime,level,tags
 #1: stderr all=off uptime,level,tags

Environment Variables:
JAVA_HOME=C:\Program Files\Java\jdk-15.0.2
CLASSPATH=.;
PATH=C:\Program Files\Common Files\Oracle\Java\javapath;C:\Python311\Scripts\;C:\Python311\;C:\Python310\Scripts\;C:\Python310\;C:\Python27\;C:\Python27\Scripts;C:\Program Files (x86)\Common Files\Oracle\Java\javapath;C:\Program Files\Docker\Docker\Resources\bin;C:\ProgramData\Oracle\Java\javapath;C:\Program Files (x86)\Intel\iCLS Client\;C:\Program Files\Intel\iCLS Client\;C:\WINDOWS\system32;C:\WINDOWS;C:\WINDOWS\System32\Wbem;C:\WINDOWS\System32\WindowsPowerShell\v1.0\;C:\Program Files (x86)\Intel\Intel(R) Management Engine Components\DAL;C:\Program Files\Intel\Intel(R) Management Engine Components\DAL;C:\Program Files (x86)\Intel\Intel(R) Management Engine Components\IPT;C:\Program Files\Intel\Intel(R) Management Engine Components\IPT;C:\Program Files\Java\jre1.8.0_162\bin;C:\Program Files (x86)\GtkSharp\2.12\bin;C:\Program Files\PuTTY\;C:\Program Files\Java\jdk1.8.0_162\bin;C:\PROGRA~2\Groovy\GROOVY~1.15\bin;C:\WINDOWS\System32\OpenSSH\;C:\xampp\php;C:\Program Files (x86)\Microsoft SQL Server\Client SDK\ODBC\130\Tools\Binn\;C:\Program Files (x86)\Microsoft SQL Server\140\Tools\Binn\;C:\Program Files (x86)\Microsoft SQL Server\140\DTS\Binn\;C:\Program Files (x86)\Microsoft SQL Server\140\Tools\Binn\ManagementStudio\;c:\Program Files (x86)\Microsoft SQL Server\110\Tools\Binn\;c:\Program Files\Microsoft SQL Server\110\Tools\Binn\;c:\Program Files\Microsoft SQL Server\110\DTS\Binn\;C:\composer;C:\Flutter\flutter\bin;C:\Bitnami\wampstack-5.6.39-0\php;C:\ProgramData\chocolatey\bin;C:\Program Files (x86)\Yarn\bin\;C:\Program Files\Java\jdk1.8.0_211\bin;C:\Program Files\OpenJDK\openjdk-8u312-b07\bin;C:\Program Files\nodejs\;C:\Program Files\Git\cmd;C:\Users\ADIT-PC\AppData\Local\Microsoft\WindowsApps;C:\Users\ADIT-PC\AppData\Local\Android\Sdk\platform-tools;C:\Users\ADIT-PC\AppData\Roaming\npm;C:\Users\ADIT-PC\AppData\Local\Programs\Microsoft VS Code\bin;C:\Users\ADIT-PC\AppData\Local\Android\Sdk;C:\src\flutter\bin;C:\Users\ADIT-PC\AppData\Local\GitHubDesktop\bin;C:\Users
USERNAME=ADIT-PC
OS=Windows_NT
PROCESSOR_IDENTIFIER=Intel64 Family 6 Model 94 Stepping 3, GenuineIntel
TMP=C:\Users\ADIT-PC\AppData\Local\Temp
TEMP=C:\Users\ADIT-PC\AppData\Local\Temp


JNI global refs:
JNI global refs: 26, weak refs: 25

JNI global refs memory usage: 843, weak refs: 841


---------------  S Y S T E M  ---------------

OS:
 Windows 10 , 64 bit Build 19041 (10.0.19041.3636)
OS uptime: 16 days 22:34 hours
Hyper-V role detected

CPU: total 4 (initial active 4) (4 cores per cpu, 1 threads per core) family 6 model 94 stepping 3 microcode 0xf2, cx8, cmov, fxsr, mmx, 3dnowpref, sse, sse2, sse3, ssse3, sse4.1, sse4.2, popcnt, lzcnt, tsc, tscinvbit, avx, avx2, aes, erms, clmul, bmi1, bmi2, rtm, adx, fma, vzeroupper, clflush, clflushopt, hv

Memory: 4k page, system-wide physical 16247M (514M free)
TotalPageFile size 25028M (AvailPageFile size 28M)
current process WorkingSet (physical memory assigned to process): 517M, peak: 522M
current process commit charge ("private bytes"): 542M, peak: 575M

vm_info: OpenJDK 64-Bit Server VM (17.0.6+0-b2043.56-10027231) for windows-amd64 JRE (17.0.6+0-b2043.56-10027231), built on Apr 28 2023 00:43:19 by "androidbuild" with MS VC++ 16.10 / 16.11 (VS2019)

END.
