#
# There is insufficient memory for the Java Runtime Environment to continue.
# Native memory allocation (malloc) failed to allocate 1305776 bytes for Chunk::new
# Possible reasons:
#   The system is out of physical RAM or swap space
#   The process is running with CompressedOops enabled, and the Java Heap may be blocking the growth of the native heap
# Possible solutions:
#   Reduce memory load on the system
#   Increase physical memory or swap space
#   Check if swap backing store is full
#   Decrease Java heap size (-Xmx/-Xms)
#   Decrease number of Java threads
#   Decrease Java thread stack sizes (-Xss)
#   Set larger code cache with -XX:ReservedCodeCacheSize=
#   JVM is running with Unscaled Compressed Oops mode in which the Java heap is
#     placed in the first 4GB address space. The Java Heap base address is the
#     maximum limit for the native heap growth. Please use -XX:HeapBaseMinAddress
#     to set the Java Heap base and to place the Java Heap above 4GB virtual address.
# This output file may be truncated or incomplete.
#
#  Out of Memory Error (./src/hotspot/share/memory/arena.cpp:197), pid=24548, tid=9392
#
# JRE version: OpenJDK Runtime Environment (11.0.12+7) (build 11.0.12+7-b1504.28-7817840)
# Java VM: OpenJDK 64-Bit Server VM (11.0.12+7-b1504.28-7817840, mixed mode, tiered, compressed oops, g1 gc, windows-amd64)
# No core dump will be written. Minidumps are not enabled by default on client versions of Windows
#

---------------  S U M M A R Y ------------

Command Line: --add-opens=java.base/java.util=ALL-UNNAMED --add-opens=java.base/java.lang=ALL-UNNAMED --add-opens=java.base/java.lang.invoke=ALL-UNNAMED --add-opens=java.prefs/java.util.prefs=ALL-UNNAMED -Xmx2048m -Dfile.encoding=windows-1252 -Duser.country=ID -Duser.language=en -Duser.variant org.gradle.launcher.daemon.bootstrap.GradleDaemon 6.1.1

Host: Intel(R) Core(TM) i5-6500 CPU @ 3.20GHz, 4 cores, 15G,  Windows 10 , 64 bit Build 19041 (10.0.19041.1806)
Time: Wed Jul 27 14:33:02 2022 SE Asia Standard Time elapsed time: 14814.744593 seconds (0d 4h 6m 54s)

---------------  T H R E A D  ---------------

Current thread (0x000001d2e4ad0800):  JavaThread "C2 CompilerThread1" daemon [_thread_in_native, id=9392, stack(0x00000036fc700000,0x00000036fc800000)]


Current CompileTask:
C2:14814744 34287       4       com.android.tools.r8.u.c.J::a (565 bytes)

Stack: [0x00000036fc700000,0x00000036fc800000]
Native frames: (J=compiled Java code, j=interpreted, Vv=VM code, C=native code)
V  [jvm.dll+0x5fbcea]
V  [jvm.dll+0x731905]
V  [jvm.dll+0x732f1d]
V  [jvm.dll+0x7335d3]
V  [jvm.dll+0x247bf8]
V  [jvm.dll+0xc018c]
V  [jvm.dll+0xc06cc]
V  [jvm.dll+0x35b31d]
V  [jvm.dll+0x328803]
V  [jvm.dll+0x327cfa]
V  [jvm.dll+0x200602]
V  [jvm.dll+0x1ff794]
V  [jvm.dll+0x18868c]
V  [jvm.dll+0x20e0d7]
V  [jvm.dll+0x20c901]
V  [jvm.dll+0x6f9b7f]
V  [jvm.dll+0x6f26a5]
V  [jvm.dll+0x5fabf6]
C  [ucrtbase.dll+0x21bb2]
C  [KERNEL32.DLL+0x17034]
C  [ntdll.dll+0x52651]


---------------  P R O C E S S  ---------------

Threads class SMR info:
_java_thread_list=0x000001d2e9479c60, length=47, elements={
0x000001d2c8198000, 0x000001d2e3d1f000, 0x000001d2e3d20000, 0x000001d2e4608000,
0x000001d2e460a000, 0x000001d2e460b800, 0x000001d2e460e800, 0x000001d2e4612800,
0x000001d2e466c800, 0x000001d2e477d800, 0x000001d2e646b800, 0x000001d2e4888000,
0x000001d2e663a800, 0x000001d2e65c0000, 0x000001d2e65be000, 0x000001d2e65be800,
0x000001d2e65bd000, 0x000001d2e923b000, 0x000001d2e9235000, 0x000001d2e923e000,
0x000001d2e94a3000, 0x000001d2e923d800, 0x000001d2e9237800, 0x000001d2e9238800,
0x000001d2e923f000, 0x000001d2e9239800, 0x000001d2e9240000, 0x000001d2e923a000,
0x000001d2e9495000, 0x000001d2e9497800, 0x000001d2e9498800, 0x000001d2e9496000,
0x000001d2e9499800, 0x000001d2e949a000, 0x000001d2e949b800, 0x000001d2e9497000,
0x000001d2e949d800, 0x000001d2e94a1800, 0x000001d2e94a0000, 0x000001d2e949f000,
0x000001d2e4ac8000, 0x000001d2e4ac4000, 0x000001d2e4ac5000, 0x000001d2e4acf800,
0x000001d2e4ac5800, 0x000001d2e4acd000, 0x000001d2e4ad0800
}

Java Threads: ( => current thread )
  0x000001d2c8198000 JavaThread "main" [_thread_blocked, id=24700, stack(0x00000036f9100000,0x00000036f9200000)]
  0x000001d2e3d1f000 JavaThread "Reference Handler" daemon [_thread_blocked, id=1020, stack(0x00000036f9800000,0x00000036f9900000)]
  0x000001d2e3d20000 JavaThread "Finalizer" daemon [_thread_blocked, id=22584, stack(0x00000036f9900000,0x00000036f9a00000)]
  0x000001d2e4608000 JavaThread "Signal Dispatcher" daemon [_thread_blocked, id=3964, stack(0x00000036f9a00000,0x00000036f9b00000)]
  0x000001d2e460a000 JavaThread "Attach Listener" daemon [_thread_blocked, id=14956, stack(0x00000036f9b00000,0x00000036f9c00000)]
  0x000001d2e460b800 JavaThread "Service Thread" daemon [_thread_blocked, id=9444, stack(0x00000036f9c00000,0x00000036f9d00000)]
  0x000001d2e460e800 JavaThread "C2 CompilerThread0" daemon [_thread_in_native, id=1672, stack(0x00000036f9d00000,0x00000036f9e00000)]
  0x000001d2e4612800 JavaThread "C1 CompilerThread0" daemon [_thread_blocked, id=12092, stack(0x00000036f9e00000,0x00000036f9f00000)]
  0x000001d2e466c800 JavaThread "Sweeper thread" daemon [_thread_blocked, id=19348, stack(0x00000036f9f00000,0x00000036fa000000)]
  0x000001d2e477d800 JavaThread "Common-Cleaner" daemon [_thread_blocked, id=11448, stack(0x00000036fa000000,0x00000036fa100000)]
  0x000001d2e646b800 JavaThread "Daemon health stats" [_thread_blocked, id=23624, stack(0x00000036fa600000,0x00000036fa700000)]
  0x000001d2e4888000 JavaThread "Incoming local TCP Connector on port 33349" [_thread_in_native, id=5612, stack(0x00000036fa200000,0x00000036fa300000)]
  0x000001d2e663a800 JavaThread "Daemon periodic checks" [_thread_blocked, id=22992, stack(0x00000036fa700000,0x00000036fa800000)]
  0x000001d2e65c0000 JavaThread "Cache worker for journal cache (C:\Users\ADIT-PC\.gradle\caches\journal-1)" [_thread_blocked, id=16824, stack(0x00000036faf00000,0x00000036fb000000)]
  0x000001d2e65be000 JavaThread "File lock request listener" [_thread_in_native, id=17740, stack(0x00000036fb000000,0x00000036fb100000)]
  0x000001d2e65be800 JavaThread "Cache worker for file hash cache (C:\Users\ADIT-PC\.gradle\caches\6.1.1\fileHashes)" [_thread_blocked, id=11664, stack(0x00000036fb100000,0x00000036fb200000)]
  0x000001d2e65bd000 JavaThread "Cache worker for execution history cache (C:\Users\ADIT-PC\.gradle\caches\6.1.1\executionHistory)" [_thread_blocked, id=8024, stack(0x00000036fb700000,0x00000036fb800000)]
  0x000001d2e923b000 JavaThread "Memory manager" [_thread_blocked, id=18128, stack(0x00000036fc000000,0x00000036fc100000)]
  0x000001d2e9235000 JavaThread "Cache worker for file content cache (C:\Users\ADIT-PC\.gradle\caches\6.1.1\fileContent)" [_thread_blocked, id=2892, stack(0x00000036fc100000,0x00000036fc200000)]
  0x000001d2e923e000 JavaThread "Cache worker for Java compile cache (C:\Users\ADIT-PC\.gradle\caches\6.1.1\javaCompile)" [_thread_blocked, id=17628, stack(0x00000036fc800000,0x00000036fc900000)]
  0x000001d2e94a3000 JavaThread "ForkJoinPool.commonPool-worker-1" daemon [_thread_blocked, id=3020, stack(0x00000036fc400000,0x00000036fc500000)]
  0x000001d2e923d800 JavaThread "Daemon Thread 16" [_thread_blocked, id=25064, stack(0x00000036f8e00000,0x00000036f8f00000)]
  0x000001d2e9237800 JavaThread "Handler for socket connection from /127.0.0.1:33349 to /127.0.0.1:2016" [_thread_in_native, id=18564, stack(0x00000036f8f00000,0x00000036f9000000)]
  0x000001d2e9238800 JavaThread "Cancel handler" [_thread_blocked, id=22492, stack(0x00000036f9000000,0x00000036f9100000)]
  0x000001d2e923f000 JavaThread "Daemon worker Thread 16" [_thread_blocked, id=14716, stack(0x00000036fa800000,0x00000036fa900000)]
  0x000001d2e9239800 JavaThread "Asynchronous log dispatcher for DefaultDaemonConnection: socket connection from /127.0.0.1:33349 to /127.0.0.1:2016" [_thread_blocked, id=15532, stack(0x00000036fa900000,0x00000036faa00000)]
  0x000001d2e9240000 JavaThread "Stdin handler" [_thread_blocked, id=20764, stack(0x00000036faa00000,0x00000036fab00000)]
  0x000001d2e923a000 JavaThread "Thread-462" [_thread_blocked, id=15376, stack(0x00000036fab00000,0x00000036fac00000)]
  0x000001d2e9495000 JavaThread "Cache worker for checksums cache (C:\Users\ADIT-PC\AndroidStudioProjects\AbsensiApp\.gradle\checksums)" [_thread_blocked, id=21716, stack(0x00000036fac00000,0x00000036fad00000)]
  0x000001d2e9497800 JavaThread "Cache worker for file hash cache (C:\Users\ADIT-PC\AndroidStudioProjects\AbsensiApp\.gradle\6.1.1\fileHashes)" [_thread_blocked, id=21380, stack(0x00000036fad00000,0x00000036fae00000)]
  0x000001d2e9498800 JavaThread "Cache worker for cache directory md-supplier (C:\Users\ADIT-PC\.gradle\caches\6.1.1\md-supplier)" [_thread_blocked, id=10352, stack(0x00000036fae00000,0x00000036faf00000)]
  0x000001d2e9496000 JavaThread "Cache worker for cache directory md-rule (C:\Users\ADIT-PC\.gradle\caches\6.1.1\md-rule)" [_thread_blocked, id=23444, stack(0x00000036fb200000,0x00000036fb300000)]
  0x000001d2e9499800 JavaThread "Build operations" [_thread_blocked, id=18332, stack(0x00000036fb300000,0x00000036fb400000)]
  0x000001d2e949a000 JavaThread "Build operations Thread 2" [_thread_blocked, id=4420, stack(0x00000036fb400000,0x00000036fb500000)]
  0x000001d2e949b800 JavaThread "Build operations Thread 3" [_thread_blocked, id=20620, stack(0x00000036fb500000,0x00000036fb600000)]
  0x000001d2e9497000 JavaThread "Build operations Thread 4" [_thread_blocked, id=5980, stack(0x00000036fb600000,0x00000036fb700000)]
  0x000001d2e949d800 JavaThread "pool-37-thread-1" [_thread_blocked, id=12940, stack(0x00000036fb800000,0x00000036fb900000)]
  0x000001d2e94a1800 JavaThread "Cache worker for Build Output Cleanup Cache (C:\Users\ADIT-PC\AndroidStudioProjects\AbsensiApp\.gradle\buildOutputCleanup)" [_thread_blocked, id=6264, stack(0x00000036fb900000,0x00000036fba00000)]
  0x000001d2e94a0000 JavaThread "Cache worker for file content cache (C:\Users\ADIT-PC\AndroidStudioProjects\AbsensiApp\.gradle\6.1.1\fileContent)" [_thread_blocked, id=14252, stack(0x00000036fba00000,0x00000036fbb00000)]
  0x000001d2e949f000 JavaThread "Execution worker for ':'" [_thread_blocked, id=9532, stack(0x00000036fbc00000,0x00000036fbd00000)]
  0x000001d2e4ac8000 JavaThread "Execution worker for ':' Thread 2" [_thread_blocked, id=12760, stack(0x00000036fbd00000,0x00000036fbe00000)]
  0x000001d2e4ac4000 JavaThread "Execution worker for ':' Thread 3" [_thread_blocked, id=15328, stack(0x00000036fc200000,0x00000036fc300000)]
  0x000001d2e4ac5000 JavaThread "Cache worker for execution history cache (C:\Users\ADIT-PC\AndroidStudioProjects\AbsensiApp\.gradle\6.1.1\executionHistory)" [_thread_blocked, id=15520, stack(0x00000036fc300000,0x00000036fc400000)]
  0x000001d2e4acf800 JavaThread "Cache worker for Java compile cache (C:\Users\ADIT-PC\AndroidStudioProjects\AbsensiApp\.gradle\6.1.1\javaCompile)" [_thread_blocked, id=9512, stack(0x00000036fbb00000,0x00000036fbc00000)]
  0x000001d2e4ac5800 JavaThread "WorkerExecutor Queue" [_thread_in_native, id=15632, stack(0x00000036fc500000,0x00000036fc600000)]
  0x000001d2e4acd000 JavaThread "WorkerExecutor Queue Thread 2" [_thread_blocked, id=3500, stack(0x00000036fc600000,0x00000036fc700000)]
=>0x000001d2e4ad0800 JavaThread "C2 CompilerThread1" daemon [_thread_in_native, id=9392, stack(0x00000036fc700000,0x00000036fc800000)]

Other Threads:
  0x000001d2e45b5800 VMThread "VM Thread" [stack: 0x00000036f9700000,0x00000036f9800000] [id=18740]
  0x000001d2e479b000 WatcherThread [stack: 0x00000036fa100000,0x00000036fa200000] [id=20652]
  0x000001d2c81b1000 GCTaskThread "GC Thread#0" [stack: 0x00000036f9200000,0x00000036f9300000] [id=16068]
  0x000001d2e4fa0800 GCTaskThread "GC Thread#1" [stack: 0x00000036fa300000,0x00000036fa400000] [id=19388]
  0x000001d2e4fa1800 GCTaskThread "GC Thread#2" [stack: 0x00000036fa400000,0x00000036fa500000] [id=9064]
  0x000001d2e4f8f000 GCTaskThread "GC Thread#3" [stack: 0x00000036fa500000,0x00000036fa600000] [id=5052]
  0x000001d2c81e3800 ConcurrentGCThread "G1 Main Marker" [stack: 0x00000036f9300000,0x00000036f9400000] [id=17932]
  0x000001d2c81e5000 ConcurrentGCThread "G1 Conc#0" [stack: 0x00000036f9400000,0x00000036f9500000] [id=4228]
  0x000001d2e3bdd800 ConcurrentGCThread "G1 Refine#0" [stack: 0x00000036f9500000,0x00000036f9600000] [id=5056]
  0x000001d2eabb5000 ConcurrentGCThread "G1 Refine#1" [stack: 0x00000036fbe00000,0x00000036fbf00000] [id=23884]
  0x000001d2ebb0d800 ConcurrentGCThread "G1 Refine#2" [stack: 0x00000036fbf00000,0x00000036fc000000] [id=17368]
  0x000001d2e3bde800 ConcurrentGCThread "G1 Young RemSet Sampling" [stack: 0x00000036f9600000,0x00000036f9700000] [id=17124]

Threads with active compile tasks:
C2 CompilerThread014814817 34266       4       com.android.tools.r8.u.b.W::w (82 bytes)
C2 CompilerThread114814817 34287       4       com.android.tools.r8.u.c.J::a (565 bytes)

VM state:not at safepoint (normal execution)

VM Mutex/Monitor currently owned by a thread: None

Heap address: 0x0000000080000000, size: 2048 MB, Compressed Oops mode: 32-bit
Narrow klass base: 0x0000000000000000, Narrow klass shift: 3
Compressed class space size: 1073741824 Address: 0x0000000100000000

Heap:
 garbage-first heap   total 312320K, used 222853K [0x0000000080000000, 0x0000000100000000)
  region size 1024K, 81 young (82944K), 6 survivors (6144K)
 Metaspace       used 122603K, capacity 126854K, committed 127056K, reserved 1161216K
  class space    used 14842K, capacity 16337K, committed 16384K, reserved 1048576K
Heap Regions: E=young(eden), S=young(survivor), O=old, HS=humongous(starts), HC=humongous(continues), CS=collection set, F=free, A=archive, TAMS=top-at-mark-start (previous, next)
|   0|0x0000000080000000, 0x0000000080100000, 0x0000000080100000|100%| O|  |TAMS 0x0000000080100000, 0x0000000080000000| Untracked 
|   1|0x0000000080100000, 0x0000000080200000, 0x0000000080200000|100%| O|  |TAMS 0x0000000080200000, 0x0000000080100000| Untracked 
|   2|0x0000000080200000, 0x0000000080300000, 0x0000000080300000|100%| O|  |TAMS 0x0000000080300000, 0x0000000080200000| Untracked 
|   3|0x0000000080300000, 0x0000000080400000, 0x0000000080400000|100%|HS|  |TAMS 0x0000000080400000, 0x0000000080300000| Complete 
|   4|0x0000000080400000, 0x0000000080500000, 0x0000000080500000|100%|HC|  |TAMS 0x0000000080500000, 0x0000000080400000| Complete 
|   5|0x0000000080500000, 0x0000000080600000, 0x0000000080600000|100%|HC|  |TAMS 0x0000000080600000, 0x0000000080500000| Complete 
|   6|0x0000000080600000, 0x0000000080700000, 0x0000000080700000|100%| O|  |TAMS 0x0000000080700000, 0x0000000080600000| Untracked 
|   7|0x0000000080700000, 0x0000000080800000, 0x0000000080800000|100%| O|  |TAMS 0x0000000080800000, 0x0000000080700000| Untracked 
|   8|0x0000000080800000, 0x0000000080900000, 0x0000000080900000|100%| O|  |TAMS 0x0000000080900000, 0x0000000080800000| Untracked 
|   9|0x0000000080900000, 0x0000000080a00000, 0x0000000080a00000|100%| O|  |TAMS 0x0000000080a00000, 0x0000000080900000| Complete 
|  10|0x0000000080a00000, 0x0000000080b00000, 0x0000000080b00000|100%| O|  |TAMS 0x0000000080b00000, 0x0000000080a00000| Complete 
|  11|0x0000000080b00000, 0x0000000080c00000, 0x0000000080c00000|100%| O|  |TAMS 0x0000000080c00000, 0x0000000080b00000| Untracked 
|  12|0x0000000080c00000, 0x0000000080d00000, 0x0000000080d00000|100%| O|  |TAMS 0x0000000080d00000, 0x0000000080c00000| Untracked 
|  13|0x0000000080d00000, 0x0000000080e00000, 0x0000000080e00000|100%| O|  |TAMS 0x0000000080e00000, 0x0000000080d00000| Complete 
|  14|0x0000000080e00000, 0x0000000080f00000, 0x0000000080f00000|100%| O|  |TAMS 0x0000000080f00000, 0x0000000080e00000| Complete 
|  15|0x0000000080f00000, 0x0000000081000000, 0x0000000081000000|100%| O|  |TAMS 0x0000000081000000, 0x0000000080f00000| Complete 
|  16|0x0000000081000000, 0x0000000081100000, 0x0000000081100000|100%| O|  |TAMS 0x0000000081100000, 0x0000000081000000| Untracked 
|  17|0x0000000081100000, 0x0000000081200000, 0x0000000081200000|100%| O|  |TAMS 0x0000000081200000, 0x0000000081100000| Complete 
|  18|0x0000000081200000, 0x0000000081300000, 0x0000000081300000|100%| O|  |TAMS 0x0000000081300000, 0x0000000081200000| Complete 
|  19|0x0000000081300000, 0x0000000081400000, 0x0000000081400000|100%| O|  |TAMS 0x0000000081400000, 0x0000000081300000| Untracked 
|  20|0x0000000081400000, 0x0000000081500000, 0x0000000081500000|100%| O|  |TAMS 0x0000000081500000, 0x0000000081400000| Untracked 
|  21|0x0000000081500000, 0x0000000081600000, 0x0000000081600000|100%| O|  |TAMS 0x0000000081600000, 0x0000000081500000| Complete 
|  22|0x0000000081600000, 0x0000000081700000, 0x0000000081700000|100%| O|  |TAMS 0x0000000081700000, 0x0000000081600000| Complete 
|  23|0x0000000081700000, 0x0000000081700000, 0x0000000081800000|  0%| F|  |TAMS 0x0000000081700000, 0x0000000081700000| Untracked 
|  24|0x0000000081800000, 0x0000000081900000, 0x0000000081900000|100%| O|  |TAMS 0x0000000081900000, 0x0000000081800000| Complete 
|  25|0x0000000081900000, 0x0000000081a00000, 0x0000000081a00000|100%|HS|  |TAMS 0x0000000081a00000, 0x0000000081900000| Complete 
|  26|0x0000000081a00000, 0x0000000081b00000, 0x0000000081b00000|100%|HC|  |TAMS 0x0000000081b00000, 0x0000000081a00000| Complete 
|  27|0x0000000081b00000, 0x0000000081c00000, 0x0000000081c00000|100%|HC|  |TAMS 0x0000000081c00000, 0x0000000081b00000| Complete 
|  28|0x0000000081c00000, 0x0000000081d00000, 0x0000000081d00000|100%|HS|  |TAMS 0x0000000081d00000, 0x0000000081c00000| Complete 
|  29|0x0000000081d00000, 0x0000000081e00000, 0x0000000081e00000|100%|HC|  |TAMS 0x0000000081e00000, 0x0000000081d00000| Complete 
|  30|0x0000000081e00000, 0x0000000081f00000, 0x0000000081f00000|100%| O|  |TAMS 0x0000000081f00000, 0x0000000081e00000| Complete 
|  31|0x0000000081f00000, 0x0000000082000000, 0x0000000082000000|100%| O|  |TAMS 0x0000000082000000, 0x0000000081f00000| Untracked 
|  32|0x0000000082000000, 0x0000000082100000, 0x0000000082100000|100%| O|  |TAMS 0x0000000082100000, 0x0000000082000000| Complete 
|  33|0x0000000082100000, 0x0000000082200000, 0x0000000082200000|100%| O|  |TAMS 0x0000000082200000, 0x0000000082100000| Complete 
|  34|0x0000000082200000, 0x0000000082300000, 0x0000000082300000|100%| O|  |TAMS 0x0000000082300000, 0x0000000082200000| Untracked 
|  35|0x0000000082300000, 0x0000000082400000, 0x0000000082400000|100%| O|  |TAMS 0x0000000082400000, 0x0000000082300000| Complete 
|  36|0x0000000082400000, 0x0000000082500000, 0x0000000082500000|100%| O|  |TAMS 0x0000000082500000, 0x0000000082400000| Untracked 
|  37|0x0000000082500000, 0x0000000082600000, 0x0000000082600000|100%| O|  |TAMS 0x0000000082600000, 0x0000000082500000| Complete 
|  38|0x0000000082600000, 0x0000000082700000, 0x0000000082700000|100%| O|  |TAMS 0x0000000082700000, 0x0000000082600000| Untracked 
|  39|0x0000000082700000, 0x0000000082800000, 0x0000000082800000|100%| O|  |TAMS 0x0000000082800000, 0x0000000082700000| Complete 
|  40|0x0000000082800000, 0x0000000082900000, 0x0000000082900000|100%| O|  |TAMS 0x0000000082900000, 0x0000000082800000| Complete 
|  41|0x0000000082900000, 0x0000000082a00000, 0x0000000082a00000|100%| O|  |TAMS 0x0000000082a00000, 0x0000000082900000| Complete 
|  42|0x0000000082a00000, 0x0000000082a00000, 0x0000000082b00000|  0%| F|  |TAMS 0x0000000082a00000, 0x0000000082a00000| Untracked 
|  43|0x0000000082b00000, 0x0000000082c00000, 0x0000000082c00000|100%| O|  |TAMS 0x0000000082c00000, 0x0000000082b00000| Complete 
|  44|0x0000000082c00000, 0x0000000082d00000, 0x0000000082d00000|100%| O|  |TAMS 0x0000000082d00000, 0x0000000082c00000| Untracked 
|  45|0x0000000082d00000, 0x0000000082e00000, 0x0000000082e00000|100%| O|  |TAMS 0x0000000082e00000, 0x0000000082d00000| Complete 
|  46|0x0000000082e00000, 0x0000000082f00000, 0x0000000082f00000|100%| O|  |TAMS 0x0000000082f00000, 0x0000000082e00000| Untracked 
|  47|0x0000000082f00000, 0x0000000083000000, 0x0000000083000000|100%| O|  |TAMS 0x0000000083000000, 0x0000000082f00000| Untracked 
|  48|0x0000000083000000, 0x0000000083100000, 0x0000000083100000|100%| O|  |TAMS 0x0000000083100000, 0x0000000083000000| Complete 
|  49|0x0000000083100000, 0x0000000083200000, 0x0000000083200000|100%| O|  |TAMS 0x0000000083200000, 0x0000000083100000| Complete 
|  50|0x0000000083200000, 0x0000000083300000, 0x0000000083300000|100%| O|  |TAMS 0x0000000083300000, 0x0000000083200000| Complete 
|  51|0x0000000083300000, 0x0000000083400000, 0x0000000083400000|100%| O|  |TAMS 0x0000000083400000, 0x0000000083300000| Complete 
|  52|0x0000000083400000, 0x0000000083500000, 0x0000000083500000|100%| O|  |TAMS 0x0000000083500000, 0x0000000083400000| Complete 
|  53|0x0000000083500000, 0x0000000083600000, 0x0000000083600000|100%| O|  |TAMS 0x0000000083600000, 0x0000000083500000| Complete 
|  54|0x0000000083600000, 0x0000000083700000, 0x0000000083700000|100%| O|  |TAMS 0x0000000083700000, 0x0000000083600000| Complete 
|  55|0x0000000083700000, 0x0000000083800000, 0x0000000083800000|100%| O|  |TAMS 0x0000000083800000, 0x0000000083700000| Complete 
|  56|0x0000000083800000, 0x0000000083900000, 0x0000000083900000|100%| O|  |TAMS 0x0000000083900000, 0x0000000083800000| Complete 
|  57|0x0000000083900000, 0x0000000083a00000, 0x0000000083a00000|100%| O|  |TAMS 0x0000000083a00000, 0x0000000083900000| Complete 
|  58|0x0000000083a00000, 0x0000000083b00000, 0x0000000083b00000|100%| O|  |TAMS 0x0000000083b00000, 0x0000000083a00000| Complete 
|  59|0x0000000083b00000, 0x0000000083c00000, 0x0000000083c00000|100%| O|  |TAMS 0x0000000083c00000, 0x0000000083b00000| Complete 
|  60|0x0000000083c00000, 0x0000000083d00000, 0x0000000083d00000|100%| O|  |TAMS 0x0000000083d00000, 0x0000000083c00000| Complete 
|  61|0x0000000083d00000, 0x0000000083e00000, 0x0000000083e00000|100%| O|  |TAMS 0x0000000083e00000, 0x0000000083d00000| Untracked 
|  62|0x0000000083e00000, 0x0000000083f00000, 0x0000000083f00000|100%| O|  |TAMS 0x0000000083f00000, 0x0000000083e00000| Complete 
|  63|0x0000000083f00000, 0x0000000083f00000, 0x0000000084000000|  0%| F|  |TAMS 0x0000000083f00000, 0x0000000083f00000| Untracked 
|  64|0x0000000084000000, 0x0000000084100000, 0x0000000084100000|100%| O|  |TAMS 0x0000000084100000, 0x0000000084000000| Complete 
|  65|0x0000000084100000, 0x0000000084200000, 0x0000000084200000|100%| O|  |TAMS 0x0000000084200000, 0x0000000084100000| Complete 
|  66|0x0000000084200000, 0x0000000084300000, 0x0000000084300000|100%| O|  |TAMS 0x0000000084300000, 0x0000000084200000| Complete 
|  67|0x0000000084300000, 0x0000000084400000, 0x0000000084400000|100%| O|  |TAMS 0x0000000084400000, 0x0000000084300000| Untracked 
|  68|0x0000000084400000, 0x0000000084500000, 0x0000000084500000|100%| O|  |TAMS 0x0000000084500000, 0x0000000084400000| Complete 
|  69|0x0000000084500000, 0x0000000084500000, 0x0000000084600000|  0%| F|  |TAMS 0x0000000084500000, 0x0000000084500000| Untracked 
|  70|0x0000000084600000, 0x0000000084700000, 0x0000000084700000|100%| O|  |TAMS 0x0000000084700000, 0x0000000084600000| Complete 
|  71|0x0000000084700000, 0x0000000084800000, 0x0000000084800000|100%|HS|  |TAMS 0x0000000084800000, 0x0000000084700000| Complete 
|  72|0x0000000084800000, 0x0000000084900000, 0x0000000084900000|100%|HC|  |TAMS 0x0000000084900000, 0x0000000084800000| Complete 
|  73|0x0000000084900000, 0x0000000084a00000, 0x0000000084a00000|100%| O|  |TAMS 0x0000000084a00000, 0x0000000084900000| Complete 
|  74|0x0000000084a00000, 0x0000000084a00000, 0x0000000084b00000|  0%| F|  |TAMS 0x0000000084a00000, 0x0000000084a00000| Untracked 
|  75|0x0000000084b00000, 0x0000000084c00000, 0x0000000084c00000|100%| O|  |TAMS 0x0000000084c00000, 0x0000000084b00000| Complete 
|  76|0x0000000084c00000, 0x0000000084d00000, 0x0000000084d00000|100%| O|  |TAMS 0x0000000084d00000, 0x0000000084c00000| Untracked 
|  77|0x0000000084d00000, 0x0000000084e00000, 0x0000000084e00000|100%| O|  |TAMS 0x0000000084e00000, 0x0000000084d00000| Complete 
|  78|0x0000000084e00000, 0x0000000084e00000, 0x0000000084f00000|  0%| F|  |TAMS 0x0000000084e00000, 0x0000000084e00000| Untracked 
|  79|0x0000000084f00000, 0x0000000085000000, 0x0000000085000000|100%| O|  |TAMS 0x0000000085000000, 0x0000000084f00000| Untracked 
|  80|0x0000000085000000, 0x0000000085100000, 0x0000000085100000|100%| O|  |TAMS 0x0000000085100000, 0x0000000085000000| Complete 
|  81|0x0000000085100000, 0x0000000085200000, 0x0000000085200000|100%|HS|  |TAMS 0x0000000085200000, 0x0000000085100000| Complete 
|  82|0x0000000085200000, 0x0000000085300000, 0x0000000085300000|100%|HC|  |TAMS 0x0000000085300000, 0x0000000085200000| Complete 
|  83|0x0000000085300000, 0x0000000085400000, 0x0000000085400000|100%|HC|  |TAMS 0x0000000085400000, 0x0000000085300000| Complete 
|  84|0x0000000085400000, 0x0000000085500000, 0x0000000085500000|100%| O|  |TAMS 0x0000000085500000, 0x0000000085400000| Complete 
|  85|0x0000000085500000, 0x0000000085600000, 0x0000000085600000|100%| O|  |TAMS 0x0000000085600000, 0x0000000085500000| Untracked 
|  86|0x0000000085600000, 0x0000000085700000, 0x0000000085700000|100%| O|  |TAMS 0x0000000085700000, 0x0000000085600000| Complete 
|  87|0x0000000085700000, 0x0000000085800000, 0x0000000085800000|100%| O|  |TAMS 0x0000000085800000, 0x0000000085700000| Complete 
|  88|0x0000000085800000, 0x0000000085900000, 0x0000000085900000|100%| O|  |TAMS 0x0000000085900000, 0x0000000085800000| Complete 
|  89|0x0000000085900000, 0x0000000085900000, 0x0000000085a00000|  0%| F|  |TAMS 0x0000000085900000, 0x0000000085900000| Untracked 
|  90|0x0000000085a00000, 0x0000000085b00000, 0x0000000085b00000|100%|HS|  |TAMS 0x0000000085b00000, 0x0000000085a00000| Complete 
|  91|0x0000000085b00000, 0x0000000085c00000, 0x0000000085c00000|100%|HC|  |TAMS 0x0000000085c00000, 0x0000000085b00000| Complete 
|  92|0x0000000085c00000, 0x0000000085c00000, 0x0000000085d00000|  0%| F|  |TAMS 0x0000000085c00000, 0x0000000085c00000| Untracked 
|  93|0x0000000085d00000, 0x0000000085e00000, 0x0000000085e00000|100%| O|  |TAMS 0x0000000085e00000, 0x0000000085d00000| Complete 
|  94|0x0000000085e00000, 0x0000000085f00000, 0x0000000085f00000|100%| O|  |TAMS 0x0000000085f00000, 0x0000000085e00000| Complete 
|  95|0x0000000085f00000, 0x0000000086000000, 0x0000000086000000|100%| O|  |TAMS 0x0000000086000000, 0x0000000085f00000| Complete 
|  96|0x0000000086000000, 0x0000000086000000, 0x0000000086100000|  0%| F|  |TAMS 0x0000000086000000, 0x0000000086000000| Untracked 
|  97|0x0000000086100000, 0x0000000086200000, 0x0000000086200000|100%| O|  |TAMS 0x0000000086200000, 0x0000000086100000| Complete 
|  98|0x0000000086200000, 0x0000000086300000, 0x0000000086300000|100%| O|  |TAMS 0x0000000086300000, 0x0000000086200000| Complete 
|  99|0x0000000086300000, 0x0000000086400000, 0x0000000086400000|100%| O|  |TAMS 0x0000000086400000, 0x0000000086300000| Complete 
| 100|0x0000000086400000, 0x0000000086500000, 0x0000000086500000|100%| O|  |TAMS 0x0000000086500000, 0x0000000086400000| Complete 
| 101|0x0000000086500000, 0x0000000086600000, 0x0000000086600000|100%| O|  |TAMS 0x0000000086600000, 0x0000000086500000| Untracked 
| 102|0x0000000086600000, 0x0000000086700000, 0x0000000086700000|100%| O|  |TAMS 0x0000000086700000, 0x0000000086600000| Untracked 
| 103|0x0000000086700000, 0x0000000086800000, 0x0000000086800000|100%| O|  |TAMS 0x0000000086800000, 0x0000000086700000| Untracked 
| 104|0x0000000086800000, 0x0000000086900000, 0x0000000086900000|100%| O|  |TAMS 0x0000000086900000, 0x0000000086800000| Untracked 
| 105|0x0000000086900000, 0x0000000086a00000, 0x0000000086a00000|100%| O|  |TAMS 0x0000000086a00000, 0x0000000086900000| Complete 
| 106|0x0000000086a00000, 0x0000000086b00000, 0x0000000086b00000|100%| O|  |TAMS 0x0000000086b00000, 0x0000000086a00000| Untracked 
| 107|0x0000000086b00000, 0x0000000086c00000, 0x0000000086c00000|100%| O|  |TAMS 0x0000000086c00000, 0x0000000086b00000| Complete 
| 108|0x0000000086c00000, 0x0000000086d00000, 0x0000000086d00000|100%|HS|  |TAMS 0x0000000086d00000, 0x0000000086c00000| Complete 
| 109|0x0000000086d00000, 0x0000000086e00000, 0x0000000086e00000|100%|HC|  |TAMS 0x0000000086e00000, 0x0000000086d00000| Complete 
| 110|0x0000000086e00000, 0x0000000086f00000, 0x0000000086f00000|100%|HC|  |TAMS 0x0000000086f00000, 0x0000000086e00000| Complete 
| 111|0x0000000086f00000, 0x0000000087000000, 0x0000000087000000|100%|HC|  |TAMS 0x0000000087000000, 0x0000000086f00000| Complete 
| 112|0x0000000087000000, 0x0000000087000000, 0x0000000087100000|  0%| F|  |TAMS 0x0000000087000000, 0x0000000087000000| Untracked 
| 113|0x0000000087100000, 0x0000000087200000, 0x0000000087200000|100%| O|  |TAMS 0x0000000087200000, 0x0000000087100000| Complete 
| 114|0x0000000087200000, 0x0000000087300000, 0x0000000087300000|100%| O|  |TAMS 0x0000000087300000, 0x0000000087200000| Complete 
| 115|0x0000000087300000, 0x0000000087300000, 0x0000000087400000|  0%| F|  |TAMS 0x0000000087300000, 0x0000000087300000| Untracked 
| 116|0x0000000087400000, 0x0000000087500000, 0x0000000087500000|100%| O|  |TAMS 0x0000000087500000, 0x0000000087400000| Untracked 
| 117|0x0000000087500000, 0x0000000087600000, 0x0000000087600000|100%| O|  |TAMS 0x0000000087600000, 0x0000000087500000| Complete 
| 118|0x0000000087600000, 0x0000000087700000, 0x0000000087700000|100%| O|  |TAMS 0x0000000087700000, 0x0000000087600000| Complete 
| 119|0x0000000087700000, 0x0000000087700000, 0x0000000087800000|  0%| F|  |TAMS 0x0000000087700000, 0x0000000087700000| Untracked 
| 120|0x0000000087800000, 0x0000000087800000, 0x0000000087900000|  0%| F|  |TAMS 0x0000000087800000, 0x0000000087800000| Untracked 
| 121|0x0000000087900000, 0x0000000087a00000, 0x0000000087a00000|100%| O|  |TAMS 0x0000000087a00000, 0x0000000087900000| Complete 
| 122|0x0000000087a00000, 0x0000000087b00000, 0x0000000087b00000|100%| O|  |TAMS 0x0000000087b00000, 0x0000000087a00000| Complete 
| 123|0x0000000087b00000, 0x0000000087c00000, 0x0000000087c00000|100%| O|  |TAMS 0x0000000087c00000, 0x0000000087b00000| Untracked 
| 124|0x0000000087c00000, 0x0000000087d00000, 0x0000000087d00000|100%| O|  |TAMS 0x0000000087d00000, 0x0000000087c00000| Complete 
| 125|0x0000000087d00000, 0x0000000087e00000, 0x0000000087e00000|100%| O|  |TAMS 0x0000000087e00000, 0x0000000087d00000| Complete 
| 126|0x0000000087e00000, 0x0000000087f00000, 0x0000000087f00000|100%| O|  |TAMS 0x0000000087f00000, 0x0000000087e00000| Complete 
| 127|0x0000000087f00000, 0x0000000088000000, 0x0000000088000000|100%| O|  |TAMS 0x0000000088000000, 0x0000000087f00000| Complete 
| 128|0x0000000088000000, 0x0000000088100000, 0x0000000088100000|100%| O|  |TAMS 0x0000000088100000, 0x0000000088000000| Untracked 
| 129|0x0000000088100000, 0x0000000088200000, 0x0000000088200000|100%| O|  |TAMS 0x0000000088200000, 0x0000000088100000| Complete 
| 130|0x0000000088200000, 0x0000000088300000, 0x0000000088300000|100%| O|  |TAMS 0x0000000088300000, 0x0000000088200000| Complete 
| 131|0x0000000088300000, 0x0000000088400000, 0x0000000088400000|100%| O|  |TAMS 0x0000000088400000, 0x0000000088300000| Complete 
| 132|0x0000000088400000, 0x0000000088500000, 0x0000000088500000|100%| O|  |TAMS 0x0000000088500000, 0x0000000088400000| Untracked 
| 133|0x0000000088500000, 0x0000000088600000, 0x0000000088600000|100%| O|  |TAMS 0x0000000088600000, 0x0000000088500000| Untracked 
| 134|0x0000000088600000, 0x0000000088600000, 0x0000000088700000|  0%| F|  |TAMS 0x0000000088600000, 0x0000000088600000| Untracked 
| 135|0x0000000088700000, 0x0000000088700000, 0x0000000088800000|  0%| F|  |TAMS 0x0000000088700000, 0x0000000088700000| Untracked 
| 136|0x0000000088800000, 0x0000000088900000, 0x0000000088900000|100%| O|  |TAMS 0x0000000088900000, 0x0000000088800000| Untracked 
| 137|0x0000000088900000, 0x0000000088900000, 0x0000000088a00000|  0%| F|  |TAMS 0x0000000088900000, 0x0000000088900000| Untracked 
| 138|0x0000000088a00000, 0x0000000088a00000, 0x0000000088b00000|  0%| F|  |TAMS 0x0000000088a00000, 0x0000000088a00000| Untracked 
| 139|0x0000000088b00000, 0x0000000088c00000, 0x0000000088c00000|100%| O|  |TAMS 0x0000000088c00000, 0x0000000088b00000| Complete 
| 140|0x0000000088c00000, 0x0000000088d00000, 0x0000000088d00000|100%| O|  |TAMS 0x0000000088d00000, 0x0000000088c00000| Complete 
| 141|0x0000000088d00000, 0x0000000088e00000, 0x0000000088e00000|100%| O|  |TAMS 0x0000000088e00000, 0x0000000088d00000| Complete 
| 142|0x0000000088e00000, 0x0000000088f00000, 0x0000000088f00000|100%| O|  |TAMS 0x0000000088f00000, 0x0000000088e00000| Complete 
| 143|0x0000000088f00000, 0x0000000089000000, 0x0000000089000000|100%| O|  |TAMS 0x0000000089000000, 0x0000000088f00000| Untracked 
| 144|0x0000000089000000, 0x0000000089100000, 0x0000000089100000|100%| O|  |TAMS 0x0000000089100000, 0x0000000089000000| Complete 
| 145|0x0000000089100000, 0x0000000089200000, 0x0000000089200000|100%| O|  |TAMS 0x0000000089200000, 0x0000000089100000| Complete 
| 146|0x0000000089200000, 0x0000000089200000, 0x0000000089300000|  0%| F|  |TAMS 0x0000000089200000, 0x0000000089200000| Untracked 
| 147|0x0000000089300000, 0x0000000089300000, 0x0000000089400000|  0%| F|  |TAMS 0x0000000089300000, 0x0000000089300000| Untracked 
| 148|0x0000000089400000, 0x0000000089400000, 0x0000000089500000|  0%| F|  |TAMS 0x0000000089400000, 0x0000000089400000| Untracked 
| 149|0x0000000089500000, 0x0000000089600000, 0x0000000089600000|100%| O|  |TAMS 0x0000000089600000, 0x0000000089500000| Complete 
| 150|0x0000000089600000, 0x0000000089700000, 0x0000000089700000|100%| O|  |TAMS 0x0000000089700000, 0x0000000089600000| Complete 
| 151|0x0000000089700000, 0x0000000089700000, 0x0000000089800000|  0%| F|  |TAMS 0x0000000089700000, 0x0000000089700000| Untracked 
| 152|0x0000000089800000, 0x0000000089900000, 0x0000000089900000|100%| O|  |TAMS 0x0000000089900000, 0x0000000089800000| Complete 
| 153|0x0000000089900000, 0x0000000089a00000, 0x0000000089a00000|100%| O|  |TAMS 0x0000000089a00000, 0x0000000089900000| Complete 
| 154|0x0000000089a00000, 0x0000000089b00000, 0x0000000089b00000|100%| O|  |TAMS 0x0000000089b00000, 0x0000000089a00000| Complete 
| 155|0x0000000089b00000, 0x0000000089c00000, 0x0000000089c00000|100%| O|  |TAMS 0x0000000089c00000, 0x0000000089b00000| Complete 
| 156|0x0000000089c00000, 0x0000000089d00000, 0x0000000089d00000|100%| O|  |TAMS 0x0000000089d00000, 0x0000000089c00000| Complete 
| 157|0x0000000089d00000, 0x0000000089e00000, 0x0000000089e00000|100%| O|  |TAMS 0x0000000089e00000, 0x0000000089d00000| Untracked 
| 158|0x0000000089e00000, 0x0000000089f00000, 0x0000000089f00000|100%| O|  |TAMS 0x0000000089f00000, 0x0000000089e00000| Untracked 
| 159|0x0000000089f00000, 0x000000008a000000, 0x000000008a000000|100%| O|  |TAMS 0x000000008a000000, 0x0000000089f00000| Complete 
| 160|0x000000008a000000, 0x000000008a000000, 0x000000008a100000|  0%| F|  |TAMS 0x000000008a000000, 0x000000008a000000| Untracked 
| 161|0x000000008a100000, 0x000000008a100000, 0x000000008a200000|  0%| F|  |TAMS 0x000000008a100000, 0x000000008a100000| Untracked 
| 162|0x000000008a200000, 0x000000008a200000, 0x000000008a300000|  0%| F|  |TAMS 0x000000008a200000, 0x000000008a200000| Untracked 
| 163|0x000000008a300000, 0x000000008a300000, 0x000000008a400000|  0%| F|  |TAMS 0x000000008a300000, 0x000000008a300000| Untracked 
| 164|0x000000008a400000, 0x000000008a400000, 0x000000008a500000|  0%| F|  |TAMS 0x000000008a400000, 0x000000008a400000| Untracked 
| 165|0x000000008a500000, 0x000000008a500000, 0x000000008a600000|  0%| F|  |TAMS 0x000000008a500000, 0x000000008a500000| Untracked 
| 166|0x000000008a600000, 0x000000008a600000, 0x000000008a700000|  0%| F|  |TAMS 0x000000008a600000, 0x000000008a600000| Untracked 
| 167|0x000000008a700000, 0x000000008a700000, 0x000000008a800000|  0%| F|  |TAMS 0x000000008a700000, 0x000000008a700000| Untracked 
| 168|0x000000008a800000, 0x000000008a800000, 0x000000008a900000|  0%| F|  |TAMS 0x000000008a800000, 0x000000008a800000| Untracked 
| 169|0x000000008a900000, 0x000000008a900000, 0x000000008aa00000|  0%| F|  |TAMS 0x000000008a900000, 0x000000008a900000| Untracked 
| 170|0x000000008aa00000, 0x000000008aa00000, 0x000000008ab00000|  0%| F|  |TAMS 0x000000008aa00000, 0x000000008aa00000| Untracked 
| 171|0x000000008ab00000, 0x000000008ab00000, 0x000000008ac00000|  0%| F|  |TAMS 0x000000008ab00000, 0x000000008ab00000| Untracked 
| 172|0x000000008ac00000, 0x000000008ac00000, 0x000000008ad00000|  0%| F|  |TAMS 0x000000008ac00000, 0x000000008ac00000| Untracked 
| 173|0x000000008ad00000, 0x000000008ad00000, 0x000000008ae00000|  0%| F|  |TAMS 0x000000008ad00000, 0x000000008ad00000| Untracked 
| 174|0x000000008ae00000, 0x000000008ae00000, 0x000000008af00000|  0%| F|  |TAMS 0x000000008ae00000, 0x000000008ae00000| Untracked 
| 175|0x000000008af00000, 0x000000008af00000, 0x000000008b000000|  0%| F|  |TAMS 0x000000008af00000, 0x000000008af00000| Untracked 
| 176|0x000000008b000000, 0x000000008b000000, 0x000000008b100000|  0%| F|  |TAMS 0x000000008b000000, 0x000000008b000000| Untracked 
| 177|0x000000008b100000, 0x000000008b100000, 0x000000008b200000|  0%| F|  |TAMS 0x000000008b100000, 0x000000008b100000| Untracked 
| 178|0x000000008b200000, 0x000000008b200000, 0x000000008b300000|  0%| F|  |TAMS 0x000000008b200000, 0x000000008b200000| Untracked 
| 179|0x000000008b300000, 0x000000008b300000, 0x000000008b400000|  0%| F|  |TAMS 0x000000008b300000, 0x000000008b300000| Untracked 
| 180|0x000000008b400000, 0x000000008b400000, 0x000000008b500000|  0%| F|  |TAMS 0x000000008b400000, 0x000000008b400000| Untracked 
| 181|0x000000008b500000, 0x000000008b500000, 0x000000008b600000|  0%| F|  |TAMS 0x000000008b500000, 0x000000008b500000| Untracked 
| 182|0x000000008b600000, 0x000000008b600000, 0x000000008b700000|  0%| F|  |TAMS 0x000000008b600000, 0x000000008b600000| Untracked 
| 183|0x000000008b700000, 0x000000008b700000, 0x000000008b800000|  0%| F|  |TAMS 0x000000008b700000, 0x000000008b700000| Untracked 
| 184|0x000000008b800000, 0x000000008b800000, 0x000000008b900000|  0%| F|  |TAMS 0x000000008b800000, 0x000000008b800000| Untracked 
| 185|0x000000008b900000, 0x000000008b900000, 0x000000008ba00000|  0%| F|  |TAMS 0x000000008b900000, 0x000000008b900000| Untracked 
| 186|0x000000008ba00000, 0x000000008ba00000, 0x000000008bb00000|  0%| F|  |TAMS 0x000000008ba00000, 0x000000008ba00000| Untracked 
| 187|0x000000008bb00000, 0x000000008bb00000, 0x000000008bc00000|  0%| F|  |TAMS 0x000000008bb00000, 0x000000008bb00000| Untracked 
| 188|0x000000008bc00000, 0x000000008bc00000, 0x000000008bd00000|  0%| F|  |TAMS 0x000000008bc00000, 0x000000008bc00000| Untracked 
| 189|0x000000008bd00000, 0x000000008bd00000, 0x000000008be00000|  0%| F|  |TAMS 0x000000008bd00000, 0x000000008bd00000| Untracked 
| 190|0x000000008be00000, 0x000000008be00000, 0x000000008bf00000|  0%| F|  |TAMS 0x000000008be00000, 0x000000008be00000| Untracked 
| 191|0x000000008bf00000, 0x000000008bf00000, 0x000000008c000000|  0%| F|  |TAMS 0x000000008bf00000, 0x000000008bf00000| Untracked 
| 192|0x000000008c000000, 0x000000008c0a1740, 0x000000008c100000| 63%| S|CS|TAMS 0x000000008c000000, 0x000000008c000000| Complete 
| 193|0x000000008c100000, 0x000000008c200000, 0x000000008c200000|100%| S|CS|TAMS 0x000000008c100000, 0x000000008c100000| Complete 
| 194|0x000000008c200000, 0x000000008c300000, 0x000000008c300000|100%| S|CS|TAMS 0x000000008c200000, 0x000000008c200000| Complete 
| 195|0x000000008c300000, 0x000000008c400000, 0x000000008c400000|100%| S|CS|TAMS 0x000000008c300000, 0x000000008c300000| Complete 
| 196|0x000000008c400000, 0x000000008c500000, 0x000000008c500000|100%| S|CS|TAMS 0x000000008c400000, 0x000000008c400000| Complete 
| 197|0x000000008c500000, 0x000000008c500000, 0x000000008c600000|  0%| F|  |TAMS 0x000000008c500000, 0x000000008c500000| Untracked 
| 198|0x000000008c600000, 0x000000008c600000, 0x000000008c700000|  0%| F|  |TAMS 0x000000008c600000, 0x000000008c600000| Untracked 
| 199|0x000000008c700000, 0x000000008c700000, 0x000000008c800000|  0%| F|  |TAMS 0x000000008c700000, 0x000000008c700000| Untracked 
| 200|0x000000008c800000, 0x000000008c800000, 0x000000008c900000|  0%| F|  |TAMS 0x000000008c800000, 0x000000008c800000| Untracked 
| 201|0x000000008c900000, 0x000000008ca00000, 0x000000008ca00000|100%| S|CS|TAMS 0x000000008c900000, 0x000000008c900000| Complete 
| 202|0x000000008ca00000, 0x000000008ca00000, 0x000000008cb00000|  0%| F|  |TAMS 0x000000008ca00000, 0x000000008ca00000| Untracked 
| 203|0x000000008cb00000, 0x000000008cb00000, 0x000000008cc00000|  0%| F|  |TAMS 0x000000008cb00000, 0x000000008cb00000| Untracked 
| 204|0x000000008cc00000, 0x000000008cc00000, 0x000000008cd00000|  0%| F|  |TAMS 0x000000008cc00000, 0x000000008cc00000| Untracked 
| 205|0x000000008cd00000, 0x000000008cd00000, 0x000000008ce00000|  0%| F|  |TAMS 0x000000008cd00000, 0x000000008cd00000| Untracked 
| 206|0x000000008ce00000, 0x000000008ce00000, 0x000000008cf00000|  0%| F|  |TAMS 0x000000008ce00000, 0x000000008ce00000| Untracked 
| 207|0x000000008cf00000, 0x000000008cf00000, 0x000000008d000000|  0%| F|  |TAMS 0x000000008cf00000, 0x000000008cf00000| Untracked 
| 208|0x000000008d000000, 0x000000008d000000, 0x000000008d100000|  0%| F|  |TAMS 0x000000008d000000, 0x000000008d000000| Untracked 
| 209|0x000000008d100000, 0x000000008d100000, 0x000000008d200000|  0%| F|  |TAMS 0x000000008d100000, 0x000000008d100000| Untracked 
| 210|0x000000008d200000, 0x000000008d200000, 0x000000008d300000|  0%| F|  |TAMS 0x000000008d200000, 0x000000008d200000| Untracked 
| 211|0x000000008d300000, 0x000000008d300000, 0x000000008d400000|  0%| F|  |TAMS 0x000000008d300000, 0x000000008d300000| Untracked 
| 212|0x000000008d400000, 0x000000008d400000, 0x000000008d500000|  0%| F|  |TAMS 0x000000008d400000, 0x000000008d400000| Untracked 
| 213|0x000000008d500000, 0x000000008d500000, 0x000000008d600000|  0%| F|  |TAMS 0x000000008d500000, 0x000000008d500000| Untracked 
| 214|0x000000008d600000, 0x000000008d600000, 0x000000008d700000|  0%| F|  |TAMS 0x000000008d600000, 0x000000008d600000| Untracked 
| 215|0x000000008d700000, 0x000000008d700000, 0x000000008d800000|  0%| F|  |TAMS 0x000000008d700000, 0x000000008d700000| Untracked 
| 216|0x000000008d800000, 0x000000008d800000, 0x000000008d900000|  0%| F|  |TAMS 0x000000008d800000, 0x000000008d800000| Untracked 
| 217|0x000000008d900000, 0x000000008d900000, 0x000000008da00000|  0%| F|  |TAMS 0x000000008d900000, 0x000000008d900000| Untracked 
| 218|0x000000008da00000, 0x000000008da00000, 0x000000008db00000|  0%| F|  |TAMS 0x000000008da00000, 0x000000008da00000| Untracked 
| 219|0x000000008db00000, 0x000000008db00000, 0x000000008dc00000|  0%| F|  |TAMS 0x000000008db00000, 0x000000008db00000| Untracked 
| 220|0x000000008dc00000, 0x000000008dc00000, 0x000000008dd00000|  0%| F|  |TAMS 0x000000008dc00000, 0x000000008dc00000| Untracked 
| 221|0x000000008dd00000, 0x000000008dd00000, 0x000000008de00000|  0%| F|  |TAMS 0x000000008dd00000, 0x000000008dd00000| Untracked 
| 222|0x000000008de00000, 0x000000008de00000, 0x000000008df00000|  0%| F|  |TAMS 0x000000008de00000, 0x000000008de00000| Untracked 
| 223|0x000000008df00000, 0x000000008df00000, 0x000000008e000000|  0%| F|  |TAMS 0x000000008df00000, 0x000000008df00000| Untracked 
| 224|0x000000008e000000, 0x000000008e000000, 0x000000008e100000|  0%| F|  |TAMS 0x000000008e000000, 0x000000008e000000| Untracked 
| 225|0x000000008e100000, 0x000000008e100000, 0x000000008e200000|  0%| F|  |TAMS 0x000000008e100000, 0x000000008e100000| Untracked 
| 226|0x000000008e200000, 0x000000008e200000, 0x000000008e300000|  0%| F|  |TAMS 0x000000008e200000, 0x000000008e200000| Untracked 
| 227|0x000000008e300000, 0x000000008e300000, 0x000000008e400000|  0%| F|  |TAMS 0x000000008e300000, 0x000000008e300000| Untracked 
| 228|0x000000008e400000, 0x000000008e4c0030, 0x000000008e500000| 75%| E|  |TAMS 0x000000008e400000, 0x000000008e400000| Complete 
| 229|0x000000008e500000, 0x000000008e5c0030, 0x000000008e600000| 75%| E|  |TAMS 0x000000008e500000, 0x000000008e500000| Complete 
| 230|0x000000008e600000, 0x000000008e700000, 0x000000008e700000|100%| E|CS|TAMS 0x000000008e600000, 0x000000008e600000| Complete 
| 231|0x000000008e700000, 0x000000008e800000, 0x000000008e800000|100%| E|CS|TAMS 0x000000008e700000, 0x000000008e700000| Complete 
| 232|0x000000008e800000, 0x000000008e900000, 0x000000008e900000|100%| E|CS|TAMS 0x000000008e800000, 0x000000008e800000| Complete 
| 233|0x000000008e900000, 0x000000008ea00000, 0x000000008ea00000|100%| E|CS|TAMS 0x000000008e900000, 0x000000008e900000| Complete 
| 234|0x000000008ea00000, 0x000000008eb00000, 0x000000008eb00000|100%| E|CS|TAMS 0x000000008ea00000, 0x000000008ea00000| Complete 
| 235|0x000000008eb00000, 0x000000008ec00000, 0x000000008ec00000|100%| E|CS|TAMS 0x000000008eb00000, 0x000000008eb00000| Complete 
| 236|0x000000008ec00000, 0x000000008ed00000, 0x000000008ed00000|100%| E|CS|TAMS 0x000000008ec00000, 0x000000008ec00000| Complete 
| 237|0x000000008ed00000, 0x000000008ee00000, 0x000000008ee00000|100%| E|CS|TAMS 0x000000008ed00000, 0x000000008ed00000| Complete 
| 238|0x000000008ee00000, 0x000000008ef00000, 0x000000008ef00000|100%| E|CS|TAMS 0x000000008ee00000, 0x000000008ee00000| Complete 
| 239|0x000000008ef00000, 0x000000008f000000, 0x000000008f000000|100%| E|CS|TAMS 0x000000008ef00000, 0x000000008ef00000| Complete 
| 240|0x000000008f000000, 0x000000008f100000, 0x000000008f100000|100%| E|CS|TAMS 0x000000008f000000, 0x000000008f000000| Complete 
| 241|0x000000008f100000, 0x000000008f200000, 0x000000008f200000|100%| E|CS|TAMS 0x000000008f100000, 0x000000008f100000| Complete 
| 242|0x000000008f200000, 0x000000008f300000, 0x000000008f300000|100%| E|CS|TAMS 0x000000008f200000, 0x000000008f200000| Complete 
| 243|0x000000008f300000, 0x000000008f400000, 0x000000008f400000|100%| E|CS|TAMS 0x000000008f300000, 0x000000008f300000| Complete 
| 244|0x000000008f400000, 0x000000008f500000, 0x000000008f500000|100%| E|CS|TAMS 0x000000008f400000, 0x000000008f400000| Complete 
| 245|0x000000008f500000, 0x000000008f600000, 0x000000008f600000|100%| E|CS|TAMS 0x000000008f500000, 0x000000008f500000| Complete 
| 246|0x000000008f600000, 0x000000008f700000, 0x000000008f700000|100%| E|CS|TAMS 0x000000008f600000, 0x000000008f600000| Complete 
| 247|0x000000008f700000, 0x000000008f800000, 0x000000008f800000|100%| E|CS|TAMS 0x000000008f700000, 0x000000008f700000| Complete 
| 248|0x000000008f800000, 0x000000008f900000, 0x000000008f900000|100%| E|CS|TAMS 0x000000008f800000, 0x000000008f800000| Complete 
| 249|0x000000008f900000, 0x000000008fa00000, 0x000000008fa00000|100%| E|CS|TAMS 0x000000008f900000, 0x000000008f900000| Complete 
| 250|0x000000008fa00000, 0x000000008fb00000, 0x000000008fb00000|100%| E|CS|TAMS 0x000000008fa00000, 0x000000008fa00000| Complete 
| 251|0x000000008fb00000, 0x000000008fc00000, 0x000000008fc00000|100%| E|CS|TAMS 0x000000008fb00000, 0x000000008fb00000| Complete 
| 252|0x000000008fc00000, 0x000000008fd00000, 0x000000008fd00000|100%| E|CS|TAMS 0x000000008fc00000, 0x000000008fc00000| Complete 
| 253|0x000000008fd00000, 0x000000008fe00000, 0x000000008fe00000|100%| E|CS|TAMS 0x000000008fd00000, 0x000000008fd00000| Complete 
| 254|0x000000008fe00000, 0x000000008ff00000, 0x000000008ff00000|100%| E|CS|TAMS 0x000000008fe00000, 0x000000008fe00000| Complete 
| 255|0x000000008ff00000, 0x0000000090000000, 0x0000000090000000|100%| E|CS|TAMS 0x000000008ff00000, 0x000000008ff00000| Complete 
| 256|0x0000000090000000, 0x0000000090100000, 0x0000000090100000|100%| E|CS|TAMS 0x0000000090000000, 0x0000000090000000| Complete 
| 257|0x0000000090100000, 0x0000000090200000, 0x0000000090200000|100%| E|CS|TAMS 0x0000000090100000, 0x0000000090100000| Complete 
| 258|0x0000000090200000, 0x0000000090300000, 0x0000000090300000|100%| E|CS|TAMS 0x0000000090200000, 0x0000000090200000| Complete 
| 259|0x0000000090300000, 0x0000000090400000, 0x0000000090400000|100%| E|CS|TAMS 0x0000000090300000, 0x0000000090300000| Complete 
| 260|0x0000000090400000, 0x0000000090500000, 0x0000000090500000|100%| E|CS|TAMS 0x0000000090400000, 0x0000000090400000| Complete 
| 261|0x0000000090500000, 0x0000000090600000, 0x0000000090600000|100%| E|CS|TAMS 0x0000000090500000, 0x0000000090500000| Complete 
| 262|0x0000000090600000, 0x0000000090700000, 0x0000000090700000|100%| E|CS|TAMS 0x0000000090600000, 0x0000000090600000| Complete 
| 263|0x0000000090700000, 0x0000000090800000, 0x0000000090800000|100%| E|CS|TAMS 0x0000000090700000, 0x0000000090700000| Complete 
| 264|0x0000000090800000, 0x0000000090900000, 0x0000000090900000|100%| E|CS|TAMS 0x0000000090800000, 0x0000000090800000| Complete 
| 265|0x0000000090900000, 0x0000000090a00000, 0x0000000090a00000|100%| E|CS|TAMS 0x0000000090900000, 0x0000000090900000| Complete 
| 266|0x0000000090a00000, 0x0000000090b00000, 0x0000000090b00000|100%| E|CS|TAMS 0x0000000090a00000, 0x0000000090a00000| Complete 
| 267|0x0000000090b00000, 0x0000000090c00000, 0x0000000090c00000|100%| E|CS|TAMS 0x0000000090b00000, 0x0000000090b00000| Complete 
| 268|0x0000000090c00000, 0x0000000090d00000, 0x0000000090d00000|100%| E|CS|TAMS 0x0000000090c00000, 0x0000000090c00000| Complete 
| 269|0x0000000090d00000, 0x0000000090e00000, 0x0000000090e00000|100%| E|CS|TAMS 0x0000000090d00000, 0x0000000090d00000| Complete 
| 270|0x0000000090e00000, 0x0000000090f00000, 0x0000000090f00000|100%| E|CS|TAMS 0x0000000090e00000, 0x0000000090e00000| Complete 
| 271|0x0000000090f00000, 0x0000000091000000, 0x0000000091000000|100%| E|CS|TAMS 0x0000000090f00000, 0x0000000090f00000| Complete 
| 272|0x0000000091000000, 0x0000000091100000, 0x0000000091100000|100%| E|CS|TAMS 0x0000000091000000, 0x0000000091000000| Complete 
| 273|0x0000000091100000, 0x0000000091200000, 0x0000000091200000|100%| E|CS|TAMS 0x0000000091100000, 0x0000000091100000| Complete 
| 274|0x0000000091200000, 0x0000000091300000, 0x0000000091300000|100%| E|CS|TAMS 0x0000000091200000, 0x0000000091200000| Complete 
| 275|0x0000000091300000, 0x0000000091400000, 0x0000000091400000|100%| E|CS|TAMS 0x0000000091300000, 0x0000000091300000| Complete 
| 276|0x0000000091400000, 0x0000000091500000, 0x0000000091500000|100%| E|CS|TAMS 0x0000000091400000, 0x0000000091400000| Complete 
| 277|0x0000000091500000, 0x0000000091600000, 0x0000000091600000|100%| E|CS|TAMS 0x0000000091500000, 0x0000000091500000| Complete 
| 278|0x0000000091600000, 0x0000000091700000, 0x0000000091700000|100%| E|CS|TAMS 0x0000000091600000, 0x0000000091600000| Complete 
| 279|0x0000000091700000, 0x0000000091800000, 0x0000000091800000|100%| E|CS|TAMS 0x0000000091700000, 0x0000000091700000| Complete 
| 280|0x0000000091800000, 0x0000000091900000, 0x0000000091900000|100%| E|CS|TAMS 0x0000000091800000, 0x0000000091800000| Complete 
| 281|0x0000000091900000, 0x0000000091a00000, 0x0000000091a00000|100%| E|CS|TAMS 0x0000000091900000, 0x0000000091900000| Complete 
| 282|0x0000000091a00000, 0x0000000091b00000, 0x0000000091b00000|100%| E|CS|TAMS 0x0000000091a00000, 0x0000000091a00000| Complete 
| 283|0x0000000091b00000, 0x0000000091c00000, 0x0000000091c00000|100%| E|CS|TAMS 0x0000000091b00000, 0x0000000091b00000| Complete 
| 284|0x0000000091c00000, 0x0000000091d00000, 0x0000000091d00000|100%| E|CS|TAMS 0x0000000091c00000, 0x0000000091c00000| Complete 
| 285|0x0000000091d00000, 0x0000000091e00000, 0x0000000091e00000|100%| E|CS|TAMS 0x0000000091d00000, 0x0000000091d00000| Complete 
| 286|0x0000000091e00000, 0x0000000091f00000, 0x0000000091f00000|100%| E|CS|TAMS 0x0000000091e00000, 0x0000000091e00000| Complete 
| 287|0x0000000091f00000, 0x0000000092000000, 0x0000000092000000|100%| E|CS|TAMS 0x0000000091f00000, 0x0000000091f00000| Complete 
| 288|0x0000000092000000, 0x0000000092100000, 0x0000000092100000|100%| E|CS|TAMS 0x0000000092000000, 0x0000000092000000| Complete 
| 289|0x0000000092100000, 0x0000000092200000, 0x0000000092200000|100%| E|CS|TAMS 0x0000000092100000, 0x0000000092100000| Complete 
| 290|0x0000000092200000, 0x0000000092300000, 0x0000000092300000|100%| E|CS|TAMS 0x0000000092200000, 0x0000000092200000| Complete 
| 291|0x0000000092300000, 0x0000000092400000, 0x0000000092400000|100%| E|CS|TAMS 0x0000000092300000, 0x0000000092300000| Complete 
| 292|0x0000000092400000, 0x0000000092500000, 0x0000000092500000|100%| E|CS|TAMS 0x0000000092400000, 0x0000000092400000| Complete 
| 293|0x0000000092500000, 0x0000000092600000, 0x0000000092600000|100%| E|CS|TAMS 0x0000000092500000, 0x0000000092500000| Complete 
| 294|0x0000000092600000, 0x0000000092700000, 0x0000000092700000|100%| E|CS|TAMS 0x0000000092600000, 0x0000000092600000| Complete 
| 295|0x0000000092700000, 0x0000000092800000, 0x0000000092800000|100%| E|CS|TAMS 0x0000000092700000, 0x0000000092700000| Complete 
| 296|0x0000000092800000, 0x0000000092900000, 0x0000000092900000|100%| E|CS|TAMS 0x0000000092800000, 0x0000000092800000| Complete 
| 297|0x0000000092900000, 0x0000000092a00000, 0x0000000092a00000|100%| E|CS|TAMS 0x0000000092900000, 0x0000000092900000| Complete 
| 298|0x0000000092a00000, 0x0000000092b00000, 0x0000000092b00000|100%| E|CS|TAMS 0x0000000092a00000, 0x0000000092a00000| Complete 
| 299|0x0000000092b00000, 0x0000000092c00000, 0x0000000092c00000|100%| E|CS|TAMS 0x0000000092b00000, 0x0000000092b00000| Complete 
| 300|0x0000000092c00000, 0x0000000092d00000, 0x0000000092d00000|100%| E|CS|TAMS 0x0000000092c00000, 0x0000000092c00000| Complete 
| 301|0x0000000092d00000, 0x0000000092e00000, 0x0000000092e00000|100%| E|CS|TAMS 0x0000000092d00000, 0x0000000092d00000| Complete 
| 302|0x0000000092e00000, 0x0000000092f00000, 0x0000000092f00000|100%| E|CS|TAMS 0x0000000092e00000, 0x0000000092e00000| Complete 
| 303|0x0000000092f00000, 0x0000000093000000, 0x0000000093000000|100%| E|CS|TAMS 0x0000000092f00000, 0x0000000092f00000| Complete 
| 304|0x0000000093000000, 0x0000000093100000, 0x0000000093100000|100%| E|CS|TAMS 0x0000000093000000, 0x0000000093000000| Complete 

Card table byte_map: [0x000001d2dcea0000,0x000001d2dd2a0000] _byte_map_base: 0x000001d2dcaa0000

Marking Bits (Prev, Next): (CMBitMap*) 0x000001d2c81da8b8, (CMBitMap*) 0x000001d2c81da8f0
 Prev Bits: [0x000001d2dd6a0000, 0x000001d2df6a0000)
 Next Bits: [0x000001d2df6a0000, 0x000001d2e16a0000)

Polling page: 0x000001d2c8270000

Metaspace:

Usage:
  Non-class:    107.93 MB capacity,   105.24 MB ( 98%) used,     2.24 MB (  2%) free+waste,   461.81 KB ( <1%) overhead. 
      Class:     15.95 MB capacity,    14.49 MB ( 91%) used,     1.26 MB (  8%) free+waste,   201.81 KB (  1%) overhead. 
       Both:    123.88 MB capacity,   119.73 MB ( 97%) used,     3.50 MB (  3%) free+waste,   663.63 KB ( <1%) overhead. 

Virtual space:
  Non-class space:      110.00 MB reserved,     108.08 MB ( 98%) committed 
      Class space:        1.00 GB reserved,      16.00 MB (  2%) committed 
             Both:        1.11 GB reserved,     124.08 MB ( 11%) committed 

Chunk freelists:
   Non-Class:  27.00 KB
       Class:  0 bytes
        Both:  27.00 KB

MaxMetaspaceSize: 17179869184.00 GB
CompressedClassSpaceSize: 1.00 GB
Initial GC threshold: 20.80 MB
Current GC threshold: 206.80 MB
CDS: off

CodeHeap 'non-profiled nmethods': size=120064Kb used=37797Kb max_used=39844Kb free=82267Kb
 bounds [0x000001d2d4f30000, 0x000001d2d7620000, 0x000001d2dc470000]
CodeHeap 'profiled nmethods': size=120000Kb used=49582Kb max_used=51149Kb free=70417Kb
 bounds [0x000001d2cda00000, 0x000001d2d0c90000, 0x000001d2d4f30000]
CodeHeap 'non-nmethods': size=5696Kb used=2431Kb max_used=2505Kb free=3264Kb
 bounds [0x000001d2cd470000, 0x000001d2cd6f0000, 0x000001d2cda00000]
 total_blobs=25881 nmethods=24929 adapters=861
 compilation: enabled
              stopped_count=0, restarted_count=0
 full_count=0

Compilation events (20 events):
Event: 14814.244 Thread 0x000001d2e460e800 34221       4       com.android.tools.r8.graph.B0::a (401 bytes)
Event: 14814.290 Thread 0x000001d2e4612800 34250 %     3       com.android.tools.r8.ir.regalloc.a::e @ 27 (184 bytes)
Event: 14814.291 Thread 0x000001d2e460e800 nmethod 34221 0x000001d2d603df90 code [0x000001d2d603e2c0, 0x000001d2d6040530]
Event: 14814.291 Thread 0x000001d2e4612800 nmethod 34250% 0x000001d2ce1d9a90 code [0x000001d2ce1d9e40, 0x000001d2ce1dbb28]
Event: 14814.291 Thread 0x000001d2e460e800 34246       4       com.android.tools.r8.ir.regalloc.j::b (207 bytes)
Event: 14814.332 Thread 0x000001d2e460e800 nmethod 34246 0x000001d2d5203190 code [0x000001d2d5203420, 0x000001d2d5204810]
Event: 14814.332 Thread 0x000001d2e460e800 34257 %     4       com.android.tools.r8.u.c.J::a @ 44 (565 bytes)
Event: 14814.407 Thread 0x000001d2e4612800 34280 %     3       com.android.tools.r8.u.b.W::y @ 93 (210 bytes)
Event: 14814.410 Thread 0x000001d2e4612800 nmethod 34280% 0x000001d2ce033390 code [0x000001d2ce033960, 0x000001d2ce036e28]
Event: 14814.448 Thread 0x000001d2e460e800 nmethod 34257% 0x000001d2d5262b90 code [0x000001d2d5263020, 0x000001d2d5266f50]
Event: 14814.448 Thread 0x000001d2e460e800 34279       4       com.android.tools.r8.ir.optimize.l::l (199 bytes)
Event: 14814.499 Thread 0x000001d2e460e800 nmethod 34279 0x000001d2d6caaf10 code [0x000001d2d6cab200, 0x000001d2d6caca90]
Event: 14814.499 Thread 0x000001d2e460e800 34272 % !   4       com.android.tools.r8.ir.optimize.n::a @ 48 (507 bytes)
Event: 14814.561 Thread 0x000001d2e4612800 34288 %     3       com.android.tools.r8.ir.regalloc.a::a @ 610 (1155 bytes)
Event: 14814.566 Thread 0x000001d2e4612800 nmethod 34288% 0x000001d2ce89d290 code [0x000001d2ce89db20, 0x000001d2ce8a2c98]
Event: 14814.566 Thread 0x000001d2e4ad0800 34265       4       com.android.tools.r8.ir.conversion.o::<init> (238 bytes)
Event: 14814.643 Thread 0x000001d2e4ad0800 nmethod 34265 0x000001d2d55f1f90 code [0x000001d2d55f22c0, 0x000001d2d55f4c70]
Event: 14814.644 Thread 0x000001d2e4ad0800 34287       4       com.android.tools.r8.u.c.J::a (565 bytes)
Event: 14814.679 Thread 0x000001d2e4612800 34294       1       com.android.tools.r8.u.b.h0::a (2 bytes)
Event: 14814.680 Thread 0x000001d2e4612800 nmethod 34294 0x000001d2d5152a10 code [0x000001d2d5152bc0, 0x000001d2d5152c78]

GC Heap History (20 events):
Event: 14807.666 GC heap before
{Heap before GC invocations=307 (full 0):
 garbage-first heap   total 312320K, used 265594K [0x0000000080000000, 0x0000000100000000)
  region size 1024K, 129 young (132096K), 4 survivors (4096K)
 Metaspace       used 122563K, capacity 126845K, committed 127056K, reserved 1161216K
  class space    used 14841K, capacity 16335K, committed 16384K, reserved 1048576K
}
Event: 14807.683 GC heap after
{Heap after GC invocations=308 (full 0):
 garbage-first heap   total 312320K, used 134052K [0x0000000080000000, 0x0000000100000000)
  region size 1024K, 12 young (12288K), 12 survivors (12288K)
 Metaspace       used 122563K, capacity 126845K, committed 127056K, reserved 1161216K
  class space    used 14841K, capacity 16335K, committed 16384K, reserved 1048576K
}
Event: 14807.724 GC heap before
{Heap before GC invocations=308 (full 0):
 garbage-first heap   total 312320K, used 137124K [0x0000000080000000, 0x0000000100000000)
  region size 1024K, 15 young (15360K), 12 survivors (12288K)
 Metaspace       used 122563K, capacity 126845K, committed 127056K, reserved 1161216K
  class space    used 14841K, capacity 16335K, committed 16384K, reserved 1048576K
}
Event: 14807.735 GC heap after
{Heap after GC invocations=309 (full 0):
 garbage-first heap   total 312320K, used 133381K [0x0000000080000000, 0x0000000100000000)
  region size 1024K, 2 young (2048K), 2 survivors (2048K)
 Metaspace       used 122563K, capacity 126845K, committed 127056K, reserved 1161216K
  class space    used 14841K, capacity 16335K, committed 16384K, reserved 1048576K
}
Event: 14809.541 GC heap before
{Heap before GC invocations=309 (full 0):
 garbage-first heap   total 312320K, used 251141K [0x0000000080000000, 0x0000000100000000)
  region size 1024K, 118 young (120832K), 2 survivors (2048K)
 Metaspace       used 122573K, capacity 126851K, committed 127056K, reserved 1161216K
  class space    used 14842K, capacity 16337K, committed 16384K, reserved 1048576K
}
Event: 14809.552 GC heap after
{Heap after GC invocations=310 (full 0):
 garbage-first heap   total 312320K, used 135202K [0x0000000080000000, 0x0000000100000000)
  region size 1024K, 4 young (4096K), 4 survivors (4096K)
 Metaspace       used 122573K, capacity 126851K, committed 127056K, reserved 1161216K
  class space    used 14842K, capacity 16337K, committed 16384K, reserved 1048576K
}
Event: 14811.482 GC heap before
{Heap before GC invocations=311 (full 0):
 garbage-first heap   total 312320K, used 260130K [0x0000000080000000, 0x0000000100000000)
  region size 1024K, 122 young (124928K), 4 survivors (4096K)
 Metaspace       used 122577K, capacity 126851K, committed 127056K, reserved 1161216K
  class space    used 14842K, capacity 16337K, committed 16384K, reserved 1048576K
}
Event: 14811.505 GC heap after
{Heap after GC invocations=312 (full 0):
 garbage-first heap   total 312320K, used 158701K [0x0000000080000000, 0x0000000100000000)
  region size 1024K, 16 young (16384K), 16 survivors (16384K)
 Metaspace       used 122577K, capacity 126851K, committed 127056K, reserved 1161216K
  class space    used 14842K, capacity 16337K, committed 16384K, reserved 1048576K
}
Event: 14811.510 GC heap before
{Heap before GC invocations=312 (full 0):
 garbage-first heap   total 312320K, used 159725K [0x0000000080000000, 0x0000000100000000)
  region size 1024K, 17 young (17408K), 16 survivors (16384K)
 Metaspace       used 122577K, capacity 126851K, committed 127056K, reserved 1161216K
  class space    used 14842K, capacity 16337K, committed 16384K, reserved 1048576K
}
Event: 14811.535 GC heap after
{Heap after GC invocations=313 (full 0):
 garbage-first heap   total 312320K, used 147456K [0x0000000080000000, 0x0000000100000000)
  region size 1024K, 2 young (2048K), 2 survivors (2048K)
 Metaspace       used 122577K, capacity 126851K, committed 127056K, reserved 1161216K
  class space    used 14842K, capacity 16337K, committed 16384K, reserved 1048576K
}
Event: 14812.693 GC heap before
{Heap before GC invocations=313 (full 0):
 garbage-first heap   total 312320K, used 249856K [0x0000000080000000, 0x0000000100000000)
  region size 1024K, 102 young (104448K), 2 survivors (2048K)
 Metaspace       used 122585K, capacity 126851K, committed 127056K, reserved 1161216K
  class space    used 14842K, capacity 16337K, committed 16384K, reserved 1048576K
}
Event: 14812.706 GC heap after
{Heap after GC invocations=314 (full 0):
 garbage-first heap   total 312320K, used 148772K [0x0000000080000000, 0x0000000100000000)
  region size 1024K, 4 young (4096K), 4 survivors (4096K)
 Metaspace       used 122585K, capacity 126851K, committed 127056K, reserved 1161216K
  class space    used 14842K, capacity 16337K, committed 16384K, reserved 1048576K
}
Event: 14813.857 GC heap before
{Heap before GC invocations=315 (full 0):
 garbage-first heap   total 312320K, used 255268K [0x0000000080000000, 0x0000000100000000)
  region size 1024K, 106 young (108544K), 4 survivors (4096K)
 Metaspace       used 122598K, capacity 126854K, committed 127056K, reserved 1161216K
  class space    used 14842K, capacity 16337K, committed 16384K, reserved 1048576K
}
Event: 14813.870 GC heap after
{Heap after GC invocations=316 (full 0):
 garbage-first heap   total 312320K, used 151552K [0x0000000080000000, 0x0000000100000000)
  region size 1024K, 6 young (6144K), 6 survivors (6144K)
 Metaspace       used 122598K, capacity 126854K, committed 127056K, reserved 1161216K
  class space    used 14842K, capacity 16337K, committed 16384K, reserved 1048576K
}
Event: 14813.891 GC heap before
{Heap before GC invocations=316 (full 0):
 garbage-first heap   total 312320K, used 159744K [0x0000000080000000, 0x0000000100000000)
  region size 1024K, 15 young (15360K), 6 survivors (6144K)
 Metaspace       used 122598K, capacity 126854K, committed 127056K, reserved 1161216K
  class space    used 14842K, capacity 16337K, committed 16384K, reserved 1048576K
}
Event: 14813.900 GC heap after
{Heap after GC invocations=317 (full 0):
 garbage-first heap   total 312320K, used 151546K [0x0000000080000000, 0x0000000100000000)
  region size 1024K, 1 young (1024K), 1 survivors (1024K)
 Metaspace       used 122598K, capacity 126854K, committed 127056K, reserved 1161216K
  class space    used 14842K, capacity 16337K, committed 16384K, reserved 1048576K
}
Event: 14814.359 GC heap before
{Heap before GC invocations=317 (full 0):
 garbage-first heap   total 312320K, used 255994K [0x0000000080000000, 0x0000000100000000)
  region size 1024K, 104 young (106496K), 1 survivors (1024K)
 Metaspace       used 122603K, capacity 126854K, committed 127056K, reserved 1161216K
  class space    used 14842K, capacity 16337K, committed 16384K, reserved 1048576K
}
Event: 14814.369 GC heap after
{Heap after GC invocations=318 (full 0):
 garbage-first heap   total 312320K, used 154624K [0x0000000080000000, 0x0000000100000000)
  region size 1024K, 4 young (4096K), 4 survivors (4096K)
 Metaspace       used 122603K, capacity 126854K, committed 127056K, reserved 1161216K
  class space    used 14842K, capacity 16337K, committed 16384K, reserved 1048576K
}
Event: 14814.646 GC heap before
{Heap before GC invocations=318 (full 0):
 garbage-first heap   total 312320K, used 251904K [0x0000000080000000, 0x0000000100000000)
  region size 1024K, 107 young (109568K), 4 survivors (4096K)
 Metaspace       used 122603K, capacity 126854K, committed 127056K, reserved 1161216K
  class space    used 14842K, capacity 16337K, committed 16384K, reserved 1048576K
}
Event: 14814.656 GC heap after
{Heap after GC invocations=319 (full 0):
 garbage-first heap   total 312320K, used 148101K [0x0000000080000000, 0x0000000100000000)
  region size 1024K, 6 young (6144K), 6 survivors (6144K)
 Metaspace       used 122603K, capacity 126854K, committed 127056K, reserved 1161216K
  class space    used 14842K, capacity 16337K, committed 16384K, reserved 1048576K
}

Deoptimization events (20 events):
Event: 14814.406 Thread 0x000001d2e4ac5800 DEOPT PACKING pc=0x000001d2cfeb103a sp=0x00000036fc5fd240
Event: 14814.406 Thread 0x000001d2e4ac5800 DEOPT UNPACKING pc=0x000001d2cd4ba95e sp=0x00000036fc5fc7a8 mode 0
Event: 14814.486 Thread 0x000001d2e4ac5800 DEOPT PACKING pc=0x000001d2cff255a8 sp=0x00000036fc5fd230
Event: 14814.486 Thread 0x000001d2e4ac5800 DEOPT UNPACKING pc=0x000001d2cd4ba95e sp=0x00000036fc5fc7c0 mode 0
Event: 14814.500 Thread 0x000001d2e4ac5800 DEOPT PACKING pc=0x000001d2cfeae25f sp=0x00000036fc5fd120
Event: 14814.500 Thread 0x000001d2e4ac5800 DEOPT UNPACKING pc=0x000001d2cd4ba95e sp=0x00000036fc5fc630 mode 0
Event: 14814.527 Thread 0x000001d2e4ac5800 DEOPT PACKING pc=0x000001d2cfe38bb7 sp=0x00000036fc5fd340
Event: 14814.527 Thread 0x000001d2e4ac5800 DEOPT UNPACKING pc=0x000001d2cd4ba95e sp=0x00000036fc5fc830 mode 0
Event: 14814.558 Thread 0x000001d2e4ac5800 DEOPT PACKING pc=0x000001d2cfefcea3 sp=0x00000036fc5fd1e0
Event: 14814.558 Thread 0x000001d2e4ac5800 DEOPT UNPACKING pc=0x000001d2cd4ba95e sp=0x00000036fc5fc808 mode 0
Event: 14814.594 Thread 0x000001d2e4ac5800 DEOPT PACKING pc=0x000001d2cff255a8 sp=0x00000036fc5fd230
Event: 14814.594 Thread 0x000001d2e4ac5800 DEOPT UNPACKING pc=0x000001d2cd4ba95e sp=0x00000036fc5fc7c0 mode 0
Event: 14814.672 Thread 0x000001d2e4ac5800 DEOPT PACKING pc=0x000001d2cfeae1b5 sp=0x00000036fc5fd120
Event: 14814.672 Thread 0x000001d2e4ac5800 DEOPT UNPACKING pc=0x000001d2cd4ba95e sp=0x00000036fc5fc630 mode 0
Event: 14814.675 Thread 0x000001d2e4ac5800 DEOPT PACKING pc=0x000001d2cfefcea3 sp=0x00000036fc5fd140
Event: 14814.675 Thread 0x000001d2e4ac5800 DEOPT UNPACKING pc=0x000001d2cd4ba95e sp=0x00000036fc5fc768 mode 0
Event: 14814.680 Thread 0x000001d2e4ac5800 DEOPT PACKING pc=0x000001d2cfe73f25 sp=0x00000036fc5fce40
Event: 14814.680 Thread 0x000001d2e4ac5800 DEOPT UNPACKING pc=0x000001d2cd4ba95e sp=0x00000036fc5fc3a8 mode 0
Event: 14814.684 Thread 0x000001d2e4ac5800 DEOPT PACKING pc=0x000001d2cfe38bd8 sp=0x00000036fc5fd2a0
Event: 14814.685 Thread 0x000001d2e4ac5800 DEOPT UNPACKING pc=0x000001d2cd4ba95e sp=0x00000036fc5fc790 mode 0

Classes redefined (0 events):
No events

Internal exceptions (20 events):
Event: 14813.597 Thread 0x000001d2e923f000 Exception <a 'sun/nio/fs/WindowsException'{0x000000008e26d0f0}> (0x000000008e26d0f0) thrown at [./src/hotspot/share/prims/jni.cpp, line 615]
Event: 14813.598 Thread 0x000001d2e923f000 Exception <a 'sun/nio/fs/WindowsException'{0x000000008e271f78}> (0x000000008e271f78) thrown at [./src/hotspot/share/prims/jni.cpp, line 615]
Event: 14813.600 Thread 0x000001d2e923f000 Exception <a 'sun/nio/fs/WindowsException'{0x000000008e277678}> (0x000000008e277678) thrown at [./src/hotspot/share/prims/jni.cpp, line 615]
Event: 14813.603 Thread 0x000001d2e923f000 Exception <a 'sun/nio/fs/WindowsException'{0x000000008e27e8c8}> (0x000000008e27e8c8) thrown at [./src/hotspot/share/prims/jni.cpp, line 615]
Event: 14813.605 Thread 0x000001d2e923f000 Exception <a 'sun/nio/fs/WindowsException'{0x000000008e286200}> (0x000000008e286200) thrown at [./src/hotspot/share/prims/jni.cpp, line 615]
Event: 14813.607 Thread 0x000001d2e923f000 Exception <a 'sun/nio/fs/WindowsException'{0x000000008e28b9f8}> (0x000000008e28b9f8) thrown at [./src/hotspot/share/prims/jni.cpp, line 615]
Event: 14813.609 Thread 0x000001d2e923f000 Exception <a 'sun/nio/fs/WindowsException'{0x000000008e292240}> (0x000000008e292240) thrown at [./src/hotspot/share/prims/jni.cpp, line 615]
Event: 14813.612 Thread 0x000001d2e923f000 Exception <a 'sun/nio/fs/WindowsException'{0x000000008e298848}> (0x000000008e298848) thrown at [./src/hotspot/share/prims/jni.cpp, line 615]
Event: 14813.615 Thread 0x000001d2e923f000 Exception <a 'sun/nio/fs/WindowsException'{0x000000008e2a7c58}> (0x000000008e2a7c58) thrown at [./src/hotspot/share/prims/jni.cpp, line 615]
Event: 14813.617 Thread 0x000001d2e923f000 Exception <a 'sun/nio/fs/WindowsException'{0x000000008e2b3450}> (0x000000008e2b3450) thrown at [./src/hotspot/share/prims/jni.cpp, line 615]
Event: 14813.620 Thread 0x000001d2e923f000 Exception <a 'sun/nio/fs/WindowsException'{0x000000008e2ba110}> (0x000000008e2ba110) thrown at [./src/hotspot/share/prims/jni.cpp, line 615]
Event: 14813.622 Thread 0x000001d2e923f000 Exception <a 'sun/nio/fs/WindowsException'{0x000000008e2c2aa8}> (0x000000008e2c2aa8) thrown at [./src/hotspot/share/prims/jni.cpp, line 615]
Event: 14813.624 Thread 0x000001d2e923f000 Exception <a 'sun/nio/fs/WindowsException'{0x000000008e2ca450}> (0x000000008e2ca450) thrown at [./src/hotspot/share/prims/jni.cpp, line 615]
Event: 14813.627 Thread 0x000001d2e923f000 Exception <a 'sun/nio/fs/WindowsException'{0x000000008e2cf4b0}> (0x000000008e2cf4b0) thrown at [./src/hotspot/share/prims/jni.cpp, line 615]
Event: 14813.629 Thread 0x000001d2e923f000 Exception <a 'sun/nio/fs/WindowsException'{0x000000008e2d42e0}> (0x000000008e2d42e0) thrown at [./src/hotspot/share/prims/jni.cpp, line 615]
Event: 14813.631 Thread 0x000001d2e923f000 Exception <a 'sun/nio/fs/WindowsException'{0x000000008e2d9110}> (0x000000008e2d9110) thrown at [./src/hotspot/share/prims/jni.cpp, line 615]
Event: 14813.634 Thread 0x000001d2e923f000 Exception <a 'sun/nio/fs/WindowsException'{0x000000008e2ddf40}> (0x000000008e2ddf40) thrown at [./src/hotspot/share/prims/jni.cpp, line 615]
Event: 14813.636 Thread 0x000001d2e923f000 Exception <a 'sun/nio/fs/WindowsException'{0x000000008e2e2a60}> (0x000000008e2e2a60) thrown at [./src/hotspot/share/prims/jni.cpp, line 615]
Event: 14813.638 Thread 0x000001d2e923f000 Exception <a 'sun/nio/fs/WindowsException'{0x000000008e2ff408}> (0x000000008e2ff408) thrown at [./src/hotspot/share/prims/jni.cpp, line 615]
Event: 14814.166 Thread 0x000001d2e4ac5800 Exception <a 'sun/nio/fs/WindowsException'{0x000000008ff763f0}> (0x000000008ff763f0) thrown at [./src/hotspot/share/prims/jni.cpp, line 615]

Events (20 events):
Event: 14813.932 Executing VM operation: RevokeBias done
Event: 14814.076 Executing VM operation: RevokeBias
Event: 14814.076 Executing VM operation: RevokeBias done
Event: 14814.076 Executing VM operation: RevokeBias
Event: 14814.077 Executing VM operation: RevokeBias done
Event: 14814.077 Executing VM operation: RevokeBias
Event: 14814.077 Executing VM operation: RevokeBias done
Event: 14814.077 Executing VM operation: RevokeBias
Event: 14814.077 Executing VM operation: RevokeBias done
Event: 14814.095 Thread 0x000001d2e4ac5800 Thread added: 0x000001d2e4ac5800
Event: 14814.096 Thread 0x000001d2e4acd000 Thread added: 0x000001d2e4acd000
Event: 14814.359 Executing VM operation: G1CollectForAllocation
Event: 14814.369 Executing VM operation: G1CollectForAllocation done
Event: 14814.540 Executing VM operation: CGC_Operation
Event: 14814.557 Executing VM operation: CGC_Operation done
Event: 14814.566 Thread 0x000001d2e4ad0800 Thread added: 0x000001d2e4ad0800
Event: 14814.646 Executing VM operation: G1CollectForAllocation
Event: 14814.656 Executing VM operation: G1CollectForAllocation done
Event: 14814.664 Executing VM operation: CGC_Operation
Event: 14814.665 Executing VM operation: CGC_Operation done


Dynamic libraries:
0x00007ff631250000 - 0x00007ff63125a000 	C:\Program Files\Android\Android Studio1\jre\bin\java.exe
0x00007ffe83990000 - 0x00007ffe83b88000 	C:\WINDOWS\SYSTEM32\ntdll.dll
0x00007ffe81b90000 - 0x00007ffe81c4d000 	C:\WINDOWS\System32\KERNEL32.DLL
0x00007ffe81720000 - 0x00007ffe819ee000 	C:\WINDOWS\System32\KERNELBASE.dll
0x0000000071be0000 - 0x0000000071c8f000 	C:\ProgramData\Symantec\Symantec Endpoint Protection\14.3.5413.3000.105\Data\Sysfer\x64\sysfer.dll
0x00007ffe810b0000 - 0x00007ffe811b0000 	C:\WINDOWS\System32\ucrtbase.dll
0x00007ffe7a060000 - 0x00007ffe7a077000 	C:\Program Files\Android\Android Studio1\jre\bin\VCRUNTIME140.dll
0x00007ffe626b0000 - 0x00007ffe626c9000 	C:\Program Files\Android\Android Studio1\jre\bin\jli.dll
0x00007ffe82310000 - 0x00007ffe824b0000 	C:\WINDOWS\System32\USER32.dll
0x00007ffe6dcf0000 - 0x00007ffe6df8a000 	C:\WINDOWS\WinSxS\amd64_microsoft.windows.common-controls_6595b64144ccf1df_6.0.19041.1110_none_60b5254171f9507e\COMCTL32.dll
0x00007ffe815e0000 - 0x00007ffe81602000 	C:\WINDOWS\System32\win32u.dll
0x00007ffe83710000 - 0x00007ffe837ae000 	C:\WINDOWS\System32\msvcrt.dll
0x00007ffe83910000 - 0x00007ffe8393a000 	C:\WINDOWS\System32\GDI32.dll
0x00007ffe81610000 - 0x00007ffe8171b000 	C:\WINDOWS\System32\gdi32full.dll
0x00007ffe81540000 - 0x00007ffe815dd000 	C:\WINDOWS\System32\msvcp_win.dll
0x00007ffe819f0000 - 0x00007ffe81a20000 	C:\WINDOWS\System32\IMM32.DLL
0x00007ffe44a10000 - 0x00007ffe44aad000 	C:\Program Files\Android\Android Studio1\jre\bin\msvcp140.dll
0x00007ffe12710000 - 0x00007ffe131f5000 	C:\Program Files\Android\Android Studio1\jre\bin\server\jvm.dll
0x00007ffe83030000 - 0x00007ffe830de000 	C:\WINDOWS\System32\ADVAPI32.dll
0x00007ffe81a20000 - 0x00007ffe81abc000 	C:\WINDOWS\System32\sechost.dll
0x00007ffe830e0000 - 0x00007ffe83205000 	C:\WINDOWS\System32\RPCRT4.dll
0x00007ffe82c00000 - 0x00007ffe82c08000 	C:\WINDOWS\System32\PSAPI.DLL
0x00007ffe6eda0000 - 0x00007ffe6eda9000 	C:\WINDOWS\SYSTEM32\WSOCK32.dll
0x00007ffe822a0000 - 0x00007ffe8230b000 	C:\WINDOWS\System32\WS2_32.dll
0x00007ffe6b110000 - 0x00007ffe6b137000 	C:\WINDOWS\SYSTEM32\WINMM.dll
0x00007ffe72660000 - 0x00007ffe7266a000 	C:\WINDOWS\SYSTEM32\VERSION.dll
0x00007ffe7f950000 - 0x00007ffe7f962000 	C:\WINDOWS\SYSTEM32\kernel.appcore.dll
0x00007ffe5ef60000 - 0x00007ffe5ef71000 	C:\Program Files\Android\Android Studio1\jre\bin\verify.dll
0x00007ffe6fbd0000 - 0x00007ffe6fdb4000 	C:\WINDOWS\SYSTEM32\DBGHELP.DLL
0x00007ffe70870000 - 0x00007ffe7089c000 	C:\WINDOWS\SYSTEM32\dbgcore.DLL
0x00007ffe814b0000 - 0x00007ffe81532000 	C:\WINDOWS\System32\bcryptPrimitives.dll
0x00007ffe4cdb0000 - 0x00007ffe4cdd9000 	C:\Program Files\Android\Android Studio1\jre\bin\java.dll
0x00007ffe7b9b0000 - 0x00007ffe7b9bb000 	C:\Program Files\Android\Android Studio1\jre\bin\jimage.dll
0x00007ffe4cd90000 - 0x00007ffe4cda8000 	C:\Program Files\Android\Android Studio1\jre\bin\zip.dll
0x00007ffe824b0000 - 0x00007ffe82bf4000 	C:\WINDOWS\System32\SHELL32.dll
0x00007ffe7ef60000 - 0x00007ffe7f6f4000 	C:\WINDOWS\SYSTEM32\windows.storage.dll
0x00007ffe83210000 - 0x00007ffe83564000 	C:\WINDOWS\System32\combase.dll
0x00007ffe80960000 - 0x00007ffe80990000 	C:\WINDOWS\SYSTEM32\Wldp.dll
0x00007ffe82f80000 - 0x00007ffe8302d000 	C:\WINDOWS\System32\SHCORE.dll
0x00007ffe82c70000 - 0x00007ffe82cc5000 	C:\WINDOWS\System32\shlwapi.dll
0x00007ffe80ff0000 - 0x00007ffe8100f000 	C:\WINDOWS\SYSTEM32\profapi.dll
0x00007ffe4a170000 - 0x00007ffe4a18a000 	C:\Program Files\Android\Android Studio1\jre\bin\net.dll
0x00007ffe77d90000 - 0x00007ffe77e9a000 	C:\WINDOWS\SYSTEM32\WINHTTP.dll
0x00007ffe80740000 - 0x00007ffe807aa000 	C:\WINDOWS\system32\mswsock.dll
0x00007ffe4a150000 - 0x00007ffe4a164000 	C:\Program Files\Android\Android Studio1\jre\bin\nio.dll
0x00007ffe64890000 - 0x00007ffe648b6000 	C:\Users\ADIT-PC\.gradle\native\31\windows-amd64\native-platform.dll
0x00007ffe7b700000 - 0x00007ffe7b70a000 	C:\Program Files\Android\Android Studio1\jre\bin\management.dll
0x00007ffe7a3b0000 - 0x00007ffe7a3bd000 	C:\Program Files\Android\Android Studio1\jre\bin\management_ext.dll
0x00007ffe809a0000 - 0x00007ffe809b8000 	C:\WINDOWS\SYSTEM32\CRYPTSP.dll
0x00007ffe800e0000 - 0x00007ffe80114000 	C:\WINDOWS\system32\rsaenh.dll
0x00007ffe81410000 - 0x00007ffe81437000 	C:\WINDOWS\System32\bcrypt.dll
0x00007ffe80fb0000 - 0x00007ffe80fde000 	C:\WINDOWS\SYSTEM32\USERENV.dll
0x00007ffe808d0000 - 0x00007ffe808dc000 	C:\WINDOWS\SYSTEM32\CRYPTBASE.dll
0x00007ffe80450000 - 0x00007ffe8048b000 	C:\WINDOWS\SYSTEM32\IPHLPAPI.DLL
0x00007ffe83940000 - 0x00007ffe83948000 	C:\WINDOWS\System32\NSI.dll
0x00007ffe77f50000 - 0x00007ffe77f67000 	C:\WINDOWS\SYSTEM32\dhcpcsvc6.DLL
0x00007ffe77f00000 - 0x00007ffe77f1d000 	C:\WINDOWS\SYSTEM32\dhcpcsvc.DLL
0x00007ffe804a0000 - 0x00007ffe8056b000 	C:\WINDOWS\SYSTEM32\DNSAPI.dll
0x00007ffe49c30000 - 0x00007ffe49c57000 	C:\Program Files\Android\Android Studio1\jre\bin\sunec.dll
0x00007ffe71850000 - 0x00007ffe7185a000 	C:\Windows\System32\rasadhlp.dll
0x00007ffe77bb0000 - 0x00007ffe77c30000 	C:\WINDOWS\System32\fwpuclnt.dll

dbghelp: loaded successfully - version: 4.0.5 - missing functions: none
symbol engine: initialized successfully - sym options: 0x614 - pdb path: .;C:\Program Files\Android\Android Studio1\jre\bin;C:\WINDOWS\SYSTEM32;C:\ProgramData\Symantec\Symantec Endpoint Protection\14.3.5413.3000.105\Data\Sysfer\x64;C:\WINDOWS\WinSxS\amd64_microsoft.windows.common-controls_6595b64144ccf1df_6.0.19041.1110_none_60b5254171f9507e;C:\Program Files\Android\Android Studio1\jre\bin\server;C:\Users\ADIT-PC\.gradle\native\31\windows-amd64

VM Arguments:
jvm_args: --add-opens=java.base/java.util=ALL-UNNAMED --add-opens=java.base/java.lang=ALL-UNNAMED --add-opens=java.base/java.lang.invoke=ALL-UNNAMED --add-opens=java.prefs/java.util.prefs=ALL-UNNAMED -Xmx2048m -Dfile.encoding=windows-1252 -Duser.country=ID -Duser.language=en -Duser.variant 
java_command: org.gradle.launcher.daemon.bootstrap.GradleDaemon 6.1.1
java_class_path (initial): C:\Users\ADIT-PC\.gradle\wrapper\dists\gradle-6.1.1-all\cfmwm155h49vnt3hynmlrsdst\gradle-6.1.1\lib\gradle-launcher-6.1.1.jar
Launcher Type: SUN_STANDARD

[Global flags]
     intx CICompilerCount                          = 3                                         {product} {ergonomic}
     uint ConcGCThreads                            = 1                                         {product} {ergonomic}
     uint G1ConcRefinementThreads                  = 4                                         {product} {ergonomic}
   size_t G1HeapRegionSize                         = 1048576                                   {product} {ergonomic}
    uintx GCDrainStackTargetSize                   = 64                                        {product} {ergonomic}
   size_t InitialHeapSize                          = 266338304                                 {product} {ergonomic}
   size_t MarkStackSize                            = 4194304                                   {product} {ergonomic}
   size_t MaxHeapSize                              = 2147483648                                {product} {command line}
   size_t MaxNewSize                               = 1287651328                                {product} {ergonomic}
   size_t MinHeapDeltaBytes                        = 1048576                                   {product} {ergonomic}
    uintx NonNMethodCodeHeapSize                   = 5830732                                {pd product} {ergonomic}
    uintx NonProfiledCodeHeapSize                  = 122913754                              {pd product} {ergonomic}
    uintx ProfiledCodeHeapSize                     = 122913754                              {pd product} {ergonomic}
    uintx ReservedCodeCacheSize                    = 251658240                              {pd product} {ergonomic}
     bool SegmentedCodeCache                       = true                                      {product} {ergonomic}
     bool UseCompressedClassPointers               = true                                 {lp64_product} {ergonomic}
     bool UseCompressedOops                        = true                                 {lp64_product} {ergonomic}
     bool UseG1GC                                  = true                                      {product} {ergonomic}
     bool UseLargePagesIndividualAllocation        = false                                  {pd product} {ergonomic}

Logging:
Log output configuration:
 #0: stdout all=warning uptime,level,tags
 #1: stderr all=off uptime,level,tags

Environment Variables:
JAVA_HOME=C:\Program Files\Java\jdk-15.0.2
CLASSPATH=.;
PATH=C:\Program Files\Common Files\Oracle\Java\javapath;C:\Python311\Scripts\;C:\Python311\;C:\Python310\Scripts\;C:\Python310\;C:\Python27\;C:\Python27\Scripts;C:\Program Files (x86)\Common Files\Oracle\Java\javapath;C:\Program Files\Docker\Docker\Resources\bin;C:\ProgramData\Oracle\Java\javapath;C:\Program Files (x86)\Intel\iCLS Client\;C:\Program Files\Intel\iCLS Client\;C:\WINDOWS\system32;C:\WINDOWS;C:\WINDOWS\System32\Wbem;C:\WINDOWS\System32\WindowsPowerShell\v1.0\;C:\Program Files (x86)\Intel\Intel(R) Management Engine Components\DAL;C:\Program Files\Intel\Intel(R) Management Engine Components\DAL;C:\Program Files (x86)\Intel\Intel(R) Management Engine Components\IPT;C:\Program Files\Intel\Intel(R) Management Engine Components\IPT;C:\Program Files\Java\jre1.8.0_162\bin;C:\Program Files (x86)\GtkSharp\2.12\bin;C:\Program Files\PuTTY\;C:\Program Files\Java\jdk1.8.0_162\bin;C:\PROGRA~2\Groovy\GROOVY~1.15\bin;C:\WINDOWS\System32\OpenSSH\;C:\xampp\php;C:\Program Files (x86)\Microsoft SQL Server\Client SDK\ODBC\130\Tools\Binn\;C:\Program Files (x86)\Microsoft SQL Server\140\Tools\Binn\;C:\Program Files (x86)\Microsoft SQL Server\140\DTS\Binn\;C:\Program Files (x86)\Microsoft SQL Server\140\Tools\Binn\ManagementStudio\;c:\Program Files (x86)\Microsoft SQL Server\110\Tools\Binn\;c:\Program Files\Microsoft SQL Server\110\Tools\Binn\;c:\Program Files\Microsoft SQL Server\110\DTS\Binn\;C:\composer;C:\Flutter\flutter\bin;C:\Bitnami\wampstack-5.6.39-0\php;C:\ProgramData\chocolatey\bin;C:\Program Files (x86)\Yarn\bin\;C:\Program Files\Java\jdk1.8.0_211\bin;C:\Program Files\OpenJDK\openjdk-8u312-b07\bin;C:\Program Files\nodejs\;C:\Program Files\Git\cmd;C:\Users\ADIT-PC\AppData\Local\Microsoft\WindowsApps;C:\Users\ADIT-PC\AppData\Local\Android\Sdk\platform-tools;C:\Users\ADIT-PC\AppData\Roaming\npm;C:\Users\ADIT-PC\AppData\Local\Programs\Microsoft VS Code\bin;C:\Users\ADIT-PC\AppData\Local\Android\Sdk;C:\src\flutter\bin;C:\Users\ADIT-PC\AppData\Local\GitHubDesktop\bin
USERNAME=ADIT-PC
OS=Windows_NT
PROCESSOR_IDENTIFIER=Intel64 Family 6 Model 94 Stepping 3, GenuineIntel



---------------  S Y S T E M  ---------------

OS: Windows 10 , 64 bit Build 19041 (10.0.19041.1806)
OS uptime: 5 days 6:46 hours
Hyper-V role detected

CPU:total 4 (initial active 4) (4 cores per cpu, 1 threads per core) family 6 model 94 stepping 3 microcode 0xf0, cmov, cx8, fxsr, mmx, sse, sse2, sse3, ssse3, sse4.1, sse4.2, popcnt, avx, avx2, aes, clmul, erms, rtm, 3dnowpref, lzcnt, tsc, tscinvbit, bmi1, bmi2, adx, fma

Memory: 4k page, system-wide physical 16247M (410M free)
TotalPageFile size 25028M (AvailPageFile size 8M)
current process WorkingSet (physical memory assigned to process): 598M, peak: 725M
current process commit charge ("private bytes"): 726M, peak: 751M

vm_info: OpenJDK 64-Bit Server VM (11.0.12+7-b1504.28-7817840) for windows-amd64 JRE (11.0.12+7-b1504.28-7817840), built on Oct 13 2021 22:12:33 by "builder" with MS VC++ 14.0 (VS2015)

END.
