#
# There is insufficient memory for the Java Runtime Environment to continue.
# Native memory allocation (malloc) failed to allocate 1561856 bytes for Chunk::new
# Possible reasons:
#   The system is out of physical RAM or swap space
#   The process is running with CompressedOops enabled, and the Java Heap may be blocking the growth of the native heap
# Possible solutions:
#   Reduce memory load on the system
#   Increase physical memory or swap space
#   Check if swap backing store is full
#   Decrease Java heap size (-Xmx/-Xms)
#   Decrease number of Java threads
#   Decrease Java thread stack sizes (-Xss)
#   Set larger code cache with -XX:ReservedCodeCacheSize=
#   JVM is running with Unscaled Compressed Oops mode in which the Java heap is
#     placed in the first 4GB address space. The Java Heap base address is the
#     maximum limit for the native heap growth. Please use -XX:HeapBaseMinAddress
#     to set the Java Heap base and to place the Java Heap above 4GB virtual address.
# This output file may be truncated or incomplete.
#
#  Out of Memory Error (allocation.cpp:389), pid=10980, tid=0x000000000000587c
#
# JRE version: OpenJDK Runtime Environment (8.0_242-b01) (build 1.8.0_242-release-1644-b01)
# Java VM: OpenJDK 64-Bit Server VM (25.242-b01 mixed mode windows-amd64 compressed oops)
# Failed to write core dump. Minidumps are not enabled by default on client versions of Windows
#

---------------  T H R E A D  ---------------

Current thread (0x000000001712c000):  JavaThread "C2 CompilerThread1" daemon [_thread_in_native, id=22652, stack(0x0000000018870000,0x0000000018970000)]

Stack: [0x0000000018870000,0x0000000018970000]
[error occurred during error reporting (printing stack bounds), id 0xc0000005]

Native frames: (J=compiled Java code, j=interpreted, Vv=VM code, C=native code)


Current CompileTask:
C2:   7620 2565       4       groovy.lang.MetaClassImpl$1MOPIter::methodNameAction (325 bytes)


---------------  P R O C E S S  ---------------

Java Threads: ( => current thread )
  0x000000001ae8b000 JavaThread "Cache worker for execution history cache (C:\Users\ADIT-PC\.gradle\caches\6.1.1\executionHistory)" [_thread_blocked, id=7440, stack(0x0000000020af0000,0x0000000020bf0000)]
  0x000000001ae88800 JavaThread "Cache worker for cache directory md-rule (C:\Users\ADIT-PC\.gradle\caches\6.1.1\md-rule)" [_thread_blocked, id=5156, stack(0x00000000209f0000,0x0000000020af0000)]
  0x000000001ae89800 JavaThread "Cache worker for cache directory md-supplier (C:\Users\ADIT-PC\.gradle\caches\6.1.1\md-supplier)" [_thread_blocked, id=17560, stack(0x000000001f330000,0x000000001f430000)]
  0x000000001ae8a000 JavaThread "Cache worker for file hash cache (C:\Users\ADIT-PC\AndroidStudioProjects\AbsensiOnline\.gradle\6.1.1\fileHashes)" [_thread_blocked, id=17076, stack(0x000000001f030000,0x000000001f130000)]
  0x000000001ae87000 JavaThread "Cache worker for checksums cache (C:\Users\ADIT-PC\AndroidStudioProjects\AbsensiOnline\.gradle\checksums)" [_thread_blocked, id=17196, stack(0x00000000206f0000,0x00000000207f0000)]
  0x000000001ae88000 JavaThread "Cache worker for file hash cache (C:\Users\ADIT-PC\.gradle\caches\6.1.1\fileHashes)" [_thread_blocked, id=14712, stack(0x000000001ce90000,0x000000001cf90000)]
  0x000000001ae86800 JavaThread "File lock request listener" [_thread_in_native, id=14124, stack(0x000000001cd90000,0x000000001ce90000)]
  0x000000001af03800 JavaThread "Cache worker for journal cache (C:\Users\ADIT-PC\.gradle\caches\journal-1)" [_thread_blocked, id=8536, stack(0x000000001cc90000,0x000000001cd90000)]
  0x000000001ac5d000 JavaThread "Thread-9" [_thread_blocked, id=22764, stack(0x000000001c990000,0x000000001ca90000)]
  0x000000001ac56000 JavaThread "Stdin handler" [_thread_blocked, id=19000, stack(0x000000001c890000,0x000000001c990000)]
  0x000000001ac55000 JavaThread "Asynchronous log dispatcher for DefaultDaemonConnection: socket connection from /127.0.0.1:20857 to /127.0.0.1:20858" [_thread_blocked, id=11012, stack(0x000000001c790000,0x000000001c890000)]
  0x000000001ac6e000 JavaThread "Daemon worker" [_thread_in_native, id=16432, stack(0x000000001c690000,0x000000001c790000)]
  0x000000001ac72800 JavaThread "Cancel handler" [_thread_blocked, id=21276, stack(0x000000001c590000,0x000000001c690000)]
  0x000000001ac23800 JavaThread "Handler for socket connection from /127.0.0.1:20857 to /127.0.0.1:20858" [_thread_in_native, id=20900, stack(0x000000001c290000,0x000000001c390000)]
  0x000000001ac16800 JavaThread "Daemon" [_thread_blocked, id=12640, stack(0x000000001c190000,0x000000001c290000)]
  0x000000001ac01800 JavaThread "Daemon periodic checks" [_thread_blocked, id=17632, stack(0x000000001c090000,0x000000001c190000)]
  0x000000001abab000 JavaThread "Incoming local TCP Connector on port 20857" [_thread_in_native, id=11128, stack(0x000000001be50000,0x000000001bf50000)]
  0x000000001ab26800 JavaThread "Daemon health stats" [_thread_blocked, id=22380, stack(0x000000001b810000,0x000000001b910000)]
  0x0000000018a99800 JavaThread "Service Thread" daemon [_thread_blocked, id=10584, stack(0x0000000018e70000,0x0000000018f70000)]
  0x0000000017133000 JavaThread "C1 CompilerThread2" daemon [_thread_blocked, id=3728, stack(0x0000000018970000,0x0000000018a70000)]
=>0x000000001712c000 JavaThread "C2 CompilerThread1" daemon [_thread_in_native, id=22652, stack(0x0000000018870000,0x0000000018970000)]
  0x0000000017124800 JavaThread "C2 CompilerThread0" daemon [_thread_blocked, id=18968, stack(0x0000000018770000,0x0000000018870000)]
  0x0000000017123000 JavaThread "Attach Listener" daemon [_thread_blocked, id=24656, stack(0x0000000018670000,0x0000000018770000)]
  0x0000000017121800 JavaThread "Signal Dispatcher" daemon [_thread_blocked, id=14576, stack(0x0000000018570000,0x0000000018670000)]
  0x00000000024fc000 JavaThread "Finalizer" daemon [_thread_blocked, id=18192, stack(0x0000000018370000,0x0000000018470000)]
  0x0000000017109000 JavaThread "Reference Handler" daemon [_thread_blocked, id=13104, stack(0x0000000018270000,0x0000000018370000)]
  0x0000000002402800 JavaThread "main" [_thread_blocked, id=20176, stack(0x0000000002290000,0x0000000002390000)]

Other Threads:
  0x00000000170e6000 VMThread [stack: 0x0000000018170000,0x0000000018270000] [id=12616]
  0x0000000018a9a000 WatcherThread [stack: 0x0000000018f70000,0x0000000019070000] [id=25160]

VM state:not at safepoint (normal execution)

VM Mutex/Monitor currently owned by a thread: None

heap address: 0x0000000080000000, size: 2048 MB, Compressed Oops mode: 32-bit
Narrow klass base: 0x0000000000000000, Narrow klass shift: 3
Compressed class space size: 1073741824 Address: 0x0000000100000000

Heap:
 PSYoungGen      total 126976K, used 6148K [0x00000000d5580000, 0x00000000e3380000, 0x0000000100000000)
  eden space 115200K, 5% used [0x00000000d5580000,0x00000000d5b813f8,0x00000000dc600000)
  from space 11776K, 0% used [0x00000000dc600000,0x00000000dc600000,0x00000000dd180000)
  to   space 11776K, 0% used [0x00000000e2800000,0x00000000e2800000,0x00000000e3380000)
 ParOldGen       total 122368K, used 15418K [0x0000000080000000, 0x0000000087780000, 0x00000000d5580000)
  object space 122368K, 12% used [0x0000000080000000,0x0000000080f0ea20,0x0000000087780000)
 Metaspace       used 34684K, capacity 35612K, committed 35752K, reserved 1079296K
  class space    used 4754K, capacity 4973K, committed 5040K, reserved 1048576K

Card table byte_map: [0x00000000118c0000,0x0000000011cd0000] byte_map_base: 0x00000000114c0000

Marking Bits: (ParMarkBitMap*) 0x000000007546f030
 Begin Bits: [0x0000000012380000, 0x0000000014380000)
 End Bits:   [0x0000000014380000, 0x0000000016380000)

Polling page: 0x00000000005f0000

CodeCache: size=245760Kb used=10047Kb max_used=10509Kb free=235712Kb
 bounds [0x0000000002500000, 0x0000000002f50000, 0x0000000011500000]
 total_blobs=3339 nmethods=2640 adapters=612
 compilation: enabled

Compilation events (10 events):
Event: 7.611 Thread 0x0000000017133000 2869       3       org.gradle.internal.component.external.model.ModuleComponentFileArtifactIdentifier::getComponentIdentifier (8 bytes)
Event: 7.611 Thread 0x0000000017133000 nmethod 2869 0x0000000002724510 code [0x0000000002724680, 0x00000000027248f0]
Event: 7.611 Thread 0x0000000017133000 2870       1       org.gradle.api.internal.artifacts.DefaultModuleVersionIdentifier::getModule (5 bytes)
Event: 7.611 Thread 0x0000000017133000 nmethod 2870 0x0000000002724250 code [0x00000000027243a0, 0x00000000027244b0]
Event: 7.612 Thread 0x0000000017133000 2871   !   3       org.gradle.internal.serialize.kryo.KryoBackedDecoder::readByte (15 bytes)
Event: 7.613 Thread 0x0000000017133000 nmethod 2871 0x00000000027e2d10 code [0x00000000027e2ee0, 0x00000000027e3608]
Event: 7.613 Thread 0x0000000017133000 2872       3       com.esotericsoftware.kryo.io.Input::readByte (23 bytes)
Event: 7.613 Thread 0x0000000017133000 nmethod 2872 0x00000000027e28d0 code [0x00000000027e2a40, 0x00000000027e2c28]
Event: 7.613 Thread 0x0000000017133000 2873       3       java.util.concurrent.ConcurrentHashMap::<init> (5 bytes)
Event: 7.613 Thread 0x0000000017133000 nmethod 2873 0x0000000002723e10 code [0x0000000002723f80, 0x0000000002724190]

GC Heap History (10 events):
Event: 4.847 GC heap before
{Heap before GC invocations=5 (full 1):
 PSYoungGen      total 75776K, used 7455K [0x00000000d5580000, 0x00000000de980000, 0x0000000100000000)
  eden space 65024K, 0% used [0x00000000d5580000,0x00000000d5580000,0x00000000d9500000)
  from space 10752K, 69% used [0x00000000d9f80000,0x00000000da6c7e18,0x00000000daa00000)
  to   space 10752K, 0% used [0x00000000d9500000,0x00000000d9500000,0x00000000d9f80000)
 ParOldGen       total 173568K, used 1215K [0x0000000080000000, 0x000000008a980000, 0x00000000d5580000)
  object space 173568K, 0% used [0x0000000080000000,0x000000008012fc48,0x000000008a980000)
 Metaspace       used 20604K, capacity 21228K, committed 21296K, reserved 1067008K
  class space    used 2885K, capacity 3084K, committed 3120K, reserved 1048576K
Event: 4.881 GC heap after
Heap after GC invocations=5 (full 1):
 PSYoungGen      total 75776K, used 0K [0x00000000d5580000, 0x00000000de980000, 0x0000000100000000)
  eden space 65024K, 0% used [0x00000000d5580000,0x00000000d5580000,0x00000000d9500000)
  from space 10752K, 0% used [0x00000000d9f80000,0x00000000d9f80000,0x00000000daa00000)
  to   space 10752K, 0% used [0x00000000d9500000,0x00000000d9500000,0x00000000d9f80000)
 ParOldGen       total 84992K, used 7353K [0x0000000080000000, 0x0000000085300000, 0x00000000d5580000)
  object space 84992K, 8% used [0x0000000080000000,0x000000008072e408,0x0000000085300000)
 Metaspace       used 20604K, capacity 21228K, committed 21296K, reserved 1067008K
  class space    used 2885K, capacity 3084K, committed 3120K, reserved 1048576K
}
Event: 5.968 GC heap before
{Heap before GC invocations=6 (full 1):
 PSYoungGen      total 75776K, used 64999K [0x00000000d5580000, 0x00000000de980000, 0x0000000100000000)
  eden space 65024K, 99% used [0x00000000d5580000,0x00000000d94f9e18,0x00000000d9500000)
  from space 10752K, 0% used [0x00000000d9f80000,0x00000000d9f80000,0x00000000daa00000)
  to   space 10752K, 0% used [0x00000000d9500000,0x00000000d9500000,0x00000000d9f80000)
 ParOldGen       total 84992K, used 7353K [0x0000000080000000, 0x0000000085300000, 0x00000000d5580000)
  object space 84992K, 8% used [0x0000000080000000,0x000000008072e408,0x0000000085300000)
 Metaspace       used 28248K, capacity 28916K, committed 29232K, reserved 1075200K
  class space    used 3894K, capacity 4127K, committed 4144K, reserved 1048576K
Event: 5.973 GC heap after
Heap after GC invocations=6 (full 1):
 PSYoungGen      total 75776K, used 8200K [0x00000000d5580000, 0x00000000ddf80000, 0x0000000100000000)
  eden space 65024K, 0% used [0x00000000d5580000,0x00000000d5580000,0x00000000d9500000)
  from space 10752K, 76% used [0x00000000d9500000,0x00000000d9d023e8,0x00000000d9f80000)
  to   space 12288K, 0% used [0x00000000dd380000,0x00000000dd380000,0x00000000ddf80000)
 ParOldGen       total 84992K, used 7361K [0x0000000080000000, 0x0000000085300000, 0x00000000d5580000)
  object space 84992K, 8% used [0x0000000080000000,0x0000000080730408,0x0000000085300000)
 Metaspace       used 28248K, capacity 28916K, committed 29232K, reserved 1075200K
  class space    used 3894K, capacity 4127K, committed 4144K, reserved 1048576K
}
Event: 6.826 GC heap before
{Heap before GC invocations=7 (full 1):
 PSYoungGen      total 75776K, used 73224K [0x00000000d5580000, 0x00000000ddf80000, 0x0000000100000000)
  eden space 65024K, 100% used [0x00000000d5580000,0x00000000d9500000,0x00000000d9500000)
  from space 10752K, 76% used [0x00000000d9500000,0x00000000d9d023e8,0x00000000d9f80000)
  to   space 12288K, 0% used [0x00000000dd380000,0x00000000dd380000,0x00000000ddf80000)
 ParOldGen       total 84992K, used 7361K [0x0000000080000000, 0x0000000085300000, 0x00000000d5580000)
  object space 84992K, 8% used [0x0000000080000000,0x0000000080730408,0x0000000085300000)
 Metaspace       used 32331K, capacity 33184K, committed 33456K, reserved 1077248K
  class space    used 4410K, capacity 4673K, committed 4784K, reserved 1048576K
Event: 6.838 GC heap after
Heap after GC invocations=7 (full 1):
 PSYoungGen      total 124928K, used 8580K [0x00000000d5580000, 0x00000000ddd00000, 0x0000000100000000)
  eden space 115200K, 0% used [0x00000000d5580000,0x00000000d5580000,0x00000000dc600000)
  from space 9728K, 88% used [0x00000000dd380000,0x00000000ddbe11d0,0x00000000ddd00000)
  to   space 11776K, 0% used [0x00000000dc600000,0x00000000dc600000,0x00000000dd180000)
 ParOldGen       total 84992K, used 7369K [0x0000000080000000, 0x0000000085300000, 0x00000000d5580000)
  object space 84992K, 8% used [0x0000000080000000,0x0000000080732408,0x0000000085300000)
 Metaspace       used 32331K, capacity 33184K, committed 33456K, reserved 1077248K
  class space    used 4410K, capacity 4673K, committed 4784K, reserved 1048576K
}
Event: 7.377 GC heap before
{Heap before GC invocations=8 (full 1):
 PSYoungGen      total 124928K, used 56936K [0x00000000d5580000, 0x00000000ddd00000, 0x0000000100000000)
  eden space 115200K, 41% used [0x00000000d5580000,0x00000000d84b8fc0,0x00000000dc600000)
  from space 9728K, 88% used [0x00000000dd380000,0x00000000ddbe11d0,0x00000000ddd00000)
  to   space 11776K, 0% used [0x00000000dc600000,0x00000000dc600000,0x00000000dd180000)
 ParOldGen       total 84992K, used 7369K [0x0000000080000000, 0x0000000085300000, 0x00000000d5580000)
  object space 84992K, 8% used [0x0000000080000000,0x0000000080732408,0x0000000085300000)
 Metaspace       used 34545K, capacity 35400K, committed 35496K, reserved 1079296K
  class space    used 4737K, capacity 4971K, committed 5040K, reserved 1048576K
Event: 7.388 GC heap after
Heap after GC invocations=8 (full 1):
 PSYoungGen      total 126976K, used 8784K [0x00000000d5580000, 0x00000000e3380000, 0x0000000100000000)
  eden space 115200K, 0% used [0x00000000d5580000,0x00000000d5580000,0x00000000dc600000)
  from space 11776K, 74% used [0x00000000dc600000,0x00000000dce94278,0x00000000dd180000)
  to   space 11776K, 0% used [0x00000000e2800000,0x00000000e2800000,0x00000000e3380000)
 ParOldGen       total 84992K, used 7377K [0x0000000080000000, 0x0000000085300000, 0x00000000d5580000)
  object space 84992K, 8% used [0x0000000080000000,0x0000000080734408,0x0000000085300000)
 Metaspace       used 34545K, capacity 35400K, committed 35496K, reserved 1079296K
  class space    used 4737K, capacity 4971K, committed 5040K, reserved 1048576K
}
Event: 7.388 GC heap before
{Heap before GC invocations=9 (full 2):
 PSYoungGen      total 126976K, used 8784K [0x00000000d5580000, 0x00000000e3380000, 0x0000000100000000)
  eden space 115200K, 0% used [0x00000000d5580000,0x00000000d5580000,0x00000000dc600000)
  from space 11776K, 74% used [0x00000000dc600000,0x00000000dce94278,0x00000000dd180000)
  to   space 11776K, 0% used [0x00000000e2800000,0x00000000e2800000,0x00000000e3380000)
 ParOldGen       total 84992K, used 7377K [0x0000000080000000, 0x0000000085300000, 0x00000000d5580000)
  object space 84992K, 8% used [0x0000000080000000,0x0000000080734408,0x0000000085300000)
 Metaspace       used 34545K, capacity 35400K, committed 35496K, reserved 1079296K
  class space    used 4737K, capacity 4971K, committed 5040K, reserved 1048576K
Event: 7.445 GC heap after
Heap after GC invocations=9 (full 2):
 PSYoungGen      total 126976K, used 0K [0x00000000d5580000, 0x00000000e3380000, 0x0000000100000000)
  eden space 115200K, 0% used [0x00000000d5580000,0x00000000d5580000,0x00000000dc600000)
  from space 11776K, 0% used [0x00000000dc600000,0x00000000dc600000,0x00000000dd180000)
  to   space 11776K, 0% used [0x00000000e2800000,0x00000000e2800000,0x00000000e3380000)
 ParOldGen       total 122368K, used 15418K [0x0000000080000000, 0x0000000087780000, 0x00000000d5580000)
  object space 122368K, 12% used [0x0000000080000000,0x0000000080f0ea20,0x0000000087780000)
 Metaspace       used 34545K, capacity 35400K, committed 35496K, reserved 1079296K
  class space    used 4737K, capacity 4971K, committed 5040K, reserved 1048576K
}

Deoptimization events (10 events):
Event: 5.955 Thread 0x000000001ac6e000 Uncommon trap: reason=class_check action=maybe_recompile pc=0x0000000002c34d70 method=sun.misc.URLClassPath.getLoader(I)Lsun/misc/URLClassPath$Loader; @ 239
Event: 5.974 Thread 0x0000000017109000 Uncommon trap: reason=unstable_if action=reinterpret pc=0x0000000002b4257c method=java.lang.ref.Reference.tryHandlePending(Z)Z @ 104
Event: 6.220 Thread 0x000000001ac6e000 Uncommon trap: reason=unstable_if action=reinterpret pc=0x0000000002779d0c method=java.util.HashMap.getNode(ILjava/lang/Object;)Ljava/util/HashMap$Node; @ 53
Event: 6.220 Thread 0x000000001ac6e000 Uncommon trap: reason=unstable_if action=reinterpret pc=0x00000000029c1b78 method=java.util.HashMap.hash(Ljava/lang/Object;)I @ 1
Event: 6.368 Thread 0x000000001ac6e000 Uncommon trap: reason=unstable_if action=reinterpret pc=0x0000000002df8ff0 method=org.gradle.internal.reflect.PropertyAccessorType.isGetGetterName(Ljava/lang/String;)Z @ 14
Event: 6.395 Thread 0x000000001ac6e000 Uncommon trap: reason=unstable_if action=reinterpret pc=0x0000000002c7b480 method=org.objectweb.asm.ByteVector.putShort(I)Lorg/objectweb/asm/ByteVector; @ 13
Event: 6.580 Thread 0x000000001ac6e000 Uncommon trap: reason=class_check action=maybe_recompile pc=0x0000000002c34a08 method=sun.misc.URLClassPath.getLoader(I)Lsun/misc/URLClassPath$Loader; @ 94
Event: 6.704 Thread 0x000000001ac6e000 Uncommon trap: reason=class_check action=maybe_recompile pc=0x0000000002c6e8f4 method=java.util.WeakHashMap.eq(Ljava/lang/Object;Ljava/lang/Object;)Z @ 7
Event: 6.902 Thread 0x000000001ac6e000 Uncommon trap: reason=unstable_if action=reinterpret pc=0x00000000029bbfe0 method=java.util.WeakHashMap.expungeStaleEntries()V @ 66
Event: 7.195 Thread 0x000000001ac6e000 Uncommon trap: reason=unstable_if action=reinterpret pc=0x0000000002ab683c method=jdk.internal.org.objectweb.asm.Type.getArgumentsAndReturnSizes(Ljava/lang/String;)I @ 88

Classes redefined (0 events):
No events

Internal exceptions (10 events):
Event: 6.708 Thread 0x000000001ac6e000 Exception <a 'java/lang/ClassNotFoundException': org/gradle/api/internal/artifacts/dsl/DefaultRepositoryHandlerCustomizer> (0x00000000d89c61d0) thrown at [C:\src\AOSP-openjdk-git\hotspot\src\share\vm\classfile\systemDictionary.cpp, line 210]
Event: 6.711 Thread 0x000000001ac6e000 Exception <a 'java/lang/ClassNotFoundException': org/gradle/api/internal/artifacts/dsl/DefaultRepositoryHandler_DecoratedCustomizer> (0x00000000d8a44a78) thrown at [C:\src\AOSP-openjdk-git\hotspot\src\share\vm\classfile\systemDictionary.cpp, line 210]
Event: 6.897 Thread 0x000000001ac6e000 Exception <a 'java/lang/ClassNotFoundException': org/gradle/api/internal/artifacts/dsl/dependencies/DefaultDependencyHandler_DecoratedBeanInfo> (0x00000000d5a1cd08) thrown at [C:\src\AOSP-openjdk-git\hotspot\src\share\vm\classfile\systemDictionary.cpp, li
Event: 6.898 Thread 0x000000001ac6e000 Exception <a 'java/lang/ClassNotFoundException': org/gradle/api/internal/artifacts/dsl/dependencies/DefaultDependencyHandlerBeanInfo> (0x00000000d5a77f98) thrown at [C:\src\AOSP-openjdk-git\hotspot\src\share\vm\classfile\systemDictionary.cpp, line 210]
Event: 6.899 Thread 0x000000001ac6e000 Exception <a 'java/lang/ClassNotFoundException': org/gradle/api/internal/artifacts/dsl/dependencies/DefaultDependencyHandlerCustomizer> (0x00000000d5ad4110) thrown at [C:\src\AOSP-openjdk-git\hotspot\src\share\vm\classfile\systemDictionary.cpp, line 210]
Event: 6.903 Thread 0x000000001ac6e000 Exception <a 'java/lang/ClassNotFoundException': org/gradle/api/internal/artifacts/dsl/dependencies/DefaultDependencyHandler_DecoratedCustomizer> (0x00000000d5b61a58) thrown at [C:\src\AOSP-openjdk-git\hotspot\src\share\vm\classfile\systemDictionary.cpp, 
Event: 7.193 Thread 0x000000001ac6e000 Exception <a 'java/lang/IncompatibleClassChangeError': Found class java.lang.Object, but interface was expected> (0x00000000d7706d78) thrown at [C:\src\AOSP-openjdk-git\hotspot\src\share\vm\interpreter\linkResolver.cpp, line 653]
Event: 7.194 Thread 0x000000001ac6e000 Exception <a 'java/lang/NoSuchMethodError': java.lang.Object.lambda$comparing$77a9974f$1(Ljava/util/function/Function;Ljava/lang/Object;Ljava/lang/Object;)I> (0x00000000d77122d8) thrown at [C:\src\AOSP-openjdk-git\hotspot\src\share\vm\interpreter\linkReso
Event: 7.196 Thread 0x000000001ac6e000 Exception <a 'java/lang/NoSuchMethodError': java.lang.Object.lambda$thenComparing$36697e65$1(Ljava/util/Comparator;Ljava/lang/Object;Ljava/lang/Object;)I> (0x00000000d7726500) thrown at [C:\src\AOSP-openjdk-git\hotspot\src\share\vm\interpreter\linkResolve
Event: 7.198 Thread 0x000000001ac6e000 Exception <a 'java/lang/NoSuchMethodError': java.lang.Object.lambda$comparing$ea9a8b3a$1(Ljava/util/Comparator;Ljava/util/function/Function;Ljava/lang/Object;Ljava/lang/Object;)I> (0x00000000d773d710) thrown at [C:\src\AOSP-openjdk-git\hotspot\src\share\v

Events (10 events):
Event: 7.519 loading class com/google/common/primitives/Longs$AsciiDigits
Event: 7.519 loading class com/google/common/primitives/Longs$AsciiDigits done
Event: 7.519 loading class org/gradle/api/internal/artifacts/ivyservice/resolveengine/graph/selectors/SelectorStateResolverResults$Registration
Event: 7.519 loading class org/gradle/api/internal/artifacts/ivyservice/resolveengine/graph/selectors/SelectorStateResolverResults$Registration done
Event: 7.520 loading class org/gradle/api/internal/artifacts/ivyservice/resolveengine/graph/conflicts/DefaultConflictResolverDetails
Event: 7.520 loading class org/gradle/api/internal/artifacts/ivyservice/resolveengine/graph/conflicts/DefaultConflictResolverDetails done
Event: 7.520 loading class org/gradle/api/internal/artifacts/ivyservice/resolveengine/graph/conflicts/CompositeConflictResolver$CompositeDetails
Event: 7.520 loading class org/gradle/api/internal/artifacts/ivyservice/resolveengine/graph/conflicts/CompositeConflictResolver$CompositeDetails done
Event: 7.521 loading class org/gradle/api/internal/artifacts/ivyservice/resolveengine/graph/conflicts/VersionConflictResolutionDetails
Event: 7.521 loading class org/gradle/api/internal/artifacts/ivyservice/resolveengine/graph/conflicts/VersionConflictResolutionDetails done


Dynamic libraries:
0x00007ff7aeff0000 - 0x00007ff7af021000 	C:\Program Files\Android\Android Studio\jre\bin\java.exe
0x00007ffcc0790000 - 0x00007ffcc0985000 	C:\WINDOWS\SYSTEM32\ntdll.dll
0x00007ffcbfa80000 - 0x00007ffcbfb3e000 	C:\WINDOWS\System32\KERNEL32.DLL
0x00007ffcbdf40000 - 0x00007ffcbe208000 	C:\WINDOWS\System32\KERNELBASE.dll
0x0000000076b80000 - 0x0000000076c2f000 	C:\ProgramData\Symantec\Symantec Endpoint Protection\14.3.5413.3000.105\Data\Sysfer\x64\sysfer.dll
0x00007ffcbfbd0000 - 0x00007ffcbfc7e000 	C:\WINDOWS\System32\ADVAPI32.dll
0x00007ffcbe920000 - 0x00007ffcbe9be000 	C:\WINDOWS\System32\msvcrt.dll
0x00007ffcbf890000 - 0x00007ffcbf92c000 	C:\WINDOWS\System32\sechost.dll
0x00007ffcbe7f0000 - 0x00007ffcbe915000 	C:\WINDOWS\System32\RPCRT4.dll
0x00007ffcbeca0000 - 0x00007ffcbee40000 	C:\WINDOWS\System32\USER32.dll
0x00007ffcbe340000 - 0x00007ffcbe362000 	C:\WINDOWS\System32\win32u.dll
0x00007ffcbf930000 - 0x00007ffcbf95b000 	C:\WINDOWS\System32\GDI32.dll
0x00007ffcbe5c0000 - 0x00007ffcbe6cb000 	C:\WINDOWS\System32\gdi32full.dll
0x00007ffcbe370000 - 0x00007ffcbe40d000 	C:\WINDOWS\System32\msvcp_win.dll
0x00007ffcbe210000 - 0x00007ffcbe310000 	C:\WINDOWS\System32\ucrtbase.dll
0x00007ffcab260000 - 0x00007ffcab4fa000 	C:\WINDOWS\WinSxS\amd64_microsoft.windows.common-controls_6595b64144ccf1df_6.0.19041.1110_none_60b5254171f9507e\COMCTL32.dll
0x00007ffcbee40000 - 0x00007ffcbee70000 	C:\WINDOWS\System32\IMM32.DLL
0x0000000074bc0000 - 0x0000000074c92000 	C:\Program Files\Android\Android Studio\jre\jre\bin\msvcr100.dll
0x0000000074ca0000 - 0x00000000754eb000 	C:\Program Files\Android\Android Studio\jre\jre\bin\server\jvm.dll
0x00007ffcbfbc0000 - 0x00007ffcbfbc8000 	C:\WINDOWS\System32\PSAPI.DLL
0x00007ffcaad60000 - 0x00007ffcaad69000 	C:\WINDOWS\SYSTEM32\WSOCK32.dll
0x00007ffcbf820000 - 0x00007ffcbf88b000 	C:\WINDOWS\System32\WS2_32.dll
0x00007ffca9fc0000 - 0x00007ffca9fe7000 	C:\WINDOWS\SYSTEM32\WINMM.dll
0x00007ffcb3620000 - 0x00007ffcb362a000 	C:\WINDOWS\SYSTEM32\VERSION.dll
0x00007ffcbb480000 - 0x00007ffcbb48f000 	C:\Program Files\Android\Android Studio\jre\jre\bin\verify.dll
0x00007ffcb9960000 - 0x00007ffcb9989000 	C:\Program Files\Android\Android Studio\jre\jre\bin\java.dll
0x00007ffcb8cf0000 - 0x00007ffcb8d06000 	C:\Program Files\Android\Android Studio\jre\jre\bin\zip.dll
0x00007ffcbef20000 - 0x00007ffcbf664000 	C:\WINDOWS\System32\SHELL32.dll
0x00007ffcbbe10000 - 0x00007ffcbc5a4000 	C:\WINDOWS\SYSTEM32\windows.storage.dll
0x00007ffcbfd70000 - 0x00007ffcc00c4000 	C:\WINDOWS\System32\combase.dll
0x00007ffcbd760000 - 0x00007ffcbd78c000 	C:\WINDOWS\SYSTEM32\Wldp.dll
0x00007ffcbf970000 - 0x00007ffcbfa1d000 	C:\WINDOWS\System32\SHCORE.dll
0x00007ffcbfc80000 - 0x00007ffcbfcd5000 	C:\WINDOWS\System32\shlwapi.dll
0x00007ffcbddf0000 - 0x00007ffcbde0f000 	C:\WINDOWS\SYSTEM32\profapi.dll
0x00007ffcb8bd0000 - 0x00007ffcb8bea000 	C:\Program Files\Android\Android Studio\jre\jre\bin\net.dll
0x00007ffcbd540000 - 0x00007ffcbd5aa000 	C:\WINDOWS\system32\mswsock.dll
0x00007ffcb8950000 - 0x00007ffcb8963000 	C:\Program Files\Android\Android Studio\jre\jre\bin\nio.dll
0x00007ffcb8720000 - 0x00007ffcb8746000 	C:\Users\ADIT-PC\.gradle\native\31\windows-amd64\native-platform.dll
0x00007ffcb9810000 - 0x00007ffcb981d000 	C:\Program Files\Android\Android Studio\jre\jre\bin\management.dll
0x00007ffcbd810000 - 0x00007ffcbd828000 	C:\WINDOWS\SYSTEM32\CRYPTSP.dll
0x00007ffcbcee0000 - 0x00007ffcbcf14000 	C:\WINDOWS\system32\rsaenh.dll
0x00007ffcbe310000 - 0x00007ffcbe337000 	C:\WINDOWS\System32\bcrypt.dll
0x00007ffcbddb0000 - 0x00007ffcbddde000 	C:\WINDOWS\SYSTEM32\USERENV.dll
0x00007ffcbdeb0000 - 0x00007ffcbdf32000 	C:\WINDOWS\System32\bcryptprimitives.dll
0x00007ffcbd6d0000 - 0x00007ffcbd6dc000 	C:\WINDOWS\SYSTEM32\CRYPTBASE.dll
0x00007ffcbd250000 - 0x00007ffcbd28b000 	C:\WINDOWS\SYSTEM32\IPHLPAPI.DLL
0x00007ffcbec90000 - 0x00007ffcbec98000 	C:\WINDOWS\System32\NSI.dll
0x00007ffcb6950000 - 0x00007ffcb6967000 	C:\WINDOWS\SYSTEM32\dhcpcsvc6.DLL
0x00007ffcb6880000 - 0x00007ffcb689d000 	C:\WINDOWS\SYSTEM32\dhcpcsvc.DLL
0x00007ffcbd2a0000 - 0x00007ffcbd36a000 	C:\WINDOWS\SYSTEM32\DNSAPI.dll

VM Arguments:
jvm_args: -Xmx2048m -Dfile.encoding=windows-1252 -Duser.country=ID -Duser.language=en -Duser.variant 
java_command: org.gradle.launcher.daemon.bootstrap.GradleDaemon 6.1.1
java_class_path (initial): C:\Users\ADIT-PC\.gradle\wrapper\dists\gradle-6.1.1-all\cfmwm155h49vnt3hynmlrsdst\gradle-6.1.1\lib\gradle-launcher-6.1.1.jar
Launcher Type: SUN_STANDARD

Environment Variables:
JAVA_HOME=C:\Program Files\Java\jdk-15.0.2
CLASSPATH=.;
PATH=C:\Program Files\Common Files\Oracle\Java\javapath;C:\Python311\Scripts\;C:\Python311\;C:\Python310\Scripts\;C:\Python310\;C:\Python27\;C:\Python27\Scripts;C:\Program Files (x86)\Common Files\Oracle\Java\javapath;C:\Program Files\Docker\Docker\Resources\bin;C:\ProgramData\Oracle\Java\javapath;C:\Program Files (x86)\Intel\iCLS Client\;C:\Program Files\Intel\iCLS Client\;C:\WINDOWS\system32;C:\WINDOWS;C:\WINDOWS\System32\Wbem;C:\WINDOWS\System32\WindowsPowerShell\v1.0\;C:\Program Files (x86)\Intel\Intel(R) Management Engine Components\DAL;C:\Program Files\Intel\Intel(R) Management Engine Components\DAL;C:\Program Files (x86)\Intel\Intel(R) Management Engine Components\IPT;C:\Program Files\Intel\Intel(R) Management Engine Components\IPT;C:\Program Files\Java\jre1.8.0_162\bin;C:\Program Files (x86)\GtkSharp\2.12\bin;C:\Program Files\PuTTY\;C:\Program Files\Java\jdk1.8.0_162\bin;C:\Program Files\Git\cmd;C:\PROGRA~2\Groovy\GROOVY~1.15\bin;C:\WINDOWS\System32\OpenSSH\;C:\xampp\php;C:\Program Files (x86)\Microsoft SQL Server\Client SDK\ODBC\130\Tools\Binn\;C:\Program Files (x86)\Microsoft SQL Server\140\Tools\Binn\;C:\Program Files (x86)\Microsoft SQL Server\140\DTS\Binn\;C:\Program Files (x86)\Microsoft SQL Server\140\Tools\Binn\ManagementStudio\;c:\Program Files (x86)\Microsoft SQL Server\110\Tools\Binn\;c:\Program Files\Microsoft SQL Server\110\Tools\Binn\;c:\Program Files\Microsoft SQL Server\110\DTS\Binn\;C:\composer;C:\Flutter\flutter\bin;C:\Bitnami\wampstack-5.6.39-0\php;C:\ProgramData\chocolatey\bin;C:\Program Files (x86)\Yarn\bin\;C:\Program Files\Java\jdk1.8.0_211\bin;C:\Program Files\OpenJDK\openjdk-8u312-b07\bin;C:\Program Files\nodejs\;C:\Users\ADIT-PC\AppData\Local\Microsoft\WindowsApps;C:\Users\ADIT-PC\AppData\Local\Android\Sdk\platform-tools;C:\Users\ADIT-PC\AppData\Roaming\npm;C:\Users\ADIT-PC\AppData\Local\Programs\Microsoft VS Code\bin;C:\Users\ADIT-PC\AppData\Local\Android\Sdk;C:\src\flutter\bin;
USERNAME=ADIT-PC
OS=Windows_NT
PROCESSOR_IDENTIFIER=Intel64 Family 6 Model 94 Stepping 3, GenuineIntel



---------------  S Y S T E M  ---------------

OS: Windows 10.0 , 64 bit Build 19041 (10.0.19041.1566)

CPU:total 4 (initial active 4) (4 cores per cpu, 1 threads per core) family 6 model 94 stepping 3, cmov, cx8, fxsr, mmx, sse, sse2, sse3, ssse3, sse4.1, sse4.2, popcnt, avx, avx2, aes, clmul, erms, rtm, 3dnowpref, lzcnt, tsc, tscinvbit, bmi1, bmi2, adx

Memory: 4k page, physical 16638028k(1802296k free), swap 25629772k(6524k free)

vm_info: OpenJDK 64-Bit Server VM (25.242-b01) for windows-amd64 JRE (1.8.0_242-release-1644-b01), built by "builder" with MS VC++ 10.0 (VS2010)

time: Mon Mar 21 08:19:26 2022
timezone: SE Asia Standard Time
elapsed time: 7 seconds (0d 0h 0m 7s)

