#
# There is insufficient memory for the Java Runtime Environment to continue.
# Native memory allocation (mmap) failed to map 44040192 bytes for G1 virtual space
# Possible reasons:
#   The system is out of physical RAM or swap space
#   The process is running with CompressedOops enabled, and the Java Heap may be blocking the growth of the native heap
# Possible solutions:
#   Reduce memory load on the system
#   Increase physical memory or swap space
#   Check if swap backing store is full
#   Decrease Java heap size (-Xmx/-Xms)
#   Decrease number of Java threads
#   Decrease Java thread stack sizes (-Xss)
#   Set larger code cache with -XX:ReservedCodeCacheSize=
#   JVM is running with Unscaled Compressed Oops mode in which the Java heap is
#     placed in the first 4GB address space. The Java Heap base address is the
#     maximum limit for the native heap growth. Please use -XX:HeapBaseMinAddress
#     to set the Java Heap base and to place the Java Heap above 4GB virtual address.
# This output file may be truncated or incomplete.
#
#  Out of Memory Error (os_windows.cpp:3769), pid=2312, tid=11100
#
# JRE version: OpenJDK Runtime Environment (17.0.6) (build 17.0.6+0-b2043.56-10027231)
# Java VM: OpenJDK 64-Bit Server VM (17.0.6+0-b2043.56-10027231, mixed mode, tiered, compressed oops, compressed class ptrs, g1 gc, windows-amd64)
# No core dump will be written. Minidumps are not enabled by default on client versions of Windows
#

---------------  S U M M A R Y ------------

Command Line: --add-opens=java.base/java.util=ALL-UNNAMED --add-opens=java.base/java.lang=ALL-UNNAMED --add-opens=java.base/java.lang.invoke=ALL-UNNAMED --add-opens=java.prefs/java.util.prefs=ALL-UNNAMED --add-opens=java.base/java.nio.charset=ALL-UNNAMED --add-opens=java.base/java.net=ALL-UNNAMED --add-opens=java.base/java.util.concurrent.atomic=ALL-UNNAMED -Xmx2048m -Dfile.encoding=windows-1252 -Duser.country=ID -Duser.language=en -Duser.variant org.gradle.launcher.daemon.bootstrap.GradleDaemon 8.0

Host: Intel(R) Core(TM) i5-6500 CPU @ 3.20GHz, 4 cores, 15G,  Windows 10 , 64 bit Build 19041 (10.0.19041.3636)
Time: Thu Feb  8 19:32:05 2024 SE Asia Standard Time elapsed time: 21.715571 seconds (0d 0h 0m 21s)

---------------  T H R E A D  ---------------

Current thread (0x000001d2def9dae0):  VMThread "VM Thread" [stack: 0x0000001410b00000,0x0000001410c00000] [id=11100]

Stack: [0x0000001410b00000,0x0000001410c00000]
Native frames: (J=compiled Java code, j=interpreted, Vv=VM code, C=native code)
V  [jvm.dll+0x683c9a]
V  [jvm.dll+0x8427a4]
V  [jvm.dll+0x843f9e]
V  [jvm.dll+0x844603]
V  [jvm.dll+0x249b75]
V  [jvm.dll+0x680b69]
V  [jvm.dll+0x67505a]
V  [jvm.dll+0x309acb]
V  [jvm.dll+0x310f86]
V  [jvm.dll+0x3608ee]
V  [jvm.dll+0x360b1f]
V  [jvm.dll+0x2dfbf8]
V  [jvm.dll+0x2ddec4]
V  [jvm.dll+0x2dd4cc]
V  [jvm.dll+0x321f3b]
V  [jvm.dll+0x848ccb]
V  [jvm.dll+0x849a04]
V  [jvm.dll+0x849f1d]
V  [jvm.dll+0x84a2f4]
V  [jvm.dll+0x84a3c0]
V  [jvm.dll+0x7f274a]
V  [jvm.dll+0x682ad5]
C  [ucrtbase.dll+0x21bb2]
C  [KERNEL32.DLL+0x17344]
C  [ntdll.dll+0x526b1]

VM_Operation (0x0000001416afb2a0): G1CollectForAllocation, mode: safepoint, requested by thread 0x000001d2e7c50080


---------------  P R O C E S S  ---------------

Threads class SMR info:
_java_thread_list=0x000001d2ea006360, length=93, elements={
0x000001d2c59b1280, 0x000001d2df82ac40, 0x000001d2df82d680, 0x000001d2df87a900,
0x000001d2df87e4d0, 0x000001d2df880400, 0x000001d2df881920, 0x000001d2df8b9b70,
0x000001d2df8be0c0, 0x000001d2df8c2d90, 0x000001d2dfa48030, 0x000001d2dfa1f090,
0x000001d2e0dd8770, 0x000001d2e0ac27b0, 0x000001d2e0fcaf00, 0x000001d2e22586b0,
0x000001d2e085a2c0, 0x000001d2e0cc82b0, 0x000001d2e25f4450, 0x000001d2e089d5a0,
0x000001d2e089af20, 0x000001d2e089b3f0, 0x000001d2e089e410, 0x000001d2e089da70,
0x000001d2e089e8e0, 0x000001d2e089b8c0, 0x000001d2e089bd90, 0x000001d2e089c730,
0x000001d2e089cc00, 0x000001d2e089d0d0, 0x000001d2e23f8f00, 0x000001d2e23f8a30,
0x000001d2e23f7220, 0x000001d2e23f93d0, 0x000001d2e498d040, 0x000001d2e23f9d70,
0x000001d2e23f7bc0, 0x000001d2e23fa240, 0x000001d2e23f76f0, 0x000001d2e23fabe0,
0x000001d2e016de20, 0x000001d2e016ec90, 0x000001d2e016fb00, 0x000001d2e016cae0,
0x000001d2e0170970, 0x000001d2e0170e40, 0x000001d2e016c610, 0x000001d2e01695f0,
0x000001d2e016cfb0, 0x000001d2e016b7a0, 0x000001d2e016d480, 0x000001d2e016f160,
0x000001d2e016f630, 0x000001d2e0169ac0, 0x000001d2e0169f90, 0x000001d2e016ffd0,
0x000001d2e016a460, 0x000001d2e016e2f0, 0x000001d2e01704a0, 0x000001d2e016e7c0,
0x000001d2e016d950, 0x000001d2e016a930, 0x000001d2e016ae00, 0x000001d2e016b2d0,
0x000001d2e016bc70, 0x000001d2e016c140, 0x000001d2e48941e0, 0x000001d2e4895050,
0x000001d2e4895520, 0x000001d2e48959f0, 0x000001d2e488f4e0, 0x000001d2e4892030,
0x000001d2e4896390, 0x000001d2e4893370, 0x000001d2e488fe80, 0x000001d2e4896860,
0x000001d2e4890820, 0x000001d2e4895ec0, 0x000001d2e48946b0, 0x000001d2e4896d30,
0x000001d2e48911c0, 0x000001d2e4894b80, 0x000001d2e469bed0, 0x000001d2e469c3a0,
0x000001d2e469dbb0, 0x000001d2e469c870, 0x000001d2e469e080, 0x000001d2e469cd40,
0x000001d2e469e550, 0x000001d2e7c50080, 0x000001d2e7c53f10, 0x000001d2e7c50550,
0x000001d2e7c50a20
}

Java Threads: ( => current thread )
  0x000001d2c59b1280 JavaThread "main" [_thread_blocked, id=25588, stack(0x0000001410500000,0x0000001410600000)]
  0x000001d2df82ac40 JavaThread "Reference Handler" daemon [_thread_blocked, id=21120, stack(0x0000001410c00000,0x0000001410d00000)]
  0x000001d2df82d680 JavaThread "Finalizer" daemon [_thread_blocked, id=16096, stack(0x0000001410d00000,0x0000001410e00000)]
  0x000001d2df87a900 JavaThread "Signal Dispatcher" daemon [_thread_blocked, id=17736, stack(0x0000001410e00000,0x0000001410f00000)]
  0x000001d2df87e4d0 JavaThread "Attach Listener" daemon [_thread_blocked, id=5116, stack(0x0000001410f00000,0x0000001411000000)]
  0x000001d2df880400 JavaThread "Service Thread" daemon [_thread_blocked, id=17988, stack(0x0000001411000000,0x0000001411100000)]
  0x000001d2df881920 JavaThread "Monitor Deflation Thread" daemon [_thread_blocked, id=19712, stack(0x0000001411100000,0x0000001411200000)]
  0x000001d2df8b9b70 JavaThread "C2 CompilerThread0" daemon [_thread_blocked, id=26464, stack(0x0000001411200000,0x0000001411300000)]
  0x000001d2df8be0c0 JavaThread "C1 CompilerThread0" daemon [_thread_blocked, id=10296, stack(0x0000001411300000,0x0000001411400000)]
  0x000001d2df8c2d90 JavaThread "Sweeper thread" daemon [_thread_blocked, id=24164, stack(0x0000001411400000,0x0000001411500000)]
  0x000001d2dfa48030 JavaThread "Common-Cleaner" daemon [_thread_blocked, id=8240, stack(0x0000001411500000,0x0000001411600000)]
  0x000001d2dfa1f090 JavaThread "Notification Thread" daemon [_thread_blocked, id=30120, stack(0x0000001411600000,0x0000001411700000)]
  0x000001d2e0dd8770 JavaThread "Daemon health stats" [_thread_blocked, id=26556, stack(0x0000001411800000,0x0000001411900000)]
  0x000001d2e0ac27b0 JavaThread "Incoming local TCP Connector on port 51420" [_thread_in_native, id=21796, stack(0x0000001411c00000,0x0000001411d00000)]
  0x000001d2e0fcaf00 JavaThread "Daemon periodic checks" [_thread_blocked, id=29060, stack(0x0000001411d00000,0x0000001411e00000)]
  0x000001d2e22586b0 JavaThread "Daemon" [_thread_blocked, id=30528, stack(0x0000001411e00000,0x0000001411f00000)]
  0x000001d2e085a2c0 JavaThread "Handler for socket connection from /127.0.0.1:51420 to /127.0.0.1:51421" [_thread_in_native, id=17820, stack(0x0000001411f00000,0x0000001412000000)]
  0x000001d2e0cc82b0 JavaThread "Cancel handler" [_thread_blocked, id=25776, stack(0x0000001412000000,0x0000001412100000)]
  0x000001d2e25f4450 JavaThread "Daemon worker" [_thread_blocked, id=3448, stack(0x0000001412100000,0x0000001412200000)]
  0x000001d2e089d5a0 JavaThread "Asynchronous log dispatcher for DefaultDaemonConnection: socket connection from /127.0.0.1:51420 to /127.0.0.1:51421" [_thread_blocked, id=13404, stack(0x0000001412200000,0x0000001412300000)]
  0x000001d2e089af20 JavaThread "Stdin handler" [_thread_blocked, id=25256, stack(0x0000001412300000,0x0000001412400000)]
  0x000001d2e089b3f0 JavaThread "Daemon client event forwarder" [_thread_blocked, id=14624, stack(0x0000001412400000,0x0000001412500000)]
  0x000001d2e089e410 JavaThread "Cache worker for journal cache (C:\Users\ADIT-PC\.gradle\caches\journal-1)" [_thread_blocked, id=22048, stack(0x0000001412500000,0x0000001412600000)]
  0x000001d2e089da70 JavaThread "File lock request listener" [_thread_in_native, id=27740, stack(0x0000001412600000,0x0000001412700000)]
  0x000001d2e089e8e0 JavaThread "Cache worker for file hash cache (C:\Users\ADIT-PC\.gradle\caches\8.0\fileHashes)" [_thread_blocked, id=28544, stack(0x0000001412700000,0x0000001412800000)]
  0x000001d2e089b8c0 JavaThread "File watcher server" daemon [_thread_blocked, id=4020, stack(0x0000001412900000,0x0000001412a00000)]
  0x000001d2e089bd90 JavaThread "File watcher consumer" daemon [_thread_blocked, id=14940, stack(0x0000001412a00000,0x0000001412b00000)]
  0x000001d2e089c730 JavaThread "Cache worker for checksums cache (C:\Users\ADIT-PC\AndroidStudioProjects\HRISMobile-New\.gradle\8.0\checksums)" [_thread_blocked, id=1168, stack(0x0000001412b00000,0x0000001412c00000)]
  0x000001d2e089cc00 JavaThread "Cache worker for cache directory md-rule (C:\Users\ADIT-PC\.gradle\caches\8.0\md-rule)" [_thread_blocked, id=12128, stack(0x0000001412c00000,0x0000001412d00000)]
  0x000001d2e089d0d0 JavaThread "Cache worker for file content cache (C:\Users\ADIT-PC\.gradle\caches\8.0\fileContent)" [_thread_blocked, id=10180, stack(0x0000001412d00000,0x0000001412e00000)]
  0x000001d2e23f8f00 JavaThread "Cache worker for file hash cache (C:\Users\ADIT-PC\AndroidStudioProjects\HRISMobile-New\.gradle\8.0\fileHashes)" [_thread_blocked, id=19196, stack(0x0000001412e00000,0x0000001412f00000)]
  0x000001d2e23f8a30 JavaThread "Cache worker for cache directory md-supplier (C:\Users\ADIT-PC\.gradle\caches\8.0\md-supplier)" [_thread_blocked, id=29024, stack(0x0000001412f00000,0x0000001413000000)]
  0x000001d2e23f7220 JavaThread "Cache worker for execution history cache (C:\Users\ADIT-PC\.gradle\caches\8.0\executionHistory)" [_thread_blocked, id=17688, stack(0x0000001413000000,0x0000001413100000)]
  0x000001d2e23f93d0 JavaThread "jar transforms" [_thread_blocked, id=23840, stack(0x0000001412800000,0x0000001412900000)]
  0x000001d2e498d040 JavaThread "C2 CompilerThread1" daemon [_thread_blocked, id=10560, stack(0x0000001413100000,0x0000001413200000)]
  0x000001d2e23f9d70 JavaThread "jar transforms Thread 2" [_thread_blocked, id=24108, stack(0x0000001413200000,0x0000001413300000)]
  0x000001d2e23f7bc0 JavaThread "jar transforms Thread 3" [_thread_blocked, id=23748, stack(0x0000001413400000,0x0000001413500000)]
  0x000001d2e23fa240 JavaThread "jar transforms Thread 4" [_thread_blocked, id=16496, stack(0x0000001413500000,0x0000001413600000)]
  0x000001d2e23f76f0 JavaThread "Cache worker for dependencies-accessors (C:\Users\ADIT-PC\AndroidStudioProjects\HRISMobile-New\.gradle\8.0\dependencies-accessors)" [_thread_blocked, id=19060, stack(0x0000001413600000,0x0000001413700000)]
  0x000001d2e23fabe0 JavaThread "Cache worker for Build Output Cleanup Cache (C:\Users\ADIT-PC\AndroidStudioProjects\HRISMobile-New\.gradle\buildOutputCleanup)" [_thread_blocked, id=25276, stack(0x0000001413700000,0x0000001413800000)]
  0x000001d2e016de20 JavaThread "Unconstrained build operations" [_thread_blocked, id=29756, stack(0x0000001413800000,0x0000001413900000)]
  0x000001d2e016ec90 JavaThread "Unconstrained build operations Thread 2" [_thread_blocked, id=23476, stack(0x0000001413900000,0x0000001413a00000)]
  0x000001d2e016fb00 JavaThread "Unconstrained build operations Thread 3" [_thread_blocked, id=15624, stack(0x0000001413a00000,0x0000001413b00000)]
  0x000001d2e016cae0 JavaThread "Unconstrained build operations Thread 4" [_thread_blocked, id=28168, stack(0x0000001413b00000,0x0000001413c00000)]
  0x000001d2e0170970 JavaThread "Unconstrained build operations Thread 5" [_thread_blocked, id=17600, stack(0x0000001413c00000,0x0000001413d00000)]
  0x000001d2e0170e40 JavaThread "Unconstrained build operations Thread 6" [_thread_blocked, id=23528, stack(0x0000001413d00000,0x0000001413e00000)]
  0x000001d2e016c610 JavaThread "Unconstrained build operations Thread 7" [_thread_blocked, id=29568, stack(0x0000001413e00000,0x0000001413f00000)]
  0x000001d2e01695f0 JavaThread "Unconstrained build operations Thread 8" [_thread_blocked, id=27332, stack(0x0000001413f00000,0x0000001414000000)]
  0x000001d2e016cfb0 JavaThread "Unconstrained build operations Thread 9" [_thread_blocked, id=29392, stack(0x0000001414000000,0x0000001414100000)]
  0x000001d2e016b7a0 JavaThread "Unconstrained build operations Thread 10" [_thread_blocked, id=27028, stack(0x0000001414100000,0x0000001414200000)]
  0x000001d2e016d480 JavaThread "Unconstrained build operations Thread 11" [_thread_blocked, id=20668, stack(0x0000001414200000,0x0000001414300000)]
  0x000001d2e016f160 JavaThread "Unconstrained build operations Thread 12" [_thread_blocked, id=14892, stack(0x0000001414300000,0x0000001414400000)]
  0x000001d2e016f630 JavaThread "Unconstrained build operations Thread 13" [_thread_blocked, id=20312, stack(0x0000001414400000,0x0000001414500000)]
  0x000001d2e0169ac0 JavaThread "Unconstrained build operations Thread 14" [_thread_blocked, id=11484, stack(0x0000001414500000,0x0000001414600000)]
  0x000001d2e0169f90 JavaThread "Unconstrained build operations Thread 15" [_thread_blocked, id=25492, stack(0x0000001414600000,0x0000001414700000)]
  0x000001d2e016ffd0 JavaThread "Unconstrained build operations Thread 16" [_thread_blocked, id=11948, stack(0x0000001414700000,0x0000001414800000)]
  0x000001d2e016a460 JavaThread "Unconstrained build operations Thread 17" [_thread_blocked, id=22024, stack(0x0000001414800000,0x0000001414900000)]
  0x000001d2e016e2f0 JavaThread "Unconstrained build operations Thread 18" [_thread_blocked, id=17616, stack(0x0000001414900000,0x0000001414a00000)]
  0x000001d2e01704a0 JavaThread "Unconstrained build operations Thread 19" [_thread_blocked, id=10496, stack(0x0000001414a00000,0x0000001414b00000)]
  0x000001d2e016e7c0 JavaThread "Unconstrained build operations Thread 20" [_thread_blocked, id=19648, stack(0x0000001414b00000,0x0000001414c00000)]
  0x000001d2e016d950 JavaThread "Unconstrained build operations Thread 21" [_thread_blocked, id=15308, stack(0x0000001414c00000,0x0000001414d00000)]
  0x000001d2e016a930 JavaThread "Unconstrained build operations Thread 22" [_thread_blocked, id=19056, stack(0x0000001414d00000,0x0000001414e00000)]
  0x000001d2e016ae00 JavaThread "Unconstrained build operations Thread 23" [_thread_blocked, id=20176, stack(0x0000001414e00000,0x0000001414f00000)]
  0x000001d2e016b2d0 JavaThread "Unconstrained build operations Thread 24" [_thread_blocked, id=19104, stack(0x0000001414f00000,0x0000001415000000)]
  0x000001d2e016bc70 JavaThread "Unconstrained build operations Thread 25" [_thread_blocked, id=29372, stack(0x0000001415000000,0x0000001415100000)]
  0x000001d2e016c140 JavaThread "Unconstrained build operations Thread 26" [_thread_blocked, id=22884, stack(0x0000001415100000,0x0000001415200000)]
  0x000001d2e48941e0 JavaThread "Unconstrained build operations Thread 27" [_thread_blocked, id=8272, stack(0x0000001415200000,0x0000001415300000)]
  0x000001d2e4895050 JavaThread "Unconstrained build operations Thread 28" [_thread_blocked, id=28856, stack(0x0000001415300000,0x0000001415400000)]
  0x000001d2e4895520 JavaThread "Unconstrained build operations Thread 29" [_thread_blocked, id=19452, stack(0x0000001415400000,0x0000001415500000)]
  0x000001d2e48959f0 JavaThread "Unconstrained build operations Thread 30" [_thread_blocked, id=25384, stack(0x0000001415500000,0x0000001415600000)]
  0x000001d2e488f4e0 JavaThread "Unconstrained build operations Thread 31" [_thread_blocked, id=5500, stack(0x0000001415600000,0x0000001415700000)]
  0x000001d2e4892030 JavaThread "Unconstrained build operations Thread 32" [_thread_blocked, id=17552, stack(0x0000001415700000,0x0000001415800000)]
  0x000001d2e4896390 JavaThread "Unconstrained build operations Thread 33" [_thread_blocked, id=26064, stack(0x0000001415800000,0x0000001415900000)]
  0x000001d2e4893370 JavaThread "Unconstrained build operations Thread 34" [_thread_blocked, id=6748, stack(0x0000001415900000,0x0000001415a00000)]
  0x000001d2e488fe80 JavaThread "Unconstrained build operations Thread 35" [_thread_blocked, id=22756, stack(0x0000001415a00000,0x0000001415b00000)]
  0x000001d2e4896860 JavaThread "Unconstrained build operations Thread 36" [_thread_blocked, id=28432, stack(0x0000001415b00000,0x0000001415c00000)]
  0x000001d2e4890820 JavaThread "Unconstrained build operations Thread 37" [_thread_blocked, id=20816, stack(0x0000001415c00000,0x0000001415d00000)]
  0x000001d2e4895ec0 JavaThread "Unconstrained build operations Thread 38" [_thread_blocked, id=27616, stack(0x0000001415d00000,0x0000001415e00000)]
  0x000001d2e48946b0 JavaThread "Unconstrained build operations Thread 39" [_thread_blocked, id=26420, stack(0x0000001415e00000,0x0000001415f00000)]
  0x000001d2e4896d30 JavaThread "Unconstrained build operations Thread 40" [_thread_blocked, id=28448, stack(0x0000001415f00000,0x0000001416000000)]
  0x000001d2e48911c0 JavaThread "build event listener" [_thread_blocked, id=23792, stack(0x0000001416000000,0x0000001416100000)]
  0x000001d2e4894b80 JavaThread "Memory manager" [_thread_blocked, id=8824, stack(0x0000001416100000,0x0000001416200000)]
  0x000001d2e469bed0 JavaThread "pool-3-thread-1" [_thread_blocked, id=14740, stack(0x0000001416300000,0x0000001416400000)]
  0x000001d2e469c3a0 JavaThread "build event listener" [_thread_blocked, id=17072, stack(0x0000001416400000,0x0000001416500000)]
  0x000001d2e469dbb0 JavaThread "included builds" [_thread_blocked, id=8932, stack(0x0000001416500000,0x0000001416600000)]
  0x000001d2e469c870 JavaThread "Execution worker" [_thread_blocked, id=25528, stack(0x0000001416600000,0x0000001416700000)]
  0x000001d2e469e080 JavaThread "Execution worker Thread 2" [_thread_blocked, id=11512, stack(0x0000001416700000,0x0000001416800000)]
  0x000001d2e469cd40 JavaThread "Execution worker Thread 3" [_thread_blocked, id=5164, stack(0x0000001416800000,0x0000001416900000)]
  0x000001d2e469e550 JavaThread "Cache worker for execution history cache (C:\Users\ADIT-PC\AndroidStudioProjects\HRISMobile-New\.gradle\8.0\executionHistory)" [_thread_blocked, id=364, stack(0x0000001416900000,0x0000001416a00000)]
  0x000001d2e7c50080 JavaThread "WorkerExecutor Queue" [_thread_blocked, id=25272, stack(0x0000001416a00000,0x0000001416b00000)]
  0x000001d2e7c53f10 JavaThread "WorkerExecutor Queue Thread 2" [_thread_blocked, id=10600, stack(0x0000001416b00000,0x0000001416c00000)]
  0x000001d2e7c50550 JavaThread "WorkerExecutor Queue Thread 3" [_thread_blocked, id=11392, stack(0x0000001416c00000,0x0000001416d00000)]
  0x000001d2e7c50a20 JavaThread "WorkerExecutor Queue Thread 4" [_thread_blocked, id=11680, stack(0x0000001416d00000,0x0000001416e00000)]

Other Threads:
=>0x000001d2def9dae0 VMThread "VM Thread" [stack: 0x0000001410b00000,0x0000001410c00000] [id=11100]
  0x000001d2c5a262f0 WatcherThread [stack: 0x0000001411700000,0x0000001411800000] [id=30188]
  0x000001d2c5a0b960 GCTaskThread "GC Thread#0" [stack: 0x0000001410600000,0x0000001410700000] [id=19192]
  0x000001d2e02739e0 GCTaskThread "GC Thread#1" [stack: 0x0000001411900000,0x0000001411a00000] [id=14660]
  0x000001d2e02bdf60 GCTaskThread "GC Thread#2" [stack: 0x0000001411a00000,0x0000001411b00000] [id=28968]
  0x000001d2e02be210 GCTaskThread "GC Thread#3" [stack: 0x0000001411b00000,0x0000001411c00000] [id=1640]
  0x000001d2c5a1c8a0 ConcurrentGCThread "G1 Main Marker" [stack: 0x0000001410700000,0x0000001410800000] [id=26348]
  0x000001d2c5a1de20 ConcurrentGCThread "G1 Conc#0" [stack: 0x0000001410800000,0x0000001410900000] [id=26960]
  0x000001d2dee1c540 ConcurrentGCThread "G1 Refine#0" [stack: 0x0000001410900000,0x0000001410a00000] [id=14120]
  0x000001d2e40f1430 ConcurrentGCThread "G1 Refine#1" [stack: 0x0000001413300000,0x0000001413400000] [id=1408]
  0x000001d2e83e7020 ConcurrentGCThread "G1 Refine#2" [stack: 0x0000001416200000,0x0000001416300000] [id=15824]
  0x000001d2dee1ce70 ConcurrentGCThread "G1 Service" [stack: 0x0000001410a00000,0x0000001410b00000] [id=11980]

Threads with active compile tasks:
C2 CompilerThread0    21771 14095   !   4       org.gradle.api.internal.artifacts.transform.TransformingAsyncArtifactListener$TransformedArtifact::finalizeValue (168 bytes)

VM state: at safepoint (normal execution)

VM Mutex/Monitor currently owned by a thread:  ([mutex/lock_event])
[0x000001d2c59ad7d0] Threads_lock - owner thread: 0x000001d2def9dae0
[0x000001d2c59abb20] Heap_lock - owner thread: 0x000001d2e7c50080

Heap address: 0x0000000080000000, size: 2048 MB, Compressed Oops mode: 32-bit

CDS archive(s) not mapped
Compressed class space mapped at: 0x0000000100000000-0x0000000140000000, reserved size: 1073741824
Narrow klass base: 0x0000000000000000, Narrow klass shift: 3, Narrow klass range: 0x140000000

GC Precious Log:
 CPUs: 4 total, 4 available
 Memory: 16247M
 Large Page Support: Disabled
 NUMA Support: Disabled
 Compressed Oops: Enabled (32-bit)
 Heap Region Size: 1M
 Heap Min Capacity: 8M
 Heap Initial Capacity: 254M
 Heap Max Capacity: 2G
 Pre-touch: Disabled
 Parallel Workers: 4
 Concurrent Workers: 1
 Concurrent Refinement Workers: 4
 Periodic GC: Disabled

Heap:
 garbage-first heap   total 217088K, used 109808K [0x0000000080000000, 0x0000000100000000)
  region size 1024K, 6 young (6144K), 6 survivors (6144K)
 Metaspace       used 97460K, committed 98304K, reserved 1138688K
  class space    used 12928K, committed 13312K, reserved 1048576K

Heap Regions: E=young(eden), S=young(survivor), O=old, HS=humongous(starts), HC=humongous(continues), CS=collection set, F=free, OA=open archive, CA=closed archive, TAMS=top-at-mark-start (previous, next)
|   0|0x0000000080000000, 0x0000000080100000, 0x0000000080100000|100%| O|  |TAMS 0x0000000080100000, 0x0000000080000000| Untracked 
|   1|0x0000000080100000, 0x0000000080200000, 0x0000000080200000|100%| O|  |TAMS 0x0000000080200000, 0x0000000080100000| Untracked 
|   2|0x0000000080200000, 0x0000000080300000, 0x0000000080300000|100%|HS|  |TAMS 0x0000000080300000, 0x0000000080200000| Complete 
|   3|0x0000000080300000, 0x0000000080400000, 0x0000000080400000|100%|HC|  |TAMS 0x0000000080400000, 0x0000000080300000| Complete 
|   4|0x0000000080400000, 0x0000000080500000, 0x0000000080500000|100%|HC|  |TAMS 0x0000000080500000, 0x0000000080400000| Complete 
|   5|0x0000000080500000, 0x0000000080600000, 0x0000000080600000|100%|HC|  |TAMS 0x0000000080600000, 0x0000000080500000| Complete 
|   6|0x0000000080600000, 0x0000000080700000, 0x0000000080700000|100%| O|  |TAMS 0x0000000080700000, 0x0000000080600000| Untracked 
|   7|0x0000000080700000, 0x0000000080800000, 0x0000000080800000|100%| O|  |TAMS 0x0000000080800000, 0x0000000080700000| Untracked 
|   8|0x0000000080800000, 0x0000000080900000, 0x0000000080900000|100%| O|  |TAMS 0x0000000080900000, 0x0000000080800000| Untracked 
|   9|0x0000000080900000, 0x0000000080a00000, 0x0000000080a00000|100%| O|  |TAMS 0x0000000080a00000, 0x0000000080900000| Untracked 
|  10|0x0000000080a00000, 0x0000000080b00000, 0x0000000080b00000|100%| O|  |TAMS 0x0000000080b00000, 0x0000000080a00000| Untracked 
|  11|0x0000000080b00000, 0x0000000080c00000, 0x0000000080c00000|100%| O|  |TAMS 0x0000000080c00000, 0x0000000080b00000| Untracked 
|  12|0x0000000080c00000, 0x0000000080d00000, 0x0000000080d00000|100%| O|  |TAMS 0x0000000080d00000, 0x0000000080c00000| Untracked 
|  13|0x0000000080d00000, 0x0000000080e00000, 0x0000000080e00000|100%| O|  |TAMS 0x0000000080e00000, 0x0000000080d00000| Untracked 
|  14|0x0000000080e00000, 0x0000000080f00000, 0x0000000080f00000|100%| O|  |TAMS 0x0000000080f00000, 0x0000000080e00000| Untracked 
|  15|0x0000000080f00000, 0x0000000081000000, 0x0000000081000000|100%| O|  |TAMS 0x0000000081000000, 0x0000000080f00000| Untracked 
|  16|0x0000000081000000, 0x0000000081100000, 0x0000000081100000|100%| O|  |TAMS 0x0000000081100000, 0x0000000081000000| Untracked 
|  17|0x0000000081100000, 0x0000000081200000, 0x0000000081200000|100%| O|  |TAMS 0x0000000081200000, 0x0000000081100000| Untracked 
|  18|0x0000000081200000, 0x0000000081300000, 0x0000000081300000|100%| O|  |TAMS 0x0000000081300000, 0x0000000081200000| Untracked 
|  19|0x0000000081300000, 0x0000000081400000, 0x0000000081400000|100%| O|  |TAMS 0x0000000081400000, 0x0000000081300000| Untracked 
|  20|0x0000000081400000, 0x0000000081500000, 0x0000000081500000|100%| O|  |TAMS 0x0000000081500000, 0x0000000081400000| Untracked 
|  21|0x0000000081500000, 0x0000000081600000, 0x0000000081600000|100%| O|  |TAMS 0x0000000081600000, 0x0000000081500000| Untracked 
|  22|0x0000000081600000, 0x0000000081700000, 0x0000000081700000|100%| O|  |TAMS 0x0000000081700000, 0x0000000081600000| Untracked 
|  23|0x0000000081700000, 0x0000000081800000, 0x0000000081800000|100%| O|  |TAMS 0x0000000081800000, 0x0000000081700000| Untracked 
|  24|0x0000000081800000, 0x0000000081900000, 0x0000000081900000|100%| O|  |TAMS 0x0000000081900000, 0x0000000081800000| Untracked 
|  25|0x0000000081900000, 0x0000000081a00000, 0x0000000081a00000|100%| O|  |TAMS 0x0000000081a00000, 0x0000000081900000| Untracked 
|  26|0x0000000081a00000, 0x0000000081b00000, 0x0000000081b00000|100%| O|  |TAMS 0x0000000081b00000, 0x0000000081a00000| Untracked 
|  27|0x0000000081b00000, 0x0000000081c00000, 0x0000000081c00000|100%| O|  |TAMS 0x0000000081c00000, 0x0000000081b00000| Untracked 
|  28|0x0000000081c00000, 0x0000000081d00000, 0x0000000081d00000|100%| O|  |TAMS 0x0000000081d00000, 0x0000000081c00000| Untracked 
|  29|0x0000000081d00000, 0x0000000081e00000, 0x0000000081e00000|100%| O|  |TAMS 0x0000000081e00000, 0x0000000081d00000| Untracked 
|  30|0x0000000081e00000, 0x0000000081f00000, 0x0000000081f00000|100%| O|  |TAMS 0x0000000081f00000, 0x0000000081e00000| Untracked 
|  31|0x0000000081f00000, 0x0000000082000000, 0x0000000082000000|100%| O|  |TAMS 0x0000000082000000, 0x0000000081f00000| Untracked 
|  32|0x0000000082000000, 0x0000000082100000, 0x0000000082100000|100%| O|  |TAMS 0x0000000082100000, 0x0000000082000000| Untracked 
|  33|0x0000000082100000, 0x0000000082200000, 0x0000000082200000|100%| O|  |TAMS 0x0000000082200000, 0x0000000082100000| Untracked 
|  34|0x0000000082200000, 0x0000000082300000, 0x0000000082300000|100%| O|  |TAMS 0x0000000082300000, 0x0000000082200000| Untracked 
|  35|0x0000000082300000, 0x0000000082400000, 0x0000000082400000|100%|HS|  |TAMS 0x0000000082400000, 0x0000000082300000| Complete 
|  36|0x0000000082400000, 0x0000000082500000, 0x0000000082500000|100%|HS|  |TAMS 0x0000000082500000, 0x0000000082400000| Complete 
|  37|0x0000000082500000, 0x0000000082600000, 0x0000000082600000|100%|HS|  |TAMS 0x0000000082600000, 0x0000000082500000| Complete 
|  38|0x0000000082600000, 0x0000000082700000, 0x0000000082700000|100%| O|  |TAMS 0x0000000082700000, 0x0000000082600000| Untracked 
|  39|0x0000000082700000, 0x0000000082800000, 0x0000000082800000|100%| O|  |TAMS 0x0000000082800000, 0x0000000082700000| Untracked 
|  40|0x0000000082800000, 0x0000000082900000, 0x0000000082900000|100%| O|  |TAMS 0x0000000082900000, 0x0000000082800000| Untracked 
|  41|0x0000000082900000, 0x0000000082a00000, 0x0000000082a00000|100%| O|  |TAMS 0x0000000082a00000, 0x0000000082900000| Untracked 
|  42|0x0000000082a00000, 0x0000000082b00000, 0x0000000082b00000|100%| O|  |TAMS 0x0000000082b00000, 0x0000000082a00000| Untracked 
|  43|0x0000000082b00000, 0x0000000082c00000, 0x0000000082c00000|100%| O|  |TAMS 0x0000000082c00000, 0x0000000082b00000| Untracked 
|  44|0x0000000082c00000, 0x0000000082d00000, 0x0000000082d00000|100%| O|  |TAMS 0x0000000082d00000, 0x0000000082c00000| Untracked 
|  45|0x0000000082d00000, 0x0000000082e00000, 0x0000000082e00000|100%| O|  |TAMS 0x0000000082d00000, 0x0000000082d00000| Untracked 
|  46|0x0000000082e00000, 0x0000000082f00000, 0x0000000082f00000|100%| O|  |TAMS 0x0000000082f00000, 0x0000000082e00000| Untracked 
|  47|0x0000000082f00000, 0x0000000083000000, 0x0000000083000000|100%| O|  |TAMS 0x0000000083000000, 0x0000000082f00000| Untracked 
|  48|0x0000000083000000, 0x0000000083100000, 0x0000000083100000|100%| O|  |TAMS 0x0000000083100000, 0x0000000083000000| Untracked 
|  49|0x0000000083100000, 0x0000000083200000, 0x0000000083200000|100%| O|  |TAMS 0x0000000083200000, 0x0000000083100000| Untracked 
|  50|0x0000000083200000, 0x0000000083300000, 0x0000000083300000|100%| O|  |TAMS 0x0000000083300000, 0x0000000083200000| Untracked 
|  51|0x0000000083300000, 0x0000000083400000, 0x0000000083400000|100%| O|  |TAMS 0x0000000083400000, 0x0000000083300000| Untracked 
|  52|0x0000000083400000, 0x0000000083500000, 0x0000000083500000|100%| O|  |TAMS 0x0000000083500000, 0x0000000083400000| Untracked 
|  53|0x0000000083500000, 0x0000000083600000, 0x0000000083600000|100%| O|  |TAMS 0x0000000083600000, 0x0000000083500000| Untracked 
|  54|0x0000000083600000, 0x0000000083700000, 0x0000000083700000|100%| O|  |TAMS 0x0000000083700000, 0x0000000083600000| Untracked 
|  55|0x0000000083700000, 0x0000000083800000, 0x0000000083800000|100%| O|  |TAMS 0x0000000083800000, 0x0000000083700000| Untracked 
|  56|0x0000000083800000, 0x0000000083900000, 0x0000000083900000|100%| O|  |TAMS 0x0000000083900000, 0x0000000083800000| Untracked 
|  57|0x0000000083900000, 0x0000000083a00000, 0x0000000083a00000|100%| O|  |TAMS 0x0000000083a00000, 0x0000000083900000| Untracked 
|  58|0x0000000083a00000, 0x0000000083b00000, 0x0000000083b00000|100%| O|  |TAMS 0x0000000083b00000, 0x0000000083a00000| Untracked 
|  59|0x0000000083b00000, 0x0000000083c00000, 0x0000000083c00000|100%| O|  |TAMS 0x0000000083c00000, 0x0000000083b00000| Untracked 
|  60|0x0000000083c00000, 0x0000000083c00000, 0x0000000083d00000|  0%| F|  |TAMS 0x0000000083c00000, 0x0000000083c00000| Untracked 
|  61|0x0000000083d00000, 0x0000000083e00000, 0x0000000083e00000|100%| O|  |TAMS 0x0000000083e00000, 0x0000000083d00000| Untracked 
|  62|0x0000000083e00000, 0x0000000083f00000, 0x0000000083f00000|100%| O|  |TAMS 0x0000000083f00000, 0x0000000083e00000| Untracked 
|  63|0x0000000083f00000, 0x0000000084000000, 0x0000000084000000|100%| O|  |TAMS 0x0000000084000000, 0x0000000083f00000| Untracked 
|  64|0x0000000084000000, 0x0000000084100000, 0x0000000084100000|100%| O|  |TAMS 0x0000000084100000, 0x0000000084000000| Untracked 
|  65|0x0000000084100000, 0x0000000084200000, 0x0000000084200000|100%| O|  |TAMS 0x0000000084200000, 0x0000000084100000| Untracked 
|  66|0x0000000084200000, 0x0000000084300000, 0x0000000084300000|100%| O|  |TAMS 0x0000000084300000, 0x0000000084200000| Untracked 
|  67|0x0000000084300000, 0x0000000084400000, 0x0000000084400000|100%| O|  |TAMS 0x0000000084400000, 0x0000000084300000| Untracked 
|  68|0x0000000084400000, 0x0000000084500000, 0x0000000084500000|100%| O|  |TAMS 0x0000000084500000, 0x0000000084400000| Untracked 
|  69|0x0000000084500000, 0x0000000084600000, 0x0000000084600000|100%| O|  |TAMS 0x0000000084600000, 0x0000000084500000| Untracked 
|  70|0x0000000084600000, 0x0000000084700000, 0x0000000084700000|100%| O|  |TAMS 0x0000000084700000, 0x0000000084600000| Untracked 
|  71|0x0000000084700000, 0x0000000084800000, 0x0000000084800000|100%| O|  |TAMS 0x0000000084800000, 0x0000000084700000| Untracked 
|  72|0x0000000084800000, 0x0000000084900000, 0x0000000084900000|100%| O|  |TAMS 0x0000000084900000, 0x0000000084800000| Untracked 
|  73|0x0000000084900000, 0x0000000084a00000, 0x0000000084a00000|100%| O|  |TAMS 0x0000000084a00000, 0x0000000084900000| Untracked 
|  74|0x0000000084a00000, 0x0000000084b00000, 0x0000000084b00000|100%| O|  |TAMS 0x0000000084b00000, 0x0000000084a00000| Untracked 
|  75|0x0000000084b00000, 0x0000000084c00000, 0x0000000084c00000|100%| O|  |TAMS 0x0000000084c00000, 0x0000000084b00000| Untracked 
|  76|0x0000000084c00000, 0x0000000084d00000, 0x0000000084d00000|100%| O|  |TAMS 0x0000000084d00000, 0x0000000084c00000| Untracked 
|  77|0x0000000084d00000, 0x0000000084e00000, 0x0000000084e00000|100%| O|  |TAMS 0x0000000084e00000, 0x0000000084d00000| Untracked 
|  78|0x0000000084e00000, 0x0000000084f00000, 0x0000000084f00000|100%| O|  |TAMS 0x0000000084f00000, 0x0000000084e00000| Untracked 
|  79|0x0000000084f00000, 0x0000000085000000, 0x0000000085000000|100%| O|  |TAMS 0x0000000085000000, 0x0000000084f00000| Untracked 
|  80|0x0000000085000000, 0x0000000085100000, 0x0000000085100000|100%| O|  |TAMS 0x0000000085100000, 0x0000000085000000| Untracked 
|  81|0x0000000085100000, 0x0000000085200000, 0x0000000085200000|100%| O|  |TAMS 0x0000000085200000, 0x0000000085100000| Untracked 
|  82|0x0000000085200000, 0x0000000085300000, 0x0000000085300000|100%| O|  |TAMS 0x0000000085300000, 0x0000000085200000| Untracked 
|  83|0x0000000085300000, 0x0000000085400000, 0x0000000085400000|100%| O|  |TAMS 0x0000000085400000, 0x0000000085300000| Untracked 
|  84|0x0000000085400000, 0x0000000085500000, 0x0000000085500000|100%| O|  |TAMS 0x0000000085500000, 0x0000000085400000| Untracked 
|  85|0x0000000085500000, 0x0000000085600000, 0x0000000085600000|100%| O|  |TAMS 0x0000000085600000, 0x0000000085500000| Untracked 
|  86|0x0000000085600000, 0x0000000085700000, 0x0000000085700000|100%| O|  |TAMS 0x0000000085700000, 0x0000000085600000| Untracked 
|  87|0x0000000085700000, 0x0000000085800000, 0x0000000085800000|100%| O|  |TAMS 0x0000000085800000, 0x0000000085700000| Untracked 
|  88|0x0000000085800000, 0x0000000085900000, 0x0000000085900000|100%| O|  |TAMS 0x0000000085900000, 0x0000000085800000| Untracked 
|  89|0x0000000085900000, 0x0000000085a00000, 0x0000000085a00000|100%| O|  |TAMS 0x0000000085a00000, 0x0000000085900000| Untracked 
|  90|0x0000000085a00000, 0x0000000085b00000, 0x0000000085b00000|100%| O|  |TAMS 0x0000000085b00000, 0x0000000085a00000| Untracked 
|  91|0x0000000085b00000, 0x0000000085c00000, 0x0000000085c00000|100%| O|  |TAMS 0x0000000085c00000, 0x0000000085b00000| Untracked 
|  92|0x0000000085c00000, 0x0000000085d00000, 0x0000000085d00000|100%| O|  |TAMS 0x0000000085d00000, 0x0000000085c00000| Untracked 
|  93|0x0000000085d00000, 0x0000000085e00000, 0x0000000085e00000|100%| O|  |TAMS 0x0000000085e00000, 0x0000000085d00000| Untracked 
|  94|0x0000000085e00000, 0x0000000085f00000, 0x0000000085f00000|100%| O|  |TAMS 0x0000000085f00000, 0x0000000085e00000| Untracked 
|  95|0x0000000085f00000, 0x0000000086000000, 0x0000000086000000|100%| O|  |TAMS 0x0000000086000000, 0x0000000085f00000| Untracked 
|  96|0x0000000086000000, 0x0000000086100000, 0x0000000086100000|100%| O|  |TAMS 0x0000000086100000, 0x0000000086000000| Untracked 
|  97|0x0000000086100000, 0x0000000086200000, 0x0000000086200000|100%| O|  |TAMS 0x0000000086200000, 0x0000000086100000| Untracked 
|  98|0x0000000086200000, 0x0000000086300000, 0x0000000086300000|100%| O|  |TAMS 0x0000000086281000, 0x0000000086200000| Untracked 
|  99|0x0000000086300000, 0x0000000086400000, 0x0000000086400000|100%| O|  |TAMS 0x0000000086300000, 0x0000000086300000| Untracked 
| 100|0x0000000086400000, 0x0000000086500000, 0x0000000086500000|100%| O|  |TAMS 0x0000000086400000, 0x0000000086400000| Untracked 
| 101|0x0000000086500000, 0x0000000086600000, 0x0000000086600000|100%| O|  |TAMS 0x0000000086500000, 0x0000000086500000| Untracked 
| 102|0x0000000086600000, 0x00000000866ffc00, 0x0000000086700000| 99%| O|  |TAMS 0x0000000086600000, 0x0000000086600000| Untracked 
| 103|0x0000000086700000, 0x0000000086700000, 0x0000000086800000|  0%| F|  |TAMS 0x0000000086700000, 0x0000000086700000| Untracked 
| 104|0x0000000086800000, 0x0000000086800000, 0x0000000086900000|  0%| F|  |TAMS 0x0000000086800000, 0x0000000086800000| Untracked 
| 105|0x0000000086900000, 0x0000000086900000, 0x0000000086a00000|  0%| F|  |TAMS 0x0000000086900000, 0x0000000086900000| Untracked 
| 106|0x0000000086a00000, 0x0000000086a00000, 0x0000000086b00000|  0%| F|  |TAMS 0x0000000086a00000, 0x0000000086a00000| Untracked 
| 107|0x0000000086b00000, 0x0000000086b00000, 0x0000000086c00000|  0%| F|  |TAMS 0x0000000086b00000, 0x0000000086b00000| Untracked 
| 108|0x0000000086c00000, 0x0000000086c00000, 0x0000000086d00000|  0%| F|  |TAMS 0x0000000086c00000, 0x0000000086c00000| Untracked 
| 109|0x0000000086d00000, 0x0000000086d00000, 0x0000000086e00000|  0%| F|  |TAMS 0x0000000086d00000, 0x0000000086d00000| Untracked 
| 110|0x0000000086e00000, 0x0000000086e00000, 0x0000000086f00000|  0%| F|  |TAMS 0x0000000086e00000, 0x0000000086e00000| Untracked 
| 111|0x0000000086f00000, 0x0000000086f00000, 0x0000000087000000|  0%| F|  |TAMS 0x0000000086f00000, 0x0000000086f00000| Untracked 
| 112|0x0000000087000000, 0x0000000087000000, 0x0000000087100000|  0%| F|  |TAMS 0x0000000087000000, 0x0000000087000000| Untracked 
| 113|0x0000000087100000, 0x0000000087100000, 0x0000000087200000|  0%| F|  |TAMS 0x0000000087100000, 0x0000000087100000| Untracked 
| 114|0x0000000087200000, 0x0000000087200000, 0x0000000087300000|  0%| F|  |TAMS 0x0000000087200000, 0x0000000087200000| Untracked 
| 115|0x0000000087300000, 0x0000000087300000, 0x0000000087400000|  0%| F|  |TAMS 0x0000000087300000, 0x0000000087300000| Untracked 
| 116|0x0000000087400000, 0x0000000087400000, 0x0000000087500000|  0%| F|  |TAMS 0x0000000087400000, 0x0000000087400000| Untracked 
| 117|0x0000000087500000, 0x0000000087500000, 0x0000000087600000|  0%| F|  |TAMS 0x0000000087500000, 0x0000000087500000| Untracked 
| 118|0x0000000087600000, 0x0000000087600000, 0x0000000087700000|  0%| F|  |TAMS 0x0000000087600000, 0x0000000087600000| Untracked 
| 119|0x0000000087700000, 0x0000000087700000, 0x0000000087800000|  0%| F|  |TAMS 0x0000000087700000, 0x0000000087700000| Untracked 
| 120|0x0000000087800000, 0x0000000087800000, 0x0000000087900000|  0%| F|  |TAMS 0x0000000087800000, 0x0000000087800000| Untracked 
| 121|0x0000000087900000, 0x0000000087900000, 0x0000000087a00000|  0%| F|  |TAMS 0x0000000087900000, 0x0000000087900000| Untracked 
| 122|0x0000000087a00000, 0x0000000087a00000, 0x0000000087b00000|  0%| F|  |TAMS 0x0000000087a00000, 0x0000000087a00000| Untracked 
| 123|0x0000000087b00000, 0x0000000087b00000, 0x0000000087c00000|  0%| F|  |TAMS 0x0000000087b00000, 0x0000000087b00000| Untracked 
| 124|0x0000000087c00000, 0x0000000087c00000, 0x0000000087d00000|  0%| F|  |TAMS 0x0000000087c00000, 0x0000000087c00000| Untracked 
| 125|0x0000000087d00000, 0x0000000087d00000, 0x0000000087e00000|  0%| F|  |TAMS 0x0000000087d00000, 0x0000000087d00000| Untracked 
| 126|0x0000000087e00000, 0x0000000087e00000, 0x0000000087f00000|  0%| F|  |TAMS 0x0000000087e00000, 0x0000000087e00000| Untracked 
| 127|0x0000000087f00000, 0x0000000087f00000, 0x0000000088000000|  0%| F|  |TAMS 0x0000000087f00000, 0x0000000087f00000| Untracked 
| 128|0x0000000088000000, 0x000000008803c740, 0x0000000088100000| 23%| S|CS|TAMS 0x0000000088000000, 0x0000000088000000| Complete 
| 129|0x0000000088100000, 0x0000000088200000, 0x0000000088200000|100%| S|CS|TAMS 0x0000000088100000, 0x0000000088100000| Complete 
| 130|0x0000000088200000, 0x0000000088300000, 0x0000000088300000|100%| S|CS|TAMS 0x0000000088200000, 0x0000000088200000| Complete 
| 131|0x0000000088300000, 0x0000000088400000, 0x0000000088400000|100%| S|CS|TAMS 0x0000000088300000, 0x0000000088300000| Complete 
| 132|0x0000000088400000, 0x0000000088500000, 0x0000000088500000|100%| S|CS|TAMS 0x0000000088400000, 0x0000000088400000| Complete 
| 133|0x0000000088500000, 0x0000000088600000, 0x0000000088600000|100%| S|CS|TAMS 0x0000000088500000, 0x0000000088500000| Complete 
| 134|0x0000000088600000, 0x0000000088600000, 0x0000000088700000|  0%| F|  |TAMS 0x0000000088600000, 0x0000000088600000| Untracked 
| 135|0x0000000088700000, 0x0000000088700000, 0x0000000088800000|  0%| F|  |TAMS 0x0000000088700000, 0x0000000088700000| Untracked 
| 136|0x0000000088800000, 0x0000000088800000, 0x0000000088900000|  0%| F|  |TAMS 0x0000000088800000, 0x0000000088800000| Untracked 
| 137|0x0000000088900000, 0x0000000088900000, 0x0000000088a00000|  0%| F|  |TAMS 0x0000000088900000, 0x0000000088900000| Untracked 
| 138|0x0000000088a00000, 0x0000000088a00000, 0x0000000088b00000|  0%| F|  |TAMS 0x0000000088a00000, 0x0000000088a00000| Untracked 
| 139|0x0000000088b00000, 0x0000000088b00000, 0x0000000088c00000|  0%| F|  |TAMS 0x0000000088b00000, 0x0000000088b00000| Untracked 
| 140|0x0000000088c00000, 0x0000000088c00000, 0x0000000088d00000|  0%| F|  |TAMS 0x0000000088c00000, 0x0000000088c00000| Untracked 
| 141|0x0000000088d00000, 0x0000000088d00000, 0x0000000088e00000|  0%| F|  |TAMS 0x0000000088d00000, 0x0000000088d00000| Untracked 
| 142|0x0000000088e00000, 0x0000000088e00000, 0x0000000088f00000|  0%| F|  |TAMS 0x0000000088e00000, 0x0000000088e00000| Untracked 
| 143|0x0000000088f00000, 0x0000000088f00000, 0x0000000089000000|  0%| F|  |TAMS 0x0000000088f00000, 0x0000000088f00000| Untracked 
| 144|0x0000000089000000, 0x0000000089000000, 0x0000000089100000|  0%| F|  |TAMS 0x0000000089000000, 0x0000000089000000| Untracked 
| 145|0x0000000089100000, 0x0000000089100000, 0x0000000089200000|  0%| F|  |TAMS 0x0000000089100000, 0x0000000089100000| Untracked 
| 146|0x0000000089200000, 0x0000000089200000, 0x0000000089300000|  0%| F|  |TAMS 0x0000000089200000, 0x0000000089200000| Untracked 
| 147|0x0000000089300000, 0x0000000089300000, 0x0000000089400000|  0%| F|  |TAMS 0x0000000089300000, 0x0000000089300000| Untracked 
| 148|0x0000000089400000, 0x0000000089400000, 0x0000000089500000|  0%| F|  |TAMS 0x0000000089400000, 0x0000000089400000| Untracked 
| 149|0x0000000089500000, 0x0000000089500000, 0x0000000089600000|  0%| F|  |TAMS 0x0000000089500000, 0x0000000089500000| Untracked 
| 150|0x0000000089600000, 0x0000000089600000, 0x0000000089700000|  0%| F|  |TAMS 0x0000000089600000, 0x0000000089600000| Untracked 
| 151|0x0000000089700000, 0x0000000089700000, 0x0000000089800000|  0%| F|  |TAMS 0x0000000089700000, 0x0000000089700000| Untracked 
| 152|0x0000000089800000, 0x0000000089800000, 0x0000000089900000|  0%| F|  |TAMS 0x0000000089800000, 0x0000000089800000| Untracked 
| 153|0x0000000089900000, 0x0000000089900000, 0x0000000089a00000|  0%| F|  |TAMS 0x0000000089900000, 0x0000000089900000| Untracked 
| 154|0x0000000089a00000, 0x0000000089a00000, 0x0000000089b00000|  0%| F|  |TAMS 0x0000000089a00000, 0x0000000089a00000| Untracked 
| 155|0x0000000089b00000, 0x0000000089b00000, 0x0000000089c00000|  0%| F|  |TAMS 0x0000000089b00000, 0x0000000089b00000| Untracked 
| 156|0x0000000089c00000, 0x0000000089c00000, 0x0000000089d00000|  0%| F|  |TAMS 0x0000000089c00000, 0x0000000089c00000| Untracked 
| 157|0x0000000089d00000, 0x0000000089d00000, 0x0000000089e00000|  0%| F|  |TAMS 0x0000000089d00000, 0x0000000089d00000| Untracked 
| 158|0x0000000089e00000, 0x0000000089e00000, 0x0000000089f00000|  0%| F|  |TAMS 0x0000000089e00000, 0x0000000089e00000| Untracked 
| 159|0x0000000089f00000, 0x0000000089f00000, 0x000000008a000000|  0%| F|  |TAMS 0x0000000089f00000, 0x0000000089f00000| Untracked 
| 160|0x000000008a000000, 0x000000008a000000, 0x000000008a100000|  0%| F|  |TAMS 0x000000008a000000, 0x000000008a000000| Untracked 
| 161|0x000000008a100000, 0x000000008a100000, 0x000000008a200000|  0%| F|  |TAMS 0x000000008a100000, 0x000000008a100000| Untracked 
| 162|0x000000008a200000, 0x000000008a200000, 0x000000008a300000|  0%| F|  |TAMS 0x000000008a200000, 0x000000008a200000| Untracked 
| 163|0x000000008a300000, 0x000000008a300000, 0x000000008a400000|  0%| F|  |TAMS 0x000000008a300000, 0x000000008a300000| Untracked 
| 164|0x000000008a400000, 0x000000008a400000, 0x000000008a500000|  0%| F|  |TAMS 0x000000008a400000, 0x000000008a400000| Untracked 
| 165|0x000000008a500000, 0x000000008a500000, 0x000000008a600000|  0%| F|  |TAMS 0x000000008a500000, 0x000000008a500000| Untracked 
| 166|0x000000008a600000, 0x000000008a600000, 0x000000008a700000|  0%| F|  |TAMS 0x000000008a600000, 0x000000008a600000| Untracked 
| 167|0x000000008a700000, 0x000000008a700000, 0x000000008a800000|  0%| F|  |TAMS 0x000000008a700000, 0x000000008a700000| Untracked 
| 168|0x000000008a800000, 0x000000008a800000, 0x000000008a900000|  0%| F|  |TAMS 0x000000008a800000, 0x000000008a800000| Untracked 
| 169|0x000000008a900000, 0x000000008a900000, 0x000000008aa00000|  0%| F|  |TAMS 0x000000008a900000, 0x000000008a900000| Untracked 
| 170|0x000000008aa00000, 0x000000008aa00000, 0x000000008ab00000|  0%| F|  |TAMS 0x000000008aa00000, 0x000000008aa00000| Untracked 
| 171|0x000000008ab00000, 0x000000008ab00000, 0x000000008ac00000|  0%| F|  |TAMS 0x000000008ab00000, 0x000000008ab00000| Untracked 
| 172|0x000000008ac00000, 0x000000008ac00000, 0x000000008ad00000|  0%| F|  |TAMS 0x000000008ac00000, 0x000000008ac00000| Untracked 
| 173|0x000000008ad00000, 0x000000008ad00000, 0x000000008ae00000|  0%| F|  |TAMS 0x000000008ad00000, 0x000000008ad00000| Untracked 
| 174|0x000000008ae00000, 0x000000008ae00000, 0x000000008af00000|  0%| F|  |TAMS 0x000000008ae00000, 0x000000008ae00000| Untracked 
| 175|0x000000008af00000, 0x000000008af00000, 0x000000008b000000|  0%| F|  |TAMS 0x000000008af00000, 0x000000008af00000| Untracked 
| 176|0x000000008b000000, 0x000000008b000000, 0x000000008b100000|  0%| F|  |TAMS 0x000000008b000000, 0x000000008b000000| Untracked 
| 177|0x000000008b100000, 0x000000008b100000, 0x000000008b200000|  0%| F|  |TAMS 0x000000008b100000, 0x000000008b100000| Untracked 
| 178|0x000000008b200000, 0x000000008b200000, 0x000000008b300000|  0%| F|  |TAMS 0x000000008b200000, 0x000000008b200000| Untracked 
| 179|0x000000008b300000, 0x000000008b300000, 0x000000008b400000|  0%| F|  |TAMS 0x000000008b300000, 0x000000008b300000| Untracked 
| 180|0x000000008b400000, 0x000000008b400000, 0x000000008b500000|  0%| F|  |TAMS 0x000000008b400000, 0x000000008b400000| Untracked 
| 181|0x000000008b500000, 0x000000008b500000, 0x000000008b600000|  0%| F|  |TAMS 0x000000008b500000, 0x000000008b500000| Untracked 
| 182|0x000000008b600000, 0x000000008b600000, 0x000000008b700000|  0%| F|  |TAMS 0x000000008b600000, 0x000000008b600000| Untracked 
| 183|0x000000008b700000, 0x000000008b700000, 0x000000008b800000|  0%| F|  |TAMS 0x000000008b700000, 0x000000008b700000| Untracked 
| 184|0x000000008b800000, 0x000000008b800000, 0x000000008b900000|  0%| F|  |TAMS 0x000000008b800000, 0x000000008b800000| Untracked 
| 185|0x000000008b900000, 0x000000008b900000, 0x000000008ba00000|  0%| F|  |TAMS 0x000000008b900000, 0x000000008b900000| Untracked 
| 186|0x000000008ba00000, 0x000000008ba00000, 0x000000008bb00000|  0%| F|  |TAMS 0x000000008ba00000, 0x000000008ba00000| Untracked 
| 187|0x000000008bb00000, 0x000000008bb00000, 0x000000008bc00000|  0%| F|  |TAMS 0x000000008bb00000, 0x000000008bb00000| Untracked 
| 188|0x000000008bc00000, 0x000000008bc00000, 0x000000008bd00000|  0%| F|  |TAMS 0x000000008bc00000, 0x000000008bc00000| Untracked 
| 189|0x000000008bd00000, 0x000000008bd00000, 0x000000008be00000|  0%| F|  |TAMS 0x000000008bd00000, 0x000000008bd00000| Untracked 
| 190|0x000000008be00000, 0x000000008be00000, 0x000000008bf00000|  0%| F|  |TAMS 0x000000008be00000, 0x000000008be00000| Untracked 
| 191|0x000000008bf00000, 0x000000008bf00000, 0x000000008c000000|  0%| F|  |TAMS 0x000000008bf00000, 0x000000008bf00000| Untracked 
| 192|0x000000008c000000, 0x000000008c000000, 0x000000008c100000|  0%| F|  |TAMS 0x000000008c000000, 0x000000008c000000| Untracked 
| 193|0x000000008c100000, 0x000000008c100000, 0x000000008c200000|  0%| F|  |TAMS 0x000000008c100000, 0x000000008c100000| Untracked 
| 194|0x000000008c200000, 0x000000008c200000, 0x000000008c300000|  0%| F|  |TAMS 0x000000008c200000, 0x000000008c200000| Untracked 
| 195|0x000000008c300000, 0x000000008c300000, 0x000000008c400000|  0%| F|  |TAMS 0x000000008c300000, 0x000000008c300000| Untracked 
| 196|0x000000008c400000, 0x000000008c400000, 0x000000008c500000|  0%| F|  |TAMS 0x000000008c400000, 0x000000008c400000| Untracked 
| 197|0x000000008c500000, 0x000000008c500000, 0x000000008c600000|  0%| F|  |TAMS 0x000000008c500000, 0x000000008c500000| Untracked 
| 198|0x000000008c600000, 0x000000008c600000, 0x000000008c700000|  0%| F|  |TAMS 0x000000008c600000, 0x000000008c600000| Untracked 
| 199|0x000000008c700000, 0x000000008c700000, 0x000000008c800000|  0%| F|  |TAMS 0x000000008c700000, 0x000000008c700000| Untracked 
| 200|0x000000008c800000, 0x000000008c800000, 0x000000008c900000|  0%| F|  |TAMS 0x000000008c800000, 0x000000008c800000| Untracked 
| 201|0x000000008c900000, 0x000000008c900000, 0x000000008ca00000|  0%| F|  |TAMS 0x000000008c900000, 0x000000008c900000| Untracked 
| 202|0x000000008ca00000, 0x000000008ca00000, 0x000000008cb00000|  0%| F|  |TAMS 0x000000008ca00000, 0x000000008ca00000| Untracked 
| 203|0x000000008cb00000, 0x000000008cb00000, 0x000000008cc00000|  0%| F|  |TAMS 0x000000008cb00000, 0x000000008cb00000| Untracked 
| 204|0x000000008cc00000, 0x000000008cc00000, 0x000000008cd00000|  0%| F|  |TAMS 0x000000008cc00000, 0x000000008cc00000| Untracked 
| 205|0x000000008cd00000, 0x000000008cd00000, 0x000000008ce00000|  0%| F|  |TAMS 0x000000008cd00000, 0x000000008cd00000| Untracked 
| 206|0x000000008ce00000, 0x000000008ce00000, 0x000000008cf00000|  0%| F|  |TAMS 0x000000008ce00000, 0x000000008ce00000| Untracked 
| 207|0x000000008cf00000, 0x000000008cf00000, 0x000000008d000000|  0%| F|  |TAMS 0x000000008cf00000, 0x000000008cf00000| Untracked 
| 208|0x000000008d000000, 0x000000008d000000, 0x000000008d100000|  0%| F|  |TAMS 0x000000008d000000, 0x000000008d000000| Untracked 
| 209|0x000000008d100000, 0x000000008d100000, 0x000000008d200000|  0%| F|  |TAMS 0x000000008d100000, 0x000000008d100000| Untracked 
| 210|0x000000008d200000, 0x000000008d200000, 0x000000008d300000|  0%| F|  |TAMS 0x000000008d200000, 0x000000008d200000| Untracked 
| 253|0x000000008fd00000, 0x000000008fd00000, 0x000000008fe00000|  0%| F|  |TAMS 0x000000008fd00000, 0x000000008fd00000| Untracked 

Card table byte_map: [0x000001d2d8270000,0x000001d2d8670000] _byte_map_base: 0x000001d2d7e70000

Marking Bits (Prev, Next): (CMBitMap*) 0x000001d2c5a0bf70, (CMBitMap*) 0x000001d2c5a0bfb0
 Prev Bits: [0x000001d2d8a70000, 0x000001d2daa70000)
 Next Bits: [0x000001d2daa70000, 0x000001d2dca70000)

Polling page: 0x000001d2c5170000

Metaspace:

Usage:
  Non-class:     82.55 MB used.
      Class:     12.63 MB used.
       Both:     95.18 MB used.

Virtual space:
  Non-class space:       88.00 MB reserved,      83.00 MB ( 94%) committed,  11 nodes.
      Class space:        1.00 GB reserved,      13.00 MB (  1%) committed,  1 nodes.
             Both:        1.09 GB reserved,      96.00 MB (  9%) committed. 

Chunk freelists:
   Non-Class:  752.00 KB
       Class:  3.03 MB
        Both:  3.77 MB

MaxMetaspaceSize: unlimited
CompressedClassSpaceSize: 1.00 GB
Initial GC threshold: 21.00 MB
Current GC threshold: 158.56 MB
CDS: off
MetaspaceReclaimPolicy: balanced
 - commit_granule_bytes: 65536.
 - commit_granule_words: 8192.
 - virtual_space_node_default_size: 1048576.
 - enlarge_chunks_in_place: 1.
 - new_chunks_are_fully_committed: 0.
 - uncommit_free_chunks: 1.
 - use_allocation_guard: 0.
 - handle_deallocations: 1.


Internal statistics:

num_allocs_failed_limit: 6.
num_arena_births: 1048.
num_arena_deaths: 0.
num_vsnodes_births: 12.
num_vsnodes_deaths: 0.
num_space_committed: 1534.
num_space_uncommitted: 0.
num_chunks_returned_to_freelist: 6.
num_chunks_taken_from_freelist: 4709.
num_chunk_merges: 6.
num_chunk_splits: 3045.
num_chunks_enlarged: 1956.
num_purges: 0.
num_inconsistent_stats: 0.

CodeHeap 'non-profiled nmethods': size=120000Kb used=7855Kb max_used=7855Kb free=112144Kb
 bounds [0x000001d2d0940000, 0x000001d2d10f0000, 0x000001d2d7e70000]
CodeHeap 'profiled nmethods': size=120000Kb used=22910Kb max_used=23133Kb free=97089Kb
 bounds [0x000001d2c8e70000, 0x000001d2ca510000, 0x000001d2d03a0000]
CodeHeap 'non-nmethods': size=5760Kb used=2384Kb max_used=2489Kb free=3375Kb
 bounds [0x000001d2d03a0000, 0x000001d2d0620000, 0x000001d2d0940000]
 total_blobs=12666 nmethods=11750 adapters=828
 compilation: enabled
              stopped_count=0, restarted_count=0
 full_count=0

Compilation events (20 events):
Event: 21.659 Thread 0x000001d2df8be0c0 nmethod 14089 0x000001d2c99ae610 code [0x000001d2c99ae7c0, 0x000001d2c99aea38]
Event: 21.659 Thread 0x000001d2df8be0c0 14090       3       org.gradle.api.internal.artifacts.transform.ConsumerProvidedVariantFinder$$Lambda$1067/0x0000000100c131f8::<init> (15 bytes)
Event: 21.659 Thread 0x000001d2df8be0c0 nmethod 14090 0x000001d2c99ae110 code [0x000001d2c99ae2c0, 0x000001d2c99ae4d8]
Event: 21.679 Thread 0x000001d2e498d040 nmethod 14068 0x000001d2d10e2c10 code [0x000001d2d10e2e80, 0x000001d2d10e43e8]
Event: 21.679 Thread 0x000001d2e498d040 14091       4       org.gradle.internal.snapshot.LargeChildMap::withNode (45 bytes)
Event: 21.691 Thread 0x000001d2e498d040 nmethod 14091 0x000001d2d10e4f90 code [0x000001d2d10e51a0, 0x000001d2d10e5928]
Event: 21.691 Thread 0x000001d2e498d040 14087       4       java.util.ArrayDeque$DeqSpliterator::forEachRemaining (132 bytes)
Event: 21.692 Thread 0x000001d2df8b9b70 nmethod 14067 0x000001d2d10e6390 code [0x000001d2d10e6660, 0x000001d2d10e8940]
Event: 21.692 Thread 0x000001d2df8b9b70 14092       4       org.gradle.internal.snapshot.AbstractListChildMap::findChildIndexWithCommonPrefix (15 bytes)
Event: 21.699 Thread 0x000001d2df8b9b70 nmethod 14092 0x000001d2d10e9910 code [0x000001d2d10e9ae0, 0x000001d2d10e9f38]
Event: 21.699 Thread 0x000001d2df8b9b70 14085       4       com.google.common.collect.ImmutableMap::containsKey (14 bytes)
Event: 21.700 Thread 0x000001d2df8b9b70 nmethod 14085 0x000001d2d10ea490 code [0x000001d2d10ea600, 0x000001d2d10ea698]
Event: 21.700 Thread 0x000001d2df8b9b70 14093       4       org.gradle.internal.snapshot.ChildMap$Entry::withNode (22 bytes)
Event: 21.701 Thread 0x000001d2e498d040 nmethod 14087 0x000001d2d10ea790 code [0x000001d2d10ea940, 0x000001d2d10eae18]
Event: 21.701 Thread 0x000001d2e498d040 14086       4       jdk.internal.reflect.DelegatingMethodAccessorImpl::invoke (10 bytes)
Event: 21.701 Thread 0x000001d2e498d040 nmethod 14086 0x000001d2d10eb210 code [0x000001d2d10eb380, 0x000001d2d10eb418]
Event: 21.701 Thread 0x000001d2e498d040 14094   !   4       org.gradle.internal.event.AbstractBroadcastDispatch::dispatch (74 bytes)
Event: 21.702 Thread 0x000001d2df8b9b70 nmethod 14093 0x000001d2d10eb510 code [0x000001d2d10eb6a0, 0x000001d2d10eb7e8]
Event: 21.702 Thread 0x000001d2e498d040 nmethod 14094 0x000001d2d10eba10 code [0x000001d2d10ebba0, 0x000001d2d10ebcb8]
Event: 21.703 Thread 0x000001d2df8b9b70 14095   !   4       org.gradle.api.internal.artifacts.transform.TransformingAsyncArtifactListener$TransformedArtifact::finalizeValue (168 bytes)

GC Heap History (20 events):
Event: 15.822 GC heap after
{Heap after GC invocations=37 (full 0):
 garbage-first heap   total 205824K, used 96437K [0x0000000080000000, 0x0000000100000000)
  region size 1024K, 1 young (1024K), 1 survivors (1024K)
 Metaspace       used 90460K, committed 91200K, reserved 1130496K
  class space    used 12209K, committed 12544K, reserved 1048576K
}
Event: 16.171 GC heap before
{Heap before GC invocations=37 (full 0):
 garbage-first heap   total 205824K, used 114869K [0x0000000080000000, 0x0000000100000000)
  region size 1024K, 21 young (21504K), 1 survivors (1024K)
 Metaspace       used 90787K, committed 91584K, reserved 1130496K
  class space    used 12257K, committed 12608K, reserved 1048576K
}
Event: 16.175 GC heap after
{Heap after GC invocations=38 (full 0):
 garbage-first heap   total 205824K, used 96437K [0x0000000080000000, 0x0000000100000000)
  region size 1024K, 2 young (2048K), 2 survivors (2048K)
 Metaspace       used 90787K, committed 91584K, reserved 1130496K
  class space    used 12257K, committed 12608K, reserved 1048576K
}
Event: 17.307 GC heap before
{Heap before GC invocations=39 (full 0):
 garbage-first heap   total 205824K, used 180405K [0x0000000080000000, 0x0000000100000000)
  region size 1024K, 66 young (67584K), 2 survivors (2048K)
 Metaspace       used 94008K, committed 94720K, reserved 1138688K
  class space    used 12630K, committed 12928K, reserved 1048576K
}
Event: 17.312 GC heap after
{Heap after GC invocations=40 (full 0):
 garbage-first heap   total 205824K, used 97095K [0x0000000080000000, 0x0000000100000000)
  region size 1024K, 3 young (3072K), 3 survivors (3072K)
 Metaspace       used 94008K, committed 94720K, reserved 1138688K
  class space    used 12630K, committed 12928K, reserved 1048576K
}
Event: 17.424 GC heap before
{Heap before GC invocations=40 (full 0):
 garbage-first heap   total 205824K, used 103239K [0x0000000080000000, 0x0000000100000000)
  region size 1024K, 10 young (10240K), 3 survivors (3072K)
 Metaspace       used 94840K, committed 95616K, reserved 1138688K
  class space    used 12708K, committed 13056K, reserved 1048576K
}
Event: 17.429 GC heap after
{Heap after GC invocations=41 (full 0):
 garbage-first heap   total 205824K, used 96961K [0x0000000080000000, 0x0000000100000000)
  region size 1024K, 2 young (2048K), 2 survivors (2048K)
 Metaspace       used 94840K, committed 95616K, reserved 1138688K
  class space    used 12708K, committed 13056K, reserved 1048576K
}
Event: 17.564 GC heap before
{Heap before GC invocations=41 (full 0):
 garbage-first heap   total 205824K, used 104129K [0x0000000080000000, 0x0000000100000000)
  region size 1024K, 10 young (10240K), 2 survivors (2048K)
 Metaspace       used 95459K, committed 96256K, reserved 1138688K
  class space    used 12756K, committed 13120K, reserved 1048576K
}
Event: 17.566 GC heap after
{Heap after GC invocations=42 (full 0):
 garbage-first heap   total 205824K, used 96967K [0x0000000080000000, 0x0000000100000000)
  region size 1024K, 2 young (2048K), 2 survivors (2048K)
 Metaspace       used 95459K, committed 96256K, reserved 1138688K
  class space    used 12756K, committed 13120K, reserved 1048576K
}
Event: 18.741 GC heap before
{Heap before GC invocations=43 (full 0):
 garbage-first heap   total 205824K, used 168647K [0x0000000080000000, 0x0000000100000000)
  region size 1024K, 71 young (72704K), 2 survivors (2048K)
 Metaspace       used 96388K, committed 97216K, reserved 1138688K
  class space    used 12851K, committed 13248K, reserved 1048576K
}
Event: 18.748 GC heap after
{Heap after GC invocations=44 (full 0):
 garbage-first heap   total 205824K, used 100133K [0x0000000080000000, 0x0000000100000000)
  region size 1024K, 5 young (5120K), 5 survivors (5120K)
 Metaspace       used 96388K, committed 97216K, reserved 1138688K
  class space    used 12851K, committed 13248K, reserved 1048576K
}
Event: 18.829 GC heap before
{Heap before GC invocations=44 (full 0):
 garbage-first heap   total 205824K, used 104229K [0x0000000080000000, 0x0000000100000000)
  region size 1024K, 10 young (10240K), 5 survivors (5120K)
 Metaspace       used 96397K, committed 97216K, reserved 1138688K
  class space    used 12851K, committed 13248K, reserved 1048576K
}
Event: 18.837 GC heap after
{Heap after GC invocations=45 (full 0):
 garbage-first heap   total 205824K, used 100595K [0x0000000080000000, 0x0000000100000000)
  region size 1024K, 1 young (1024K), 1 survivors (1024K)
 Metaspace       used 96397K, committed 97216K, reserved 1138688K
  class space    used 12851K, committed 13248K, reserved 1048576K
}
Event: 19.751 GC heap before
{Heap before GC invocations=45 (full 0):
 garbage-first heap   total 205824K, used 168179K [0x0000000080000000, 0x0000000100000000)
  region size 1024K, 68 young (69632K), 1 survivors (1024K)
 Metaspace       used 96588K, committed 97408K, reserved 1138688K
  class space    used 12856K, committed 13248K, reserved 1048576K
}
Event: 19.756 GC heap after
{Heap after GC invocations=46 (full 0):
 garbage-first heap   total 205824K, used 102883K [0x0000000080000000, 0x0000000100000000)
  region size 1024K, 3 young (3072K), 3 survivors (3072K)
 Metaspace       used 96588K, committed 97408K, reserved 1138688K
  class space    used 12856K, committed 13248K, reserved 1048576K
}
Event: 20.887 GC heap before
{Heap before GC invocations=47 (full 0):
 garbage-first heap   total 205824K, used 170467K [0x0000000080000000, 0x0000000100000000)
  region size 1024K, 70 young (71680K), 3 survivors (3072K)
 Metaspace       used 96731K, committed 97536K, reserved 1138688K
  class space    used 12862K, committed 13248K, reserved 1048576K
}
Event: 20.893 GC heap after
{Heap after GC invocations=48 (full 0):
 garbage-first heap   total 205824K, used 105084K [0x0000000080000000, 0x0000000100000000)
  region size 1024K, 6 young (6144K), 6 survivors (6144K)
 Metaspace       used 96731K, committed 97536K, reserved 1138688K
  class space    used 12862K, committed 13248K, reserved 1048576K
}
Event: 20.924 GC heap before
{Heap before GC invocations=48 (full 0):
 garbage-first heap   total 205824K, used 108156K [0x0000000080000000, 0x0000000100000000)
  region size 1024K, 10 young (10240K), 6 survivors (6144K)
 Metaspace       used 96740K, committed 97536K, reserved 1138688K
  class space    used 12862K, committed 13248K, reserved 1048576K
}
Event: 20.929 GC heap after
{Heap after GC invocations=49 (full 0):
 garbage-first heap   total 205824K, used 105317K [0x0000000080000000, 0x0000000100000000)
  region size 1024K, 1 young (1024K), 1 survivors (1024K)
 Metaspace       used 96740K, committed 97536K, reserved 1138688K
  class space    used 12862K, committed 13248K, reserved 1048576K
}
Event: 21.706 GC heap before
{Heap before GC invocations=49 (full 0):
 garbage-first heap   total 205824K, used 171877K [0x0000000080000000, 0x0000000100000000)
  region size 1024K, 67 young (68608K), 1 survivors (1024K)
 Metaspace       used 97460K, committed 98304K, reserved 1138688K
  class space    used 12928K, committed 13312K, reserved 1048576K
}

Dll operation events (2 events):
Event: 0.017 Loaded shared library C:\Program Files\Android\Android Studio2\jbr\bin\java.dll
Event: 0.496 Loaded shared library C:\Program Files\Android\Android Studio2\jbr\bin\verify.dll

Deoptimization events (20 events):
Event: 21.565 Thread 0x000001d2e469c870 DEOPT PACKING pc=0x000001d2d103f9c4 sp=0x00000014166fc820
Event: 21.565 Thread 0x000001d2e469c870 DEOPT UNPACKING pc=0x000001d2d03f69a3 sp=0x00000014166fc7e0 mode 2
Event: 21.565 Thread 0x000001d2e469c870 Uncommon trap: trap_request=0xffffffde fr.pc=0x000001d2d103f9c4 relative=0x00000000000005a4
Event: 21.565 Thread 0x000001d2e469c870 Uncommon trap: reason=class_check action=maybe_recompile pc=0x000001d2d103f9c4 method=org.gradle.internal.snapshot.LargeChildMap.withNode(Lorg/gradle/internal/snapshot/VfsRelativePath;Lorg/gradle/internal/snapshot/CaseSensitivity;Lorg/gradle/internal/snap
Event: 21.565 Thread 0x000001d2e469c870 DEOPT PACKING pc=0x000001d2d103f9c4 sp=0x00000014166fc820
Event: 21.565 Thread 0x000001d2e469c870 DEOPT UNPACKING pc=0x000001d2d03f69a3 sp=0x00000014166fc7e0 mode 2
Event: 21.565 Thread 0x000001d2e469c870 Uncommon trap: trap_request=0xffffffde fr.pc=0x000001d2d103f9c4 relative=0x00000000000005a4
Event: 21.565 Thread 0x000001d2e469c870 Uncommon trap: reason=class_check action=maybe_recompile pc=0x000001d2d103f9c4 method=org.gradle.internal.snapshot.LargeChildMap.withNode(Lorg/gradle/internal/snapshot/VfsRelativePath;Lorg/gradle/internal/snapshot/CaseSensitivity;Lorg/gradle/internal/snap
Event: 21.565 Thread 0x000001d2e469c870 DEOPT PACKING pc=0x000001d2d103f9c4 sp=0x00000014166fc820
Event: 21.565 Thread 0x000001d2e469c870 DEOPT UNPACKING pc=0x000001d2d03f69a3 sp=0x00000014166fc7e0 mode 2
Event: 21.565 Thread 0x000001d2e469c870 Uncommon trap: trap_request=0xffffffde fr.pc=0x000001d2d103f9c4 relative=0x00000000000005a4
Event: 21.565 Thread 0x000001d2e469c870 Uncommon trap: reason=class_check action=maybe_recompile pc=0x000001d2d103f9c4 method=org.gradle.internal.snapshot.LargeChildMap.withNode(Lorg/gradle/internal/snapshot/VfsRelativePath;Lorg/gradle/internal/snapshot/CaseSensitivity;Lorg/gradle/internal/snap
Event: 21.565 Thread 0x000001d2e469c870 DEOPT PACKING pc=0x000001d2d103f9c4 sp=0x00000014166fc820
Event: 21.565 Thread 0x000001d2e469c870 DEOPT UNPACKING pc=0x000001d2d03f69a3 sp=0x00000014166fc7e0 mode 2
Event: 21.612 Thread 0x000001d2e469c870 DEOPT PACKING pc=0x000001d2c91ea7d6 sp=0x00000014166f9da0
Event: 21.612 Thread 0x000001d2e469c870 DEOPT UNPACKING pc=0x000001d2d03f7143 sp=0x00000014166f92e8 mode 0
Event: 21.653 Thread 0x000001d2e469e080 Uncommon trap: trap_request=0xffffffc6 fr.pc=0x000001d2d0e5e7a0 relative=0x0000000000000100
Event: 21.653 Thread 0x000001d2e469e080 Uncommon trap: reason=bimorphic_or_optimized_type_check action=maybe_recompile pc=0x000001d2d0e5e7a0 method=com.google.common.collect.RegularImmutableMap.checkNoConflictInKeyBucket(Ljava/lang/Object;Ljava/lang/Object;Lcom/google/common/collect/ImmutableMa
Event: 21.653 Thread 0x000001d2e469e080 DEOPT PACKING pc=0x000001d2d0e5e7a0 sp=0x00000014167fd210
Event: 21.653 Thread 0x000001d2e469e080 DEOPT UNPACKING pc=0x000001d2d03f69a3 sp=0x00000014167fd1a8 mode 2

Classes unloaded (0 events):
No events

Classes redefined (0 events):
No events

Internal exceptions (20 events):
Event: 17.639 Thread 0x000001d2e469c870 Implicit null exception at 0x000001d2d0ed48a0 to 0x000001d2d0ed6455
Event: 17.679 Thread 0x000001d2e469c870 Implicit null exception at 0x000001d2d0ee3b8b to 0x000001d2d0ee3db0
Event: 17.679 Thread 0x000001d2e469c870 Implicit null exception at 0x000001d2d0f44112 to 0x000001d2d0f47630
Event: 17.679 Thread 0x000001d2e469c870 Implicit null exception at 0x000001d2d0ce4040 to 0x000001d2d0ce4098
Event: 17.756 Thread 0x000001d2e469c870 Exception <a 'sun/nio/fs/WindowsException'{0x000000008c0a8438}> (0x000000008c0a8438) 
thrown [s\src\hotspot\share\prims\jni.cpp, line 517]
Event: 18.560 Thread 0x000001d2e469c870 Exception <a 'sun/nio/fs/WindowsException'{0x0000000088e49980}> (0x0000000088e49980) 
thrown [s\src\hotspot\share\prims\jni.cpp, line 517]
Event: 18.564 Thread 0x000001d2e469c870 Exception <a 'java/lang/NoSuchMethodError'{0x0000000088e6b318}: 'int java.lang.invoke.DirectMethodHandle$Holder.invokeSpecial(java.lang.Object, java.lang.Object, java.lang.Object, java.lang.Object, java.lang.Object)'> (0x0000000088e6b318) 
thrown [s\src\hotspot\share\interpreter\linkResolver.cpp, line 771]
Event: 18.908 Thread 0x000001d2e469c870 Exception <a 'sun/nio/fs/WindowsException'{0x000000008c0064b0}> (0x000000008c0064b0) 
thrown [s\src\hotspot\share\prims\jni.cpp, line 517]
Event: 20.334 Thread 0x000001d2e469c870 Implicit null exception at 0x000001d2d0dc43c8 to 0x000001d2d0dc4888
Event: 20.978 Thread 0x000001d2e469c870 Exception <a 'java/lang/NoSuchMethodError'{0x000000008cc89ce8}: static Lcom/android/build/gradle/internal/scope/InternalArtifactType;.<clinit>()V> (0x000000008cc89ce8) 
thrown [s\src\hotspot\share\prims\jni.cpp, line 1108]
Event: 20.978 Thread 0x000001d2e469c870 Exception <a 'java/lang/NoSuchMethodError'{0x000000008cc8b428}: static Lcom/android/build/gradle/internal/scope/InternalArtifactType;.<clinit>()V> (0x000000008cc8b428) 
thrown [s\src\hotspot\share\prims\jni.cpp, line 1108]
Event: 20.978 Thread 0x000001d2e469c870 Exception <a 'java/lang/NoSuchMethodError'{0x000000008cc8e5b8}: static Lcom/android/build/api/artifact/Artifact$Single;.<clinit>()V> (0x000000008cc8e5b8) 
thrown [s\src\hotspot\share\prims\jni.cpp, line 1108]
Event: 20.978 Thread 0x000001d2e469c870 Exception <a 'java/lang/NoSuchMethodError'{0x000000008cc90b30}: static Ljava/lang/Object;.<clinit>()V> (0x000000008cc90b30) 
thrown [s\src\hotspot\share\prims\jni.cpp, line 1108]
Event: 20.979 Thread 0x000001d2e469c870 Exception <a 'java/lang/NoSuchMethodError'{0x000000008cca6f30}: static Lcom/android/build/api/artifact/ArtifactKind;.<clinit>()V> (0x000000008cca6f30) 
thrown [s\src\hotspot\share\prims\jni.cpp, line 1108]
Event: 20.979 Thread 0x000001d2e469c870 Exception <a 'java/lang/NoSuchMethodError'{0x000000008cca80f0}: static Lcom/android/build/api/artifact/ArtifactKind;.<clinit>()V> (0x000000008cca80f0) 
thrown [s\src\hotspot\share\prims\jni.cpp, line 1108]
Event: 21.606 Thread 0x000001d2e469c870 Exception <a 'java/lang/NoSuchMethodError'{0x0000000088d4f188}: static Lcom/android/builder/internal/aapt/AaptOptions;.<clinit>()V> (0x0000000088d4f188) 
thrown [s\src\hotspot\share\prims\jni.cpp, line 1108]
Event: 21.608 Thread 0x000001d2e469c870 Exception <a 'java/lang/NoSuchMethodError'{0x0000000088d626b8}: static Ljava/lang/Object;.<clinit>()V> (0x0000000088d626b8) 
thrown [s\src\hotspot\share\prims\jni.cpp, line 1108]
Event: 21.612 Thread 0x000001d2e469c870 Exception <a 'java/lang/NoSuchMethodError'{0x0000000088d8cf10}: static Lcom/android/build/api/variant/impl/SerializableApplicationMultiOutputHandler;.<clinit>()V> (0x0000000088d8cf10) 
thrown [s\src\hotspot\share\prims\jni.cpp, line 1108]
Event: 21.614 Thread 0x000001d2e469c870 Exception <a 'java/lang/NoSuchMethodError'{0x0000000088da27b0}: static Lcom/android/build/api/variant/impl/VariantOutputImpl$SerializedForm;.<clinit>()V> (0x0000000088da27b0) 
thrown [s\src\hotspot\share\prims\jni.cpp, line 1108]
Event: 21.615 Thread 0x000001d2e469c870 Exception <a 'java/lang/NoSuchMethodError'{0x0000000088db66a0}: static Lcom/android/build/api/variant/impl/VariantOutputConfigurationImpl;.<clinit>()V> (0x0000000088db66a0) 
thrown [s\src\hotspot\share\prims\jni.cpp, line 1108]

VM Operations (20 events):
Event: 19.758 Executing VM operation: G1CollectForAllocation done
Event: 19.927 Executing VM operation: G1Concurrent
Event: 19.936 Executing VM operation: G1Concurrent done
Event: 20.013 Executing VM operation: G1Concurrent
Event: 20.013 Executing VM operation: G1Concurrent done
Event: 20.686 Executing VM operation: HandshakeAllThreads
Event: 20.686 Executing VM operation: HandshakeAllThreads done
Event: 20.887 Executing VM operation: G1CollectForAllocation
Event: 20.894 Executing VM operation: G1CollectForAllocation done
Event: 20.923 Executing VM operation: G1CollectForAllocation
Event: 20.929 Executing VM operation: G1CollectForAllocation done
Event: 20.949 Executing VM operation: HandshakeAllThreads
Event: 20.949 Executing VM operation: HandshakeAllThreads done
Event: 21.002 Executing VM operation: HandshakeAllThreads
Event: 21.003 Executing VM operation: HandshakeAllThreads done
Event: 21.004 Executing VM operation: HandshakeAllThreads
Event: 21.004 Executing VM operation: HandshakeAllThreads done
Event: 21.431 Executing VM operation: ICBufferFull
Event: 21.431 Executing VM operation: ICBufferFull done
Event: 21.706 Executing VM operation: G1CollectForAllocation

Events (20 events):
Event: 19.106 Thread 0x000001d2df8c2d90 flushing nmethod 0x000001d2ca389010
Event: 19.106 Thread 0x000001d2df8c2d90 flushing nmethod 0x000001d2ca38be10
Event: 19.106 Thread 0x000001d2df8c2d90 flushing nmethod 0x000001d2ca3a4c10
Event: 19.106 Thread 0x000001d2df8c2d90 flushing nmethod 0x000001d2ca3bde90
Event: 19.106 Thread 0x000001d2df8c2d90 flushing nmethod 0x000001d2ca3c9a10
Event: 19.106 Thread 0x000001d2df8c2d90 flushing nmethod 0x000001d2ca3c9d90
Event: 19.106 Thread 0x000001d2df8c2d90 flushing nmethod 0x000001d2ca3e3e90
Event: 19.106 Thread 0x000001d2df8c2d90 flushing nmethod 0x000001d2ca3f4990
Event: 19.106 Thread 0x000001d2df8c2d90 flushing nmethod 0x000001d2ca3f5110
Event: 19.106 Thread 0x000001d2df8c2d90 flushing nmethod 0x000001d2ca3f7490
Event: 19.106 Thread 0x000001d2df8c2d90 flushing nmethod 0x000001d2ca40b310
Event: 19.106 Thread 0x000001d2df8c2d90 flushing nmethod 0x000001d2ca41d210
Event: 19.106 Thread 0x000001d2df8c2d90 flushing nmethod 0x000001d2ca41f310
Event: 19.106 Thread 0x000001d2df8c2d90 flushing nmethod 0x000001d2ca442410
Event: 19.106 Thread 0x000001d2df8c2d90 flushing nmethod 0x000001d2ca443410
Event: 19.106 Thread 0x000001d2df8c2d90 flushing nmethod 0x000001d2ca476490
Event: 20.972 loading class java/util/concurrent/ConcurrentSkipListMap$KeySet
Event: 20.973 loading class java/util/concurrent/ConcurrentSkipListMap$KeySet done
Event: 20.973 loading class java/util/concurrent/ConcurrentSkipListMap$KeyIterator
Event: 20.973 loading class java/util/concurrent/ConcurrentSkipListMap$KeyIterator done


Dynamic libraries:
0x00007ff76a440000 - 0x00007ff76a44a000 	C:\Program Files\Android\Android Studio2\jbr\bin\java.exe
0x00007ffb93730000 - 0x00007ffb93928000 	C:\WINDOWS\SYSTEM32\ntdll.dll
0x00007ffb92820000 - 0x00007ffb928dd000 	C:\WINDOWS\System32\KERNEL32.DLL
0x00007ffb91100000 - 0x00007ffb913f6000 	C:\WINDOWS\System32\KERNELBASE.dll
0x000000006fe50000 - 0x000000006feff000 	C:\ProgramData\Symantec\Symantec Endpoint Protection\14.3.5413.3000.105\Data\Sysfer\x64\sysfer.dll
0x00007ffb914a0000 - 0x00007ffb915a0000 	C:\WINDOWS\System32\ucrtbase.dll
0x00007ffb44b80000 - 0x00007ffb44b97000 	C:\Program Files\Android\Android Studio2\jbr\bin\jli.dll
0x00007ffb88660000 - 0x00007ffb8867b000 	C:\Program Files\Android\Android Studio2\jbr\bin\VCRUNTIME140.dll
0x00007ffb93430000 - 0x00007ffb935ce000 	C:\WINDOWS\System32\USER32.dll
0x00007ffb844d0000 - 0x00007ffb8476a000 	C:\WINDOWS\WinSxS\amd64_microsoft.windows.common-controls_6595b64144ccf1df_6.0.19041.3636_none_60b6a03d71f818d5\COMCTL32.dll
0x00007ffb91750000 - 0x00007ffb91772000 	C:\WINDOWS\System32\win32u.dll
0x00007ffb91920000 - 0x00007ffb9194c000 	C:\WINDOWS\System32\GDI32.dll
0x00007ffb928e0000 - 0x00007ffb9297e000 	C:\WINDOWS\System32\msvcrt.dll
0x00007ffb91630000 - 0x00007ffb9174a000 	C:\WINDOWS\System32\gdi32full.dll
0x00007ffb91400000 - 0x00007ffb9149d000 	C:\WINDOWS\System32\msvcp_win.dll
0x00007ffb91dc0000 - 0x00007ffb91df0000 	C:\WINDOWS\System32\IMM32.DLL
0x00007ffb8c040000 - 0x00007ffb8c04c000 	C:\Program Files\Android\Android Studio2\jbr\bin\vcruntime140_1.dll
0x00007ffb80830000 - 0x00007ffb808bd000 	C:\Program Files\Android\Android Studio2\jbr\bin\msvcp140.dll
0x00007ffb09210000 - 0x00007ffb09e7e000 	C:\Program Files\Android\Android Studio2\jbr\bin\server\jvm.dll
0x00007ffb91780000 - 0x00007ffb91833000 	C:\WINDOWS\System32\ADVAPI32.dll
0x00007ffb92780000 - 0x00007ffb9281f000 	C:\WINDOWS\System32\sechost.dll
0x00007ffb92c70000 - 0x00007ffb92d96000 	C:\WINDOWS\System32\RPCRT4.dll
0x00007ffb910d0000 - 0x00007ffb910f7000 	C:\WINDOWS\System32\bcrypt.dll
0x00007ffb840f0000 - 0x00007ffb840f9000 	C:\WINDOWS\SYSTEM32\WSOCK32.dll
0x00007ffb92630000 - 0x00007ffb9269b000 	C:\WINDOWS\System32\WS2_32.dll
0x00007ffb82c30000 - 0x00007ffb82c57000 	C:\WINDOWS\SYSTEM32\WINMM.dll
0x00007ffb87bd0000 - 0x00007ffb87bda000 	C:\WINDOWS\SYSTEM32\VERSION.dll
0x00007ffb8f650000 - 0x00007ffb8f662000 	C:\WINDOWS\SYSTEM32\kernel.appcore.dll
0x00007ffb80f30000 - 0x00007ffb80f3a000 	C:\Program Files\Android\Android Studio2\jbr\bin\jimage.dll
0x00007ffb872b0000 - 0x00007ffb87494000 	C:\WINDOWS\SYSTEM32\DBGHELP.DLL
0x00007ffb87240000 - 0x00007ffb87274000 	C:\WINDOWS\SYSTEM32\dbgcore.DLL
0x00007ffb915a0000 - 0x00007ffb91622000 	C:\WINDOWS\System32\bcryptPrimitives.dll
0x00007ffb468e0000 - 0x00007ffb46905000 	C:\Program Files\Android\Android Studio2\jbr\bin\java.dll
0x00007ffb465f0000 - 0x00007ffb46608000 	C:\Program Files\Android\Android Studio2\jbr\bin\zip.dll
0x00007ffb91df0000 - 0x00007ffb92535000 	C:\WINDOWS\System32\SHELL32.dll
0x00007ffb8ed00000 - 0x00007ffb8f49b000 	C:\WINDOWS\SYSTEM32\windows.storage.dll
0x00007ffb92ed0000 - 0x00007ffb93224000 	C:\WINDOWS\System32\combase.dll
0x00007ffb90680000 - 0x00007ffb906ad000 	C:\WINDOWS\SYSTEM32\Wldp.dll
0x00007ffb92bc0000 - 0x00007ffb92c6d000 	C:\WINDOWS\System32\SHCORE.dll
0x00007ffb918c0000 - 0x00007ffb91915000 	C:\WINDOWS\System32\shlwapi.dll
0x00007ffb90d30000 - 0x00007ffb90d55000 	C:\WINDOWS\SYSTEM32\profapi.dll
0x00007ffb44c60000 - 0x00007ffb44c79000 	C:\Program Files\Android\Android Studio2\jbr\bin\net.dll
0x00007ffb88fb0000 - 0x00007ffb890ba000 	C:\WINDOWS\SYSTEM32\WINHTTP.dll
0x00007ffb90460000 - 0x00007ffb904ca000 	C:\WINDOWS\system32\mswsock.dll
0x00007ffb44c40000 - 0x00007ffb44c56000 	C:\Program Files\Android\Android Studio2\jbr\bin\nio.dll
0x00007ffb7efc0000 - 0x00007ffb7efd0000 	C:\Program Files\Android\Android Studio2\jbr\bin\verify.dll
0x00007ffb0a630000 - 0x00007ffb0a657000 	C:\Users\ADIT-PC\.gradle\native\68d5fa5c4cc2d200863cafc0d521ce42e7d3e7ee720ec0a83991735586a16f82\windows-amd64\native-platform.dll
0x00007ffb69a10000 - 0x00007ffb69b54000 	C:\Users\ADIT-PC\.gradle\native\e376f236ea51e6404a007f0833ffe2c6e607c4080706a723a18a27aeea778392\windows-amd64\native-platform-file-events.dll
0x00007ffb6ca40000 - 0x00007ffb6ca49000 	C:\Program Files\Android\Android Studio2\jbr\bin\management.dll
0x00007ffb6c3f0000 - 0x00007ffb6c3fb000 	C:\Program Files\Android\Android Studio2\jbr\bin\management_ext.dll
0x00007ffb93230000 - 0x00007ffb93238000 	C:\WINDOWS\System32\PSAPI.DLL
0x00007ffb906c0000 - 0x00007ffb906d8000 	C:\WINDOWS\SYSTEM32\CRYPTSP.dll
0x00007ffb8fdb0000 - 0x00007ffb8fde4000 	C:\WINDOWS\system32\rsaenh.dll
0x00007ffb90cf0000 - 0x00007ffb90d1e000 	C:\WINDOWS\SYSTEM32\USERENV.dll
0x00007ffb905f0000 - 0x00007ffb905fc000 	C:\WINDOWS\SYSTEM32\CRYPTBASE.dll
0x00007ffb90170000 - 0x00007ffb901ab000 	C:\WINDOWS\SYSTEM32\IPHLPAPI.DLL
0x00007ffb93420000 - 0x00007ffb93428000 	C:\WINDOWS\System32\NSI.dll
0x00007ffb8aa20000 - 0x00007ffb8aa37000 	C:\WINDOWS\SYSTEM32\dhcpcsvc6.DLL
0x00007ffb8aab0000 - 0x00007ffb8aacd000 	C:\WINDOWS\SYSTEM32\dhcpcsvc.DLL
0x00007ffb901c0000 - 0x00007ffb9028a000 	C:\WINDOWS\SYSTEM32\DNSAPI.dll
0x00007ffb72500000 - 0x00007ffb72507000 	C:\WINDOWS\system32\wshunix.dll
0x00007ffb8fef0000 - 0x00007ffb8ff23000 	C:\WINDOWS\SYSTEM32\ntmarta.dll

dbghelp: loaded successfully - version: 4.0.5 - missing functions: none
symbol engine: initialized successfully - sym options: 0x614 - pdb path: .;C:\Program Files\Android\Android Studio2\jbr\bin;C:\WINDOWS\SYSTEM32;C:\ProgramData\Symantec\Symantec Endpoint Protection\14.3.5413.3000.105\Data\Sysfer\x64;C:\WINDOWS\WinSxS\amd64_microsoft.windows.common-controls_6595b64144ccf1df_6.0.19041.3636_none_60b6a03d71f818d5;C:\Program Files\Android\Android Studio2\jbr\bin\server;C:\Users\ADIT-PC\.gradle\native\68d5fa5c4cc2d200863cafc0d521ce42e7d3e7ee720ec0a83991735586a16f82\windows-amd64;C:\Users\ADIT-PC\.gradle\native\e376f236ea51e6404a007f0833ffe2c6e607c4080706a723a18a27aeea778392\windows-amd64

VM Arguments:
jvm_args: --add-opens=java.base/java.util=ALL-UNNAMED --add-opens=java.base/java.lang=ALL-UNNAMED --add-opens=java.base/java.lang.invoke=ALL-UNNAMED --add-opens=java.prefs/java.util.prefs=ALL-UNNAMED --add-opens=java.base/java.nio.charset=ALL-UNNAMED --add-opens=java.base/java.net=ALL-UNNAMED --add-opens=java.base/java.util.concurrent.atomic=ALL-UNNAMED -Xmx2048m -Dfile.encoding=windows-1252 -Duser.country=ID -Duser.language=en -Duser.variant 
java_command: org.gradle.launcher.daemon.bootstrap.GradleDaemon 8.0
java_class_path (initial): C:\Users\ADIT-PC\.gradle\wrapper\dists\gradle-8.0-bin\ca5e32bp14vu59qr306oxotwh\gradle-8.0\lib\gradle-launcher-8.0.jar
Launcher Type: SUN_STANDARD

[Global flags]
     intx CICompilerCount                          = 3                                         {product} {ergonomic}
     uint ConcGCThreads                            = 1                                         {product} {ergonomic}
     uint G1ConcRefinementThreads                  = 4                                         {product} {ergonomic}
   size_t G1HeapRegionSize                         = 1048576                                   {product} {ergonomic}
    uintx GCDrainStackTargetSize                   = 64                                        {product} {ergonomic}
   size_t InitialHeapSize                          = 266338304                                 {product} {ergonomic}
   size_t MarkStackSize                            = 4194304                                   {product} {ergonomic}
   size_t MaxHeapSize                              = 2147483648                                {product} {command line}
   size_t MaxNewSize                               = 1287651328                                {product} {ergonomic}
   size_t MinHeapDeltaBytes                        = 1048576                                   {product} {ergonomic}
   size_t MinHeapSize                              = 8388608                                   {product} {ergonomic}
    uintx NonNMethodCodeHeapSize                   = 5832780                                {pd product} {ergonomic}
    uintx NonProfiledCodeHeapSize                  = 122912730                              {pd product} {ergonomic}
    uintx ProfiledCodeHeapSize                     = 122912730                              {pd product} {ergonomic}
    uintx ReservedCodeCacheSize                    = 251658240                              {pd product} {ergonomic}
     bool SegmentedCodeCache                       = true                                      {product} {ergonomic}
   size_t SoftMaxHeapSize                          = 2147483648                             {manageable} {ergonomic}
     bool UseCompressedClassPointers               = true                           {product lp64_product} {ergonomic}
     bool UseCompressedOops                        = true                           {product lp64_product} {ergonomic}
     bool UseG1GC                                  = true                                      {product} {ergonomic}
     bool UseLargePagesIndividualAllocation        = false                                  {pd product} {ergonomic}

Logging:
Log output configuration:
 #0: stdout all=warning uptime,level,tags
 #1: stderr all=off uptime,level,tags

Environment Variables:
JAVA_HOME=C:\Program Files\Java\jdk-15.0.2
CLASSPATH=.;
PATH=C:\Program Files\Common Files\Oracle\Java\javapath;C:\Python311\Scripts\;C:\Python311\;C:\Python310\Scripts\;C:\Python310\;C:\Python27\;C:\Python27\Scripts;C:\Program Files (x86)\Common Files\Oracle\Java\javapath;C:\Program Files\Docker\Docker\Resources\bin;C:\ProgramData\Oracle\Java\javapath;C:\Program Files (x86)\Intel\iCLS Client\;C:\Program Files\Intel\iCLS Client\;C:\WINDOWS\system32;C:\WINDOWS;C:\WINDOWS\System32\Wbem;C:\WINDOWS\System32\WindowsPowerShell\v1.0\;C:\Program Files (x86)\Intel\Intel(R) Management Engine Components\DAL;C:\Program Files\Intel\Intel(R) Management Engine Components\DAL;C:\Program Files (x86)\Intel\Intel(R) Management Engine Components\IPT;C:\Program Files\Intel\Intel(R) Management Engine Components\IPT;C:\Program Files\Java\jre1.8.0_162\bin;C:\Program Files (x86)\GtkSharp\2.12\bin;C:\Program Files\PuTTY\;C:\Program Files\Java\jdk1.8.0_162\bin;C:\PROGRA~2\Groovy\GROOVY~1.15\bin;C:\WINDOWS\System32\OpenSSH\;C:\xampp\php;C:\Program Files (x86)\Microsoft SQL Server\Client SDK\ODBC\130\Tools\Binn\;C:\Program Files (x86)\Microsoft SQL Server\140\Tools\Binn\;C:\Program Files (x86)\Microsoft SQL Server\140\DTS\Binn\;C:\Program Files (x86)\Microsoft SQL Server\140\Tools\Binn\ManagementStudio\;c:\Program Files (x86)\Microsoft SQL Server\110\Tools\Binn\;c:\Program Files\Microsoft SQL Server\110\Tools\Binn\;c:\Program Files\Microsoft SQL Server\110\DTS\Binn\;C:\composer;C:\Flutter\flutter\bin;C:\Bitnami\wampstack-5.6.39-0\php;C:\ProgramData\chocolatey\bin;C:\Program Files (x86)\Yarn\bin\;C:\Program Files\Java\jdk1.8.0_211\bin;C:\Program Files\OpenJDK\openjdk-8u312-b07\bin;C:\Program Files\nodejs\;C:\Program Files\Git\cmd;C:\Users\ADIT-PC\AppData\Local\Microsoft\WindowsApps;C:\Users\ADIT-PC\AppData\Local\Android\Sdk\platform-tools;C:\Users\ADIT-PC\AppData\Roaming\npm;C:\Users\ADIT-PC\AppData\Local\Programs\Microsoft VS Code\bin;C:\Users\ADIT-PC\AppData\Local\Android\Sdk;C:\src\flutter\bin;C:\Users\ADIT-PC\AppData\Local\GitHubDesktop\bin;C:\Users
USERNAME=ADIT-PC
OS=Windows_NT
PROCESSOR_IDENTIFIER=Intel64 Family 6 Model 94 Stepping 3, GenuineIntel
TMP=C:\Users\ADIT-PC\AppData\Local\Temp
TEMP=C:\Users\ADIT-PC\AppData\Local\Temp


JNI global refs:
JNI global refs: 25, weak refs: 0

JNI global refs memory usage: 843, weak refs: 841


---------------  S Y S T E M  ---------------

OS:
 Windows 10 , 64 bit Build 19041 (10.0.19041.3636)
OS uptime: 16 days 22:29 hours
Hyper-V role detected

CPU: total 4 (initial active 4) (4 cores per cpu, 1 threads per core) family 6 model 94 stepping 3 microcode 0xf2, cx8, cmov, fxsr, mmx, 3dnowpref, sse, sse2, sse3, ssse3, sse4.1, sse4.2, popcnt, lzcnt, tsc, tscinvbit, avx, avx2, aes, erms, clmul, bmi1, bmi2, rtm, adx, fma, vzeroupper, clflush, clflushopt, hv

Memory: 4k page, system-wide physical 16247M (344M free)
TotalPageFile size 25028M (AvailPageFile size 20M)
current process WorkingSet (physical memory assigned to process): 470M, peak: 474M
current process commit charge ("private bytes"): 509M, peak: 551M

vm_info: OpenJDK 64-Bit Server VM (17.0.6+0-b2043.56-10027231) for windows-amd64 JRE (17.0.6+0-b2043.56-10027231), built on Apr 28 2023 00:43:19 by "androidbuild" with MS VC++ 16.10 / 16.11 (VS2019)

END.
