#
# There is insufficient memory for the Java Runtime Environment to continue.
# Native memory allocation (mmap) failed to map 175112192 bytes for G1 virtual space
# Possible reasons:
#   The system is out of physical RAM or swap space
#   The process is running with CompressedOops enabled, and the Java Heap may be blocking the growth of the native heap
# Possible solutions:
#   Reduce memory load on the system
#   Increase physical memory or swap space
#   Check if swap backing store is full
#   Decrease Java heap size (-Xmx/-Xms)
#   Decrease number of Java threads
#   Decrease Java thread stack sizes (-Xss)
#   Set larger code cache with -XX:ReservedCodeCacheSize=
#   JVM is running with Unscaled Compressed Oops mode in which the Java heap is
#     placed in the first 4GB address space. The Java Heap base address is the
#     maximum limit for the native heap growth. Please use -XX:HeapBaseMinAddress
#     to set the Java Heap base and to place the Java Heap above 4GB virtual address.
# This output file may be truncated or incomplete.
#
#  Out of Memory Error (os_windows.cpp:3769), pid=14572, tid=16552
#
# JRE version: OpenJDK Runtime Environment (17.0.6) (build 17.0.6+0-b2043.56-10027231)
# Java VM: OpenJDK 64-Bit Server VM (17.0.6+0-b2043.56-10027231, mixed mode, tiered, compressed oops, compressed class ptrs, g1 gc, windows-amd64)
# No core dump will be written. Minidumps are not enabled by default on client versions of Windows
#

---------------  S U M M A R Y ------------

Command Line: --add-opens=java.base/java.util=ALL-UNNAMED --add-opens=java.base/java.lang=ALL-UNNAMED --add-opens=java.base/java.lang.invoke=ALL-UNNAMED --add-opens=java.prefs/java.util.prefs=ALL-UNNAMED --add-opens=java.base/java.nio.charset=ALL-UNNAMED --add-opens=java.base/java.net=ALL-UNNAMED --add-opens=java.base/java.util.concurrent.atomic=ALL-UNNAMED -Xmx2048m -Dfile.encoding=windows-1252 -Duser.country=ID -Duser.language=en -Duser.variant org.gradle.launcher.daemon.bootstrap.GradleDaemon 8.0

Host: Intel(R) Core(TM) i5-6500 CPU @ 3.20GHz, 4 cores, 15G,  Windows 10 , 64 bit Build 19041 (10.0.19041.3636)
Time: Thu Feb  8 19:39:09 2024 SE Asia Standard Time elapsed time: 19.020755 seconds (0d 0h 0m 19s)

---------------  T H R E A D  ---------------

Current thread (0x0000021ef8028610):  VMThread "VM Thread" [stack: 0x000000a858a00000,0x000000a858b00000] [id=16552]

Stack: [0x000000a858a00000,0x000000a858b00000]
Native frames: (J=compiled Java code, j=interpreted, Vv=VM code, C=native code)
V  [jvm.dll+0x683c9a]
V  [jvm.dll+0x8427a4]
V  [jvm.dll+0x843f9e]
V  [jvm.dll+0x844603]
V  [jvm.dll+0x249b75]
V  [jvm.dll+0x680b69]
V  [jvm.dll+0x67505a]
V  [jvm.dll+0x309acb]
V  [jvm.dll+0x310f86]
V  [jvm.dll+0x3608ee]
V  [jvm.dll+0x360b1f]
V  [jvm.dll+0x2dfbf8]
V  [jvm.dll+0x2ddec4]
V  [jvm.dll+0x2dd4cc]
V  [jvm.dll+0x321f3b]
V  [jvm.dll+0x848ccb]
V  [jvm.dll+0x849a04]
V  [jvm.dll+0x849f1d]
V  [jvm.dll+0x84a2f4]
V  [jvm.dll+0x84a3c0]
V  [jvm.dll+0x7f274a]
V  [jvm.dll+0x682ad5]
C  [ucrtbase.dll+0x21bb2]
C  [KERNEL32.DLL+0x17344]
C  [ntdll.dll+0x526b1]

VM_Operation (0x000000a85e3f79f0): G1CollectForAllocation, mode: safepoint, requested by thread 0x0000021efd9d8360


---------------  P R O C E S S  ---------------

Threads class SMR info:
_java_thread_list=0x0000021efbcb92e0, length=90, elements={
0x0000021ede0d1af0, 0x0000021ef802b510, 0x0000021ef802e090, 0x0000021ef807d570,
0x0000021ef8081450, 0x0000021ef80841f0, 0x0000021ef8097f30, 0x0000021ef809cb90,
0x0000021ef809e000, 0x0000021ef80a1480, 0x0000021ef8209580, 0x0000021ef821a560,
0x0000021ef98c9c90, 0x0000021efb377c80, 0x0000021ef9554000, 0x0000021efadc6cf0,
0x0000021efaff1850, 0x0000021efb27f9a0, 0x0000021efaa677e0, 0x0000021ef94a8cb0,
0x0000021ef94a6b00, 0x0000021ef94a7970, 0x0000021ef94a9180, 0x0000021ef94a74a0,
0x0000021ef94a9650, 0x0000021ef94a9b20, 0x0000021ef94a7e40, 0x0000021ef94aa4c0,
0x0000021ef94a8310, 0x0000021ef94a87e0, 0x0000021efbfdfc10, 0x0000021efbfe1420,
0x0000021efbfdf740, 0x0000021efbfda570, 0x0000021efbfddf30, 0x0000021efbfdd590,
0x0000021efbfdcbf0, 0x0000021efbfe05b0, 0x0000021efbfe0a80, 0x0000021efbfdda60,
0x0000021efbfda0a0, 0x0000021efbfdaf10, 0x0000021efbfdb8b0, 0x0000021efbfdbd80,
0x0000021efbfdc250, 0x0000021efbfde8d0, 0x0000021efbfdeda0, 0x0000021efbfdc720,
0x0000021efc024b20, 0x0000021efc023310, 0x0000021efc0284e0, 0x0000021efc029350,
0x0000021efc024ff0, 0x0000021efc025e60, 0x0000021efc022e40, 0x0000021efc0224a0,
0x0000021efc029820, 0x0000021efc023cb0, 0x0000021efc024180, 0x0000021efc0237e0,
0x0000021efc027b40, 0x0000021efc021fd0, 0x0000021efc026800, 0x0000021efc026330,
0x0000021efc0289b0, 0x0000021efc024650, 0x0000021efc0254c0, 0x0000021efc025990,
0x0000021efc022970, 0x0000021efc026cd0, 0x0000021efc0271a0, 0x0000021efc027670,
0x0000021efc028010, 0x0000021efc028e80, 0x0000021efd9d6b50, 0x0000021efd9d1980,
0x0000021efd9d4000, 0x0000021efd9d79c0, 0x0000021efd9d7020, 0x0000021efd9d8830,
0x0000021efd9d5810, 0x0000021efd9d14b0, 0x0000021efd9d2cc0, 0x0000021efd9d8360,
0x0000021efd9d44d0, 0x0000021efd9d1e50, 0x0000021efd9d3190, 0x0000021efd9d74f0,
0x0000021efbfdd0c0, 0x0000021efabe78a0
}

Java Threads: ( => current thread )
  0x0000021ede0d1af0 JavaThread "main" [_thread_blocked, id=21296, stack(0x000000a858400000,0x000000a858500000)]
  0x0000021ef802b510 JavaThread "Reference Handler" daemon [_thread_blocked, id=8288, stack(0x000000a858b00000,0x000000a858c00000)]
  0x0000021ef802e090 JavaThread "Finalizer" daemon [_thread_blocked, id=23464, stack(0x000000a858c00000,0x000000a858d00000)]
  0x0000021ef807d570 JavaThread "Signal Dispatcher" daemon [_thread_blocked, id=23252, stack(0x000000a858d00000,0x000000a858e00000)]
  0x0000021ef8081450 JavaThread "Attach Listener" daemon [_thread_blocked, id=8040, stack(0x000000a858e00000,0x000000a858f00000)]
  0x0000021ef80841f0 JavaThread "Service Thread" daemon [_thread_blocked, id=2712, stack(0x000000a858f00000,0x000000a859000000)]
  0x0000021ef8097f30 JavaThread "Monitor Deflation Thread" daemon [_thread_blocked, id=16272, stack(0x000000a859000000,0x000000a859100000)]
  0x0000021ef809cb90 JavaThread "C2 CompilerThread0" daemon [_thread_blocked, id=5240, stack(0x000000a859100000,0x000000a859200000)]
  0x0000021ef809e000 JavaThread "C1 CompilerThread0" daemon [_thread_blocked, id=17068, stack(0x000000a859200000,0x000000a859300000)]
  0x0000021ef80a1480 JavaThread "Sweeper thread" daemon [_thread_blocked, id=21140, stack(0x000000a859300000,0x000000a859400000)]
  0x0000021ef8209580 JavaThread "Common-Cleaner" daemon [_thread_blocked, id=29216, stack(0x000000a859400000,0x000000a859500000)]
  0x0000021ef821a560 JavaThread "Notification Thread" daemon [_thread_blocked, id=16404, stack(0x000000a859500000,0x000000a859600000)]
  0x0000021ef98c9c90 JavaThread "Daemon health stats" [_thread_blocked, id=29204, stack(0x000000a859b00000,0x000000a859c00000)]
  0x0000021efb377c80 JavaThread "Incoming local TCP Connector on port 51456" [_thread_in_native, id=17540, stack(0x000000a859c00000,0x000000a859d00000)]
  0x0000021ef9554000 JavaThread "Daemon periodic checks" [_thread_blocked, id=14356, stack(0x000000a859d00000,0x000000a859e00000)]
  0x0000021efadc6cf0 JavaThread "Daemon" [_thread_blocked, id=30032, stack(0x000000a859e00000,0x000000a859f00000)]
  0x0000021efaff1850 JavaThread "Handler for socket connection from /127.0.0.1:51456 to /127.0.0.1:51457" [_thread_in_native, id=27940, stack(0x000000a859f00000,0x000000a85a000000)]
  0x0000021efb27f9a0 JavaThread "Cancel handler" [_thread_blocked, id=20256, stack(0x000000a85a000000,0x000000a85a100000)]
  0x0000021efaa677e0 JavaThread "Daemon worker" [_thread_blocked, id=17564, stack(0x000000a85a100000,0x000000a85a200000)]
  0x0000021ef94a8cb0 JavaThread "Asynchronous log dispatcher for DefaultDaemonConnection: socket connection from /127.0.0.1:51456 to /127.0.0.1:51457" [_thread_blocked, id=21856, stack(0x000000a85a200000,0x000000a85a300000)]
  0x0000021ef94a6b00 JavaThread "Stdin handler" [_thread_blocked, id=14032, stack(0x000000a85a300000,0x000000a85a400000)]
  0x0000021ef94a7970 JavaThread "Daemon client event forwarder" [_thread_blocked, id=12692, stack(0x000000a85a400000,0x000000a85a500000)]
  0x0000021ef94a9180 JavaThread "Cache worker for journal cache (C:\Users\ADIT-PC\.gradle\caches\journal-1)" [_thread_blocked, id=5800, stack(0x000000a85a500000,0x000000a85a600000)]
  0x0000021ef94a74a0 JavaThread "File lock request listener" [_thread_in_native, id=5244, stack(0x000000a85a600000,0x000000a85a700000)]
  0x0000021ef94a9650 JavaThread "Cache worker for file hash cache (C:\Users\ADIT-PC\.gradle\caches\8.0\fileHashes)" [_thread_blocked, id=22872, stack(0x000000a85a700000,0x000000a85a800000)]
  0x0000021ef94a9b20 JavaThread "File watcher server" daemon [_thread_blocked, id=26108, stack(0x000000a85a800000,0x000000a85a900000)]
  0x0000021ef94a7e40 JavaThread "File watcher consumer" daemon [_thread_blocked, id=19828, stack(0x000000a85a900000,0x000000a85aa00000)]
  0x0000021ef94aa4c0 JavaThread "Cache worker for checksums cache (C:\Users\ADIT-PC\AndroidStudioProjects\HRISMobile-New\.gradle\8.0\checksums)" [_thread_blocked, id=27476, stack(0x000000a85aa00000,0x000000a85ab00000)]
  0x0000021ef94a8310 JavaThread "Cache worker for cache directory md-rule (C:\Users\ADIT-PC\.gradle\caches\8.0\md-rule)" [_thread_blocked, id=10036, stack(0x000000a85ab00000,0x000000a85ac00000)]
  0x0000021ef94a87e0 JavaThread "Cache worker for file content cache (C:\Users\ADIT-PC\.gradle\caches\8.0\fileContent)" [_thread_blocked, id=24388, stack(0x000000a85ac00000,0x000000a85ad00000)]
  0x0000021efbfdfc10 JavaThread "Cache worker for file hash cache (C:\Users\ADIT-PC\AndroidStudioProjects\HRISMobile-New\.gradle\8.0\fileHashes)" [_thread_blocked, id=25292, stack(0x000000a85ad00000,0x000000a85ae00000)]
  0x0000021efbfe1420 JavaThread "Cache worker for cache directory md-supplier (C:\Users\ADIT-PC\.gradle\caches\8.0\md-supplier)" [_thread_blocked, id=28616, stack(0x000000a85ae00000,0x000000a85af00000)]
  0x0000021efbfdf740 JavaThread "Cache worker for execution history cache (C:\Users\ADIT-PC\.gradle\caches\8.0\executionHistory)" [_thread_blocked, id=28872, stack(0x000000a85af00000,0x000000a85b000000)]
  0x0000021efbfda570 JavaThread "jar transforms" [_thread_blocked, id=18540, stack(0x000000a85b000000,0x000000a85b100000)]
  0x0000021efbfddf30 JavaThread "jar transforms Thread 2" [_thread_blocked, id=23052, stack(0x000000a85b100000,0x000000a85b200000)]
  0x0000021efbfdd590 JavaThread "jar transforms Thread 3" [_thread_blocked, id=25488, stack(0x000000a85b300000,0x000000a85b400000)]
  0x0000021efbfdcbf0 JavaThread "jar transforms Thread 4" [_thread_blocked, id=4028, stack(0x000000a85b400000,0x000000a85b500000)]
  0x0000021efbfe05b0 JavaThread "Cache worker for dependencies-accessors (C:\Users\ADIT-PC\AndroidStudioProjects\HRISMobile-New\.gradle\8.0\dependencies-accessors)" [_thread_blocked, id=11316, stack(0x000000a85b500000,0x000000a85b600000)]
  0x0000021efbfe0a80 JavaThread "Cache worker for Build Output Cleanup Cache (C:\Users\ADIT-PC\AndroidStudioProjects\HRISMobile-New\.gradle\buildOutputCleanup)" [_thread_blocked, id=19008, stack(0x000000a85b600000,0x000000a85b700000)]
  0x0000021efbfdda60 JavaThread "Unconstrained build operations" [_thread_blocked, id=12640, stack(0x000000a85b700000,0x000000a85b800000)]
  0x0000021efbfda0a0 JavaThread "Unconstrained build operations Thread 2" [_thread_blocked, id=24104, stack(0x000000a85b800000,0x000000a85b900000)]
  0x0000021efbfdaf10 JavaThread "Unconstrained build operations Thread 3" [_thread_blocked, id=21916, stack(0x000000a85b900000,0x000000a85ba00000)]
  0x0000021efbfdb8b0 JavaThread "Unconstrained build operations Thread 4" [_thread_blocked, id=17052, stack(0x000000a85ba00000,0x000000a85bb00000)]
  0x0000021efbfdbd80 JavaThread "Unconstrained build operations Thread 5" [_thread_blocked, id=3940, stack(0x000000a85bb00000,0x000000a85bc00000)]
  0x0000021efbfdc250 JavaThread "Unconstrained build operations Thread 6" [_thread_blocked, id=14056, stack(0x000000a85bc00000,0x000000a85bd00000)]
  0x0000021efbfde8d0 JavaThread "Unconstrained build operations Thread 7" [_thread_blocked, id=26716, stack(0x000000a85bd00000,0x000000a85be00000)]
  0x0000021efbfdeda0 JavaThread "Unconstrained build operations Thread 8" [_thread_blocked, id=18264, stack(0x000000a85be00000,0x000000a85bf00000)]
  0x0000021efbfdc720 JavaThread "Unconstrained build operations Thread 9" [_thread_blocked, id=27348, stack(0x000000a85bf00000,0x000000a85c000000)]
  0x0000021efc024b20 JavaThread "Unconstrained build operations Thread 10" [_thread_blocked, id=11568, stack(0x000000a85c000000,0x000000a85c100000)]
  0x0000021efc023310 JavaThread "Unconstrained build operations Thread 11" [_thread_blocked, id=25088, stack(0x000000a85c100000,0x000000a85c200000)]
  0x0000021efc0284e0 JavaThread "Unconstrained build operations Thread 12" [_thread_blocked, id=14252, stack(0x000000a85c200000,0x000000a85c300000)]
  0x0000021efc029350 JavaThread "Unconstrained build operations Thread 13" [_thread_blocked, id=20100, stack(0x000000a85c300000,0x000000a85c400000)]
  0x0000021efc024ff0 JavaThread "Unconstrained build operations Thread 14" [_thread_blocked, id=17904, stack(0x000000a85c400000,0x000000a85c500000)]
  0x0000021efc025e60 JavaThread "Unconstrained build operations Thread 15" [_thread_blocked, id=13436, stack(0x000000a85c500000,0x000000a85c600000)]
  0x0000021efc022e40 JavaThread "Unconstrained build operations Thread 16" [_thread_blocked, id=10652, stack(0x000000a85c600000,0x000000a85c700000)]
  0x0000021efc0224a0 JavaThread "Unconstrained build operations Thread 17" [_thread_blocked, id=18192, stack(0x000000a85c700000,0x000000a85c800000)]
  0x0000021efc029820 JavaThread "Unconstrained build operations Thread 18" [_thread_blocked, id=15648, stack(0x000000a85c800000,0x000000a85c900000)]
  0x0000021efc023cb0 JavaThread "Unconstrained build operations Thread 19" [_thread_blocked, id=9884, stack(0x000000a85c900000,0x000000a85ca00000)]
  0x0000021efc024180 JavaThread "Unconstrained build operations Thread 20" [_thread_blocked, id=19228, stack(0x000000a85ca00000,0x000000a85cb00000)]
  0x0000021efc0237e0 JavaThread "Unconstrained build operations Thread 21" [_thread_blocked, id=20172, stack(0x000000a85cb00000,0x000000a85cc00000)]
  0x0000021efc027b40 JavaThread "Unconstrained build operations Thread 22" [_thread_blocked, id=13776, stack(0x000000a85cc00000,0x000000a85cd00000)]
  0x0000021efc021fd0 JavaThread "Unconstrained build operations Thread 23" [_thread_blocked, id=27884, stack(0x000000a85cd00000,0x000000a85ce00000)]
  0x0000021efc026800 JavaThread "Unconstrained build operations Thread 24" [_thread_blocked, id=26100, stack(0x000000a85ce00000,0x000000a85cf00000)]
  0x0000021efc026330 JavaThread "Unconstrained build operations Thread 25" [_thread_blocked, id=30392, stack(0x000000a85cf00000,0x000000a85d000000)]
  0x0000021efc0289b0 JavaThread "Unconstrained build operations Thread 26" [_thread_blocked, id=12152, stack(0x000000a85d000000,0x000000a85d100000)]
  0x0000021efc024650 JavaThread "Unconstrained build operations Thread 27" [_thread_blocked, id=14472, stack(0x000000a85d100000,0x000000a85d200000)]
  0x0000021efc0254c0 JavaThread "Unconstrained build operations Thread 28" [_thread_blocked, id=17804, stack(0x000000a85d200000,0x000000a85d300000)]
  0x0000021efc025990 JavaThread "Unconstrained build operations Thread 29" [_thread_blocked, id=21892, stack(0x000000a85d300000,0x000000a85d400000)]
  0x0000021efc022970 JavaThread "Unconstrained build operations Thread 30" [_thread_blocked, id=19836, stack(0x000000a85d400000,0x000000a85d500000)]
  0x0000021efc026cd0 JavaThread "Unconstrained build operations Thread 31" [_thread_blocked, id=30684, stack(0x000000a85d500000,0x000000a85d600000)]
  0x0000021efc0271a0 JavaThread "Unconstrained build operations Thread 32" [_thread_blocked, id=20996, stack(0x000000a85d600000,0x000000a85d700000)]
  0x0000021efc027670 JavaThread "Unconstrained build operations Thread 33" [_thread_blocked, id=22932, stack(0x000000a85d700000,0x000000a85d800000)]
  0x0000021efc028010 JavaThread "Unconstrained build operations Thread 34" [_thread_blocked, id=2620, stack(0x000000a85d800000,0x000000a85d900000)]
  0x0000021efc028e80 JavaThread "Unconstrained build operations Thread 35" [_thread_blocked, id=29616, stack(0x000000a85d900000,0x000000a85da00000)]
  0x0000021efd9d6b50 JavaThread "Unconstrained build operations Thread 36" [_thread_blocked, id=20252, stack(0x000000a85da00000,0x000000a85db00000)]
  0x0000021efd9d1980 JavaThread "Unconstrained build operations Thread 37" [_thread_blocked, id=29584, stack(0x000000a85db00000,0x000000a85dc00000)]
  0x0000021efd9d4000 JavaThread "Unconstrained build operations Thread 38" [_thread_blocked, id=13684, stack(0x000000a85dc00000,0x000000a85dd00000)]
  0x0000021efd9d79c0 JavaThread "Unconstrained build operations Thread 39" [_thread_blocked, id=20324, stack(0x000000a85dd00000,0x000000a85de00000)]
  0x0000021efd9d7020 JavaThread "Unconstrained build operations Thread 40" [_thread_blocked, id=21264, stack(0x000000a85de00000,0x000000a85df00000)]
  0x0000021efd9d8830 JavaThread "build event listener" [_thread_blocked, id=9068, stack(0x000000a85df00000,0x000000a85e000000)]
  0x0000021efd9d5810 JavaThread "Memory manager" [_thread_blocked, id=26544, stack(0x000000a85e000000,0x000000a85e100000)]
  0x0000021efd9d14b0 JavaThread "pool-3-thread-1" [_thread_blocked, id=25812, stack(0x000000a85e100000,0x000000a85e200000)]
  0x0000021efd9d2cc0 JavaThread "build event listener" [_thread_blocked, id=17048, stack(0x000000a85e200000,0x000000a85e300000)]
  0x0000021efd9d8360 JavaThread "included builds" [_thread_blocked, id=16964, stack(0x000000a85e300000,0x000000a85e400000)]
  0x0000021efd9d44d0 JavaThread "Execution worker" [_thread_blocked, id=15496, stack(0x000000a85e400000,0x000000a85e500000)]
  0x0000021efd9d1e50 JavaThread "Execution worker Thread 2" [_thread_blocked, id=15164, stack(0x000000a85e500000,0x000000a85e600000)]
  0x0000021efd9d3190 JavaThread "Execution worker Thread 3" [_thread_blocked, id=24852, stack(0x000000a85e600000,0x000000a85e700000)]
  0x0000021efd9d74f0 JavaThread "Cache worker for execution history cache (C:\Users\ADIT-PC\AndroidStudioProjects\HRISMobile-New\.gradle\8.0\executionHistory)" [_thread_blocked, id=18448, stack(0x000000a85e700000,0x000000a85e800000)]
  0x0000021efbfdd0c0 JavaThread "Cache worker for Java compile cache (C:\Users\ADIT-PC\.gradle\caches\8.0\javaCompile)" [_thread_blocked, id=27192, stack(0x000000a85e900000,0x000000a85ea00000)]
  0x0000021efabe78a0 JavaThread "C2 CompilerThread1" daemon [_thread_blocked, id=8492, stack(0x000000a859700000,0x000000a859800000)]

Other Threads:
=>0x0000021ef8028610 VMThread "VM Thread" [stack: 0x000000a858a00000,0x000000a858b00000] [id=16552]
  0x0000021ede14c690 WatcherThread [stack: 0x000000a859600000,0x000000a859700000] [id=7404]
  0x0000021ede12ee80 GCTaskThread "GC Thread#0" [stack: 0x000000a858500000,0x000000a858600000] [id=29976]
  0x0000021ef8ba06e0 GCTaskThread "GC Thread#1" [stack: 0x000000a859800000,0x000000a859900000] [id=12348]
  0x0000021ef848dae0 GCTaskThread "GC Thread#2" [stack: 0x000000a859900000,0x000000a859a00000] [id=13612]
  0x0000021ef8b5e850 GCTaskThread "GC Thread#3" [stack: 0x000000a859a00000,0x000000a859b00000] [id=8204]
  0x0000021ede140ce0 ConcurrentGCThread "G1 Main Marker" [stack: 0x000000a858600000,0x000000a858700000] [id=29016]
  0x0000021ede142170 ConcurrentGCThread "G1 Conc#0" [stack: 0x000000a858700000,0x000000a858800000] [id=4512]
  0x0000021ef7542570 ConcurrentGCThread "G1 Refine#0" [stack: 0x000000a858800000,0x000000a858900000] [id=26904]
  0x0000021efbcb2780 ConcurrentGCThread "G1 Refine#1" [stack: 0x000000a85b200000,0x000000a85b300000] [id=6128]
  0x0000021efb31b0d0 ConcurrentGCThread "G1 Refine#2" [stack: 0x000000a85e800000,0x000000a85e900000] [id=12476]
  0x0000021ef7542da0 ConcurrentGCThread "G1 Service" [stack: 0x000000a858900000,0x000000a858a00000] [id=28728]

Threads with active compile tasks:
C2 CompilerThread0    19061 12282       4       com.sun.tools.javac.parser.JavaTokenizer::scanIdent (639 bytes)
C2 CompilerThread1    19062 12286   !   4       com.sun.tools.javac.parser.JavaTokenizer::readToken (1731 bytes)

VM state: at safepoint (normal execution)

VM Mutex/Monitor currently owned by a thread:  ([mutex/lock_event])
[0x0000021ede0ccb70] Threads_lock - owner thread: 0x0000021ef8028610
[0x0000021ede0cdc50] Heap_lock - owner thread: 0x0000021efd9d8360

Heap address: 0x0000000080000000, size: 2048 MB, Compressed Oops mode: 32-bit

CDS archive(s) not mapped
Compressed class space mapped at: 0x0000000100000000-0x0000000140000000, reserved size: 1073741824
Narrow klass base: 0x0000000000000000, Narrow klass shift: 3, Narrow klass range: 0x140000000

GC Precious Log:
 CPUs: 4 total, 4 available
 Memory: 16247M
 Large Page Support: Disabled
 NUMA Support: Disabled
 Compressed Oops: Enabled (32-bit)
 Heap Region Size: 1M
 Heap Min Capacity: 8M
 Heap Initial Capacity: 254M
 Heap Max Capacity: 2G
 Pre-touch: Disabled
 Parallel Workers: 4
 Concurrent Workers: 1
 Concurrent Refinement Workers: 4
 Periodic GC: Disabled

Heap:
 garbage-first heap   total 260096K, used 114395K [0x0000000080000000, 0x0000000100000000)
  region size 1024K, 6 young (6144K), 6 survivors (6144K)
 Metaspace       used 98027K, committed 98816K, reserved 1138688K
  class space    used 13112K, committed 13440K, reserved 1048576K

Heap Regions: E=young(eden), S=young(survivor), O=old, HS=humongous(starts), HC=humongous(continues), CS=collection set, F=free, OA=open archive, CA=closed archive, TAMS=top-at-mark-start (previous, next)
|   0|0x0000000080000000, 0x0000000080100000, 0x0000000080100000|100%| O|  |TAMS 0x0000000080100000, 0x0000000080100000| Untracked 
|   1|0x0000000080100000, 0x0000000080200000, 0x0000000080200000|100%| O|  |TAMS 0x0000000080200000, 0x0000000080200000| Untracked 
|   2|0x0000000080200000, 0x0000000080300000, 0x0000000080300000|100%|HS|  |TAMS 0x0000000080300000, 0x0000000080300000| Complete 
|   3|0x0000000080300000, 0x0000000080400000, 0x0000000080400000|100%|HC|  |TAMS 0x0000000080400000, 0x0000000080400000| Complete 
|   4|0x0000000080400000, 0x0000000080500000, 0x0000000080500000|100%|HC|  |TAMS 0x0000000080500000, 0x0000000080500000| Complete 
|   5|0x0000000080500000, 0x0000000080600000, 0x0000000080600000|100%|HC|  |TAMS 0x0000000080600000, 0x0000000080600000| Complete 
|   6|0x0000000080600000, 0x0000000080700000, 0x0000000080700000|100%| O|  |TAMS 0x0000000080700000, 0x0000000080700000| Untracked 
|   7|0x0000000080700000, 0x0000000080800000, 0x0000000080800000|100%| O|  |TAMS 0x0000000080800000, 0x0000000080800000| Untracked 
|   8|0x0000000080800000, 0x0000000080900000, 0x0000000080900000|100%| O|  |TAMS 0x0000000080900000, 0x0000000080900000| Untracked 
|   9|0x0000000080900000, 0x0000000080a00000, 0x0000000080a00000|100%| O|  |TAMS 0x0000000080a00000, 0x0000000080a00000| Untracked 
|  10|0x0000000080a00000, 0x0000000080b00000, 0x0000000080b00000|100%| O|  |TAMS 0x0000000080b00000, 0x0000000080b00000| Untracked 
|  11|0x0000000080b00000, 0x0000000080c00000, 0x0000000080c00000|100%| O|  |TAMS 0x0000000080b00000, 0x0000000080c00000| Untracked 
|  12|0x0000000080c00000, 0x0000000080d00000, 0x0000000080d00000|100%| O|  |TAMS 0x0000000080d00000, 0x0000000080d00000| Untracked 
|  13|0x0000000080d00000, 0x0000000080e00000, 0x0000000080e00000|100%| O|  |TAMS 0x0000000080e00000, 0x0000000080e00000| Untracked 
|  14|0x0000000080e00000, 0x0000000080f00000, 0x0000000080f00000|100%| O|  |TAMS 0x0000000080f00000, 0x0000000080f00000| Untracked 
|  15|0x0000000080f00000, 0x0000000081000000, 0x0000000081000000|100%| O|  |TAMS 0x0000000081000000, 0x0000000081000000| Untracked 
|  16|0x0000000081000000, 0x0000000081100000, 0x0000000081100000|100%| O|  |TAMS 0x0000000081100000, 0x0000000081100000| Untracked 
|  17|0x0000000081100000, 0x0000000081200000, 0x0000000081200000|100%| O|  |TAMS 0x0000000081200000, 0x0000000081200000| Untracked 
|  18|0x0000000081200000, 0x0000000081300000, 0x0000000081300000|100%| O|  |TAMS 0x0000000081300000, 0x0000000081300000| Untracked 
|  19|0x0000000081300000, 0x0000000081400000, 0x0000000081400000|100%| O|  |TAMS 0x0000000081400000, 0x0000000081400000| Untracked 
|  20|0x0000000081400000, 0x0000000081500000, 0x0000000081500000|100%| O|  |TAMS 0x0000000081500000, 0x0000000081500000| Untracked 
|  21|0x0000000081500000, 0x0000000081600000, 0x0000000081600000|100%| O|  |TAMS 0x0000000081600000, 0x0000000081600000| Untracked 
|  22|0x0000000081600000, 0x0000000081700000, 0x0000000081700000|100%| O|  |TAMS 0x0000000081700000, 0x0000000081700000| Untracked 
|  23|0x0000000081700000, 0x0000000081800000, 0x0000000081800000|100%| O|  |TAMS 0x0000000081800000, 0x0000000081800000| Untracked 
|  24|0x0000000081800000, 0x0000000081900000, 0x0000000081900000|100%| O|  |TAMS 0x0000000081900000, 0x0000000081900000| Untracked 
|  25|0x0000000081900000, 0x0000000081a00000, 0x0000000081a00000|100%| O|  |TAMS 0x0000000081a00000, 0x0000000081a00000| Untracked 
|  26|0x0000000081a00000, 0x0000000081b00000, 0x0000000081b00000|100%| O|  |TAMS 0x0000000081b00000, 0x0000000081b00000| Untracked 
|  27|0x0000000081b00000, 0x0000000081c00000, 0x0000000081c00000|100%| O|  |TAMS 0x0000000081c00000, 0x0000000081c00000| Untracked 
|  28|0x0000000081c00000, 0x0000000081d00000, 0x0000000081d00000|100%| O|  |TAMS 0x0000000081d00000, 0x0000000081d00000| Untracked 
|  29|0x0000000081d00000, 0x0000000081e00000, 0x0000000081e00000|100%| O|  |TAMS 0x0000000081e00000, 0x0000000081e00000| Untracked 
|  30|0x0000000081e00000, 0x0000000081f00000, 0x0000000081f00000|100%| O|  |TAMS 0x0000000081f00000, 0x0000000081f00000| Untracked 
|  31|0x0000000081f00000, 0x0000000082000000, 0x0000000082000000|100%| O|  |TAMS 0x0000000082000000, 0x0000000082000000| Untracked 
|  32|0x0000000082000000, 0x0000000082100000, 0x0000000082100000|100%| O|  |TAMS 0x0000000082100000, 0x0000000082100000| Untracked 
|  33|0x0000000082100000, 0x0000000082200000, 0x0000000082200000|100%| O|  |TAMS 0x0000000082200000, 0x0000000082200000| Untracked 
|  34|0x0000000082200000, 0x0000000082300000, 0x0000000082300000|100%|HS|  |TAMS 0x0000000082300000, 0x0000000082300000| Complete 
|  35|0x0000000082300000, 0x0000000082400000, 0x0000000082400000|100%|HS|  |TAMS 0x0000000082400000, 0x0000000082400000| Complete 
|  36|0x0000000082400000, 0x0000000082500000, 0x0000000082500000|100%| O|  |TAMS 0x0000000082500000, 0x0000000082500000| Untracked 
|  37|0x0000000082500000, 0x0000000082600000, 0x0000000082600000|100%| O|  |TAMS 0x0000000082600000, 0x0000000082600000| Untracked 
|  38|0x0000000082600000, 0x0000000082700000, 0x0000000082700000|100%|HS|  |TAMS 0x0000000082700000, 0x0000000082700000| Complete 
|  39|0x0000000082700000, 0x0000000082800000, 0x0000000082800000|100%| O|  |TAMS 0x0000000082800000, 0x0000000082800000| Untracked 
|  40|0x0000000082800000, 0x0000000082900000, 0x0000000082900000|100%| O|  |TAMS 0x0000000082900000, 0x0000000082900000| Untracked 
|  41|0x0000000082900000, 0x0000000082a00000, 0x0000000082a00000|100%| O|  |TAMS 0x0000000082a00000, 0x0000000082a00000| Untracked 
|  42|0x0000000082a00000, 0x0000000082b00000, 0x0000000082b00000|100%| O|  |TAMS 0x0000000082b00000, 0x0000000082b00000| Untracked 
|  43|0x0000000082b00000, 0x0000000082c00000, 0x0000000082c00000|100%| O|  |TAMS 0x0000000082c00000, 0x0000000082c00000| Untracked 
|  44|0x0000000082c00000, 0x0000000082d00000, 0x0000000082d00000|100%| O|  |TAMS 0x0000000082d00000, 0x0000000082d00000| Untracked 
|  45|0x0000000082d00000, 0x0000000082e00000, 0x0000000082e00000|100%| O|  |TAMS 0x0000000082e00000, 0x0000000082e00000| Untracked 
|  46|0x0000000082e00000, 0x0000000082f00000, 0x0000000082f00000|100%| O|  |TAMS 0x0000000082f00000, 0x0000000082f00000| Untracked 
|  47|0x0000000082f00000, 0x0000000083000000, 0x0000000083000000|100%| O|  |TAMS 0x0000000083000000, 0x0000000083000000| Untracked 
|  48|0x0000000083000000, 0x0000000083100000, 0x0000000083100000|100%| O|  |TAMS 0x0000000083100000, 0x0000000083100000| Untracked 
|  49|0x0000000083100000, 0x0000000083200000, 0x0000000083200000|100%| O|  |TAMS 0x0000000083200000, 0x0000000083200000| Untracked 
|  50|0x0000000083200000, 0x0000000083300000, 0x0000000083300000|100%| O|  |TAMS 0x0000000083300000, 0x0000000083300000| Untracked 
|  51|0x0000000083300000, 0x0000000083400000, 0x0000000083400000|100%| O|  |TAMS 0x0000000083400000, 0x0000000083400000| Untracked 
|  52|0x0000000083400000, 0x0000000083500000, 0x0000000083500000|100%| O|  |TAMS 0x0000000083500000, 0x0000000083500000| Untracked 
|  53|0x0000000083500000, 0x0000000083600000, 0x0000000083600000|100%| O|  |TAMS 0x0000000083600000, 0x0000000083600000| Untracked 
|  54|0x0000000083600000, 0x0000000083700000, 0x0000000083700000|100%| O|  |TAMS 0x0000000083700000, 0x0000000083700000| Untracked 
|  55|0x0000000083700000, 0x0000000083800000, 0x0000000083800000|100%| O|  |TAMS 0x0000000083800000, 0x0000000083800000| Untracked 
|  56|0x0000000083800000, 0x0000000083900000, 0x0000000083900000|100%| O|  |TAMS 0x0000000083900000, 0x0000000083900000| Untracked 
|  57|0x0000000083900000, 0x0000000083900000, 0x0000000083a00000|  0%| F|  |TAMS 0x0000000083900000, 0x0000000083900000| Untracked 
|  58|0x0000000083a00000, 0x0000000083b00000, 0x0000000083b00000|100%| O|  |TAMS 0x0000000083b00000, 0x0000000083b00000| Untracked 
|  59|0x0000000083b00000, 0x0000000083c00000, 0x0000000083c00000|100%| O|  |TAMS 0x0000000083c00000, 0x0000000083c00000| Untracked 
|  60|0x0000000083c00000, 0x0000000083d00000, 0x0000000083d00000|100%| O|  |TAMS 0x0000000083d00000, 0x0000000083d00000| Untracked 
|  61|0x0000000083d00000, 0x0000000083e00000, 0x0000000083e00000|100%| O|  |TAMS 0x0000000083e00000, 0x0000000083e00000| Untracked 
|  62|0x0000000083e00000, 0x0000000083f00000, 0x0000000083f00000|100%| O|  |TAMS 0x0000000083f00000, 0x0000000083f00000| Untracked 
|  63|0x0000000083f00000, 0x0000000084000000, 0x0000000084000000|100%| O|  |TAMS 0x0000000084000000, 0x0000000084000000| Untracked 
|  64|0x0000000084000000, 0x0000000084100000, 0x0000000084100000|100%| O|  |TAMS 0x0000000084100000, 0x0000000084100000| Untracked 
|  65|0x0000000084100000, 0x0000000084200000, 0x0000000084200000|100%| O|  |TAMS 0x0000000084200000, 0x0000000084200000| Untracked 
|  66|0x0000000084200000, 0x0000000084300000, 0x0000000084300000|100%| O|  |TAMS 0x0000000084300000, 0x0000000084300000| Untracked 
|  67|0x0000000084300000, 0x0000000084400000, 0x0000000084400000|100%| O|  |TAMS 0x0000000084400000, 0x0000000084400000| Untracked 
|  68|0x0000000084400000, 0x0000000084500000, 0x0000000084500000|100%| O|  |TAMS 0x0000000084500000, 0x0000000084500000| Untracked 
|  69|0x0000000084500000, 0x0000000084600000, 0x0000000084600000|100%| O|  |TAMS 0x0000000084600000, 0x0000000084600000| Untracked 
|  70|0x0000000084600000, 0x0000000084700000, 0x0000000084700000|100%| O|  |TAMS 0x0000000084700000, 0x0000000084700000| Untracked 
|  71|0x0000000084700000, 0x0000000084800000, 0x0000000084800000|100%| O|  |TAMS 0x0000000084800000, 0x0000000084800000| Untracked 
|  72|0x0000000084800000, 0x0000000084900000, 0x0000000084900000|100%| O|  |TAMS 0x0000000084900000, 0x0000000084900000| Untracked 
|  73|0x0000000084900000, 0x0000000084a00000, 0x0000000084a00000|100%| O|  |TAMS 0x0000000084a00000, 0x0000000084a00000| Untracked 
|  74|0x0000000084a00000, 0x0000000084b00000, 0x0000000084b00000|100%| O|  |TAMS 0x0000000084b00000, 0x0000000084b00000| Untracked 
|  75|0x0000000084b00000, 0x0000000084c00000, 0x0000000084c00000|100%| O|  |TAMS 0x0000000084c00000, 0x0000000084c00000| Untracked 
|  76|0x0000000084c00000, 0x0000000084d00000, 0x0000000084d00000|100%| O|  |TAMS 0x0000000084d00000, 0x0000000084d00000| Untracked 
|  77|0x0000000084d00000, 0x0000000084e00000, 0x0000000084e00000|100%| O|  |TAMS 0x0000000084e00000, 0x0000000084e00000| Untracked 
|  78|0x0000000084e00000, 0x0000000084f00000, 0x0000000084f00000|100%| O|  |TAMS 0x0000000084f00000, 0x0000000084f00000| Untracked 
|  79|0x0000000084f00000, 0x0000000085000000, 0x0000000085000000|100%| O|  |TAMS 0x0000000085000000, 0x0000000085000000| Untracked 
|  80|0x0000000085000000, 0x0000000085100000, 0x0000000085100000|100%| O|  |TAMS 0x0000000085100000, 0x0000000085100000| Untracked 
|  81|0x0000000085100000, 0x0000000085200000, 0x0000000085200000|100%| O|  |TAMS 0x0000000085200000, 0x0000000085200000| Untracked 
|  82|0x0000000085200000, 0x0000000085300000, 0x0000000085300000|100%| O|  |TAMS 0x0000000085300000, 0x0000000085300000| Untracked 
|  83|0x0000000085300000, 0x0000000085400000, 0x0000000085400000|100%| O|  |TAMS 0x0000000085400000, 0x0000000085400000| Untracked 
|  84|0x0000000085400000, 0x0000000085500000, 0x0000000085500000|100%| O|  |TAMS 0x0000000085500000, 0x0000000085500000| Untracked 
|  85|0x0000000085500000, 0x0000000085500000, 0x0000000085600000|  0%| F|  |TAMS 0x0000000085500000, 0x0000000085500000| Untracked 
|  86|0x0000000085600000, 0x0000000085700000, 0x0000000085700000|100%| O|  |TAMS 0x0000000085600000, 0x0000000085700000| Untracked 
|  87|0x0000000085700000, 0x0000000085800000, 0x0000000085800000|100%| O|  |TAMS 0x0000000085700000, 0x0000000085800000| Untracked 
|  88|0x0000000085800000, 0x0000000085900000, 0x0000000085900000|100%| O|  |TAMS 0x0000000085900000, 0x0000000085900000| Untracked 
|  89|0x0000000085900000, 0x0000000085a00000, 0x0000000085a00000|100%| O|  |TAMS 0x0000000085a00000, 0x0000000085a00000| Untracked 
|  90|0x0000000085a00000, 0x0000000085b00000, 0x0000000085b00000|100%| O|  |TAMS 0x0000000085b00000, 0x0000000085b00000| Untracked 
|  91|0x0000000085b00000, 0x0000000085c00000, 0x0000000085c00000|100%| O|  |TAMS 0x0000000085c00000, 0x0000000085c00000| Untracked 
|  92|0x0000000085c00000, 0x0000000085d00000, 0x0000000085d00000|100%| O|  |TAMS 0x0000000085d00000, 0x0000000085d00000| Untracked 
|  93|0x0000000085d00000, 0x0000000085e00000, 0x0000000085e00000|100%| O|  |TAMS 0x0000000085d80000, 0x0000000085e00000| Untracked 
|  94|0x0000000085e00000, 0x0000000085f00000, 0x0000000085f00000|100%| O|  |TAMS 0x0000000085e00000, 0x0000000085f00000| Untracked 
|  95|0x0000000085f00000, 0x0000000086000000, 0x0000000086000000|100%| O|  |TAMS 0x0000000085f00000, 0x0000000086000000| Untracked 
|  96|0x0000000086000000, 0x0000000086100000, 0x0000000086100000|100%| O|  |TAMS 0x0000000086000000, 0x0000000086100000| Untracked 
|  97|0x0000000086100000, 0x0000000086200000, 0x0000000086200000|100%| O|  |TAMS 0x0000000086100000, 0x0000000086200000| Untracked 
|  98|0x0000000086200000, 0x0000000086300000, 0x0000000086300000|100%| O|  |TAMS 0x0000000086200000, 0x0000000086300000| Untracked 
|  99|0x0000000086300000, 0x0000000086400000, 0x0000000086400000|100%| O|  |TAMS 0x0000000086300000, 0x0000000086400000| Untracked 
| 100|0x0000000086400000, 0x0000000086500000, 0x0000000086500000|100%| O|  |TAMS 0x0000000086400000, 0x0000000086500000| Untracked 
| 101|0x0000000086500000, 0x0000000086600000, 0x0000000086600000|100%| O|  |TAMS 0x0000000086500000, 0x0000000086600000| Untracked 
| 102|0x0000000086600000, 0x0000000086700000, 0x0000000086700000|100%| O|  |TAMS 0x0000000086600000, 0x0000000086700000| Untracked 
| 103|0x0000000086700000, 0x0000000086800000, 0x0000000086800000|100%| O|  |TAMS 0x0000000086700000, 0x0000000086800000| Untracked 
| 104|0x0000000086800000, 0x0000000086900000, 0x0000000086900000|100%| O|  |TAMS 0x0000000086800000, 0x0000000086900000| Untracked 
| 105|0x0000000086900000, 0x0000000086a00000, 0x0000000086a00000|100%| O|  |TAMS 0x0000000086900000, 0x0000000086a00000| Untracked 
| 106|0x0000000086a00000, 0x0000000086b00000, 0x0000000086b00000|100%| O|  |TAMS 0x0000000086a00000, 0x0000000086b00000| Untracked 
| 107|0x0000000086b00000, 0x0000000086c00000, 0x0000000086c00000|100%| O|  |TAMS 0x0000000086b00000, 0x0000000086c00000| Untracked 
| 108|0x0000000086c00000, 0x0000000086c70a00, 0x0000000086d00000| 43%| O|  |TAMS 0x0000000086c00000, 0x0000000086c70a00| Untracked 
| 109|0x0000000086d00000, 0x0000000086d00000, 0x0000000086e00000|  0%| F|  |TAMS 0x0000000086d00000, 0x0000000086d00000| Untracked 
| 110|0x0000000086e00000, 0x0000000086e00000, 0x0000000086f00000|  0%| F|  |TAMS 0x0000000086e00000, 0x0000000086e00000| Untracked 
| 111|0x0000000086f00000, 0x0000000086f00000, 0x0000000087000000|  0%| F|  |TAMS 0x0000000086f00000, 0x0000000086f00000| Untracked 
| 112|0x0000000087000000, 0x0000000087000000, 0x0000000087100000|  0%| F|  |TAMS 0x0000000087000000, 0x0000000087000000| Untracked 
| 113|0x0000000087100000, 0x0000000087100000, 0x0000000087200000|  0%| F|  |TAMS 0x0000000087100000, 0x0000000087100000| Untracked 
| 114|0x0000000087200000, 0x0000000087200000, 0x0000000087300000|  0%| F|  |TAMS 0x0000000087200000, 0x0000000087200000| Untracked 
| 115|0x0000000087300000, 0x0000000087300000, 0x0000000087400000|  0%| F|  |TAMS 0x0000000087300000, 0x0000000087300000| Untracked 
| 116|0x0000000087400000, 0x0000000087400000, 0x0000000087500000|  0%| F|  |TAMS 0x0000000087400000, 0x0000000087400000| Untracked 
| 117|0x0000000087500000, 0x0000000087500000, 0x0000000087600000|  0%| F|  |TAMS 0x0000000087500000, 0x0000000087500000| Untracked 
| 118|0x0000000087600000, 0x0000000087600000, 0x0000000087700000|  0%| F|  |TAMS 0x0000000087600000, 0x0000000087600000| Untracked 
| 119|0x0000000087700000, 0x0000000087700000, 0x0000000087800000|  0%| F|  |TAMS 0x0000000087700000, 0x0000000087700000| Untracked 
| 120|0x0000000087800000, 0x0000000087800000, 0x0000000087900000|  0%| F|  |TAMS 0x0000000087800000, 0x0000000087800000| Untracked 
| 121|0x0000000087900000, 0x0000000087900000, 0x0000000087a00000|  0%| F|  |TAMS 0x0000000087900000, 0x0000000087900000| Untracked 
| 122|0x0000000087a00000, 0x0000000087a00000, 0x0000000087b00000|  0%| F|  |TAMS 0x0000000087a00000, 0x0000000087a00000| Untracked 
| 123|0x0000000087b00000, 0x0000000087b00000, 0x0000000087c00000|  0%| F|  |TAMS 0x0000000087b00000, 0x0000000087b00000| Untracked 
| 124|0x0000000087c00000, 0x0000000087c00000, 0x0000000087d00000|  0%| F|  |TAMS 0x0000000087c00000, 0x0000000087c00000| Untracked 
| 125|0x0000000087d00000, 0x0000000087d00000, 0x0000000087e00000|  0%| F|  |TAMS 0x0000000087d00000, 0x0000000087d00000| Untracked 
| 126|0x0000000087e00000, 0x0000000087e00000, 0x0000000087f00000|  0%| F|  |TAMS 0x0000000087e00000, 0x0000000087e00000| Untracked 
| 127|0x0000000087f00000, 0x0000000087f00000, 0x0000000088000000|  0%| F|  |TAMS 0x0000000087f00000, 0x0000000087f00000| Untracked 
| 128|0x0000000088000000, 0x0000000088000000, 0x0000000088100000|  0%| F|  |TAMS 0x0000000088000000, 0x0000000088000000| Untracked 
| 129|0x0000000088100000, 0x0000000088100000, 0x0000000088200000|  0%| F|  |TAMS 0x0000000088100000, 0x0000000088100000| Untracked 
| 130|0x0000000088200000, 0x0000000088200000, 0x0000000088300000|  0%| F|  |TAMS 0x0000000088200000, 0x0000000088200000| Untracked 
| 131|0x0000000088300000, 0x0000000088300000, 0x0000000088400000|  0%| F|  |TAMS 0x0000000088300000, 0x0000000088300000| Untracked 
| 132|0x0000000088400000, 0x0000000088400000, 0x0000000088500000|  0%| F|  |TAMS 0x0000000088400000, 0x0000000088400000| Untracked 
| 133|0x0000000088500000, 0x0000000088500000, 0x0000000088600000|  0%| F|  |TAMS 0x0000000088500000, 0x0000000088500000| Untracked 
| 134|0x0000000088600000, 0x0000000088600000, 0x0000000088700000|  0%| F|  |TAMS 0x0000000088600000, 0x0000000088600000| Untracked 
| 135|0x0000000088700000, 0x0000000088700000, 0x0000000088800000|  0%| F|  |TAMS 0x0000000088700000, 0x0000000088700000| Untracked 
| 136|0x0000000088800000, 0x0000000088800000, 0x0000000088900000|  0%| F|  |TAMS 0x0000000088800000, 0x0000000088800000| Untracked 
| 137|0x0000000088900000, 0x0000000088900000, 0x0000000088a00000|  0%| F|  |TAMS 0x0000000088900000, 0x0000000088900000| Untracked 
| 138|0x0000000088a00000, 0x0000000088a00000, 0x0000000088b00000|  0%| F|  |TAMS 0x0000000088a00000, 0x0000000088a00000| Untracked 
| 139|0x0000000088b00000, 0x0000000088b46398, 0x0000000088c00000| 27%| S|CS|TAMS 0x0000000088b00000, 0x0000000088b00000| Complete 
| 140|0x0000000088c00000, 0x0000000088d00000, 0x0000000088d00000|100%| S|CS|TAMS 0x0000000088c00000, 0x0000000088c00000| Complete 
| 141|0x0000000088d00000, 0x0000000088e00000, 0x0000000088e00000|100%| S|CS|TAMS 0x0000000088d00000, 0x0000000088d00000| Complete 
| 142|0x0000000088e00000, 0x0000000088f00000, 0x0000000088f00000|100%| S|CS|TAMS 0x0000000088e00000, 0x0000000088e00000| Complete 
| 143|0x0000000088f00000, 0x0000000089000000, 0x0000000089000000|100%| S|CS|TAMS 0x0000000088f00000, 0x0000000088f00000| Complete 
| 144|0x0000000089000000, 0x0000000089100000, 0x0000000089100000|100%| S|CS|TAMS 0x0000000089000000, 0x0000000089000000| Complete 
| 145|0x0000000089100000, 0x0000000089100000, 0x0000000089200000|  0%| F|  |TAMS 0x0000000089100000, 0x0000000089100000| Untracked 
| 146|0x0000000089200000, 0x0000000089200000, 0x0000000089300000|  0%| F|  |TAMS 0x0000000089200000, 0x0000000089200000| Untracked 
| 147|0x0000000089300000, 0x0000000089300000, 0x0000000089400000|  0%| F|  |TAMS 0x0000000089300000, 0x0000000089300000| Untracked 
| 148|0x0000000089400000, 0x0000000089400000, 0x0000000089500000|  0%| F|  |TAMS 0x0000000089400000, 0x0000000089400000| Untracked 
| 149|0x0000000089500000, 0x0000000089500000, 0x0000000089600000|  0%| F|  |TAMS 0x0000000089500000, 0x0000000089500000| Untracked 
| 150|0x0000000089600000, 0x0000000089600000, 0x0000000089700000|  0%| F|  |TAMS 0x0000000089600000, 0x0000000089600000| Untracked 
| 151|0x0000000089700000, 0x0000000089700000, 0x0000000089800000|  0%| F|  |TAMS 0x0000000089700000, 0x0000000089700000| Untracked 
| 152|0x0000000089800000, 0x0000000089800000, 0x0000000089900000|  0%| F|  |TAMS 0x0000000089800000, 0x0000000089800000| Untracked 
| 153|0x0000000089900000, 0x0000000089900000, 0x0000000089a00000|  0%| F|  |TAMS 0x0000000089900000, 0x0000000089900000| Untracked 
| 154|0x0000000089a00000, 0x0000000089a00000, 0x0000000089b00000|  0%| F|  |TAMS 0x0000000089a00000, 0x0000000089a00000| Untracked 
| 155|0x0000000089b00000, 0x0000000089b00000, 0x0000000089c00000|  0%| F|  |TAMS 0x0000000089b00000, 0x0000000089b00000| Untracked 
| 156|0x0000000089c00000, 0x0000000089c00000, 0x0000000089d00000|  0%| F|  |TAMS 0x0000000089c00000, 0x0000000089c00000| Untracked 
| 157|0x0000000089d00000, 0x0000000089d00000, 0x0000000089e00000|  0%| F|  |TAMS 0x0000000089d00000, 0x0000000089d00000| Untracked 
| 158|0x0000000089e00000, 0x0000000089e00000, 0x0000000089f00000|  0%| F|  |TAMS 0x0000000089e00000, 0x0000000089e00000| Untracked 
| 159|0x0000000089f00000, 0x0000000089f00000, 0x000000008a000000|  0%| F|  |TAMS 0x0000000089f00000, 0x0000000089f00000| Untracked 
| 160|0x000000008a000000, 0x000000008a000000, 0x000000008a100000|  0%| F|  |TAMS 0x000000008a000000, 0x000000008a000000| Untracked 
| 161|0x000000008a100000, 0x000000008a100000, 0x000000008a200000|  0%| F|  |TAMS 0x000000008a100000, 0x000000008a100000| Untracked 
| 162|0x000000008a200000, 0x000000008a200000, 0x000000008a300000|  0%| F|  |TAMS 0x000000008a200000, 0x000000008a200000| Untracked 
| 163|0x000000008a300000, 0x000000008a300000, 0x000000008a400000|  0%| F|  |TAMS 0x000000008a300000, 0x000000008a300000| Untracked 
| 164|0x000000008a400000, 0x000000008a400000, 0x000000008a500000|  0%| F|  |TAMS 0x000000008a400000, 0x000000008a400000| Untracked 
| 165|0x000000008a500000, 0x000000008a500000, 0x000000008a600000|  0%| F|  |TAMS 0x000000008a500000, 0x000000008a500000| Untracked 
| 166|0x000000008a600000, 0x000000008a600000, 0x000000008a700000|  0%| F|  |TAMS 0x000000008a600000, 0x000000008a600000| Untracked 
| 167|0x000000008a700000, 0x000000008a700000, 0x000000008a800000|  0%| F|  |TAMS 0x000000008a700000, 0x000000008a700000| Untracked 
| 168|0x000000008a800000, 0x000000008a800000, 0x000000008a900000|  0%| F|  |TAMS 0x000000008a800000, 0x000000008a800000| Untracked 
| 169|0x000000008a900000, 0x000000008a900000, 0x000000008aa00000|  0%| F|  |TAMS 0x000000008a900000, 0x000000008a900000| Untracked 
| 170|0x000000008aa00000, 0x000000008aa00000, 0x000000008ab00000|  0%| F|  |TAMS 0x000000008aa00000, 0x000000008aa00000| Untracked 
| 171|0x000000008ab00000, 0x000000008ab00000, 0x000000008ac00000|  0%| F|  |TAMS 0x000000008ab00000, 0x000000008ab00000| Untracked 
| 172|0x000000008ac00000, 0x000000008ac00000, 0x000000008ad00000|  0%| F|  |TAMS 0x000000008ac00000, 0x000000008ac00000| Untracked 
| 173|0x000000008ad00000, 0x000000008ad00000, 0x000000008ae00000|  0%| F|  |TAMS 0x000000008ad00000, 0x000000008ad00000| Untracked 
| 174|0x000000008ae00000, 0x000000008ae00000, 0x000000008af00000|  0%| F|  |TAMS 0x000000008ae00000, 0x000000008ae00000| Untracked 
| 175|0x000000008af00000, 0x000000008af00000, 0x000000008b000000|  0%| F|  |TAMS 0x000000008af00000, 0x000000008af00000| Untracked 
| 176|0x000000008b000000, 0x000000008b000000, 0x000000008b100000|  0%| F|  |TAMS 0x000000008b000000, 0x000000008b000000| Untracked 
| 177|0x000000008b100000, 0x000000008b100000, 0x000000008b200000|  0%| F|  |TAMS 0x000000008b100000, 0x000000008b100000| Untracked 
| 178|0x000000008b200000, 0x000000008b200000, 0x000000008b300000|  0%| F|  |TAMS 0x000000008b200000, 0x000000008b200000| Untracked 
| 179|0x000000008b300000, 0x000000008b300000, 0x000000008b400000|  0%| F|  |TAMS 0x000000008b300000, 0x000000008b300000| Untracked 
| 180|0x000000008b400000, 0x000000008b400000, 0x000000008b500000|  0%| F|  |TAMS 0x000000008b400000, 0x000000008b400000| Untracked 
| 181|0x000000008b500000, 0x000000008b500000, 0x000000008b600000|  0%| F|  |TAMS 0x000000008b500000, 0x000000008b500000| Untracked 
| 182|0x000000008b600000, 0x000000008b600000, 0x000000008b700000|  0%| F|  |TAMS 0x000000008b600000, 0x000000008b600000| Untracked 
| 183|0x000000008b700000, 0x000000008b700000, 0x000000008b800000|  0%| F|  |TAMS 0x000000008b700000, 0x000000008b700000| Untracked 
| 184|0x000000008b800000, 0x000000008b800000, 0x000000008b900000|  0%| F|  |TAMS 0x000000008b800000, 0x000000008b800000| Untracked 
| 185|0x000000008b900000, 0x000000008b900000, 0x000000008ba00000|  0%| F|  |TAMS 0x000000008b900000, 0x000000008b900000| Untracked 
| 186|0x000000008ba00000, 0x000000008ba00000, 0x000000008bb00000|  0%| F|  |TAMS 0x000000008ba00000, 0x000000008ba00000| Untracked 
| 187|0x000000008bb00000, 0x000000008bb00000, 0x000000008bc00000|  0%| F|  |TAMS 0x000000008bb00000, 0x000000008bb00000| Untracked 
| 188|0x000000008bc00000, 0x000000008bc00000, 0x000000008bd00000|  0%| F|  |TAMS 0x000000008bc00000, 0x000000008bc00000| Untracked 
| 189|0x000000008bd00000, 0x000000008bd00000, 0x000000008be00000|  0%| F|  |TAMS 0x000000008bd00000, 0x000000008bd00000| Untracked 
| 190|0x000000008be00000, 0x000000008be00000, 0x000000008bf00000|  0%| F|  |TAMS 0x000000008be00000, 0x000000008be00000| Untracked 
| 191|0x000000008bf00000, 0x000000008bf00000, 0x000000008c000000|  0%| F|  |TAMS 0x000000008bf00000, 0x000000008bf00000| Untracked 
| 192|0x000000008c000000, 0x000000008c000000, 0x000000008c100000|  0%| F|  |TAMS 0x000000008c000000, 0x000000008c000000| Untracked 
| 193|0x000000008c100000, 0x000000008c100000, 0x000000008c200000|  0%| F|  |TAMS 0x000000008c100000, 0x000000008c100000| Untracked 
| 194|0x000000008c200000, 0x000000008c200000, 0x000000008c300000|  0%| F|  |TAMS 0x000000008c200000, 0x000000008c200000| Untracked 
| 195|0x000000008c300000, 0x000000008c300000, 0x000000008c400000|  0%| F|  |TAMS 0x000000008c300000, 0x000000008c300000| Untracked 
| 196|0x000000008c400000, 0x000000008c400000, 0x000000008c500000|  0%| F|  |TAMS 0x000000008c400000, 0x000000008c400000| Untracked 
| 197|0x000000008c500000, 0x000000008c500000, 0x000000008c600000|  0%| F|  |TAMS 0x000000008c500000, 0x000000008c500000| Untracked 
| 198|0x000000008c600000, 0x000000008c600000, 0x000000008c700000|  0%| F|  |TAMS 0x000000008c600000, 0x000000008c600000| Untracked 
| 199|0x000000008c700000, 0x000000008c700000, 0x000000008c800000|  0%| F|  |TAMS 0x000000008c700000, 0x000000008c700000| Untracked 
| 200|0x000000008c800000, 0x000000008c800000, 0x000000008c900000|  0%| F|  |TAMS 0x000000008c800000, 0x000000008c800000| Untracked 
| 201|0x000000008c900000, 0x000000008c900000, 0x000000008ca00000|  0%| F|  |TAMS 0x000000008c900000, 0x000000008c900000| Untracked 
| 202|0x000000008ca00000, 0x000000008ca00000, 0x000000008cb00000|  0%| F|  |TAMS 0x000000008ca00000, 0x000000008ca00000| Untracked 
| 203|0x000000008cb00000, 0x000000008cb00000, 0x000000008cc00000|  0%| F|  |TAMS 0x000000008cb00000, 0x000000008cb00000| Untracked 
| 204|0x000000008cc00000, 0x000000008cc00000, 0x000000008cd00000|  0%| F|  |TAMS 0x000000008cc00000, 0x000000008cc00000| Untracked 
| 205|0x000000008cd00000, 0x000000008cd00000, 0x000000008ce00000|  0%| F|  |TAMS 0x000000008cd00000, 0x000000008cd00000| Untracked 
| 206|0x000000008ce00000, 0x000000008ce00000, 0x000000008cf00000|  0%| F|  |TAMS 0x000000008ce00000, 0x000000008ce00000| Untracked 
| 207|0x000000008cf00000, 0x000000008cf00000, 0x000000008d000000|  0%| F|  |TAMS 0x000000008cf00000, 0x000000008cf00000| Untracked 
| 208|0x000000008d000000, 0x000000008d000000, 0x000000008d100000|  0%| F|  |TAMS 0x000000008d000000, 0x000000008d000000| Untracked 
| 209|0x000000008d100000, 0x000000008d100000, 0x000000008d200000|  0%| F|  |TAMS 0x000000008d100000, 0x000000008d100000| Untracked 
| 210|0x000000008d200000, 0x000000008d200000, 0x000000008d300000|  0%| F|  |TAMS 0x000000008d200000, 0x000000008d200000| Untracked 
| 211|0x000000008d300000, 0x000000008d300000, 0x000000008d400000|  0%| F|  |TAMS 0x000000008d300000, 0x000000008d300000| Untracked 
| 212|0x000000008d400000, 0x000000008d400000, 0x000000008d500000|  0%| F|  |TAMS 0x000000008d400000, 0x000000008d400000| Untracked 
| 213|0x000000008d500000, 0x000000008d500000, 0x000000008d600000|  0%| F|  |TAMS 0x000000008d500000, 0x000000008d500000| Untracked 
| 214|0x000000008d600000, 0x000000008d600000, 0x000000008d700000|  0%| F|  |TAMS 0x000000008d600000, 0x000000008d600000| Untracked 
| 215|0x000000008d700000, 0x000000008d700000, 0x000000008d800000|  0%| F|  |TAMS 0x000000008d700000, 0x000000008d700000| Untracked 
| 216|0x000000008d800000, 0x000000008d800000, 0x000000008d900000|  0%| F|  |TAMS 0x000000008d800000, 0x000000008d800000| Untracked 
| 217|0x000000008d900000, 0x000000008d900000, 0x000000008da00000|  0%| F|  |TAMS 0x000000008d900000, 0x000000008d900000| Untracked 
| 218|0x000000008da00000, 0x000000008da00000, 0x000000008db00000|  0%| F|  |TAMS 0x000000008da00000, 0x000000008da00000| Untracked 
| 219|0x000000008db00000, 0x000000008db00000, 0x000000008dc00000|  0%| F|  |TAMS 0x000000008db00000, 0x000000008db00000| Untracked 
| 220|0x000000008dc00000, 0x000000008dc00000, 0x000000008dd00000|  0%| F|  |TAMS 0x000000008dc00000, 0x000000008dc00000| Untracked 
| 221|0x000000008dd00000, 0x000000008dd00000, 0x000000008de00000|  0%| F|  |TAMS 0x000000008dd00000, 0x000000008dd00000| Untracked 
| 222|0x000000008de00000, 0x000000008de00000, 0x000000008df00000|  0%| F|  |TAMS 0x000000008de00000, 0x000000008de00000| Untracked 
| 223|0x000000008df00000, 0x000000008df00000, 0x000000008e000000|  0%| F|  |TAMS 0x000000008df00000, 0x000000008df00000| Untracked 
| 224|0x000000008e000000, 0x000000008e000000, 0x000000008e100000|  0%| F|  |TAMS 0x000000008e000000, 0x000000008e000000| Untracked 
| 225|0x000000008e100000, 0x000000008e100000, 0x000000008e200000|  0%| F|  |TAMS 0x000000008e100000, 0x000000008e100000| Untracked 
| 226|0x000000008e200000, 0x000000008e200000, 0x000000008e300000|  0%| F|  |TAMS 0x000000008e200000, 0x000000008e200000| Untracked 
| 227|0x000000008e300000, 0x000000008e300000, 0x000000008e400000|  0%| F|  |TAMS 0x000000008e300000, 0x000000008e300000| Untracked 
| 228|0x000000008e400000, 0x000000008e400000, 0x000000008e500000|  0%| F|  |TAMS 0x000000008e400000, 0x000000008e400000| Untracked 
| 229|0x000000008e500000, 0x000000008e500000, 0x000000008e600000|  0%| F|  |TAMS 0x000000008e500000, 0x000000008e500000| Untracked 
| 230|0x000000008e600000, 0x000000008e600000, 0x000000008e700000|  0%| F|  |TAMS 0x000000008e600000, 0x000000008e600000| Untracked 
| 231|0x000000008e700000, 0x000000008e700000, 0x000000008e800000|  0%| F|  |TAMS 0x000000008e700000, 0x000000008e700000| Untracked 
| 232|0x000000008e800000, 0x000000008e800000, 0x000000008e900000|  0%| F|  |TAMS 0x000000008e800000, 0x000000008e800000| Untracked 
| 233|0x000000008e900000, 0x000000008e900000, 0x000000008ea00000|  0%| F|  |TAMS 0x000000008e900000, 0x000000008e900000| Untracked 
| 234|0x000000008ea00000, 0x000000008ea00000, 0x000000008eb00000|  0%| F|  |TAMS 0x000000008ea00000, 0x000000008ea00000| Untracked 
| 235|0x000000008eb00000, 0x000000008eb00000, 0x000000008ec00000|  0%| F|  |TAMS 0x000000008eb00000, 0x000000008eb00000| Untracked 
| 236|0x000000008ec00000, 0x000000008ec00000, 0x000000008ed00000|  0%| F|  |TAMS 0x000000008ec00000, 0x000000008ec00000| Untracked 
| 237|0x000000008ed00000, 0x000000008ed00000, 0x000000008ee00000|  0%| F|  |TAMS 0x000000008ed00000, 0x000000008ed00000| Untracked 
| 238|0x000000008ee00000, 0x000000008ee00000, 0x000000008ef00000|  0%| F|  |TAMS 0x000000008ee00000, 0x000000008ee00000| Untracked 
| 239|0x000000008ef00000, 0x000000008ef00000, 0x000000008f000000|  0%| F|  |TAMS 0x000000008ef00000, 0x000000008ef00000| Untracked 
| 240|0x000000008f000000, 0x000000008f000000, 0x000000008f100000|  0%| F|  |TAMS 0x000000008f000000, 0x000000008f000000| Untracked 
| 241|0x000000008f100000, 0x000000008f100000, 0x000000008f200000|  0%| F|  |TAMS 0x000000008f100000, 0x000000008f100000| Untracked 
| 242|0x000000008f200000, 0x000000008f200000, 0x000000008f300000|  0%| F|  |TAMS 0x000000008f200000, 0x000000008f200000| Untracked 
| 243|0x000000008f300000, 0x000000008f300000, 0x000000008f400000|  0%| F|  |TAMS 0x000000008f300000, 0x000000008f300000| Untracked 
| 244|0x000000008f400000, 0x000000008f400000, 0x000000008f500000|  0%| F|  |TAMS 0x000000008f400000, 0x000000008f400000| Untracked 
| 245|0x000000008f500000, 0x000000008f500000, 0x000000008f600000|  0%| F|  |TAMS 0x000000008f500000, 0x000000008f500000| Untracked 
| 246|0x000000008f600000, 0x000000008f600000, 0x000000008f700000|  0%| F|  |TAMS 0x000000008f600000, 0x000000008f600000| Untracked 
| 247|0x000000008f700000, 0x000000008f700000, 0x000000008f800000|  0%| F|  |TAMS 0x000000008f700000, 0x000000008f700000| Untracked 
| 248|0x000000008f800000, 0x000000008f800000, 0x000000008f900000|  0%| F|  |TAMS 0x000000008f800000, 0x000000008f800000| Untracked 
| 249|0x000000008f900000, 0x000000008f900000, 0x000000008fa00000|  0%| F|  |TAMS 0x000000008f900000, 0x000000008f900000| Untracked 
| 250|0x000000008fa00000, 0x000000008fa00000, 0x000000008fb00000|  0%| F|  |TAMS 0x000000008fa00000, 0x000000008fa00000| Untracked 
| 251|0x000000008fb00000, 0x000000008fb00000, 0x000000008fc00000|  0%| F|  |TAMS 0x000000008fb00000, 0x000000008fb00000| Untracked 
| 252|0x000000008fc00000, 0x000000008fc00000, 0x000000008fd00000|  0%| F|  |TAMS 0x000000008fc00000, 0x000000008fc00000| Untracked 
| 253|0x000000008fd00000, 0x000000008fd00000, 0x000000008fe00000|  0%| F|  |TAMS 0x000000008fd00000, 0x000000008fd00000| Untracked 

Card table byte_map: [0x0000021ef0990000,0x0000021ef0d90000] _byte_map_base: 0x0000021ef0590000

Marking Bits (Prev, Next): (CMBitMap*) 0x0000021ede1303f0, (CMBitMap*) 0x0000021ede1303b0
 Prev Bits: [0x0000021ef3190000, 0x0000021ef5190000)
 Next Bits: [0x0000021ef1190000, 0x0000021ef3190000)

Polling page: 0x0000021edbf80000

Metaspace:

Usage:
  Non-class:     82.93 MB used.
      Class:     12.81 MB used.
       Both:     95.73 MB used.

Virtual space:
  Non-class space:       88.00 MB reserved,      83.38 MB ( 95%) committed,  11 nodes.
      Class space:        1.00 GB reserved,      13.12 MB (  1%) committed,  1 nodes.
             Both:        1.09 GB reserved,      96.50 MB (  9%) committed. 

Chunk freelists:
   Non-Class:  3.98 MB
       Class:  2.83 MB
        Both:  6.81 MB

MaxMetaspaceSize: unlimited
CompressedClassSpaceSize: 1.00 GB
Initial GC threshold: 21.00 MB
Current GC threshold: 148.44 MB
CDS: off
MetaspaceReclaimPolicy: balanced
 - commit_granule_bytes: 65536.
 - commit_granule_words: 8192.
 - virtual_space_node_default_size: 1048576.
 - enlarge_chunks_in_place: 1.
 - new_chunks_are_fully_committed: 0.
 - uncommit_free_chunks: 1.
 - use_allocation_guard: 0.
 - handle_deallocations: 1.


Internal statistics:

num_allocs_failed_limit: 6.
num_arena_births: 982.
num_arena_deaths: 8.
num_vsnodes_births: 12.
num_vsnodes_deaths: 0.
num_space_committed: 1543.
num_space_uncommitted: 0.
num_chunks_returned_to_freelist: 16.
num_chunks_taken_from_freelist: 4616.
num_chunk_merges: 6.
num_chunk_splits: 3017.
num_chunks_enlarged: 1967.
num_purges: 2.
num_inconsistent_stats: 0.

CodeHeap 'non-profiled nmethods': size=120000Kb used=6741Kb max_used=6741Kb free=113258Kb
 bounds [0x0000021ee9060000, 0x0000021ee9700000, 0x0000021ef0590000]
CodeHeap 'profiled nmethods': size=120000Kb used=21420Kb max_used=21420Kb free=98579Kb
 bounds [0x0000021ee1590000, 0x0000021ee2a80000, 0x0000021ee8ac0000]
CodeHeap 'non-nmethods': size=5760Kb used=2419Kb max_used=2479Kb free=3340Kb
 bounds [0x0000021ee8ac0000, 0x0000021ee8d40000, 0x0000021ee9060000]
 total_blobs=11720 nmethods=10806 adapters=824
 compilation: enabled
              stopped_count=0, restarted_count=0
 full_count=0

Compilation events (20 events):
Event: 19.005 Thread 0x0000021ef809e000 12397       2       com.sun.tools.javac.parser.JavacParser::strval (38 bytes)
Event: 19.005 Thread 0x0000021ef809e000 nmethod 12397 0x0000021ee2a7a890 code [0x0000021ee2a7aa80, 0x0000021ee2a7ada8]
Event: 19.006 Thread 0x0000021ef809e000 12399       2       com.sun.tools.javac.tree.JCTree$JCBlock::getTag (4 bytes)
Event: 19.006 Thread 0x0000021ef809e000 nmethod 12399 0x0000021ee2a7b090 code [0x0000021ee2a7b220, 0x0000021ee2a7b338]
Event: 19.006 Thread 0x0000021ef809e000 12400       2       com.sun.tools.javac.parser.JavaTokenizer::scanDigits (110 bytes)
Event: 19.006 Thread 0x0000021ef809e000 nmethod 12400 0x0000021ee2a7b410 code [0x0000021ee2a7b640, 0x0000021ee2a7bd38]
Event: 19.006 Thread 0x0000021ef809e000 12401       2       com.sun.tools.javac.parser.Tokens$NumericToken::checkKind (43 bytes)
Event: 19.007 Thread 0x0000021ef809e000 nmethod 12401 0x0000021ee2a7c190 code [0x0000021ee2a7c380, 0x0000021ee2a7c6d8]
Event: 19.007 Thread 0x0000021ef809e000 12402       2       com.sun.tools.javac.parser.JavacParser::optFinal (29 bytes)
Event: 19.007 Thread 0x0000021ef809e000 nmethod 12402 0x0000021ee2a7c910 code [0x0000021ee2a7cac0, 0x0000021ee2a7cc78]
Event: 19.007 Thread 0x0000021ef809e000 12403       2       com.sun.tools.javac.parser.JavacParser::checkNoMods (13 bytes)
Event: 19.007 Thread 0x0000021ef809e000 nmethod 12403 0x0000021ee2a7ce10 code [0x0000021ee2a7cfa0, 0x0000021ee2a7d0c8]
Event: 19.007 Thread 0x0000021ef809e000 12406       2       com.sun.tools.javac.tree.TreeMaker::Binary (25 bytes)
Event: 19.007 Thread 0x0000021ef809e000 nmethod 12406 0x0000021ee2a7d190 code [0x0000021ee2a7d320, 0x0000021ee2a7d5b8]
Event: 19.007 Thread 0x0000021ef809e000 12407       2       com.sun.tools.javac.tree.JCTree$JCBinary::<init> (26 bytes)
Event: 19.007 Thread 0x0000021ef809e000 nmethod 12407 0x0000021ee2a7d690 code [0x0000021ee2a7d820, 0x0000021ee2a7da98]
Event: 19.007 Thread 0x0000021ef809e000 12404       2       com.sun.tools.javac.parser.JavacParser::checkNoMods (32 bytes)
Event: 19.008 Thread 0x0000021ef809e000 nmethod 12404 0x0000021ee2a7db10 code [0x0000021ee2a7dcc0, 0x0000021ee2a7de48]
Event: 19.009 Thread 0x0000021ef809e000 12409       2       com.sun.tools.javac.util.IntHashTable::rehash (88 bytes)
Event: 19.010 Thread 0x0000021ef809e000 nmethod 12409 0x0000021ee2a7df90 code [0x0000021ee2a7e160, 0x0000021ee2a7e668]

GC Heap History (20 events):
Event: 9.926 GC heap after
{Heap after GC invocations=32 (full 0):
 garbage-first heap   total 204800K, used 62698K [0x0000000080000000, 0x0000000100000000)
  region size 1024K, 8 young (8192K), 8 survivors (8192K)
 Metaspace       used 68457K, committed 69120K, reserved 1114112K
  class space    used 9001K, committed 9280K, reserved 1048576K
}
Event: 9.956 GC heap before
{Heap before GC invocations=32 (full 0):
 garbage-first heap   total 204800K, used 64746K [0x0000000080000000, 0x0000000100000000)
  region size 1024K, 10 young (10240K), 8 survivors (8192K)
 Metaspace       used 68519K, committed 69120K, reserved 1114112K
  class space    used 9011K, committed 9280K, reserved 1048576K
}
Event: 9.961 GC heap after
{Heap after GC invocations=33 (full 0):
 garbage-first heap   total 204800K, used 63043K [0x0000000080000000, 0x0000000100000000)
  region size 1024K, 2 young (2048K), 2 survivors (2048K)
 Metaspace       used 68519K, committed 69120K, reserved 1114112K
  class space    used 9011K, committed 9280K, reserved 1048576K
}
Event: 11.358 GC heap before
{Heap before GC invocations=33 (full 0):
 garbage-first heap   total 204800K, used 148035K [0x0000000080000000, 0x0000000100000000)
  region size 1024K, 84 young (86016K), 2 survivors (2048K)
 Metaspace       used 76360K, committed 76992K, reserved 1122304K
  class space    used 10278K, committed 10560K, reserved 1048576K
}
Event: 11.364 GC heap after
{Heap after GC invocations=34 (full 0):
 garbage-first heap   total 204800K, used 67836K [0x0000000080000000, 0x0000000100000000)
  region size 1024K, 6 young (6144K), 6 survivors (6144K)
 Metaspace       used 76360K, committed 76992K, reserved 1122304K
  class space    used 10278K, committed 10560K, reserved 1048576K
}
Event: 12.730 GC heap before
{Heap before GC invocations=34 (full 0):
 garbage-first heap   total 204800K, used 150780K [0x0000000080000000, 0x0000000100000000)
  region size 1024K, 87 young (89088K), 6 survivors (6144K)
 Metaspace       used 83588K, committed 84288K, reserved 1122304K
  class space    used 11323K, committed 11648K, reserved 1048576K
}
Event: 12.743 GC heap after
{Heap after GC invocations=35 (full 0):
 garbage-first heap   total 204800K, used 74053K [0x0000000080000000, 0x0000000100000000)
  region size 1024K, 11 young (11264K), 11 survivors (11264K)
 Metaspace       used 83588K, committed 84288K, reserved 1122304K
  class space    used 11323K, committed 11648K, reserved 1048576K
}
Event: 13.941 GC heap before
{Heap before GC invocations=35 (full 0):
 garbage-first heap   total 204800K, used 155973K [0x0000000080000000, 0x0000000100000000)
  region size 1024K, 91 young (93184K), 11 survivors (11264K)
 Metaspace       used 88202K, committed 88960K, reserved 1130496K
  class space    used 11936K, committed 12288K, reserved 1048576K
}
Event: 13.963 GC heap after
{Heap after GC invocations=36 (full 0):
 garbage-first heap   total 204800K, used 86424K [0x0000000080000000, 0x0000000100000000)
  region size 1024K, 12 young (12288K), 12 survivors (12288K)
 Metaspace       used 88202K, committed 88960K, reserved 1130496K
  class space    used 11936K, committed 12288K, reserved 1048576K
}
Event: 15.170 GC heap before
{Heap before GC invocations=36 (full 0):
 garbage-first heap   total 204800K, used 155032K [0x0000000080000000, 0x0000000100000000)
  region size 1024K, 80 young (81920K), 12 survivors (12288K)
 Metaspace       used 89372K, committed 90176K, reserved 1130496K
  class space    used 12055K, committed 12416K, reserved 1048576K
}
Event: 15.186 GC heap after
{Heap after GC invocations=37 (full 0):
 garbage-first heap   total 204800K, used 93471K [0x0000000080000000, 0x0000000100000000)
  region size 1024K, 6 young (6144K), 6 survivors (6144K)
 Metaspace       used 89372K, committed 90176K, reserved 1130496K
  class space    used 12055K, committed 12416K, reserved 1048576K
}
Event: 16.020 GC heap before
{Heap before GC invocations=37 (full 0):
 garbage-first heap   total 204800K, used 161055K [0x0000000080000000, 0x0000000100000000)
  region size 1024K, 71 young (72704K), 6 survivors (6144K)
 Metaspace       used 90247K, committed 91008K, reserved 1130496K
  class space    used 12149K, committed 12480K, reserved 1048576K
}
Event: 16.030 GC heap after
{Heap after GC invocations=38 (full 0):
 garbage-first heap   total 204800K, used 100293K [0x0000000080000000, 0x0000000100000000)
  region size 1024K, 7 young (7168K), 7 survivors (7168K)
 Metaspace       used 90247K, committed 91008K, reserved 1130496K
  class space    used 12149K, committed 12480K, reserved 1048576K
}
Event: 16.743 GC heap before
{Heap before GC invocations=38 (full 0):
 garbage-first heap   total 204800K, used 160709K [0x0000000080000000, 0x0000000100000000)
  region size 1024K, 67 young (68608K), 7 survivors (7168K)
 Metaspace       used 90499K, committed 91200K, reserved 1130496K
  class space    used 12167K, committed 12480K, reserved 1048576K
}
Event: 16.755 GC heap after
{Heap after GC invocations=39 (full 0):
 garbage-first heap   total 204800K, used 104872K [0x0000000080000000, 0x0000000100000000)
  region size 1024K, 5 young (5120K), 5 survivors (5120K)
 Metaspace       used 90499K, committed 91200K, reserved 1130496K
  class space    used 12167K, committed 12480K, reserved 1048576K
}
Event: 17.428 GC heap before
{Heap before GC invocations=40 (full 0):
 garbage-first heap   total 204800K, used 162786K [0x0000000080000000, 0x0000000100000000)
  region size 1024K, 63 young (64512K), 5 survivors (5120K)
 Metaspace       used 90815K, committed 91584K, reserved 1130496K
  class space    used 12192K, committed 12544K, reserved 1048576K
}
Event: 17.440 GC heap after
{Heap after GC invocations=41 (full 0):
 garbage-first heap   total 204800K, used 110221K [0x0000000080000000, 0x0000000100000000)
  region size 1024K, 8 young (8192K), 8 survivors (8192K)
 Metaspace       used 90815K, committed 91584K, reserved 1130496K
  class space    used 12192K, committed 12544K, reserved 1048576K
}
Event: 17.454 GC heap before
{Heap before GC invocations=41 (full 0):
 garbage-first heap   total 204800K, used 111245K [0x0000000080000000, 0x0000000100000000)
  region size 1024K, 10 young (10240K), 8 survivors (8192K)
 Metaspace       used 90815K, committed 91584K, reserved 1130496K
  class space    used 12192K, committed 12544K, reserved 1048576K
}
Event: 17.464 GC heap after
{Heap after GC invocations=42 (full 0):
 garbage-first heap   total 204800K, used 110379K [0x0000000080000000, 0x0000000100000000)
  region size 1024K, 2 young (2048K), 2 survivors (2048K)
 Metaspace       used 90815K, committed 91584K, reserved 1130496K
  class space    used 12192K, committed 12544K, reserved 1048576K
}
Event: 19.011 GC heap before
{Heap before GC invocations=42 (full 0):
 garbage-first heap   total 204800K, used 163627K [0x0000000080000000, 0x0000000100000000)
  region size 1024K, 55 young (56320K), 2 survivors (2048K)
 Metaspace       used 98027K, committed 98816K, reserved 1138688K
  class space    used 13112K, committed 13440K, reserved 1048576K
}

Dll operation events (2 events):
Event: 0.009 Loaded shared library C:\Program Files\Android\Android Studio2\jbr\bin\java.dll
Event: 0.528 Loaded shared library C:\Program Files\Android\Android Studio2\jbr\bin\verify.dll

Deoptimization events (20 events):
Event: 18.851 Thread 0x0000021efd9d8360 Uncommon trap: trap_request=0xffffff45 fr.pc=0x0000021ee91410ac relative=0x000000000000010c
Event: 18.851 Thread 0x0000021efd9d8360 Uncommon trap: reason=unstable_if action=reinterpret pc=0x0000021ee91410ac method=java.lang.CharacterDataLatin1.digit(II)I @ 12 c2
Event: 18.851 Thread 0x0000021efd9d8360 DEOPT PACKING pc=0x0000021ee91410ac sp=0x000000a85e3f7f70
Event: 18.851 Thread 0x0000021efd9d8360 DEOPT UNPACKING pc=0x0000021ee8b169a3 sp=0x000000a85e3f7e28 mode 2
Event: 18.869 Thread 0x0000021efd9d8360 Uncommon trap: trap_request=0xffffffc6 fr.pc=0x0000021ee92e2a44 relative=0x0000000000003964
Event: 18.869 Thread 0x0000021efd9d8360 Uncommon trap: reason=bimorphic_or_optimized_type_check action=maybe_recompile pc=0x0000021ee92e2a44 method=jdk.internal.loader.BuiltinClassLoader.loadClassOrNull(Ljava/lang/String;)Ljava/lang/Class; @ 3 c2
Event: 18.869 Thread 0x0000021efd9d8360 DEOPT PACKING pc=0x0000021ee92e2a44 sp=0x000000a85e3f7360
Event: 18.869 Thread 0x0000021efd9d8360 DEOPT UNPACKING pc=0x0000021ee8b169a3 sp=0x000000a85e3f72e8 mode 2
Event: 18.907 Thread 0x0000021efd9d8360 Uncommon trap: trap_request=0xffffff45 fr.pc=0x0000021ee96ee960 relative=0x00000000000000e0
Event: 18.907 Thread 0x0000021efd9d8360 Uncommon trap: reason=unstable_if action=reinterpret pc=0x0000021ee96ee960 method=com.sun.tools.javac.parser.UnicodeReader.nextUnicodeInputCharacter()V @ 28 c2
Event: 18.907 Thread 0x0000021efd9d8360 DEOPT PACKING pc=0x0000021ee96ee960 sp=0x000000a85e3f68f0
Event: 18.907 Thread 0x0000021efd9d8360 DEOPT UNPACKING pc=0x0000021ee8b169a3 sp=0x000000a85e3f6820 mode 2
Event: 18.909 Thread 0x0000021efd9d8360 Uncommon trap: trap_request=0xffffff45 fr.pc=0x0000021ee96eed6c relative=0x00000000000000ec
Event: 18.909 Thread 0x0000021efd9d8360 Uncommon trap: reason=unstable_if action=reinterpret pc=0x0000021ee96eed6c method=com.sun.tools.javac.parser.UnicodeReader.nextUnicodeInputCharacter()V @ 28 c2
Event: 18.909 Thread 0x0000021efd9d8360 DEOPT PACKING pc=0x0000021ee96eed6c sp=0x000000a85e3f69d0
Event: 18.909 Thread 0x0000021efd9d8360 DEOPT UNPACKING pc=0x0000021ee8b169a3 sp=0x000000a85e3f68a8 mode 2
Event: 18.909 Thread 0x0000021efd9d8360 Uncommon trap: trap_request=0xffffff45 fr.pc=0x0000021ee96ef1bc relative=0x00000000000000bc
Event: 18.909 Thread 0x0000021efd9d8360 Uncommon trap: reason=unstable_if action=reinterpret pc=0x0000021ee96ef1bc method=com.sun.tools.javac.parser.UnicodeReader.nextUnicodeInputCharacter()V @ 28 c2
Event: 18.909 Thread 0x0000021efd9d8360 DEOPT PACKING pc=0x0000021ee96ef1bc sp=0x000000a85e3f6830
Event: 18.909 Thread 0x0000021efd9d8360 DEOPT UNPACKING pc=0x0000021ee8b169a3 sp=0x000000a85e3f67d8 mode 2

Classes unloaded (4 events):
Event: 16.916 Thread 0x0000021ef8028610 Unloading class 0x0000000100c30400 'java/lang/invoke/LambdaForm$DMH+0x0000000100c30400'
Event: 16.916 Thread 0x0000021ef8028610 Unloading class 0x0000000100c24c00 'java/lang/invoke/LambdaForm$DMH+0x0000000100c24c00'
Event: 16.916 Thread 0x0000021ef8028610 Unloading class 0x0000000100c24800 'java/lang/invoke/LambdaForm$DMH+0x0000000100c24800'
Event: 16.916 Thread 0x0000021ef8028610 Unloading class 0x0000000100c24400 'java/lang/invoke/LambdaForm$DMH+0x0000000100c24400'

Classes redefined (0 events):
No events

Internal exceptions (20 events):
Event: 14.221 Thread 0x0000021efd9d44d0 Exception <a 'java/lang/NoSuchMethodError'{0x000000008bfe9d38}: 'java.lang.Object java.lang.invoke.DirectMethodHandle$Holder.invokeSpecialIFC(java.lang.Object, java.lang.Object, java.lang.Object)'> (0x000000008bfe9d38) 
thrown [s\src\hotspot\share\interpreter\linkResolver.cpp, line 771]
Event: 14.221 Thread 0x0000021efbfdc250 Exception <a 'java/lang/NoSuchMethodError'{0x000000008ba5b0f0}: 'java.lang.Object java.lang.invoke.DirectMethodHandle$Holder.invokeSpecialIFC(java.lang.Object, java.lang.Object, java.lang.Object)'> (0x000000008ba5b0f0) 
thrown [s\src\hotspot\share\interpreter\linkResolver.cpp, line 771]
Event: 14.221 Thread 0x0000021efbfdda60 Exception <a 'java/lang/NoSuchMethodError'{0x000000008ba7f7d8}: 'java.lang.Object java.lang.invoke.DirectMethodHandle$Holder.invokeSpecialIFC(java.lang.Object, java.lang.Object, java.lang.Object)'> (0x000000008ba7f7d8) 
thrown [s\src\hotspot\share\interpreter\linkResolver.cpp, line 771]
Event: 14.433 Thread 0x0000021efbfdda60 Exception <a 'java/lang/NoSuchMethodError'{0x000000008ae31eb8}: 'void java.lang.invoke.DirectMethodHandle$Holder.invokeVirtual(java.lang.Object, java.lang.Object)'> (0x000000008ae31eb8) 
thrown [s\src\hotspot\share\interpreter\linkResolver.cpp, line 771]
Event: 14.434 Thread 0x0000021efbfdc250 Exception <a 'java/lang/NoSuchMethodError'{0x000000008aec0f28}: 'void java.lang.invoke.DirectMethodHandle$Holder.invokeVirtual(java.lang.Object, java.lang.Object)'> (0x000000008aec0f28) 
thrown [s\src\hotspot\share\interpreter\linkResolver.cpp, line 771]
Event: 14.715 Thread 0x0000021efbfdc250 Implicit null exception at 0x0000021ee95fa460 to 0x0000021ee95fa4ec
Event: 14.759 Thread 0x0000021efc0284e0 Implicit null exception at 0x0000021ee9602e88 to 0x0000021ee9603014
Event: 15.412 Thread 0x0000021efd9d44d0 Exception <a 'java/lang/ClassNotFoundException'{0x000000008b496e48}: com/google/firebase/crashlytics/buildtools/mappingfiles/MappingFileIdReaderBeanInfo> (0x000000008b496e48) 
thrown [s\src\hotspot\share\classfile\systemDictionary.cpp, line 256]
Event: 15.413 Thread 0x0000021efd9d44d0 Exception <a 'java/lang/ClassNotFoundException'{0x000000008b4c6900}: com/google/firebase/crashlytics/buildtools/mappingfiles/MappingFileIdReaderCustomizer> (0x000000008b4c6900) 
thrown [s\src\hotspot\share\classfile\systemDictionary.cpp, line 256]
Event: 15.418 Thread 0x0000021efd9d44d0 Exception <a 'java/lang/ClassNotFoundException'{0x000000008b4ea5f8}: com/google/firebase/crashlytics/buildtools/mappingfiles/MappingFileIdReader$FileIdReaderBeanInfo> (0x000000008b4ea5f8) 
thrown [s\src\hotspot\share\classfile\systemDictionary.cpp, line 256]
Event: 15.418 Thread 0x0000021efd9d44d0 Exception <a 'java/lang/ClassNotFoundException'{0x000000008b4f0fd8}: com/google/firebase/crashlytics/buildtools/mappingfiles/MappingFileIdReader$FileIdReaderCustomizer> (0x000000008b4f0fd8) 
thrown [s\src\hotspot\share\classfile\systemDictionary.cpp, line 256]
Event: 16.596 Thread 0x0000021efd9d8360 Exception <a 'java/lang/NoSuchMethodError'{0x0000000089fa30d8}: static Lcom/android/build/gradle/internal/scope/InternalArtifactType;.<clinit>()V> (0x0000000089fa30d8) 
thrown [s\src\hotspot\share\prims\jni.cpp, line 1108]
Event: 16.596 Thread 0x0000021efd9d8360 Exception <a 'java/lang/NoSuchMethodError'{0x0000000089fa4ad8}: static Lcom/android/build/gradle/internal/scope/InternalArtifactType;.<clinit>()V> (0x0000000089fa4ad8) 
thrown [s\src\hotspot\share\prims\jni.cpp, line 1108]
Event: 16.596 Thread 0x0000021efd9d8360 Exception <a 'java/lang/NoSuchMethodError'{0x0000000089fa7f10}: static Lcom/android/build/api/artifact/Artifact$Single;.<clinit>()V> (0x0000000089fa7f10) 
thrown [s\src\hotspot\share\prims\jni.cpp, line 1108]
Event: 16.597 Thread 0x0000021efd9d8360 Exception <a 'java/lang/NoSuchMethodError'{0x0000000089faa730}: static Ljava/lang/Object;.<clinit>()V> (0x0000000089faa730) 
thrown [s\src\hotspot\share\prims\jni.cpp, line 1108]
Event: 16.598 Thread 0x0000021efd9d8360 Exception <a 'java/lang/NoSuchMethodError'{0x0000000089fc4308}: static Lcom/android/build/api/artifact/ArtifactKind;.<clinit>()V> (0x0000000089fc4308) 
thrown [s\src\hotspot\share\prims\jni.cpp, line 1108]
Event: 16.598 Thread 0x0000021efd9d8360 Exception <a 'java/lang/NoSuchMethodError'{0x0000000089fc5770}: static Lcom/android/build/api/artifact/ArtifactKind;.<clinit>()V> (0x0000000089fc5770) 
thrown [s\src\hotspot\share\prims\jni.cpp, line 1108]
Event: 17.274 Thread 0x0000021efd9d8360 Exception <a 'java/lang/NoSuchMethodError'{0x000000008a266060}: 'int java.lang.invoke.DirectMethodHandle$Holder.invokeSpecial(java.lang.Object, java.lang.Object, java.lang.Object, java.lang.Object, java.lang.Object)'> (0x000000008a266060) 
thrown [s\src\hotspot\share\interpreter\linkResolver.cpp, line 771]
Event: 17.319 Thread 0x0000021efd9d8360 Exception <a 'java/lang/NoSuchMethodError'{0x0000000089db02f0}: static Ljava/lang/Object;.<clinit>()V> (0x0000000089db02f0) 
thrown [s\src\hotspot\share\prims\jni.cpp, line 1108]
Event: 18.502 Thread 0x0000021efd9d8360 Exception <a 'java/lang/NoSuchMethodError'{0x000000008add8f60}: 'void java.lang.invoke.DirectMethodHandle$Holder.invokeVirtual(java.lang.Object, java.lang.Object, java.lang.Object, java.lang.Object)'> (0x000000008add8f60) 
thrown [s\src\hotspot\share\interpreter\linkResolver.cpp, line 771]

VM Operations (20 events):
Event: 17.232 Executing VM operation: ICBufferFull done
Event: 17.278 Executing VM operation: HandshakeAllThreads
Event: 17.278 Executing VM operation: HandshakeAllThreads done
Event: 17.428 Executing VM operation: G1CollectForAllocation
Event: 17.442 Executing VM operation: G1CollectForAllocation done
Event: 17.454 Executing VM operation: G1CollectForAllocation
Event: 17.464 Executing VM operation: G1CollectForAllocation done
Event: 17.532 Executing VM operation: HandshakeAllThreads
Event: 17.532 Executing VM operation: HandshakeAllThreads done
Event: 18.006 Executing VM operation: HandshakeAllThreads
Event: 18.006 Executing VM operation: HandshakeAllThreads done
Event: 18.351 Executing VM operation: HandshakeAllThreads
Event: 18.351 Executing VM operation: HandshakeAllThreads done
Event: 18.352 Executing VM operation: HandshakeAllThreads
Event: 18.353 Executing VM operation: HandshakeAllThreads done
Event: 18.395 Executing VM operation: ICBufferFull
Event: 18.395 Executing VM operation: ICBufferFull done
Event: 18.892 Executing VM operation: HandshakeAllThreads
Event: 18.892 Executing VM operation: HandshakeAllThreads done
Event: 19.010 Executing VM operation: G1CollectForAllocation

Events (20 events):
Event: 18.016 loading class java/util/JumboEnumSet$EnumSetIterator
Event: 18.016 loading class java/util/JumboEnumSet$EnumSetIterator done
Event: 18.021 loading class java/util/ResourceBundle$KeyElementReference
Event: 18.021 loading class java/util/ResourceBundle$CacheKeyReference
Event: 18.021 loading class java/util/ResourceBundle$CacheKeyReference done
Event: 18.021 loading class java/util/ResourceBundle$KeyElementReference done
Event: 18.021 loading class java/util/ResourceBundle$3
Event: 18.021 loading class java/util/ResourceBundle$3 done
Event: 18.029 loading class java/util/ResourceBundle$BundleReference
Event: 18.029 loading class java/util/ResourceBundle$BundleReference done
Event: 18.103 Thread 0x0000021efabeb050 Thread added: 0x0000021efabeb050
Event: 18.287 Thread 0x0000021efabeb050 Thread exited: 0x0000021efabeb050
Event: 18.342 loading class java/util/ServiceLoader$ProviderSpliterator
Event: 18.342 loading class java/util/ServiceLoader$ProviderSpliterator done
Event: 18.353 Thread 0x0000021ef80a1480 flushing nmethod 0x0000021ee9262510
Event: 18.356 Thread 0x0000021ef80a1480 flushing nmethod 0x0000021ee16d1e10
Event: 18.361 Thread 0x0000021ef80a1480 flushing nmethod 0x0000021ee1fb1e10
Event: 18.365 Thread 0x0000021ef80a1480 flushing nmethod 0x0000021ee26da790
Event: 18.366 Thread 0x0000021ef80a1480 flushing nmethod 0x0000021ee271dc90
Event: 18.819 Thread 0x0000021efabe78a0 Thread added: 0x0000021efabe78a0


Dynamic libraries:
0x00007ff76a440000 - 0x00007ff76a44a000 	C:\Program Files\Android\Android Studio2\jbr\bin\java.exe
0x00007ffb93730000 - 0x00007ffb93928000 	C:\WINDOWS\SYSTEM32\ntdll.dll
0x00007ffb92820000 - 0x00007ffb928dd000 	C:\WINDOWS\System32\KERNEL32.DLL
0x00007ffb91100000 - 0x00007ffb913f6000 	C:\WINDOWS\System32\KERNELBASE.dll
0x000000006fe50000 - 0x000000006feff000 	C:\ProgramData\Symantec\Symantec Endpoint Protection\14.3.5413.3000.105\Data\Sysfer\x64\sysfer.dll
0x00007ffb914a0000 - 0x00007ffb915a0000 	C:\WINDOWS\System32\ucrtbase.dll
0x00007ffb816c0000 - 0x00007ffb816db000 	C:\Program Files\Android\Android Studio2\jbr\bin\VCRUNTIME140.dll
0x00007ffb44b80000 - 0x00007ffb44b97000 	C:\Program Files\Android\Android Studio2\jbr\bin\jli.dll
0x00007ffb93430000 - 0x00007ffb935ce000 	C:\WINDOWS\System32\USER32.dll
0x00007ffb91750000 - 0x00007ffb91772000 	C:\WINDOWS\System32\win32u.dll
0x00007ffb844d0000 - 0x00007ffb8476a000 	C:\WINDOWS\WinSxS\amd64_microsoft.windows.common-controls_6595b64144ccf1df_6.0.19041.3636_none_60b6a03d71f818d5\COMCTL32.dll
0x00007ffb928e0000 - 0x00007ffb9297e000 	C:\WINDOWS\System32\msvcrt.dll
0x00007ffb91920000 - 0x00007ffb9194c000 	C:\WINDOWS\System32\GDI32.dll
0x00007ffb91630000 - 0x00007ffb9174a000 	C:\WINDOWS\System32\gdi32full.dll
0x00007ffb91400000 - 0x00007ffb9149d000 	C:\WINDOWS\System32\msvcp_win.dll
0x00007ffb91dc0000 - 0x00007ffb91df0000 	C:\WINDOWS\System32\IMM32.DLL
0x00007ffb8c040000 - 0x00007ffb8c04c000 	C:\Program Files\Android\Android Studio2\jbr\bin\vcruntime140_1.dll
0x00007ffb697b0000 - 0x00007ffb6983d000 	C:\Program Files\Android\Android Studio2\jbr\bin\msvcp140.dll
0x00007ffb09210000 - 0x00007ffb09e7e000 	C:\Program Files\Android\Android Studio2\jbr\bin\server\jvm.dll
0x00007ffb91780000 - 0x00007ffb91833000 	C:\WINDOWS\System32\ADVAPI32.dll
0x00007ffb92780000 - 0x00007ffb9281f000 	C:\WINDOWS\System32\sechost.dll
0x00007ffb92c70000 - 0x00007ffb92d96000 	C:\WINDOWS\System32\RPCRT4.dll
0x00007ffb910d0000 - 0x00007ffb910f7000 	C:\WINDOWS\System32\bcrypt.dll
0x00007ffb840f0000 - 0x00007ffb840f9000 	C:\WINDOWS\SYSTEM32\WSOCK32.dll
0x00007ffb92630000 - 0x00007ffb9269b000 	C:\WINDOWS\System32\WS2_32.dll
0x00007ffb82c30000 - 0x00007ffb82c57000 	C:\WINDOWS\SYSTEM32\WINMM.dll
0x00007ffb87bd0000 - 0x00007ffb87bda000 	C:\WINDOWS\SYSTEM32\VERSION.dll
0x00007ffb8f650000 - 0x00007ffb8f662000 	C:\WINDOWS\SYSTEM32\kernel.appcore.dll
0x00007ffb80f30000 - 0x00007ffb80f3a000 	C:\Program Files\Android\Android Studio2\jbr\bin\jimage.dll
0x00007ffb872b0000 - 0x00007ffb87494000 	C:\WINDOWS\SYSTEM32\DBGHELP.DLL
0x00007ffb87240000 - 0x00007ffb87274000 	C:\WINDOWS\SYSTEM32\dbgcore.DLL
0x00007ffb915a0000 - 0x00007ffb91622000 	C:\WINDOWS\System32\bcryptPrimitives.dll
0x00007ffb468e0000 - 0x00007ffb46905000 	C:\Program Files\Android\Android Studio2\jbr\bin\java.dll
0x00007ffb465f0000 - 0x00007ffb46608000 	C:\Program Files\Android\Android Studio2\jbr\bin\zip.dll
0x00007ffb91df0000 - 0x00007ffb92535000 	C:\WINDOWS\System32\SHELL32.dll
0x00007ffb8ed00000 - 0x00007ffb8f49b000 	C:\WINDOWS\SYSTEM32\windows.storage.dll
0x00007ffb92ed0000 - 0x00007ffb93224000 	C:\WINDOWS\System32\combase.dll
0x00007ffb90680000 - 0x00007ffb906ad000 	C:\WINDOWS\SYSTEM32\Wldp.dll
0x00007ffb92bc0000 - 0x00007ffb92c6d000 	C:\WINDOWS\System32\SHCORE.dll
0x00007ffb918c0000 - 0x00007ffb91915000 	C:\WINDOWS\System32\shlwapi.dll
0x00007ffb90d30000 - 0x00007ffb90d55000 	C:\WINDOWS\SYSTEM32\profapi.dll
0x00007ffb44c60000 - 0x00007ffb44c79000 	C:\Program Files\Android\Android Studio2\jbr\bin\net.dll
0x00007ffb88fb0000 - 0x00007ffb890ba000 	C:\WINDOWS\SYSTEM32\WINHTTP.dll
0x00007ffb90460000 - 0x00007ffb904ca000 	C:\WINDOWS\system32\mswsock.dll
0x00007ffb44c40000 - 0x00007ffb44c56000 	C:\Program Files\Android\Android Studio2\jbr\bin\nio.dll
0x00007ffb7efc0000 - 0x00007ffb7efd0000 	C:\Program Files\Android\Android Studio2\jbr\bin\verify.dll
0x00007ffb0a630000 - 0x00007ffb0a657000 	C:\Users\ADIT-PC\.gradle\native\68d5fa5c4cc2d200863cafc0d521ce42e7d3e7ee720ec0a83991735586a16f82\windows-amd64\native-platform.dll
0x00007ffb69450000 - 0x00007ffb69594000 	C:\Users\ADIT-PC\.gradle\native\e376f236ea51e6404a007f0833ffe2c6e607c4080706a723a18a27aeea778392\windows-amd64\native-platform-file-events.dll
0x00007ffb6ca40000 - 0x00007ffb6ca49000 	C:\Program Files\Android\Android Studio2\jbr\bin\management.dll
0x00007ffb6c3f0000 - 0x00007ffb6c3fb000 	C:\Program Files\Android\Android Studio2\jbr\bin\management_ext.dll
0x00007ffb93230000 - 0x00007ffb93238000 	C:\WINDOWS\System32\PSAPI.DLL
0x00007ffb906c0000 - 0x00007ffb906d8000 	C:\WINDOWS\SYSTEM32\CRYPTSP.dll
0x00007ffb8fdb0000 - 0x00007ffb8fde4000 	C:\WINDOWS\system32\rsaenh.dll
0x00007ffb90cf0000 - 0x00007ffb90d1e000 	C:\WINDOWS\SYSTEM32\USERENV.dll
0x00007ffb905f0000 - 0x00007ffb905fc000 	C:\WINDOWS\SYSTEM32\CRYPTBASE.dll
0x00007ffb90170000 - 0x00007ffb901ab000 	C:\WINDOWS\SYSTEM32\IPHLPAPI.DLL
0x00007ffb93420000 - 0x00007ffb93428000 	C:\WINDOWS\System32\NSI.dll
0x00007ffb8aa20000 - 0x00007ffb8aa37000 	C:\WINDOWS\SYSTEM32\dhcpcsvc6.DLL
0x00007ffb8aab0000 - 0x00007ffb8aacd000 	C:\WINDOWS\SYSTEM32\dhcpcsvc.DLL
0x00007ffb901c0000 - 0x00007ffb9028a000 	C:\WINDOWS\SYSTEM32\DNSAPI.dll
0x00007ffb72500000 - 0x00007ffb72507000 	C:\WINDOWS\system32\wshunix.dll

dbghelp: loaded successfully - version: 4.0.5 - missing functions: none
symbol engine: initialized successfully - sym options: 0x614 - pdb path: .;C:\Program Files\Android\Android Studio2\jbr\bin;C:\WINDOWS\SYSTEM32;C:\ProgramData\Symantec\Symantec Endpoint Protection\14.3.5413.3000.105\Data\Sysfer\x64;C:\WINDOWS\WinSxS\amd64_microsoft.windows.common-controls_6595b64144ccf1df_6.0.19041.3636_none_60b6a03d71f818d5;C:\Program Files\Android\Android Studio2\jbr\bin\server;C:\Users\ADIT-PC\.gradle\native\68d5fa5c4cc2d200863cafc0d521ce42e7d3e7ee720ec0a83991735586a16f82\windows-amd64;C:\Users\ADIT-PC\.gradle\native\e376f236ea51e6404a007f0833ffe2c6e607c4080706a723a18a27aeea778392\windows-amd64

VM Arguments:
jvm_args: --add-opens=java.base/java.util=ALL-UNNAMED --add-opens=java.base/java.lang=ALL-UNNAMED --add-opens=java.base/java.lang.invoke=ALL-UNNAMED --add-opens=java.prefs/java.util.prefs=ALL-UNNAMED --add-opens=java.base/java.nio.charset=ALL-UNNAMED --add-opens=java.base/java.net=ALL-UNNAMED --add-opens=java.base/java.util.concurrent.atomic=ALL-UNNAMED -Xmx2048m -Dfile.encoding=windows-1252 -Duser.country=ID -Duser.language=en -Duser.variant 
java_command: org.gradle.launcher.daemon.bootstrap.GradleDaemon 8.0
java_class_path (initial): C:\Users\ADIT-PC\.gradle\wrapper\dists\gradle-8.0-bin\ca5e32bp14vu59qr306oxotwh\gradle-8.0\lib\gradle-launcher-8.0.jar
Launcher Type: SUN_STANDARD

[Global flags]
     intx CICompilerCount                          = 3                                         {product} {ergonomic}
     uint ConcGCThreads                            = 1                                         {product} {ergonomic}
     uint G1ConcRefinementThreads                  = 4                                         {product} {ergonomic}
   size_t G1HeapRegionSize                         = 1048576                                   {product} {ergonomic}
    uintx GCDrainStackTargetSize                   = 64                                        {product} {ergonomic}
   size_t InitialHeapSize                          = 266338304                                 {product} {ergonomic}
   size_t MarkStackSize                            = 4194304                                   {product} {ergonomic}
   size_t MaxHeapSize                              = 2147483648                                {product} {command line}
   size_t MaxNewSize                               = 1287651328                                {product} {ergonomic}
   size_t MinHeapDeltaBytes                        = 1048576                                   {product} {ergonomic}
   size_t MinHeapSize                              = 8388608                                   {product} {ergonomic}
    uintx NonNMethodCodeHeapSize                   = 5832780                                {pd product} {ergonomic}
    uintx NonProfiledCodeHeapSize                  = 122912730                              {pd product} {ergonomic}
    uintx ProfiledCodeHeapSize                     = 122912730                              {pd product} {ergonomic}
    uintx ReservedCodeCacheSize                    = 251658240                              {pd product} {ergonomic}
     bool SegmentedCodeCache                       = true                                      {product} {ergonomic}
   size_t SoftMaxHeapSize                          = 2147483648                             {manageable} {ergonomic}
     bool UseCompressedClassPointers               = true                           {product lp64_product} {ergonomic}
     bool UseCompressedOops                        = true                           {product lp64_product} {ergonomic}
     bool UseG1GC                                  = true                                      {product} {ergonomic}
     bool UseLargePagesIndividualAllocation        = false                                  {pd product} {ergonomic}

Logging:
Log output configuration:
 #0: stdout all=warning uptime,level,tags
 #1: stderr all=off uptime,level,tags

Environment Variables:
JAVA_HOME=C:\Program Files\Java\jdk-15.0.2
CLASSPATH=.;
PATH=C:\Program Files\Common Files\Oracle\Java\javapath;C:\Python311\Scripts\;C:\Python311\;C:\Python310\Scripts\;C:\Python310\;C:\Python27\;C:\Python27\Scripts;C:\Program Files (x86)\Common Files\Oracle\Java\javapath;C:\Program Files\Docker\Docker\Resources\bin;C:\ProgramData\Oracle\Java\javapath;C:\Program Files (x86)\Intel\iCLS Client\;C:\Program Files\Intel\iCLS Client\;C:\WINDOWS\system32;C:\WINDOWS;C:\WINDOWS\System32\Wbem;C:\WINDOWS\System32\WindowsPowerShell\v1.0\;C:\Program Files (x86)\Intel\Intel(R) Management Engine Components\DAL;C:\Program Files\Intel\Intel(R) Management Engine Components\DAL;C:\Program Files (x86)\Intel\Intel(R) Management Engine Components\IPT;C:\Program Files\Intel\Intel(R) Management Engine Components\IPT;C:\Program Files\Java\jre1.8.0_162\bin;C:\Program Files (x86)\GtkSharp\2.12\bin;C:\Program Files\PuTTY\;C:\Program Files\Java\jdk1.8.0_162\bin;C:\PROGRA~2\Groovy\GROOVY~1.15\bin;C:\WINDOWS\System32\OpenSSH\;C:\xampp\php;C:\Program Files (x86)\Microsoft SQL Server\Client SDK\ODBC\130\Tools\Binn\;C:\Program Files (x86)\Microsoft SQL Server\140\Tools\Binn\;C:\Program Files (x86)\Microsoft SQL Server\140\DTS\Binn\;C:\Program Files (x86)\Microsoft SQL Server\140\Tools\Binn\ManagementStudio\;c:\Program Files (x86)\Microsoft SQL Server\110\Tools\Binn\;c:\Program Files\Microsoft SQL Server\110\Tools\Binn\;c:\Program Files\Microsoft SQL Server\110\DTS\Binn\;C:\composer;C:\Flutter\flutter\bin;C:\Bitnami\wampstack-5.6.39-0\php;C:\ProgramData\chocolatey\bin;C:\Program Files (x86)\Yarn\bin\;C:\Program Files\Java\jdk1.8.0_211\bin;C:\Program Files\OpenJDK\openjdk-8u312-b07\bin;C:\Program Files\nodejs\;C:\Program Files\Git\cmd;C:\Users\ADIT-PC\AppData\Local\Microsoft\WindowsApps;C:\Users\ADIT-PC\AppData\Local\Android\Sdk\platform-tools;C:\Users\ADIT-PC\AppData\Roaming\npm;C:\Users\ADIT-PC\AppData\Local\Programs\Microsoft VS Code\bin;C:\Users\ADIT-PC\AppData\Local\Android\Sdk;C:\src\flutter\bin;C:\Users\ADIT-PC\AppData\Local\GitHubDesktop\bin;C:\Users
USERNAME=ADIT-PC
OS=Windows_NT
PROCESSOR_IDENTIFIER=Intel64 Family 6 Model 94 Stepping 3, GenuineIntel
TMP=C:\Users\ADIT-PC\AppData\Local\Temp
TEMP=C:\Users\ADIT-PC\AppData\Local\Temp


JNI global refs:
JNI global refs: 26, weak refs: 12

JNI global refs memory usage: 843, weak refs: 841


---------------  S Y S T E M  ---------------

OS:
 Windows 10 , 64 bit Build 19041 (10.0.19041.3636)
OS uptime: 16 days 22:36 hours
Hyper-V role detected

CPU: total 4 (initial active 4) (4 cores per cpu, 1 threads per core) family 6 model 94 stepping 3 microcode 0xf2, cx8, cmov, fxsr, mmx, 3dnowpref, sse, sse2, sse3, ssse3, sse4.1, sse4.2, popcnt, lzcnt, tsc, tscinvbit, avx, avx2, aes, erms, clmul, bmi1, bmi2, rtm, adx, fma, vzeroupper, clflush, clflushopt, hv

Memory: 4k page, system-wide physical 16247M (864M free)
TotalPageFile size 25028M (AvailPageFile size 96M)
current process WorkingSet (physical memory assigned to process): 462M, peak: 463M
current process commit charge ("private bytes"): 542M, peak: 709M

vm_info: OpenJDK 64-Bit Server VM (17.0.6+0-b2043.56-10027231) for windows-amd64 JRE (17.0.6+0-b2043.56-10027231), built on Apr 28 2023 00:43:19 by "androidbuild" with MS VC++ 16.10 / 16.11 (VS2019)

END.
