#
# There is insufficient memory for the Java Runtime Environment to continue.
# Native memory allocation (malloc) failed to allocate 1125536 bytes for Chunk::new
# Possible reasons:
#   The system is out of physical RAM or swap space
#   The process is running with CompressedOops enabled, and the Java Heap may be blocking the growth of the native heap
# Possible solutions:
#   Reduce memory load on the system
#   Increase physical memory or swap space
#   Check if swap backing store is full
#   Decrease Java heap size (-Xmx/-Xms)
#   Decrease number of Java threads
#   Decrease Java thread stack sizes (-Xss)
#   Set larger code cache with -XX:ReservedCodeCacheSize=
#   JVM is running with Unscaled Compressed Oops mode in which the Java heap is
#     placed in the first 4GB address space. The Java Heap base address is the
#     maximum limit for the native heap growth. Please use -XX:HeapBaseMinAddress
#     to set the Java Heap base and to place the Java Heap above 4GB virtual address.
# This output file may be truncated or incomplete.
#
#  Out of Memory Error (./src/hotspot/share/memory/arena.cpp:197), pid=13792, tid=1900
#
# JRE version: OpenJDK Runtime Environment (11.0.12+7) (build 11.0.12+7-b1504.28-7817840)
# Java VM: OpenJDK 64-Bit Server VM (11.0.12+7-b1504.28-7817840, mixed mode, tiered, compressed oops, g1 gc, windows-amd64)
# No core dump will be written. Minidumps are not enabled by default on client versions of Windows
#

---------------  S U M M A R Y ------------

Command Line: --add-opens=java.base/java.util=ALL-UNNAMED --add-opens=java.base/java.lang=ALL-UNNAMED --add-opens=java.base/java.lang.invoke=ALL-UNNAMED --add-opens=java.base/java.util=ALL-UNNAMED --add-opens=java.prefs/java.util.prefs=ALL-UNNAMED --add-opens=java.prefs/java.util.prefs=ALL-UNNAMED --add-opens=java.base/java.nio.charset=ALL-UNNAMED --add-opens=java.base/java.net=ALL-UNNAMED --add-opens=java.base/java.util.concurrent.atomic=ALL-UNNAMED -Xmx2048m -Dfile.encoding=windows-1252 -Duser.country=ID -Duser.language=en -Duser.variant org.gradle.launcher.daemon.bootstrap.GradleDaemon 7.3.3

Host: Intel(R) Core(TM) i5-6500 CPU @ 3.20GHz, 4 cores, 15G,  Windows 10 , 64 bit Build 19041 (10.0.19041.3155)
Time: Tue Jul 18 15:47:36 2023 SE Asia Standard Time elapsed time: 3.666015 seconds (0d 0h 0m 3s)

---------------  T H R E A D  ---------------

Current thread (0x000001cb9f991000):  JavaThread "C2 CompilerThread1" daemon [_thread_in_native, id=1900, stack(0x00000012bcf00000,0x00000012bd000000)]


Current CompileTask:
C2:   3666 2176       4       java.net.URLClassLoader$1::run (5 bytes)

Stack: [0x00000012bcf00000,0x00000012bd000000]
Native frames: (J=compiled Java code, j=interpreted, Vv=VM code, C=native code)
V  [jvm.dll+0x5fbcea]
V  [jvm.dll+0x731905]
V  [jvm.dll+0x732f1d]
V  [jvm.dll+0x7335d3]
V  [jvm.dll+0x247bf8]
V  [jvm.dll+0xc018c]
V  [jvm.dll+0xc06cc]
V  [jvm.dll+0x2bcc04]
V  [jvm.dll+0x5113a8]
V  [jvm.dll+0x208303]
V  [jvm.dll+0x201fe0]
V  [jvm.dll+0x1ff71f]
V  [jvm.dll+0x18868c]
V  [jvm.dll+0x20e0d7]
V  [jvm.dll+0x20c901]
V  [jvm.dll+0x6f9b7f]
V  [jvm.dll+0x6f26a5]
V  [jvm.dll+0x5fabf6]
C  [ucrtbase.dll+0x21bb2]
C  [KERNEL32.DLL+0x17614]
C  [ntdll.dll+0x526b1]


---------------  P R O C E S S  ---------------

Threads class SMR info:
_java_thread_list=0x000001cb9fe8d5c0, length=27, elements={
0x000001cb8227a000, 0x000001cb9bebc800, 0x000001cb9c6ed800, 0x000001cb9c74d000,
0x000001cb9c74f000, 0x000001cb9c750800, 0x000001cb9c753800, 0x000001cb9c754800,
0x000001cb9c7b5000, 0x000001cb9c8cc800, 0x000001cb9e6e7800, 0x000001cb9e19e800,
0x000001cb9ef28800, 0x000001cb9f0cb000, 0x000001cb9f1c0000, 0x000001cb9f1f3800,
0x000001cb9e30c800, 0x000001cb9f794800, 0x000001cb9ea3a800, 0x000001cb9eb67800,
0x000001cb9eb68800, 0x000001cb9eb69800, 0x000001cb9eb63800, 0x000001cb9eb6a000,
0x000001cb9f991000, 0x000001cb9eb66000, 0x000001cb9eb64800
}

Java Threads: ( => current thread )
  0x000001cb8227a000 JavaThread "main" [_thread_blocked, id=5228, stack(0x00000012bad00000,0x00000012bae00000)]
  0x000001cb9bebc800 JavaThread "Reference Handler" daemon [_thread_blocked, id=21324, stack(0x00000012bb400000,0x00000012bb500000)]
  0x000001cb9c6ed800 JavaThread "Finalizer" daemon [_thread_blocked, id=9912, stack(0x00000012bb500000,0x00000012bb600000)]
  0x000001cb9c74d000 JavaThread "Signal Dispatcher" daemon [_thread_blocked, id=12792, stack(0x00000012bb600000,0x00000012bb700000)]
  0x000001cb9c74f000 JavaThread "Attach Listener" daemon [_thread_blocked, id=10392, stack(0x00000012bb700000,0x00000012bb800000)]
  0x000001cb9c750800 JavaThread "Service Thread" daemon [_thread_blocked, id=2784, stack(0x00000012bb800000,0x00000012bb900000)]
  0x000001cb9c753800 JavaThread "C2 CompilerThread0" daemon [_thread_blocked, id=17968, stack(0x00000012bb900000,0x00000012bba00000)]
  0x000001cb9c754800 JavaThread "C1 CompilerThread0" daemon [_thread_blocked, id=11052, stack(0x00000012bba00000,0x00000012bbb00000)]
  0x000001cb9c7b5000 JavaThread "Sweeper thread" daemon [_thread_blocked, id=20032, stack(0x00000012bbb00000,0x00000012bbc00000)]
  0x000001cb9c8cc800 JavaThread "Common-Cleaner" daemon [_thread_blocked, id=12664, stack(0x00000012bbc00000,0x00000012bbd00000)]
  0x000001cb9e6e7800 JavaThread "Daemon health stats" [_thread_blocked, id=17548, stack(0x00000012bc200000,0x00000012bc300000)]
  0x000001cb9e19e800 JavaThread "Incoming local TCP Connector on port 37957" [_thread_in_native, id=17840, stack(0x00000012bbe00000,0x00000012bbf00000)]
  0x000001cb9ef28800 JavaThread "Daemon periodic checks" [_thread_blocked, id=11060, stack(0x00000012bc300000,0x00000012bc400000)]
  0x000001cb9f0cb000 JavaThread "Daemon" [_thread_blocked, id=20432, stack(0x00000012bc400000,0x00000012bc500000)]
  0x000001cb9f1c0000 JavaThread "Handler for socket connection from /127.0.0.1:37957 to /127.0.0.1:37958" [_thread_in_native, id=16056, stack(0x00000012bc500000,0x00000012bc600000)]
  0x000001cb9f1f3800 JavaThread "Cancel handler" [_thread_blocked, id=11864, stack(0x00000012bc600000,0x00000012bc700000)]
  0x000001cb9e30c800 JavaThread "Daemon worker" [_thread_in_native, id=21116, stack(0x00000012bc700000,0x00000012bc800000)]
  0x000001cb9f794800 JavaThread "Asynchronous log dispatcher for DefaultDaemonConnection: socket connection from /127.0.0.1:37957 to /127.0.0.1:37958" [_thread_blocked, id=18084, stack(0x00000012bc800000,0x00000012bc900000)]
  0x000001cb9ea3a800 JavaThread "Stdin handler" [_thread_blocked, id=7752, stack(0x00000012bc900000,0x00000012bca00000)]
  0x000001cb9eb67800 JavaThread "Daemon client event forwarder" [_thread_blocked, id=12384, stack(0x00000012bca00000,0x00000012bcb00000)]
  0x000001cb9eb68800 JavaThread "Cache worker for journal cache (C:\Users\ADIT-PC\.gradle\caches\journal-1)" [_thread_blocked, id=13996, stack(0x00000012bcb00000,0x00000012bcc00000)]
  0x000001cb9eb69800 JavaThread "File lock request listener" [_thread_in_native, id=3716, stack(0x00000012bcc00000,0x00000012bcd00000)]
  0x000001cb9eb63800 JavaThread "Cache worker for file hash cache (C:\Users\ADIT-PC\.gradle\caches\7.3.3\fileHashes)" [_thread_blocked, id=5084, stack(0x00000012bcd00000,0x00000012bce00000)]
  0x000001cb9eb6a000 JavaThread "Cache worker for file hash cache (C:\Users\ADIT-PC\AndroidStudioProjects\HRISMobile-New\.gradle\7.3.3\fileHashes)" [_thread_blocked, id=16616, stack(0x00000012bce00000,0x00000012bcf00000)]
=>0x000001cb9f991000 JavaThread "C2 CompilerThread1" daemon [_thread_in_native, id=1900, stack(0x00000012bcf00000,0x00000012bd000000)]
  0x000001cb9eb66000 JavaThread "File watcher server" daemon [_thread_in_native, id=12136, stack(0x00000012bd000000,0x00000012bd100000)]
  0x000001cb9eb64800 JavaThread "File watcher consumer" daemon [_thread_blocked, id=14744, stack(0x00000012bd100000,0x00000012bd200000)]

Other Threads:
  0x000001cb9c6eb800 VMThread "VM Thread" [stack: 0x00000012bb300000,0x00000012bb400000] [id=18572]
  0x000001cb9c8da800 WatcherThread [stack: 0x00000012bbd00000,0x00000012bbe00000] [id=21056]
  0x000001cb82293000 GCTaskThread "GC Thread#0" [stack: 0x00000012bae00000,0x00000012baf00000] [id=16488]
  0x000001cb9d4da000 GCTaskThread "GC Thread#1" [stack: 0x00000012bbf00000,0x00000012bc000000] [id=17176]
  0x000001cb9cc98000 GCTaskThread "GC Thread#2" [stack: 0x00000012bc000000,0x00000012bc100000] [id=16376]
  0x000001cb9d09b000 GCTaskThread "GC Thread#3" [stack: 0x00000012bc100000,0x00000012bc200000] [id=10592]
  0x000001cb822c5000 ConcurrentGCThread "G1 Main Marker" [stack: 0x00000012baf00000,0x00000012bb000000] [id=16704]
  0x000001cb822c6800 ConcurrentGCThread "G1 Conc#0" [stack: 0x00000012bb000000,0x00000012bb100000] [id=18992]
  0x000001cb8234d800 ConcurrentGCThread "G1 Refine#0" [stack: 0x00000012bb100000,0x00000012bb200000] [id=3596]
  0x000001cb9bd32800 ConcurrentGCThread "G1 Young RemSet Sampling" [stack: 0x00000012bb200000,0x00000012bb300000] [id=15948]

Threads with active compile tasks:
C2 CompilerThread1   3696 2176       4       java.net.URLClassLoader$1::run (5 bytes)

VM state:not at safepoint (normal execution)

VM Mutex/Monitor currently owned by a thread: None

Heap address: 0x0000000080000000, size: 2048 MB, Compressed Oops mode: 32-bit
Narrow klass base: 0x0000000000000000, Narrow klass shift: 3
Compressed class space size: 1073741824 Address: 0x0000000100000000

Heap:
 garbage-first heap   total 260096K, used 69241K [0x0000000080000000, 0x0000000100000000)
  region size 1024K, 64 young (65536K), 12 survivors (12288K)
 Metaspace       used 26540K, capacity 27143K, committed 27264K, reserved 1077248K
  class space    used 3440K, capacity 3643K, committed 3712K, reserved 1048576K
Heap Regions: E=young(eden), S=young(survivor), O=old, HS=humongous(starts), HC=humongous(continues), CS=collection set, F=free, A=archive, TAMS=top-at-mark-start (previous, next)
|   0|0x0000000080000000, 0x0000000080000000, 0x0000000080100000|  0%| F|  |TAMS 0x0000000080000000, 0x0000000080000000| Untracked 
|   1|0x0000000080100000, 0x0000000080100000, 0x0000000080200000|  0%| F|  |TAMS 0x0000000080100000, 0x0000000080100000| Untracked 
|   2|0x0000000080200000, 0x0000000080200000, 0x0000000080300000|  0%| F|  |TAMS 0x0000000080200000, 0x0000000080200000| Untracked 
|   3|0x0000000080300000, 0x0000000080400000, 0x0000000080400000|100%|HS|  |TAMS 0x0000000080400000, 0x0000000080300000| Complete 
|   4|0x0000000080400000, 0x0000000080500000, 0x0000000080500000|100%|HC|  |TAMS 0x0000000080500000, 0x0000000080400000| Complete 
|   5|0x0000000080500000, 0x0000000080600000, 0x0000000080600000|100%|HC|  |TAMS 0x0000000080600000, 0x0000000080500000| Complete 
|   6|0x0000000080600000, 0x0000000080700000, 0x0000000080700000|100%| O|  |TAMS 0x0000000080700000, 0x0000000080600000| Untracked 
|   7|0x0000000080700000, 0x0000000080800000, 0x0000000080800000|100%| O|  |TAMS 0x0000000080800000, 0x0000000080700000| Untracked 
|   8|0x0000000080800000, 0x0000000080872c00, 0x0000000080900000| 44%| O|  |TAMS 0x0000000080872c00, 0x0000000080800000| Untracked 
|   9|0x0000000080900000, 0x0000000080900000, 0x0000000080a00000|  0%| F|  |TAMS 0x0000000080900000, 0x0000000080900000| Untracked 
|  10|0x0000000080a00000, 0x0000000080a00000, 0x0000000080b00000|  0%| F|  |TAMS 0x0000000080a00000, 0x0000000080a00000| Untracked 
|  11|0x0000000080b00000, 0x0000000080b00000, 0x0000000080c00000|  0%| F|  |TAMS 0x0000000080b00000, 0x0000000080b00000| Untracked 
|  12|0x0000000080c00000, 0x0000000080c00000, 0x0000000080d00000|  0%| F|  |TAMS 0x0000000080c00000, 0x0000000080c00000| Untracked 
|  13|0x0000000080d00000, 0x0000000080d00000, 0x0000000080e00000|  0%| F|  |TAMS 0x0000000080d00000, 0x0000000080d00000| Untracked 
|  14|0x0000000080e00000, 0x0000000080e00000, 0x0000000080f00000|  0%| F|  |TAMS 0x0000000080e00000, 0x0000000080e00000| Untracked 
|  15|0x0000000080f00000, 0x0000000080f00000, 0x0000000081000000|  0%| F|  |TAMS 0x0000000080f00000, 0x0000000080f00000| Untracked 
|  16|0x0000000081000000, 0x0000000081000000, 0x0000000081100000|  0%| F|  |TAMS 0x0000000081000000, 0x0000000081000000| Untracked 
|  17|0x0000000081100000, 0x0000000081100000, 0x0000000081200000|  0%| F|  |TAMS 0x0000000081100000, 0x0000000081100000| Untracked 
|  18|0x0000000081200000, 0x0000000081200000, 0x0000000081300000|  0%| F|  |TAMS 0x0000000081200000, 0x0000000081200000| Untracked 
|  19|0x0000000081300000, 0x0000000081300000, 0x0000000081400000|  0%| F|  |TAMS 0x0000000081300000, 0x0000000081300000| Untracked 
|  20|0x0000000081400000, 0x0000000081400000, 0x0000000081500000|  0%| F|  |TAMS 0x0000000081400000, 0x0000000081400000| Untracked 
|  21|0x0000000081500000, 0x0000000081500000, 0x0000000081600000|  0%| F|  |TAMS 0x0000000081500000, 0x0000000081500000| Untracked 
|  22|0x0000000081600000, 0x0000000081600000, 0x0000000081700000|  0%| F|  |TAMS 0x0000000081600000, 0x0000000081600000| Untracked 
|  23|0x0000000081700000, 0x0000000081700000, 0x0000000081800000|  0%| F|  |TAMS 0x0000000081700000, 0x0000000081700000| Untracked 
|  24|0x0000000081800000, 0x0000000081800000, 0x0000000081900000|  0%| F|  |TAMS 0x0000000081800000, 0x0000000081800000| Untracked 
|  25|0x0000000081900000, 0x0000000081900000, 0x0000000081a00000|  0%| F|  |TAMS 0x0000000081900000, 0x0000000081900000| Untracked 
|  26|0x0000000081a00000, 0x0000000081a00000, 0x0000000081b00000|  0%| F|  |TAMS 0x0000000081a00000, 0x0000000081a00000| Untracked 
|  27|0x0000000081b00000, 0x0000000081b00000, 0x0000000081c00000|  0%| F|  |TAMS 0x0000000081b00000, 0x0000000081b00000| Untracked 
|  28|0x0000000081c00000, 0x0000000081c00000, 0x0000000081d00000|  0%| F|  |TAMS 0x0000000081c00000, 0x0000000081c00000| Untracked 
|  29|0x0000000081d00000, 0x0000000081d00000, 0x0000000081e00000|  0%| F|  |TAMS 0x0000000081d00000, 0x0000000081d00000| Untracked 
|  30|0x0000000081e00000, 0x0000000081e00000, 0x0000000081f00000|  0%| F|  |TAMS 0x0000000081e00000, 0x0000000081e00000| Untracked 
|  31|0x0000000081f00000, 0x0000000081f00000, 0x0000000082000000|  0%| F|  |TAMS 0x0000000081f00000, 0x0000000081f00000| Untracked 
|  32|0x0000000082000000, 0x0000000082000000, 0x0000000082100000|  0%| F|  |TAMS 0x0000000082000000, 0x0000000082000000| Untracked 
|  33|0x0000000082100000, 0x0000000082100000, 0x0000000082200000|  0%| F|  |TAMS 0x0000000082100000, 0x0000000082100000| Untracked 
|  34|0x0000000082200000, 0x0000000082200000, 0x0000000082300000|  0%| F|  |TAMS 0x0000000082200000, 0x0000000082200000| Untracked 
|  35|0x0000000082300000, 0x0000000082300000, 0x0000000082400000|  0%| F|  |TAMS 0x0000000082300000, 0x0000000082300000| Untracked 
|  36|0x0000000082400000, 0x0000000082400000, 0x0000000082500000|  0%| F|  |TAMS 0x0000000082400000, 0x0000000082400000| Untracked 
|  37|0x0000000082500000, 0x0000000082500000, 0x0000000082600000|  0%| F|  |TAMS 0x0000000082500000, 0x0000000082500000| Untracked 
|  38|0x0000000082600000, 0x0000000082600000, 0x0000000082700000|  0%| F|  |TAMS 0x0000000082600000, 0x0000000082600000| Untracked 
|  39|0x0000000082700000, 0x0000000082700000, 0x0000000082800000|  0%| F|  |TAMS 0x0000000082700000, 0x0000000082700000| Untracked 
|  40|0x0000000082800000, 0x0000000082800000, 0x0000000082900000|  0%| F|  |TAMS 0x0000000082800000, 0x0000000082800000| Untracked 
|  41|0x0000000082900000, 0x0000000082900000, 0x0000000082a00000|  0%| F|  |TAMS 0x0000000082900000, 0x0000000082900000| Untracked 
|  42|0x0000000082a00000, 0x0000000082a00000, 0x0000000082b00000|  0%| F|  |TAMS 0x0000000082a00000, 0x0000000082a00000| Untracked 
|  43|0x0000000082b00000, 0x0000000082b00000, 0x0000000082c00000|  0%| F|  |TAMS 0x0000000082b00000, 0x0000000082b00000| Untracked 
|  44|0x0000000082c00000, 0x0000000082c00000, 0x0000000082d00000|  0%| F|  |TAMS 0x0000000082c00000, 0x0000000082c00000| Untracked 
|  45|0x0000000082d00000, 0x0000000082d00000, 0x0000000082e00000|  0%| F|  |TAMS 0x0000000082d00000, 0x0000000082d00000| Untracked 
|  46|0x0000000082e00000, 0x0000000082e00000, 0x0000000082f00000|  0%| F|  |TAMS 0x0000000082e00000, 0x0000000082e00000| Untracked 
|  47|0x0000000082f00000, 0x0000000082f00000, 0x0000000083000000|  0%| F|  |TAMS 0x0000000082f00000, 0x0000000082f00000| Untracked 
|  48|0x0000000083000000, 0x0000000083000000, 0x0000000083100000|  0%| F|  |TAMS 0x0000000083000000, 0x0000000083000000| Untracked 
|  49|0x0000000083100000, 0x0000000083100000, 0x0000000083200000|  0%| F|  |TAMS 0x0000000083100000, 0x0000000083100000| Untracked 
|  50|0x0000000083200000, 0x0000000083200000, 0x0000000083300000|  0%| F|  |TAMS 0x0000000083200000, 0x0000000083200000| Untracked 
|  51|0x0000000083300000, 0x0000000083300000, 0x0000000083400000|  0%| F|  |TAMS 0x0000000083300000, 0x0000000083300000| Untracked 
|  52|0x0000000083400000, 0x0000000083400000, 0x0000000083500000|  0%| F|  |TAMS 0x0000000083400000, 0x0000000083400000| Untracked 
|  53|0x0000000083500000, 0x0000000083500000, 0x0000000083600000|  0%| F|  |TAMS 0x0000000083500000, 0x0000000083500000| Untracked 
|  54|0x0000000083600000, 0x0000000083600000, 0x0000000083700000|  0%| F|  |TAMS 0x0000000083600000, 0x0000000083600000| Untracked 
|  55|0x0000000083700000, 0x0000000083700000, 0x0000000083800000|  0%| F|  |TAMS 0x0000000083700000, 0x0000000083700000| Untracked 
|  56|0x0000000083800000, 0x0000000083800000, 0x0000000083900000|  0%| F|  |TAMS 0x0000000083800000, 0x0000000083800000| Untracked 
|  57|0x0000000083900000, 0x0000000083900000, 0x0000000083a00000|  0%| F|  |TAMS 0x0000000083900000, 0x0000000083900000| Untracked 
|  58|0x0000000083a00000, 0x0000000083a00000, 0x0000000083b00000|  0%| F|  |TAMS 0x0000000083a00000, 0x0000000083a00000| Untracked 
|  59|0x0000000083b00000, 0x0000000083b00000, 0x0000000083c00000|  0%| F|  |TAMS 0x0000000083b00000, 0x0000000083b00000| Untracked 
|  60|0x0000000083c00000, 0x0000000083c00000, 0x0000000083d00000|  0%| F|  |TAMS 0x0000000083c00000, 0x0000000083c00000| Untracked 
|  61|0x0000000083d00000, 0x0000000083d00000, 0x0000000083e00000|  0%| F|  |TAMS 0x0000000083d00000, 0x0000000083d00000| Untracked 
|  62|0x0000000083e00000, 0x0000000083e00000, 0x0000000083f00000|  0%| F|  |TAMS 0x0000000083e00000, 0x0000000083e00000| Untracked 
|  63|0x0000000083f00000, 0x0000000083f00000, 0x0000000084000000|  0%| F|  |TAMS 0x0000000083f00000, 0x0000000083f00000| Untracked 
|  64|0x0000000084000000, 0x0000000084000000, 0x0000000084100000|  0%| F|  |TAMS 0x0000000084000000, 0x0000000084000000| Untracked 
|  65|0x0000000084100000, 0x0000000084100000, 0x0000000084200000|  0%| F|  |TAMS 0x0000000084100000, 0x0000000084100000| Untracked 
|  66|0x0000000084200000, 0x0000000084200000, 0x0000000084300000|  0%| F|  |TAMS 0x0000000084200000, 0x0000000084200000| Untracked 
|  67|0x0000000084300000, 0x0000000084300000, 0x0000000084400000|  0%| F|  |TAMS 0x0000000084300000, 0x0000000084300000| Untracked 
|  68|0x0000000084400000, 0x0000000084400000, 0x0000000084500000|  0%| F|  |TAMS 0x0000000084400000, 0x0000000084400000| Untracked 
|  69|0x0000000084500000, 0x0000000084500000, 0x0000000084600000|  0%| F|  |TAMS 0x0000000084500000, 0x0000000084500000| Untracked 
|  70|0x0000000084600000, 0x0000000084600000, 0x0000000084700000|  0%| F|  |TAMS 0x0000000084600000, 0x0000000084600000| Untracked 
|  71|0x0000000084700000, 0x0000000084700000, 0x0000000084800000|  0%| F|  |TAMS 0x0000000084700000, 0x0000000084700000| Untracked 
|  72|0x0000000084800000, 0x0000000084800000, 0x0000000084900000|  0%| F|  |TAMS 0x0000000084800000, 0x0000000084800000| Untracked 
|  73|0x0000000084900000, 0x0000000084900000, 0x0000000084a00000|  0%| F|  |TAMS 0x0000000084900000, 0x0000000084900000| Untracked 
|  74|0x0000000084a00000, 0x0000000084a00000, 0x0000000084b00000|  0%| F|  |TAMS 0x0000000084a00000, 0x0000000084a00000| Untracked 
|  75|0x0000000084b00000, 0x0000000084b00000, 0x0000000084c00000|  0%| F|  |TAMS 0x0000000084b00000, 0x0000000084b00000| Untracked 
|  76|0x0000000084c00000, 0x0000000084c00000, 0x0000000084d00000|  0%| F|  |TAMS 0x0000000084c00000, 0x0000000084c00000| Untracked 
|  77|0x0000000084d00000, 0x0000000084d00000, 0x0000000084e00000|  0%| F|  |TAMS 0x0000000084d00000, 0x0000000084d00000| Untracked 
|  78|0x0000000084e00000, 0x0000000084e00000, 0x0000000084f00000|  0%| F|  |TAMS 0x0000000084e00000, 0x0000000084e00000| Untracked 
|  79|0x0000000084f00000, 0x0000000084f00000, 0x0000000085000000|  0%| F|  |TAMS 0x0000000084f00000, 0x0000000084f00000| Untracked 
|  80|0x0000000085000000, 0x0000000085000000, 0x0000000085100000|  0%| F|  |TAMS 0x0000000085000000, 0x0000000085000000| Untracked 
|  81|0x0000000085100000, 0x0000000085100000, 0x0000000085200000|  0%| F|  |TAMS 0x0000000085100000, 0x0000000085100000| Untracked 
|  82|0x0000000085200000, 0x0000000085200000, 0x0000000085300000|  0%| F|  |TAMS 0x0000000085200000, 0x0000000085200000| Untracked 
|  83|0x0000000085300000, 0x0000000085300000, 0x0000000085400000|  0%| F|  |TAMS 0x0000000085300000, 0x0000000085300000| Untracked 
|  84|0x0000000085400000, 0x0000000085400000, 0x0000000085500000|  0%| F|  |TAMS 0x0000000085400000, 0x0000000085400000| Untracked 
|  85|0x0000000085500000, 0x0000000085500000, 0x0000000085600000|  0%| F|  |TAMS 0x0000000085500000, 0x0000000085500000| Untracked 
|  86|0x0000000085600000, 0x0000000085600000, 0x0000000085700000|  0%| F|  |TAMS 0x0000000085600000, 0x0000000085600000| Untracked 
|  87|0x0000000085700000, 0x0000000085700000, 0x0000000085800000|  0%| F|  |TAMS 0x0000000085700000, 0x0000000085700000| Untracked 
|  88|0x0000000085800000, 0x0000000085800000, 0x0000000085900000|  0%| F|  |TAMS 0x0000000085800000, 0x0000000085800000| Untracked 
|  89|0x0000000085900000, 0x0000000085900000, 0x0000000085a00000|  0%| F|  |TAMS 0x0000000085900000, 0x0000000085900000| Untracked 
|  90|0x0000000085a00000, 0x0000000085a00000, 0x0000000085b00000|  0%| F|  |TAMS 0x0000000085a00000, 0x0000000085a00000| Untracked 
|  91|0x0000000085b00000, 0x0000000085b00000, 0x0000000085c00000|  0%| F|  |TAMS 0x0000000085b00000, 0x0000000085b00000| Untracked 
|  92|0x0000000085c00000, 0x0000000085c00000, 0x0000000085d00000|  0%| F|  |TAMS 0x0000000085c00000, 0x0000000085c00000| Untracked 
|  93|0x0000000085d00000, 0x0000000085d00000, 0x0000000085e00000|  0%| F|  |TAMS 0x0000000085d00000, 0x0000000085d00000| Untracked 
|  94|0x0000000085e00000, 0x0000000085e00000, 0x0000000085f00000|  0%| F|  |TAMS 0x0000000085e00000, 0x0000000085e00000| Untracked 
|  95|0x0000000085f00000, 0x0000000085f00000, 0x0000000086000000|  0%| F|  |TAMS 0x0000000085f00000, 0x0000000085f00000| Untracked 
|  96|0x0000000086000000, 0x0000000086000000, 0x0000000086100000|  0%| F|  |TAMS 0x0000000086000000, 0x0000000086000000| Untracked 
|  97|0x0000000086100000, 0x0000000086100000, 0x0000000086200000|  0%| F|  |TAMS 0x0000000086100000, 0x0000000086100000| Untracked 
|  98|0x0000000086200000, 0x0000000086200000, 0x0000000086300000|  0%| F|  |TAMS 0x0000000086200000, 0x0000000086200000| Untracked 
|  99|0x0000000086300000, 0x0000000086300000, 0x0000000086400000|  0%| F|  |TAMS 0x0000000086300000, 0x0000000086300000| Untracked 
| 100|0x0000000086400000, 0x0000000086400000, 0x0000000086500000|  0%| F|  |TAMS 0x0000000086400000, 0x0000000086400000| Untracked 
| 101|0x0000000086500000, 0x0000000086500000, 0x0000000086600000|  0%| F|  |TAMS 0x0000000086500000, 0x0000000086500000| Untracked 
| 102|0x0000000086600000, 0x0000000086600000, 0x0000000086700000|  0%| F|  |TAMS 0x0000000086600000, 0x0000000086600000| Untracked 
| 103|0x0000000086700000, 0x0000000086700000, 0x0000000086800000|  0%| F|  |TAMS 0x0000000086700000, 0x0000000086700000| Untracked 
| 104|0x0000000086800000, 0x0000000086800000, 0x0000000086900000|  0%| F|  |TAMS 0x0000000086800000, 0x0000000086800000| Untracked 
| 105|0x0000000086900000, 0x0000000086900000, 0x0000000086a00000|  0%| F|  |TAMS 0x0000000086900000, 0x0000000086900000| Untracked 
| 106|0x0000000086a00000, 0x0000000086a00000, 0x0000000086b00000|  0%| F|  |TAMS 0x0000000086a00000, 0x0000000086a00000| Untracked 
| 107|0x0000000086b00000, 0x0000000086b00000, 0x0000000086c00000|  0%| F|  |TAMS 0x0000000086b00000, 0x0000000086b00000| Untracked 
| 108|0x0000000086c00000, 0x0000000086c00000, 0x0000000086d00000|  0%| F|  |TAMS 0x0000000086c00000, 0x0000000086c00000| Untracked 
| 109|0x0000000086d00000, 0x0000000086d00000, 0x0000000086e00000|  0%| F|  |TAMS 0x0000000086d00000, 0x0000000086d00000| Untracked 
| 110|0x0000000086e00000, 0x0000000086e00000, 0x0000000086f00000|  0%| F|  |TAMS 0x0000000086e00000, 0x0000000086e00000| Untracked 
| 111|0x0000000086f00000, 0x0000000086f00000, 0x0000000087000000|  0%| F|  |TAMS 0x0000000086f00000, 0x0000000086f00000| Untracked 
| 112|0x0000000087000000, 0x0000000087000000, 0x0000000087100000|  0%| F|  |TAMS 0x0000000087000000, 0x0000000087000000| Untracked 
| 113|0x0000000087100000, 0x0000000087100000, 0x0000000087200000|  0%| F|  |TAMS 0x0000000087100000, 0x0000000087100000| Untracked 
| 114|0x0000000087200000, 0x0000000087200000, 0x0000000087300000|  0%| F|  |TAMS 0x0000000087200000, 0x0000000087200000| Untracked 
| 115|0x0000000087300000, 0x0000000087300000, 0x0000000087400000|  0%| F|  |TAMS 0x0000000087300000, 0x0000000087300000| Untracked 
| 116|0x0000000087400000, 0x0000000087400000, 0x0000000087500000|  0%| F|  |TAMS 0x0000000087400000, 0x0000000087400000| Untracked 
| 117|0x0000000087500000, 0x0000000087500000, 0x0000000087600000|  0%| F|  |TAMS 0x0000000087500000, 0x0000000087500000| Untracked 
| 118|0x0000000087600000, 0x0000000087600000, 0x0000000087700000|  0%| F|  |TAMS 0x0000000087600000, 0x0000000087600000| Untracked 
| 119|0x0000000087700000, 0x0000000087700000, 0x0000000087800000|  0%| F|  |TAMS 0x0000000087700000, 0x0000000087700000| Untracked 
| 120|0x0000000087800000, 0x0000000087800000, 0x0000000087900000|  0%| F|  |TAMS 0x0000000087800000, 0x0000000087800000| Untracked 
| 121|0x0000000087900000, 0x0000000087900000, 0x0000000087a00000|  0%| F|  |TAMS 0x0000000087900000, 0x0000000087900000| Untracked 
| 122|0x0000000087a00000, 0x0000000087a00000, 0x0000000087b00000|  0%| F|  |TAMS 0x0000000087a00000, 0x0000000087a00000| Untracked 
| 123|0x0000000087b00000, 0x0000000087b00000, 0x0000000087c00000|  0%| F|  |TAMS 0x0000000087b00000, 0x0000000087b00000| Untracked 
| 124|0x0000000087c00000, 0x0000000087c00000, 0x0000000087d00000|  0%| F|  |TAMS 0x0000000087c00000, 0x0000000087c00000| Untracked 
| 125|0x0000000087d00000, 0x0000000087d00000, 0x0000000087e00000|  0%| F|  |TAMS 0x0000000087d00000, 0x0000000087d00000| Untracked 
| 126|0x0000000087e00000, 0x0000000087e00000, 0x0000000087f00000|  0%| F|  |TAMS 0x0000000087e00000, 0x0000000087e00000| Untracked 
| 127|0x0000000087f00000, 0x0000000087f00000, 0x0000000088000000|  0%| F|  |TAMS 0x0000000087f00000, 0x0000000087f00000| Untracked 
| 128|0x0000000088000000, 0x0000000088000000, 0x0000000088100000|  0%| F|  |TAMS 0x0000000088000000, 0x0000000088000000| Untracked 
| 129|0x0000000088100000, 0x0000000088100000, 0x0000000088200000|  0%| F|  |TAMS 0x0000000088100000, 0x0000000088100000| Untracked 
| 130|0x0000000088200000, 0x0000000088200000, 0x0000000088300000|  0%| F|  |TAMS 0x0000000088200000, 0x0000000088200000| Untracked 
| 131|0x0000000088300000, 0x000000008832b880, 0x0000000088400000| 17%| S|CS|TAMS 0x0000000088300000, 0x0000000088300000| Complete 
| 132|0x0000000088400000, 0x0000000088500000, 0x0000000088500000|100%| S|CS|TAMS 0x0000000088400000, 0x0000000088400000| Complete 
| 133|0x0000000088500000, 0x0000000088600000, 0x0000000088600000|100%| S|CS|TAMS 0x0000000088500000, 0x0000000088500000| Complete 
| 134|0x0000000088600000, 0x0000000088700000, 0x0000000088700000|100%| S|CS|TAMS 0x0000000088600000, 0x0000000088600000| Complete 
| 135|0x0000000088700000, 0x0000000088800000, 0x0000000088800000|100%| S|CS|TAMS 0x0000000088700000, 0x0000000088700000| Complete 
| 136|0x0000000088800000, 0x0000000088900000, 0x0000000088900000|100%| S|CS|TAMS 0x0000000088800000, 0x0000000088800000| Complete 
| 137|0x0000000088900000, 0x0000000088a00000, 0x0000000088a00000|100%| S|CS|TAMS 0x0000000088900000, 0x0000000088900000| Complete 
| 138|0x0000000088a00000, 0x0000000088b00000, 0x0000000088b00000|100%| S|CS|TAMS 0x0000000088a00000, 0x0000000088a00000| Complete 
| 139|0x0000000088b00000, 0x0000000088c00000, 0x0000000088c00000|100%| S|CS|TAMS 0x0000000088b00000, 0x0000000088b00000| Complete 
| 140|0x0000000088c00000, 0x0000000088d00000, 0x0000000088d00000|100%| S|CS|TAMS 0x0000000088c00000, 0x0000000088c00000| Complete 
| 141|0x0000000088d00000, 0x0000000088e00000, 0x0000000088e00000|100%| S|CS|TAMS 0x0000000088d00000, 0x0000000088d00000| Complete 
| 142|0x0000000088e00000, 0x0000000088f00000, 0x0000000088f00000|100%| S|CS|TAMS 0x0000000088e00000, 0x0000000088e00000| Complete 
| 143|0x0000000088f00000, 0x0000000088f00000, 0x0000000089000000|  0%| F|  |TAMS 0x0000000088f00000, 0x0000000088f00000| Untracked 
| 144|0x0000000089000000, 0x0000000089000000, 0x0000000089100000|  0%| F|  |TAMS 0x0000000089000000, 0x0000000089000000| Untracked 
| 145|0x0000000089100000, 0x0000000089100000, 0x0000000089200000|  0%| F|  |TAMS 0x0000000089100000, 0x0000000089100000| Untracked 
| 146|0x0000000089200000, 0x0000000089200000, 0x0000000089300000|  0%| F|  |TAMS 0x0000000089200000, 0x0000000089200000| Untracked 
| 147|0x0000000089300000, 0x0000000089300000, 0x0000000089400000|  0%| F|  |TAMS 0x0000000089300000, 0x0000000089300000| Untracked 
| 148|0x0000000089400000, 0x0000000089400000, 0x0000000089500000|  0%| F|  |TAMS 0x0000000089400000, 0x0000000089400000| Untracked 
| 149|0x0000000089500000, 0x0000000089500000, 0x0000000089600000|  0%| F|  |TAMS 0x0000000089500000, 0x0000000089500000| Untracked 
| 150|0x0000000089600000, 0x0000000089600000, 0x0000000089700000|  0%| F|  |TAMS 0x0000000089600000, 0x0000000089600000| Untracked 
| 151|0x0000000089700000, 0x0000000089700000, 0x0000000089800000|  0%| F|  |TAMS 0x0000000089700000, 0x0000000089700000| Untracked 
| 152|0x0000000089800000, 0x0000000089800000, 0x0000000089900000|  0%| F|  |TAMS 0x0000000089800000, 0x0000000089800000| Untracked 
| 153|0x0000000089900000, 0x0000000089900000, 0x0000000089a00000|  0%| F|  |TAMS 0x0000000089900000, 0x0000000089900000| Untracked 
| 154|0x0000000089a00000, 0x0000000089a00000, 0x0000000089b00000|  0%| F|  |TAMS 0x0000000089a00000, 0x0000000089a00000| Untracked 
| 155|0x0000000089b00000, 0x0000000089b00000, 0x0000000089c00000|  0%| F|  |TAMS 0x0000000089b00000, 0x0000000089b00000| Untracked 
| 156|0x0000000089c00000, 0x0000000089c00000, 0x0000000089d00000|  0%| F|  |TAMS 0x0000000089c00000, 0x0000000089c00000| Untracked 
| 157|0x0000000089d00000, 0x0000000089d00000, 0x0000000089e00000|  0%| F|  |TAMS 0x0000000089d00000, 0x0000000089d00000| Untracked 
| 158|0x0000000089e00000, 0x0000000089e00000, 0x0000000089f00000|  0%| F|  |TAMS 0x0000000089e00000, 0x0000000089e00000| Untracked 
| 159|0x0000000089f00000, 0x0000000089f00000, 0x000000008a000000|  0%| F|  |TAMS 0x0000000089f00000, 0x0000000089f00000| Untracked 
| 160|0x000000008a000000, 0x000000008a000000, 0x000000008a100000|  0%| F|  |TAMS 0x000000008a000000, 0x000000008a000000| Untracked 
| 161|0x000000008a100000, 0x000000008a100000, 0x000000008a200000|  0%| F|  |TAMS 0x000000008a100000, 0x000000008a100000| Untracked 
| 162|0x000000008a200000, 0x000000008a200000, 0x000000008a300000|  0%| F|  |TAMS 0x000000008a200000, 0x000000008a200000| Untracked 
| 163|0x000000008a300000, 0x000000008a300000, 0x000000008a400000|  0%| F|  |TAMS 0x000000008a300000, 0x000000008a300000| Untracked 
| 164|0x000000008a400000, 0x000000008a400000, 0x000000008a500000|  0%| F|  |TAMS 0x000000008a400000, 0x000000008a400000| Untracked 
| 165|0x000000008a500000, 0x000000008a500000, 0x000000008a600000|  0%| F|  |TAMS 0x000000008a500000, 0x000000008a500000| Untracked 
| 166|0x000000008a600000, 0x000000008a600000, 0x000000008a700000|  0%| F|  |TAMS 0x000000008a600000, 0x000000008a600000| Untracked 
| 167|0x000000008a700000, 0x000000008a700000, 0x000000008a800000|  0%| F|  |TAMS 0x000000008a700000, 0x000000008a700000| Untracked 
| 168|0x000000008a800000, 0x000000008a800000, 0x000000008a900000|  0%| F|  |TAMS 0x000000008a800000, 0x000000008a800000| Untracked 
| 169|0x000000008a900000, 0x000000008a900000, 0x000000008aa00000|  0%| F|  |TAMS 0x000000008a900000, 0x000000008a900000| Untracked 
| 170|0x000000008aa00000, 0x000000008aa00000, 0x000000008ab00000|  0%| F|  |TAMS 0x000000008aa00000, 0x000000008aa00000| Untracked 
| 171|0x000000008ab00000, 0x000000008ab00000, 0x000000008ac00000|  0%| F|  |TAMS 0x000000008ab00000, 0x000000008ab00000| Untracked 
| 172|0x000000008ac00000, 0x000000008ac00000, 0x000000008ad00000|  0%| F|  |TAMS 0x000000008ac00000, 0x000000008ac00000| Untracked 
| 173|0x000000008ad00000, 0x000000008ad00000, 0x000000008ae00000|  0%| F|  |TAMS 0x000000008ad00000, 0x000000008ad00000| Untracked 
| 174|0x000000008ae00000, 0x000000008ae00000, 0x000000008af00000|  0%| F|  |TAMS 0x000000008ae00000, 0x000000008ae00000| Untracked 
| 175|0x000000008af00000, 0x000000008af00000, 0x000000008b000000|  0%| F|  |TAMS 0x000000008af00000, 0x000000008af00000| Untracked 
| 176|0x000000008b000000, 0x000000008b000000, 0x000000008b100000|  0%| F|  |TAMS 0x000000008b000000, 0x000000008b000000| Untracked 
| 177|0x000000008b100000, 0x000000008b100000, 0x000000008b200000|  0%| F|  |TAMS 0x000000008b100000, 0x000000008b100000| Untracked 
| 178|0x000000008b200000, 0x000000008b200000, 0x000000008b300000|  0%| F|  |TAMS 0x000000008b200000, 0x000000008b200000| Untracked 
| 179|0x000000008b300000, 0x000000008b300000, 0x000000008b400000|  0%| F|  |TAMS 0x000000008b300000, 0x000000008b300000| Untracked 
| 180|0x000000008b400000, 0x000000008b400000, 0x000000008b500000|  0%| F|  |TAMS 0x000000008b400000, 0x000000008b400000| Untracked 
| 181|0x000000008b500000, 0x000000008b500000, 0x000000008b600000|  0%| F|  |TAMS 0x000000008b500000, 0x000000008b500000| Untracked 
| 182|0x000000008b600000, 0x000000008b600000, 0x000000008b700000|  0%| F|  |TAMS 0x000000008b600000, 0x000000008b600000| Untracked 
| 183|0x000000008b700000, 0x000000008b700000, 0x000000008b800000|  0%| F|  |TAMS 0x000000008b700000, 0x000000008b700000| Untracked 
| 184|0x000000008b800000, 0x000000008b800000, 0x000000008b900000|  0%| F|  |TAMS 0x000000008b800000, 0x000000008b800000| Untracked 
| 185|0x000000008b900000, 0x000000008b900000, 0x000000008ba00000|  0%| F|  |TAMS 0x000000008b900000, 0x000000008b900000| Untracked 
| 186|0x000000008ba00000, 0x000000008ba00000, 0x000000008bb00000|  0%| F|  |TAMS 0x000000008ba00000, 0x000000008ba00000| Untracked 
| 187|0x000000008bb00000, 0x000000008bb00000, 0x000000008bc00000|  0%| F|  |TAMS 0x000000008bb00000, 0x000000008bb00000| Untracked 
| 188|0x000000008bc00000, 0x000000008bc00000, 0x000000008bd00000|  0%| F|  |TAMS 0x000000008bc00000, 0x000000008bc00000| Untracked 
| 189|0x000000008bd00000, 0x000000008bd00000, 0x000000008be00000|  0%| F|  |TAMS 0x000000008bd00000, 0x000000008bd00000| Untracked 
| 190|0x000000008be00000, 0x000000008be00000, 0x000000008bf00000|  0%| F|  |TAMS 0x000000008be00000, 0x000000008be00000| Untracked 
| 191|0x000000008bf00000, 0x000000008bf00000, 0x000000008c000000|  0%| F|  |TAMS 0x000000008bf00000, 0x000000008bf00000| Untracked 
| 192|0x000000008c000000, 0x000000008c000000, 0x000000008c100000|  0%| F|  |TAMS 0x000000008c000000, 0x000000008c000000| Untracked 
| 193|0x000000008c100000, 0x000000008c100000, 0x000000008c200000|  0%| F|  |TAMS 0x000000008c100000, 0x000000008c100000| Untracked 
| 194|0x000000008c200000, 0x000000008c200000, 0x000000008c300000|  0%| F|  |TAMS 0x000000008c200000, 0x000000008c200000| Untracked 
| 195|0x000000008c300000, 0x000000008c300000, 0x000000008c400000|  0%| F|  |TAMS 0x000000008c300000, 0x000000008c300000| Untracked 
| 196|0x000000008c400000, 0x000000008c400000, 0x000000008c500000|  0%| F|  |TAMS 0x000000008c400000, 0x000000008c400000| Untracked 
| 197|0x000000008c500000, 0x000000008c500000, 0x000000008c600000|  0%| F|  |TAMS 0x000000008c500000, 0x000000008c500000| Untracked 
| 198|0x000000008c600000, 0x000000008c600000, 0x000000008c700000|  0%| F|  |TAMS 0x000000008c600000, 0x000000008c600000| Untracked 
| 199|0x000000008c700000, 0x000000008c700000, 0x000000008c800000|  0%| F|  |TAMS 0x000000008c700000, 0x000000008c700000| Untracked 
| 200|0x000000008c800000, 0x000000008c800000, 0x000000008c900000|  0%| F|  |TAMS 0x000000008c800000, 0x000000008c800000| Untracked 
| 201|0x000000008c900000, 0x000000008c900000, 0x000000008ca00000|  0%| F|  |TAMS 0x000000008c900000, 0x000000008c900000| Untracked 
| 202|0x000000008ca00000, 0x000000008cb00000, 0x000000008cb00000|100%| E|  |TAMS 0x000000008ca00000, 0x000000008ca00000| Complete 
| 203|0x000000008cb00000, 0x000000008cc00000, 0x000000008cc00000|100%| E|CS|TAMS 0x000000008cb00000, 0x000000008cb00000| Complete 
| 204|0x000000008cc00000, 0x000000008cd00000, 0x000000008cd00000|100%| E|CS|TAMS 0x000000008cc00000, 0x000000008cc00000| Complete 
| 205|0x000000008cd00000, 0x000000008ce00000, 0x000000008ce00000|100%| E|CS|TAMS 0x000000008cd00000, 0x000000008cd00000| Complete 
| 206|0x000000008ce00000, 0x000000008cf00000, 0x000000008cf00000|100%| E|CS|TAMS 0x000000008ce00000, 0x000000008ce00000| Complete 
| 207|0x000000008cf00000, 0x000000008d000000, 0x000000008d000000|100%| E|CS|TAMS 0x000000008cf00000, 0x000000008cf00000| Complete 
| 208|0x000000008d000000, 0x000000008d100000, 0x000000008d100000|100%| E|CS|TAMS 0x000000008d000000, 0x000000008d000000| Complete 
| 209|0x000000008d100000, 0x000000008d200000, 0x000000008d200000|100%| E|CS|TAMS 0x000000008d100000, 0x000000008d100000| Complete 
| 210|0x000000008d200000, 0x000000008d300000, 0x000000008d300000|100%| E|CS|TAMS 0x000000008d200000, 0x000000008d200000| Complete 
| 211|0x000000008d300000, 0x000000008d400000, 0x000000008d400000|100%| E|CS|TAMS 0x000000008d300000, 0x000000008d300000| Complete 
| 212|0x000000008d400000, 0x000000008d500000, 0x000000008d500000|100%| E|CS|TAMS 0x000000008d400000, 0x000000008d400000| Complete 
| 213|0x000000008d500000, 0x000000008d600000, 0x000000008d600000|100%| E|CS|TAMS 0x000000008d500000, 0x000000008d500000| Complete 
| 214|0x000000008d600000, 0x000000008d700000, 0x000000008d700000|100%| E|CS|TAMS 0x000000008d600000, 0x000000008d600000| Complete 
| 215|0x000000008d700000, 0x000000008d800000, 0x000000008d800000|100%| E|CS|TAMS 0x000000008d700000, 0x000000008d700000| Complete 
| 216|0x000000008d800000, 0x000000008d900000, 0x000000008d900000|100%| E|CS|TAMS 0x000000008d800000, 0x000000008d800000| Complete 
| 217|0x000000008d900000, 0x000000008da00000, 0x000000008da00000|100%| E|CS|TAMS 0x000000008d900000, 0x000000008d900000| Complete 
| 218|0x000000008da00000, 0x000000008db00000, 0x000000008db00000|100%| E|CS|TAMS 0x000000008da00000, 0x000000008da00000| Complete 
| 219|0x000000008db00000, 0x000000008dc00000, 0x000000008dc00000|100%| E|CS|TAMS 0x000000008db00000, 0x000000008db00000| Complete 
| 220|0x000000008dc00000, 0x000000008dd00000, 0x000000008dd00000|100%| E|CS|TAMS 0x000000008dc00000, 0x000000008dc00000| Complete 
| 221|0x000000008dd00000, 0x000000008de00000, 0x000000008de00000|100%| E|CS|TAMS 0x000000008dd00000, 0x000000008dd00000| Complete 
| 222|0x000000008de00000, 0x000000008df00000, 0x000000008df00000|100%| E|CS|TAMS 0x000000008de00000, 0x000000008de00000| Complete 
| 223|0x000000008df00000, 0x000000008e000000, 0x000000008e000000|100%| E|CS|TAMS 0x000000008df00000, 0x000000008df00000| Complete 
| 224|0x000000008e000000, 0x000000008e100000, 0x000000008e100000|100%| E|CS|TAMS 0x000000008e000000, 0x000000008e000000| Complete 
| 225|0x000000008e100000, 0x000000008e200000, 0x000000008e200000|100%| E|CS|TAMS 0x000000008e100000, 0x000000008e100000| Complete 
| 226|0x000000008e200000, 0x000000008e300000, 0x000000008e300000|100%| E|CS|TAMS 0x000000008e200000, 0x000000008e200000| Complete 
| 227|0x000000008e300000, 0x000000008e400000, 0x000000008e400000|100%| E|CS|TAMS 0x000000008e300000, 0x000000008e300000| Complete 
| 228|0x000000008e400000, 0x000000008e500000, 0x000000008e500000|100%| E|CS|TAMS 0x000000008e400000, 0x000000008e400000| Complete 
| 229|0x000000008e500000, 0x000000008e600000, 0x000000008e600000|100%| E|CS|TAMS 0x000000008e500000, 0x000000008e500000| Complete 
| 230|0x000000008e600000, 0x000000008e700000, 0x000000008e700000|100%| E|CS|TAMS 0x000000008e600000, 0x000000008e600000| Complete 
| 231|0x000000008e700000, 0x000000008e800000, 0x000000008e800000|100%| E|CS|TAMS 0x000000008e700000, 0x000000008e700000| Complete 
| 232|0x000000008e800000, 0x000000008e900000, 0x000000008e900000|100%| E|CS|TAMS 0x000000008e800000, 0x000000008e800000| Complete 
| 233|0x000000008e900000, 0x000000008ea00000, 0x000000008ea00000|100%| E|CS|TAMS 0x000000008e900000, 0x000000008e900000| Complete 
| 234|0x000000008ea00000, 0x000000008eb00000, 0x000000008eb00000|100%| E|CS|TAMS 0x000000008ea00000, 0x000000008ea00000| Complete 
| 235|0x000000008eb00000, 0x000000008ec00000, 0x000000008ec00000|100%| E|CS|TAMS 0x000000008eb00000, 0x000000008eb00000| Complete 
| 236|0x000000008ec00000, 0x000000008ed00000, 0x000000008ed00000|100%| E|CS|TAMS 0x000000008ec00000, 0x000000008ec00000| Complete 
| 237|0x000000008ed00000, 0x000000008ee00000, 0x000000008ee00000|100%| E|CS|TAMS 0x000000008ed00000, 0x000000008ed00000| Complete 
| 238|0x000000008ee00000, 0x000000008ef00000, 0x000000008ef00000|100%| E|CS|TAMS 0x000000008ee00000, 0x000000008ee00000| Complete 
| 239|0x000000008ef00000, 0x000000008f000000, 0x000000008f000000|100%| E|CS|TAMS 0x000000008ef00000, 0x000000008ef00000| Complete 
| 240|0x000000008f000000, 0x000000008f100000, 0x000000008f100000|100%| E|CS|TAMS 0x000000008f000000, 0x000000008f000000| Complete 
| 241|0x000000008f100000, 0x000000008f200000, 0x000000008f200000|100%| E|CS|TAMS 0x000000008f100000, 0x000000008f100000| Complete 
| 242|0x000000008f200000, 0x000000008f300000, 0x000000008f300000|100%| E|CS|TAMS 0x000000008f200000, 0x000000008f200000| Complete 
| 243|0x000000008f300000, 0x000000008f400000, 0x000000008f400000|100%| E|CS|TAMS 0x000000008f300000, 0x000000008f300000| Complete 
| 244|0x000000008f400000, 0x000000008f500000, 0x000000008f500000|100%| E|CS|TAMS 0x000000008f400000, 0x000000008f400000| Complete 
| 245|0x000000008f500000, 0x000000008f600000, 0x000000008f600000|100%| E|CS|TAMS 0x000000008f500000, 0x000000008f500000| Complete 
| 246|0x000000008f600000, 0x000000008f700000, 0x000000008f700000|100%| E|CS|TAMS 0x000000008f600000, 0x000000008f600000| Complete 
| 247|0x000000008f700000, 0x000000008f800000, 0x000000008f800000|100%| E|CS|TAMS 0x000000008f700000, 0x000000008f700000| Complete 
| 248|0x000000008f800000, 0x000000008f900000, 0x000000008f900000|100%| E|CS|TAMS 0x000000008f800000, 0x000000008f800000| Complete 
| 249|0x000000008f900000, 0x000000008fa00000, 0x000000008fa00000|100%| E|CS|TAMS 0x000000008f900000, 0x000000008f900000| Complete 
| 250|0x000000008fa00000, 0x000000008fb00000, 0x000000008fb00000|100%| E|CS|TAMS 0x000000008fa00000, 0x000000008fa00000| Complete 
| 251|0x000000008fb00000, 0x000000008fc00000, 0x000000008fc00000|100%| E|CS|TAMS 0x000000008fb00000, 0x000000008fb00000| Complete 
| 252|0x000000008fc00000, 0x000000008fd00000, 0x000000008fd00000|100%| E|CS|TAMS 0x000000008fc00000, 0x000000008fc00000| Complete 
| 253|0x000000008fd00000, 0x000000008fe00000, 0x000000008fe00000|100%| E|CS|TAMS 0x000000008fd00000, 0x000000008fd00000| Complete 

Card table byte_map: [0x000001cb95180000,0x000001cb95580000] _byte_map_base: 0x000001cb94d80000

Marking Bits (Prev, Next): (CMBitMap*) 0x000001cb822bc510, (CMBitMap*) 0x000001cb822bc4d8
 Prev Bits: [0x000001cb97980000, 0x000001cb99980000)
 Next Bits: [0x000001cb95980000, 0x000001cb97980000)

Polling page: 0x000001cb801a0000

Metaspace:

Usage:
  Non-class:     22.98 MB capacity,    22.63 MB ( 98%) used,   310.77 KB (  1%) free+waste,    50.88 KB ( <1%) overhead. 
      Class:      3.61 MB capacity,     3.38 MB ( 94%) used,   210.35 KB (  6%) free+waste,    25.50 KB ( <1%) overhead. 
       Both:     26.59 MB capacity,    26.01 MB ( 98%) used,   521.12 KB (  2%) free+waste,    76.38 KB ( <1%) overhead. 

Virtual space:
  Non-class space:       28.00 MB reserved,      23.00 MB ( 82%) committed 
      Class space:        1.00 GB reserved,       3.63 MB ( <1%) committed 
             Both:        1.03 GB reserved,      26.63 MB (  3%) committed 

Chunk freelists:
   Non-Class:  19.00 KB
       Class:  0 bytes
        Both:  19.00 KB

MaxMetaspaceSize: 17179869184.00 GB
CompressedClassSpaceSize: 1.00 GB
Initial GC threshold: 20.80 MB
Current GC threshold: 35.00 MB
CDS: off

CodeHeap 'non-profiled nmethods': size=120064Kb used=1213Kb max_used=1213Kb free=118850Kb
 bounds [0x000001cb8d840000, 0x000001cb8dab0000, 0x000001cb94d80000]
CodeHeap 'profiled nmethods': size=120000Kb used=4993Kb max_used=4993Kb free=115006Kb
 bounds [0x000001cb86310000, 0x000001cb86800000, 0x000001cb8d840000]
CodeHeap 'non-nmethods': size=5696Kb used=1232Kb max_used=1267Kb free=4463Kb
 bounds [0x000001cb85d80000, 0x000001cb85ff0000, 0x000001cb86310000]
 total_blobs=2806 nmethods=2305 adapters=413
 compilation: enabled
              stopped_count=0, restarted_count=0
 full_count=0

Compilation events (20 events):
Event: 3.642 Thread 0x000001cb9c754800 nmethod 2286 0x000001cb867dfe10 code [0x000001cb867dffe0, 0x000001cb867e0158]
Event: 3.642 Thread 0x000001cb9c754800 2287       3       java.io.ByteArrayOutputStream::<init> (7 bytes)
Event: 3.642 Thread 0x000001cb9c754800 nmethod 2287 0x000001cb867e0210 code [0x000001cb867e03c0, 0x000001cb867e04e8]
Event: 3.647 Thread 0x000001cb9c754800 2288       3       jdk.internal.reflect.ReflectionFactory::newMethodAccessor (119 bytes)
Event: 3.648 Thread 0x000001cb9c754800 nmethod 2288 0x000001cb867e0590 code [0x000001cb867e0980, 0x000001cb867e26c8]
Event: 3.648 Thread 0x000001cb9c754800 2289       3       jdk.internal.reflect.Reflection::isCallerSensitive (24 bytes)
Event: 3.649 Thread 0x000001cb9c754800 nmethod 2289 0x000001cb867e3010 code [0x000001cb867e3340, 0x000001cb867e46b8]
Event: 3.653 Thread 0x000001cb9c753800 2290       4       com.google.common.base.CharMatcher::indexIn (48 bytes)
Event: 3.653 Thread 0x000001cb9c754800 2291       3       com.google.common.base.CharMatcher$IsEither::matches (22 bytes)
Event: 3.654 Thread 0x000001cb9c754800 nmethod 2291 0x000001cb867e4c90 code [0x000001cb867e4e40, 0x000001cb867e4fd8]
Event: 3.654 Thread 0x000001cb9c754800 2292       3       java.util.Collections$UnmodifiableCollection::size (10 bytes)
Event: 3.654 Thread 0x000001cb9c754800 nmethod 2292 0x000001cb867e5090 code [0x000001cb867e5240, 0x000001cb867e5408]
Event: 3.654 Thread 0x000001cb9c754800 2293       3       java.util.Collections$UnmodifiableList::get (11 bytes)
Event: 3.654 Thread 0x000001cb9c754800 nmethod 2293 0x000001cb867e5510 code [0x000001cb867e56c0, 0x000001cb867e5888]
Event: 3.654 Thread 0x000001cb9c754800 2294       1       org.gradle.api.internal.file.pattern.EndOfPathMatcher::getMaxSegments (2 bytes)
Event: 3.655 Thread 0x000001cb9c754800 nmethod 2294 0x000001cb8d96e290 code [0x000001cb8d96e440, 0x000001cb8d96e4f8]
Event: 3.655 Thread 0x000001cb9c754800 2295       3       org.gradle.api.internal.file.pattern.PatternMatcherFactory::compile (117 bytes)
Event: 3.655 Thread 0x000001cb9c754800 nmethod 2295 0x000001cb867e5990 code [0x000001cb867e5c40, 0x000001cb867e68d8]
Event: 3.657 Thread 0x000001cb9c753800 nmethod 2290 0x000001cb8d96e590 code [0x000001cb8d96e760, 0x000001cb8d96ea38]
Event: 3.664 Thread 0x000001cb9c754800 2296       3       java.lang.invoke.MemberName::<init> (131 bytes)

GC Heap History (4 events):
Event: 0.749 GC heap before
{Heap before GC invocations=0 (full 0):
 garbage-first heap   total 260096K, used 20480K [0x0000000080000000, 0x0000000100000000)
  region size 1024K, 14 young (14336K), 0 survivors (0K)
 Metaspace       used 6747K, capacity 6929K, committed 7168K, reserved 1056768K
  class space    used 582K, capacity 650K, committed 768K, reserved 1048576K
}
Event: 0.754 GC heap after
{Heap after GC invocations=1 (full 0):
 garbage-first heap   total 260096K, used 7627K [0x0000000080000000, 0x0000000100000000)
  region size 1024K, 2 young (2048K), 2 survivors (2048K)
 Metaspace       used 6747K, capacity 6929K, committed 7168K, reserved 1056768K
  class space    used 582K, capacity 650K, committed 768K, reserved 1048576K
}
Event: 3.042 GC heap before
{Heap before GC invocations=1 (full 0):
 garbage-first heap   total 260096K, used 118219K [0x0000000080000000, 0x0000000100000000)
  region size 1024K, 111 young (113664K), 2 survivors (2048K)
 Metaspace       used 20729K, capacity 21159K, committed 21248K, reserved 1071104K
  class space    used 2547K, capacity 2728K, committed 2816K, reserved 1048576K
}
Event: 3.053 GC heap after
{Heap after GC invocations=2 (full 0):
 garbage-first heap   total 260096K, used 17017K [0x0000000080000000, 0x0000000100000000)
  region size 1024K, 12 young (12288K), 12 survivors (12288K)
 Metaspace       used 20729K, capacity 21159K, committed 21248K, reserved 1071104K
  class space    used 2547K, capacity 2728K, committed 2816K, reserved 1048576K
}

Deoptimization events (20 events):
Event: 3.087 Thread 0x000001cb9e30c800 Uncommon trap: trap_request=0xffffff4d fr.pc=0x000001cb8d8c0af0 relative=0x00000000000005b0
Event: 3.087 Thread 0x000001cb9e30c800 Uncommon trap: reason=unstable_if action=reinterpret pc=0x000001cb8d8c0af0 method=java.io.File.getName()Ljava/lang/String; @ 16 c2
Event: 3.087 Thread 0x000001cb9e30c800 DEOPT PACKING pc=0x000001cb8d8c0af0 sp=0x00000012bc7fb460
Event: 3.087 Thread 0x000001cb9e30c800 DEOPT UNPACKING pc=0x000001cb85dca1af sp=0x00000012bc7fb430 mode 2
Event: 3.087 Thread 0x000001cb9e30c800 Uncommon trap: trap_request=0xffffff4d fr.pc=0x000001cb8d8e5b88 relative=0x0000000000000448
Event: 3.087 Thread 0x000001cb9e30c800 Uncommon trap: reason=unstable_if action=reinterpret pc=0x000001cb8d8e5b88 method=java.lang.String.substring(I)Ljava/lang/String; @ 34 c2
Event: 3.087 Thread 0x000001cb9e30c800 DEOPT PACKING pc=0x000001cb8d8e5b88 sp=0x00000012bc7fb3e0
Event: 3.087 Thread 0x000001cb9e30c800 DEOPT UNPACKING pc=0x000001cb85dca1af sp=0x00000012bc7fb3b8 mode 2
Event: 3.191 Thread 0x000001cb9e30c800 Uncommon trap: trap_request=0xffffff4d fr.pc=0x000001cb8d94e2b0 relative=0x00000000000003b0
Event: 3.191 Thread 0x000001cb9e30c800 Uncommon trap: reason=unstable_if action=reinterpret pc=0x000001cb8d94e2b0 method=jdk.internal.org.objectweb.asm.Type.getArgumentsAndReturnSizes(Ljava/lang/String;)I @ 88 c2
Event: 3.191 Thread 0x000001cb9e30c800 DEOPT PACKING pc=0x000001cb8d94e2b0 sp=0x00000012bc7f99d0
Event: 3.191 Thread 0x000001cb9e30c800 DEOPT UNPACKING pc=0x000001cb85dca1af sp=0x00000012bc7f9958 mode 2
Event: 3.403 Thread 0x000001cb9e30c800 Uncommon trap: trap_request=0xffffff4d fr.pc=0x000001cb8d898b7c relative=0x000000000000023c
Event: 3.403 Thread 0x000001cb9e30c800 Uncommon trap: reason=unstable_if action=reinterpret pc=0x000001cb8d898b7c method=java.util.concurrent.ConcurrentHashMap.get(Ljava/lang/Object;)Ljava/lang/Object; @ 76 c2
Event: 3.403 Thread 0x000001cb9e30c800 DEOPT PACKING pc=0x000001cb8d898b7c sp=0x00000012bc7f9b50
Event: 3.403 Thread 0x000001cb9e30c800 DEOPT UNPACKING pc=0x000001cb85dca1af sp=0x00000012bc7f9ab8 mode 2
Event: 3.650 Thread 0x000001cb9e30c800 Uncommon trap: trap_request=0xffffff7e fr.pc=0x000001cb8d966a1c relative=0x000000000000015c
Event: 3.650 Thread 0x000001cb9e30c800 Uncommon trap: reason=predicate action=maybe_recompile pc=0x000001cb8d966a1c method=com.google.common.base.CharMatcher.indexIn(Ljava/lang/CharSequence;I)I @ 19 c2
Event: 3.650 Thread 0x000001cb9e30c800 DEOPT PACKING pc=0x000001cb8d966a1c sp=0x00000012bc7fb810
Event: 3.650 Thread 0x000001cb9e30c800 DEOPT UNPACKING pc=0x000001cb85dca1af sp=0x00000012bc7fb7a0 mode 2

Classes redefined (0 events):
No events

Internal exceptions (20 events):
Event: 2.619 Thread 0x000001cb9f1c0000 Exception <a 'java/lang/NoSuchMethodError'{0x000000008b16a0b0}: <clinit>> (0x000000008b16a0b0) thrown at [./src/hotspot/share/prims/jni.cpp, line 1365]
Event: 2.621 Thread 0x000001cb9f1c0000 Exception <a 'java/lang/NoSuchMethodError'{0x000000008b182100}: <clinit>> (0x000000008b182100) thrown at [./src/hotspot/share/prims/jni.cpp, line 1365]
Event: 2.622 Thread 0x000001cb9f1c0000 Exception <a 'java/lang/NoSuchMethodError'{0x000000008b18bac8}: <clinit>> (0x000000008b18bac8) thrown at [./src/hotspot/share/prims/jni.cpp, line 1365]
Event: 2.623 Thread 0x000001cb9f1c0000 Exception <a 'java/lang/NoSuchMethodError'{0x000000008b1a0e40}: <clinit>> (0x000000008b1a0e40) thrown at [./src/hotspot/share/prims/jni.cpp, line 1365]
Event: 2.693 Thread 0x000001cb9e30c800 Exception <a 'java/lang/NoSuchMethodError'{0x000000008add2a68}: 'long java.lang.invoke.DirectMethodHandle$Holder.invokeInterface(java.lang.Object, java.lang.Object)'> (0x000000008add2a68) thrown at [./src/hotspot/share/interpreter/linkResolver.cpp, line 773]
Event: 2.694 Thread 0x000001cb9e30c800 Exception <a 'java/lang/NoSuchMethodError'{0x000000008addfb08}: 'void java.lang.invoke.DelegatingMethodHandle$Holder.reinvoke_L(java.lang.Object, java.lang.Object, java.lang.Object, java.lang.Object, java.lang.Object, java.lang.Object, java.lang.Object)'> (0x000000008addfb08) thrown at [./src/hotspot/share/interpreter/linkResolver.cpp, line 773]
Event: 2.981 Thread 0x000001cb9e30c800 Exception <a 'java/lang/NoSuchMethodError'{0x0000000089225f28}: 'void java.lang.invoke.DirectMethodHandle$Holder.invokeStaticInit(java.lang.Object)'> (0x0000000089225f28) thrown at [./src/hotspot/share/interpreter/linkResolver.cpp, line 773]
Event: 2.995 Thread 0x000001cb9e30c800 Exception <a 'java/lang/NoSuchMethodError'{0x00000000892d1bf0}: 'java.lang.Object java.lang.invoke.DirectMethodHandle$Holder.invokeStatic(java.lang.Object, java.lang.Object, java.lang.Object, int)'> (0x00000000892d1bf0) thrown at [./src/hotspot/share/interpreter/linkResolver.cpp, line 773]
Event: 2.996 Thread 0x000001cb9e30c800 Exception <a 'java/lang/NoSuchMethodError'{0x00000000892d6308}: 'java.lang.Object java.lang.invoke.DirectMethodHandle$Holder.invokeSpecial(java.lang.Object, java.lang.Object, java.lang.Object, java.lang.Object, int)'> (0x00000000892d6308) thrown at [./src/hotspot/share/interpreter/linkResolver.cpp, line 773]
Event: 2.996 Thread 0x000001cb9e30c800 Exception <a 'java/lang/NoSuchMethodError'{0x00000000892da240}: 'java.lang.Object java.lang.invoke.Invokers$Holder.linkToTargetMethod(java.lang.Object, java.lang.Object, int, java.lang.Object)'> (0x00000000892da240) thrown at [./src/hotspot/share/interpreter/linkResolver.cpp, line 773]
Event: 3.133 Thread 0x000001cb9e30c800 Exception <a 'java/lang/NoSuchMethodError'{0x000000008fafad00}: 'int java.lang.invoke.DirectMethodHandle$Holder.invokeSpecialIFC(java.lang.Object, java.lang.Object, java.lang.Object, java.lang.Object)'> (0x000000008fafad00) thrown at [./src/hotspot/share/interpreter/linkResolver.cpp, line 773]
Event: 3.135 Thread 0x000001cb9e30c800 Exception <a 'java/lang/NoSuchMethodError'{0x000000008f909148}: 'java.lang.Object java.lang.invoke.DirectMethodHandle$Holder.invokeInterface(java.lang.Object, java.lang.Object, java.lang.Object)'> (0x000000008f909148) thrown at [./src/hotspot/share/interpreter/linkResolver.cpp, line 773]
Event: 3.135 Thread 0x000001cb9e30c800 Exception <a 'java/lang/IncompatibleClassChangeError'{0x000000008f90c620}: Found class java.lang.Object, but interface was expected> (0x000000008f90c620) thrown at [./src/hotspot/share/interpreter/linkResolver.cpp, line 839]
Event: 3.257 Thread 0x000001cb9e30c800 Exception <a 'java/lang/NoSuchMethodError'{0x000000008ee32f20}: 'java.lang.Object java.lang.invoke.DirectMethodHandle$Holder.invokeSpecial(java.lang.Object, java.lang.Object, java.lang.Object, java.lang.Object, java.lang.Object, java.lang.Object, java.lang.Object, java.lang.Object, java.lang.Object)'> (0x000000008ee32f20) thrown at [./src/hotspot/share/interpreter/linkResolver.cpp, line 773]
Event: 3.338 Thread 0x000001cb9e30c800 Exception <a 'java/lang/NoSuchMethodError'{0x000000008e55f4e8}: 'java.lang.Object java.lang.invoke.DirectMethodHandle$Holder.invokeVirtual(java.lang.Object, java.lang.Object, java.lang.Object, java.lang.Object)'> (0x000000008e55f4e8) thrown at [./src/hotspot/share/interpreter/linkResolver.cpp, line 773]
Event: 3.434 Thread 0x000001cb9e30c800 Exception <a 'java/lang/NoSuchMethodError'{0x000000008dff7b90}: 'void java.lang.invoke.DirectMethodHandle$Holder.invokeSpecial(java.lang.Object, java.lang.Object, java.lang.Object, java.lang.Object, java.lang.Object, java.lang.Object)'> (0x000000008dff7b90) thrown at [./src/hotspot/share/interpreter/linkResolver.cpp, line 773]
Event: 3.443 Thread 0x000001cb9e30c800 Exception <a 'java/lang/NoSuchMethodError'{0x000000008de65e40}: 'void java.lang.invoke.DirectMethodHandle$Holder.invokeSpecial(java.lang.Object, java.lang.Object, java.lang.Object, java.lang.Object, java.lang.Object, java.lang.Object, java.lang.Object)'> (0x000000008de65e40) thrown at [./src/hotspot/share/interpreter/linkResolver.cpp, line 773]
Event: 3.444 Thread 0x000001cb9e30c800 Exception <a 'java/lang/NoSuchMethodError'{0x000000008de6e330}: 'java.lang.Object java.lang.invoke.Invokers$Holder.linkToTargetMethod(java.lang.Object, java.lang.Object, java.lang.Object, java.lang.Object, java.lang.Object, java.lang.Object)'> (0x000000008de6e330) thrown at [./src/hotspot/share/interpreter/linkResolver.cpp, line 773]
Event: 3.530 Thread 0x000001cb9e30c800 Exception <a 'java/lang/NoSuchMethodError'{0x000000008d5ab8a0}: 'int java.lang.invoke.DirectMethodHandle$Holder.invokeStaticInit(java.lang.Object, java.lang.Object, java.lang.Object)'> (0x000000008d5ab8a0) thrown at [./src/hotspot/share/interpreter/linkResolver.cpp, line 773]
Event: 3.591 Thread 0x000001cb9e30c800 Exception <a 'java/lang/NoSuchMethodError'{0x000000008d0c80b0}: 'void java.lang.invoke.DirectMethodHandle$Holder.invokeStaticInit(java.lang.Object, java.lang.Object)'> (0x000000008d0c80b0) thrown at [./src/hotspot/share/interpreter/linkResolver.cpp, line 773]

Events (20 events):
Event: 3.660 loading class org/slf4j/helpers/MarkerIgnoringBase
Event: 3.660 loading class org/slf4j/helpers/MarkerIgnoringBase done
Event: 3.660 loading class org/slf4j/helpers/NamedLoggerBase
Event: 3.660 loading class org/slf4j/helpers/NamedLoggerBase done
Event: 3.661 loading class org/gradle/internal/operations/BuildOperationRunner
Event: 3.661 loading class org/gradle/internal/operations/BuildOperationRunner done
Event: 3.661 loading class org/gradle/internal/watch/vfs/impl/WatchingVirtualFileSystem
Event: 3.661 loading class org/gradle/internal/watch/vfs/impl/WatchingVirtualFileSystem done
Event: 3.661 loading class org/gradle/internal/watch/vfs/impl/WatchingVirtualFileSystem$1
Event: 3.661 loading class org/gradle/internal/watch/vfs/impl/WatchingVirtualFileSystem$1 done
Event: 3.662 loading class org/gradle/internal/watch/vfs/FileSystemWatchingStatistics
Event: 3.662 loading class org/gradle/internal/watch/vfs/FileSystemWatchingStatistics done
Event: 3.662 loading class org/gradle/internal/watch/vfs/BuildStartedFileSystemWatchingBuildOperationType$Details
Event: 3.662 loading class org/gradle/internal/watch/vfs/BuildStartedFileSystemWatchingBuildOperationType$Details done
Event: 3.662 loading class org/gradle/internal/watch/vfs/BuildStartedFileSystemWatchingBuildOperationType$Details$1
Event: 3.662 loading class org/gradle/internal/watch/vfs/BuildStartedFileSystemWatchingBuildOperationType$Details$1 done
Event: 3.663 loading class org/gradle/internal/watch/vfs/impl/WatchingVirtualFileSystem$3
Event: 3.663 loading class org/gradle/internal/watch/vfs/impl/WatchingVirtualFileSystem$3 done
Event: 3.663 loading class org/gradle/internal/watch/registry/impl/DefaultFileWatcherProbeRegistry
Event: 3.663 loading class org/gradle/internal/watch/registry/impl/DefaultFileWatcherProbeRegistry done


Dynamic libraries:
0x00007ff772550000 - 0x00007ff77255a000 	C:\Program Files\Android\Android Studio1\jre\bin\java.exe
0x00007ffbd2a50000 - 0x00007ffbd2c48000 	C:\WINDOWS\SYSTEM32\ntdll.dll
0x00007ffbd25b0000 - 0x00007ffbd266f000 	C:\WINDOWS\System32\KERNEL32.DLL
0x00007ffbd0760000 - 0x00007ffbd0a56000 	C:\WINDOWS\System32\KERNELBASE.dll
0x00000000533e0000 - 0x000000005348f000 	C:\ProgramData\Symantec\Symantec Endpoint Protection\14.3.5413.3000.105\Data\Sysfer\x64\sysfer.dll
0x00007ffbd0410000 - 0x00007ffbd0510000 	C:\WINDOWS\System32\ucrtbase.dll
0x00007ffbb8480000 - 0x00007ffbb8497000 	C:\Program Files\Android\Android Studio1\jre\bin\VCRUNTIME140.dll
0x00007ffbb84a0000 - 0x00007ffbb84b9000 	C:\Program Files\Android\Android Studio1\jre\bin\jli.dll
0x00007ffbd0ca0000 - 0x00007ffbd0e3d000 	C:\WINDOWS\System32\USER32.dll
0x00007ffbbb630000 - 0x00007ffbbb8ca000 	C:\WINDOWS\WinSxS\amd64_microsoft.windows.common-controls_6595b64144ccf1df_6.0.19041.1110_none_60b5254171f9507e\COMCTL32.dll
0x00007ffbd0510000 - 0x00007ffbd0532000 	C:\WINDOWS\System32\win32u.dll
0x00007ffbd2670000 - 0x00007ffbd270e000 	C:\WINDOWS\System32\msvcrt.dll
0x00007ffbd0c70000 - 0x00007ffbd0c9c000 	C:\WINDOWS\System32\GDI32.dll
0x00007ffbd0540000 - 0x00007ffbd0655000 	C:\WINDOWS\System32\gdi32full.dll
0x00007ffbd0370000 - 0x00007ffbd040d000 	C:\WINDOWS\System32\msvcp_win.dll
0x00007ffbd1fc0000 - 0x00007ffbd1ff0000 	C:\WINDOWS\System32\IMM32.DLL
0x00007ffb9d0a0000 - 0x00007ffb9d13d000 	C:\Program Files\Android\Android Studio1\jre\bin\msvcp140.dll
0x00007ffb9b5d0000 - 0x00007ffb9c0b5000 	C:\Program Files\Android\Android Studio1\jre\bin\server\jvm.dll
0x00007ffbd28c0000 - 0x00007ffbd296f000 	C:\WINDOWS\System32\ADVAPI32.dll
0x00007ffbd2970000 - 0x00007ffbd2a0c000 	C:\WINDOWS\System32\sechost.dll
0x00007ffbd1750000 - 0x00007ffbd1876000 	C:\WINDOWS\System32\RPCRT4.dll
0x00007ffbd1f50000 - 0x00007ffbd1f58000 	C:\WINDOWS\System32\PSAPI.DLL
0x00007ffbbab70000 - 0x00007ffbbab79000 	C:\WINDOWS\SYSTEM32\WSOCK32.dll
0x00007ffbd20d0000 - 0x00007ffbd213b000 	C:\WINDOWS\System32\WS2_32.dll
0x00007ffbbb970000 - 0x00007ffbbb997000 	C:\WINDOWS\SYSTEM32\WINMM.dll
0x00007ffbc1750000 - 0x00007ffbc175a000 	C:\WINDOWS\SYSTEM32\VERSION.dll
0x00007ffbce980000 - 0x00007ffbce992000 	C:\WINDOWS\SYSTEM32\kernel.appcore.dll
0x00007ffbc9960000 - 0x00007ffbc9971000 	C:\Program Files\Android\Android Studio1\jre\bin\verify.dll
0x00007ffbc1ac0000 - 0x00007ffbc1ca4000 	C:\WINDOWS\SYSTEM32\DBGHELP.DLL
0x00007ffbc1980000 - 0x00007ffbc19b4000 	C:\WINDOWS\SYSTEM32\dbgcore.DLL
0x00007ffbd0660000 - 0x00007ffbd06e2000 	C:\WINDOWS\System32\bcryptPrimitives.dll
0x00007ffbc0ec0000 - 0x00007ffbc0ee9000 	C:\Program Files\Android\Android Studio1\jre\bin\java.dll
0x00007ffbcb690000 - 0x00007ffbcb69b000 	C:\Program Files\Android\Android Studio1\jre\bin\jimage.dll
0x00007ffbc9830000 - 0x00007ffbc9848000 	C:\Program Files\Android\Android Studio1\jre\bin\zip.dll
0x00007ffbd0e50000 - 0x00007ffbd1594000 	C:\WINDOWS\System32\SHELL32.dll
0x00007ffbce030000 - 0x00007ffbce7c4000 	C:\WINDOWS\SYSTEM32\windows.storage.dll
0x00007ffbd1bf0000 - 0x00007ffbd1f44000 	C:\WINDOWS\System32\combase.dll
0x00007ffbcfa20000 - 0x00007ffbcfa4e000 	C:\WINDOWS\SYSTEM32\Wldp.dll
0x00007ffbd1a70000 - 0x00007ffbd1b1d000 	C:\WINDOWS\System32\SHCORE.dll
0x00007ffbd1f60000 - 0x00007ffbd1fb5000 	C:\WINDOWS\System32\shlwapi.dll
0x00007ffbd0060000 - 0x00007ffbd0085000 	C:\WINDOWS\SYSTEM32\profapi.dll
0x00007ffbc9580000 - 0x00007ffbc959a000 	C:\Program Files\Android\Android Studio1\jre\bin\net.dll
0x00007ffbc75e0000 - 0x00007ffbc76ea000 	C:\WINDOWS\SYSTEM32\WINHTTP.dll
0x00007ffbcf7a0000 - 0x00007ffbcf80a000 	C:\WINDOWS\system32\mswsock.dll
0x00007ffbc93e0000 - 0x00007ffbc93f4000 	C:\Program Files\Android\Android Studio1\jre\bin\nio.dll
0x00007ffbb84c0000 - 0x00007ffbb84e7000 	C:\Users\ADIT-PC\.gradle\native\e1d6ef7f7dcc3fd88c89a11ec53ec762bb8ba0a96d01ffa2cd45eb1d1d8dd5c5\windows-amd64\native-platform.dll
0x00007ffb9ce10000 - 0x00007ffb9cf54000 	C:\Users\ADIT-PC\.gradle\native\5664cfc778a61ccfe75a443a1ab52a65af34e5dc3c78e0209fed803814484fcb\windows-amd64\native-platform-file-events.dll
0x00007ffbcb1e0000 - 0x00007ffbcb1ea000 	C:\Program Files\Android\Android Studio1\jre\bin\management.dll
0x00007ffbc9ad0000 - 0x00007ffbc9add000 	C:\Program Files\Android\Android Studio1\jre\bin\management_ext.dll
0x00007ffbcfa60000 - 0x00007ffbcfa78000 	C:\WINDOWS\SYSTEM32\CRYPTSP.dll
0x00007ffbcf0e0000 - 0x00007ffbcf114000 	C:\WINDOWS\system32\rsaenh.dll
0x00007ffbd0340000 - 0x00007ffbd0367000 	C:\WINDOWS\System32\bcrypt.dll
0x00007ffbcffe0000 - 0x00007ffbd000e000 	C:\WINDOWS\SYSTEM32\USERENV.dll
0x00007ffbcf990000 - 0x00007ffbcf99c000 	C:\WINDOWS\SYSTEM32\CRYPTBASE.dll
0x00007ffbcf4b0000 - 0x00007ffbcf4ec000 	C:\WINDOWS\SYSTEM32\IPHLPAPI.DLL
0x00007ffbd0e40000 - 0x00007ffbd0e48000 	C:\WINDOWS\System32\NSI.dll
0x00007ffbc1f40000 - 0x00007ffbc1f57000 	C:\WINDOWS\SYSTEM32\dhcpcsvc6.DLL
0x00007ffbc1f20000 - 0x00007ffbc1f3d000 	C:\WINDOWS\SYSTEM32\dhcpcsvc.DLL
0x00007ffbcf500000 - 0x00007ffbcf5ca000 	C:\WINDOWS\SYSTEM32\DNSAPI.dll

dbghelp: loaded successfully - version: 4.0.5 - missing functions: none
symbol engine: initialized successfully - sym options: 0x614 - pdb path: .;C:\Program Files\Android\Android Studio1\jre\bin;C:\WINDOWS\SYSTEM32;C:\ProgramData\Symantec\Symantec Endpoint Protection\14.3.5413.3000.105\Data\Sysfer\x64;C:\WINDOWS\WinSxS\amd64_microsoft.windows.common-controls_6595b64144ccf1df_6.0.19041.1110_none_60b5254171f9507e;C:\Program Files\Android\Android Studio1\jre\bin\server;C:\Users\ADIT-PC\.gradle\native\e1d6ef7f7dcc3fd88c89a11ec53ec762bb8ba0a96d01ffa2cd45eb1d1d8dd5c5\windows-amd64;C:\Users\ADIT-PC\.gradle\native\5664cfc778a61ccfe75a443a1ab52a65af34e5dc3c78e0209fed803814484fcb\windows-amd64

VM Arguments:
jvm_args: --add-opens=java.base/java.util=ALL-UNNAMED --add-opens=java.base/java.lang=ALL-UNNAMED --add-opens=java.base/java.lang.invoke=ALL-UNNAMED --add-opens=java.base/java.util=ALL-UNNAMED --add-opens=java.prefs/java.util.prefs=ALL-UNNAMED --add-opens=java.prefs/java.util.prefs=ALL-UNNAMED --add-opens=java.base/java.nio.charset=ALL-UNNAMED --add-opens=java.base/java.net=ALL-UNNAMED --add-opens=java.base/java.util.concurrent.atomic=ALL-UNNAMED -Xmx2048m -Dfile.encoding=windows-1252 -Duser.country=ID -Duser.language=en -Duser.variant 
java_command: org.gradle.launcher.daemon.bootstrap.GradleDaemon 7.3.3
java_class_path (initial): C:\Users\ADIT-PC\.gradle\wrapper\dists\gradle-7.3.3-bin\6a41zxkdtcxs8rphpq6y0069z\gradle-7.3.3\lib\gradle-launcher-7.3.3.jar
Launcher Type: SUN_STANDARD

[Global flags]
     intx CICompilerCount                          = 3                                         {product} {ergonomic}
     uint ConcGCThreads                            = 1                                         {product} {ergonomic}
     uint G1ConcRefinementThreads                  = 4                                         {product} {ergonomic}
   size_t G1HeapRegionSize                         = 1048576                                   {product} {ergonomic}
    uintx GCDrainStackTargetSize                   = 64                                        {product} {ergonomic}
   size_t InitialHeapSize                          = 266338304                                 {product} {ergonomic}
   size_t MarkStackSize                            = 4194304                                   {product} {ergonomic}
   size_t MaxHeapSize                              = 2147483648                                {product} {command line}
   size_t MaxNewSize                               = 1287651328                                {product} {ergonomic}
   size_t MinHeapDeltaBytes                        = 1048576                                   {product} {ergonomic}
    uintx NonNMethodCodeHeapSize                   = 5830732                                {pd product} {ergonomic}
    uintx NonProfiledCodeHeapSize                  = 122913754                              {pd product} {ergonomic}
    uintx ProfiledCodeHeapSize                     = 122913754                              {pd product} {ergonomic}
    uintx ReservedCodeCacheSize                    = 251658240                              {pd product} {ergonomic}
     bool SegmentedCodeCache                       = true                                      {product} {ergonomic}
     bool UseCompressedClassPointers               = true                                 {lp64_product} {ergonomic}
     bool UseCompressedOops                        = true                                 {lp64_product} {ergonomic}
     bool UseG1GC                                  = true                                      {product} {ergonomic}
     bool UseLargePagesIndividualAllocation        = false                                  {pd product} {ergonomic}

Logging:
Log output configuration:
 #0: stdout all=warning uptime,level,tags
 #1: stderr all=off uptime,level,tags

Environment Variables:
JAVA_HOME=C:\Program Files\Java\jdk-15.0.2
CLASSPATH=.;
PATH=C:\Program Files\Common Files\Oracle\Java\javapath;C:\Python311\Scripts\;C:\Python311\;C:\Python310\Scripts\;C:\Python310\;C:\Python27\;C:\Python27\Scripts;C:\Program Files (x86)\Common Files\Oracle\Java\javapath;C:\Program Files\Docker\Docker\Resources\bin;C:\ProgramData\Oracle\Java\javapath;C:\Program Files (x86)\Intel\iCLS Client\;C:\Program Files\Intel\iCLS Client\;C:\WINDOWS\system32;C:\WINDOWS;C:\WINDOWS\System32\Wbem;C:\WINDOWS\System32\WindowsPowerShell\v1.0\;C:\Program Files (x86)\Intel\Intel(R) Management Engine Components\DAL;C:\Program Files\Intel\Intel(R) Management Engine Components\DAL;C:\Program Files (x86)\Intel\Intel(R) Management Engine Components\IPT;C:\Program Files\Intel\Intel(R) Management Engine Components\IPT;C:\Program Files\Java\jre1.8.0_162\bin;C:\Program Files (x86)\GtkSharp\2.12\bin;C:\Program Files\PuTTY\;C:\Program Files\Java\jdk1.8.0_162\bin;C:\PROGRA~2\Groovy\GROOVY~1.15\bin;C:\WINDOWS\System32\OpenSSH\;C:\xampp\php;C:\Program Files (x86)\Microsoft SQL Server\Client SDK\ODBC\130\Tools\Binn\;C:\Program Files (x86)\Microsoft SQL Server\140\Tools\Binn\;C:\Program Files (x86)\Microsoft SQL Server\140\DTS\Binn\;C:\Program Files (x86)\Microsoft SQL Server\140\Tools\Binn\ManagementStudio\;c:\Program Files (x86)\Microsoft SQL Server\110\Tools\Binn\;c:\Program Files\Microsoft SQL Server\110\Tools\Binn\;c:\Program Files\Microsoft SQL Server\110\DTS\Binn\;C:\composer;C:\Flutter\flutter\bin;C:\Bitnami\wampstack-5.6.39-0\php;C:\ProgramData\chocolatey\bin;C:\Program Files (x86)\Yarn\bin\;C:\Program Files\Java\jdk1.8.0_211\bin;C:\Program Files\OpenJDK\openjdk-8u312-b07\bin;C:\Program Files\nodejs\;C:\Program Files\Git\cmd;C:\Users\ADIT-PC\AppData\Local\Microsoft\WindowsApps;C:\Users\ADIT-PC\AppData\Local\Android\Sdk\platform-tools;C:\Users\ADIT-PC\AppData\Roaming\npm;C:\Users\ADIT-PC\AppData\Local\Programs\Microsoft VS Code\bin;C:\Users\ADIT-PC\AppData\Local\Android\Sdk;C:\src\flutter\bin;C:\Users\ADIT-PC\AppData\Local\GitHubDesktop\bin;C:\Users
USERNAME=ADIT-PC
OS=Windows_NT
PROCESSOR_IDENTIFIER=Intel64 Family 6 Model 94 Stepping 3, GenuineIntel



---------------  S Y S T E M  ---------------

OS: Windows 10 , 64 bit Build 19041 (10.0.19041.3155)
OS uptime: 3 days 21:56 hours
Hyper-V role detected

CPU:total 4 (initial active 4) (4 cores per cpu, 1 threads per core) family 6 model 94 stepping 3 microcode 0xf0, cmov, cx8, fxsr, mmx, sse, sse2, sse3, ssse3, sse4.1, sse4.2, popcnt, avx, avx2, aes, clmul, erms, rtm, 3dnowpref, lzcnt, tsc, tscinvbit, bmi1, bmi2, adx, fma

Memory: 4k page, system-wide physical 16247M (2699M free)
TotalPageFile size 25028M (AvailPageFile size 5M)
current process WorkingSet (physical memory assigned to process): 246M, peak: 246M
current process commit charge ("private bytes"): 403M, peak: 403M

vm_info: OpenJDK 64-Bit Server VM (11.0.12+7-b1504.28-7817840) for windows-amd64 JRE (11.0.12+7-b1504.28-7817840), built on Oct 13 2021 22:12:33 by "builder" with MS VC++ 14.0 (VS2015)

END.
