#
# There is insufficient memory for the Java Runtime Environment to continue.
# Native memory allocation (malloc) failed to allocate 32744 bytes for ChunkPool::allocate
# Possible reasons:
#   The system is out of physical RAM or swap space
#   The process is running with CompressedOops enabled, and the Java Heap may be blocking the growth of the native heap
# Possible solutions:
#   Reduce memory load on the system
#   Increase physical memory or swap space
#   Check if swap backing store is full
#   Decrease Java heap size (-Xmx/-Xms)
#   Decrease number of Java threads
#   Decrease Java thread stack sizes (-Xss)
#   Set larger code cache with -XX:ReservedCodeCacheSize=
#   JVM is running with Unscaled Compressed Oops mode in which the Java heap is
#     placed in the first 4GB address space. The Java Heap base address is the
#     maximum limit for the native heap growth. Please use -XX:HeapBaseMinAddress
#     to set the Java Heap base and to place the Java Heap above 4GB virtual address.
# This output file may be truncated or incomplete.
#
#  Out of Memory Error (allocation.cpp:272), pid=16816, tid=0x0000000000001818
#
# JRE version: OpenJDK Runtime Environment (8.0_242-b01) (build 1.8.0_242-release-1644-b01)
# Java VM: OpenJDK 64-Bit Server VM (25.242-b01 mixed mode windows-amd64 compressed oops)
# Failed to write core dump. Minidumps are not enabled by default on client versions of Windows
#

---------------  T H R E A D  ---------------

Current thread (0x0000000017a45000):  JavaThread "C2 CompilerThread0" daemon [_thread_in_native, id=6168, stack(0x00000000190a0000,0x00000000191a0000)]

Stack: [0x00000000190a0000,0x00000000191a0000]
[error occurred during error reporting (printing stack bounds), id 0xc0000005]

Native frames: (J=compiled Java code, j=interpreted, Vv=VM code, C=native code)


Current CompileTask:
C2:   5292 1506       4       java.net.URLClassLoader$1::run (5 bytes)


---------------  P R O C E S S  ---------------

Java Threads: ( => current thread )
  0x000000001b85a800 JavaThread "Cache worker for file hash cache (C:\Users\ADIT-PC\.gradle\caches\6.1.1\fileHashes)" [_thread_blocked, id=18888, stack(0x000000001d820000,0x000000001d920000)]
  0x000000001b85b000 JavaThread "File lock request listener" [_thread_in_native, id=22752, stack(0x000000001d720000,0x000000001d820000)]
  0x000000001b859000 JavaThread "Cache worker for journal cache (C:\Users\ADIT-PC\.gradle\caches\journal-1)" [_thread_blocked, id=1480, stack(0x000000001d620000,0x000000001d720000)]
  0x000000001b5c7800 JavaThread "Thread-9" [_thread_blocked, id=10392, stack(0x000000001d320000,0x000000001d420000)]
  0x000000001b5c4000 JavaThread "Stdin handler" [_thread_blocked, id=23372, stack(0x000000001d220000,0x000000001d320000)]
  0x000000001b5bb800 JavaThread "Asynchronous log dispatcher for DefaultDaemonConnection: socket connection from /127.0.0.1:20357 to /127.0.0.1:20358" [_thread_blocked, id=22796, stack(0x000000001d120000,0x000000001d220000)]
  0x000000001b5aa800 JavaThread "Daemon worker" [_thread_in_native, id=21364, stack(0x000000001d020000,0x000000001d120000)]
  0x000000001b5aa000 JavaThread "Cancel handler" [_thread_blocked, id=12828, stack(0x000000001cf20000,0x000000001d020000)]
  0x000000001b58a000 JavaThread "Handler for socket connection from /127.0.0.1:20357 to /127.0.0.1:20358" [_thread_in_native, id=22236, stack(0x000000001cc20000,0x000000001cd20000)]
  0x000000001b589000 JavaThread "Daemon" [_thread_blocked, id=8720, stack(0x000000001cb20000,0x000000001cc20000)]
  0x000000001b511000 JavaThread "Daemon periodic checks" [_thread_blocked, id=7904, stack(0x000000001ca20000,0x000000001cb20000)]
  0x000000001b50e800 JavaThread "Incoming local TCP Connector on port 20357" [_thread_in_native, id=4388, stack(0x0000000019aa0000,0x0000000019ba0000)]
  0x000000001b4ee800 JavaThread "Daemon health stats" [_thread_blocked, id=7528, stack(0x00000000199a0000,0x0000000019aa0000)]
  0x00000000192a6000 JavaThread "Service Thread" daemon [_thread_blocked, id=2632, stack(0x00000000197a0000,0x00000000198a0000)]
  0x00000000192a2000 JavaThread "C1 CompilerThread2" daemon [_thread_blocked, id=7732, stack(0x00000000196a0000,0x00000000197a0000)]
  0x0000000017a4b000 JavaThread "C2 CompilerThread1" daemon [_thread_in_native, id=16432, stack(0x00000000191a0000,0x00000000192a0000)]
=>0x0000000017a45000 JavaThread "C2 CompilerThread0" daemon [_thread_in_native, id=6168, stack(0x00000000190a0000,0x00000000191a0000)]
  0x0000000017a43800 JavaThread "Attach Listener" daemon [_thread_blocked, id=13092, stack(0x0000000018fa0000,0x00000000190a0000)]
  0x0000000017a42800 JavaThread "Signal Dispatcher" daemon [_thread_blocked, id=21184, stack(0x0000000018ea0000,0x0000000018fa0000)]
  0x0000000002e16000 JavaThread "Finalizer" daemon [_thread_blocked, id=22812, stack(0x0000000018ca0000,0x0000000018da0000)]
  0x0000000017a29000 JavaThread "Reference Handler" daemon [_thread_blocked, id=21960, stack(0x0000000018ba0000,0x0000000018ca0000)]
  0x0000000002d22800 JavaThread "main" [_thread_blocked, id=20604, stack(0x0000000002b80000,0x0000000002c80000)]

Other Threads:
  0x0000000017a06000 VMThread [stack: 0x0000000018aa0000,0x0000000018ba0000] [id=4724]
  0x00000000192a7000 WatcherThread [stack: 0x00000000198a0000,0x00000000199a0000] [id=19176]

VM state:not at safepoint (normal execution)

VM Mutex/Monitor currently owned by a thread: None

heap address: 0x0000000080000000, size: 2048 MB, Compressed Oops mode: 32-bit
Narrow klass base: 0x0000000000000000, Narrow klass shift: 3
Compressed class space size: 1073741824 Address: 0x0000000100000000

Heap:
 PSYoungGen      total 74752K, used 28365K [0x00000000d5580000, 0x00000000de880000, 0x0000000100000000)
  eden space 65024K, 29% used [0x00000000d5580000,0x00000000d6831be0,0x00000000d9500000)
  from space 9728K, 94% used [0x00000000ddf00000,0x00000000de801b70,0x00000000de880000)
  to   space 10752K, 0% used [0x00000000dd380000,0x00000000dd380000,0x00000000dde00000)
 ParOldGen       total 173568K, used 16K [0x0000000080000000, 0x000000008a980000, 0x00000000d5580000)
  object space 173568K, 0% used [0x0000000080000000,0x0000000080004000,0x000000008a980000)
 Metaspace       used 15732K, capacity 16178K, committed 16512K, reserved 1062912K
  class space    used 2128K, capacity 2317K, committed 2432K, reserved 1048576K

Card table byte_map: [0x00000000121e0000,0x00000000125f0000] byte_map_base: 0x0000000011de0000

Marking Bits: (ParMarkBitMap*) 0x000000006065f030
 Begin Bits: [0x0000000012ca0000, 0x0000000014ca0000)
 End Bits:   [0x0000000014ca0000, 0x0000000016ca0000)

Polling page: 0x0000000000f50000

CodeCache: size=245760Kb used=5515Kb max_used=5526Kb free=240244Kb
 bounds [0x0000000002e20000, 0x0000000003390000, 0x0000000011e20000]
 total_blobs=1926 nmethods=1533 adapters=306
 compilation: enabled

Compilation events (10 events):
Event: 5.221 Thread 0x00000000192a2000 nmethod 1529 0x0000000003382850 code [0x0000000003382a20, 0x0000000003383248]
Event: 5.253 Thread 0x00000000192a2000 1530       3       java.io.WinNTFileSystem::parentOrNull (171 bytes)
Event: 5.254 Thread 0x00000000192a2000 nmethod 1530 0x00000000033838d0 code [0x0000000003383b00, 0x0000000003384878]
Event: 5.254 Thread 0x00000000192a2000 1531       3       java.lang.invoke.DirectMethodHandle::internalMemberName (8 bytes)
Event: 5.254 Thread 0x00000000192a2000 nmethod 1531 0x0000000003373bd0 code [0x0000000003373d40, 0x0000000003373f70]
Event: 5.255 Thread 0x00000000192a2000 1532       3       sun.reflect.ReflectionFactory::inflationThreshold (4 bytes)
Event: 5.255 Thread 0x00000000192a2000 nmethod 1532 0x00000000033738d0 code [0x0000000003373a20, 0x0000000003373b50]
Event: 5.261 Thread 0x0000000017a4b000 1533       4       java.lang.Object::equals (11 bytes)
Event: 5.261 Thread 0x0000000017a4b000 nmethod 1533 0x0000000003373650 code [0x0000000003373780, 0x00000000033737f8]
Event: 5.268 Thread 0x0000000017a4b000 1535   !   4       java.net.URLClassLoader$1::run (63 bytes)

GC Heap History (4 events):
Event: 2.634 GC heap before
{Heap before GC invocations=1 (full 0):
 PSYoungGen      total 75776K, used 65024K [0x00000000d5580000, 0x00000000daa00000, 0x0000000100000000)
  eden space 65024K, 100% used [0x00000000d5580000,0x00000000d9500000,0x00000000d9500000)
  from space 10752K, 0% used [0x00000000d9f80000,0x00000000d9f80000,0x00000000daa00000)
  to   space 10752K, 0% used [0x00000000d9500000,0x00000000d9500000,0x00000000d9f80000)
 ParOldGen       total 173568K, used 0K [0x0000000080000000, 0x000000008a980000, 0x00000000d5580000)
  object space 173568K, 0% used [0x0000000080000000,0x0000000080000000,0x000000008a980000)
 Metaspace       used 7712K, capacity 7894K, committed 8064K, reserved 1056768K
  class space    used 938K, capacity 1034K, committed 1152K, reserved 1048576K
Event: 2.667 GC heap after
Heap after GC invocations=1 (full 0):
 PSYoungGen      total 75776K, used 5734K [0x00000000d5580000, 0x00000000de980000, 0x0000000100000000)
  eden space 65024K, 0% used [0x00000000d5580000,0x00000000d5580000,0x00000000d9500000)
  from space 10752K, 53% used [0x00000000d9500000,0x00000000d9a99a18,0x00000000d9f80000)
  to   space 10752K, 0% used [0x00000000ddf00000,0x00000000ddf00000,0x00000000de980000)
 ParOldGen       total 173568K, used 8K [0x0000000080000000, 0x000000008a980000, 0x00000000d5580000)
  object space 173568K, 0% used [0x0000000080000000,0x0000000080002000,0x000000008a980000)
 Metaspace       used 7712K, capacity 7894K, committed 8064K, reserved 1056768K
  class space    used 938K, capacity 1034K, committed 1152K, reserved 1048576K
}
Event: 4.982 GC heap before
{Heap before GC invocations=2 (full 0):
 PSYoungGen      total 75776K, used 70758K [0x00000000d5580000, 0x00000000de980000, 0x0000000100000000)
  eden space 65024K, 100% used [0x00000000d5580000,0x00000000d9500000,0x00000000d9500000)
  from space 10752K, 53% used [0x00000000d9500000,0x00000000d9a99a18,0x00000000d9f80000)
  to   space 10752K, 0% used [0x00000000ddf00000,0x00000000ddf00000,0x00000000de980000)
 ParOldGen       total 173568K, used 8K [0x0000000080000000, 0x000000008a980000, 0x00000000d5580000)
  object space 173568K, 0% used [0x0000000080000000,0x0000000080002000,0x000000008a980000)
 Metaspace       used 14824K, capacity 15244K, committed 15488K, reserved 1062912K
  class space    used 1954K, capacity 2090K, committed 2176K, reserved 1048576K
Event: 4.996 GC heap after
Heap after GC invocations=2 (full 0):
 PSYoungGen      total 74752K, used 9222K [0x00000000d5580000, 0x00000000de880000, 0x0000000100000000)
  eden space 65024K, 0% used [0x00000000d5580000,0x00000000d5580000,0x00000000d9500000)
  from space 9728K, 94% used [0x00000000ddf00000,0x00000000de801b70,0x00000000de880000)
  to   space 10752K, 0% used [0x00000000dd380000,0x00000000dd380000,0x00000000dde00000)
 ParOldGen       total 173568K, used 16K [0x0000000080000000, 0x000000008a980000, 0x00000000d5580000)
  object space 173568K, 0% used [0x0000000080000000,0x0000000080004000,0x000000008a980000)
 Metaspace       used 14824K, capacity 15244K, committed 15488K, reserved 1062912K
  class space    used 1954K, capacity 2090K, committed 2176K, reserved 1048576K
}

Deoptimization events (10 events):
Event: 4.511 Thread 0x000000001b58a000 Uncommon trap: reason=unstable_if action=reinterpret pc=0x000000000317088c method=java.lang.String.substring(I)Ljava/lang/String; @ 35
Event: 4.606 Thread 0x000000001b5aa800 Uncommon trap: reason=bimorphic action=maybe_recompile pc=0x00000000030ba850 method=java.util.HashMap.putVal(ILjava/lang/Object;Ljava/lang/Object;ZZ)Ljava/lang/Object; @ 253
Event: 4.606 Thread 0x000000001b5aa800 Uncommon trap: reason=bimorphic action=maybe_recompile pc=0x00000000030ba850 method=java.util.HashMap.putVal(ILjava/lang/Object;Ljava/lang/Object;ZZ)Ljava/lang/Object; @ 253
Event: 4.606 Thread 0x000000001b5aa800 Uncommon trap: reason=bimorphic action=maybe_recompile pc=0x00000000030ba850 method=java.util.HashMap.putVal(ILjava/lang/Object;Ljava/lang/Object;ZZ)Ljava/lang/Object; @ 253
Event: 4.606 Thread 0x000000001b5aa800 Uncommon trap: reason=bimorphic action=maybe_recompile pc=0x00000000030ba850 method=java.util.HashMap.putVal(ILjava/lang/Object;Ljava/lang/Object;ZZ)Ljava/lang/Object; @ 253
Event: 4.606 Thread 0x000000001b5aa800 Uncommon trap: reason=bimorphic action=maybe_recompile pc=0x00000000030bebbc method=java.util.HashMap.putVal(ILjava/lang/Object;Ljava/lang/Object;ZZ)Ljava/lang/Object; @ 253
Event: 4.890 Thread 0x000000001b5aa800 Uncommon trap: reason=class_check action=maybe_recompile pc=0x000000000317a018 method=java.util.regex.Matcher.match(II)Z @ 86
Event: 4.891 Thread 0x000000001b5aa800 Uncommon trap: reason=class_check action=maybe_recompile pc=0x000000000317a018 method=java.util.regex.Matcher.match(II)Z @ 86
Event: 4.891 Thread 0x000000001b5aa800 Uncommon trap: reason=class_check action=maybe_recompile pc=0x000000000317a018 method=java.util.regex.Matcher.match(II)Z @ 86
Event: 4.891 Thread 0x000000001b5aa800 Uncommon trap: reason=class_check action=maybe_recompile pc=0x0000000002febb1c method=java.util.regex.Matcher.match(II)Z @ 86

Classes redefined (0 events):
No events

Internal exceptions (10 events):
Event: 4.496 Thread 0x000000001b58a000 Exception <a 'java/lang/NoSuchMethodError': <clinit>> (0x00000000d7680c10) thrown at [C:\src\AOSP-openjdk-git\hotspot\src\share\vm\prims\jni.cpp, line 1615]
Event: 4.500 Thread 0x000000001b58a000 Exception <a 'java/lang/NoSuchMethodError': <clinit>> (0x00000000d7693648) thrown at [C:\src\AOSP-openjdk-git\hotspot\src\share\vm\prims\jni.cpp, line 1615]
Event: 4.503 Thread 0x000000001b58a000 Exception <a 'java/lang/NoSuchMethodError': <clinit>> (0x00000000d76ba368) thrown at [C:\src\AOSP-openjdk-git\hotspot\src\share\vm\prims\jni.cpp, line 1615]
Event: 4.505 Thread 0x000000001b58a000 Exception <a 'java/lang/NoSuchMethodError': <clinit>> (0x00000000d76d1fb0) thrown at [C:\src\AOSP-openjdk-git\hotspot\src\share\vm\prims\jni.cpp, line 1615]
Event: 4.506 Thread 0x000000001b58a000 Exception <a 'java/lang/NoSuchMethodError': <clinit>> (0x00000000d76dab50) thrown at [C:\src\AOSP-openjdk-git\hotspot\src\share\vm\prims\jni.cpp, line 1615]
Event: 4.509 Thread 0x000000001b58a000 Exception <a 'java/lang/NoSuchMethodError': <clinit>> (0x00000000d76f0f38) thrown at [C:\src\AOSP-openjdk-git\hotspot\src\share\vm\prims\jni.cpp, line 1615]
Event: 4.520 Thread 0x000000001b58a000 Exception <a 'java/lang/NoSuchMethodError': <clinit>> (0x00000000d774b420) thrown at [C:\src\AOSP-openjdk-git\hotspot\src\share\vm\prims\jni.cpp, line 1615]
Event: 4.526 Thread 0x000000001b58a000 Exception <a 'java/lang/NoSuchMethodError': <clinit>> (0x00000000d7777dc0) thrown at [C:\src\AOSP-openjdk-git\hotspot\src\share\vm\prims\jni.cpp, line 1615]
Event: 4.545 Thread 0x000000001b58a000 Exception <a 'java/lang/NoSuchMethodError': <clinit>> (0x00000000d77a5048) thrown at [C:\src\AOSP-openjdk-git\hotspot\src\share\vm\prims\jni.cpp, line 1615]
Event: 4.558 Thread 0x000000001b58a000 Exception <a 'java/lang/NoSuchMethodError': <clinit>> (0x00000000d77b00d0) thrown at [C:\src\AOSP-openjdk-git\hotspot\src\share\vm\prims\jni.cpp, line 1615]

Events (10 events):
Event: 5.266 loading class org/gradle/tooling/provider/model/ToolingModelBuilder
Event: 5.266 loading class org/gradle/tooling/provider/model/ToolingModelBuilder done
Event: 5.266 loading class org/gradle/profile/BuildProfileServices$1
Event: 5.266 loading class org/gradle/profile/BuildProfileServices$1 done
Event: 5.266 loading class org/gradle/internal/service/scopes/BuildScopeListenerManagerAction
Event: 5.266 loading class org/gradle/internal/service/scopes/BuildScopeListenerManagerAction done
Event: 5.267 loading class org/gradle/profile/ReportGeneratingProfileListener
Event: 5.267 loading class org/gradle/profile/ReportGeneratingProfileListener done
Event: 5.267 loading class org/gradle/profile/ProfileListener
Event: 5.267 loading class org/gradle/profile/ProfileListener done


Dynamic libraries:
0x00007ff684640000 - 0x00007ff684671000 	C:\Program Files\Android\Android Studio\jre\bin\java.exe
0x00007ffe29550000 - 0x00007ffe29745000 	C:\WINDOWS\SYSTEM32\ntdll.dll
0x00007ffe289c0000 - 0x00007ffe28a7d000 	C:\WINDOWS\System32\KERNEL32.DLL
0x00007ffe27170000 - 0x00007ffe2743d000 	C:\WINDOWS\System32\KERNELBASE.dll
0x0000000061d70000 - 0x0000000061e1f000 	C:\ProgramData\Symantec\Symantec Endpoint Protection\14.3.5413.3000.105\Data\Sysfer\x64\sysfer.dll
0x00007ffe28910000 - 0x00007ffe289be000 	C:\WINDOWS\System32\ADVAPI32.dll
0x00007ffe27ef0000 - 0x00007ffe27f8e000 	C:\WINDOWS\System32\msvcrt.dll
0x00007ffe29470000 - 0x00007ffe2950c000 	C:\WINDOWS\System32\sechost.dll
0x00007ffe278e0000 - 0x00007ffe27a05000 	C:\WINDOWS\System32\RPCRT4.dll
0x00007ffe27cc0000 - 0x00007ffe27e60000 	C:\WINDOWS\System32\USER32.dll
0x00007ffe26ed0000 - 0x00007ffe26ef2000 	C:\WINDOWS\System32\win32u.dll
0x00007ffe278b0000 - 0x00007ffe278da000 	C:\WINDOWS\System32\GDI32.dll
0x00007ffe26c60000 - 0x00007ffe26d6b000 	C:\WINDOWS\System32\gdi32full.dll
0x00007ffe27440000 - 0x00007ffe274dd000 	C:\WINDOWS\System32\msvcp_win.dll
0x00007ffe27070000 - 0x00007ffe27170000 	C:\WINDOWS\System32\ucrtbase.dll
0x00007ffe12b00000 - 0x00007ffe12d9a000 	C:\WINDOWS\WinSxS\amd64_microsoft.windows.common-controls_6595b64144ccf1df_6.0.19041.1110_none_60b5254171f9507e\COMCTL32.dll
0x00007ffe28a80000 - 0x00007ffe28ab0000 	C:\WINDOWS\System32\IMM32.DLL
0x0000000061c90000 - 0x0000000061d62000 	C:\Program Files\Android\Android Studio\jre\jre\bin\msvcr100.dll
0x000000005fe90000 - 0x00000000606db000 	C:\Program Files\Android\Android Studio\jre\jre\bin\server\jvm.dll
0x00007ffe28bc0000 - 0x00007ffe28bc8000 	C:\WINDOWS\System32\PSAPI.DLL
0x00007ffe148d0000 - 0x00007ffe148d9000 	C:\WINDOWS\SYSTEM32\WSOCK32.dll
0x00007ffe27c50000 - 0x00007ffe27cbb000 	C:\WINDOWS\System32\WS2_32.dll
0x00007ffe12fa0000 - 0x00007ffe12fc7000 	C:\WINDOWS\SYSTEM32\WINMM.dll
0x00007ffe1d640000 - 0x00007ffe1d64a000 	C:\WINDOWS\SYSTEM32\VERSION.dll
0x00007ffe241f0000 - 0x00007ffe241ff000 	C:\Program Files\Android\Android Studio\jre\jre\bin\verify.dll
0x00007ffe163a0000 - 0x00007ffe163c9000 	C:\Program Files\Android\Android Studio\jre\jre\bin\java.dll
0x00007ffe21f30000 - 0x00007ffe21f46000 	C:\Program Files\Android\Android Studio\jre\jre\bin\zip.dll
0x00007ffe28d00000 - 0x00007ffe29444000 	C:\WINDOWS\System32\SHELL32.dll
0x00007ffe24bb0000 - 0x00007ffe25344000 	C:\WINDOWS\SYSTEM32\windows.storage.dll
0x00007ffe27f90000 - 0x00007ffe282e4000 	C:\WINDOWS\System32\combase.dll
0x00007ffe26510000 - 0x00007ffe2653c000 	C:\WINDOWS\SYSTEM32\Wldp.dll
0x00007ffe27b30000 - 0x00007ffe27bdd000 	C:\WINDOWS\System32\SHCORE.dll
0x00007ffe28300000 - 0x00007ffe28355000 	C:\WINDOWS\System32\shlwapi.dll
0x00007ffe26ba0000 - 0x00007ffe26bbf000 	C:\WINDOWS\SYSTEM32\profapi.dll
0x00007ffe214e0000 - 0x00007ffe214fa000 	C:\Program Files\Android\Android Studio\jre\jre\bin\net.dll
0x00007ffe262f0000 - 0x00007ffe2635a000 	C:\WINDOWS\system32\mswsock.dll
0x00007ffe15d20000 - 0x00007ffe15d33000 	C:\Program Files\Android\Android Studio\jre\jre\bin\nio.dll
0x00007ffe1bb50000 - 0x00007ffe1bb76000 	C:\Users\ADIT-PC\.gradle\native\31\windows-amd64\native-platform.dll
0x00007ffe22710000 - 0x00007ffe2271d000 	C:\Program Files\Android\Android Studio\jre\jre\bin\management.dll
0x00007ffe265c0000 - 0x00007ffe265d8000 	C:\WINDOWS\SYSTEM32\CRYPTSP.dll
0x00007ffe25c90000 - 0x00007ffe25cc4000 	C:\WINDOWS\system32\rsaenh.dll
0x00007ffe26f00000 - 0x00007ffe26f27000 	C:\WINDOWS\System32\bcrypt.dll
0x00007ffe26b60000 - 0x00007ffe26b8e000 	C:\WINDOWS\SYSTEM32\USERENV.dll
0x00007ffe26fe0000 - 0x00007ffe27062000 	C:\WINDOWS\System32\bcryptprimitives.dll
0x00007ffe26480000 - 0x00007ffe2648c000 	C:\WINDOWS\SYSTEM32\CRYPTBASE.dll
0x00007ffe26000000 - 0x00007ffe2603b000 	C:\WINDOWS\SYSTEM32\IPHLPAPI.DLL
0x00007ffe282f0000 - 0x00007ffe282f8000 	C:\WINDOWS\System32\NSI.dll
0x00007ffe20430000 - 0x00007ffe20447000 	C:\WINDOWS\SYSTEM32\dhcpcsvc6.DLL
0x00007ffe20210000 - 0x00007ffe2022d000 	C:\WINDOWS\SYSTEM32\dhcpcsvc.DLL
0x00007ffe26050000 - 0x00007ffe2611b000 	C:\WINDOWS\SYSTEM32\DNSAPI.dll

VM Arguments:
jvm_args: -Xmx2048m -Dfile.encoding=windows-1252 -Duser.country=ID -Duser.language=en -Duser.variant 
java_command: org.gradle.launcher.daemon.bootstrap.GradleDaemon 6.1.1
java_class_path (initial): C:\Users\ADIT-PC\.gradle\wrapper\dists\gradle-6.1.1-all\cfmwm155h49vnt3hynmlrsdst\gradle-6.1.1\lib\gradle-launcher-6.1.1.jar
Launcher Type: SUN_STANDARD

Environment Variables:
JAVA_HOME=C:\Program Files\Java\jdk-15.0.2
CLASSPATH=.;
PATH=C:\Program Files\Common Files\Oracle\Java\javapath;C:\Python311\Scripts\;C:\Python311\;C:\Python310\Scripts\;C:\Python310\;C:\Python27\;C:\Python27\Scripts;C:\Program Files (x86)\Common Files\Oracle\Java\javapath;C:\Program Files\Docker\Docker\Resources\bin;C:\ProgramData\Oracle\Java\javapath;C:\Program Files (x86)\Intel\iCLS Client\;C:\Program Files\Intel\iCLS Client\;C:\WINDOWS\system32;C:\WINDOWS;C:\WINDOWS\System32\Wbem;C:\WINDOWS\System32\WindowsPowerShell\v1.0\;C:\Program Files (x86)\Intel\Intel(R) Management Engine Components\DAL;C:\Program Files\Intel\Intel(R) Management Engine Components\DAL;C:\Program Files (x86)\Intel\Intel(R) Management Engine Components\IPT;C:\Program Files\Intel\Intel(R) Management Engine Components\IPT;C:\Program Files\Java\jre1.8.0_162\bin;C:\Program Files (x86)\GtkSharp\2.12\bin;C:\Program Files\PuTTY\;C:\Program Files\Java\jdk1.8.0_162\bin;C:\PROGRA~2\Groovy\GROOVY~1.15\bin;C:\WINDOWS\System32\OpenSSH\;C:\xampp\php;C:\Program Files (x86)\Microsoft SQL Server\Client SDK\ODBC\130\Tools\Binn\;C:\Program Files (x86)\Microsoft SQL Server\140\Tools\Binn\;C:\Program Files (x86)\Microsoft SQL Server\140\DTS\Binn\;C:\Program Files (x86)\Microsoft SQL Server\140\Tools\Binn\ManagementStudio\;c:\Program Files (x86)\Microsoft SQL Server\110\Tools\Binn\;c:\Program Files\Microsoft SQL Server\110\Tools\Binn\;c:\Program Files\Microsoft SQL Server\110\DTS\Binn\;C:\composer;C:\Flutter\flutter\bin;C:\Bitnami\wampstack-5.6.39-0\php;C:\ProgramData\chocolatey\bin;C:\Program Files (x86)\Yarn\bin\;C:\Program Files\Java\jdk1.8.0_211\bin;C:\Program Files\OpenJDK\openjdk-8u312-b07\bin;C:\Program Files\nodejs\;C:\Program Files\Git\cmd;C:\Users\ADIT-PC\AppData\Local\Microsoft\WindowsApps;C:\Users\ADIT-PC\AppData\Local\Android\Sdk\platform-tools;C:\Users\ADIT-PC\AppData\Roaming\npm;C:\Users\ADIT-PC\AppData\Local\Programs\Microsoft VS Code\bin;C:\Users\ADIT-PC\AppData\Local\Android\Sdk;C:\src\flutter\bin;
USERNAME=ADIT-PC
OS=Windows_NT
PROCESSOR_IDENTIFIER=Intel64 Family 6 Model 94 Stepping 3, GenuineIntel



---------------  S Y S T E M  ---------------

OS: Windows 10.0 , 64 bit Build 19041 (10.0.19041.1706)

CPU:total 4 (initial active 4) (4 cores per cpu, 1 threads per core) family 6 model 94 stepping 3, cmov, cx8, fxsr, mmx, sse, sse2, sse3, ssse3, sse4.1, sse4.2, popcnt, avx, avx2, aes, clmul, erms, rtm, 3dnowpref, lzcnt, tsc, tscinvbit, bmi1, bmi2, adx

Memory: 4k page, physical 16638028k(3080372k free), swap 25629772k(9068k free)

vm_info: OpenJDK 64-Bit Server VM (25.242-b01) for windows-amd64 JRE (1.8.0_242-release-1644-b01), built by "builder" with MS VC++ 10.0 (VS2010)

time: Thu Jun 16 07:52:48 2022
timezone: SE Asia Standard Time
elapsed time: 5 seconds (0d 0h 0m 5s)

