#
# There is insufficient memory for the Java Runtime Environment to continue.
# Native memory allocation (malloc) failed to allocate 1716976 bytes for Chunk::new
# Possible reasons:
#   The system is out of physical RAM or swap space
#   The process is running with CompressedOops enabled, and the Java Heap may be blocking the growth of the native heap
# Possible solutions:
#   Reduce memory load on the system
#   Increase physical memory or swap space
#   Check if swap backing store is full
#   Decrease Java heap size (-Xmx/-Xms)
#   Decrease number of Java threads
#   Decrease Java thread stack sizes (-Xss)
#   Set larger code cache with -XX:ReservedCodeCacheSize=
#   JVM is running with Unscaled Compressed Oops mode in which the Java heap is
#     placed in the first 4GB address space. The Java Heap base address is the
#     maximum limit for the native heap growth. Please use -XX:HeapBaseMinAddress
#     to set the Java Heap base and to place the Java Heap above 4GB virtual address.
# This output file may be truncated or incomplete.
#
#  Out of Memory Error (arena.cpp:189), pid=15416, tid=22916
#
# JRE version: OpenJDK Runtime Environment (17.0.6) (build 17.0.6+0-b2043.56-10027231)
# Java VM: OpenJDK 64-Bit Server VM (17.0.6+0-b2043.56-10027231, mixed mode, tiered, compressed oops, compressed class ptrs, g1 gc, windows-amd64)
# No core dump will be written. Minidumps are not enabled by default on client versions of Windows
#

---------------  S U M M A R Y ------------

Command Line: --add-opens=java.base/java.util=ALL-UNNAMED --add-opens=java.base/java.lang=ALL-UNNAMED --add-opens=java.base/java.lang.invoke=ALL-UNNAMED --add-opens=java.prefs/java.util.prefs=ALL-UNNAMED --add-opens=java.base/java.nio.charset=ALL-UNNAMED --add-opens=java.base/java.net=ALL-UNNAMED --add-opens=java.base/java.util.concurrent.atomic=ALL-UNNAMED -Xmx2048m -Dfile.encoding=windows-1252 -Duser.country=ID -Duser.language=en -Duser.variant org.gradle.launcher.daemon.bootstrap.GradleDaemon 8.0

Host: Intel(R) Core(TM) i5-6500 CPU @ 3.20GHz, 4 cores, 15G,  Windows 10 , 64 bit Build 19041 (10.0.19041.3636)
Time: Thu Feb  8 10:37:18 2024 SE Asia Standard Time elapsed time: 228.740827 seconds (0d 0h 3m 48s)

---------------  T H R E A D  ---------------

Current thread (0x000001bb484924b0):  JavaThread "C2 CompilerThread0" daemon [_thread_in_native, id=22916, stack(0x0000002b68f00000,0x0000002b69000000)]


Current CompileTask:
C2: 228740 17076       4       org.gradle.internal.component.model.ComponentAttributeMatcher::match (284 bytes)

Stack: [0x0000002b68f00000,0x0000002b69000000]
Native frames: (J=compiled Java code, j=interpreted, Vv=VM code, C=native code)
V  [jvm.dll+0x683c9a]
V  [jvm.dll+0x8427a4]
V  [jvm.dll+0x843f9e]
V  [jvm.dll+0x844603]
V  [jvm.dll+0x249b75]
V  [jvm.dll+0xabcac]
V  [jvm.dll+0xac27c]
V  [jvm.dll+0x368802]
V  [jvm.dll+0x332f31]
V  [jvm.dll+0x3323da]
V  [jvm.dll+0x21c201]
V  [jvm.dll+0x21b621]
V  [jvm.dll+0x1a4fdd]
V  [jvm.dll+0x22b098]
V  [jvm.dll+0x229159]
V  [jvm.dll+0x7f81ec]
V  [jvm.dll+0x7f274a]
V  [jvm.dll+0x682ad5]
C  [ucrtbase.dll+0x21bb2]
C  [KERNEL32.DLL+0x17344]
C  [ntdll.dll+0x526b1]


---------------  P R O C E S S  ---------------

Threads class SMR info:
_java_thread_list=0x000001bb50d303b0, length=90, elements={
0x000001bb2e582ae0, 0x000001bb48428e40, 0x000001bb4842abd0, 0x000001bb484797f0,
0x000001bb4847d1d0, 0x000001bb4847faa0, 0x000001bb48480360, 0x000001bb484924b0,
0x000001bb484e9100, 0x000001bb484eb620, 0x000001bb48623020, 0x000001bb486234f0,
0x000001bb49e4f000, 0x000001bb49125a30, 0x000001bb49cf7bf0, 0x000001bb49ebcbe0,
0x000001bb49eba090, 0x000001bb49ebd580, 0x000001bb49ebb8a0, 0x000001bb49ebbd70,
0x000001bb49eba560, 0x000001bb4b0076b0, 0x000001bb4b008520, 0x000001bb4b009390,
0x000001bb4b005ea0, 0x000001bb4b008ec0, 0x000001bb49424ab0, 0x000001bb494262c0,
0x000001bb4b007b80, 0x000001bb4b009d30, 0x000001bb4b0059d0, 0x000001bb4b00aba0,
0x000001bb4b00b070, 0x000001bb4b008050, 0x000001bb4b004b60, 0x000001bb4f210df0,
0x000001bb4b006370, 0x000001bb4b00c3b0, 0x000001bb4b006d10, 0x000001bb4b00b540,
0x000001bb4b00ba10, 0x000001bb4b00bee0, 0x000001bb4b005030, 0x000001bb4b006840,
0x000001bb4b1e1fa0, 0x000001bb4b1e2470, 0x000001bb4b1de110, 0x000001bb4b1deab0,
0x000001bb4b1dba90, 0x000001bb4b1dbf60, 0x000001bb4b1de5e0, 0x000001bb4b1dc430,
0x000001bb4b1dc900, 0x000001bb4b1e02c0, 0x000001bb4b1df450, 0x000001bb49425450,
0x000001bb49423770, 0x000001bb49426790, 0x000001bb49426c60, 0x000001bb49424110,
0x000001bb494245e0, 0x000001bb49425920, 0x000001bb49ebaa30, 0x000001bb49ebda50,
0x000001bb49ebaf00, 0x000001bb49ebc240, 0x000001bb49ebc710, 0x000001bb49ebd0b0,
0x000001bb49ebb3d0, 0x000001bb4b92a890, 0x000001bb4b92ca40, 0x000001bb4b92b230,
0x000001bb4b92bbd0, 0x000001bb4b92a3c0, 0x000001bb4b92c0a0, 0x000001bb4b929a20,
0x000001bb4b92c570, 0x000001bb4b92b700, 0x000001bb4b929ef0, 0x000001bb4b929080,
0x000001bb4b929550, 0x000001bb4b92ad60, 0x000001bb5515f010, 0x000001bb551646b0,
0x000001bb55166390, 0x000001bb55161b60, 0x000001bb5515f4e0, 0x000001bb55160820,
0x000001bb55161690, 0x000001bb55165520
}

Java Threads: ( => current thread )
  0x000001bb2e582ae0 JavaThread "main" [_thread_blocked, id=10340, stack(0x0000002b68200000,0x0000002b68300000)]
  0x000001bb48428e40 JavaThread "Reference Handler" daemon [_thread_blocked, id=20040, stack(0x0000002b68900000,0x0000002b68a00000)]
  0x000001bb4842abd0 JavaThread "Finalizer" daemon [_thread_blocked, id=5600, stack(0x0000002b68a00000,0x0000002b68b00000)]
  0x000001bb484797f0 JavaThread "Signal Dispatcher" daemon [_thread_blocked, id=20660, stack(0x0000002b68b00000,0x0000002b68c00000)]
  0x000001bb4847d1d0 JavaThread "Attach Listener" daemon [_thread_blocked, id=28684, stack(0x0000002b68c00000,0x0000002b68d00000)]
  0x000001bb4847faa0 JavaThread "Service Thread" daemon [_thread_blocked, id=27408, stack(0x0000002b68d00000,0x0000002b68e00000)]
  0x000001bb48480360 JavaThread "Monitor Deflation Thread" daemon [_thread_blocked, id=14572, stack(0x0000002b68e00000,0x0000002b68f00000)]
=>0x000001bb484924b0 JavaThread "C2 CompilerThread0" daemon [_thread_in_native, id=22916, stack(0x0000002b68f00000,0x0000002b69000000)]
  0x000001bb484e9100 JavaThread "C1 CompilerThread0" daemon [_thread_blocked, id=20124, stack(0x0000002b69000000,0x0000002b69100000)]
  0x000001bb484eb620 JavaThread "Sweeper thread" daemon [_thread_blocked, id=11176, stack(0x0000002b69100000,0x0000002b69200000)]
  0x000001bb48623020 JavaThread "Common-Cleaner" daemon [_thread_blocked, id=23504, stack(0x0000002b69200000,0x0000002b69300000)]
  0x000001bb486234f0 JavaThread "Notification Thread" daemon [_thread_blocked, id=6864, stack(0x0000002b69300000,0x0000002b69400000)]
  0x000001bb49e4f000 JavaThread "Daemon health stats" [_thread_blocked, id=18280, stack(0x0000002b69900000,0x0000002b69a00000)]
  0x000001bb49125a30 JavaThread "Incoming local TCP Connector on port 47920" [_thread_in_native, id=22184, stack(0x0000002b69500000,0x0000002b69600000)]
  0x000001bb49cf7bf0 JavaThread "Daemon periodic checks" [_thread_blocked, id=10760, stack(0x0000002b69a00000,0x0000002b69b00000)]
  0x000001bb49ebcbe0 JavaThread "Cache worker for journal cache (C:\Users\ADIT-PC\.gradle\caches\journal-1)" [_thread_blocked, id=19016, stack(0x0000002b6a200000,0x0000002b6a300000)]
  0x000001bb49eba090 JavaThread "File lock request listener" [_thread_in_native, id=25228, stack(0x0000002b6a300000,0x0000002b6a400000)]
  0x000001bb49ebd580 JavaThread "Cache worker for file hash cache (C:\Users\ADIT-PC\.gradle\caches\8.0\fileHashes)" [_thread_blocked, id=23564, stack(0x0000002b6a400000,0x0000002b6a500000)]
  0x000001bb49ebb8a0 JavaThread "File watcher server" daemon [_thread_in_native, id=16584, stack(0x0000002b6a600000,0x0000002b6a700000)]
  0x000001bb49ebbd70 JavaThread "File watcher consumer" daemon [_thread_blocked, id=25424, stack(0x0000002b6a700000,0x0000002b6a800000)]
  0x000001bb49eba560 JavaThread "Cache worker for file content cache (C:\Users\ADIT-PC\.gradle\caches\8.0\fileContent)" [_thread_blocked, id=12440, stack(0x0000002b6aa00000,0x0000002b6ab00000)]
  0x000001bb4b0076b0 JavaThread "Cache worker for execution history cache (C:\Users\ADIT-PC\.gradle\caches\8.0\executionHistory)" [_thread_blocked, id=28548, stack(0x0000002b6ad00000,0x0000002b6ae00000)]
  0x000001bb4b008520 JavaThread "jar transforms" [_thread_blocked, id=13524, stack(0x0000002b6a500000,0x0000002b6a600000)]
  0x000001bb4b009390 JavaThread "jar transforms Thread 2" [_thread_blocked, id=20484, stack(0x0000002b6af00000,0x0000002b6b000000)]
  0x000001bb4b005ea0 JavaThread "jar transforms Thread 3" [_thread_blocked, id=21288, stack(0x0000002b6b000000,0x0000002b6b100000)]
  0x000001bb4b008ec0 JavaThread "jar transforms Thread 4" [_thread_blocked, id=30072, stack(0x0000002b6b100000,0x0000002b6b200000)]
  0x000001bb49424ab0 JavaThread "Memory manager" [_thread_blocked, id=29660, stack(0x0000002b6dd00000,0x0000002b6de00000)]
  0x000001bb494262c0 JavaThread "pool-3-thread-1" [_thread_blocked, id=16428, stack(0x0000002b6de00000,0x0000002b6df00000)]
  0x000001bb4b007b80 JavaThread "Daemon Thread 2" [_thread_blocked, id=15916, stack(0x0000002b68100000,0x0000002b68200000)]
  0x000001bb4b009d30 JavaThread "Handler for socket connection from /127.0.0.1:47920 to /127.0.0.1:48175" [_thread_in_native, id=27224, stack(0x0000002b69b00000,0x0000002b69c00000)]
  0x000001bb4b0059d0 JavaThread "Cancel handler" [_thread_blocked, id=16600, stack(0x0000002b69e00000,0x0000002b69f00000)]
  0x000001bb4b00aba0 JavaThread "Daemon worker Thread 2" [_thread_blocked, id=13788, stack(0x0000002b69f00000,0x0000002b6a000000)]
  0x000001bb4b00b070 JavaThread "Asynchronous log dispatcher for DefaultDaemonConnection: socket connection from /127.0.0.1:47920 to /127.0.0.1:48175" [_thread_blocked, id=13436, stack(0x0000002b6a000000,0x0000002b6a100000)]
  0x000001bb4b008050 JavaThread "Stdin handler" [_thread_blocked, id=24336, stack(0x0000002b6a100000,0x0000002b6a200000)]
  0x000001bb4b004b60 JavaThread "Daemon client event forwarder" [_thread_blocked, id=20076, stack(0x0000002b6a800000,0x0000002b6a900000)]
  0x000001bb4f210df0 JavaThread "C2 CompilerThread1" daemon [_thread_in_native, id=26716, stack(0x0000002b6a900000,0x0000002b6aa00000)]
  0x000001bb4b006370 JavaThread "Cache worker for checksums cache (C:\Users\ADIT-PC\AndroidStudioProjects\HRISMobile-New\.gradle\8.0\checksums)" [_thread_blocked, id=17480, stack(0x0000002b6ab00000,0x0000002b6ac00000)]
  0x000001bb4b00c3b0 JavaThread "Cache worker for cache directory md-rule (C:\Users\ADIT-PC\.gradle\caches\8.0\md-rule)" [_thread_blocked, id=20760, stack(0x0000002b6ac00000,0x0000002b6ad00000)]
  0x000001bb4b006d10 JavaThread "Cache worker for file hash cache (C:\Users\ADIT-PC\AndroidStudioProjects\HRISMobile-New\.gradle\8.0\fileHashes)" [_thread_blocked, id=13696, stack(0x0000002b6ae00000,0x0000002b6af00000)]
  0x000001bb4b00b540 JavaThread "Cache worker for cache directory md-supplier (C:\Users\ADIT-PC\.gradle\caches\8.0\md-supplier)" [_thread_blocked, id=19448, stack(0x0000002b6b200000,0x0000002b6b300000)]
  0x000001bb4b00ba10 JavaThread "Cache worker for dependencies-accessors (C:\Users\ADIT-PC\AndroidStudioProjects\HRISMobile-New\.gradle\8.0\dependencies-accessors)" [_thread_blocked, id=11248, stack(0x0000002b6b300000,0x0000002b6b400000)]
  0x000001bb4b00bee0 JavaThread "Cache worker for Build Output Cleanup Cache (C:\Users\ADIT-PC\AndroidStudioProjects\HRISMobile-New\.gradle\buildOutputCleanup)" [_thread_blocked, id=30148, stack(0x0000002b6b400000,0x0000002b6b500000)]
  0x000001bb4b005030 JavaThread "Unconstrained build operations" [_thread_blocked, id=26240, stack(0x0000002b6b500000,0x0000002b6b600000)]
  0x000001bb4b006840 JavaThread "Unconstrained build operations Thread 2" [_thread_blocked, id=12128, stack(0x0000002b6b600000,0x0000002b6b700000)]
  0x000001bb4b1e1fa0 JavaThread "Unconstrained build operations Thread 3" [_thread_blocked, id=27332, stack(0x0000002b6b700000,0x0000002b6b800000)]
  0x000001bb4b1e2470 JavaThread "Unconstrained build operations Thread 4" [_thread_blocked, id=27292, stack(0x0000002b6b800000,0x0000002b6b900000)]
  0x000001bb4b1de110 JavaThread "Unconstrained build operations Thread 5" [_thread_blocked, id=16272, stack(0x0000002b6b900000,0x0000002b6ba00000)]
  0x000001bb4b1deab0 JavaThread "Unconstrained build operations Thread 6" [_thread_blocked, id=8144, stack(0x0000002b6ba00000,0x0000002b6bb00000)]
  0x000001bb4b1dba90 JavaThread "Unconstrained build operations Thread 7" [_thread_blocked, id=18092, stack(0x0000002b6bb00000,0x0000002b6bc00000)]
  0x000001bb4b1dbf60 JavaThread "Unconstrained build operations Thread 8" [_thread_blocked, id=9148, stack(0x0000002b6bc00000,0x0000002b6bd00000)]
  0x000001bb4b1de5e0 JavaThread "Unconstrained build operations Thread 9" [_thread_blocked, id=25804, stack(0x0000002b6bd00000,0x0000002b6be00000)]
  0x000001bb4b1dc430 JavaThread "Unconstrained build operations Thread 10" [_thread_blocked, id=17640, stack(0x0000002b6be00000,0x0000002b6bf00000)]
  0x000001bb4b1dc900 JavaThread "Unconstrained build operations Thread 11" [_thread_blocked, id=13800, stack(0x0000002b6bf00000,0x0000002b6c000000)]
  0x000001bb4b1e02c0 JavaThread "Unconstrained build operations Thread 12" [_thread_blocked, id=19836, stack(0x0000002b6c000000,0x0000002b6c100000)]
  0x000001bb4b1df450 JavaThread "Unconstrained build operations Thread 13" [_thread_blocked, id=26828, stack(0x0000002b6c100000,0x0000002b6c200000)]
  0x000001bb49425450 JavaThread "Unconstrained build operations Thread 14" [_thread_blocked, id=11240, stack(0x0000002b6c200000,0x0000002b6c300000)]
  0x000001bb49423770 JavaThread "Unconstrained build operations Thread 15" [_thread_blocked, id=29060, stack(0x0000002b6c300000,0x0000002b6c400000)]
  0x000001bb49426790 JavaThread "Unconstrained build operations Thread 16" [_thread_blocked, id=2996, stack(0x0000002b6c400000,0x0000002b6c500000)]
  0x000001bb49426c60 JavaThread "Unconstrained build operations Thread 17" [_thread_blocked, id=26060, stack(0x0000002b6c500000,0x0000002b6c600000)]
  0x000001bb49424110 JavaThread "Unconstrained build operations Thread 18" [_thread_blocked, id=25852, stack(0x0000002b6c600000,0x0000002b6c700000)]
  0x000001bb494245e0 JavaThread "Unconstrained build operations Thread 19" [_thread_blocked, id=3180, stack(0x0000002b6c700000,0x0000002b6c800000)]
  0x000001bb49425920 JavaThread "Unconstrained build operations Thread 20" [_thread_blocked, id=2824, stack(0x0000002b6c800000,0x0000002b6c900000)]
  0x000001bb49ebaa30 JavaThread "Unconstrained build operations Thread 21" [_thread_blocked, id=1916, stack(0x0000002b6c900000,0x0000002b6ca00000)]
  0x000001bb49ebda50 JavaThread "Unconstrained build operations Thread 22" [_thread_blocked, id=21416, stack(0x0000002b6ca00000,0x0000002b6cb00000)]
  0x000001bb49ebaf00 JavaThread "Unconstrained build operations Thread 23" [_thread_blocked, id=17984, stack(0x0000002b6cb00000,0x0000002b6cc00000)]
  0x000001bb49ebc240 JavaThread "Unconstrained build operations Thread 24" [_thread_blocked, id=24448, stack(0x0000002b6cc00000,0x0000002b6cd00000)]
  0x000001bb49ebc710 JavaThread "Unconstrained build operations Thread 25" [_thread_blocked, id=8816, stack(0x0000002b6cd00000,0x0000002b6ce00000)]
  0x000001bb49ebd0b0 JavaThread "Unconstrained build operations Thread 26" [_thread_blocked, id=19368, stack(0x0000002b6ce00000,0x0000002b6cf00000)]
  0x000001bb49ebb3d0 JavaThread "Unconstrained build operations Thread 27" [_thread_blocked, id=18700, stack(0x0000002b6cf00000,0x0000002b6d000000)]
  0x000001bb4b92a890 JavaThread "Unconstrained build operations Thread 28" [_thread_blocked, id=23908, stack(0x0000002b6d000000,0x0000002b6d100000)]
  0x000001bb4b92ca40 JavaThread "Unconstrained build operations Thread 29" [_thread_blocked, id=30136, stack(0x0000002b6d100000,0x0000002b6d200000)]
  0x000001bb4b92b230 JavaThread "Unconstrained build operations Thread 30" [_thread_blocked, id=21032, stack(0x0000002b6d200000,0x0000002b6d300000)]
  0x000001bb4b92bbd0 JavaThread "Unconstrained build operations Thread 31" [_thread_blocked, id=13000, stack(0x0000002b6d300000,0x0000002b6d400000)]
  0x000001bb4b92a3c0 JavaThread "Unconstrained build operations Thread 32" [_thread_blocked, id=15800, stack(0x0000002b6d400000,0x0000002b6d500000)]
  0x000001bb4b92c0a0 JavaThread "Unconstrained build operations Thread 33" [_thread_blocked, id=24516, stack(0x0000002b6d500000,0x0000002b6d600000)]
  0x000001bb4b929a20 JavaThread "Unconstrained build operations Thread 34" [_thread_blocked, id=9460, stack(0x0000002b6d600000,0x0000002b6d700000)]
  0x000001bb4b92c570 JavaThread "Unconstrained build operations Thread 35" [_thread_blocked, id=26408, stack(0x0000002b6d700000,0x0000002b6d800000)]
  0x000001bb4b92b700 JavaThread "Unconstrained build operations Thread 36" [_thread_blocked, id=14560, stack(0x0000002b6d800000,0x0000002b6d900000)]
  0x000001bb4b929ef0 JavaThread "Unconstrained build operations Thread 37" [_thread_blocked, id=9432, stack(0x0000002b6d900000,0x0000002b6da00000)]
  0x000001bb4b929080 JavaThread "Unconstrained build operations Thread 38" [_thread_blocked, id=18920, stack(0x0000002b6da00000,0x0000002b6db00000)]
  0x000001bb4b929550 JavaThread "Unconstrained build operations Thread 39" [_thread_blocked, id=17344, stack(0x0000002b6db00000,0x0000002b6dc00000)]
  0x000001bb4b92ad60 JavaThread "Unconstrained build operations Thread 40" [_thread_blocked, id=14540, stack(0x0000002b6dc00000,0x0000002b6dd00000)]
  0x000001bb5515f010 JavaThread "build event listener" [_thread_blocked, id=3712, stack(0x0000002b6df00000,0x0000002b6e000000)]
  0x000001bb551646b0 JavaThread "pool-7-thread-1" [_thread_blocked, id=21640, stack(0x0000002b6e000000,0x0000002b6e100000)]
  0x000001bb55166390 JavaThread "build event listener" [_thread_blocked, id=23364, stack(0x0000002b6e100000,0x0000002b6e200000)]
  0x000001bb55161b60 JavaThread "included builds" [_thread_blocked, id=19908, stack(0x0000002b6e200000,0x0000002b6e300000)]
  0x000001bb5515f4e0 JavaThread "Execution worker" [_thread_in_vm, id=20944, stack(0x0000002b6e300000,0x0000002b6e400000)]
  0x000001bb55160820 JavaThread "Execution worker Thread 2" [_thread_blocked, id=13064, stack(0x0000002b6e400000,0x0000002b6e500000)]
  0x000001bb55161690 JavaThread "Execution worker Thread 3" [_thread_blocked, id=17916, stack(0x0000002b6e500000,0x0000002b6e600000)]
  0x000001bb55165520 JavaThread "Cache worker for execution history cache (C:\Users\ADIT-PC\AndroidStudioProjects\HRISMobile-New\.gradle\8.0\executionHistory)" [_thread_blocked, id=2252, stack(0x0000002b6e600000,0x0000002b6e700000)]

Other Threads:
  0x000001bb48424280 VMThread "VM Thread" [stack: 0x0000002b68800000,0x0000002b68900000] [id=25020]
  0x000001bb48601430 WatcherThread [stack: 0x0000002b69400000,0x0000002b69500000] [id=30544]
  0x000001bb2e5dbd60 GCTaskThread "GC Thread#0" [stack: 0x0000002b68300000,0x0000002b68400000] [id=23796]
  0x000001bb48c13d80 GCTaskThread "GC Thread#1" [stack: 0x0000002b69600000,0x0000002b69700000] [id=19972]
  0x000001bb48be7770 GCTaskThread "GC Thread#2" [stack: 0x0000002b69700000,0x0000002b69800000] [id=5848]
  0x000001bb48be7a20 GCTaskThread "GC Thread#3" [stack: 0x0000002b69800000,0x0000002b69900000] [id=19132]
  0x000001bb2e5ecbb0 ConcurrentGCThread "G1 Main Marker" [stack: 0x0000002b68400000,0x0000002b68500000] [id=16388]
  0x000001bb2e5ed4d0 ConcurrentGCThread "G1 Conc#0" [stack: 0x0000002b68500000,0x0000002b68600000] [id=6176]
  0x000001bb2e63d730 ConcurrentGCThread "G1 Refine#0" [stack: 0x0000002b68600000,0x0000002b68700000] [id=19660]
  0x000001bb50c49e80 ConcurrentGCThread "G1 Refine#1" [stack: 0x0000002b6ea00000,0x0000002b6eb00000] [id=20148]
  0x000001bb2e63e060 ConcurrentGCThread "G1 Service" [stack: 0x0000002b68700000,0x0000002b68800000] [id=22336]

Threads with active compile tasks:
C2 CompilerThread0   228789 17076       4       org.gradle.internal.component.model.ComponentAttributeMatcher::match (284 bytes)
C2 CompilerThread1   228789 17075       4       org.gradle.api.internal.attributes.DefaultAttributesSchema$DefaultAttributeMatcher::matches (17 bytes)

VM state: not at safepoint (normal execution)

VM Mutex/Monitor currently owned by a thread: None

Heap address: 0x0000000080000000, size: 2048 MB, Compressed Oops mode: 32-bit

CDS archive(s) not mapped
Compressed class space mapped at: 0x0000000100000000-0x0000000140000000, reserved size: 1073741824
Narrow klass base: 0x0000000000000000, Narrow klass shift: 3, Narrow klass range: 0x140000000

GC Precious Log:
 CPUs: 4 total, 4 available
 Memory: 16247M
 Large Page Support: Disabled
 NUMA Support: Disabled
 Compressed Oops: Enabled (32-bit)
 Heap Region Size: 1M
 Heap Min Capacity: 8M
 Heap Initial Capacity: 254M
 Heap Max Capacity: 2G
 Pre-touch: Disabled
 Parallel Workers: 4
 Concurrent Workers: 1
 Concurrent Refinement Workers: 4
 Periodic GC: Disabled

Heap:
 garbage-first heap   total 331776K, used 183790K [0x0000000080000000, 0x0000000100000000)
  region size 1024K, 18 young (18432K), 11 survivors (11264K)
 Metaspace       used 114636K, committed 115456K, reserved 1155072K
  class space    used 15396K, committed 15744K, reserved 1048576K

Heap Regions: E=young(eden), S=young(survivor), O=old, HS=humongous(starts), HC=humongous(continues), CS=collection set, F=free, OA=open archive, CA=closed archive, TAMS=top-at-mark-start (previous, next)
|   0|0x0000000080000000, 0x0000000080100000, 0x0000000080100000|100%| O|  |TAMS 0x0000000080100000, 0x0000000080100000| Untracked 
|   1|0x0000000080100000, 0x0000000080200000, 0x0000000080200000|100%| O|  |TAMS 0x0000000080200000, 0x0000000080200000| Untracked 
|   2|0x0000000080200000, 0x0000000080300000, 0x0000000080300000|100%|HS|  |TAMS 0x0000000080300000, 0x0000000080300000| Complete 
|   3|0x0000000080300000, 0x0000000080400000, 0x0000000080400000|100%|HC|  |TAMS 0x0000000080400000, 0x0000000080400000| Complete 
|   4|0x0000000080400000, 0x0000000080500000, 0x0000000080500000|100%|HC|  |TAMS 0x0000000080500000, 0x0000000080500000| Complete 
|   5|0x0000000080500000, 0x0000000080600000, 0x0000000080600000|100%|HC|  |TAMS 0x0000000080600000, 0x0000000080600000| Complete 
|   6|0x0000000080600000, 0x0000000080700000, 0x0000000080700000|100%| O|  |TAMS 0x0000000080700000, 0x0000000080700000| Untracked 
|   7|0x0000000080700000, 0x0000000080800000, 0x0000000080800000|100%| O|  |TAMS 0x0000000080800000, 0x0000000080800000| Untracked 
|   8|0x0000000080800000, 0x0000000080900000, 0x0000000080900000|100%| O|  |TAMS 0x0000000080900000, 0x0000000080900000| Untracked 
|   9|0x0000000080900000, 0x0000000080a00000, 0x0000000080a00000|100%| O|  |TAMS 0x0000000080a00000, 0x0000000080a00000| Untracked 
|  10|0x0000000080a00000, 0x0000000080b00000, 0x0000000080b00000|100%| O|  |TAMS 0x0000000080b00000, 0x0000000080b00000| Untracked 
|  11|0x0000000080b00000, 0x0000000080c00000, 0x0000000080c00000|100%| O|  |TAMS 0x0000000080c00000, 0x0000000080c00000| Untracked 
|  12|0x0000000080c00000, 0x0000000080d00000, 0x0000000080d00000|100%| O|  |TAMS 0x0000000080d00000, 0x0000000080d00000| Untracked 
|  13|0x0000000080d00000, 0x0000000080e00000, 0x0000000080e00000|100%| O|  |TAMS 0x0000000080e00000, 0x0000000080e00000| Untracked 
|  14|0x0000000080e00000, 0x0000000080f00000, 0x0000000080f00000|100%| O|  |TAMS 0x0000000080f00000, 0x0000000080f00000| Untracked 
|  15|0x0000000080f00000, 0x0000000081000000, 0x0000000081000000|100%| O|  |TAMS 0x0000000081000000, 0x0000000081000000| Untracked 
|  16|0x0000000081000000, 0x0000000081100000, 0x0000000081100000|100%| O|  |TAMS 0x0000000081100000, 0x0000000081100000| Untracked 
|  17|0x0000000081100000, 0x0000000081200000, 0x0000000081200000|100%| O|  |TAMS 0x0000000081200000, 0x0000000081200000| Untracked 
|  18|0x0000000081200000, 0x0000000081300000, 0x0000000081300000|100%| O|  |TAMS 0x0000000081300000, 0x0000000081300000| Untracked 
|  19|0x0000000081300000, 0x0000000081400000, 0x0000000081400000|100%| O|  |TAMS 0x0000000081400000, 0x0000000081400000| Untracked 
|  20|0x0000000081400000, 0x0000000081500000, 0x0000000081500000|100%| O|  |TAMS 0x0000000081500000, 0x0000000081500000| Untracked 
|  21|0x0000000081500000, 0x0000000081600000, 0x0000000081600000|100%| O|  |TAMS 0x0000000081600000, 0x0000000081600000| Untracked 
|  22|0x0000000081600000, 0x0000000081700000, 0x0000000081700000|100%| O|  |TAMS 0x0000000081700000, 0x0000000081700000| Untracked 
|  23|0x0000000081700000, 0x0000000081800000, 0x0000000081800000|100%| O|  |TAMS 0x0000000081800000, 0x0000000081800000| Untracked 
|  24|0x0000000081800000, 0x0000000081900000, 0x0000000081900000|100%| O|  |TAMS 0x0000000081900000, 0x0000000081900000| Untracked 
|  25|0x0000000081900000, 0x0000000081a00000, 0x0000000081a00000|100%| O|  |TAMS 0x0000000081a00000, 0x0000000081a00000| Untracked 
|  26|0x0000000081a00000, 0x0000000081b00000, 0x0000000081b00000|100%| O|  |TAMS 0x0000000081b00000, 0x0000000081b00000| Untracked 
|  27|0x0000000081b00000, 0x0000000081c00000, 0x0000000081c00000|100%| O|  |TAMS 0x0000000081c00000, 0x0000000081c00000| Untracked 
|  28|0x0000000081c00000, 0x0000000081d00000, 0x0000000081d00000|100%| O|  |TAMS 0x0000000081d00000, 0x0000000081d00000| Untracked 
|  29|0x0000000081d00000, 0x0000000081e00000, 0x0000000081e00000|100%| O|  |TAMS 0x0000000081e00000, 0x0000000081e00000| Untracked 
|  30|0x0000000081e00000, 0x0000000081f00000, 0x0000000081f00000|100%| O|  |TAMS 0x0000000081f00000, 0x0000000081f00000| Untracked 
|  31|0x0000000081f00000, 0x0000000082000000, 0x0000000082000000|100%|HS|  |TAMS 0x0000000082000000, 0x0000000082000000| Complete 
|  32|0x0000000082000000, 0x0000000082100000, 0x0000000082100000|100%|HS|  |TAMS 0x0000000082100000, 0x0000000082100000| Complete 
|  33|0x0000000082100000, 0x0000000082200000, 0x0000000082200000|100%|HS|  |TAMS 0x0000000082200000, 0x0000000082200000| Complete 
|  34|0x0000000082200000, 0x0000000082300000, 0x0000000082300000|100%| O|  |TAMS 0x0000000082300000, 0x0000000082300000| Untracked 
|  35|0x0000000082300000, 0x0000000082400000, 0x0000000082400000|100%| O|  |TAMS 0x0000000082400000, 0x0000000082400000| Untracked 
|  36|0x0000000082400000, 0x0000000082500000, 0x0000000082500000|100%| O|  |TAMS 0x0000000082500000, 0x0000000082500000| Untracked 
|  37|0x0000000082500000, 0x0000000082600000, 0x0000000082600000|100%| O|  |TAMS 0x0000000082600000, 0x0000000082600000| Untracked 
|  38|0x0000000082600000, 0x0000000082700000, 0x0000000082700000|100%| O|  |TAMS 0x0000000082700000, 0x0000000082700000| Untracked 
|  39|0x0000000082700000, 0x0000000082800000, 0x0000000082800000|100%| O|  |TAMS 0x0000000082800000, 0x0000000082800000| Untracked 
|  40|0x0000000082800000, 0x0000000082900000, 0x0000000082900000|100%| O|  |TAMS 0x0000000082900000, 0x0000000082900000| Untracked 
|  41|0x0000000082900000, 0x0000000082a00000, 0x0000000082a00000|100%| O|  |TAMS 0x0000000082a00000, 0x0000000082a00000| Untracked 
|  42|0x0000000082a00000, 0x0000000082b00000, 0x0000000082b00000|100%| O|  |TAMS 0x0000000082b00000, 0x0000000082b00000| Untracked 
|  43|0x0000000082b00000, 0x0000000082c00000, 0x0000000082c00000|100%| O|  |TAMS 0x0000000082c00000, 0x0000000082c00000| Untracked 
|  44|0x0000000082c00000, 0x0000000082d00000, 0x0000000082d00000|100%| O|  |TAMS 0x0000000082d00000, 0x0000000082d00000| Untracked 
|  45|0x0000000082d00000, 0x0000000082e00000, 0x0000000082e00000|100%| O|  |TAMS 0x0000000082e00000, 0x0000000082e00000| Untracked 
|  46|0x0000000082e00000, 0x0000000082f00000, 0x0000000082f00000|100%| O|  |TAMS 0x0000000082f00000, 0x0000000082f00000| Untracked 
|  47|0x0000000082f00000, 0x0000000083000000, 0x0000000083000000|100%| O|  |TAMS 0x0000000083000000, 0x0000000083000000| Untracked 
|  48|0x0000000083000000, 0x0000000083100000, 0x0000000083100000|100%| O|  |TAMS 0x0000000083100000, 0x0000000083100000| Untracked 
|  49|0x0000000083100000, 0x0000000083200000, 0x0000000083200000|100%| O|  |TAMS 0x0000000083200000, 0x0000000083200000| Untracked 
|  50|0x0000000083200000, 0x0000000083300000, 0x0000000083300000|100%| O|  |TAMS 0x0000000083300000, 0x0000000083300000| Untracked 
|  51|0x0000000083300000, 0x0000000083400000, 0x0000000083400000|100%| O|  |TAMS 0x0000000083400000, 0x0000000083400000| Untracked 
|  52|0x0000000083400000, 0x0000000083500000, 0x0000000083500000|100%| O|  |TAMS 0x0000000083500000, 0x0000000083500000| Untracked 
|  53|0x0000000083500000, 0x0000000083600000, 0x0000000083600000|100%| O|  |TAMS 0x0000000083600000, 0x0000000083600000| Untracked 
|  54|0x0000000083600000, 0x0000000083700000, 0x0000000083700000|100%| O|  |TAMS 0x0000000083700000, 0x0000000083700000| Untracked 
|  55|0x0000000083700000, 0x0000000083800000, 0x0000000083800000|100%| O|  |TAMS 0x0000000083800000, 0x0000000083800000| Untracked 
|  56|0x0000000083800000, 0x0000000083900000, 0x0000000083900000|100%| O|  |TAMS 0x0000000083900000, 0x0000000083900000| Untracked 
|  57|0x0000000083900000, 0x0000000083a00000, 0x0000000083a00000|100%| O|  |TAMS 0x0000000083a00000, 0x0000000083a00000| Untracked 
|  58|0x0000000083a00000, 0x0000000083b00000, 0x0000000083b00000|100%| O|  |TAMS 0x0000000083b00000, 0x0000000083b00000| Untracked 
|  59|0x0000000083b00000, 0x0000000083c00000, 0x0000000083c00000|100%| O|  |TAMS 0x0000000083c00000, 0x0000000083c00000| Untracked 
|  60|0x0000000083c00000, 0x0000000083d00000, 0x0000000083d00000|100%| O|  |TAMS 0x0000000083d00000, 0x0000000083d00000| Untracked 
|  61|0x0000000083d00000, 0x0000000083e00000, 0x0000000083e00000|100%| O|  |TAMS 0x0000000083e00000, 0x0000000083e00000| Untracked 
|  62|0x0000000083e00000, 0x0000000083f00000, 0x0000000083f00000|100%| O|  |TAMS 0x0000000083f00000, 0x0000000083f00000| Untracked 
|  63|0x0000000083f00000, 0x0000000084000000, 0x0000000084000000|100%| O|  |TAMS 0x0000000084000000, 0x0000000084000000| Untracked 
|  64|0x0000000084000000, 0x0000000084100000, 0x0000000084100000|100%| O|  |TAMS 0x0000000084100000, 0x0000000084100000| Untracked 
|  65|0x0000000084100000, 0x0000000084200000, 0x0000000084200000|100%| O|  |TAMS 0x0000000084200000, 0x0000000084200000| Untracked 
|  66|0x0000000084200000, 0x0000000084300000, 0x0000000084300000|100%| O|  |TAMS 0x0000000084300000, 0x0000000084300000| Untracked 
|  67|0x0000000084300000, 0x0000000084400000, 0x0000000084400000|100%| O|  |TAMS 0x0000000084400000, 0x0000000084400000| Untracked 
|  68|0x0000000084400000, 0x0000000084500000, 0x0000000084500000|100%| O|  |TAMS 0x0000000084500000, 0x0000000084500000| Untracked 
|  69|0x0000000084500000, 0x0000000084600000, 0x0000000084600000|100%| O|  |TAMS 0x0000000084600000, 0x0000000084600000| Untracked 
|  70|0x0000000084600000, 0x0000000084700000, 0x0000000084700000|100%| O|  |TAMS 0x0000000084700000, 0x0000000084700000| Untracked 
|  71|0x0000000084700000, 0x0000000084800000, 0x0000000084800000|100%| O|  |TAMS 0x0000000084800000, 0x0000000084800000| Untracked 
|  72|0x0000000084800000, 0x0000000084900000, 0x0000000084900000|100%| O|  |TAMS 0x0000000084900000, 0x0000000084900000| Untracked 
|  73|0x0000000084900000, 0x0000000084a00000, 0x0000000084a00000|100%| O|  |TAMS 0x0000000084a00000, 0x0000000084a00000| Untracked 
|  74|0x0000000084a00000, 0x0000000084b00000, 0x0000000084b00000|100%| O|  |TAMS 0x0000000084b00000, 0x0000000084b00000| Untracked 
|  75|0x0000000084b00000, 0x0000000084c00000, 0x0000000084c00000|100%| O|  |TAMS 0x0000000084c00000, 0x0000000084c00000| Untracked 
|  76|0x0000000084c00000, 0x0000000084d00000, 0x0000000084d00000|100%| O|  |TAMS 0x0000000084d00000, 0x0000000084d00000| Untracked 
|  77|0x0000000084d00000, 0x0000000084e00000, 0x0000000084e00000|100%| O|  |TAMS 0x0000000084e00000, 0x0000000084e00000| Untracked 
|  78|0x0000000084e00000, 0x0000000084f00000, 0x0000000084f00000|100%| O|  |TAMS 0x0000000084f00000, 0x0000000084f00000| Untracked 
|  79|0x0000000084f00000, 0x0000000085000000, 0x0000000085000000|100%| O|  |TAMS 0x0000000085000000, 0x0000000085000000| Untracked 
|  80|0x0000000085000000, 0x0000000085100000, 0x0000000085100000|100%| O|  |TAMS 0x0000000085100000, 0x0000000085100000| Untracked 
|  81|0x0000000085100000, 0x0000000085200000, 0x0000000085200000|100%| O|  |TAMS 0x0000000085200000, 0x0000000085200000| Untracked 
|  82|0x0000000085200000, 0x0000000085300000, 0x0000000085300000|100%| O|  |TAMS 0x0000000085300000, 0x0000000085300000| Untracked 
|  83|0x0000000085300000, 0x0000000085400000, 0x0000000085400000|100%| O|  |TAMS 0x0000000085400000, 0x0000000085400000| Untracked 
|  84|0x0000000085400000, 0x0000000085500000, 0x0000000085500000|100%| O|  |TAMS 0x0000000085500000, 0x0000000085500000| Untracked 
|  85|0x0000000085500000, 0x0000000085600000, 0x0000000085600000|100%| O|  |TAMS 0x0000000085600000, 0x0000000085600000| Untracked 
|  86|0x0000000085600000, 0x0000000085700000, 0x0000000085700000|100%| O|  |TAMS 0x0000000085700000, 0x0000000085700000| Untracked 
|  87|0x0000000085700000, 0x0000000085800000, 0x0000000085800000|100%| O|  |TAMS 0x0000000085700000, 0x0000000085800000| Untracked 
|  88|0x0000000085800000, 0x0000000085900000, 0x0000000085900000|100%| O|  |TAMS 0x0000000085900000, 0x0000000085900000| Untracked 
|  89|0x0000000085900000, 0x0000000085a00000, 0x0000000085a00000|100%| O|  |TAMS 0x0000000085a00000, 0x0000000085a00000| Untracked 
|  90|0x0000000085a00000, 0x0000000085b00000, 0x0000000085b00000|100%| O|  |TAMS 0x0000000085b00000, 0x0000000085b00000| Untracked 
|  91|0x0000000085b00000, 0x0000000085c00000, 0x0000000085c00000|100%| O|  |TAMS 0x0000000085c00000, 0x0000000085c00000| Untracked 
|  92|0x0000000085c00000, 0x0000000085d00000, 0x0000000085d00000|100%| O|  |TAMS 0x0000000085d00000, 0x0000000085d00000| Untracked 
|  93|0x0000000085d00000, 0x0000000085e00000, 0x0000000085e00000|100%| O|  |TAMS 0x0000000085e00000, 0x0000000085e00000| Untracked 
|  94|0x0000000085e00000, 0x0000000085f00000, 0x0000000085f00000|100%| O|  |TAMS 0x0000000085f00000, 0x0000000085f00000| Untracked 
|  95|0x0000000085f00000, 0x0000000086000000, 0x0000000086000000|100%| O|  |TAMS 0x0000000086000000, 0x0000000086000000| Untracked 
|  96|0x0000000086000000, 0x0000000086100000, 0x0000000086100000|100%| O|  |TAMS 0x0000000086100000, 0x0000000086100000| Untracked 
|  97|0x0000000086100000, 0x0000000086200000, 0x0000000086200000|100%| O|  |TAMS 0x0000000086200000, 0x0000000086200000| Untracked 
|  98|0x0000000086200000, 0x0000000086300000, 0x0000000086300000|100%| O|  |TAMS 0x0000000086300000, 0x0000000086300000| Untracked 
|  99|0x0000000086300000, 0x0000000086400000, 0x0000000086400000|100%| O|  |TAMS 0x0000000086400000, 0x0000000086400000| Untracked 
| 100|0x0000000086400000, 0x0000000086500000, 0x0000000086500000|100%| O|  |TAMS 0x0000000086500000, 0x0000000086500000| Untracked 
| 101|0x0000000086500000, 0x0000000086600000, 0x0000000086600000|100%| O|  |TAMS 0x0000000086600000, 0x0000000086600000| Untracked 
| 102|0x0000000086600000, 0x0000000086700000, 0x0000000086700000|100%| O|  |TAMS 0x0000000086700000, 0x0000000086700000| Untracked 
| 103|0x0000000086700000, 0x0000000086800000, 0x0000000086800000|100%| O|  |TAMS 0x0000000086800000, 0x0000000086800000| Untracked 
| 104|0x0000000086800000, 0x0000000086900000, 0x0000000086900000|100%| O|  |TAMS 0x00000000868caa00, 0x0000000086900000| Untracked 
| 105|0x0000000086900000, 0x0000000086a00000, 0x0000000086a00000|100%| O|  |TAMS 0x0000000086900000, 0x0000000086a00000| Untracked 
| 106|0x0000000086a00000, 0x0000000086b00000, 0x0000000086b00000|100%| O|  |TAMS 0x0000000086a00000, 0x0000000086b00000| Untracked 
| 107|0x0000000086b00000, 0x0000000086c00000, 0x0000000086c00000|100%| O|  |TAMS 0x0000000086b00000, 0x0000000086c00000| Untracked 
| 108|0x0000000086c00000, 0x0000000086d00000, 0x0000000086d00000|100%| O|  |TAMS 0x0000000086c00000, 0x0000000086d00000| Untracked 
| 109|0x0000000086d00000, 0x0000000086e00000, 0x0000000086e00000|100%| O|  |TAMS 0x0000000086d00000, 0x0000000086e00000| Untracked 
| 110|0x0000000086e00000, 0x0000000086f00000, 0x0000000086f00000|100%| O|  |TAMS 0x0000000086e00000, 0x0000000086f00000| Untracked 
| 111|0x0000000086f00000, 0x0000000087000000, 0x0000000087000000|100%| O|  |TAMS 0x0000000086f00000, 0x0000000087000000| Untracked 
| 112|0x0000000087000000, 0x0000000087100000, 0x0000000087100000|100%| O|  |TAMS 0x0000000087000000, 0x0000000087100000| Untracked 
| 113|0x0000000087100000, 0x0000000087200000, 0x0000000087200000|100%| O|  |TAMS 0x0000000087100000, 0x0000000087200000| Untracked 
| 114|0x0000000087200000, 0x0000000087300000, 0x0000000087300000|100%| O|  |TAMS 0x0000000087200000, 0x0000000087300000| Untracked 
| 115|0x0000000087300000, 0x0000000087400000, 0x0000000087400000|100%| O|  |TAMS 0x0000000087300000, 0x0000000087400000| Untracked 
| 116|0x0000000087400000, 0x0000000087500000, 0x0000000087500000|100%| O|  |TAMS 0x0000000087400000, 0x0000000087500000| Untracked 
| 117|0x0000000087500000, 0x0000000087600000, 0x0000000087600000|100%| O|  |TAMS 0x0000000087500000, 0x0000000087600000| Untracked 
| 118|0x0000000087600000, 0x0000000087700000, 0x0000000087700000|100%| O|  |TAMS 0x0000000087600000, 0x0000000087700000| Untracked 
| 119|0x0000000087700000, 0x0000000087800000, 0x0000000087800000|100%| O|  |TAMS 0x0000000087700000, 0x0000000087800000| Untracked 
| 120|0x0000000087800000, 0x0000000087900000, 0x0000000087900000|100%| O|  |TAMS 0x0000000087800000, 0x0000000087900000| Untracked 
| 121|0x0000000087900000, 0x0000000087a00000, 0x0000000087a00000|100%| O|  |TAMS 0x0000000087900000, 0x0000000087a00000| Untracked 
| 122|0x0000000087a00000, 0x0000000087b00000, 0x0000000087b00000|100%|HS|  |TAMS 0x0000000087a00000, 0x0000000087b00000| Complete 
| 123|0x0000000087b00000, 0x0000000087c00000, 0x0000000087c00000|100%| O|  |TAMS 0x0000000087b00000, 0x0000000087c00000| Untracked 
| 124|0x0000000087c00000, 0x0000000087d00000, 0x0000000087d00000|100%| O|  |TAMS 0x0000000087c00000, 0x0000000087d00000| Untracked 
| 125|0x0000000087d00000, 0x0000000087e00000, 0x0000000087e00000|100%| O|  |TAMS 0x0000000087d00000, 0x0000000087e00000| Untracked 
| 126|0x0000000087e00000, 0x0000000087f00000, 0x0000000087f00000|100%| O|  |TAMS 0x0000000087e00000, 0x0000000087f00000| Untracked 
| 127|0x0000000087f00000, 0x0000000088000000, 0x0000000088000000|100%| O|  |TAMS 0x0000000087f00000, 0x0000000088000000| Untracked 
| 128|0x0000000088000000, 0x0000000088100000, 0x0000000088100000|100%| O|  |TAMS 0x0000000088000000, 0x0000000088100000| Untracked 
| 129|0x0000000088100000, 0x0000000088200000, 0x0000000088200000|100%| O|  |TAMS 0x0000000088100000, 0x0000000088200000| Untracked 
| 130|0x0000000088200000, 0x0000000088300000, 0x0000000088300000|100%| O|  |TAMS 0x0000000088200000, 0x0000000088300000| Untracked 
| 131|0x0000000088300000, 0x0000000088400000, 0x0000000088400000|100%| O|  |TAMS 0x0000000088300000, 0x0000000088400000| Untracked 
| 132|0x0000000088400000, 0x0000000088500000, 0x0000000088500000|100%| O|  |TAMS 0x0000000088400000, 0x0000000088500000| Untracked 
| 133|0x0000000088500000, 0x0000000088600000, 0x0000000088600000|100%| O|  |TAMS 0x0000000088500000, 0x0000000088600000| Untracked 
| 134|0x0000000088600000, 0x0000000088700000, 0x0000000088700000|100%| O|  |TAMS 0x0000000088600000, 0x0000000088700000| Untracked 
| 135|0x0000000088700000, 0x0000000088800000, 0x0000000088800000|100%| O|  |TAMS 0x0000000088700000, 0x0000000088800000| Untracked 
| 136|0x0000000088800000, 0x0000000088900000, 0x0000000088900000|100%| O|  |TAMS 0x0000000088800000, 0x0000000088900000| Untracked 
| 137|0x0000000088900000, 0x0000000088a00000, 0x0000000088a00000|100%| O|  |TAMS 0x0000000088900000, 0x0000000088a00000| Untracked 
| 138|0x0000000088a00000, 0x0000000088b00000, 0x0000000088b00000|100%| O|  |TAMS 0x0000000088a00000, 0x0000000088b00000| Untracked 
| 139|0x0000000088b00000, 0x0000000088c00000, 0x0000000088c00000|100%| O|  |TAMS 0x0000000088b00000, 0x0000000088c00000| Untracked 
| 140|0x0000000088c00000, 0x0000000088d00000, 0x0000000088d00000|100%| O|  |TAMS 0x0000000088c00000, 0x0000000088d00000| Untracked 
| 141|0x0000000088d00000, 0x0000000088e00000, 0x0000000088e00000|100%| O|  |TAMS 0x0000000088d00000, 0x0000000088e00000| Untracked 
| 142|0x0000000088e00000, 0x0000000088f00000, 0x0000000088f00000|100%| O|  |TAMS 0x0000000088e00000, 0x0000000088f00000| Untracked 
| 143|0x0000000088f00000, 0x0000000089000000, 0x0000000089000000|100%| O|  |TAMS 0x0000000088f00000, 0x0000000089000000| Untracked 
| 144|0x0000000089000000, 0x0000000089100000, 0x0000000089100000|100%| O|  |TAMS 0x0000000089000000, 0x0000000089100000| Untracked 
| 145|0x0000000089100000, 0x0000000089200000, 0x0000000089200000|100%| O|  |TAMS 0x0000000089100000, 0x0000000089200000| Untracked 
| 146|0x0000000089200000, 0x0000000089300000, 0x0000000089300000|100%| O|  |TAMS 0x0000000089200000, 0x0000000089300000| Untracked 
| 147|0x0000000089300000, 0x0000000089400000, 0x0000000089400000|100%| O|  |TAMS 0x0000000089300000, 0x0000000089400000| Untracked 
| 148|0x0000000089400000, 0x0000000089500000, 0x0000000089500000|100%| O|  |TAMS 0x0000000089400000, 0x0000000089500000| Untracked 
| 149|0x0000000089500000, 0x0000000089600000, 0x0000000089600000|100%| O|  |TAMS 0x0000000089500000, 0x0000000089600000| Untracked 
| 150|0x0000000089600000, 0x0000000089700000, 0x0000000089700000|100%| O|  |TAMS 0x0000000089600000, 0x0000000089700000| Untracked 
| 151|0x0000000089700000, 0x0000000089800000, 0x0000000089800000|100%| O|  |TAMS 0x0000000089700000, 0x0000000089720200| Untracked 
| 152|0x0000000089800000, 0x0000000089800000, 0x0000000089900000|  0%| F|  |TAMS 0x0000000089800000, 0x0000000089800000| Untracked 
| 153|0x0000000089900000, 0x0000000089900000, 0x0000000089a00000|  0%| F|  |TAMS 0x0000000089900000, 0x0000000089900000| Untracked 
| 154|0x0000000089a00000, 0x0000000089a00000, 0x0000000089b00000|  0%| F|  |TAMS 0x0000000089a00000, 0x0000000089a00000| Untracked 
| 155|0x0000000089b00000, 0x0000000089b00000, 0x0000000089c00000|  0%| F|  |TAMS 0x0000000089b00000, 0x0000000089b00000| Untracked 
| 156|0x0000000089c00000, 0x0000000089c00000, 0x0000000089d00000|  0%| F|  |TAMS 0x0000000089c00000, 0x0000000089c00000| Untracked 
| 157|0x0000000089d00000, 0x0000000089d00000, 0x0000000089e00000|  0%| F|  |TAMS 0x0000000089d00000, 0x0000000089d00000| Untracked 
| 158|0x0000000089e00000, 0x0000000089e7ba00, 0x0000000089f00000| 48%| O|  |TAMS 0x0000000089e00000, 0x0000000089e00000| Untracked 
| 159|0x0000000089f00000, 0x0000000089f00000, 0x000000008a000000|  0%| F|  |TAMS 0x0000000089f00000, 0x0000000089f00000| Untracked 
| 160|0x000000008a000000, 0x000000008a000000, 0x000000008a100000|  0%| F|  |TAMS 0x000000008a000000, 0x000000008a000000| Untracked 
| 161|0x000000008a100000, 0x000000008a100000, 0x000000008a200000|  0%| F|  |TAMS 0x000000008a100000, 0x000000008a100000| Untracked 
| 162|0x000000008a200000, 0x000000008a200000, 0x000000008a300000|  0%| F|  |TAMS 0x000000008a200000, 0x000000008a200000| Untracked 
| 163|0x000000008a300000, 0x000000008a300000, 0x000000008a400000|  0%| F|  |TAMS 0x000000008a300000, 0x000000008a300000| Untracked 
| 164|0x000000008a400000, 0x000000008a400000, 0x000000008a500000|  0%| F|  |TAMS 0x000000008a400000, 0x000000008a400000| Untracked 
| 165|0x000000008a500000, 0x000000008a500000, 0x000000008a600000|  0%| F|  |TAMS 0x000000008a500000, 0x000000008a500000| Untracked 
| 166|0x000000008a600000, 0x000000008a600000, 0x000000008a700000|  0%| F|  |TAMS 0x000000008a600000, 0x000000008a600000| Untracked 
| 167|0x000000008a700000, 0x000000008a700000, 0x000000008a800000|  0%| F|  |TAMS 0x000000008a700000, 0x000000008a700000| Untracked 
| 168|0x000000008a800000, 0x000000008a800000, 0x000000008a900000|  0%| F|  |TAMS 0x000000008a800000, 0x000000008a800000| Untracked 
| 169|0x000000008a900000, 0x000000008a900000, 0x000000008aa00000|  0%| F|  |TAMS 0x000000008a900000, 0x000000008a900000| Untracked 
| 170|0x000000008aa00000, 0x000000008aa00000, 0x000000008ab00000|  0%| F|  |TAMS 0x000000008aa00000, 0x000000008aa00000| Untracked 
| 171|0x000000008ab00000, 0x000000008ab00000, 0x000000008ac00000|  0%| F|  |TAMS 0x000000008ab00000, 0x000000008ab00000| Untracked 
| 172|0x000000008ac00000, 0x000000008ac00000, 0x000000008ad00000|  0%| F|  |TAMS 0x000000008ac00000, 0x000000008ac00000| Untracked 
| 173|0x000000008ad00000, 0x000000008ad00000, 0x000000008ae00000|  0%| F|  |TAMS 0x000000008ad00000, 0x000000008ad00000| Untracked 
| 174|0x000000008ae00000, 0x000000008ae00000, 0x000000008af00000|  0%| F|  |TAMS 0x000000008ae00000, 0x000000008ae00000| Untracked 
| 175|0x000000008af00000, 0x000000008af00000, 0x000000008b000000|  0%| F|  |TAMS 0x000000008af00000, 0x000000008af00000| Untracked 
| 176|0x000000008b000000, 0x000000008b000000, 0x000000008b100000|  0%| F|  |TAMS 0x000000008b000000, 0x000000008b000000| Untracked 
| 177|0x000000008b100000, 0x000000008b100000, 0x000000008b200000|  0%| F|  |TAMS 0x000000008b100000, 0x000000008b100000| Untracked 
| 178|0x000000008b200000, 0x000000008b200000, 0x000000008b300000|  0%| F|  |TAMS 0x000000008b200000, 0x000000008b200000| Untracked 
| 179|0x000000008b300000, 0x000000008b300000, 0x000000008b400000|  0%| F|  |TAMS 0x000000008b300000, 0x000000008b300000| Untracked 
| 180|0x000000008b400000, 0x000000008b400000, 0x000000008b500000|  0%| F|  |TAMS 0x000000008b400000, 0x000000008b400000| Untracked 
| 181|0x000000008b500000, 0x000000008b500000, 0x000000008b600000|  0%| F|  |TAMS 0x000000008b500000, 0x000000008b500000| Untracked 
| 182|0x000000008b600000, 0x000000008b600000, 0x000000008b700000|  0%| F|  |TAMS 0x000000008b600000, 0x000000008b600000| Untracked 
| 183|0x000000008b700000, 0x000000008b700000, 0x000000008b800000|  0%| F|  |TAMS 0x000000008b700000, 0x000000008b700000| Untracked 
| 184|0x000000008b800000, 0x000000008b800000, 0x000000008b900000|  0%| F|  |TAMS 0x000000008b800000, 0x000000008b800000| Untracked 
| 185|0x000000008b900000, 0x000000008b900000, 0x000000008ba00000|  0%| F|  |TAMS 0x000000008b900000, 0x000000008b900000| Untracked 
| 186|0x000000008ba00000, 0x000000008ba00000, 0x000000008bb00000|  0%| F|  |TAMS 0x000000008ba00000, 0x000000008ba00000| Untracked 
| 187|0x000000008bb00000, 0x000000008bb00000, 0x000000008bc00000|  0%| F|  |TAMS 0x000000008bb00000, 0x000000008bb00000| Untracked 
| 188|0x000000008bc00000, 0x000000008bc00000, 0x000000008bd00000|  0%| F|  |TAMS 0x000000008bc00000, 0x000000008bc00000| Untracked 
| 189|0x000000008bd00000, 0x000000008bd00000, 0x000000008be00000|  0%| F|  |TAMS 0x000000008bd00000, 0x000000008bd00000| Untracked 
| 190|0x000000008be00000, 0x000000008be00000, 0x000000008bf00000|  0%| F|  |TAMS 0x000000008be00000, 0x000000008be00000| Untracked 
| 191|0x000000008bf00000, 0x000000008bf00000, 0x000000008c000000|  0%| F|  |TAMS 0x000000008bf00000, 0x000000008bf00000| Untracked 
| 192|0x000000008c000000, 0x000000008c000000, 0x000000008c100000|  0%| F|  |TAMS 0x000000008c000000, 0x000000008c000000| Untracked 
| 193|0x000000008c100000, 0x000000008c100000, 0x000000008c200000|  0%| F|  |TAMS 0x000000008c100000, 0x000000008c100000| Untracked 
| 194|0x000000008c200000, 0x000000008c200000, 0x000000008c300000|  0%| F|  |TAMS 0x000000008c200000, 0x000000008c200000| Untracked 
| 195|0x000000008c300000, 0x000000008c300000, 0x000000008c400000|  0%| F|  |TAMS 0x000000008c300000, 0x000000008c300000| Untracked 
| 196|0x000000008c400000, 0x000000008c400000, 0x000000008c500000|  0%| F|  |TAMS 0x000000008c400000, 0x000000008c400000| Untracked 
| 197|0x000000008c500000, 0x000000008c600000, 0x000000008c600000|100%| O|  |TAMS 0x000000008c500000, 0x000000008c500000| Untracked 
| 198|0x000000008c600000, 0x000000008c700000, 0x000000008c700000|100%| O|  |TAMS 0x000000008c600000, 0x000000008c600000| Untracked 
| 199|0x000000008c700000, 0x000000008c800000, 0x000000008c800000|100%| O|  |TAMS 0x000000008c700000, 0x000000008c700000| Untracked 
| 200|0x000000008c800000, 0x000000008c900000, 0x000000008c900000|100%| O|  |TAMS 0x000000008c800000, 0x000000008c800000| Untracked 
| 201|0x000000008c900000, 0x000000008ca00000, 0x000000008ca00000|100%| O|  |TAMS 0x000000008c900000, 0x000000008c900000| Untracked 
| 202|0x000000008ca00000, 0x000000008cb00000, 0x000000008cb00000|100%| O|  |TAMS 0x000000008ca00000, 0x000000008ca00000| Untracked 
| 203|0x000000008cb00000, 0x000000008cc00000, 0x000000008cc00000|100%| O|  |TAMS 0x000000008cb00000, 0x000000008cb00000| Untracked 
| 204|0x000000008cc00000, 0x000000008cd00000, 0x000000008cd00000|100%| O|  |TAMS 0x000000008cc00000, 0x000000008cc00000| Untracked 
| 205|0x000000008cd00000, 0x000000008ce00000, 0x000000008ce00000|100%| O|  |TAMS 0x000000008cd00000, 0x000000008cd00000| Untracked 
| 206|0x000000008ce00000, 0x000000008cf00000, 0x000000008cf00000|100%| O|  |TAMS 0x000000008ce00000, 0x000000008ce00000| Untracked 
| 207|0x000000008cf00000, 0x000000008cf00000, 0x000000008d000000|  0%| F|  |TAMS 0x000000008cf00000, 0x000000008cf00000| Untracked 
| 208|0x000000008d000000, 0x000000008d000000, 0x000000008d100000|  0%| F|  |TAMS 0x000000008d000000, 0x000000008d000000| Untracked 
| 209|0x000000008d100000, 0x000000008d100000, 0x000000008d200000|  0%| F|  |TAMS 0x000000008d100000, 0x000000008d100000| Untracked 
| 210|0x000000008d200000, 0x000000008d200000, 0x000000008d300000|  0%| F|  |TAMS 0x000000008d200000, 0x000000008d200000| Untracked 
| 211|0x000000008d300000, 0x000000008d300000, 0x000000008d400000|  0%| F|  |TAMS 0x000000008d300000, 0x000000008d300000| Untracked 
| 212|0x000000008d400000, 0x000000008d400000, 0x000000008d500000|  0%| F|  |TAMS 0x000000008d400000, 0x000000008d400000| Untracked 
| 213|0x000000008d500000, 0x000000008d500000, 0x000000008d600000|  0%| F|  |TAMS 0x000000008d500000, 0x000000008d500000| Untracked 
| 214|0x000000008d600000, 0x000000008d600000, 0x000000008d700000|  0%| F|  |TAMS 0x000000008d600000, 0x000000008d600000| Untracked 
| 215|0x000000008d700000, 0x000000008d700000, 0x000000008d800000|  0%| F|  |TAMS 0x000000008d700000, 0x000000008d700000| Untracked 
| 216|0x000000008d800000, 0x000000008d800000, 0x000000008d900000|  0%| F|  |TAMS 0x000000008d800000, 0x000000008d800000| Untracked 
| 217|0x000000008d900000, 0x000000008d900000, 0x000000008da00000|  0%| F|  |TAMS 0x000000008d900000, 0x000000008d900000| Untracked 
| 218|0x000000008da00000, 0x000000008da00000, 0x000000008db00000|  0%| F|  |TAMS 0x000000008da00000, 0x000000008da00000| Untracked 
| 219|0x000000008db00000, 0x000000008db00000, 0x000000008dc00000|  0%| F|  |TAMS 0x000000008db00000, 0x000000008db00000| Untracked 
| 220|0x000000008dc00000, 0x000000008dc00000, 0x000000008dd00000|  0%| F|  |TAMS 0x000000008dc00000, 0x000000008dc00000| Untracked 
| 221|0x000000008dd00000, 0x000000008dd00000, 0x000000008de00000|  0%| F|  |TAMS 0x000000008dd00000, 0x000000008dd00000| Untracked 
| 222|0x000000008de00000, 0x000000008de00000, 0x000000008df00000|  0%| F|  |TAMS 0x000000008de00000, 0x000000008de00000| Untracked 
| 223|0x000000008df00000, 0x000000008df00000, 0x000000008e000000|  0%| F|  |TAMS 0x000000008df00000, 0x000000008df00000| Untracked 
| 224|0x000000008e000000, 0x000000008e000000, 0x000000008e100000|  0%| F|  |TAMS 0x000000008e000000, 0x000000008e000000| Untracked 
| 225|0x000000008e100000, 0x000000008e100000, 0x000000008e200000|  0%| F|  |TAMS 0x000000008e100000, 0x000000008e100000| Untracked 
| 226|0x000000008e200000, 0x000000008e200000, 0x000000008e300000|  0%| F|  |TAMS 0x000000008e200000, 0x000000008e200000| Untracked 
| 227|0x000000008e300000, 0x000000008e300000, 0x000000008e400000|  0%| F|  |TAMS 0x000000008e300000, 0x000000008e300000| Untracked 
| 228|0x000000008e400000, 0x000000008e400000, 0x000000008e500000|  0%| F|  |TAMS 0x000000008e400000, 0x000000008e400000| Untracked 
| 229|0x000000008e500000, 0x000000008e500000, 0x000000008e600000|  0%| F|  |TAMS 0x000000008e500000, 0x000000008e500000| Untracked 
| 230|0x000000008e600000, 0x000000008e700000, 0x000000008e700000|100%| S|CS|TAMS 0x000000008e600000, 0x000000008e600000| Complete 
| 231|0x000000008e700000, 0x000000008e800000, 0x000000008e800000|100%| S|CS|TAMS 0x000000008e700000, 0x000000008e700000| Complete 
| 232|0x000000008e800000, 0x000000008e900000, 0x000000008e900000|100%| S|CS|TAMS 0x000000008e800000, 0x000000008e800000| Complete 
| 233|0x000000008e900000, 0x000000008ea00000, 0x000000008ea00000|100%| S|CS|TAMS 0x000000008e900000, 0x000000008e900000| Complete 
| 234|0x000000008ea00000, 0x000000008eb00000, 0x000000008eb00000|100%| S|CS|TAMS 0x000000008ea00000, 0x000000008ea00000| Complete 
| 235|0x000000008eb00000, 0x000000008ec00000, 0x000000008ec00000|100%| S|CS|TAMS 0x000000008eb00000, 0x000000008eb00000| Complete 
| 236|0x000000008ec00000, 0x000000008ed00000, 0x000000008ed00000|100%| S|CS|TAMS 0x000000008ec00000, 0x000000008ec00000| Complete 
| 237|0x000000008ed00000, 0x000000008ee00000, 0x000000008ee00000|100%| S|CS|TAMS 0x000000008ed00000, 0x000000008ed00000| Complete 
| 238|0x000000008ee00000, 0x000000008ef00000, 0x000000008ef00000|100%| S|CS|TAMS 0x000000008ee00000, 0x000000008ee00000| Complete 
| 239|0x000000008ef00000, 0x000000008f000000, 0x000000008f000000|100%| S|CS|TAMS 0x000000008ef00000, 0x000000008ef00000| Complete 
| 240|0x000000008f000000, 0x000000008f100000, 0x000000008f100000|100%| S|CS|TAMS 0x000000008f000000, 0x000000008f000000| Complete 
| 241|0x000000008f100000, 0x000000008f100000, 0x000000008f200000|  0%| F|  |TAMS 0x000000008f100000, 0x000000008f100000| Untracked 
| 242|0x000000008f200000, 0x000000008f200000, 0x000000008f300000|  0%| F|  |TAMS 0x000000008f200000, 0x000000008f200000| Untracked 
| 243|0x000000008f300000, 0x000000008f300000, 0x000000008f400000|  0%| F|  |TAMS 0x000000008f300000, 0x000000008f300000| Untracked 
| 244|0x000000008f400000, 0x000000008f400000, 0x000000008f500000|  0%| F|  |TAMS 0x000000008f400000, 0x000000008f400000| Untracked 
| 245|0x000000008f500000, 0x000000008f500000, 0x000000008f600000|  0%| F|  |TAMS 0x000000008f500000, 0x000000008f500000| Untracked 
| 246|0x000000008f600000, 0x000000008f600000, 0x000000008f700000|  0%| F|  |TAMS 0x000000008f600000, 0x000000008f600000| Untracked 
| 247|0x000000008f700000, 0x000000008f700000, 0x000000008f800000|  0%| F|  |TAMS 0x000000008f700000, 0x000000008f700000| Untracked 
| 248|0x000000008f800000, 0x000000008f800000, 0x000000008f900000|  0%| F|  |TAMS 0x000000008f800000, 0x000000008f800000| Untracked 
| 249|0x000000008f900000, 0x000000008f900000, 0x000000008fa00000|  0%| F|  |TAMS 0x000000008f900000, 0x000000008f900000| Untracked 
| 250|0x000000008fa00000, 0x000000008fa00000, 0x000000008fb00000|  0%| F|  |TAMS 0x000000008fa00000, 0x000000008fa00000| Untracked 
| 251|0x000000008fb00000, 0x000000008fb00000, 0x000000008fc00000|  0%| F|  |TAMS 0x000000008fb00000, 0x000000008fb00000| Untracked 
| 252|0x000000008fc00000, 0x000000008fc00000, 0x000000008fd00000|  0%| F|  |TAMS 0x000000008fc00000, 0x000000008fc00000| Untracked 
| 253|0x000000008fd00000, 0x000000008fd00000, 0x000000008fe00000|  0%| F|  |TAMS 0x000000008fd00000, 0x000000008fd00000| Untracked 
| 254|0x000000008fe00000, 0x000000008fe00000, 0x000000008ff00000|  0%| F|  |TAMS 0x000000008fe00000, 0x000000008fe00000| Untracked 
| 255|0x000000008ff00000, 0x000000008ff00000, 0x0000000090000000|  0%| F|  |TAMS 0x000000008ff00000, 0x000000008ff00000| Untracked 
| 256|0x0000000090000000, 0x0000000090000000, 0x0000000090100000|  0%| F|  |TAMS 0x0000000090000000, 0x0000000090000000| Untracked 
| 257|0x0000000090100000, 0x0000000090100000, 0x0000000090200000|  0%| F|  |TAMS 0x0000000090100000, 0x0000000090100000| Untracked 
| 258|0x0000000090200000, 0x0000000090200000, 0x0000000090300000|  0%| F|  |TAMS 0x0000000090200000, 0x0000000090200000| Untracked 
| 259|0x0000000090300000, 0x0000000090300000, 0x0000000090400000|  0%| F|  |TAMS 0x0000000090300000, 0x0000000090300000| Untracked 
| 260|0x0000000090400000, 0x0000000090400000, 0x0000000090500000|  0%| F|  |TAMS 0x0000000090400000, 0x0000000090400000| Untracked 
| 261|0x0000000090500000, 0x0000000090500000, 0x0000000090600000|  0%| F|  |TAMS 0x0000000090500000, 0x0000000090500000| Untracked 
| 262|0x0000000090600000, 0x0000000090600000, 0x0000000090700000|  0%| F|  |TAMS 0x0000000090600000, 0x0000000090600000| Untracked 
| 263|0x0000000090700000, 0x0000000090700000, 0x0000000090800000|  0%| F|  |TAMS 0x0000000090700000, 0x0000000090700000| Untracked 
| 264|0x0000000090800000, 0x0000000090800000, 0x0000000090900000|  0%| F|  |TAMS 0x0000000090800000, 0x0000000090800000| Untracked 
| 265|0x0000000090900000, 0x0000000090900000, 0x0000000090a00000|  0%| F|  |TAMS 0x0000000090900000, 0x0000000090900000| Untracked 
| 266|0x0000000090a00000, 0x0000000090a00000, 0x0000000090b00000|  0%| F|  |TAMS 0x0000000090a00000, 0x0000000090a00000| Untracked 
| 267|0x0000000090b00000, 0x0000000090b00000, 0x0000000090c00000|  0%| F|  |TAMS 0x0000000090b00000, 0x0000000090b00000| Untracked 
| 268|0x0000000090c00000, 0x0000000090c00000, 0x0000000090d00000|  0%| F|  |TAMS 0x0000000090c00000, 0x0000000090c00000| Untracked 
| 269|0x0000000090d00000, 0x0000000090d00000, 0x0000000090e00000|  0%| F|  |TAMS 0x0000000090d00000, 0x0000000090d00000| Untracked 
| 270|0x0000000090e00000, 0x0000000090e00000, 0x0000000090f00000|  0%| F|  |TAMS 0x0000000090e00000, 0x0000000090e00000| Untracked 
| 271|0x0000000090f00000, 0x0000000090f00000, 0x0000000091000000|  0%| F|  |TAMS 0x0000000090f00000, 0x0000000090f00000| Untracked 
| 272|0x0000000091000000, 0x0000000091000000, 0x0000000091100000|  0%| F|  |TAMS 0x0000000091000000, 0x0000000091000000| Untracked 
| 273|0x0000000091100000, 0x0000000091100000, 0x0000000091200000|  0%| F|  |TAMS 0x0000000091100000, 0x0000000091100000| Untracked 
| 274|0x0000000091200000, 0x0000000091200000, 0x0000000091300000|  0%| F|  |TAMS 0x0000000091200000, 0x0000000091200000| Untracked 
| 275|0x0000000091300000, 0x0000000091300000, 0x0000000091400000|  0%| F|  |TAMS 0x0000000091300000, 0x0000000091300000| Untracked 
| 276|0x0000000091400000, 0x0000000091400000, 0x0000000091500000|  0%| F|  |TAMS 0x0000000091400000, 0x0000000091400000| Untracked 
| 277|0x0000000091500000, 0x0000000091500000, 0x0000000091600000|  0%| F|  |TAMS 0x0000000091500000, 0x0000000091500000| Untracked 
| 278|0x0000000091600000, 0x0000000091600000, 0x0000000091700000|  0%| F|  |TAMS 0x0000000091600000, 0x0000000091600000| Untracked 
| 279|0x0000000091700000, 0x0000000091700000, 0x0000000091800000|  0%| F|  |TAMS 0x0000000091700000, 0x0000000091700000| Untracked 
| 280|0x0000000091800000, 0x0000000091800000, 0x0000000091900000|  0%| F|  |TAMS 0x0000000091800000, 0x0000000091800000| Untracked 
| 281|0x0000000091900000, 0x0000000091900000, 0x0000000091a00000|  0%| F|  |TAMS 0x0000000091900000, 0x0000000091900000| Untracked 
| 282|0x0000000091a00000, 0x0000000091a00000, 0x0000000091b00000|  0%| F|  |TAMS 0x0000000091a00000, 0x0000000091a00000| Untracked 
| 283|0x0000000091b00000, 0x0000000091b00000, 0x0000000091c00000|  0%| F|  |TAMS 0x0000000091b00000, 0x0000000091b00000| Untracked 
| 284|0x0000000091c00000, 0x0000000091c00000, 0x0000000091d00000|  0%| F|  |TAMS 0x0000000091c00000, 0x0000000091c00000| Untracked 
| 285|0x0000000091d00000, 0x0000000091d00000, 0x0000000091e00000|  0%| F|  |TAMS 0x0000000091d00000, 0x0000000091d00000| Untracked 
| 286|0x0000000091e00000, 0x0000000091e00000, 0x0000000091f00000|  0%| F|  |TAMS 0x0000000091e00000, 0x0000000091e00000| Untracked 
| 287|0x0000000091f00000, 0x0000000091f00000, 0x0000000092000000|  0%| F|  |TAMS 0x0000000091f00000, 0x0000000091f00000| Untracked 
| 288|0x0000000092000000, 0x0000000092000000, 0x0000000092100000|  0%| F|  |TAMS 0x0000000092000000, 0x0000000092000000| Untracked 
| 289|0x0000000092100000, 0x0000000092100000, 0x0000000092200000|  0%| F|  |TAMS 0x0000000092100000, 0x0000000092100000| Untracked 
| 290|0x0000000092200000, 0x0000000092200000, 0x0000000092300000|  0%| F|  |TAMS 0x0000000092200000, 0x0000000092200000| Untracked 
| 291|0x0000000092300000, 0x0000000092300000, 0x0000000092400000|  0%| F|  |TAMS 0x0000000092300000, 0x0000000092300000| Untracked 
| 292|0x0000000092400000, 0x0000000092400000, 0x0000000092500000|  0%| F|  |TAMS 0x0000000092400000, 0x0000000092400000| Untracked 
| 293|0x0000000092500000, 0x0000000092500000, 0x0000000092600000|  0%| F|  |TAMS 0x0000000092500000, 0x0000000092500000| Untracked 
| 294|0x0000000092600000, 0x0000000092600000, 0x0000000092700000|  0%| F|  |TAMS 0x0000000092600000, 0x0000000092600000| Untracked 
| 295|0x0000000092700000, 0x0000000092700000, 0x0000000092800000|  0%| F|  |TAMS 0x0000000092700000, 0x0000000092700000| Untracked 
| 296|0x0000000092800000, 0x0000000092800000, 0x0000000092900000|  0%| F|  |TAMS 0x0000000092800000, 0x0000000092800000| Untracked 
| 297|0x0000000092900000, 0x0000000092900000, 0x0000000092a00000|  0%| F|  |TAMS 0x0000000092900000, 0x0000000092900000| Untracked 
| 298|0x0000000092a00000, 0x0000000092a00000, 0x0000000092b00000|  0%| F|  |TAMS 0x0000000092a00000, 0x0000000092a00000| Untracked 
| 299|0x0000000092b00000, 0x0000000092b00000, 0x0000000092c00000|  0%| F|  |TAMS 0x0000000092b00000, 0x0000000092b00000| Untracked 
| 300|0x0000000092c00000, 0x0000000092c00000, 0x0000000092d00000|  0%| F|  |TAMS 0x0000000092c00000, 0x0000000092c00000| Untracked 
| 301|0x0000000092d00000, 0x0000000092d00000, 0x0000000092e00000|  0%| F|  |TAMS 0x0000000092d00000, 0x0000000092d00000| Untracked 
| 302|0x0000000092e00000, 0x0000000092e00000, 0x0000000092f00000|  0%| F|  |TAMS 0x0000000092e00000, 0x0000000092e00000| Untracked 
| 303|0x0000000092f00000, 0x0000000092f00000, 0x0000000093000000|  0%| F|  |TAMS 0x0000000092f00000, 0x0000000092f00000| Untracked 
| 304|0x0000000093000000, 0x0000000093000000, 0x0000000093100000|  0%| F|  |TAMS 0x0000000093000000, 0x0000000093000000| Untracked 
| 305|0x0000000093100000, 0x0000000093100000, 0x0000000093200000|  0%| F|  |TAMS 0x0000000093100000, 0x0000000093100000| Untracked 
| 306|0x0000000093200000, 0x0000000093200000, 0x0000000093300000|  0%| F|  |TAMS 0x0000000093200000, 0x0000000093200000| Untracked 
| 307|0x0000000093300000, 0x0000000093300000, 0x0000000093400000|  0%| F|  |TAMS 0x0000000093300000, 0x0000000093300000| Untracked 
| 308|0x0000000093400000, 0x0000000093400000, 0x0000000093500000|  0%| F|  |TAMS 0x0000000093400000, 0x0000000093400000| Untracked 
| 309|0x0000000093500000, 0x0000000093500000, 0x0000000093600000|  0%| F|  |TAMS 0x0000000093500000, 0x0000000093500000| Untracked 
| 310|0x0000000093600000, 0x0000000093600000, 0x0000000093700000|  0%| F|  |TAMS 0x0000000093600000, 0x0000000093600000| Untracked 
| 311|0x0000000093700000, 0x0000000093700000, 0x0000000093800000|  0%| F|  |TAMS 0x0000000093700000, 0x0000000093700000| Untracked 
| 312|0x0000000093800000, 0x0000000093800000, 0x0000000093900000|  0%| F|  |TAMS 0x0000000093800000, 0x0000000093800000| Untracked 
| 313|0x0000000093900000, 0x0000000093900000, 0x0000000093a00000|  0%| F|  |TAMS 0x0000000093900000, 0x0000000093900000| Untracked 
| 314|0x0000000093a00000, 0x0000000093a00000, 0x0000000093b00000|  0%| F|  |TAMS 0x0000000093a00000, 0x0000000093a00000| Untracked 
| 315|0x0000000093b00000, 0x0000000093b00000, 0x0000000093c00000|  0%| F|  |TAMS 0x0000000093b00000, 0x0000000093b00000| Untracked 
| 316|0x0000000093c00000, 0x0000000093c00000, 0x0000000093d00000|  0%| F|  |TAMS 0x0000000093c00000, 0x0000000093c00000| Untracked 
| 317|0x0000000093d00000, 0x0000000093d62208, 0x0000000093e00000| 38%| E|  |TAMS 0x0000000093d00000, 0x0000000093d00000| Complete 
| 318|0x0000000093e00000, 0x0000000093f00000, 0x0000000093f00000|100%| E|CS|TAMS 0x0000000093e00000, 0x0000000093e00000| Complete 
| 319|0x0000000093f00000, 0x0000000094000000, 0x0000000094000000|100%| E|CS|TAMS 0x0000000093f00000, 0x0000000093f00000| Complete 
| 320|0x0000000094000000, 0x0000000094100000, 0x0000000094100000|100%| E|CS|TAMS 0x0000000094000000, 0x0000000094000000| Complete 
| 321|0x0000000094100000, 0x0000000094200000, 0x0000000094200000|100%| E|CS|TAMS 0x0000000094100000, 0x0000000094100000| Complete 
| 322|0x0000000094200000, 0x0000000094300000, 0x0000000094300000|100%| E|CS|TAMS 0x0000000094200000, 0x0000000094200000| Complete 
| 323|0x0000000094300000, 0x0000000094400000, 0x0000000094400000|100%| E|CS|TAMS 0x0000000094300000, 0x0000000094300000| Complete 

Card table byte_map: [0x000001bb40e40000,0x000001bb41240000] _byte_map_base: 0x000001bb40a40000

Marking Bits (Prev, Next): (CMBitMap*) 0x000001bb2e5dc280, (CMBitMap*) 0x000001bb2e5dc2c0
 Prev Bits: [0x000001bb41640000, 0x000001bb43640000)
 Next Bits: [0x000001bb43640000, 0x000001bb45640000)

Polling page: 0x000001bb2c390000

Metaspace:

Usage:
  Non-class:     96.91 MB used.
      Class:     15.04 MB used.
       Both:    111.95 MB used.

Virtual space:
  Non-class space:      104.00 MB reserved,      97.38 MB ( 94%) committed,  13 nodes.
      Class space:        1.00 GB reserved,      15.38 MB (  2%) committed,  1 nodes.
             Both:        1.10 GB reserved,     112.75 MB ( 10%) committed. 

Chunk freelists:
   Non-Class:  1.80 MB
       Class:  652.00 KB
        Both:  2.43 MB

MaxMetaspaceSize: unlimited
CompressedClassSpaceSize: 1.00 GB
Initial GC threshold: 21.00 MB
Current GC threshold: 149.06 MB
CDS: off
MetaspaceReclaimPolicy: balanced
 - commit_granule_bytes: 65536.
 - commit_granule_words: 8192.
 - virtual_space_node_default_size: 1048576.
 - enlarge_chunks_in_place: 1.
 - new_chunks_are_fully_committed: 0.
 - uncommit_free_chunks: 1.
 - use_allocation_guard: 0.
 - handle_deallocations: 1.


Internal statistics:

num_allocs_failed_limit: 6.
num_arena_births: 1178.
num_arena_deaths: 0.
num_vsnodes_births: 14.
num_vsnodes_deaths: 0.
num_space_committed: 1802.
num_space_uncommitted: 0.
num_chunks_returned_to_freelist: 6.
num_chunks_taken_from_freelist: 5477.
num_chunk_merges: 6.
num_chunk_splits: 3646.
num_chunks_enlarged: 2451.
num_purges: 0.
num_inconsistent_stats: 0.

CodeHeap 'non-profiled nmethods': size=120000Kb used=9947Kb max_used=9947Kb free=110052Kb
 bounds [0x000001bb39510000, 0x000001bb39ed0000, 0x000001bb40a40000]
CodeHeap 'profiled nmethods': size=120000Kb used=25850Kb max_used=25850Kb free=94149Kb
 bounds [0x000001bb31a40000, 0x000001bb33390000, 0x000001bb38f70000]
CodeHeap 'non-nmethods': size=5760Kb used=2409Kb max_used=2535Kb free=3350Kb
 bounds [0x000001bb38f70000, 0x000001bb391f0000, 0x000001bb39510000]
 total_blobs=14979 nmethods=14032 adapters=859
 compilation: enabled
              stopped_count=0, restarted_count=0
 full_count=0

Compilation events (20 events):
Event: 228.686 Thread 0x000001bb484e9100 17133       3       org.gradle.api.internal.artifacts.transform.ConsumerProvidedVariantFinder$ChainNode::<init> (15 bytes)
Event: 228.686 Thread 0x000001bb484e9100 nmethod 17133 0x000001bb3336ef10 code [0x000001bb3336f0c0, 0x000001bb3336f2d8]
Event: 228.686 Thread 0x000001bb484e9100 17134       3       org.gradle.internal.collections.ImmutableFilteredList::withoutIndexFrom (72 bytes)
Event: 228.686 Thread 0x000001bb484e9100 nmethod 17134 0x000001bb3336f390 code [0x000001bb3336f5a0, 0x000001bb3336fba8]
Event: 228.687 Thread 0x000001bb484e9100 17135       3       org.gradle.launcher.daemon.server.exec.LogToClient$AsynchronousLogDispatcher$1::onOutput (44 bytes)
Event: 228.687 Thread 0x000001bb484e9100 nmethod 17135 0x000001bb3336fe10 code [0x000001bb33370040, 0x000001bb33370a38]
Event: 228.691 Thread 0x000001bb484e9100 17137   !   2       java.nio.file.FileTreeWalker::next (144 bytes)
Event: 228.692 Thread 0x000001bb484e9100 nmethod 17137 0x000001bb33370d10 code [0x000001bb33370f40, 0x000001bb333714b8]
Event: 228.692 Thread 0x000001bb484e9100 17138   !   2       java.nio.file.FileTreeWalker::visit (204 bytes)
Event: 228.693 Thread 0x000001bb484e9100 nmethod 17138 0x000001bb33371890 code [0x000001bb33371b80, 0x000001bb33372628]
Event: 228.694 Thread 0x000001bb484e9100 17139       3       sun.nio.fs.WindowsPath$WindowsPathWithAttributes::get (11 bytes)
Event: 228.694 Thread 0x000001bb484e9100 nmethod 17139 0x000001bb33372b90 code [0x000001bb33372d40, 0x000001bb33373018]
Event: 228.702 Thread 0x000001bb484e9100 17140       3       org.gradle.api.internal.changedetection.state.CachingFileHasher::hash (12 bytes)
Event: 228.702 Thread 0x000001bb484e9100 nmethod 17140 0x000001bb33373110 code [0x000001bb333732c0, 0x000001bb33373428]
Event: 228.702 Thread 0x000001bb484e9100 17141       3       org.gradle.api.internal.changedetection.state.CachingFileHasher::snapshot (122 bytes)
Event: 228.703 Thread 0x000001bb484e9100 nmethod 17141 0x000001bb33373510 code [0x000001bb33373780, 0x000001bb333743d8]
Event: 228.704 Thread 0x000001bb484e9100 17142   !   3       java.nio.file.FileTreeWalker::getAttributes (94 bytes)
Event: 228.705 Thread 0x000001bb484e9100 nmethod 17142 0x000001bb33374910 code [0x000001bb33374bc0, 0x000001bb33375d88]
Event: 228.705 Thread 0x000001bb484e9100 17143       3       com.google.common.cache.AbstractCache$SimpleStatsCounter::recordHits (12 bytes)
Event: 228.705 Thread 0x000001bb484e9100 nmethod 17143 0x000001bb33376290 code [0x000001bb33376440, 0x000001bb333765c8]

GC Heap History (20 events):
Event: 20.324 GC heap before
{Heap before GC invocations=44 (full 0):
 garbage-first heap   total 165888K, used 136093K [0x0000000080000000, 0x0000000100000000)
  region size 1024K, 37 young (37888K), 3 survivors (3072K)
 Metaspace       used 90811K, committed 91520K, reserved 1130496K
  class space    used 12192K, committed 12480K, reserved 1048576K
}
Event: 20.331 GC heap after
{Heap after GC invocations=45 (full 0):
 garbage-first heap   total 165888K, used 107106K [0x0000000080000000, 0x0000000100000000)
  region size 1024K, 5 young (5120K), 5 survivors (5120K)
 Metaspace       used 90811K, committed 91520K, reserved 1130496K
  class space    used 12192K, committed 12480K, reserved 1048576K
}
Event: 20.586 GC heap before
{Heap before GC invocations=45 (full 0):
 garbage-first heap   total 165888K, used 136802K [0x0000000080000000, 0x0000000100000000)
  region size 1024K, 35 young (35840K), 5 survivors (5120K)
 Metaspace       used 90841K, committed 91520K, reserved 1130496K
  class space    used 12195K, committed 12480K, reserved 1048576K
}
Event: 20.593 GC heap after
{Heap after GC invocations=46 (full 0):
 garbage-first heap   total 165888K, used 109354K [0x0000000080000000, 0x0000000100000000)
  region size 1024K, 2 young (2048K), 2 survivors (2048K)
 Metaspace       used 90841K, committed 91520K, reserved 1130496K
  class space    used 12195K, committed 12480K, reserved 1048576K
}
Event: 20.928 GC heap before
{Heap before GC invocations=46 (full 0):
 garbage-first heap   total 165888K, used 138026K [0x0000000080000000, 0x0000000100000000)
  region size 1024K, 31 young (31744K), 2 survivors (2048K)
 Metaspace       used 90896K, committed 91584K, reserved 1130496K
  class space    used 12198K, committed 12480K, reserved 1048576K
}
Event: 20.934 GC heap after
{Heap after GC invocations=47 (full 0):
 garbage-first heap   total 331776K, used 110492K [0x0000000080000000, 0x0000000100000000)
  region size 1024K, 4 young (4096K), 4 survivors (4096K)
 Metaspace       used 90896K, committed 91584K, reserved 1130496K
  class space    used 12198K, committed 12480K, reserved 1048576K
}
Event: 22.964 GC heap before
{Heap before GC invocations=48 (full 0):
 garbage-first heap   total 331776K, used 269212K [0x0000000080000000, 0x0000000100000000)
  region size 1024K, 158 young (161792K), 4 survivors (4096K)
 Metaspace       used 91434K, committed 92160K, reserved 1130496K
  class space    used 12294K, committed 12608K, reserved 1048576K
}
Event: 22.980 GC heap after
{Heap after GC invocations=49 (full 0):
 garbage-first heap   total 331776K, used 120757K [0x0000000080000000, 0x0000000100000000)
  region size 1024K, 14 young (14336K), 14 survivors (14336K)
 Metaspace       used 91434K, committed 92160K, reserved 1130496K
  class space    used 12294K, committed 12608K, reserved 1048576K
}
Event: 22.989 GC heap before
{Heap before GC invocations=49 (full 0):
 garbage-first heap   total 331776K, used 122805K [0x0000000080000000, 0x0000000100000000)
  region size 1024K, 16 young (16384K), 14 survivors (14336K)
 Metaspace       used 91444K, committed 92160K, reserved 1130496K
  class space    used 12294K, committed 12608K, reserved 1048576K
}
Event: 23.002 GC heap after
{Heap after GC invocations=50 (full 0):
 garbage-first heap   total 331776K, used 121383K [0x0000000080000000, 0x0000000100000000)
  region size 1024K, 2 young (2048K), 2 survivors (2048K)
 Metaspace       used 91444K, committed 92160K, reserved 1130496K
  class space    used 12294K, committed 12608K, reserved 1048576K
}
Event: 25.374 GC heap before
{Heap before GC invocations=50 (full 0):
 garbage-first heap   total 331776K, used 263719K [0x0000000080000000, 0x0000000100000000)
  region size 1024K, 136 young (139264K), 2 survivors (2048K)
 Metaspace       used 102734K, committed 103552K, reserved 1138688K
  class space    used 14077K, committed 14464K, reserved 1048576K
}
Event: 25.394 GC heap after
{Heap after GC invocations=51 (full 0):
 garbage-first heap   total 331776K, used 145904K [0x0000000080000000, 0x0000000100000000)
  region size 1024K, 17 young (17408K), 17 survivors (17408K)
 Metaspace       used 102734K, committed 103552K, reserved 1138688K
  class space    used 14077K, committed 14464K, reserved 1048576K
}
Event: 27.740 GC heap before
{Heap before GC invocations=51 (full 0):
 garbage-first heap   total 331776K, used 257520K [0x0000000080000000, 0x0000000100000000)
  region size 1024K, 124 young (126976K), 17 survivors (17408K)
 Metaspace       used 103187K, committed 104000K, reserved 1138688K
  class space    used 14120K, committed 14528K, reserved 1048576K
}
Event: 27.759 GC heap after
{Heap after GC invocations=52 (full 0):
 garbage-first heap   total 331776K, used 159744K [0x0000000080000000, 0x0000000100000000)
  region size 1024K, 16 young (16384K), 16 survivors (16384K)
 Metaspace       used 103187K, committed 104000K, reserved 1138688K
  class space    used 14120K, committed 14528K, reserved 1048576K
}
Event: 28.773 GC heap before
{Heap before GC invocations=52 (full 0):
 garbage-first heap   total 331776K, used 253952K [0x0000000080000000, 0x0000000100000000)
  region size 1024K, 109 young (111616K), 16 survivors (16384K)
 Metaspace       used 103264K, committed 104064K, reserved 1138688K
  class space    used 14120K, committed 14528K, reserved 1048576K
}
Event: 28.794 GC heap after
{Heap after GC invocations=53 (full 0):
 garbage-first heap   total 331776K, used 169088K [0x0000000080000000, 0x0000000100000000)
  region size 1024K, 14 young (14336K), 14 survivors (14336K)
 Metaspace       used 103264K, committed 104064K, reserved 1138688K
  class space    used 14120K, committed 14528K, reserved 1048576K
}
Event: 30.651 GC heap before
{Heap before GC invocations=53 (full 0):
 garbage-first heap   total 331776K, used 287872K [0x0000000080000000, 0x0000000100000000)
  region size 1024K, 87 young (89088K), 14 survivors (14336K)
 Metaspace       used 109411K, committed 110208K, reserved 1146880K
  class space    used 14943K, committed 15296K, reserved 1048576K
}
Event: 30.666 GC heap after
{Heap after GC invocations=54 (full 0):
 garbage-first heap   total 331776K, used 182272K [0x0000000080000000, 0x0000000100000000)
  region size 1024K, 6 young (6144K), 6 survivors (6144K)
 Metaspace       used 109411K, committed 110208K, reserved 1146880K
  class space    used 14943K, committed 15296K, reserved 1048576K
}
Event: 228.650 GC heap before
{Heap before GC invocations=54 (full 0):
 garbage-first heap   total 331776K, used 266240K [0x0000000080000000, 0x0000000100000000)
  region size 1024K, 83 young (84992K), 6 survivors (6144K)
 Metaspace       used 114606K, committed 115392K, reserved 1155072K
  class space    used 15394K, committed 15744K, reserved 1048576K
}
Event: 228.663 GC heap after
{Heap after GC invocations=55 (full 0):
 garbage-first heap   total 331776K, used 177646K [0x0000000080000000, 0x0000000100000000)
  region size 1024K, 11 young (11264K), 11 survivors (11264K)
 Metaspace       used 114606K, committed 115392K, reserved 1155072K
  class space    used 15394K, committed 15744K, reserved 1048576K
}

Dll operation events (2 events):
Event: 0.031 Loaded shared library C:\Program Files\Android\Android Studio2\jbr\bin\java.dll
Event: 0.950 Loaded shared library C:\Program Files\Android\Android Studio2\jbr\bin\verify.dll

Deoptimization events (20 events):
Event: 227.835 Thread 0x000001bb4b00aba0 DEOPT PACKING pc=0x000001bb39861be4 sp=0x0000002b69ff8630
Event: 227.835 Thread 0x000001bb4b00aba0 DEOPT UNPACKING pc=0x000001bb38fc69a3 sp=0x0000002b69ff85c8 mode 2
Event: 228.027 Thread 0x000001bb4b00aba0 Uncommon trap: trap_request=0xffffffde fr.pc=0x000001bb39815398 relative=0x00000000000004d8
Event: 228.027 Thread 0x000001bb4b00aba0 Uncommon trap: reason=class_check action=maybe_recompile pc=0x000001bb39815398 method=java.lang.AbstractStringBuilder.append(Ljava/lang/CharSequence;II)Ljava/lang/AbstractStringBuilder; @ 10 c2
Event: 228.027 Thread 0x000001bb4b00aba0 DEOPT PACKING pc=0x000001bb39815398 sp=0x0000002b69ff4940
Event: 228.027 Thread 0x000001bb4b00aba0 DEOPT UNPACKING pc=0x000001bb38fc69a3 sp=0x0000002b69ff48b0 mode 2
Event: 228.032 Thread 0x000001bb4b00aba0 Uncommon trap: trap_request=0xffffffde fr.pc=0x000001bb39815398 relative=0x00000000000004d8
Event: 228.032 Thread 0x000001bb4b00aba0 Uncommon trap: reason=class_check action=maybe_recompile pc=0x000001bb39815398 method=java.lang.AbstractStringBuilder.append(Ljava/lang/CharSequence;II)Ljava/lang/AbstractStringBuilder; @ 10 c2
Event: 228.032 Thread 0x000001bb4b00aba0 DEOPT PACKING pc=0x000001bb39815398 sp=0x0000002b69ff49c0
Event: 228.032 Thread 0x000001bb4b00aba0 DEOPT UNPACKING pc=0x000001bb38fc69a3 sp=0x0000002b69ff4930 mode 2
Event: 228.164 Thread 0x000001bb4b00aba0 Uncommon trap: trap_request=0xffffff45 fr.pc=0x000001bb395f06c8 relative=0x00000000000000a8
Event: 228.164 Thread 0x000001bb4b00aba0 Uncommon trap: reason=unstable_if action=reinterpret pc=0x000001bb395f06c8 method=java.lang.CharacterDataLatin1.digit(II)I @ 12 c2
Event: 228.164 Thread 0x000001bb4b00aba0 DEOPT PACKING pc=0x000001bb395f06c8 sp=0x0000002b69ff9010
Event: 228.164 Thread 0x000001bb4b00aba0 DEOPT UNPACKING pc=0x000001bb38fc69a3 sp=0x0000002b69ff8f88 mode 2
Event: 228.234 Thread 0x000001bb4b00aba0 Uncommon trap: trap_request=0xffffff45 fr.pc=0x000001bb39a579a8 relative=0x0000000000000a68
Event: 228.234 Thread 0x000001bb4b00aba0 Uncommon trap: reason=unstable_if action=reinterpret pc=0x000001bb39a579a8 method=java.io.ObjectInputStream$BlockDataInputStream.readUTFSpan(Ljava/lang/StringBuilder;J)J @ 35 c2
Event: 228.234 Thread 0x000001bb4b00aba0 DEOPT PACKING pc=0x000001bb39a579a8 sp=0x0000002b69ff7d70
Event: 228.234 Thread 0x000001bb4b00aba0 DEOPT UNPACKING pc=0x000001bb38fc69a3 sp=0x0000002b69ff7d10 mode 2
Event: 228.368 Thread 0x000001bb5515f4e0 DEOPT PACKING pc=0x000001bb32ad84db sp=0x0000002b6e3fb4d0
Event: 228.368 Thread 0x000001bb5515f4e0 DEOPT UNPACKING pc=0x000001bb38fc7143 sp=0x0000002b6e3fa9f0 mode 0

Classes unloaded (0 events):
No events

Classes redefined (0 events):
No events

Internal exceptions (20 events):
Event: 33.983 Thread 0x000001bb49cf7bf0 Implicit null exception at 0x000001bb395492f2 to 0x000001bb3954990c
Event: 33.985 Thread 0x000001bb49cf7bf0 Implicit null exception at 0x000001bb3993b3f2 to 0x000001bb3993bb24
Event: 226.663 Thread 0x000001bb49ebbd70 Implicit null exception at 0x000001bb397a6a83 to 0x000001bb397a6c44
Event: 226.839 Thread 0x000001bb4b00aba0 Implicit null exception at 0x000001bb39bc65a0 to 0x000001bb39bc68e0
Event: 226.839 Thread 0x000001bb4b00aba0 Implicit null exception at 0x000001bb39c61bad to 0x000001bb39c67844
Event: 227.882 Thread 0x000001bb4b00aba0 Exception <a 'sun/nio/fs/WindowsException'{0x0000000090ebd378}> (0x0000000090ebd378) 
thrown [s\src\hotspot\share\prims\jni.cpp, line 517]
Event: 228.018 Thread 0x000001bb4b00aba0 Exception <a 'java/lang/NoClassDefFoundError'{0x0000000090a4cf48}: org/jetbrains/kotlin/gradle/plugin/KotlinBasePluginWrapper> (0x0000000090a4cf48) 
thrown [s\src\hotspot\share\oops\constantPool.cpp, line 835]
Event: 228.029 Thread 0x000001bb4b00aba0 Exception <a 'java/lang/reflect/InvocationTargetException'{0x0000000090a79e50}> (0x0000000090a79e50) 
thrown [s\src\hotspot\share\runtime\reflection.cpp, line 1127]
Event: 228.029 Thread 0x000001bb4b00aba0 Exception <a 'java/lang/reflect/InvocationTargetException'{0x0000000090a7d960}> (0x0000000090a7d960) 
thrown [s\src\hotspot\share\runtime\reflection.cpp, line 1127]
Event: 228.030 Thread 0x000001bb4b00aba0 Exception <a 'java/lang/reflect/InvocationTargetException'{0x0000000090a816a8}> (0x0000000090a816a8) 
thrown [s\src\hotspot\share\runtime\reflection.cpp, line 1127]
Event: 228.030 Thread 0x000001bb4b00aba0 Exception <a 'java/lang/reflect/InvocationTargetException'{0x0000000090a851d8}> (0x0000000090a851d8) 
thrown [s\src\hotspot\share\runtime\reflection.cpp, line 1127]
Event: 228.030 Thread 0x000001bb4b00aba0 Exception <a 'java/lang/reflect/InvocationTargetException'{0x0000000090a88d58}> (0x0000000090a88d58) 
thrown [s\src\hotspot\share\runtime\reflection.cpp, line 1127]
Event: 228.034 Thread 0x000001bb4b00aba0 Exception <a 'java/lang/reflect/InvocationTargetException'{0x0000000090a9f010}> (0x0000000090a9f010) 
thrown [s\src\hotspot\share\runtime\reflection.cpp, line 1127]
Event: 228.150 Thread 0x000001bb4b00aba0 Exception <a 'sun/nio/fs/WindowsException'{0x0000000090616b00}> (0x0000000090616b00) 
thrown [s\src\hotspot\share\prims\jni.cpp, line 517]
Event: 228.166 Thread 0x000001bb4b00aba0 Exception <a 'sun/nio/fs/WindowsException'{0x00000000906b4c40}> (0x00000000906b4c40) 
thrown [s\src\hotspot\share\prims\jni.cpp, line 517]
Event: 228.167 Thread 0x000001bb4b00aba0 Exception <a 'sun/nio/fs/WindowsException'{0x00000000906b5fc8}> (0x00000000906b5fc8) 
thrown [s\src\hotspot\share\prims\jni.cpp, line 517]
Event: 228.167 Thread 0x000001bb4b00aba0 Exception <a 'sun/nio/fs/WindowsException'{0x00000000906b73a0}> (0x00000000906b73a0) 
thrown [s\src\hotspot\share\prims\jni.cpp, line 517]
Event: 228.168 Thread 0x000001bb4b00aba0 Exception <a 'sun/nio/fs/WindowsException'{0x00000000906b8778}> (0x00000000906b8778) 
thrown [s\src\hotspot\share\prims\jni.cpp, line 517]
Event: 228.239 Thread 0x000001bb4b00aba0 Exception <a 'sun/nio/fs/WindowsException'{0x0000000090235398}> (0x0000000090235398) 
thrown [s\src\hotspot\share\prims\jni.cpp, line 517]
Event: 228.333 Thread 0x000001bb5515f4e0 Exception <a 'sun/nio/fs/WindowsException'{0x00000000902d43c8}> (0x00000000902d43c8) 
thrown [s\src\hotspot\share\prims\jni.cpp, line 517]

VM Operations (20 events):
Event: 104.719 Executing VM operation: Cleanup
Event: 104.719 Executing VM operation: Cleanup done
Event: 125.857 Executing VM operation: Cleanup
Event: 125.857 Executing VM operation: Cleanup done
Event: 144.007 Executing VM operation: Cleanup
Event: 144.007 Executing VM operation: Cleanup done
Event: 184.296 Executing VM operation: Cleanup
Event: 184.296 Executing VM operation: Cleanup done
Event: 224.678 Executing VM operation: Cleanup
Event: 224.678 Executing VM operation: Cleanup done
Event: 226.693 Executing VM operation: Cleanup
Event: 226.693 Executing VM operation: Cleanup done
Event: 227.688 Executing VM operation: ICBufferFull
Event: 227.688 Executing VM operation: ICBufferFull done
Event: 227.928 Executing VM operation: ICBufferFull
Event: 227.928 Executing VM operation: ICBufferFull done
Event: 228.208 Executing VM operation: ICBufferFull
Event: 228.208 Executing VM operation: ICBufferFull done
Event: 228.650 Executing VM operation: G1CollectForAllocation
Event: 228.663 Executing VM operation: G1CollectForAllocation done

Events (20 events):
Event: 227.712 Thread 0x000001bb4b92ca40 Thread added: 0x000001bb4b92ca40
Event: 227.712 Thread 0x000001bb4b92b230 Thread added: 0x000001bb4b92b230
Event: 227.713 Thread 0x000001bb4b92bbd0 Thread added: 0x000001bb4b92bbd0
Event: 227.713 Thread 0x000001bb4b92a3c0 Thread added: 0x000001bb4b92a3c0
Event: 227.713 Thread 0x000001bb4b92c0a0 Thread added: 0x000001bb4b92c0a0
Event: 227.713 Thread 0x000001bb4b929a20 Thread added: 0x000001bb4b929a20
Event: 227.713 Thread 0x000001bb4b92c570 Thread added: 0x000001bb4b92c570
Event: 227.713 Thread 0x000001bb4b92b700 Thread added: 0x000001bb4b92b700
Event: 227.714 Thread 0x000001bb4b929ef0 Thread added: 0x000001bb4b929ef0
Event: 227.714 Thread 0x000001bb4b929080 Thread added: 0x000001bb4b929080
Event: 227.714 Thread 0x000001bb4b929550 Thread added: 0x000001bb4b929550
Event: 227.715 Thread 0x000001bb4b92ad60 Thread added: 0x000001bb4b92ad60
Event: 227.821 Thread 0x000001bb5515f010 Thread added: 0x000001bb5515f010
Event: 228.250 Thread 0x000001bb551646b0 Thread added: 0x000001bb551646b0
Event: 228.250 Thread 0x000001bb55166390 Thread added: 0x000001bb55166390
Event: 228.257 Thread 0x000001bb55161b60 Thread added: 0x000001bb55161b60
Event: 228.284 Thread 0x000001bb5515f4e0 Thread added: 0x000001bb5515f4e0
Event: 228.287 Thread 0x000001bb55160820 Thread added: 0x000001bb55160820
Event: 228.288 Thread 0x000001bb55161690 Thread added: 0x000001bb55161690
Event: 228.290 Thread 0x000001bb55165520 Thread added: 0x000001bb55165520


Dynamic libraries:
0x00007ff731f80000 - 0x00007ff731f8a000 	C:\Program Files\Android\Android Studio2\jbr\bin\java.exe
0x00007ffb93730000 - 0x00007ffb93928000 	C:\WINDOWS\SYSTEM32\ntdll.dll
0x00007ffb92820000 - 0x00007ffb928dd000 	C:\WINDOWS\System32\KERNEL32.DLL
0x00007ffb91100000 - 0x00007ffb913f6000 	C:\WINDOWS\System32\KERNELBASE.dll
0x000000006fe50000 - 0x000000006feff000 	C:\ProgramData\Symantec\Symantec Endpoint Protection\14.3.5413.3000.105\Data\Sysfer\x64\sysfer.dll
0x00007ffb914a0000 - 0x00007ffb915a0000 	C:\WINDOWS\System32\ucrtbase.dll
0x00007ffb44b80000 - 0x00007ffb44b97000 	C:\Program Files\Android\Android Studio2\jbr\bin\jli.dll
0x00007ffb93430000 - 0x00007ffb935ce000 	C:\WINDOWS\System32\USER32.dll
0x00007ffb91750000 - 0x00007ffb91772000 	C:\WINDOWS\System32\win32u.dll
0x00007ffb91920000 - 0x00007ffb9194c000 	C:\WINDOWS\System32\GDI32.dll
0x00007ffb91630000 - 0x00007ffb9174a000 	C:\WINDOWS\System32\gdi32full.dll
0x00007ffb91400000 - 0x00007ffb9149d000 	C:\WINDOWS\System32\msvcp_win.dll
0x00007ffb808a0000 - 0x00007ffb808bb000 	C:\Program Files\Android\Android Studio2\jbr\bin\VCRUNTIME140.dll
0x00007ffb844d0000 - 0x00007ffb8476a000 	C:\WINDOWS\WinSxS\amd64_microsoft.windows.common-controls_6595b64144ccf1df_6.0.19041.3636_none_60b6a03d71f818d5\COMCTL32.dll
0x00007ffb928e0000 - 0x00007ffb9297e000 	C:\WINDOWS\System32\msvcrt.dll
0x00007ffb91dc0000 - 0x00007ffb91df0000 	C:\WINDOWS\System32\IMM32.DLL
0x00007ffb8bda0000 - 0x00007ffb8bdac000 	C:\Program Files\Android\Android Studio2\jbr\bin\vcruntime140_1.dll
0x00007ffb80810000 - 0x00007ffb8089d000 	C:\Program Files\Android\Android Studio2\jbr\bin\msvcp140.dll
0x00007ffb09210000 - 0x00007ffb09e7e000 	C:\Program Files\Android\Android Studio2\jbr\bin\server\jvm.dll
0x00007ffb91780000 - 0x00007ffb91833000 	C:\WINDOWS\System32\ADVAPI32.dll
0x00007ffb92780000 - 0x00007ffb9281f000 	C:\WINDOWS\System32\sechost.dll
0x00007ffb92c70000 - 0x00007ffb92d96000 	C:\WINDOWS\System32\RPCRT4.dll
0x00007ffb910d0000 - 0x00007ffb910f7000 	C:\WINDOWS\System32\bcrypt.dll
0x00007ffb840f0000 - 0x00007ffb840f9000 	C:\WINDOWS\SYSTEM32\WSOCK32.dll
0x00007ffb92630000 - 0x00007ffb9269b000 	C:\WINDOWS\System32\WS2_32.dll
0x00007ffb82c30000 - 0x00007ffb82c57000 	C:\WINDOWS\SYSTEM32\WINMM.dll
0x00007ffb87bd0000 - 0x00007ffb87bda000 	C:\WINDOWS\SYSTEM32\VERSION.dll
0x00007ffb8f650000 - 0x00007ffb8f662000 	C:\WINDOWS\SYSTEM32\kernel.appcore.dll
0x00007ffb80f30000 - 0x00007ffb80f3a000 	C:\Program Files\Android\Android Studio2\jbr\bin\jimage.dll
0x00007ffb872b0000 - 0x00007ffb87494000 	C:\WINDOWS\SYSTEM32\DBGHELP.DLL
0x00007ffb87240000 - 0x00007ffb87274000 	C:\WINDOWS\SYSTEM32\dbgcore.DLL
0x00007ffb915a0000 - 0x00007ffb91622000 	C:\WINDOWS\System32\bcryptPrimitives.dll
0x00007ffb468e0000 - 0x00007ffb46905000 	C:\Program Files\Android\Android Studio2\jbr\bin\java.dll
0x00007ffb465f0000 - 0x00007ffb46608000 	C:\Program Files\Android\Android Studio2\jbr\bin\zip.dll
0x00007ffb91df0000 - 0x00007ffb92535000 	C:\WINDOWS\System32\SHELL32.dll
0x00007ffb8ed00000 - 0x00007ffb8f49b000 	C:\WINDOWS\SYSTEM32\windows.storage.dll
0x00007ffb92ed0000 - 0x00007ffb93224000 	C:\WINDOWS\System32\combase.dll
0x00007ffb90680000 - 0x00007ffb906ad000 	C:\WINDOWS\SYSTEM32\Wldp.dll
0x00007ffb92bc0000 - 0x00007ffb92c6d000 	C:\WINDOWS\System32\SHCORE.dll
0x00007ffb918c0000 - 0x00007ffb91915000 	C:\WINDOWS\System32\shlwapi.dll
0x00007ffb90d30000 - 0x00007ffb90d55000 	C:\WINDOWS\SYSTEM32\profapi.dll
0x00007ffb44c60000 - 0x00007ffb44c79000 	C:\Program Files\Android\Android Studio2\jbr\bin\net.dll
0x00007ffb88fb0000 - 0x00007ffb890ba000 	C:\WINDOWS\SYSTEM32\WINHTTP.dll
0x00007ffb90460000 - 0x00007ffb904ca000 	C:\WINDOWS\system32\mswsock.dll
0x00007ffb44c40000 - 0x00007ffb44c56000 	C:\Program Files\Android\Android Studio2\jbr\bin\nio.dll
0x00007ffb7efc0000 - 0x00007ffb7efd0000 	C:\Program Files\Android\Android Studio2\jbr\bin\verify.dll
0x00007ffb0a630000 - 0x00007ffb0a657000 	C:\Users\ADIT-PC\.gradle\native\68d5fa5c4cc2d200863cafc0d521ce42e7d3e7ee720ec0a83991735586a16f82\windows-amd64\native-platform.dll
0x00007ffb806c0000 - 0x00007ffb80804000 	C:\Users\ADIT-PC\.gradle\native\e376f236ea51e6404a007f0833ffe2c6e607c4080706a723a18a27aeea778392\windows-amd64\native-platform-file-events.dll
0x00007ffb6ca40000 - 0x00007ffb6ca49000 	C:\Program Files\Android\Android Studio2\jbr\bin\management.dll
0x00007ffb6c3f0000 - 0x00007ffb6c3fb000 	C:\Program Files\Android\Android Studio2\jbr\bin\management_ext.dll
0x00007ffb93230000 - 0x00007ffb93238000 	C:\WINDOWS\System32\PSAPI.DLL
0x00007ffb906c0000 - 0x00007ffb906d8000 	C:\WINDOWS\SYSTEM32\CRYPTSP.dll
0x00007ffb8fdb0000 - 0x00007ffb8fde4000 	C:\WINDOWS\system32\rsaenh.dll
0x00007ffb90cf0000 - 0x00007ffb90d1e000 	C:\WINDOWS\SYSTEM32\USERENV.dll
0x00007ffb905f0000 - 0x00007ffb905fc000 	C:\WINDOWS\SYSTEM32\CRYPTBASE.dll
0x00007ffb90170000 - 0x00007ffb901ab000 	C:\WINDOWS\SYSTEM32\IPHLPAPI.DLL
0x00007ffb93420000 - 0x00007ffb93428000 	C:\WINDOWS\System32\NSI.dll
0x00007ffb8aa20000 - 0x00007ffb8aa37000 	C:\WINDOWS\SYSTEM32\dhcpcsvc6.DLL
0x00007ffb8aab0000 - 0x00007ffb8aacd000 	C:\WINDOWS\SYSTEM32\dhcpcsvc.DLL
0x00007ffb901c0000 - 0x00007ffb9028a000 	C:\WINDOWS\SYSTEM32\DNSAPI.dll
0x00007ffb72500000 - 0x00007ffb72507000 	C:\WINDOWS\system32\wshunix.dll

dbghelp: loaded successfully - version: 4.0.5 - missing functions: none
symbol engine: initialized successfully - sym options: 0x614 - pdb path: .;C:\Program Files\Android\Android Studio2\jbr\bin;C:\WINDOWS\SYSTEM32;C:\ProgramData\Symantec\Symantec Endpoint Protection\14.3.5413.3000.105\Data\Sysfer\x64;C:\WINDOWS\WinSxS\amd64_microsoft.windows.common-controls_6595b64144ccf1df_6.0.19041.3636_none_60b6a03d71f818d5;C:\Program Files\Android\Android Studio2\jbr\bin\server;C:\Users\ADIT-PC\.gradle\native\68d5fa5c4cc2d200863cafc0d521ce42e7d3e7ee720ec0a83991735586a16f82\windows-amd64;C:\Users\ADIT-PC\.gradle\native\e376f236ea51e6404a007f0833ffe2c6e607c4080706a723a18a27aeea778392\windows-amd64

VM Arguments:
jvm_args: --add-opens=java.base/java.util=ALL-UNNAMED --add-opens=java.base/java.lang=ALL-UNNAMED --add-opens=java.base/java.lang.invoke=ALL-UNNAMED --add-opens=java.prefs/java.util.prefs=ALL-UNNAMED --add-opens=java.base/java.nio.charset=ALL-UNNAMED --add-opens=java.base/java.net=ALL-UNNAMED --add-opens=java.base/java.util.concurrent.atomic=ALL-UNNAMED -Xmx2048m -Dfile.encoding=windows-1252 -Duser.country=ID -Duser.language=en -Duser.variant 
java_command: org.gradle.launcher.daemon.bootstrap.GradleDaemon 8.0
java_class_path (initial): C:\Users\ADIT-PC\.gradle\wrapper\dists\gradle-8.0-bin\ca5e32bp14vu59qr306oxotwh\gradle-8.0\lib\gradle-launcher-8.0.jar
Launcher Type: SUN_STANDARD

[Global flags]
     intx CICompilerCount                          = 3                                         {product} {ergonomic}
     uint ConcGCThreads                            = 1                                         {product} {ergonomic}
     uint G1ConcRefinementThreads                  = 4                                         {product} {ergonomic}
   size_t G1HeapRegionSize                         = 1048576                                   {product} {ergonomic}
    uintx GCDrainStackTargetSize                   = 64                                        {product} {ergonomic}
   size_t InitialHeapSize                          = 266338304                                 {product} {ergonomic}
   size_t MarkStackSize                            = 4194304                                   {product} {ergonomic}
   size_t MaxHeapSize                              = 2147483648                                {product} {command line}
   size_t MaxNewSize                               = 1287651328                                {product} {ergonomic}
   size_t MinHeapDeltaBytes                        = 1048576                                   {product} {ergonomic}
   size_t MinHeapSize                              = 8388608                                   {product} {ergonomic}
    uintx NonNMethodCodeHeapSize                   = 5832780                                {pd product} {ergonomic}
    uintx NonProfiledCodeHeapSize                  = 122912730                              {pd product} {ergonomic}
    uintx ProfiledCodeHeapSize                     = 122912730                              {pd product} {ergonomic}
    uintx ReservedCodeCacheSize                    = 251658240                              {pd product} {ergonomic}
     bool SegmentedCodeCache                       = true                                      {product} {ergonomic}
   size_t SoftMaxHeapSize                          = 2147483648                             {manageable} {ergonomic}
     bool UseCompressedClassPointers               = true                           {product lp64_product} {ergonomic}
     bool UseCompressedOops                        = true                           {product lp64_product} {ergonomic}
     bool UseG1GC                                  = true                                      {product} {ergonomic}
     bool UseLargePagesIndividualAllocation        = false                                  {pd product} {ergonomic}

Logging:
Log output configuration:
 #0: stdout all=warning uptime,level,tags
 #1: stderr all=off uptime,level,tags

Environment Variables:
JAVA_HOME=C:\Program Files\Java\jdk-15.0.2
CLASSPATH=.;
PATH=C:\Program Files\Common Files\Oracle\Java\javapath;C:\Python311\Scripts\;C:\Python311\;C:\Python310\Scripts\;C:\Python310\;C:\Python27\;C:\Python27\Scripts;C:\Program Files (x86)\Common Files\Oracle\Java\javapath;C:\Program Files\Docker\Docker\Resources\bin;C:\ProgramData\Oracle\Java\javapath;C:\Program Files (x86)\Intel\iCLS Client\;C:\Program Files\Intel\iCLS Client\;C:\WINDOWS\system32;C:\WINDOWS;C:\WINDOWS\System32\Wbem;C:\WINDOWS\System32\WindowsPowerShell\v1.0\;C:\Program Files (x86)\Intel\Intel(R) Management Engine Components\DAL;C:\Program Files\Intel\Intel(R) Management Engine Components\DAL;C:\Program Files (x86)\Intel\Intel(R) Management Engine Components\IPT;C:\Program Files\Intel\Intel(R) Management Engine Components\IPT;C:\Program Files\Java\jre1.8.0_162\bin;C:\Program Files (x86)\GtkSharp\2.12\bin;C:\Program Files\PuTTY\;C:\Program Files\Java\jdk1.8.0_162\bin;C:\PROGRA~2\Groovy\GROOVY~1.15\bin;C:\WINDOWS\System32\OpenSSH\;C:\xampp\php;C:\Program Files (x86)\Microsoft SQL Server\Client SDK\ODBC\130\Tools\Binn\;C:\Program Files (x86)\Microsoft SQL Server\140\Tools\Binn\;C:\Program Files (x86)\Microsoft SQL Server\140\DTS\Binn\;C:\Program Files (x86)\Microsoft SQL Server\140\Tools\Binn\ManagementStudio\;c:\Program Files (x86)\Microsoft SQL Server\110\Tools\Binn\;c:\Program Files\Microsoft SQL Server\110\Tools\Binn\;c:\Program Files\Microsoft SQL Server\110\DTS\Binn\;C:\composer;C:\Flutter\flutter\bin;C:\Bitnami\wampstack-5.6.39-0\php;C:\ProgramData\chocolatey\bin;C:\Program Files (x86)\Yarn\bin\;C:\Program Files\Java\jdk1.8.0_211\bin;C:\Program Files\OpenJDK\openjdk-8u312-b07\bin;C:\Program Files\nodejs\;C:\Program Files\Git\cmd;C:\Users\ADIT-PC\AppData\Local\Microsoft\WindowsApps;C:\Users\ADIT-PC\AppData\Local\Android\Sdk\platform-tools;C:\Users\ADIT-PC\AppData\Roaming\npm;C:\Users\ADIT-PC\AppData\Local\Programs\Microsoft VS Code\bin;C:\Users\ADIT-PC\AppData\Local\Android\Sdk;C:\src\flutter\bin;C:\Users\ADIT-PC\AppData\Local\GitHubDesktop\bin;C:\Users
USERNAME=ADIT-PC
OS=Windows_NT
PROCESSOR_IDENTIFIER=Intel64 Family 6 Model 94 Stepping 3, GenuineIntel
TMP=C:\Users\ADIT-PC\AppData\Local\Temp
TEMP=C:\Users\ADIT-PC\AppData\Local\Temp


JNI global refs:
JNI global refs: 27, weak refs: 8

JNI global refs memory usage: 843, weak refs: 841


---------------  S Y S T E M  ---------------

OS:
 Windows 10 , 64 bit Build 19041 (10.0.19041.3636)
OS uptime: 16 days 13:34 hours
Hyper-V role detected

CPU: total 4 (initial active 4) (4 cores per cpu, 1 threads per core) family 6 model 94 stepping 3 microcode 0xf2, cx8, cmov, fxsr, mmx, 3dnowpref, sse, sse2, sse3, ssse3, sse4.1, sse4.2, popcnt, lzcnt, tsc, tscinvbit, avx, avx2, aes, erms, clmul, bmi1, bmi2, rtm, adx, fma, vzeroupper, clflush, clflushopt, hv

Memory: 4k page, system-wide physical 16247M (621M free)
TotalPageFile size 25028M (AvailPageFile size 5M)
current process WorkingSet (physical memory assigned to process): 625M, peak: 633M
current process commit charge ("private bytes"): 656M, peak: 662M

vm_info: OpenJDK 64-Bit Server VM (17.0.6+0-b2043.56-10027231) for windows-amd64 JRE (17.0.6+0-b2043.56-10027231), built on Apr 28 2023 00:43:19 by "androidbuild" with MS VC++ 16.10 / 16.11 (VS2019)

END.
