#
# There is insufficient memory for the Java Runtime Environment to continue.
# Native memory allocation (mmap) failed to map 51380224 bytes for G1 virtual space
# Possible reasons:
#   The system is out of physical RAM or swap space
#   The process is running with CompressedOops enabled, and the Java Heap may be blocking the growth of the native heap
# Possible solutions:
#   Reduce memory load on the system
#   Increase physical memory or swap space
#   Check if swap backing store is full
#   Decrease Java heap size (-Xmx/-Xms)
#   Decrease number of Java threads
#   Decrease Java thread stack sizes (-Xss)
#   Set larger code cache with -XX:ReservedCodeCacheSize=
#   JVM is running with Unscaled Compressed Oops mode in which the Java heap is
#     placed in the first 4GB address space. The Java Heap base address is the
#     maximum limit for the native heap growth. Please use -XX:HeapBaseMinAddress
#     to set the Java Heap base and to place the Java Heap above 4GB virtual address.
# This output file may be truncated or incomplete.
#
#  Out of Memory Error (os_windows.cpp:3769), pid=16864, tid=22328
#
# JRE version: OpenJDK Runtime Environment (17.0.6) (build 17.0.6+0-b2043.56-10027231)
# Java VM: OpenJDK 64-Bit Server VM (17.0.6+0-b2043.56-10027231, mixed mode, tiered, compressed oops, compressed class ptrs, g1 gc, windows-amd64)
# No core dump will be written. Minidumps are not enabled by default on client versions of Windows
#

---------------  S U M M A R Y ------------

Command Line: --add-opens=java.base/java.util=ALL-UNNAMED --add-opens=java.base/java.lang=ALL-UNNAMED --add-opens=java.base/java.lang.invoke=ALL-UNNAMED --add-opens=java.prefs/java.util.prefs=ALL-UNNAMED --add-opens=java.base/java.nio.charset=ALL-UNNAMED --add-opens=java.base/java.net=ALL-UNNAMED --add-opens=java.base/java.util.concurrent.atomic=ALL-UNNAMED -Xmx2048m -Dfile.encoding=windows-1252 -Duser.country=ID -Duser.language=en -Duser.variant -javaagent:C:\Users\ADIT-PC\.gradle\wrapper\dists\gradle-8.2-bin\bbg7u40eoinfdyxsxr3z4i7ta\gradle-8.2\lib\agents\gradle-instrumentation-agent-8.2.jar org.gradle.launcher.daemon.bootstrap.GradleDaemon 8.2

Host: Intel(R) Core(TM) i5-6500 CPU @ 3.20GHz, 4 cores, 15G,  Windows 10 , 64 bit Build 19041 (10.0.19041.3636)
Time: Tue Feb 27 08:37:17 2024 SE Asia Standard Time elapsed time: 10.510671 seconds (0d 0h 0m 10s)

---------------  T H R E A D  ---------------

Current thread (0x000002d6c9722110):  VMThread "VM Thread" [stack: 0x000000f3b2900000,0x000000f3b2a00000] [id=22328]

Stack: [0x000000f3b2900000,0x000000f3b2a00000]
Native frames: (J=compiled Java code, j=interpreted, Vv=VM code, C=native code)
V  [jvm.dll+0x683c9a]
V  [jvm.dll+0x8427a4]
V  [jvm.dll+0x843f9e]
V  [jvm.dll+0x844603]
V  [jvm.dll+0x249b75]
V  [jvm.dll+0x680b69]
V  [jvm.dll+0x67505a]
V  [jvm.dll+0x309acb]
V  [jvm.dll+0x310f86]
V  [jvm.dll+0x3608ee]
V  [jvm.dll+0x360b1f]
V  [jvm.dll+0x2dfbf8]
V  [jvm.dll+0x2ddec4]
V  [jvm.dll+0x2dd4cc]
V  [jvm.dll+0x321f3b]
V  [jvm.dll+0x848ccb]
V  [jvm.dll+0x849a04]
V  [jvm.dll+0x849f1d]
V  [jvm.dll+0x84a2f4]
V  [jvm.dll+0x84a3c0]
V  [jvm.dll+0x7f274a]
V  [jvm.dll+0x682ad5]
C  [ucrtbase.dll+0x21bb2]
C  [KERNEL32.DLL+0x17344]
C  [ntdll.dll+0x526b1]

VM_Operation (0x000000f3b40f3660): G1CollectForAllocation, mode: safepoint, requested by thread 0x000002d6cb6702a0


---------------  P R O C E S S  ---------------

Threads class SMR info:
_java_thread_list=0x000002d6cc93a690, length=45, elements={
0x000002d6b0160150, 0x000002d6ca031c50, 0x000002d6ca032460, 0x000002d6ca07f8f0,
0x000002d6ca081fd0, 0x000002d6ca0826a0, 0x000002d6ca086f90, 0x000002d6ca0a8d60,
0x000002d6ca0a9480, 0x000002d6ca0aa3b0, 0x000002d6ca18fe00, 0x000002d6ca2c6230,
0x000002d6ccd1c320, 0x000002d6cd8a6b70, 0x000002d6cd03b440, 0x000002d6cbc189f0,
0x000002d6cc9f3f10, 0x000002d6cb837f20, 0x000002d6cb6702a0, 0x000002d6cbb13960,
0x000002d6cbb112e0, 0x000002d6cbb117b0, 0x000002d6cbb12fc0, 0x000002d6cbb10e10,
0x000002d6cbb13490, 0x000002d6cd7450e0, 0x000002d6cbb12620, 0x000002d6cbb0ffa0,
0x000002d6cbb10940, 0x000002d6cbb11c80, 0x000002d6cbb12150, 0x000002d6cbb12af0,
0x000002d6cbb10470, 0x000002d6cdee3f10, 0x000002d6cdee30a0, 0x000002d6cdee48b0,
0x000002d6cdee4d80, 0x000002d6cdee0ef0, 0x000002d6cdee2bd0, 0x000002d6cdee3570,
0x000002d6cdee5bf0, 0x000002d6cdee7400, 0x000002d6cdee78d0, 0x000002d6cdee0080,
0x000002d6cdee2230
}

Java Threads: ( => current thread )
  0x000002d6b0160150 JavaThread "main" [_thread_blocked, id=17532, stack(0x000000f3b2300000,0x000000f3b2400000)]
  0x000002d6ca031c50 JavaThread "Reference Handler" daemon [_thread_blocked, id=7316, stack(0x000000f3b2a00000,0x000000f3b2b00000)]
  0x000002d6ca032460 JavaThread "Finalizer" daemon [_thread_blocked, id=21032, stack(0x000000f3b2b00000,0x000000f3b2c00000)]
  0x000002d6ca07f8f0 JavaThread "Signal Dispatcher" daemon [_thread_blocked, id=25492, stack(0x000000f3b2c00000,0x000000f3b2d00000)]
  0x000002d6ca081fd0 JavaThread "Attach Listener" daemon [_thread_blocked, id=10852, stack(0x000000f3b2d00000,0x000000f3b2e00000)]
  0x000002d6ca0826a0 JavaThread "Service Thread" daemon [_thread_blocked, id=18880, stack(0x000000f3b2e00000,0x000000f3b2f00000)]
  0x000002d6ca086f90 JavaThread "Monitor Deflation Thread" daemon [_thread_blocked, id=25632, stack(0x000000f3b2f00000,0x000000f3b3000000)]
  0x000002d6ca0a8d60 JavaThread "C2 CompilerThread0" daemon [_thread_blocked, id=16668, stack(0x000000f3b3000000,0x000000f3b3100000)]
  0x000002d6ca0a9480 JavaThread "C1 CompilerThread0" daemon [_thread_blocked, id=6068, stack(0x000000f3b3100000,0x000000f3b3200000)]
  0x000002d6ca0aa3b0 JavaThread "Sweeper thread" daemon [_thread_blocked, id=19880, stack(0x000000f3b3200000,0x000000f3b3300000)]
  0x000002d6ca18fe00 JavaThread "Common-Cleaner" daemon [_thread_blocked, id=21260, stack(0x000000f3b3300000,0x000000f3b3400000)]
  0x000002d6ca2c6230 JavaThread "Notification Thread" daemon [_thread_blocked, id=21820, stack(0x000000f3b3400000,0x000000f3b3500000)]
  0x000002d6ccd1c320 JavaThread "Daemon health stats" [_thread_blocked, id=22004, stack(0x000000f3b3a00000,0x000000f3b3b00000)]
  0x000002d6cd8a6b70 JavaThread "Incoming local TCP Connector on port 7251" [_thread_in_native, id=24896, stack(0x000000f3b3b00000,0x000000f3b3c00000)]
  0x000002d6cd03b440 JavaThread "Daemon periodic checks" [_thread_blocked, id=3404, stack(0x000000f3b3c00000,0x000000f3b3d00000)]
  0x000002d6cbc189f0 JavaThread "Daemon" [_thread_blocked, id=4060, stack(0x000000f3b3d00000,0x000000f3b3e00000)]
  0x000002d6cc9f3f10 JavaThread "Handler for socket connection from /127.0.0.1:7251 to /127.0.0.1:7252" [_thread_in_native, id=17328, stack(0x000000f3b3e00000,0x000000f3b3f00000)]
  0x000002d6cb837f20 JavaThread "Cancel handler" [_thread_blocked, id=26004, stack(0x000000f3b3f00000,0x000000f3b4000000)]
  0x000002d6cb6702a0 JavaThread "Daemon worker" [_thread_blocked, id=12148, stack(0x000000f3b4000000,0x000000f3b4100000)]
  0x000002d6cbb13960 JavaThread "Asynchronous log dispatcher for DefaultDaemonConnection: socket connection from /127.0.0.1:7251 to /127.0.0.1:7252" [_thread_blocked, id=26300, stack(0x000000f3b4100000,0x000000f3b4200000)]
  0x000002d6cbb112e0 JavaThread "Stdin handler" [_thread_blocked, id=17492, stack(0x000000f3b4200000,0x000000f3b4300000)]
  0x000002d6cbb117b0 JavaThread "Daemon client event forwarder" [_thread_blocked, id=18796, stack(0x000000f3b4300000,0x000000f3b4400000)]
  0x000002d6cbb12fc0 JavaThread "Cache worker for journal cache (C:\Users\ADIT-PC\.gradle\caches\journal-1)" [_thread_blocked, id=22372, stack(0x000000f3b3600000,0x000000f3b3700000)]
  0x000002d6cbb10e10 JavaThread "File lock request listener" [_thread_in_native, id=20324, stack(0x000000f3b4400000,0x000000f3b4500000)]
  0x000002d6cbb13490 JavaThread "Cache worker for file hash cache (C:\Users\ADIT-PC\.gradle\caches\8.2\fileHashes)" [_thread_blocked, id=20140, stack(0x000000f3b4500000,0x000000f3b4600000)]
  0x000002d6cd7450e0 JavaThread "C2 CompilerThread1" daemon [_thread_blocked, id=20356, stack(0x000000f3b4600000,0x000000f3b4700000)]
  0x000002d6cbb12620 JavaThread "File watcher server" daemon [_thread_in_native, id=1288, stack(0x000000f3b4700000,0x000000f3b4800000)]
  0x000002d6cbb0ffa0 JavaThread "File watcher consumer" daemon [_thread_blocked, id=16296, stack(0x000000f3b4800000,0x000000f3b4900000)]
  0x000002d6cbb10940 JavaThread "Cache worker for checksums cache (C:\Users\ADIT-PC\AndroidStudioProjects\HRISMobile-New\.gradle\8.2\checksums)" [_thread_blocked, id=13264, stack(0x000000f3b4900000,0x000000f3b4a00000)]
  0x000002d6cbb11c80 JavaThread "Cache worker for cache directory md-rule (C:\Users\ADIT-PC\.gradle\caches\8.2\md-rule)" [_thread_blocked, id=20360, stack(0x000000f3b4a00000,0x000000f3b4b00000)]
  0x000002d6cbb12150 JavaThread "Cache worker for file content cache (C:\Users\ADIT-PC\.gradle\caches\8.2\fileContent)" [_thread_blocked, id=19360, stack(0x000000f3b4b00000,0x000000f3b4c00000)]
  0x000002d6cbb12af0 JavaThread "Cache worker for file hash cache (C:\Users\ADIT-PC\AndroidStudioProjects\HRISMobile-New\.gradle\8.2\fileHashes)" [_thread_blocked, id=22940, stack(0x000000f3b4c00000,0x000000f3b4d00000)]
  0x000002d6cbb10470 JavaThread "Cache worker for cache directory md-supplier (C:\Users\ADIT-PC\.gradle\caches\8.2\md-supplier)" [_thread_blocked, id=12140, stack(0x000000f3b4d00000,0x000000f3b4e00000)]
  0x000002d6cdee3f10 JavaThread "Cache worker for execution history cache (C:\Users\ADIT-PC\.gradle\caches\8.2\executionHistory)" [_thread_blocked, id=26824, stack(0x000000f3b4e00000,0x000000f3b4f00000)]
  0x000002d6cdee30a0 JavaThread "jar transforms" [_thread_blocked, id=15068, stack(0x000000f3b4f00000,0x000000f3b5000000)]
  0x000002d6cdee48b0 JavaThread "jar transforms Thread 2" [_thread_blocked, id=20940, stack(0x000000f3b5000000,0x000000f3b5100000)]
  0x000002d6cdee4d80 JavaThread "jar transforms Thread 3" [_thread_blocked, id=15656, stack(0x000000f3b5100000,0x000000f3b5200000)]
  0x000002d6cdee0ef0 JavaThread "jar transforms Thread 4" [_thread_blocked, id=25756, stack(0x000000f3b5200000,0x000000f3b5300000)]
  0x000002d6cdee2bd0 JavaThread "Cache worker for dependencies-accessors (C:\Users\ADIT-PC\AndroidStudioProjects\HRISMobile-New\.gradle\8.2\dependencies-accessors)" [_thread_blocked, id=16488, stack(0x000000f3b5300000,0x000000f3b5400000)]
  0x000002d6cdee3570 JavaThread "Cache worker for Build Output Cleanup Cache (C:\Users\ADIT-PC\AndroidStudioProjects\HRISMobile-New\.gradle\buildOutputCleanup)" [_thread_blocked, id=23692, stack(0x000000f3b5400000,0x000000f3b5500000)]
  0x000002d6cdee5bf0 JavaThread "Unconstrained build operations" [_thread_blocked, id=20712, stack(0x000000f3b5500000,0x000000f3b5600000)]
  0x000002d6cdee7400 JavaThread "Unconstrained build operations Thread 2" [_thread_blocked, id=5004, stack(0x000000f3b5600000,0x000000f3b5700000)]
  0x000002d6cdee78d0 JavaThread "Unconstrained build operations Thread 3" [_thread_blocked, id=27176, stack(0x000000f3b5700000,0x000000f3b5800000)]
  0x000002d6cdee0080 JavaThread "build event listener" [_thread_blocked, id=26048, stack(0x000000f3b5800000,0x000000f3b5900000)]
  0x000002d6cdee2230 JavaThread "Memory manager" [_thread_blocked, id=9136, stack(0x000000f3b5900000,0x000000f3b5a00000)]

Other Threads:
=>0x000002d6c9722110 VMThread "VM Thread" [stack: 0x000000f3b2900000,0x000000f3b2a00000] [id=22328]
  0x000002d6b01e4280 WatcherThread [stack: 0x000000f3b3500000,0x000000f3b3600000] [id=14848]
  0x000002d6b01ba760 GCTaskThread "GC Thread#0" [stack: 0x000000f3b2400000,0x000000f3b2500000] [id=24068]
  0x000002d6ca9d2080 GCTaskThread "GC Thread#1" [stack: 0x000000f3b3700000,0x000000f3b3800000] [id=20100]
  0x000002d6ca757250 GCTaskThread "GC Thread#2" [stack: 0x000000f3b3800000,0x000000f3b3900000] [id=5096]
  0x000002d6caa752d0 GCTaskThread "GC Thread#3" [stack: 0x000000f3b3900000,0x000000f3b3a00000] [id=11304]
  0x000002d6b01cd5d0 ConcurrentGCThread "G1 Main Marker" [stack: 0x000000f3b2500000,0x000000f3b2600000] [id=24828]
  0x000002d6b01d0a70 ConcurrentGCThread "G1 Conc#0" [stack: 0x000000f3b2600000,0x000000f3b2700000] [id=25144]
  0x000002d6b021e100 ConcurrentGCThread "G1 Refine#0" [stack: 0x000000f3b2700000,0x000000f3b2800000] [id=25252]
  0x000002d6b021e640 ConcurrentGCThread "G1 Service" [stack: 0x000000f3b2800000,0x000000f3b2900000] [id=23160]

Threads with active compile tasks:
C2 CompilerThread0    10547 7726 %     4       groovy.lang.MetaClassImpl::inheritInterfaceNewMetaMethods @ 100 (195 bytes)
C2 CompilerThread1    10547 7687 %     4       org.gradle.internal.instantiation.generator.AbstractClassGenerator::inspectType @ 250 (560 bytes)

VM state: at safepoint (normal execution)

VM Mutex/Monitor currently owned by a thread:  ([mutex/lock_event])
[0x000002d6b015c0c0] Threads_lock - owner thread: 0x000002d6c9722110
[0x000002d6b015bfa0] Heap_lock - owner thread: 0x000002d6cb6702a0

Heap address: 0x0000000080000000, size: 2048 MB, Compressed Oops mode: 32-bit

CDS archive(s) not mapped
Compressed class space mapped at: 0x0000000100000000-0x0000000140000000, reserved size: 1073741824
Narrow klass base: 0x0000000000000000, Narrow klass shift: 3, Narrow klass range: 0x140000000

GC Precious Log:
 CPUs: 4 total, 4 available
 Memory: 16247M
 Large Page Support: Disabled
 NUMA Support: Disabled
 Compressed Oops: Enabled (32-bit)
 Heap Region Size: 1M
 Heap Min Capacity: 8M
 Heap Initial Capacity: 254M
 Heap Max Capacity: 2G
 Pre-touch: Disabled
 Parallel Workers: 4
 Concurrent Workers: 1
 Concurrent Refinement Workers: 4
 Periodic GC: Disabled

Heap:
 garbage-first heap   total 121856K, used 70752K [0x0000000080000000, 0x0000000100000000)
  region size 1024K, 3 young (3072K), 3 survivors (3072K)
 Metaspace       used 77836K, committed 78464K, reserved 1122304K
  class space    used 10561K, committed 10880K, reserved 1048576K

Heap Regions: E=young(eden), S=young(survivor), O=old, HS=humongous(starts), HC=humongous(continues), CS=collection set, F=free, OA=open archive, CA=closed archive, TAMS=top-at-mark-start (previous, next)
|   0|0x0000000080000000, 0x0000000080100000, 0x0000000080100000|100%| O|  |TAMS 0x0000000080100000, 0x0000000080100000| Untracked 
|   1|0x0000000080100000, 0x0000000080200000, 0x0000000080200000|100%| O|  |TAMS 0x0000000080200000, 0x0000000080200000| Untracked 
|   2|0x0000000080200000, 0x0000000080300000, 0x0000000080300000|100%|HS|  |TAMS 0x0000000080300000, 0x0000000080300000| Complete 
|   3|0x0000000080300000, 0x0000000080400000, 0x0000000080400000|100%|HC|  |TAMS 0x0000000080400000, 0x0000000080400000| Complete 
|   4|0x0000000080400000, 0x0000000080500000, 0x0000000080500000|100%|HC|  |TAMS 0x0000000080500000, 0x0000000080500000| Complete 
|   5|0x0000000080500000, 0x0000000080600000, 0x0000000080600000|100%|HC|  |TAMS 0x0000000080600000, 0x0000000080600000| Complete 
|   6|0x0000000080600000, 0x0000000080700000, 0x0000000080700000|100%| O|  |TAMS 0x0000000080700000, 0x0000000080700000| Untracked 
|   7|0x0000000080700000, 0x0000000080800000, 0x0000000080800000|100%| O|  |TAMS 0x0000000080800000, 0x0000000080800000| Untracked 
|   8|0x0000000080800000, 0x0000000080900000, 0x0000000080900000|100%| O|  |TAMS 0x0000000080900000, 0x0000000080900000| Untracked 
|   9|0x0000000080900000, 0x0000000080a00000, 0x0000000080a00000|100%| O|  |TAMS 0x0000000080a00000, 0x0000000080a00000| Untracked 
|  10|0x0000000080a00000, 0x0000000080b00000, 0x0000000080b00000|100%| O|  |TAMS 0x0000000080b00000, 0x0000000080b00000| Untracked 
|  11|0x0000000080b00000, 0x0000000080c00000, 0x0000000080c00000|100%| O|  |TAMS 0x0000000080c00000, 0x0000000080c00000| Untracked 
|  12|0x0000000080c00000, 0x0000000080d00000, 0x0000000080d00000|100%| O|  |TAMS 0x0000000080d00000, 0x0000000080d00000| Untracked 
|  13|0x0000000080d00000, 0x0000000080e00000, 0x0000000080e00000|100%| O|  |TAMS 0x0000000080e00000, 0x0000000080e00000| Untracked 
|  14|0x0000000080e00000, 0x0000000080f00000, 0x0000000080f00000|100%| O|  |TAMS 0x0000000080f00000, 0x0000000080f00000| Untracked 
|  15|0x0000000080f00000, 0x0000000081000000, 0x0000000081000000|100%| O|  |TAMS 0x0000000081000000, 0x0000000081000000| Untracked 
|  16|0x0000000081000000, 0x0000000081100000, 0x0000000081100000|100%| O|  |TAMS 0x0000000081100000, 0x0000000081100000| Untracked 
|  17|0x0000000081100000, 0x0000000081200000, 0x0000000081200000|100%| O|  |TAMS 0x0000000081200000, 0x0000000081200000| Untracked 
|  18|0x0000000081200000, 0x0000000081300000, 0x0000000081300000|100%| O|  |TAMS 0x0000000081300000, 0x0000000081300000| Untracked 
|  19|0x0000000081300000, 0x0000000081400000, 0x0000000081400000|100%| O|  |TAMS 0x0000000081400000, 0x0000000081400000| Untracked 
|  20|0x0000000081400000, 0x0000000081500000, 0x0000000081500000|100%| O|  |TAMS 0x0000000081500000, 0x0000000081500000| Untracked 
|  21|0x0000000081500000, 0x0000000081600000, 0x0000000081600000|100%| O|  |TAMS 0x0000000081600000, 0x0000000081600000| Untracked 
|  22|0x0000000081600000, 0x0000000081600000, 0x0000000081700000|  0%| F|  |TAMS 0x0000000081600000, 0x0000000081600000| Untracked 
|  23|0x0000000081700000, 0x0000000081800000, 0x0000000081800000|100%| O|  |TAMS 0x0000000081800000, 0x0000000081800000| Untracked 
|  24|0x0000000081800000, 0x0000000081900000, 0x0000000081900000|100%| O|  |TAMS 0x0000000081900000, 0x0000000081900000| Untracked 
|  25|0x0000000081900000, 0x0000000081a00000, 0x0000000081a00000|100%| O|  |TAMS 0x0000000081a00000, 0x0000000081a00000| Untracked 
|  26|0x0000000081a00000, 0x0000000081b00000, 0x0000000081b00000|100%|HS|  |TAMS 0x0000000081b00000, 0x0000000081b00000| Complete 
|  27|0x0000000081b00000, 0x0000000081c00000, 0x0000000081c00000|100%|HS|  |TAMS 0x0000000081c00000, 0x0000000081c00000| Complete 
|  28|0x0000000081c00000, 0x0000000081d00000, 0x0000000081d00000|100%| O|  |TAMS 0x0000000081d00000, 0x0000000081d00000| Untracked 
|  29|0x0000000081d00000, 0x0000000081e00000, 0x0000000081e00000|100%| O|  |TAMS 0x0000000081e00000, 0x0000000081e00000| Untracked 
|  30|0x0000000081e00000, 0x0000000081f00000, 0x0000000081f00000|100%| O|  |TAMS 0x0000000081f00000, 0x0000000081f00000| Untracked 
|  31|0x0000000081f00000, 0x0000000082000000, 0x0000000082000000|100%| O|  |TAMS 0x0000000082000000, 0x0000000082000000| Untracked 
|  32|0x0000000082000000, 0x0000000082100000, 0x0000000082100000|100%|HS|  |TAMS 0x0000000082100000, 0x0000000082100000| Complete 
|  33|0x0000000082100000, 0x0000000082200000, 0x0000000082200000|100%| O|  |TAMS 0x0000000082200000, 0x0000000082200000| Untracked 
|  34|0x0000000082200000, 0x0000000082300000, 0x0000000082300000|100%|HS|  |TAMS 0x0000000082300000, 0x0000000082300000| Complete 
|  35|0x0000000082300000, 0x0000000082400000, 0x0000000082400000|100%| O|  |TAMS 0x0000000082400000, 0x0000000082400000| Untracked 
|  36|0x0000000082400000, 0x0000000082500000, 0x0000000082500000|100%| O|  |TAMS 0x0000000082500000, 0x0000000082500000| Untracked 
|  37|0x0000000082500000, 0x0000000082600000, 0x0000000082600000|100%| O|  |TAMS 0x0000000082600000, 0x0000000082600000| Untracked 
|  38|0x0000000082600000, 0x0000000082700000, 0x0000000082700000|100%| O|  |TAMS 0x0000000082700000, 0x0000000082700000| Untracked 
|  39|0x0000000082700000, 0x0000000082800000, 0x0000000082800000|100%| O|  |TAMS 0x0000000082800000, 0x0000000082800000| Untracked 
|  40|0x0000000082800000, 0x0000000082900000, 0x0000000082900000|100%| O|  |TAMS 0x0000000082900000, 0x0000000082900000| Untracked 
|  41|0x0000000082900000, 0x0000000082a00000, 0x0000000082a00000|100%| O|  |TAMS 0x0000000082a00000, 0x0000000082a00000| Untracked 
|  42|0x0000000082a00000, 0x0000000082b00000, 0x0000000082b00000|100%| O|  |TAMS 0x0000000082b00000, 0x0000000082b00000| Untracked 
|  43|0x0000000082b00000, 0x0000000082c00000, 0x0000000082c00000|100%| O|  |TAMS 0x0000000082c00000, 0x0000000082c00000| Untracked 
|  44|0x0000000082c00000, 0x0000000082d00000, 0x0000000082d00000|100%| O|  |TAMS 0x0000000082d00000, 0x0000000082d00000| Untracked 
|  45|0x0000000082d00000, 0x0000000082e00000, 0x0000000082e00000|100%| O|  |TAMS 0x0000000082e00000, 0x0000000082e00000| Untracked 
|  46|0x0000000082e00000, 0x0000000082f00000, 0x0000000082f00000|100%| O|  |TAMS 0x0000000082f00000, 0x0000000082f00000| Untracked 
|  47|0x0000000082f00000, 0x0000000083000000, 0x0000000083000000|100%| O|  |TAMS 0x0000000083000000, 0x0000000083000000| Untracked 
|  48|0x0000000083000000, 0x0000000083100000, 0x0000000083100000|100%| O|  |TAMS 0x0000000083100000, 0x0000000083100000| Untracked 
|  49|0x0000000083100000, 0x0000000083200000, 0x0000000083200000|100%| O|  |TAMS 0x0000000083200000, 0x0000000083200000| Untracked 
|  50|0x0000000083200000, 0x0000000083300000, 0x0000000083300000|100%| O|  |TAMS 0x0000000083300000, 0x0000000083300000| Untracked 
|  51|0x0000000083300000, 0x0000000083400000, 0x0000000083400000|100%| O|  |TAMS 0x0000000083400000, 0x0000000083400000| Untracked 
|  52|0x0000000083400000, 0x0000000083500000, 0x0000000083500000|100%| O|  |TAMS 0x0000000083500000, 0x0000000083500000| Untracked 
|  53|0x0000000083500000, 0x0000000083600000, 0x0000000083600000|100%| O|  |TAMS 0x0000000083600000, 0x0000000083600000| Untracked 
|  54|0x0000000083600000, 0x0000000083700000, 0x0000000083700000|100%| O|  |TAMS 0x0000000083700000, 0x0000000083700000| Untracked 
|  55|0x0000000083700000, 0x0000000083800000, 0x0000000083800000|100%| O|  |TAMS 0x0000000083800000, 0x0000000083800000| Untracked 
|  56|0x0000000083800000, 0x0000000083900000, 0x0000000083900000|100%| O|  |TAMS 0x0000000083900000, 0x0000000083900000| Untracked 
|  57|0x0000000083900000, 0x0000000083a00000, 0x0000000083a00000|100%| O|  |TAMS 0x0000000083a00000, 0x0000000083a00000| Untracked 
|  58|0x0000000083a00000, 0x0000000083b00000, 0x0000000083b00000|100%| O|  |TAMS 0x0000000083b00000, 0x0000000083b00000| Untracked 
|  59|0x0000000083b00000, 0x0000000083c00000, 0x0000000083c00000|100%| O|  |TAMS 0x0000000083c00000, 0x0000000083c00000| Untracked 
|  60|0x0000000083c00000, 0x0000000083d00000, 0x0000000083d00000|100%| O|  |TAMS 0x0000000083d00000, 0x0000000083d00000| Untracked 
|  61|0x0000000083d00000, 0x0000000083e00000, 0x0000000083e00000|100%| O|  |TAMS 0x0000000083e00000, 0x0000000083e00000| Untracked 
|  62|0x0000000083e00000, 0x0000000083f00000, 0x0000000083f00000|100%| O|  |TAMS 0x0000000083f00000, 0x0000000083f00000| Untracked 
|  63|0x0000000083f00000, 0x0000000084000000, 0x0000000084000000|100%| O|  |TAMS 0x0000000083fc4200, 0x0000000084000000| Untracked 
|  64|0x0000000084000000, 0x0000000084100000, 0x0000000084100000|100%| O|  |TAMS 0x0000000084000000, 0x0000000084100000| Untracked 
|  65|0x0000000084100000, 0x0000000084200000, 0x0000000084200000|100%| O|  |TAMS 0x0000000084100000, 0x0000000084200000| Untracked 
|  66|0x0000000084200000, 0x0000000084300000, 0x0000000084300000|100%| O|  |TAMS 0x0000000084200000, 0x0000000084300000| Untracked 
|  67|0x0000000084300000, 0x00000000843edc00, 0x0000000084400000| 92%| O|  |TAMS 0x0000000084300000, 0x00000000843edc00| Untracked 
|  68|0x0000000084400000, 0x0000000084400000, 0x0000000084500000|  0%| F|  |TAMS 0x0000000084400000, 0x0000000084400000| Untracked 
|  69|0x0000000084500000, 0x0000000084500000, 0x0000000084600000|  0%| F|  |TAMS 0x0000000084500000, 0x0000000084500000| Untracked 
|  70|0x0000000084600000, 0x0000000084600000, 0x0000000084700000|  0%| F|  |TAMS 0x0000000084600000, 0x0000000084600000| Untracked 
|  71|0x0000000084700000, 0x0000000084700000, 0x0000000084800000|  0%| F|  |TAMS 0x0000000084700000, 0x0000000084700000| Untracked 
|  72|0x0000000084800000, 0x0000000084800000, 0x0000000084900000|  0%| F|  |TAMS 0x0000000084800000, 0x0000000084800000| Untracked 
|  73|0x0000000084900000, 0x0000000084900000, 0x0000000084a00000|  0%| F|  |TAMS 0x0000000084900000, 0x0000000084900000| Untracked 
|  74|0x0000000084a00000, 0x0000000084a00000, 0x0000000084b00000|  0%| F|  |TAMS 0x0000000084a00000, 0x0000000084a00000| Untracked 
|  75|0x0000000084b00000, 0x0000000084b00000, 0x0000000084c00000|  0%| F|  |TAMS 0x0000000084b00000, 0x0000000084b00000| Untracked 
|  76|0x0000000084c00000, 0x0000000084c00000, 0x0000000084d00000|  0%| F|  |TAMS 0x0000000084c00000, 0x0000000084c00000| Untracked 
|  77|0x0000000084d00000, 0x0000000084d00000, 0x0000000084e00000|  0%| F|  |TAMS 0x0000000084d00000, 0x0000000084d00000| Untracked 
|  78|0x0000000084e00000, 0x0000000084e00000, 0x0000000084f00000|  0%| F|  |TAMS 0x0000000084e00000, 0x0000000084e00000| Untracked 
|  79|0x0000000084f00000, 0x0000000084f00000, 0x0000000085000000|  0%| F|  |TAMS 0x0000000084f00000, 0x0000000084f00000| Untracked 
|  80|0x0000000085000000, 0x0000000085000000, 0x0000000085100000|  0%| F|  |TAMS 0x0000000085000000, 0x0000000085000000| Untracked 
|  81|0x0000000085100000, 0x0000000085100000, 0x0000000085200000|  0%| F|  |TAMS 0x0000000085100000, 0x0000000085100000| Untracked 
|  82|0x0000000085200000, 0x000000008522a6c0, 0x0000000085300000| 16%| S|CS|TAMS 0x0000000085200000, 0x0000000085200000| Complete 
|  83|0x0000000085300000, 0x0000000085400000, 0x0000000085400000|100%| S|CS|TAMS 0x0000000085300000, 0x0000000085300000| Complete 
|  84|0x0000000085400000, 0x0000000085500000, 0x0000000085500000|100%| S|CS|TAMS 0x0000000085400000, 0x0000000085400000| Complete 
|  85|0x0000000085500000, 0x0000000085500000, 0x0000000085600000|  0%| F|  |TAMS 0x0000000085500000, 0x0000000085500000| Untracked 
|  86|0x0000000085600000, 0x0000000085600000, 0x0000000085700000|  0%| F|  |TAMS 0x0000000085600000, 0x0000000085600000| Untracked 
|  87|0x0000000085700000, 0x0000000085700000, 0x0000000085800000|  0%| F|  |TAMS 0x0000000085700000, 0x0000000085700000| Untracked 
|  88|0x0000000085800000, 0x0000000085800000, 0x0000000085900000|  0%| F|  |TAMS 0x0000000085800000, 0x0000000085800000| Untracked 
|  89|0x0000000085900000, 0x0000000085900000, 0x0000000085a00000|  0%| F|  |TAMS 0x0000000085900000, 0x0000000085900000| Untracked 
|  90|0x0000000085a00000, 0x0000000085a00000, 0x0000000085b00000|  0%| F|  |TAMS 0x0000000085a00000, 0x0000000085a00000| Untracked 
|  91|0x0000000085b00000, 0x0000000085b00000, 0x0000000085c00000|  0%| F|  |TAMS 0x0000000085b00000, 0x0000000085b00000| Untracked 
|  92|0x0000000085c00000, 0x0000000085c00000, 0x0000000085d00000|  0%| F|  |TAMS 0x0000000085c00000, 0x0000000085c00000| Untracked 
|  93|0x0000000085d00000, 0x0000000085d00000, 0x0000000085e00000|  0%| F|  |TAMS 0x0000000085d00000, 0x0000000085d00000| Untracked 
|  94|0x0000000085e00000, 0x0000000085e00000, 0x0000000085f00000|  0%| F|  |TAMS 0x0000000085e00000, 0x0000000085e00000| Untracked 
|  95|0x0000000085f00000, 0x0000000085f00000, 0x0000000086000000|  0%| F|  |TAMS 0x0000000085f00000, 0x0000000085f00000| Untracked 
|  96|0x0000000086000000, 0x0000000086000000, 0x0000000086100000|  0%| F|  |TAMS 0x0000000086000000, 0x0000000086000000| Untracked 
|  97|0x0000000086100000, 0x0000000086100000, 0x0000000086200000|  0%| F|  |TAMS 0x0000000086100000, 0x0000000086100000| Untracked 
|  98|0x0000000086200000, 0x0000000086200000, 0x0000000086300000|  0%| F|  |TAMS 0x0000000086200000, 0x0000000086200000| Untracked 
|  99|0x0000000086300000, 0x0000000086300000, 0x0000000086400000|  0%| F|  |TAMS 0x0000000086300000, 0x0000000086300000| Untracked 
| 100|0x0000000086400000, 0x0000000086400000, 0x0000000086500000|  0%| F|  |TAMS 0x0000000086400000, 0x0000000086400000| Untracked 
| 101|0x0000000086500000, 0x0000000086500000, 0x0000000086600000|  0%| F|  |TAMS 0x0000000086500000, 0x0000000086500000| Untracked 
| 102|0x0000000086600000, 0x0000000086600000, 0x0000000086700000|  0%| F|  |TAMS 0x0000000086600000, 0x0000000086600000| Untracked 
| 103|0x0000000086700000, 0x0000000086700000, 0x0000000086800000|  0%| F|  |TAMS 0x0000000086700000, 0x0000000086700000| Untracked 
| 104|0x0000000086800000, 0x0000000086800000, 0x0000000086900000|  0%| F|  |TAMS 0x0000000086800000, 0x0000000086800000| Untracked 
| 105|0x0000000086900000, 0x0000000086900000, 0x0000000086a00000|  0%| F|  |TAMS 0x0000000086900000, 0x0000000086900000| Untracked 
| 106|0x0000000086a00000, 0x0000000086a00000, 0x0000000086b00000|  0%| F|  |TAMS 0x0000000086a00000, 0x0000000086a00000| Untracked 
| 107|0x0000000086b00000, 0x0000000086b00000, 0x0000000086c00000|  0%| F|  |TAMS 0x0000000086b00000, 0x0000000086b00000| Untracked 
| 108|0x0000000086c00000, 0x0000000086c00000, 0x0000000086d00000|  0%| F|  |TAMS 0x0000000086c00000, 0x0000000086c00000| Untracked 
| 109|0x0000000086d00000, 0x0000000086d00000, 0x0000000086e00000|  0%| F|  |TAMS 0x0000000086d00000, 0x0000000086d00000| Untracked 
| 199|0x000000008c700000, 0x000000008c700000, 0x000000008c800000|  0%| F|  |TAMS 0x000000008c700000, 0x000000008c700000| Untracked 
| 200|0x000000008c800000, 0x000000008c800000, 0x000000008c900000|  0%| F|  |TAMS 0x000000008c800000, 0x000000008c800000| Untracked 
| 201|0x000000008c900000, 0x000000008c900000, 0x000000008ca00000|  0%| F|  |TAMS 0x000000008c900000, 0x000000008c900000| Untracked 
| 202|0x000000008ca00000, 0x000000008ca00000, 0x000000008cb00000|  0%| F|  |TAMS 0x000000008ca00000, 0x000000008ca00000| Untracked 
| 203|0x000000008cb00000, 0x000000008cb00000, 0x000000008cc00000|  0%| F|  |TAMS 0x000000008cb00000, 0x000000008cb00000| Untracked 
| 204|0x000000008cc00000, 0x000000008cc00000, 0x000000008cd00000|  0%| F|  |TAMS 0x000000008cc00000, 0x000000008cc00000| Untracked 
| 205|0x000000008cd00000, 0x000000008cd00000, 0x000000008ce00000|  0%| F|  |TAMS 0x000000008cd00000, 0x000000008cd00000| Untracked 
| 206|0x000000008ce00000, 0x000000008ce00000, 0x000000008cf00000|  0%| F|  |TAMS 0x000000008ce00000, 0x000000008ce00000| Untracked 
| 253|0x000000008fd00000, 0x000000008fd00000, 0x000000008fe00000|  0%| F|  |TAMS 0x000000008fd00000, 0x000000008fd00000| Untracked 

Card table byte_map: [0x000002d6c2a20000,0x000002d6c2e20000] _byte_map_base: 0x000002d6c2620000

Marking Bits (Prev, Next): (CMBitMap*) 0x000002d6b01bbc90, (CMBitMap*) 0x000002d6b01bbcd0
 Prev Bits: [0x000002d6c3220000, 0x000002d6c5220000)
 Next Bits: [0x000002d6c5220000, 0x000002d6c7220000)

Polling page: 0x000002d6af920000

Metaspace:

Usage:
  Non-class:     65.70 MB used.
      Class:     10.31 MB used.
       Both:     76.01 MB used.

Virtual space:
  Non-class space:       72.00 MB reserved,      66.00 MB ( 92%) committed,  9 nodes.
      Class space:        1.00 GB reserved,      10.62 MB (  1%) committed,  1 nodes.
             Both:        1.07 GB reserved,      76.62 MB (  7%) committed. 

Chunk freelists:
   Non-Class:  1.91 MB
       Class:  1.24 MB
        Both:  3.15 MB

MaxMetaspaceSize: unlimited
CompressedClassSpaceSize: 1.00 GB
Initial GC threshold: 21.00 MB
Current GC threshold: 119.81 MB
CDS: off
MetaspaceReclaimPolicy: balanced
 - commit_granule_bytes: 65536.
 - commit_granule_words: 8192.
 - virtual_space_node_default_size: 1048576.
 - enlarge_chunks_in_place: 1.
 - new_chunks_are_fully_committed: 0.
 - uncommit_free_chunks: 1.
 - use_allocation_guard: 0.
 - handle_deallocations: 1.


Internal statistics:

num_allocs_failed_limit: 6.
num_arena_births: 698.
num_arena_deaths: 0.
num_vsnodes_births: 10.
num_vsnodes_deaths: 0.
num_space_committed: 1226.
num_space_uncommitted: 0.
num_chunks_returned_to_freelist: 6.
num_chunks_taken_from_freelist: 3392.
num_chunk_merges: 6.
num_chunk_splits: 2275.
num_chunks_enlarged: 1541.
num_purges: 0.
num_inconsistent_stats: 0.

CodeHeap 'non-profiled nmethods': size=120000Kb used=4211Kb max_used=4211Kb free=115788Kb
 bounds [0x000002d6bb0f0000, 0x000002d6bb510000, 0x000002d6c2620000]
CodeHeap 'profiled nmethods': size=120000Kb used=13586Kb max_used=13586Kb free=106413Kb
 bounds [0x000002d6b3620000, 0x000002d6b4370000, 0x000002d6bab50000]
CodeHeap 'non-nmethods': size=5760Kb used=2362Kb max_used=2441Kb free=3397Kb
 bounds [0x000002d6bab50000, 0x000002d6badc0000, 0x000002d6bb0f0000]
 total_blobs=7801 nmethods=6911 adapters=802
 compilation: enabled
              stopped_count=0, restarted_count=0
 full_count=0

Compilation events (20 events):
Event: 10.489 Thread 0x000002d6ca0a9480 7747       3       com.sun.beans.util.Cache$Kind$2::create (27 bytes)
Event: 10.489 Thread 0x000002d6ca0a9480 nmethod 7747 0x000002d6b4362410 code [0x000002d6b4362600, 0x000002d6b4362b68]
Event: 10.489 Thread 0x000002d6ca0a9480 7748       3       com.sun.beans.util.Cache$Kind$Soft::<init> (12 bytes)
Event: 10.490 Thread 0x000002d6ca0a9480 nmethod 7748 0x000002d6b4362d10 code [0x000002d6b4362ec0, 0x000002d6b4363278]
Event: 10.490 Thread 0x000002d6ca0a9480 7749       1       java.beans.Introspector::getTargetDefaultEventIndex (5 bytes)
Event: 10.490 Thread 0x000002d6ca0a9480 nmethod 7749 0x000002d6bb50be10 code [0x000002d6bb50bfa0, 0x000002d6bb50c078]
Event: 10.490 Thread 0x000002d6ca0a9480 7750       1       java.beans.Introspector::getTargetDefaultPropertyIndex (5 bytes)
Event: 10.490 Thread 0x000002d6ca0a9480 nmethod 7750 0x000002d6bb50c110 code [0x000002d6bb50c2a0, 0x000002d6bb50c378]
Event: 10.491 Thread 0x000002d6ca0a9480 7751       3       sun.reflect.generics.repository.MethodRepository::getReturnType (21 bytes)
Event: 10.492 Thread 0x000002d6ca0a9480 nmethod 7751 0x000002d6b4363390 code [0x000002d6b4363580, 0x000002d6b4363d48]
Event: 10.494 Thread 0x000002d6ca0a9480 7752       1       java.beans.GenericBeanInfo::getMethodDescriptors (5 bytes)
Event: 10.494 Thread 0x000002d6ca0a9480 nmethod 7752 0x000002d6bb50c410 code [0x000002d6bb50c5a0, 0x000002d6bb50c678]
Event: 10.494 Thread 0x000002d6ca0a9480 7753       1       java.beans.GenericBeanInfo::getDefaultEventIndex (5 bytes)
Event: 10.494 Thread 0x000002d6ca0a9480 nmethod 7753 0x000002d6bb50c710 code [0x000002d6bb50c8a0, 0x000002d6bb50c978]
Event: 10.494 Thread 0x000002d6ca0a9480 7754       1       java.beans.GenericBeanInfo::getDefaultPropertyIndex (5 bytes)
Event: 10.494 Thread 0x000002d6ca0a9480 nmethod 7754 0x000002d6bb50ca10 code [0x000002d6bb50cba0, 0x000002d6bb50cc78]
Event: 10.502 Thread 0x000002d6ca0a9480 7755       3       java.util.LinkedList$ListItr::hasPrevious (13 bytes)
Event: 10.502 Thread 0x000002d6ca0a9480 nmethod 7755 0x000002d6b4363f90 code [0x000002d6b4364120, 0x000002d6b4364298]
Event: 10.502 Thread 0x000002d6ca0a9480 7756       3       java.lang.invoke.DelegatingMethodHandle$Holder::reinvoke_L (18 bytes)
Event: 10.502 Thread 0x000002d6ca0a9480 nmethod 7756 0x000002d6b4364310 code [0x000002d6b43644e0, 0x000002d6b43649b8]

GC Heap History (20 events):
Event: 7.053 GC heap after
{Heap after GC invocations=18 (full 0):
 garbage-first heap   total 118784K, used 52695K [0x0000000080000000, 0x0000000100000000)
  region size 1024K, 3 young (3072K), 3 survivors (3072K)
 Metaspace       used 58703K, committed 59200K, reserved 1105920K
  class space    used 7773K, committed 8000K, reserved 1048576K
}
Event: 7.584 GC heap before
{Heap before GC invocations=19 (full 0):
 garbage-first heap   total 118784K, used 93655K [0x0000000080000000, 0x0000000100000000)
  region size 1024K, 43 young (44032K), 3 survivors (3072K)
 Metaspace       used 63629K, committed 64128K, reserved 1105920K
  class space    used 8440K, committed 8640K, reserved 1048576K
}
Event: 7.587 GC heap after
{Heap after GC invocations=20 (full 0):
 garbage-first heap   total 118784K, used 54352K [0x0000000080000000, 0x0000000100000000)
  region size 1024K, 5 young (5120K), 5 survivors (5120K)
 Metaspace       used 63629K, committed 64128K, reserved 1105920K
  class space    used 8440K, committed 8640K, reserved 1048576K
}
Event: 7.712 GC heap before
{Heap before GC invocations=20 (full 0):
 garbage-first heap   total 118784K, used 67664K [0x0000000080000000, 0x0000000100000000)
  region size 1024K, 16 young (16384K), 5 survivors (5120K)
 Metaspace       used 65178K, committed 65664K, reserved 1105920K
  class space    used 8618K, committed 8832K, reserved 1048576K
}
Event: 7.715 GC heap after
{Heap after GC invocations=21 (full 0):
 garbage-first heap   total 118784K, used 59597K [0x0000000080000000, 0x0000000100000000)
  region size 1024K, 5 young (5120K), 5 survivors (5120K)
 Metaspace       used 65178K, committed 65664K, reserved 1105920K
  class space    used 8618K, committed 8832K, reserved 1048576K
}
Event: 8.061 GC heap before
{Heap before GC invocations=22 (full 0):
 garbage-first heap   total 121856K, used 98509K [0x0000000080000000, 0x0000000100000000)
  region size 1024K, 40 young (40960K), 5 survivors (5120K)
 Metaspace       used 67377K, committed 67904K, reserved 1114112K
  class space    used 8909K, committed 9152K, reserved 1048576K
}
Event: 8.066 GC heap after
{Heap after GC invocations=23 (full 0):
 garbage-first heap   total 121856K, used 59236K [0x0000000080000000, 0x0000000100000000)
  region size 1024K, 5 young (5120K), 5 survivors (5120K)
 Metaspace       used 67377K, committed 67904K, reserved 1114112K
  class space    used 8909K, committed 9152K, reserved 1048576K
}
Event: 8.451 GC heap before
{Heap before GC invocations=23 (full 0):
 garbage-first heap   total 121856K, used 99172K [0x0000000080000000, 0x0000000100000000)
  region size 1024K, 44 young (45056K), 5 survivors (5120K)
 Metaspace       used 69615K, committed 70272K, reserved 1114112K
  class space    used 9229K, committed 9536K, reserved 1048576K
}
Event: 8.455 GC heap after
{Heap after GC invocations=24 (full 0):
 garbage-first heap   total 121856K, used 62229K [0x0000000080000000, 0x0000000100000000)
  region size 1024K, 6 young (6144K), 6 survivors (6144K)
 Metaspace       used 69615K, committed 70272K, reserved 1114112K
  class space    used 9229K, committed 9536K, reserved 1048576K
}
Event: 8.727 GC heap before
{Heap before GC invocations=24 (full 0):
 garbage-first heap   total 121856K, used 99093K [0x0000000080000000, 0x0000000100000000)
  region size 1024K, 42 young (43008K), 6 survivors (6144K)
 Metaspace       used 69877K, committed 70528K, reserved 1114112K
  class space    used 9276K, committed 9600K, reserved 1048576K
}
Event: 8.733 GC heap after
{Heap after GC invocations=25 (full 0):
 garbage-first heap   total 121856K, used 65573K [0x0000000080000000, 0x0000000100000000)
  region size 1024K, 6 young (6144K), 6 survivors (6144K)
 Metaspace       used 69877K, committed 70528K, reserved 1114112K
  class space    used 9276K, committed 9600K, reserved 1048576K
}
Event: 9.078 GC heap before
{Heap before GC invocations=26 (full 0):
 garbage-first heap   total 121856K, used 99365K [0x0000000080000000, 0x0000000100000000)
  region size 1024K, 39 young (39936K), 6 survivors (6144K)
 Metaspace       used 72105K, committed 72704K, reserved 1114112K
  class space    used 9581K, committed 9856K, reserved 1048576K
}
Event: 9.085 GC heap after
{Heap after GC invocations=27 (full 0):
 garbage-first heap   total 121856K, used 68112K [0x0000000080000000, 0x0000000100000000)
  region size 1024K, 3 young (3072K), 3 survivors (3072K)
 Metaspace       used 72105K, committed 72704K, reserved 1114112K
  class space    used 9581K, committed 9856K, reserved 1048576K
}
Event: 9.169 GC heap before
{Heap before GC invocations=27 (full 0):
 garbage-first heap   total 121856K, used 75280K [0x0000000080000000, 0x0000000100000000)
  region size 1024K, 11 young (11264K), 3 survivors (3072K)
 Metaspace       used 72807K, committed 73408K, reserved 1114112K
  class space    used 9672K, committed 9984K, reserved 1048576K
}
Event: 9.174 GC heap after
{Heap after GC invocations=28 (full 0):
 garbage-first heap   total 121856K, used 68217K [0x0000000080000000, 0x0000000100000000)
  region size 1024K, 3 young (3072K), 3 survivors (3072K)
 Metaspace       used 72807K, committed 73408K, reserved 1114112K
  class space    used 9672K, committed 9984K, reserved 1048576K
}
Event: 9.991 GC heap before
{Heap before GC invocations=29 (full 0):
 garbage-first heap   total 121856K, used 103033K [0x0000000080000000, 0x0000000100000000)
  region size 1024K, 36 young (36864K), 3 survivors (3072K)
 Metaspace       used 75437K, committed 76096K, reserved 1122304K
  class space    used 10203K, committed 10496K, reserved 1048576K
}
Event: 9.996 GC heap after
{Heap after GC invocations=30 (full 0):
 garbage-first heap   total 121856K, used 69133K [0x0000000080000000, 0x0000000100000000)
  region size 1024K, 2 young (2048K), 2 survivors (2048K)
 Metaspace       used 75437K, committed 76096K, reserved 1122304K
  class space    used 10203K, committed 10496K, reserved 1048576K
}
Event: 10.040 GC heap before
{Heap before GC invocations=30 (full 0):
 garbage-first heap   total 121856K, used 72205K [0x0000000080000000, 0x0000000100000000)
  region size 1024K, 5 young (5120K), 2 survivors (2048K)
 Metaspace       used 75695K, committed 76352K, reserved 1122304K
  class space    used 10243K, committed 10560K, reserved 1048576K
}
Event: 10.046 GC heap after
{Heap after GC invocations=31 (full 0):
 garbage-first heap   total 121856K, used 68939K [0x0000000080000000, 0x0000000100000000)
  region size 1024K, 1 young (1024K), 1 survivors (1024K)
 Metaspace       used 75695K, committed 76352K, reserved 1122304K
  class space    used 10243K, committed 10560K, reserved 1048576K
}
Event: 10.504 GC heap before
{Heap before GC invocations=31 (full 0):
 garbage-first heap   total 121856K, used 102731K [0x0000000080000000, 0x0000000100000000)
  region size 1024K, 34 young (34816K), 1 survivors (1024K)
 Metaspace       used 77836K, committed 78464K, reserved 1122304K
  class space    used 10561K, committed 10880K, reserved 1048576K
}

Dll operation events (3 events):
Event: 0.009 Loaded shared library C:\Program Files\Android\Android Studio2\jbr\bin\java.dll
Event: 0.146 Loaded shared library C:\Program Files\Android\Android Studio2\jbr\bin\zip.dll
Event: 0.451 Loaded shared library C:\Program Files\Android\Android Studio2\jbr\bin\verify.dll

Deoptimization events (20 events):
Event: 10.168 Thread 0x000002d6cb6702a0 DEOPT PACKING pc=0x000002d6bb4353ac sp=0x000000f3b40f7e80
Event: 10.168 Thread 0x000002d6cb6702a0 DEOPT UNPACKING pc=0x000002d6baba69a3 sp=0x000000f3b40f7e28 mode 2
Event: 10.178 Thread 0x000002d6cb6702a0 Uncommon trap: trap_request=0xffffffde fr.pc=0x000002d6bb4353ac relative=0x00000000000004ac
Event: 10.178 Thread 0x000002d6cb6702a0 Uncommon trap: reason=class_check action=maybe_recompile pc=0x000002d6bb4353ac method=org.gradle.internal.instantiation.generator.AbstractClassGenerator$InjectionAnnotationValidator.validateMethod(Ljava/lang/reflect/Method;Lorg/gradle/internal/reflect/Pro
Event: 10.178 Thread 0x000002d6cb6702a0 DEOPT PACKING pc=0x000002d6bb4353ac sp=0x000000f3b40f7df0
Event: 10.178 Thread 0x000002d6cb6702a0 DEOPT UNPACKING pc=0x000002d6baba69a3 sp=0x000000f3b40f7d98 mode 2
Event: 10.188 Thread 0x000002d6cb6702a0 Uncommon trap: trap_request=0xffffffde fr.pc=0x000002d6bb4353ac relative=0x00000000000004ac
Event: 10.188 Thread 0x000002d6cb6702a0 Uncommon trap: reason=class_check action=maybe_recompile pc=0x000002d6bb4353ac method=org.gradle.internal.instantiation.generator.AbstractClassGenerator$InjectionAnnotationValidator.validateMethod(Ljava/lang/reflect/Method;Lorg/gradle/internal/reflect/Pro
Event: 10.188 Thread 0x000002d6cb6702a0 DEOPT PACKING pc=0x000002d6bb4353ac sp=0x000000f3b40f7f80
Event: 10.188 Thread 0x000002d6cb6702a0 DEOPT UNPACKING pc=0x000002d6baba69a3 sp=0x000000f3b40f7f28 mode 2
Event: 10.193 Thread 0x000002d6cb6702a0 DEOPT PACKING pc=0x000002d6b37325aa sp=0x000000f3b40f7eb0
Event: 10.193 Thread 0x000002d6cb6702a0 DEOPT UNPACKING pc=0x000002d6baba7143 sp=0x000000f3b40f7370 mode 0
Event: 10.351 Thread 0x000002d6cb6702a0 Uncommon trap: trap_request=0xffffffc6 fr.pc=0x000002d6bb3f5918 relative=0x0000000000000378
Event: 10.351 Thread 0x000002d6cb6702a0 Uncommon trap: reason=bimorphic_or_optimized_type_check action=maybe_recompile pc=0x000002d6bb3f5918 method=com.google.common.collect.RegularImmutableSet.contains(Ljava/lang/Object;)Z @ 43 c2
Event: 10.351 Thread 0x000002d6cb6702a0 DEOPT PACKING pc=0x000002d6bb3f5918 sp=0x000000f3b40f7fa0
Event: 10.351 Thread 0x000002d6cb6702a0 DEOPT UNPACKING pc=0x000002d6baba69a3 sp=0x000000f3b40f7f40 mode 2
Event: 10.425 Thread 0x000002d6cb6702a0 Uncommon trap: trap_request=0xffffffdc fr.pc=0x000002d6bb509e40 relative=0x00000000000002a0
Event: 10.425 Thread 0x000002d6cb6702a0 Uncommon trap: reason=class_check action=make_not_entrant pc=0x000002d6bb509e40 method=java.util.ArrayList.toArray([Ljava/lang/Object;)[Ljava/lang/Object; @ 21 c2
Event: 10.425 Thread 0x000002d6cb6702a0 DEOPT PACKING pc=0x000002d6bb509e40 sp=0x000000f3b40f82b0
Event: 10.425 Thread 0x000002d6cb6702a0 DEOPT UNPACKING pc=0x000002d6baba69a3 sp=0x000000f3b40f8280 mode 2

Classes unloaded (0 events):
No events

Classes redefined (0 events):
No events

Internal exceptions (20 events):
Event: 10.467 Thread 0x000002d6cb6702a0 Exception <a 'java/lang/ClassNotFoundException'{0x0000000085871f08}: [Ljava/lang/String;BeanInfo> (0x0000000085871f08) 
thrown [s\src\hotspot\share\prims\jni.cpp, line 536]
Event: 10.467 Thread 0x000002d6cb6702a0 Exception <a 'java/lang/ClassNotFoundException'{0x0000000085873a08}: [Ljava/lang/String;BeanInfo> (0x0000000085873a08) 
thrown [s\src\hotspot\share\prims\jni.cpp, line 536]
Event: 10.467 Thread 0x000002d6cb6702a0 Exception <a 'java/lang/ClassNotFoundException'{0x00000000858755c8}: [Ljava/lang/String;Customizer> (0x00000000858755c8) 
thrown [s\src\hotspot\share\prims\jni.cpp, line 536]
Event: 10.467 Thread 0x000002d6cb6702a0 Exception <a 'java/lang/ClassNotFoundException'{0x0000000085876e20}: [Ljava/lang/String;Customizer> (0x0000000085876e20) 
thrown [s\src\hotspot\share\prims\jni.cpp, line 536]
Event: 10.482 Thread 0x000002d6cb6702a0 Exception <a 'java/lang/ClassNotFoundException'{0x0000000085786698}: com/android/build/gradle/internal/api/ApplicationVariantImpl_DecoratedBeanInfo> (0x0000000085786698) 
thrown [s\src\hotspot\share\classfile\systemDictionary.cpp, line 256]
Event: 10.483 Thread 0x000002d6cb6702a0 Exception <a 'java/lang/ClassNotFoundException'{0x0000000085794f80}: com/android/build/gradle/internal/api/ApplicationVariantImplBeanInfo> (0x0000000085794f80) 
thrown [s\src\hotspot\share\classfile\systemDictionary.cpp, line 256]
Event: 10.484 Thread 0x000002d6cb6702a0 Exception <a 'java/lang/ClassNotFoundException'{0x00000000857a4748}: com/android/build/gradle/internal/api/ApkVariantImplBeanInfo> (0x00000000857a4748) 
thrown [s\src\hotspot\share\classfile\systemDictionary.cpp, line 256]
Event: 10.484 Thread 0x000002d6cb6702a0 Exception <a 'java/lang/ClassNotFoundException'{0x00000000857b4010}: com/android/build/gradle/internal/api/InstallableVariantImplBeanInfo> (0x00000000857b4010) 
thrown [s\src\hotspot\share\classfile\systemDictionary.cpp, line 256]
Event: 10.485 Thread 0x000002d6cb6702a0 Exception <a 'java/lang/ClassNotFoundException'{0x00000000857c3c20}: com/android/build/gradle/internal/api/AndroidArtifactVariantImplBeanInfo> (0x00000000857c3c20) 
thrown [s\src\hotspot\share\classfile\systemDictionary.cpp, line 256]
Event: 10.485 Thread 0x000002d6cb6702a0 Exception <a 'java/lang/ClassNotFoundException'{0x00000000857d3698}: com/android/build/gradle/internal/api/BaseVariantImplBeanInfo> (0x00000000857d3698) 
thrown [s\src\hotspot\share\classfile\systemDictionary.cpp, line 256]
Event: 10.486 Thread 0x000002d6cb6702a0 Exception <a 'java/lang/ClassNotFoundException'{0x00000000857e3160}: com/android/build/gradle/internal/api/BaseVariantImplCustomizer> (0x00000000857e3160) 
thrown [s\src\hotspot\share\classfile\systemDictionary.cpp, line 256]
Event: 10.489 Thread 0x000002d6cb6702a0 Exception <a 'java/lang/ClassNotFoundException'{0x0000000085637200}: com/android/build/gradle/internal/api/AndroidArtifactVariantImplCustomizer> (0x0000000085637200) 
thrown [s\src\hotspot\share\classfile\systemDictionary.cpp, line 256]
Event: 10.490 Thread 0x000002d6cb6702a0 Exception <a 'java/lang/ClassNotFoundException'{0x000000008565c2e0}: com/android/build/gradle/internal/api/InstallableVariantImplCustomizer> (0x000000008565c2e0) 
thrown [s\src\hotspot\share\classfile\systemDictionary.cpp, line 256]
Event: 10.491 Thread 0x000002d6cb6702a0 Exception <a 'java/lang/ClassNotFoundException'{0x0000000085685930}: com/android/build/gradle/internal/api/ApkVariantImplCustomizer> (0x0000000085685930) 
thrown [s\src\hotspot\share\classfile\systemDictionary.cpp, line 256]
Event: 10.492 Thread 0x000002d6cb6702a0 Exception <a 'java/lang/ClassNotFoundException'{0x00000000856ab0e8}: com/android/build/gradle/internal/api/ApplicationVariantImplCustomizer> (0x00000000856ab0e8) 
thrown [s\src\hotspot\share\classfile\systemDictionary.cpp, line 256]
Event: 10.494 Thread 0x000002d6cb6702a0 Exception <a 'java/lang/ClassNotFoundException'{0x00000000856d4780}: com/android/build/gradle/internal/api/ApplicationVariantImpl_DecoratedCustomizer> (0x00000000856d4780) 
thrown [s\src\hotspot\share\classfile\systemDictionary.cpp, line 256]
Event: 10.503 Thread 0x000002d6cb6702a0 Exception <a 'java/lang/ClassNotFoundException'{0x00000000855af8a8}: com/android/build/gradle/internal/api/ReadOnlyBuildTypeBeanInfo> (0x00000000855af8a8) 
thrown [s\src\hotspot\share\classfile\systemDictionary.cpp, line 256]
Event: 10.503 Thread 0x000002d6cb6702a0 Exception <a 'java/lang/ClassNotFoundException'{0x00000000855bf3b0}: com/android/build/gradle/internal/api/ReadOnlyBaseConfigBeanInfo> (0x00000000855bf3b0) 
thrown [s\src\hotspot\share\classfile\systemDictionary.cpp, line 256]
Event: 10.503 Thread 0x000002d6cb6702a0 Exception <a 'java/lang/ClassNotFoundException'{0x00000000855ceed8}: com/android/build/gradle/internal/api/ReadOnlyBaseConfigCustomizer> (0x00000000855ceed8) 
thrown [s\src\hotspot\share\classfile\systemDictionary.cpp, line 256]
Event: 10.504 Thread 0x000002d6cb6702a0 Exception <a 'java/lang/ClassNotFoundException'{0x00000000855ef5d8}: com/android/build/gradle/internal/api/ReadOnlyBuildTypeCustomizer> (0x00000000855ef5d8) 
thrown [s\src\hotspot\share\classfile\systemDictionary.cpp, line 256]

VM Operations (20 events):
Event: 8.833 Executing VM operation: G1Concurrent done
Event: 8.873 Executing VM operation: HandshakeAllThreads
Event: 8.873 Executing VM operation: HandshakeAllThreads done
Event: 9.078 Executing VM operation: G1CollectForAllocation
Event: 9.088 Executing VM operation: G1CollectForAllocation done
Event: 9.169 Executing VM operation: G1TryInitiateConcMark
Event: 9.174 Executing VM operation: G1TryInitiateConcMark done
Event: 9.258 Executing VM operation: G1Concurrent
Event: 9.264 Executing VM operation: G1Concurrent done
Event: 9.303 Executing VM operation: G1Concurrent
Event: 9.303 Executing VM operation: G1Concurrent done
Event: 9.990 Executing VM operation: G1CollectForAllocation
Event: 9.996 Executing VM operation: G1CollectForAllocation done
Event: 10.040 Executing VM operation: G1CollectForAllocation
Event: 10.046 Executing VM operation: G1CollectForAllocation done
Event: 10.442 Executing VM operation: HandshakeAllThreads
Event: 10.442 Executing VM operation: HandshakeAllThreads done
Event: 10.448 Executing VM operation: ICBufferFull
Event: 10.448 Executing VM operation: ICBufferFull done
Event: 10.504 Executing VM operation: G1CollectForAllocation

Events (20 events):
Event: 8.436 loading class java/lang/BooleanCustomizer
Event: 8.436 loading class java/lang/BooleanCustomizer done
Event: 8.436 loading class java/lang/BooleanCustomizer
Event: 8.436 loading class java/lang/BooleanCustomizer done
Event: 8.436 loading class jdk/internal/ValueBased
Event: 8.436 loading class jdk/internal/ValueBased done
Event: 8.623 loading class java/beans/IntrospectionException
Event: 8.624 loading class java/beans/IntrospectionException done
Event: 9.182 loading class sun/reflect/generics/repository/FieldRepository
Event: 9.182 loading class sun/reflect/generics/repository/FieldRepository done
Event: 9.323 loading class java/util/regex/Pattern$Caret
Event: 9.323 loading class java/util/regex/Pattern$Caret done
Event: 10.440 loading class java/util/AbstractList$RandomAccessSubList
Event: 10.440 loading class java/util/AbstractList$SubList
Event: 10.441 loading class java/util/AbstractList$SubList done
Event: 10.441 loading class java/util/AbstractList$RandomAccessSubList done
Event: 10.441 loading class java/util/AbstractList$SubList$1
Event: 10.441 loading class java/util/AbstractList$SubList$1 done
Event: 10.441 loading class java/util/AbstractList$ListItr
Event: 10.441 loading class java/util/AbstractList$ListItr done


Dynamic libraries:
0x00007ff69a5f0000 - 0x00007ff69a5fa000 	C:\Program Files\Android\Android Studio2\jbr\bin\java.exe
0x00007fffbf830000 - 0x00007fffbfa28000 	C:\WINDOWS\SYSTEM32\ntdll.dll
0x00007fffbe530000 - 0x00007fffbe5ed000 	C:\WINDOWS\System32\KERNEL32.DLL
0x00007fffbd290000 - 0x00007fffbd586000 	C:\WINDOWS\System32\KERNELBASE.dll
0x0000000058430000 - 0x00000000584df000 	C:\ProgramData\Symantec\Symantec Endpoint Protection\14.3.5413.3000.105\Data\Sysfer\x64\sysfer.dll
0x00007fffbcef0000 - 0x00007fffbcff0000 	C:\WINDOWS\System32\ucrtbase.dll
0x00007fffadab0000 - 0x00007fffadac7000 	C:\Program Files\Android\Android Studio2\jbr\bin\jli.dll
0x00007fffb5a30000 - 0x00007fffb5a4b000 	C:\Program Files\Android\Android Studio2\jbr\bin\VCRUNTIME140.dll
0x00007fffbe390000 - 0x00007fffbe52e000 	C:\WINDOWS\System32\USER32.dll
0x00007fffa72b0000 - 0x00007fffa754a000 	C:\WINDOWS\WinSxS\amd64_microsoft.windows.common-controls_6595b64144ccf1df_6.0.19041.3636_none_60b6a03d71f818d5\COMCTL32.dll
0x00007fffbcff0000 - 0x00007fffbd012000 	C:\WINDOWS\System32\win32u.dll
0x00007fffbeb50000 - 0x00007fffbebee000 	C:\WINDOWS\System32\msvcrt.dll
0x00007fffbdaa0000 - 0x00007fffbdacb000 	C:\WINDOWS\System32\GDI32.dll
0x00007fffbd590000 - 0x00007fffbd6a7000 	C:\WINDOWS\System32\gdi32full.dll
0x00007fffbd6b0000 - 0x00007fffbd74d000 	C:\WINDOWS\System32\msvcp_win.dll
0x00007fffbe350000 - 0x00007fffbe382000 	C:\WINDOWS\System32\IMM32.DLL
0x00007fffb8b80000 - 0x00007fffb8b8c000 	C:\Program Files\Android\Android Studio2\jbr\bin\vcruntime140_1.dll
0x00007fffaa700000 - 0x00007fffaa78d000 	C:\Program Files\Android\Android Studio2\jbr\bin\msvcp140.dll
0x00007fff61910000 - 0x00007fff6257e000 	C:\Program Files\Android\Android Studio2\jbr\bin\server\jvm.dll
0x00007fffbea30000 - 0x00007fffbeae3000 	C:\WINDOWS\System32\ADVAPI32.dll
0x00007fffbf0f0000 - 0x00007fffbf18f000 	C:\WINDOWS\System32\sechost.dll
0x00007fffbf190000 - 0x00007fffbf2b6000 	C:\WINDOWS\System32\RPCRT4.dll
0x00007fffbd1d0000 - 0x00007fffbd1f7000 	C:\WINDOWS\System32\bcrypt.dll
0x00007fffa75c0000 - 0x00007fffa75c9000 	C:\WINDOWS\SYSTEM32\WSOCK32.dll
0x00007fffbebf0000 - 0x00007fffbec5b000 	C:\WINDOWS\System32\WS2_32.dll
0x00007fffa66e0000 - 0x00007fffa6707000 	C:\WINDOWS\SYSTEM32\WINMM.dll
0x00007fffae2d0000 - 0x00007fffae2da000 	C:\WINDOWS\SYSTEM32\VERSION.dll
0x00007fffbb740000 - 0x00007fffbb752000 	C:\WINDOWS\SYSTEM32\kernel.appcore.dll
0x00007fffb8b00000 - 0x00007fffb8b0a000 	C:\Program Files\Android\Android Studio2\jbr\bin\jimage.dll
0x00007fffae4b0000 - 0x00007fffae694000 	C:\WINDOWS\SYSTEM32\DBGHELP.DLL
0x00007fffae340000 - 0x00007fffae374000 	C:\WINDOWS\SYSTEM32\dbgcore.DLL
0x00007fffbd200000 - 0x00007fffbd282000 	C:\WINDOWS\System32\bcryptPrimitives.dll
0x00007fffb56e0000 - 0x00007fffb56ee000 	C:\Program Files\Android\Android Studio2\jbr\bin\instrument.dll
0x00007fffb5700000 - 0x00007fffb5725000 	C:\Program Files\Android\Android Studio2\jbr\bin\java.dll
0x00007fffb7a10000 - 0x00007fffb7a28000 	C:\Program Files\Android\Android Studio2\jbr\bin\zip.dll
0x00007fffbdb90000 - 0x00007fffbe2d5000 	C:\WINDOWS\System32\SHELL32.dll
0x00007fffbad50000 - 0x00007fffbb4ec000 	C:\WINDOWS\SYSTEM32\windows.storage.dll
0x00007fffbe6d0000 - 0x00007fffbea24000 	C:\WINDOWS\System32\combase.dll
0x00007fffbc770000 - 0x00007fffbc79e000 	C:\WINDOWS\SYSTEM32\Wldp.dll
0x00007fffbe5f0000 - 0x00007fffbe6bd000 	C:\WINDOWS\System32\OLEAUT32.dll
0x00007fffbdae0000 - 0x00007fffbdb8d000 	C:\WINDOWS\System32\SHCORE.dll
0x00007fffbf790000 - 0x00007fffbf7e5000 	C:\WINDOWS\System32\shlwapi.dll
0x00007fffbce20000 - 0x00007fffbce45000 	C:\WINDOWS\SYSTEM32\profapi.dll
0x00007fffb5fb0000 - 0x00007fffb5fc9000 	C:\Program Files\Android\Android Studio2\jbr\bin\net.dll
0x00007fffaf330000 - 0x00007fffaf43a000 	C:\WINDOWS\SYSTEM32\WINHTTP.dll
0x00007fffbc550000 - 0x00007fffbc5ba000 	C:\WINDOWS\system32\mswsock.dll
0x00007fffb5880000 - 0x00007fffb5896000 	C:\Program Files\Android\Android Studio2\jbr\bin\nio.dll
0x00007fffb8940000 - 0x00007fffb8950000 	C:\Program Files\Android\Android Studio2\jbr\bin\verify.dll
0x00007fffb5b70000 - 0x00007fffb5b97000 	C:\Users\ADIT-PC\.gradle\native\68d5fa5c4cc2d200863cafc0d521ce42e7d3e7ee720ec0a83991735586a16f82\windows-amd64\native-platform.dll
0x00007fff8c550000 - 0x00007fff8c694000 	C:\Users\ADIT-PC\.gradle\native\e376f236ea51e6404a007f0833ffe2c6e607c4080706a723a18a27aeea778392\windows-amd64\native-platform-file-events.dll
0x00007fffb5ea0000 - 0x00007fffb5ea9000 	C:\Program Files\Android\Android Studio2\jbr\bin\management.dll
0x00007fffb56f0000 - 0x00007fffb56fb000 	C:\Program Files\Android\Android Studio2\jbr\bin\management_ext.dll
0x00007fffbdad0000 - 0x00007fffbdad8000 	C:\WINDOWS\System32\PSAPI.DLL
0x00007fffbc7b0000 - 0x00007fffbc7c8000 	C:\WINDOWS\SYSTEM32\CRYPTSP.dll
0x00007fffbbea0000 - 0x00007fffbbed4000 	C:\WINDOWS\system32\rsaenh.dll
0x00007fffbcde0000 - 0x00007fffbce0e000 	C:\WINDOWS\SYSTEM32\USERENV.dll
0x00007fffbc6e0000 - 0x00007fffbc6ec000 	C:\WINDOWS\SYSTEM32\CRYPTBASE.dll
0x00007fffbc260000 - 0x00007fffbc29b000 	C:\WINDOWS\SYSTEM32\IPHLPAPI.DLL
0x00007fffbe2e0000 - 0x00007fffbe2e8000 	C:\WINDOWS\System32\NSI.dll
0x00007fffb5440000 - 0x00007fffb5457000 	C:\WINDOWS\SYSTEM32\dhcpcsvc6.DLL
0x00007fffb5330000 - 0x00007fffb534d000 	C:\WINDOWS\SYSTEM32\dhcpcsvc.DLL
0x00007fffbc2b0000 - 0x00007fffbc37b000 	C:\WINDOWS\SYSTEM32\DNSAPI.dll
0x00007fffab9a0000 - 0x00007fffab9a7000 	C:\WINDOWS\system32\wshunix.dll

dbghelp: loaded successfully - version: 4.0.5 - missing functions: none
symbol engine: initialized successfully - sym options: 0x614 - pdb path: .;C:\Program Files\Android\Android Studio2\jbr\bin;C:\WINDOWS\SYSTEM32;C:\ProgramData\Symantec\Symantec Endpoint Protection\14.3.5413.3000.105\Data\Sysfer\x64;C:\WINDOWS\WinSxS\amd64_microsoft.windows.common-controls_6595b64144ccf1df_6.0.19041.3636_none_60b6a03d71f818d5;C:\Program Files\Android\Android Studio2\jbr\bin\server;C:\Users\ADIT-PC\.gradle\native\68d5fa5c4cc2d200863cafc0d521ce42e7d3e7ee720ec0a83991735586a16f82\windows-amd64;C:\Users\ADIT-PC\.gradle\native\e376f236ea51e6404a007f0833ffe2c6e607c4080706a723a18a27aeea778392\windows-amd64

VM Arguments:
jvm_args: --add-opens=java.base/java.util=ALL-UNNAMED --add-opens=java.base/java.lang=ALL-UNNAMED --add-opens=java.base/java.lang.invoke=ALL-UNNAMED --add-opens=java.prefs/java.util.prefs=ALL-UNNAMED --add-opens=java.base/java.nio.charset=ALL-UNNAMED --add-opens=java.base/java.net=ALL-UNNAMED --add-opens=java.base/java.util.concurrent.atomic=ALL-UNNAMED -Xmx2048m -Dfile.encoding=windows-1252 -Duser.country=ID -Duser.language=en -Duser.variant -javaagent:C:\Users\ADIT-PC\.gradle\wrapper\dists\gradle-8.2-bin\bbg7u40eoinfdyxsxr3z4i7ta\gradle-8.2\lib\agents\gradle-instrumentation-agent-8.2.jar 
java_command: org.gradle.launcher.daemon.bootstrap.GradleDaemon 8.2
java_class_path (initial): C:\Users\ADIT-PC\.gradle\wrapper\dists\gradle-8.2-bin\bbg7u40eoinfdyxsxr3z4i7ta\gradle-8.2\lib\gradle-launcher-8.2.jar
Launcher Type: SUN_STANDARD

[Global flags]
     intx CICompilerCount                          = 3                                         {product} {ergonomic}
     uint ConcGCThreads                            = 1                                         {product} {ergonomic}
     uint G1ConcRefinementThreads                  = 4                                         {product} {ergonomic}
   size_t G1HeapRegionSize                         = 1048576                                   {product} {ergonomic}
    uintx GCDrainStackTargetSize                   = 64                                        {product} {ergonomic}
   size_t InitialHeapSize                          = 266338304                                 {product} {ergonomic}
   size_t MarkStackSize                            = 4194304                                   {product} {ergonomic}
   size_t MaxHeapSize                              = 2147483648                                {product} {command line}
   size_t MaxNewSize                               = 1287651328                                {product} {ergonomic}
   size_t MinHeapDeltaBytes                        = 1048576                                   {product} {ergonomic}
   size_t MinHeapSize                              = 8388608                                   {product} {ergonomic}
    uintx NonNMethodCodeHeapSize                   = 5832780                                {pd product} {ergonomic}
    uintx NonProfiledCodeHeapSize                  = 122912730                              {pd product} {ergonomic}
    uintx ProfiledCodeHeapSize                     = 122912730                              {pd product} {ergonomic}
    uintx ReservedCodeCacheSize                    = 251658240                              {pd product} {ergonomic}
     bool SegmentedCodeCache                       = true                                      {product} {ergonomic}
   size_t SoftMaxHeapSize                          = 2147483648                             {manageable} {ergonomic}
     bool UseCompressedClassPointers               = true                           {product lp64_product} {ergonomic}
     bool UseCompressedOops                        = true                           {product lp64_product} {ergonomic}
     bool UseG1GC                                  = true                                      {product} {ergonomic}
     bool UseLargePagesIndividualAllocation        = false                                  {pd product} {ergonomic}

Logging:
Log output configuration:
 #0: stdout all=warning uptime,level,tags
 #1: stderr all=off uptime,level,tags

Environment Variables:
JAVA_HOME=C:\Program Files\Java\jdk-15.0.2
CLASSPATH=.;
PATH=C:\Program Files\Common Files\Oracle\Java\javapath;C:\Python311\Scripts\;C:\Python311\;C:\Python310\Scripts\;C:\Python310\;C:\Python27\;C:\Python27\Scripts;C:\Program Files (x86)\Common Files\Oracle\Java\javapath;C:\Program Files\Docker\Docker\Resources\bin;C:\ProgramData\Oracle\Java\javapath;C:\Program Files (x86)\Intel\iCLS Client\;C:\Program Files\Intel\iCLS Client\;C:\WINDOWS\system32;C:\WINDOWS;C:\WINDOWS\System32\Wbem;C:\WINDOWS\System32\WindowsPowerShell\v1.0\;C:\Program Files (x86)\Intel\Intel(R) Management Engine Components\DAL;C:\Program Files\Intel\Intel(R) Management Engine Components\DAL;C:\Program Files (x86)\Intel\Intel(R) Management Engine Components\IPT;C:\Program Files\Intel\Intel(R) Management Engine Components\IPT;C:\Program Files\Java\jre1.8.0_162\bin;C:\Program Files (x86)\GtkSharp\2.12\bin;C:\Program Files\PuTTY\;C:\Program Files\Java\jdk1.8.0_162\bin;C:\PROGRA~2\Groovy\GROOVY~1.15\bin;C:\WINDOWS\System32\OpenSSH\;C:\xampp\php;C:\Program Files (x86)\Microsoft SQL Server\Client SDK\ODBC\130\Tools\Binn\;C:\Program Files (x86)\Microsoft SQL Server\140\Tools\Binn\;C:\Program Files (x86)\Microsoft SQL Server\140\DTS\Binn\;C:\Program Files (x86)\Microsoft SQL Server\140\Tools\Binn\ManagementStudio\;c:\Program Files (x86)\Microsoft SQL Server\110\Tools\Binn\;c:\Program Files\Microsoft SQL Server\110\Tools\Binn\;c:\Program Files\Microsoft SQL Server\110\DTS\Binn\;C:\composer;C:\Flutter\flutter\bin;C:\Bitnami\wampstack-5.6.39-0\php;C:\ProgramData\chocolatey\bin;C:\Program Files (x86)\Yarn\bin\;C:\Program Files\Java\jdk1.8.0_211\bin;C:\Program Files\OpenJDK\openjdk-8u312-b07\bin;C:\Program Files\nodejs\;C:\Program Files\Git\cmd;C:\Users\ADIT-PC\AppData\Local\Microsoft\WindowsApps;C:\Users\ADIT-PC\AppData\Local\Android\Sdk\platform-tools;C:\Users\ADIT-PC\AppData\Roaming\npm;C:\Users\ADIT-PC\AppData\Local\Programs\Microsoft VS Code\bin;C:\Users\ADIT-PC\AppData\Local\Android\Sdk;C:\src\flutter\bin;C:\Users\ADIT-PC\AppData\Local\GitHubDesktop\bin;C:\Users
USERNAME=ADIT-PC
OS=Windows_NT
PROCESSOR_IDENTIFIER=Intel64 Family 6 Model 94 Stepping 3, GenuineIntel
TMP=C:\Users\ADIT-PC\AppData\Local\Temp
TEMP=C:\Users\ADIT-PC\AppData\Local\Temp


JNI global refs:
JNI global refs: 26, weak refs: 0

JNI global refs memory usage: 843, weak refs: 841


---------------  S Y S T E M  ---------------

OS:
 Windows 10 , 64 bit Build 19041 (10.0.19041.3636)
OS uptime: 10 days 4:29 hours
Hyper-V role detected

CPU: total 4 (initial active 4) (4 cores per cpu, 1 threads per core) family 6 model 94 stepping 3 microcode 0xf2, cx8, cmov, fxsr, mmx, 3dnowpref, sse, sse2, sse3, ssse3, sse4.1, sse4.2, popcnt, lzcnt, tsc, tscinvbit, avx, avx2, aes, erms, clmul, bmi1, bmi2, rtm, adx, fma, vzeroupper, clflush, clflushopt, hv

Memory: 4k page, system-wide physical 16247M (3709M free)
TotalPageFile size 25028M (AvailPageFile size 44M)
current process WorkingSet (physical memory assigned to process): 332M, peak: 347M
current process commit charge ("private bytes"): 360M, peak: 409M

vm_info: OpenJDK 64-Bit Server VM (17.0.6+0-b2043.56-10027231) for windows-amd64 JRE (17.0.6+0-b2043.56-10027231), built on Apr 28 2023 00:43:19 by "androidbuild" with MS VC++ 16.10 / 16.11 (VS2019)

END.
