#
# There is insufficient memory for the Java Runtime Environment to continue.
# Native memory allocation (mmap) failed to map 244318208 bytes for G1 virtual space
# Possible reasons:
#   The system is out of physical RAM or swap space
#   The process is running with CompressedOops enabled, and the Java Heap may be blocking the growth of the native heap
# Possible solutions:
#   Reduce memory load on the system
#   Increase physical memory or swap space
#   Check if swap backing store is full
#   Decrease Java heap size (-Xmx/-Xms)
#   Decrease number of Java threads
#   Decrease Java thread stack sizes (-Xss)
#   Set larger code cache with -XX:ReservedCodeCacheSize=
#   JVM is running with Unscaled Compressed Oops mode in which the Java heap is
#     placed in the first 4GB address space. The Java Heap base address is the
#     maximum limit for the native heap growth. Please use -XX:HeapBaseMinAddress
#     to set the Java Heap base and to place the Java Heap above 4GB virtual address.
# This output file may be truncated or incomplete.
#
#  Out of Memory Error (os_windows.cpp:3769), pid=23000, tid=28700
#
# JRE version: OpenJDK Runtime Environment (17.0.6) (build 17.0.6+0-b2043.56-10027231)
# Java VM: OpenJDK 64-Bit Server VM (17.0.6+0-b2043.56-10027231, mixed mode, tiered, compressed oops, compressed class ptrs, g1 gc, windows-amd64)
# No core dump will be written. Minidumps are not enabled by default on client versions of Windows
#

---------------  S U M M A R Y ------------

Command Line: --add-opens=java.base/java.util=ALL-UNNAMED --add-opens=java.base/java.lang=ALL-UNNAMED --add-opens=java.base/java.lang.invoke=ALL-UNNAMED --add-opens=java.prefs/java.util.prefs=ALL-UNNAMED --add-opens=java.base/java.nio.charset=ALL-UNNAMED --add-opens=java.base/java.net=ALL-UNNAMED --add-opens=java.base/java.util.concurrent.atomic=ALL-UNNAMED -Xmx2048m -Dfile.encoding=windows-1252 -Duser.country=ID -Duser.language=en -Duser.variant org.gradle.launcher.daemon.bootstrap.GradleDaemon 8.0

Host: Intel(R) Core(TM) i5-6500 CPU @ 3.20GHz, 4 cores, 15G,  Windows 10 , 64 bit Build 19041 (10.0.19041.3636)
Time: Thu Feb  8 10:43:30 2024 SE Asia Standard Time elapsed time: 16.948705 seconds (0d 0h 0m 16s)

---------------  T H R E A D  ---------------

Current thread (0x000002447ed9e5f0):  VMThread "VM Thread" [stack: 0x000000e1b3100000,0x000000e1b3200000] [id=28700]

Stack: [0x000000e1b3100000,0x000000e1b3200000]
Native frames: (J=compiled Java code, j=interpreted, Vv=VM code, C=native code)
V  [jvm.dll+0x683c9a]
V  [jvm.dll+0x8427a4]
V  [jvm.dll+0x843f9e]
V  [jvm.dll+0x844603]
V  [jvm.dll+0x249b75]
V  [jvm.dll+0x680b69]
V  [jvm.dll+0x67505a]
V  [jvm.dll+0x309acb]
V  [jvm.dll+0x310f86]
V  [jvm.dll+0x3608ee]
V  [jvm.dll+0x360b1f]
V  [jvm.dll+0x2dfbf8]
V  [jvm.dll+0x2ddec4]
V  [jvm.dll+0x2dd4cc]
V  [jvm.dll+0x321f3b]
V  [jvm.dll+0x848ccb]
V  [jvm.dll+0x849a04]
V  [jvm.dll+0x849f1d]
V  [jvm.dll+0x84a2f4]
V  [jvm.dll+0x84a3c0]
V  [jvm.dll+0x7f274a]
V  [jvm.dll+0x682ad5]
C  [ucrtbase.dll+0x21bb2]
C  [KERNEL32.DLL+0x17344]
C  [ntdll.dll+0x526b1]

VM_Operation (0x000000e1b57fec50): G1CollectForAllocation, mode: safepoint, requested by thread 0x00000244086f2590


---------------  P R O C E S S  ---------------

Threads class SMR info:
_java_thread_list=0x00000244006aa4d0, length=88, elements={
0x00000244657b1440, 0x000002447ed77320, 0x000002447f833180, 0x000002447f880910,
0x000002447f883f00, 0x000002447f8869f0, 0x000002447f886ec0, 0x000002447f8a5030,
0x000002447f8a8a40, 0x000002447f8aef70, 0x000002447fa2d7a0, 0x000002447fa2ec80,
0x0000024401752050, 0x0000024401752520, 0x00000244017529f0, 0x0000024401752ec0,
0x0000024401753390, 0x0000024401753860, 0x0000024402aa05f0, 0x0000024402a9e440,
0x0000024402aa4e20, 0x0000024402aa0ac0, 0x0000024402aa0120, 0x0000024402a9daa0,
0x0000024402a9df70, 0x0000024402a9f780, 0x0000024402a9f2b0, 0x0000024402aa0f90,
0x0000024402a9fc50, 0x0000024402aa3ae0, 0x0000024402aa1460, 0x0000024402aa27a0,
0x0000024402aa1930, 0x0000024402aa1e00, 0x0000024402aa52f0, 0x0000024402aa3140,
0x0000024402aa3610, 0x0000024402aa4950, 0x0000024402a9e910, 0x00000244055673e0,
0x0000024405563a20, 0x0000024405566f10, 0x000002440556ada0, 0x000002440556b270,
0x0000024405568720, 0x0000024405564d60, 0x00000244055678b0, 0x0000024405567d80,
0x0000024405563ef0, 0x0000024405564890, 0x00000244055690c0, 0x00000244055643c0,
0x0000024405565230, 0x000002440556a400, 0x0000024405568250, 0x0000024405568bf0,
0x0000024405565700, 0x0000024405569f30, 0x0000024405566570, 0x0000024405565bd0,
0x000002440556a8d0, 0x00000244055660a0, 0x0000024405566a40, 0x0000024405569590,
0x0000024405569a60, 0x000002440550c0a0, 0x000002440550ca40, 0x0000024405508bb0,
0x0000024405507d40, 0x00000244055073a0, 0x0000024405509080, 0x000002440550a3c0,
0x0000024405508210, 0x000002440550c570, 0x0000024405507870, 0x00000244055086e0,
0x000002440550cf10, 0x0000024405509550, 0x0000024405509a20, 0x0000024403dc6be0,
0x000002440550ad60, 0x000002440550bbd0, 0x0000024405506ed0, 0x00000244086f68f0,
0x00000244086f38d0, 0x00000244086f3da0, 0x00000244086f6dc0, 0x00000244086f2590
}

Java Threads: ( => current thread )
  0x00000244657b1440 JavaThread "main" [_thread_blocked, id=24948, stack(0x000000e1b2b00000,0x000000e1b2c00000)]
  0x000002447ed77320 JavaThread "Reference Handler" daemon [_thread_blocked, id=19424, stack(0x000000e1b3200000,0x000000e1b3300000)]
  0x000002447f833180 JavaThread "Finalizer" daemon [_thread_blocked, id=23712, stack(0x000000e1b3300000,0x000000e1b3400000)]
  0x000002447f880910 JavaThread "Signal Dispatcher" daemon [_thread_blocked, id=8464, stack(0x000000e1b3400000,0x000000e1b3500000)]
  0x000002447f883f00 JavaThread "Attach Listener" daemon [_thread_blocked, id=28912, stack(0x000000e1b3500000,0x000000e1b3600000)]
  0x000002447f8869f0 JavaThread "Service Thread" daemon [_thread_blocked, id=21784, stack(0x000000e1b3600000,0x000000e1b3700000)]
  0x000002447f886ec0 JavaThread "Monitor Deflation Thread" daemon [_thread_blocked, id=28748, stack(0x000000e1b3700000,0x000000e1b3800000)]
  0x000002447f8a5030 JavaThread "C2 CompilerThread0" daemon [_thread_in_native, id=1116, stack(0x000000e1b3800000,0x000000e1b3900000)]
  0x000002447f8a8a40 JavaThread "C1 CompilerThread0" daemon [_thread_blocked, id=13720, stack(0x000000e1b3900000,0x000000e1b3a00000)]
  0x000002447f8aef70 JavaThread "Sweeper thread" daemon [_thread_blocked, id=10788, stack(0x000000e1b3a00000,0x000000e1b3b00000)]
  0x000002447fa2d7a0 JavaThread "Common-Cleaner" daemon [_thread_blocked, id=608, stack(0x000000e1b3b00000,0x000000e1b3c00000)]
  0x000002447fa2ec80 JavaThread "Notification Thread" daemon [_thread_blocked, id=13544, stack(0x000000e1b3c00000,0x000000e1b3d00000)]
  0x0000024401752050 JavaThread "Daemon health stats" [_thread_blocked, id=25380, stack(0x000000e1b4200000,0x000000e1b4300000)]
  0x0000024401752520 JavaThread "Incoming local TCP Connector on port 48265" [_thread_in_native, id=17884, stack(0x000000e1b4300000,0x000000e1b4400000)]
  0x00000244017529f0 JavaThread "Daemon periodic checks" [_thread_blocked, id=25732, stack(0x000000e1b4400000,0x000000e1b4500000)]
  0x0000024401752ec0 JavaThread "Daemon" [_thread_blocked, id=15972, stack(0x000000e1b4500000,0x000000e1b4600000)]
  0x0000024401753390 JavaThread "Handler for socket connection from /127.0.0.1:48265 to /127.0.0.1:48266" [_thread_in_native, id=23076, stack(0x000000e1b4600000,0x000000e1b4700000)]
  0x0000024401753860 JavaThread "Cancel handler" [_thread_blocked, id=10656, stack(0x000000e1b4700000,0x000000e1b4800000)]
  0x0000024402aa05f0 JavaThread "Daemon worker" [_thread_blocked, id=16548, stack(0x000000e1b4800000,0x000000e1b4900000)]
  0x0000024402a9e440 JavaThread "Asynchronous log dispatcher for DefaultDaemonConnection: socket connection from /127.0.0.1:48265 to /127.0.0.1:48266" [_thread_blocked, id=10412, stack(0x000000e1b4900000,0x000000e1b4a00000)]
  0x0000024402aa4e20 JavaThread "Stdin handler" [_thread_blocked, id=14748, stack(0x000000e1b4a00000,0x000000e1b4b00000)]
  0x0000024402aa0ac0 JavaThread "Daemon client event forwarder" [_thread_blocked, id=28044, stack(0x000000e1b4b00000,0x000000e1b4c00000)]
  0x0000024402aa0120 JavaThread "Cache worker for journal cache (C:\Users\ADIT-PC\.gradle\caches\journal-1)" [_thread_blocked, id=24928, stack(0x000000e1b4c00000,0x000000e1b4d00000)]
  0x0000024402a9daa0 JavaThread "File lock request listener" [_thread_in_native, id=21816, stack(0x000000e1b4d00000,0x000000e1b4e00000)]
  0x0000024402a9df70 JavaThread "Cache worker for file hash cache (C:\Users\ADIT-PC\.gradle\caches\8.0\fileHashes)" [_thread_blocked, id=14048, stack(0x000000e1b4e00000,0x000000e1b4f00000)]
  0x0000024402a9f780 JavaThread "File watcher server" daemon [_thread_blocked, id=27280, stack(0x000000e1b4f00000,0x000000e1b5000000)]
  0x0000024402a9f2b0 JavaThread "File watcher consumer" daemon [_thread_blocked, id=21048, stack(0x000000e1b5000000,0x000000e1b5100000)]
  0x0000024402aa0f90 JavaThread "Cache worker for checksums cache (C:\Users\ADIT-PC\AndroidStudioProjects\HRISMobile-New\.gradle\8.0\checksums)" [_thread_blocked, id=2224, stack(0x000000e1b5100000,0x000000e1b5200000)]
  0x0000024402a9fc50 JavaThread "Cache worker for cache directory md-rule (C:\Users\ADIT-PC\.gradle\caches\8.0\md-rule)" [_thread_blocked, id=22416, stack(0x000000e1b5200000,0x000000e1b5300000)]
  0x0000024402aa3ae0 JavaThread "Cache worker for file content cache (C:\Users\ADIT-PC\.gradle\caches\8.0\fileContent)" [_thread_blocked, id=26084, stack(0x000000e1b5300000,0x000000e1b5400000)]
  0x0000024402aa1460 JavaThread "Cache worker for file hash cache (C:\Users\ADIT-PC\AndroidStudioProjects\HRISMobile-New\.gradle\8.0\fileHashes)" [_thread_blocked, id=10592, stack(0x000000e1b5400000,0x000000e1b5500000)]
  0x0000024402aa27a0 JavaThread "Cache worker for cache directory md-supplier (C:\Users\ADIT-PC\.gradle\caches\8.0\md-supplier)" [_thread_blocked, id=17836, stack(0x000000e1b5500000,0x000000e1b5600000)]
  0x0000024402aa1930 JavaThread "Cache worker for execution history cache (C:\Users\ADIT-PC\.gradle\caches\8.0\executionHistory)" [_thread_blocked, id=25640, stack(0x000000e1b3e00000,0x000000e1b3f00000)]
  0x0000024402aa1e00 JavaThread "jar transforms" [_thread_blocked, id=8544, stack(0x000000e1b5600000,0x000000e1b5700000)]
  0x0000024402aa52f0 JavaThread "jar transforms Thread 2" [_thread_blocked, id=30284, stack(0x000000e1b5800000,0x000000e1b5900000)]
  0x0000024402aa3140 JavaThread "jar transforms Thread 3" [_thread_blocked, id=25216, stack(0x000000e1b5a00000,0x000000e1b5b00000)]
  0x0000024402aa3610 JavaThread "jar transforms Thread 4" [_thread_blocked, id=14680, stack(0x000000e1b5b00000,0x000000e1b5c00000)]
  0x0000024402aa4950 JavaThread "Cache worker for dependencies-accessors (C:\Users\ADIT-PC\AndroidStudioProjects\HRISMobile-New\.gradle\8.0\dependencies-accessors)" [_thread_blocked, id=2752, stack(0x000000e1b5c00000,0x000000e1b5d00000)]
  0x0000024402a9e910 JavaThread "Cache worker for Build Output Cleanup Cache (C:\Users\ADIT-PC\AndroidStudioProjects\HRISMobile-New\.gradle\buildOutputCleanup)" [_thread_blocked, id=30524, stack(0x000000e1b5d00000,0x000000e1b5e00000)]
  0x00000244055673e0 JavaThread "Unconstrained build operations" [_thread_blocked, id=21768, stack(0x000000e1b5e00000,0x000000e1b5f00000)]
  0x0000024405563a20 JavaThread "Unconstrained build operations Thread 2" [_thread_blocked, id=26112, stack(0x000000e1b5f00000,0x000000e1b6000000)]
  0x0000024405566f10 JavaThread "Unconstrained build operations Thread 3" [_thread_blocked, id=27508, stack(0x000000e1b6000000,0x000000e1b6100000)]
  0x000002440556ada0 JavaThread "Unconstrained build operations Thread 4" [_thread_blocked, id=17516, stack(0x000000e1b6100000,0x000000e1b6200000)]
  0x000002440556b270 JavaThread "Unconstrained build operations Thread 5" [_thread_blocked, id=13904, stack(0x000000e1b6200000,0x000000e1b6300000)]
  0x0000024405568720 JavaThread "Unconstrained build operations Thread 6" [_thread_blocked, id=24360, stack(0x000000e1b6300000,0x000000e1b6400000)]
  0x0000024405564d60 JavaThread "Unconstrained build operations Thread 7" [_thread_blocked, id=20712, stack(0x000000e1b6400000,0x000000e1b6500000)]
  0x00000244055678b0 JavaThread "Unconstrained build operations Thread 8" [_thread_blocked, id=4564, stack(0x000000e1b6500000,0x000000e1b6600000)]
  0x0000024405567d80 JavaThread "Unconstrained build operations Thread 9" [_thread_blocked, id=5960, stack(0x000000e1b6600000,0x000000e1b6700000)]
  0x0000024405563ef0 JavaThread "Unconstrained build operations Thread 10" [_thread_blocked, id=8676, stack(0x000000e1b6700000,0x000000e1b6800000)]
  0x0000024405564890 JavaThread "Unconstrained build operations Thread 11" [_thread_blocked, id=8692, stack(0x000000e1b6800000,0x000000e1b6900000)]
  0x00000244055690c0 JavaThread "Unconstrained build operations Thread 12" [_thread_blocked, id=25608, stack(0x000000e1b6900000,0x000000e1b6a00000)]
  0x00000244055643c0 JavaThread "Unconstrained build operations Thread 13" [_thread_blocked, id=8136, stack(0x000000e1b6a00000,0x000000e1b6b00000)]
  0x0000024405565230 JavaThread "Unconstrained build operations Thread 14" [_thread_blocked, id=7064, stack(0x000000e1b6b00000,0x000000e1b6c00000)]
  0x000002440556a400 JavaThread "Unconstrained build operations Thread 15" [_thread_blocked, id=30340, stack(0x000000e1b6c00000,0x000000e1b6d00000)]
  0x0000024405568250 JavaThread "Unconstrained build operations Thread 16" [_thread_blocked, id=8216, stack(0x000000e1b6d00000,0x000000e1b6e00000)]
  0x0000024405568bf0 JavaThread "Unconstrained build operations Thread 17" [_thread_blocked, id=8220, stack(0x000000e1b6e00000,0x000000e1b6f00000)]
  0x0000024405565700 JavaThread "Unconstrained build operations Thread 18" [_thread_blocked, id=20368, stack(0x000000e1b6f00000,0x000000e1b7000000)]
  0x0000024405569f30 JavaThread "Unconstrained build operations Thread 19" [_thread_blocked, id=8292, stack(0x000000e1b7000000,0x000000e1b7100000)]
  0x0000024405566570 JavaThread "Unconstrained build operations Thread 20" [_thread_blocked, id=8204, stack(0x000000e1b7100000,0x000000e1b7200000)]
  0x0000024405565bd0 JavaThread "Unconstrained build operations Thread 21" [_thread_blocked, id=29128, stack(0x000000e1b7200000,0x000000e1b7300000)]
  0x000002440556a8d0 JavaThread "Unconstrained build operations Thread 22" [_thread_blocked, id=8236, stack(0x000000e1b7300000,0x000000e1b7400000)]
  0x00000244055660a0 JavaThread "Unconstrained build operations Thread 23" [_thread_blocked, id=8536, stack(0x000000e1b7400000,0x000000e1b7500000)]
  0x0000024405566a40 JavaThread "Unconstrained build operations Thread 24" [_thread_blocked, id=24660, stack(0x000000e1b7500000,0x000000e1b7600000)]
  0x0000024405569590 JavaThread "Unconstrained build operations Thread 25" [_thread_blocked, id=17956, stack(0x000000e1b7600000,0x000000e1b7700000)]
  0x0000024405569a60 JavaThread "Unconstrained build operations Thread 26" [_thread_blocked, id=4960, stack(0x000000e1b7700000,0x000000e1b7800000)]
  0x000002440550c0a0 JavaThread "Unconstrained build operations Thread 27" [_thread_blocked, id=17340, stack(0x000000e1b7800000,0x000000e1b7900000)]
  0x000002440550ca40 JavaThread "Unconstrained build operations Thread 28" [_thread_blocked, id=27296, stack(0x000000e1b7900000,0x000000e1b7a00000)]
  0x0000024405508bb0 JavaThread "Unconstrained build operations Thread 29" [_thread_blocked, id=8140, stack(0x000000e1b7a00000,0x000000e1b7b00000)]
  0x0000024405507d40 JavaThread "Unconstrained build operations Thread 30" [_thread_blocked, id=8252, stack(0x000000e1b7b00000,0x000000e1b7c00000)]
  0x00000244055073a0 JavaThread "Unconstrained build operations Thread 31" [_thread_blocked, id=22492, stack(0x000000e1b7c00000,0x000000e1b7d00000)]
  0x0000024405509080 JavaThread "Unconstrained build operations Thread 32" [_thread_blocked, id=21976, stack(0x000000e1b7d00000,0x000000e1b7e00000)]
  0x000002440550a3c0 JavaThread "Unconstrained build operations Thread 33" [_thread_blocked, id=18044, stack(0x000000e1b7e00000,0x000000e1b7f00000)]
  0x0000024405508210 JavaThread "Unconstrained build operations Thread 34" [_thread_blocked, id=25864, stack(0x000000e1b7f00000,0x000000e1b8000000)]
  0x000002440550c570 JavaThread "Unconstrained build operations Thread 35" [_thread_blocked, id=7116, stack(0x000000e1b8000000,0x000000e1b8100000)]
  0x0000024405507870 JavaThread "Unconstrained build operations Thread 36" [_thread_blocked, id=28344, stack(0x000000e1b8100000,0x000000e1b8200000)]
  0x00000244055086e0 JavaThread "Unconstrained build operations Thread 37" [_thread_blocked, id=19372, stack(0x000000e1b8200000,0x000000e1b8300000)]
  0x000002440550cf10 JavaThread "Unconstrained build operations Thread 38" [_thread_blocked, id=30048, stack(0x000000e1b8300000,0x000000e1b8400000)]
  0x0000024405509550 JavaThread "Unconstrained build operations Thread 39" [_thread_blocked, id=28048, stack(0x000000e1b8400000,0x000000e1b8500000)]
  0x0000024405509a20 JavaThread "Unconstrained build operations Thread 40" [_thread_blocked, id=6596, stack(0x000000e1b8500000,0x000000e1b8600000)]
  0x0000024403dc6be0 JavaThread "C2 CompilerThread1" daemon [_thread_blocked, id=24132, stack(0x000000e1b8600000,0x000000e1b8700000)]
  0x000002440550ad60 JavaThread "Memory manager" [_thread_blocked, id=12404, stack(0x000000e1b8700000,0x000000e1b8800000)]
  0x000002440550bbd0 JavaThread "pool-3-thread-1" [_thread_blocked, id=8208, stack(0x000000e1b8800000,0x000000e1b8900000)]
  0x0000024405506ed0 JavaThread "included builds" [_thread_blocked, id=1400, stack(0x000000e1b8a00000,0x000000e1b8b00000)]
  0x00000244086f68f0 JavaThread "Execution worker" [_thread_blocked, id=1828, stack(0x000000e1b8b00000,0x000000e1b8c00000)]
  0x00000244086f38d0 JavaThread "Execution worker Thread 2" [_thread_blocked, id=13124, stack(0x000000e1b8c00000,0x000000e1b8d00000)]
  0x00000244086f3da0 JavaThread "Execution worker Thread 3" [_thread_blocked, id=13184, stack(0x000000e1b8d00000,0x000000e1b8e00000)]
  0x00000244086f6dc0 JavaThread "Cache worker for execution history cache (C:\Users\ADIT-PC\AndroidStudioProjects\HRISMobile-New\.gradle\8.0\executionHistory)" [_thread_blocked, id=13200, stack(0x000000e1b8e00000,0x000000e1b8f00000)]
  0x00000244086f2590 JavaThread "pool-2-thread-1" [_thread_blocked, id=24508, stack(0x000000e1b5700000,0x000000e1b5800000)]

Other Threads:
=>0x000002447ed9e5f0 VMThread "VM Thread" [stack: 0x000000e1b3100000,0x000000e1b3200000] [id=28700]
  0x0000024465831500 WatcherThread [stack: 0x000000e1b3d00000,0x000000e1b3e00000] [id=17396]
  0x000002446580f7a0 GCTaskThread "GC Thread#0" [stack: 0x000000e1b2c00000,0x000000e1b2d00000] [id=23188]
  0x00000244004e3540 GCTaskThread "GC Thread#1" [stack: 0x000000e1b3f00000,0x000000e1b4000000] [id=22636]
  0x00000244008c3b40 GCTaskThread "GC Thread#2" [stack: 0x000000e1b4000000,0x000000e1b4100000] [id=27428]
  0x00000244008c3df0 GCTaskThread "GC Thread#3" [stack: 0x000000e1b4100000,0x000000e1b4200000] [id=17124]
  0x0000024465821600 ConcurrentGCThread "G1 Main Marker" [stack: 0x000000e1b2d00000,0x000000e1b2e00000] [id=25292]
  0x0000024465822a90 ConcurrentGCThread "G1 Conc#0" [stack: 0x000000e1b2e00000,0x000000e1b2f00000] [id=25256]
  0x000002446586d560 ConcurrentGCThread "G1 Refine#0" [stack: 0x000000e1b2f00000,0x000000e1b3000000] [id=19292]
  0x0000024403566880 ConcurrentGCThread "G1 Refine#1" [stack: 0x000000e1b5900000,0x000000e1b5a00000] [id=29624]
  0x0000024405138c50 ConcurrentGCThread "G1 Refine#2" [stack: 0x000000e1b8f00000,0x000000e1b9000000] [id=19244]
  0x000002440513a910 ConcurrentGCThread "G1 Refine#3" [stack: 0x000000e1b9000000,0x000000e1b9100000] [id=21924]
  0x000002446586daa0 ConcurrentGCThread "G1 Service" [stack: 0x000000e1b3000000,0x000000e1b3100000] [id=5656]

Threads with active compile tasks:
C2 CompilerThread0    16987 12024   !   4       java.nio.file.Files::walkFileTree (297 bytes)

VM state: at safepoint (normal execution)

VM Mutex/Monitor currently owned by a thread:  ([mutex/lock_event])
[0x00000244657a1fd0] Threads_lock - owner thread: 0x000002447ed9e5f0
[0x00000244657add80] Heap_lock - owner thread: 0x00000244086f2590

Heap address: 0x0000000080000000, size: 2048 MB, Compressed Oops mode: 32-bit

CDS archive(s) not mapped
Compressed class space mapped at: 0x0000000100000000-0x0000000140000000, reserved size: 1073741824
Narrow klass base: 0x0000000000000000, Narrow klass shift: 3, Narrow klass range: 0x140000000

GC Precious Log:
 CPUs: 4 total, 4 available
 Memory: 16247M
 Large Page Support: Disabled
 NUMA Support: Disabled
 Compressed Oops: Enabled (32-bit)
 Heap Region Size: 1M
 Heap Min Capacity: 8M
 Heap Initial Capacity: 254M
 Heap Max Capacity: 2G
 Pre-touch: Disabled
 Parallel Workers: 4
 Concurrent Workers: 1
 Concurrent Refinement Workers: 4
 Periodic GC: Disabled

Heap:
 garbage-first heap   total 260096K, used 121856K [0x0000000080000000, 0x0000000100000000)
  region size 1024K, 9 young (9216K), 9 survivors (9216K)
 Metaspace       used 91632K, committed 92352K, reserved 1130496K
  class space    used 12313K, committed 12672K, reserved 1048576K

Heap Regions: E=young(eden), S=young(survivor), O=old, HS=humongous(starts), HC=humongous(continues), CS=collection set, F=free, OA=open archive, CA=closed archive, TAMS=top-at-mark-start (previous, next)
|   0|0x0000000080000000, 0x0000000080100000, 0x0000000080100000|100%| O|  |TAMS 0x0000000080100000, 0x0000000080000000| Untracked 
|   1|0x0000000080100000, 0x0000000080200000, 0x0000000080200000|100%| O|  |TAMS 0x0000000080200000, 0x0000000080100000| Untracked 
|   2|0x0000000080200000, 0x0000000080300000, 0x0000000080300000|100%|HS|  |TAMS 0x0000000080300000, 0x0000000080200000| Complete 
|   3|0x0000000080300000, 0x0000000080400000, 0x0000000080400000|100%|HC|  |TAMS 0x0000000080400000, 0x0000000080300000| Complete 
|   4|0x0000000080400000, 0x0000000080500000, 0x0000000080500000|100%|HC|  |TAMS 0x0000000080500000, 0x0000000080400000| Complete 
|   5|0x0000000080500000, 0x0000000080600000, 0x0000000080600000|100%|HC|  |TAMS 0x0000000080600000, 0x0000000080500000| Complete 
|   6|0x0000000080600000, 0x0000000080700000, 0x0000000080700000|100%| O|  |TAMS 0x0000000080700000, 0x0000000080600000| Untracked 
|   7|0x0000000080700000, 0x0000000080800000, 0x0000000080800000|100%| O|  |TAMS 0x0000000080800000, 0x0000000080700000| Untracked 
|   8|0x0000000080800000, 0x0000000080900000, 0x0000000080900000|100%| O|  |TAMS 0x0000000080900000, 0x0000000080800000| Untracked 
|   9|0x0000000080900000, 0x0000000080a00000, 0x0000000080a00000|100%| O|  |TAMS 0x0000000080a00000, 0x0000000080900000| Untracked 
|  10|0x0000000080a00000, 0x0000000080b00000, 0x0000000080b00000|100%| O|  |TAMS 0x0000000080b00000, 0x0000000080a00000| Untracked 
|  11|0x0000000080b00000, 0x0000000080c00000, 0x0000000080c00000|100%| O|  |TAMS 0x0000000080c00000, 0x0000000080b00000| Untracked 
|  12|0x0000000080c00000, 0x0000000080d00000, 0x0000000080d00000|100%| O|  |TAMS 0x0000000080d00000, 0x0000000080c00000| Untracked 
|  13|0x0000000080d00000, 0x0000000080e00000, 0x0000000080e00000|100%| O|  |TAMS 0x0000000080e00000, 0x0000000080d00000| Untracked 
|  14|0x0000000080e00000, 0x0000000080f00000, 0x0000000080f00000|100%| O|  |TAMS 0x0000000080f00000, 0x0000000080e00000| Untracked 
|  15|0x0000000080f00000, 0x0000000081000000, 0x0000000081000000|100%| O|  |TAMS 0x0000000081000000, 0x0000000080f00000| Untracked 
|  16|0x0000000081000000, 0x0000000081100000, 0x0000000081100000|100%| O|  |TAMS 0x0000000081100000, 0x0000000081000000| Untracked 
|  17|0x0000000081100000, 0x0000000081200000, 0x0000000081200000|100%| O|  |TAMS 0x0000000081200000, 0x0000000081100000| Untracked 
|  18|0x0000000081200000, 0x0000000081300000, 0x0000000081300000|100%| O|  |TAMS 0x0000000081300000, 0x0000000081200000| Untracked 
|  19|0x0000000081300000, 0x0000000081400000, 0x0000000081400000|100%| O|  |TAMS 0x0000000081400000, 0x0000000081300000| Untracked 
|  20|0x0000000081400000, 0x0000000081500000, 0x0000000081500000|100%| O|  |TAMS 0x0000000081500000, 0x0000000081400000| Untracked 
|  21|0x0000000081500000, 0x0000000081600000, 0x0000000081600000|100%| O|  |TAMS 0x0000000081600000, 0x0000000081500000| Untracked 
|  22|0x0000000081600000, 0x0000000081700000, 0x0000000081700000|100%| O|  |TAMS 0x0000000081700000, 0x0000000081600000| Untracked 
|  23|0x0000000081700000, 0x0000000081800000, 0x0000000081800000|100%| O|  |TAMS 0x0000000081700000, 0x0000000081700000| Untracked 
|  24|0x0000000081800000, 0x0000000081900000, 0x0000000081900000|100%| O|  |TAMS 0x0000000081900000, 0x0000000081800000| Untracked 
|  25|0x0000000081900000, 0x0000000081a00000, 0x0000000081a00000|100%| O|  |TAMS 0x0000000081a00000, 0x0000000081900000| Untracked 
|  26|0x0000000081a00000, 0x0000000081b00000, 0x0000000081b00000|100%| O|  |TAMS 0x0000000081b00000, 0x0000000081a00000| Untracked 
|  27|0x0000000081b00000, 0x0000000081c00000, 0x0000000081c00000|100%| O|  |TAMS 0x0000000081c00000, 0x0000000081b00000| Untracked 
|  28|0x0000000081c00000, 0x0000000081d00000, 0x0000000081d00000|100%| O|  |TAMS 0x0000000081d00000, 0x0000000081c00000| Untracked 
|  29|0x0000000081d00000, 0x0000000081e00000, 0x0000000081e00000|100%| O|  |TAMS 0x0000000081e00000, 0x0000000081d00000| Untracked 
|  30|0x0000000081e00000, 0x0000000081f00000, 0x0000000081f00000|100%| O|  |TAMS 0x0000000081f00000, 0x0000000081e00000| Untracked 
|  31|0x0000000081f00000, 0x0000000082000000, 0x0000000082000000|100%| O|  |TAMS 0x0000000082000000, 0x0000000081f00000| Untracked 
|  32|0x0000000082000000, 0x0000000082100000, 0x0000000082100000|100%| O|  |TAMS 0x0000000082100000, 0x0000000082000000| Untracked 
|  33|0x0000000082100000, 0x0000000082200000, 0x0000000082200000|100%|HS|  |TAMS 0x0000000082200000, 0x0000000082100000| Complete 
|  34|0x0000000082200000, 0x0000000082300000, 0x0000000082300000|100%|HS|  |TAMS 0x0000000082300000, 0x0000000082200000| Complete 
|  35|0x0000000082300000, 0x0000000082400000, 0x0000000082400000|100%|HS|  |TAMS 0x0000000082400000, 0x0000000082300000| Complete 
|  36|0x0000000082400000, 0x0000000082500000, 0x0000000082500000|100%| O|  |TAMS 0x0000000082500000, 0x0000000082400000| Untracked 
|  37|0x0000000082500000, 0x0000000082600000, 0x0000000082600000|100%| O|  |TAMS 0x0000000082600000, 0x0000000082500000| Untracked 
|  38|0x0000000082600000, 0x0000000082700000, 0x0000000082700000|100%| O|  |TAMS 0x0000000082700000, 0x0000000082600000| Untracked 
|  39|0x0000000082700000, 0x0000000082800000, 0x0000000082800000|100%| O|  |TAMS 0x0000000082700000, 0x0000000082700000| Untracked 
|  40|0x0000000082800000, 0x0000000082900000, 0x0000000082900000|100%| O|  |TAMS 0x0000000082900000, 0x0000000082800000| Untracked 
|  41|0x0000000082900000, 0x0000000082a00000, 0x0000000082a00000|100%| O|  |TAMS 0x0000000082a00000, 0x0000000082900000| Untracked 
|  42|0x0000000082a00000, 0x0000000082b00000, 0x0000000082b00000|100%| O|  |TAMS 0x0000000082b00000, 0x0000000082a00000| Untracked 
|  43|0x0000000082b00000, 0x0000000082c00000, 0x0000000082c00000|100%| O|  |TAMS 0x0000000082c00000, 0x0000000082b00000| Untracked 
|  44|0x0000000082c00000, 0x0000000082d00000, 0x0000000082d00000|100%| O|  |TAMS 0x0000000082d00000, 0x0000000082c00000| Untracked 
|  45|0x0000000082d00000, 0x0000000082e00000, 0x0000000082e00000|100%| O|  |TAMS 0x0000000082e00000, 0x0000000082d00000| Untracked 
|  46|0x0000000082e00000, 0x0000000082f00000, 0x0000000082f00000|100%| O|  |TAMS 0x0000000082f00000, 0x0000000082e00000| Untracked 
|  47|0x0000000082f00000, 0x0000000083000000, 0x0000000083000000|100%| O|  |TAMS 0x0000000083000000, 0x0000000082f00000| Untracked 
|  48|0x0000000083000000, 0x0000000083100000, 0x0000000083100000|100%| O|  |TAMS 0x0000000083100000, 0x0000000083000000| Untracked 
|  49|0x0000000083100000, 0x0000000083200000, 0x0000000083200000|100%| O|  |TAMS 0x0000000083200000, 0x0000000083100000| Untracked 
|  50|0x0000000083200000, 0x0000000083300000, 0x0000000083300000|100%| O|  |TAMS 0x0000000083300000, 0x0000000083200000| Untracked 
|  51|0x0000000083300000, 0x0000000083400000, 0x0000000083400000|100%| O|  |TAMS 0x0000000083400000, 0x0000000083300000| Untracked 
|  52|0x0000000083400000, 0x0000000083500000, 0x0000000083500000|100%| O|  |TAMS 0x0000000083420400, 0x0000000083400000| Untracked 
|  53|0x0000000083500000, 0x0000000083600000, 0x0000000083600000|100%| O|  |TAMS 0x0000000083500000, 0x0000000083500000| Untracked 
|  54|0x0000000083600000, 0x0000000083700000, 0x0000000083700000|100%| O|  |TAMS 0x0000000083600000, 0x0000000083600000| Untracked 
|  55|0x0000000083700000, 0x0000000083800000, 0x0000000083800000|100%| O|  |TAMS 0x0000000083800000, 0x0000000083700000| Untracked 
|  56|0x0000000083800000, 0x0000000083900000, 0x0000000083900000|100%| O|  |TAMS 0x0000000083900000, 0x0000000083800000| Untracked 
|  57|0x0000000083900000, 0x0000000083a00000, 0x0000000083a00000|100%| O|  |TAMS 0x0000000083900000, 0x0000000083900000| Untracked 
|  58|0x0000000083a00000, 0x0000000083b00000, 0x0000000083b00000|100%| O|  |TAMS 0x0000000083a00000, 0x0000000083a00000| Untracked 
|  59|0x0000000083b00000, 0x0000000083c00000, 0x0000000083c00000|100%| O|  |TAMS 0x0000000083b00000, 0x0000000083b00000| Untracked 
|  60|0x0000000083c00000, 0x0000000083d00000, 0x0000000083d00000|100%| O|  |TAMS 0x0000000083c00000, 0x0000000083c00000| Untracked 
|  61|0x0000000083d00000, 0x0000000083e00000, 0x0000000083e00000|100%| O|  |TAMS 0x0000000083d00000, 0x0000000083d00000| Untracked 
|  62|0x0000000083e00000, 0x0000000083f00000, 0x0000000083f00000|100%| O|  |TAMS 0x0000000083e00000, 0x0000000083e00000| Untracked 
|  63|0x0000000083f00000, 0x0000000084000000, 0x0000000084000000|100%| O|  |TAMS 0x0000000083f00000, 0x0000000083f00000| Untracked 
|  64|0x0000000084000000, 0x0000000084100000, 0x0000000084100000|100%| O|  |TAMS 0x0000000084000000, 0x0000000084000000| Untracked 
|  65|0x0000000084100000, 0x0000000084200000, 0x0000000084200000|100%| O|  |TAMS 0x0000000084100000, 0x0000000084100000| Untracked 
|  66|0x0000000084200000, 0x0000000084300000, 0x0000000084300000|100%| O|  |TAMS 0x0000000084200000, 0x0000000084200000| Untracked 
|  67|0x0000000084300000, 0x0000000084400000, 0x0000000084400000|100%| O|  |TAMS 0x0000000084300000, 0x0000000084300000| Untracked 
|  68|0x0000000084400000, 0x0000000084500000, 0x0000000084500000|100%| O|  |TAMS 0x0000000084400000, 0x0000000084400000| Untracked 
|  69|0x0000000084500000, 0x0000000084600000, 0x0000000084600000|100%| O|  |TAMS 0x0000000084500000, 0x0000000084500000| Untracked 
|  70|0x0000000084600000, 0x0000000084700000, 0x0000000084700000|100%| O|  |TAMS 0x0000000084600000, 0x0000000084600000| Untracked 
|  71|0x0000000084700000, 0x0000000084800000, 0x0000000084800000|100%| O|  |TAMS 0x0000000084700000, 0x0000000084700000| Untracked 
|  72|0x0000000084800000, 0x0000000084900000, 0x0000000084900000|100%| O|  |TAMS 0x0000000084800000, 0x0000000084800000| Untracked 
|  73|0x0000000084900000, 0x0000000084a00000, 0x0000000084a00000|100%| O|  |TAMS 0x0000000084900000, 0x0000000084900000| Untracked 
|  74|0x0000000084a00000, 0x0000000084b00000, 0x0000000084b00000|100%| O|  |TAMS 0x0000000084a00000, 0x0000000084a00000| Untracked 
|  75|0x0000000084b00000, 0x0000000084c00000, 0x0000000084c00000|100%| O|  |TAMS 0x0000000084b00000, 0x0000000084b00000| Untracked 
|  76|0x0000000084c00000, 0x0000000084d00000, 0x0000000084d00000|100%| O|  |TAMS 0x0000000084c00000, 0x0000000084c00000| Untracked 
|  77|0x0000000084d00000, 0x0000000084e00000, 0x0000000084e00000|100%| O|  |TAMS 0x0000000084d00000, 0x0000000084d00000| Untracked 
|  78|0x0000000084e00000, 0x0000000084f00000, 0x0000000084f00000|100%| O|  |TAMS 0x0000000084e00000, 0x0000000084e00000| Untracked 
|  79|0x0000000084f00000, 0x0000000085000000, 0x0000000085000000|100%| O|  |TAMS 0x0000000084f00000, 0x0000000084f00000| Untracked 
|  80|0x0000000085000000, 0x0000000085100000, 0x0000000085100000|100%| O|  |TAMS 0x0000000085000000, 0x0000000085000000| Untracked 
|  81|0x0000000085100000, 0x0000000085200000, 0x0000000085200000|100%| O|  |TAMS 0x0000000085100000, 0x0000000085100000| Untracked 
|  82|0x0000000085200000, 0x0000000085300000, 0x0000000085300000|100%| O|  |TAMS 0x0000000085200000, 0x0000000085200000| Untracked 
|  83|0x0000000085300000, 0x0000000085400000, 0x0000000085400000|100%| O|  |TAMS 0x0000000085300000, 0x0000000085300000| Untracked 
|  84|0x0000000085400000, 0x0000000085500000, 0x0000000085500000|100%| O|  |TAMS 0x0000000085400000, 0x0000000085400000| Untracked 
|  85|0x0000000085500000, 0x0000000085600000, 0x0000000085600000|100%| O|  |TAMS 0x0000000085500000, 0x0000000085500000| Untracked 
|  86|0x0000000085600000, 0x0000000085700000, 0x0000000085700000|100%| O|  |TAMS 0x0000000085600000, 0x0000000085600000| Untracked 
|  87|0x0000000085700000, 0x0000000085800000, 0x0000000085800000|100%| O|  |TAMS 0x0000000085700000, 0x0000000085700000| Untracked 
|  88|0x0000000085800000, 0x0000000085900000, 0x0000000085900000|100%| O|  |TAMS 0x0000000085800000, 0x0000000085800000| Untracked 
|  89|0x0000000085900000, 0x0000000085a00000, 0x0000000085a00000|100%| O|  |TAMS 0x0000000085900000, 0x0000000085900000| Untracked 
|  90|0x0000000085a00000, 0x0000000085b00000, 0x0000000085b00000|100%| O|  |TAMS 0x0000000085a00000, 0x0000000085a00000| Untracked 
|  91|0x0000000085b00000, 0x0000000085c00000, 0x0000000085c00000|100%| O|  |TAMS 0x0000000085b00000, 0x0000000085b00000| Untracked 
|  92|0x0000000085c00000, 0x0000000085d00000, 0x0000000085d00000|100%| O|  |TAMS 0x0000000085c00000, 0x0000000085c00000| Untracked 
|  93|0x0000000085d00000, 0x0000000085e00000, 0x0000000085e00000|100%| O|  |TAMS 0x0000000085d00000, 0x0000000085d00000| Untracked 
|  94|0x0000000085e00000, 0x0000000085f00000, 0x0000000085f00000|100%| O|  |TAMS 0x0000000085e00000, 0x0000000085e00000| Untracked 
|  95|0x0000000085f00000, 0x0000000086000000, 0x0000000086000000|100%| O|  |TAMS 0x0000000085f00000, 0x0000000085f00000| Untracked 
|  96|0x0000000086000000, 0x0000000086100000, 0x0000000086100000|100%| O|  |TAMS 0x0000000086000000, 0x0000000086000000| Untracked 
|  97|0x0000000086100000, 0x0000000086200000, 0x0000000086200000|100%| O|  |TAMS 0x0000000086100000, 0x0000000086100000| Untracked 
|  98|0x0000000086200000, 0x0000000086300000, 0x0000000086300000|100%| O|  |TAMS 0x0000000086200000, 0x0000000086200000| Untracked 
|  99|0x0000000086300000, 0x0000000086400000, 0x0000000086400000|100%| O|  |TAMS 0x0000000086300000, 0x0000000086300000| Untracked 
| 100|0x0000000086400000, 0x0000000086500000, 0x0000000086500000|100%| O|  |TAMS 0x0000000086400000, 0x0000000086400000| Untracked 
| 101|0x0000000086500000, 0x0000000086600000, 0x0000000086600000|100%| O|  |TAMS 0x0000000086500000, 0x0000000086500000| Untracked 
| 102|0x0000000086600000, 0x0000000086700000, 0x0000000086700000|100%| O|  |TAMS 0x0000000086600000, 0x0000000086600000| Untracked 
| 103|0x0000000086700000, 0x0000000086800000, 0x0000000086800000|100%| O|  |TAMS 0x0000000086700000, 0x0000000086700000| Untracked 
| 104|0x0000000086800000, 0x0000000086900000, 0x0000000086900000|100%| O|  |TAMS 0x0000000086800000, 0x0000000086800000| Untracked 
| 105|0x0000000086900000, 0x0000000086a00000, 0x0000000086a00000|100%| O|  |TAMS 0x0000000086900000, 0x0000000086900000| Untracked 
| 106|0x0000000086a00000, 0x0000000086a00000, 0x0000000086b00000|  0%| F|  |TAMS 0x0000000086a00000, 0x0000000086a00000| Untracked 
| 107|0x0000000086b00000, 0x0000000086b00000, 0x0000000086c00000|  0%| F|  |TAMS 0x0000000086b00000, 0x0000000086b00000| Untracked 
| 108|0x0000000086c00000, 0x0000000086d00000, 0x0000000086d00000|100%| O|  |TAMS 0x0000000086c00000, 0x0000000086c00000| Untracked 
| 109|0x0000000086d00000, 0x0000000086e00000, 0x0000000086e00000|100%| O|  |TAMS 0x0000000086d00000, 0x0000000086d00000| Untracked 
| 110|0x0000000086e00000, 0x0000000086f00000, 0x0000000086f00000|100%| O|  |TAMS 0x0000000086e00000, 0x0000000086e00000| Untracked 
| 111|0x0000000086f00000, 0x0000000087000000, 0x0000000087000000|100%| O|  |TAMS 0x0000000086f00000, 0x0000000086f00000| Untracked 
| 112|0x0000000087000000, 0x0000000087000000, 0x0000000087100000|  0%| F|  |TAMS 0x0000000087000000, 0x0000000087000000| Untracked 
| 113|0x0000000087100000, 0x0000000087100000, 0x0000000087200000|  0%| F|  |TAMS 0x0000000087100000, 0x0000000087100000| Untracked 
| 114|0x0000000087200000, 0x0000000087200000, 0x0000000087300000|  0%| F|  |TAMS 0x0000000087200000, 0x0000000087200000| Untracked 
| 115|0x0000000087300000, 0x0000000087300000, 0x0000000087400000|  0%| F|  |TAMS 0x0000000087300000, 0x0000000087300000| Untracked 
| 116|0x0000000087400000, 0x0000000087400000, 0x0000000087500000|  0%| F|  |TAMS 0x0000000087400000, 0x0000000087400000| Untracked 
| 117|0x0000000087500000, 0x0000000087500000, 0x0000000087600000|  0%| F|  |TAMS 0x0000000087500000, 0x0000000087500000| Untracked 
| 118|0x0000000087600000, 0x0000000087600000, 0x0000000087700000|  0%| F|  |TAMS 0x0000000087600000, 0x0000000087600000| Untracked 
| 119|0x0000000087700000, 0x0000000087700000, 0x0000000087800000|  0%| F|  |TAMS 0x0000000087700000, 0x0000000087700000| Untracked 
| 120|0x0000000087800000, 0x0000000087800000, 0x0000000087900000|  0%| F|  |TAMS 0x0000000087800000, 0x0000000087800000| Untracked 
| 121|0x0000000087900000, 0x0000000087900000, 0x0000000087a00000|  0%| F|  |TAMS 0x0000000087900000, 0x0000000087900000| Untracked 
| 122|0x0000000087a00000, 0x0000000087a00000, 0x0000000087b00000|  0%| F|  |TAMS 0x0000000087a00000, 0x0000000087a00000| Untracked 
| 123|0x0000000087b00000, 0x0000000087b00000, 0x0000000087c00000|  0%| F|  |TAMS 0x0000000087b00000, 0x0000000087b00000| Untracked 
| 124|0x0000000087c00000, 0x0000000087c00000, 0x0000000087d00000|  0%| F|  |TAMS 0x0000000087c00000, 0x0000000087c00000| Untracked 
| 125|0x0000000087d00000, 0x0000000087d00000, 0x0000000087e00000|  0%| F|  |TAMS 0x0000000087d00000, 0x0000000087d00000| Untracked 
| 126|0x0000000087e00000, 0x0000000087e00000, 0x0000000087f00000|  0%| F|  |TAMS 0x0000000087e00000, 0x0000000087e00000| Untracked 
| 127|0x0000000087f00000, 0x0000000087f00000, 0x0000000088000000|  0%| F|  |TAMS 0x0000000087f00000, 0x0000000087f00000| Untracked 
| 128|0x0000000088000000, 0x0000000088000000, 0x0000000088100000|  0%| F|  |TAMS 0x0000000088000000, 0x0000000088000000| Untracked 
| 129|0x0000000088100000, 0x0000000088100000, 0x0000000088200000|  0%| F|  |TAMS 0x0000000088100000, 0x0000000088100000| Untracked 
| 130|0x0000000088200000, 0x0000000088200000, 0x0000000088300000|  0%| F|  |TAMS 0x0000000088200000, 0x0000000088200000| Untracked 
| 131|0x0000000088300000, 0x0000000088300000, 0x0000000088400000|  0%| F|  |TAMS 0x0000000088300000, 0x0000000088300000| Untracked 
| 132|0x0000000088400000, 0x0000000088400000, 0x0000000088500000|  0%| F|  |TAMS 0x0000000088400000, 0x0000000088400000| Untracked 
| 133|0x0000000088500000, 0x0000000088500000, 0x0000000088600000|  0%| F|  |TAMS 0x0000000088500000, 0x0000000088500000| Untracked 
| 134|0x0000000088600000, 0x0000000088600000, 0x0000000088700000|  0%| F|  |TAMS 0x0000000088600000, 0x0000000088600000| Untracked 
| 135|0x0000000088700000, 0x0000000088700000, 0x0000000088800000|  0%| F|  |TAMS 0x0000000088700000, 0x0000000088700000| Untracked 
| 136|0x0000000088800000, 0x0000000088800000, 0x0000000088900000|  0%| F|  |TAMS 0x0000000088800000, 0x0000000088800000| Untracked 
| 137|0x0000000088900000, 0x0000000088900000, 0x0000000088a00000|  0%| F|  |TAMS 0x0000000088900000, 0x0000000088900000| Untracked 
| 138|0x0000000088a00000, 0x0000000088a00000, 0x0000000088b00000|  0%| F|  |TAMS 0x0000000088a00000, 0x0000000088a00000| Untracked 
| 139|0x0000000088b00000, 0x0000000088b00000, 0x0000000088c00000|  0%| F|  |TAMS 0x0000000088b00000, 0x0000000088b00000| Untracked 
| 140|0x0000000088c00000, 0x0000000088c00000, 0x0000000088d00000|  0%| F|  |TAMS 0x0000000088c00000, 0x0000000088c00000| Untracked 
| 141|0x0000000088d00000, 0x0000000088d00000, 0x0000000088e00000|  0%| F|  |TAMS 0x0000000088d00000, 0x0000000088d00000| Untracked 
| 142|0x0000000088e00000, 0x0000000088e00000, 0x0000000088f00000|  0%| F|  |TAMS 0x0000000088e00000, 0x0000000088e00000| Untracked 
| 143|0x0000000088f00000, 0x0000000088f00000, 0x0000000089000000|  0%| F|  |TAMS 0x0000000088f00000, 0x0000000088f00000| Untracked 
| 144|0x0000000089000000, 0x0000000089100000, 0x0000000089100000|100%| S|CS|TAMS 0x0000000089000000, 0x0000000089000000| Complete 
| 145|0x0000000089100000, 0x0000000089200000, 0x0000000089200000|100%| S|CS|TAMS 0x0000000089100000, 0x0000000089100000| Complete 
| 146|0x0000000089200000, 0x0000000089300000, 0x0000000089300000|100%| S|CS|TAMS 0x0000000089200000, 0x0000000089200000| Complete 
| 147|0x0000000089300000, 0x0000000089400000, 0x0000000089400000|100%| S|CS|TAMS 0x0000000089300000, 0x0000000089300000| Complete 
| 148|0x0000000089400000, 0x0000000089500000, 0x0000000089500000|100%| S|CS|TAMS 0x0000000089400000, 0x0000000089400000| Complete 
| 149|0x0000000089500000, 0x0000000089500000, 0x0000000089600000|  0%| F|  |TAMS 0x0000000089500000, 0x0000000089500000| Untracked 
| 150|0x0000000089600000, 0x0000000089700000, 0x0000000089700000|100%| S|CS|TAMS 0x0000000089600000, 0x0000000089600000| Complete 
| 151|0x0000000089700000, 0x0000000089800000, 0x0000000089800000|100%| S|CS|TAMS 0x0000000089700000, 0x0000000089700000| Complete 
| 152|0x0000000089800000, 0x0000000089900000, 0x0000000089900000|100%| S|CS|TAMS 0x0000000089800000, 0x0000000089800000| Complete 
| 153|0x0000000089900000, 0x0000000089a00000, 0x0000000089a00000|100%| S|CS|TAMS 0x0000000089900000, 0x0000000089900000| Complete 
| 154|0x0000000089a00000, 0x0000000089a00000, 0x0000000089b00000|  0%| F|  |TAMS 0x0000000089a00000, 0x0000000089a00000| Untracked 
| 155|0x0000000089b00000, 0x0000000089b00000, 0x0000000089c00000|  0%| F|  |TAMS 0x0000000089b00000, 0x0000000089b00000| Untracked 
| 156|0x0000000089c00000, 0x0000000089c00000, 0x0000000089d00000|  0%| F|  |TAMS 0x0000000089c00000, 0x0000000089c00000| Untracked 
| 157|0x0000000089d00000, 0x0000000089d00000, 0x0000000089e00000|  0%| F|  |TAMS 0x0000000089d00000, 0x0000000089d00000| Untracked 
| 158|0x0000000089e00000, 0x0000000089e00000, 0x0000000089f00000|  0%| F|  |TAMS 0x0000000089e00000, 0x0000000089e00000| Untracked 
| 159|0x0000000089f00000, 0x0000000089f00000, 0x000000008a000000|  0%| F|  |TAMS 0x0000000089f00000, 0x0000000089f00000| Untracked 
| 160|0x000000008a000000, 0x000000008a000000, 0x000000008a100000|  0%| F|  |TAMS 0x000000008a000000, 0x000000008a000000| Untracked 
| 161|0x000000008a100000, 0x000000008a100000, 0x000000008a200000|  0%| F|  |TAMS 0x000000008a100000, 0x000000008a100000| Untracked 
| 162|0x000000008a200000, 0x000000008a200000, 0x000000008a300000|  0%| F|  |TAMS 0x000000008a200000, 0x000000008a200000| Untracked 
| 163|0x000000008a300000, 0x000000008a300000, 0x000000008a400000|  0%| F|  |TAMS 0x000000008a300000, 0x000000008a300000| Untracked 
| 164|0x000000008a400000, 0x000000008a400000, 0x000000008a500000|  0%| F|  |TAMS 0x000000008a400000, 0x000000008a400000| Untracked 
| 165|0x000000008a500000, 0x000000008a500000, 0x000000008a600000|  0%| F|  |TAMS 0x000000008a500000, 0x000000008a500000| Untracked 
| 166|0x000000008a600000, 0x000000008a600000, 0x000000008a700000|  0%| F|  |TAMS 0x000000008a600000, 0x000000008a600000| Untracked 
| 167|0x000000008a700000, 0x000000008a700000, 0x000000008a800000|  0%| F|  |TAMS 0x000000008a700000, 0x000000008a700000| Untracked 
| 168|0x000000008a800000, 0x000000008a800000, 0x000000008a900000|  0%| F|  |TAMS 0x000000008a800000, 0x000000008a800000| Untracked 
| 169|0x000000008a900000, 0x000000008a900000, 0x000000008aa00000|  0%| F|  |TAMS 0x000000008a900000, 0x000000008a900000| Untracked 
| 170|0x000000008aa00000, 0x000000008aa00000, 0x000000008ab00000|  0%| F|  |TAMS 0x000000008aa00000, 0x000000008aa00000| Untracked 
| 171|0x000000008ab00000, 0x000000008ab00000, 0x000000008ac00000|  0%| F|  |TAMS 0x000000008ab00000, 0x000000008ab00000| Untracked 
| 172|0x000000008ac00000, 0x000000008ac00000, 0x000000008ad00000|  0%| F|  |TAMS 0x000000008ac00000, 0x000000008ac00000| Untracked 
| 173|0x000000008ad00000, 0x000000008ad00000, 0x000000008ae00000|  0%| F|  |TAMS 0x000000008ad00000, 0x000000008ad00000| Untracked 
| 174|0x000000008ae00000, 0x000000008ae00000, 0x000000008af00000|  0%| F|  |TAMS 0x000000008ae00000, 0x000000008ae00000| Untracked 
| 175|0x000000008af00000, 0x000000008af00000, 0x000000008b000000|  0%| F|  |TAMS 0x000000008af00000, 0x000000008af00000| Untracked 
| 176|0x000000008b000000, 0x000000008b000000, 0x000000008b100000|  0%| F|  |TAMS 0x000000008b000000, 0x000000008b000000| Untracked 
| 177|0x000000008b100000, 0x000000008b100000, 0x000000008b200000|  0%| F|  |TAMS 0x000000008b100000, 0x000000008b100000| Untracked 
| 178|0x000000008b200000, 0x000000008b200000, 0x000000008b300000|  0%| F|  |TAMS 0x000000008b200000, 0x000000008b200000| Untracked 
| 179|0x000000008b300000, 0x000000008b300000, 0x000000008b400000|  0%| F|  |TAMS 0x000000008b300000, 0x000000008b300000| Untracked 
| 180|0x000000008b400000, 0x000000008b400000, 0x000000008b500000|  0%| F|  |TAMS 0x000000008b400000, 0x000000008b400000| Untracked 
| 181|0x000000008b500000, 0x000000008b500000, 0x000000008b600000|  0%| F|  |TAMS 0x000000008b500000, 0x000000008b500000| Untracked 
| 182|0x000000008b600000, 0x000000008b600000, 0x000000008b700000|  0%| F|  |TAMS 0x000000008b600000, 0x000000008b600000| Untracked 
| 183|0x000000008b700000, 0x000000008b700000, 0x000000008b800000|  0%| F|  |TAMS 0x000000008b700000, 0x000000008b700000| Untracked 
| 184|0x000000008b800000, 0x000000008b800000, 0x000000008b900000|  0%| F|  |TAMS 0x000000008b800000, 0x000000008b800000| Untracked 
| 185|0x000000008b900000, 0x000000008b900000, 0x000000008ba00000|  0%| F|  |TAMS 0x000000008b900000, 0x000000008b900000| Untracked 
| 186|0x000000008ba00000, 0x000000008ba00000, 0x000000008bb00000|  0%| F|  |TAMS 0x000000008ba00000, 0x000000008ba00000| Untracked 
| 187|0x000000008bb00000, 0x000000008bb00000, 0x000000008bc00000|  0%| F|  |TAMS 0x000000008bb00000, 0x000000008bb00000| Untracked 
| 188|0x000000008bc00000, 0x000000008bc00000, 0x000000008bd00000|  0%| F|  |TAMS 0x000000008bc00000, 0x000000008bc00000| Untracked 
| 189|0x000000008bd00000, 0x000000008bd00000, 0x000000008be00000|  0%| F|  |TAMS 0x000000008bd00000, 0x000000008bd00000| Untracked 
| 190|0x000000008be00000, 0x000000008be00000, 0x000000008bf00000|  0%| F|  |TAMS 0x000000008be00000, 0x000000008be00000| Untracked 
| 191|0x000000008bf00000, 0x000000008bf00000, 0x000000008c000000|  0%| F|  |TAMS 0x000000008bf00000, 0x000000008bf00000| Untracked 
| 192|0x000000008c000000, 0x000000008c000000, 0x000000008c100000|  0%| F|  |TAMS 0x000000008c000000, 0x000000008c000000| Untracked 
| 193|0x000000008c100000, 0x000000008c100000, 0x000000008c200000|  0%| F|  |TAMS 0x000000008c100000, 0x000000008c100000| Untracked 
| 194|0x000000008c200000, 0x000000008c200000, 0x000000008c300000|  0%| F|  |TAMS 0x000000008c200000, 0x000000008c200000| Untracked 
| 195|0x000000008c300000, 0x000000008c300000, 0x000000008c400000|  0%| F|  |TAMS 0x000000008c300000, 0x000000008c300000| Untracked 
| 196|0x000000008c400000, 0x000000008c400000, 0x000000008c500000|  0%| F|  |TAMS 0x000000008c400000, 0x000000008c400000| Untracked 
| 197|0x000000008c500000, 0x000000008c500000, 0x000000008c600000|  0%| F|  |TAMS 0x000000008c500000, 0x000000008c500000| Untracked 
| 198|0x000000008c600000, 0x000000008c600000, 0x000000008c700000|  0%| F|  |TAMS 0x000000008c600000, 0x000000008c600000| Untracked 
| 199|0x000000008c700000, 0x000000008c700000, 0x000000008c800000|  0%| F|  |TAMS 0x000000008c700000, 0x000000008c700000| Untracked 
| 200|0x000000008c800000, 0x000000008c800000, 0x000000008c900000|  0%| F|  |TAMS 0x000000008c800000, 0x000000008c800000| Untracked 
| 201|0x000000008c900000, 0x000000008c900000, 0x000000008ca00000|  0%| F|  |TAMS 0x000000008c900000, 0x000000008c900000| Untracked 
| 202|0x000000008ca00000, 0x000000008ca00000, 0x000000008cb00000|  0%| F|  |TAMS 0x000000008ca00000, 0x000000008ca00000| Untracked 
| 203|0x000000008cb00000, 0x000000008cb00000, 0x000000008cc00000|  0%| F|  |TAMS 0x000000008cb00000, 0x000000008cb00000| Untracked 
| 204|0x000000008cc00000, 0x000000008cc00000, 0x000000008cd00000|  0%| F|  |TAMS 0x000000008cc00000, 0x000000008cc00000| Untracked 
| 205|0x000000008cd00000, 0x000000008cd00000, 0x000000008ce00000|  0%| F|  |TAMS 0x000000008cd00000, 0x000000008cd00000| Untracked 
| 206|0x000000008ce00000, 0x000000008ce00000, 0x000000008cf00000|  0%| F|  |TAMS 0x000000008ce00000, 0x000000008ce00000| Untracked 
| 207|0x000000008cf00000, 0x000000008cf00000, 0x000000008d000000|  0%| F|  |TAMS 0x000000008cf00000, 0x000000008cf00000| Untracked 
| 208|0x000000008d000000, 0x000000008d000000, 0x000000008d100000|  0%| F|  |TAMS 0x000000008d000000, 0x000000008d000000| Untracked 
| 209|0x000000008d100000, 0x000000008d100000, 0x000000008d200000|  0%| F|  |TAMS 0x000000008d100000, 0x000000008d100000| Untracked 
| 210|0x000000008d200000, 0x000000008d200000, 0x000000008d300000|  0%| F|  |TAMS 0x000000008d200000, 0x000000008d200000| Untracked 
| 211|0x000000008d300000, 0x000000008d300000, 0x000000008d400000|  0%| F|  |TAMS 0x000000008d300000, 0x000000008d300000| Untracked 
| 212|0x000000008d400000, 0x000000008d400000, 0x000000008d500000|  0%| F|  |TAMS 0x000000008d400000, 0x000000008d400000| Untracked 
| 213|0x000000008d500000, 0x000000008d500000, 0x000000008d600000|  0%| F|  |TAMS 0x000000008d500000, 0x000000008d500000| Untracked 
| 214|0x000000008d600000, 0x000000008d600000, 0x000000008d700000|  0%| F|  |TAMS 0x000000008d600000, 0x000000008d600000| Untracked 
| 215|0x000000008d700000, 0x000000008d700000, 0x000000008d800000|  0%| F|  |TAMS 0x000000008d700000, 0x000000008d700000| Untracked 
| 216|0x000000008d800000, 0x000000008d800000, 0x000000008d900000|  0%| F|  |TAMS 0x000000008d800000, 0x000000008d800000| Untracked 
| 217|0x000000008d900000, 0x000000008d900000, 0x000000008da00000|  0%| F|  |TAMS 0x000000008d900000, 0x000000008d900000| Untracked 
| 218|0x000000008da00000, 0x000000008da00000, 0x000000008db00000|  0%| F|  |TAMS 0x000000008da00000, 0x000000008da00000| Untracked 
| 219|0x000000008db00000, 0x000000008db00000, 0x000000008dc00000|  0%| F|  |TAMS 0x000000008db00000, 0x000000008db00000| Untracked 
| 220|0x000000008dc00000, 0x000000008dc00000, 0x000000008dd00000|  0%| F|  |TAMS 0x000000008dc00000, 0x000000008dc00000| Untracked 
| 221|0x000000008dd00000, 0x000000008dd00000, 0x000000008de00000|  0%| F|  |TAMS 0x000000008dd00000, 0x000000008dd00000| Untracked 
| 222|0x000000008de00000, 0x000000008de00000, 0x000000008df00000|  0%| F|  |TAMS 0x000000008de00000, 0x000000008de00000| Untracked 
| 223|0x000000008df00000, 0x000000008df00000, 0x000000008e000000|  0%| F|  |TAMS 0x000000008df00000, 0x000000008df00000| Untracked 
| 224|0x000000008e000000, 0x000000008e000000, 0x000000008e100000|  0%| F|  |TAMS 0x000000008e000000, 0x000000008e000000| Untracked 
| 225|0x000000008e100000, 0x000000008e100000, 0x000000008e200000|  0%| F|  |TAMS 0x000000008e100000, 0x000000008e100000| Untracked 
| 226|0x000000008e200000, 0x000000008e200000, 0x000000008e300000|  0%| F|  |TAMS 0x000000008e200000, 0x000000008e200000| Untracked 
| 227|0x000000008e300000, 0x000000008e300000, 0x000000008e400000|  0%| F|  |TAMS 0x000000008e300000, 0x000000008e300000| Untracked 
| 228|0x000000008e400000, 0x000000008e400000, 0x000000008e500000|  0%| F|  |TAMS 0x000000008e400000, 0x000000008e400000| Untracked 
| 229|0x000000008e500000, 0x000000008e500000, 0x000000008e600000|  0%| F|  |TAMS 0x000000008e500000, 0x000000008e500000| Untracked 
| 230|0x000000008e600000, 0x000000008e600000, 0x000000008e700000|  0%| F|  |TAMS 0x000000008e600000, 0x000000008e600000| Untracked 
| 231|0x000000008e700000, 0x000000008e700000, 0x000000008e800000|  0%| F|  |TAMS 0x000000008e700000, 0x000000008e700000| Untracked 
| 232|0x000000008e800000, 0x000000008e800000, 0x000000008e900000|  0%| F|  |TAMS 0x000000008e800000, 0x000000008e800000| Untracked 
| 233|0x000000008e900000, 0x000000008e900000, 0x000000008ea00000|  0%| F|  |TAMS 0x000000008e900000, 0x000000008e900000| Untracked 
| 234|0x000000008ea00000, 0x000000008ea00000, 0x000000008eb00000|  0%| F|  |TAMS 0x000000008ea00000, 0x000000008ea00000| Untracked 
| 235|0x000000008eb00000, 0x000000008eb00000, 0x000000008ec00000|  0%| F|  |TAMS 0x000000008eb00000, 0x000000008eb00000| Untracked 
| 236|0x000000008ec00000, 0x000000008ec00000, 0x000000008ed00000|  0%| F|  |TAMS 0x000000008ec00000, 0x000000008ec00000| Untracked 
| 237|0x000000008ed00000, 0x000000008ed00000, 0x000000008ee00000|  0%| F|  |TAMS 0x000000008ed00000, 0x000000008ed00000| Untracked 
| 238|0x000000008ee00000, 0x000000008ee00000, 0x000000008ef00000|  0%| F|  |TAMS 0x000000008ee00000, 0x000000008ee00000| Untracked 
| 239|0x000000008ef00000, 0x000000008ef00000, 0x000000008f000000|  0%| F|  |TAMS 0x000000008ef00000, 0x000000008ef00000| Untracked 
| 240|0x000000008f000000, 0x000000008f000000, 0x000000008f100000|  0%| F|  |TAMS 0x000000008f000000, 0x000000008f000000| Untracked 
| 241|0x000000008f100000, 0x000000008f100000, 0x000000008f200000|  0%| F|  |TAMS 0x000000008f100000, 0x000000008f100000| Untracked 
| 242|0x000000008f200000, 0x000000008f200000, 0x000000008f300000|  0%| F|  |TAMS 0x000000008f200000, 0x000000008f200000| Untracked 
| 243|0x000000008f300000, 0x000000008f300000, 0x000000008f400000|  0%| F|  |TAMS 0x000000008f300000, 0x000000008f300000| Untracked 
| 244|0x000000008f400000, 0x000000008f400000, 0x000000008f500000|  0%| F|  |TAMS 0x000000008f400000, 0x000000008f400000| Untracked 
| 245|0x000000008f500000, 0x000000008f500000, 0x000000008f600000|  0%| F|  |TAMS 0x000000008f500000, 0x000000008f500000| Untracked 
| 246|0x000000008f600000, 0x000000008f600000, 0x000000008f700000|  0%| F|  |TAMS 0x000000008f600000, 0x000000008f600000| Untracked 
| 247|0x000000008f700000, 0x000000008f700000, 0x000000008f800000|  0%| F|  |TAMS 0x000000008f700000, 0x000000008f700000| Untracked 
| 248|0x000000008f800000, 0x000000008f800000, 0x000000008f900000|  0%| F|  |TAMS 0x000000008f800000, 0x000000008f800000| Untracked 
| 249|0x000000008f900000, 0x000000008f900000, 0x000000008fa00000|  0%| F|  |TAMS 0x000000008f900000, 0x000000008f900000| Untracked 
| 250|0x000000008fa00000, 0x000000008fa00000, 0x000000008fb00000|  0%| F|  |TAMS 0x000000008fa00000, 0x000000008fa00000| Untracked 
| 251|0x000000008fb00000, 0x000000008fb00000, 0x000000008fc00000|  0%| F|  |TAMS 0x000000008fb00000, 0x000000008fb00000| Untracked 
| 252|0x000000008fc00000, 0x000000008fc00000, 0x000000008fd00000|  0%| F|  |TAMS 0x000000008fc00000, 0x000000008fc00000| Untracked 
| 253|0x000000008fd00000, 0x000000008fd00000, 0x000000008fe00000|  0%| F|  |TAMS 0x000000008fd00000, 0x000000008fd00000| Untracked 

Card table byte_map: [0x0000024478070000,0x0000024478470000] _byte_map_base: 0x0000024477c70000

Marking Bits (Prev, Next): (CMBitMap*) 0x0000024465810cd0, (CMBitMap*) 0x0000024465810d10
 Prev Bits: [0x0000024478870000, 0x000002447a870000)
 Next Bits: [0x000002447a870000, 0x000002447c870000)

Polling page: 0x0000024463730000

Metaspace:

Usage:
  Non-class:     77.46 MB used.
      Class:     12.03 MB used.
       Both:     89.48 MB used.

Virtual space:
  Non-class space:       80.00 MB reserved,      77.81 MB ( 97%) committed,  10 nodes.
      Class space:        1.00 GB reserved,      12.38 MB (  1%) committed,  1 nodes.
             Both:        1.08 GB reserved,      90.19 MB (  8%) committed. 

Chunk freelists:
   Non-Class:  1.83 MB
       Class:  3.64 MB
        Both:  5.47 MB

MaxMetaspaceSize: unlimited
CompressedClassSpaceSize: 1.00 GB
Initial GC threshold: 21.00 MB
Current GC threshold: 111.81 MB
CDS: off
MetaspaceReclaimPolicy: balanced
 - commit_granule_bytes: 65536.
 - commit_granule_words: 8192.
 - virtual_space_node_default_size: 1048576.
 - enlarge_chunks_in_place: 1.
 - new_chunks_are_fully_committed: 0.
 - uncommit_free_chunks: 1.
 - use_allocation_guard: 0.
 - handle_deallocations: 1.


Internal statistics:

num_allocs_failed_limit: 6.
num_arena_births: 968.
num_arena_deaths: 0.
num_vsnodes_births: 11.
num_vsnodes_deaths: 0.
num_space_committed: 1442.
num_space_uncommitted: 0.
num_chunks_returned_to_freelist: 6.
num_chunks_taken_from_freelist: 4409.
num_chunk_merges: 6.
num_chunk_splits: 2812.
num_chunks_enlarged: 1788.
num_purges: 0.
num_inconsistent_stats: 0.

CodeHeap 'non-profiled nmethods': size=120000Kb used=6776Kb max_used=6776Kb free=113223Kb
 bounds [0x0000024470740000, 0x0000024470de0000, 0x0000024477c70000]
CodeHeap 'profiled nmethods': size=120000Kb used=20125Kb max_used=20125Kb free=99874Kb
 bounds [0x0000024468c70000, 0x000002446a020000, 0x00000244701a0000]
CodeHeap 'non-nmethods': size=5760Kb used=2372Kb max_used=2474Kb free=3388Kb
 bounds [0x00000244701a0000, 0x0000024470430000, 0x0000024470740000]
 total_blobs=11426 nmethods=10526 adapters=812
 compilation: enabled
              stopped_count=0, restarted_count=0
 full_count=0

Compilation events (20 events):
Event: 16.928 Thread 0x000002447f8a8a40 12164       3       com.google.gson.stream.JsonWriter::string (169 bytes)
Event: 16.929 Thread 0x0000024403dc6be0 12165       4       java.lang.String::valueOf (15 bytes)
Event: 16.929 Thread 0x000002447f8a8a40 nmethod 12164 0x000002446a015690 code [0x000002446a015920, 0x000002446a016808]
Event: 16.929 Thread 0x000002447f8a8a40 12163       3       java.io.StringWriter::write (11 bytes)
Event: 16.930 Thread 0x000002447f8a8a40 nmethod 12163 0x000002446a016e10 code [0x000002446a016fc0, 0x000002446a017268]
Event: 16.930 Thread 0x000002447f8a8a40 12166       3       com.google.gson.stream.JsonWriter::peek (29 bytes)
Event: 16.930 Thread 0x0000024403dc6be0 nmethod 12165 0x0000024470dddf10 code [0x0000024470dde080, 0x0000024470dde118]
Event: 16.930 Thread 0x000002447f8a8a40 nmethod 12166 0x000002446a017390 code [0x000002446a017540, 0x000002446a017768]
Event: 16.930 Thread 0x000002447f8a8a40 12169  s    3       java.lang.StringBuffer::append (15 bytes)
Event: 16.930 Thread 0x000002447f8a8a40 nmethod 12169 0x000002446a017890 code [0x000002446a017a40, 0x000002446a017c68]
Event: 16.930 Thread 0x000002447f8a8a40 12167       3       java.io.StringWriter::write (14 bytes)
Event: 16.930 Thread 0x000002447f8a8a40 nmethod 12167 0x000002446a017d10 code [0x000002446a017ec0, 0x000002446a018188]
Event: 16.930 Thread 0x000002447f8a8a40 12168       3       com.google.gson.stream.JsonWriter::writeDeferredName (25 bytes)
Event: 16.930 Thread 0x000002447f8a8a40 nmethod 12168 0x000002446a018310 code [0x000002446a0184c0, 0x000002446a0186b8]
Event: 16.930 Thread 0x000002447f8a8a40 12170       3       com.google.gson.stream.JsonWriter::newline (47 bytes)
Event: 16.930 Thread 0x000002447f8a8a40 nmethod 12170 0x000002446a018790 code [0x000002446a018960, 0x000002446a018d38]
Event: 16.930 Thread 0x000002447f8a8a40 12172       3       com.google.gson.stream.JsonWriter::replaceTop (13 bytes)
Event: 16.931 Thread 0x000002447f8a8a40 nmethod 12172 0x000002446a018e90 code [0x000002446a019020, 0x000002446a019158]
Event: 16.931 Thread 0x000002447f8a8a40 12171       3       com.google.gson.stream.JsonWriter::beforeValue (135 bytes)
Event: 16.931 Thread 0x000002447f8a8a40 nmethod 12171 0x000002446a019210 code [0x000002446a019480, 0x000002446a019de8]

GC Heap History (20 events):
Event: 9.077 GC heap after
{Heap after GC invocations=29 (full 0):
 garbage-first heap   total 119808K, used 59672K [0x0000000080000000, 0x0000000100000000)
  region size 1024K, 5 young (5120K), 5 survivors (5120K)
 Metaspace       used 68423K, committed 68992K, reserved 1114112K
  class space    used 9009K, committed 9280K, reserved 1048576K
}
Event: 9.081 GC heap before
{Heap before GC invocations=29 (full 0):
 garbage-first heap   total 119808K, used 60696K [0x0000000080000000, 0x0000000100000000)
  region size 1024K, 6 young (6144K), 5 survivors (5120K)
 Metaspace       used 68423K, committed 68992K, reserved 1114112K
  class space    used 9009K, committed 9280K, reserved 1048576K
}
Event: 9.087 GC heap after
{Heap after GC invocations=30 (full 0):
 garbage-first heap   total 222208K, used 59832K [0x0000000080000000, 0x0000000100000000)
  region size 1024K, 1 young (1024K), 1 survivors (1024K)
 Metaspace       used 68423K, committed 68992K, reserved 1114112K
  class space    used 9009K, committed 9280K, reserved 1048576K
}
Event: 10.280 GC heap before
{Heap before GC invocations=30 (full 0):
 garbage-first heap   total 222208K, used 153016K [0x0000000080000000, 0x0000000100000000)
  region size 1024K, 91 young (93184K), 1 survivors (1024K)
 Metaspace       used 76346K, committed 76928K, reserved 1122304K
  class space    used 10287K, committed 10560K, reserved 1048576K
}
Event: 10.287 GC heap after
{Heap after GC invocations=31 (full 0):
 garbage-first heap   total 222208K, used 65662K [0x0000000080000000, 0x0000000100000000)
  region size 1024K, 7 young (7168K), 7 survivors (7168K)
 Metaspace       used 76346K, committed 76928K, reserved 1122304K
  class space    used 10287K, committed 10560K, reserved 1048576K
}
Event: 11.486 GC heap before
{Heap before GC invocations=31 (full 0):
 garbage-first heap   total 222208K, used 163966K [0x0000000080000000, 0x0000000100000000)
  region size 1024K, 103 young (105472K), 7 survivors (7168K)
 Metaspace       used 84205K, committed 84864K, reserved 1130496K
  class space    used 11434K, committed 11712K, reserved 1048576K
}
Event: 11.498 GC heap after
{Heap after GC invocations=32 (full 0):
 garbage-first heap   total 222208K, used 73125K [0x0000000080000000, 0x0000000100000000)
  region size 1024K, 13 young (13312K), 13 survivors (13312K)
 Metaspace       used 84205K, committed 84864K, reserved 1130496K
  class space    used 11434K, committed 11712K, reserved 1048576K
}
Event: 13.014 GC heap before
{Heap before GC invocations=32 (full 0):
 garbage-first heap   total 222208K, used 171429K [0x0000000080000000, 0x0000000100000000)
  region size 1024K, 109 young (111616K), 13 survivors (13312K)
 Metaspace       used 89021K, committed 89728K, reserved 1130496K
  class space    used 12068K, committed 12416K, reserved 1048576K
}
Event: 13.037 GC heap after
{Heap after GC invocations=33 (full 0):
 garbage-first heap   total 222208K, used 86474K [0x0000000080000000, 0x0000000100000000)
  region size 1024K, 14 young (14336K), 14 survivors (14336K)
 Metaspace       used 89021K, committed 89728K, reserved 1130496K
  class space    used 12068K, committed 12416K, reserved 1048576K
}
Event: 14.184 GC heap before
{Heap before GC invocations=33 (full 0):
 garbage-first heap   total 222208K, used 170442K [0x0000000080000000, 0x0000000100000000)
  region size 1024K, 96 young (98304K), 14 survivors (14336K)
 Metaspace       used 90012K, committed 90752K, reserved 1130496K
  class space    used 12131K, committed 12480K, reserved 1048576K
}
Event: 14.202 GC heap after
{Heap after GC invocations=34 (full 0):
 garbage-first heap   total 222208K, used 94668K [0x0000000080000000, 0x0000000100000000)
  region size 1024K, 7 young (7168K), 7 survivors (7168K)
 Metaspace       used 90012K, committed 90752K, reserved 1130496K
  class space    used 12131K, committed 12480K, reserved 1048576K
}
Event: 14.897 GC heap before
{Heap before GC invocations=34 (full 0):
 garbage-first heap   total 222208K, used 174540K [0x0000000080000000, 0x0000000100000000)
  region size 1024K, 85 young (87040K), 7 survivors (7168K)
 Metaspace       used 90430K, committed 91136K, reserved 1130496K
  class space    used 12181K, committed 12480K, reserved 1048576K
}
Event: 14.908 GC heap after
{Heap after GC invocations=35 (full 0):
 garbage-first heap   total 222208K, used 102726K [0x0000000080000000, 0x0000000100000000)
  region size 1024K, 7 young (7168K), 7 survivors (7168K)
 Metaspace       used 90430K, committed 91136K, reserved 1130496K
  class space    used 12181K, committed 12480K, reserved 1048576K
}
Event: 15.441 GC heap before
{Heap before GC invocations=35 (full 0):
 garbage-first heap   total 222208K, used 176454K [0x0000000080000000, 0x0000000100000000)
  region size 1024K, 80 young (81920K), 7 survivors (7168K)
 Metaspace       used 90724K, committed 91392K, reserved 1130496K
  class space    used 12203K, committed 12480K, reserved 1048576K
}
Event: 15.452 GC heap after
{Heap after GC invocations=36 (full 0):
 garbage-first heap   total 222208K, used 108920K [0x0000000080000000, 0x0000000100000000)
  region size 1024K, 7 young (7168K), 7 survivors (7168K)
 Metaspace       used 90724K, committed 91392K, reserved 1130496K
  class space    used 12203K, committed 12480K, reserved 1048576K
}
Event: 15.913 GC heap before
{Heap before GC invocations=36 (full 0):
 garbage-first heap   total 222208K, used 177528K [0x0000000080000000, 0x0000000100000000)
  region size 1024K, 75 young (76800K), 7 survivors (7168K)
 Metaspace       used 90825K, committed 91584K, reserved 1130496K
  class space    used 12209K, committed 12544K, reserved 1048576K
}
Event: 15.925 GC heap after
{Heap after GC invocations=37 (full 0):
 garbage-first heap   total 222208K, used 112961K [0x0000000080000000, 0x0000000100000000)
  region size 1024K, 5 young (5120K), 5 survivors (5120K)
 Metaspace       used 90825K, committed 91584K, reserved 1130496K
  class space    used 12209K, committed 12544K, reserved 1048576K
}
Event: 16.361 GC heap before
{Heap before GC invocations=37 (full 0):
 garbage-first heap   total 222208K, used 181569K [0x0000000080000000, 0x0000000100000000)
  region size 1024K, 72 young (73728K), 5 survivors (5120K)
 Metaspace       used 90879K, committed 91648K, reserved 1130496K
  class space    used 12213K, committed 12544K, reserved 1048576K
}
Event: 16.371 GC heap after
{Heap after GC invocations=38 (full 0):
 garbage-first heap   total 222208K, used 118669K [0x0000000080000000, 0x0000000100000000)
  region size 1024K, 9 young (9216K), 9 survivors (9216K)
 Metaspace       used 90879K, committed 91648K, reserved 1130496K
  class space    used 12213K, committed 12544K, reserved 1048576K
}
Event: 16.935 GC heap before
{Heap before GC invocations=38 (full 0):
 garbage-first heap   total 222208K, used 183181K [0x0000000080000000, 0x0000000100000000)
  region size 1024K, 72 young (73728K), 9 survivors (9216K)
 Metaspace       used 91632K, committed 92352K, reserved 1130496K
  class space    used 12313K, committed 12672K, reserved 1048576K
}

Dll operation events (2 events):
Event: 0.009 Loaded shared library C:\Program Files\Android\Android Studio2\jbr\bin\java.dll
Event: 0.609 Loaded shared library C:\Program Files\Android\Android Studio2\jbr\bin\verify.dll

Deoptimization events (20 events):
Event: 16.926 Thread 0x0000024402aa05f0 Uncommon trap: trap_request=0xffffff45 fr.pc=0x00000244707aa69c relative=0x000000000000141c
Event: 16.926 Thread 0x0000024402aa05f0 Uncommon trap: reason=unstable_if action=reinterpret pc=0x00000244707aa69c method=java.util.zip.ZipFile$Source.getEntryPos(Ljava/lang/String;Z)I @ 104 c2
Event: 16.926 Thread 0x0000024402aa05f0 DEOPT PACKING pc=0x00000244707aa69c sp=0x000000e1b48fa570
Event: 16.926 Thread 0x0000024402aa05f0 DEOPT UNPACKING pc=0x00000244701f69a3 sp=0x000000e1b48fa3b8 mode 2
Event: 16.926 Thread 0x0000024402aa05f0 Uncommon trap: trap_request=0xffffff45 fr.pc=0x0000024470883734 relative=0x0000000000000f54
Event: 16.926 Thread 0x0000024402aa05f0 Uncommon trap: reason=unstable_if action=reinterpret pc=0x0000024470883734 method=java.util.zip.ZipCoder$UTF8ZipCoder.hasTrailingSlash([BI)Z @ 11 c2
Event: 16.926 Thread 0x0000024402aa05f0 DEOPT PACKING pc=0x0000024470883734 sp=0x000000e1b48fa3e0
Event: 16.926 Thread 0x0000024402aa05f0 DEOPT UNPACKING pc=0x00000244701f69a3 sp=0x000000e1b48fa340 mode 2
Event: 16.926 Thread 0x0000024402aa05f0 Uncommon trap: trap_request=0xffffff45 fr.pc=0x00000244707a7908 relative=0x00000000000013a8
Event: 16.926 Thread 0x0000024402aa05f0 Uncommon trap: reason=unstable_if action=reinterpret pc=0x00000244707a7908 method=java.util.zip.ZipFile$Source.getEntryPos(Ljava/lang/String;Z)I @ 104 c2
Event: 16.926 Thread 0x0000024402aa05f0 DEOPT PACKING pc=0x00000244707a7908 sp=0x000000e1b48fa4a0
Event: 16.926 Thread 0x0000024402aa05f0 DEOPT UNPACKING pc=0x00000244701f69a3 sp=0x000000e1b48fa3d0 mode 2
Event: 16.926 Thread 0x0000024402aa05f0 Uncommon trap: trap_request=0xffffff45 fr.pc=0x000002447095a594 relative=0x0000000000000094
Event: 16.926 Thread 0x0000024402aa05f0 Uncommon trap: reason=unstable_if action=reinterpret pc=0x000002447095a594 method=java.util.zip.ZipCoder$UTF8ZipCoder.hasTrailingSlash([BI)Z @ 11 c2
Event: 16.926 Thread 0x0000024402aa05f0 DEOPT PACKING pc=0x000002447095a594 sp=0x000000e1b48fa3c0
Event: 16.926 Thread 0x0000024402aa05f0 DEOPT UNPACKING pc=0x00000244701f69a3 sp=0x000000e1b48fa358 mode 2
Event: 16.926 Thread 0x0000024402aa05f0 Uncommon trap: trap_request=0xffffff45 fr.pc=0x00000244707aed90 relative=0x0000000000000830
Event: 16.926 Thread 0x0000024402aa05f0 Uncommon trap: reason=unstable_if action=reinterpret pc=0x00000244707aed90 method=java.util.zip.ZipFile$Source.getEntryPos(Ljava/lang/String;Z)I @ 104 c2
Event: 16.926 Thread 0x0000024402aa05f0 DEOPT PACKING pc=0x00000244707aed90 sp=0x000000e1b48fa420
Event: 16.926 Thread 0x0000024402aa05f0 DEOPT UNPACKING pc=0x00000244701f69a3 sp=0x000000e1b48fa3c0 mode 2

Classes unloaded (0 events):
No events

Classes redefined (0 events):
No events

Internal exceptions (20 events):
Event: 12.813 Thread 0x0000024405566f10 Implicit null exception at 0x0000024470c49908 to 0x0000024470c49a94
Event: 12.912 Thread 0x0000024405506ed0 Implicit null exception at 0x0000024470c56f60 to 0x0000024470c56fec
Event: 13.912 Thread 0x00000244086f3da0 Exception <a 'java/lang/ClassNotFoundException'{0x000000008d5c9710}: com/google/firebase/crashlytics/buildtools/mappingfiles/MappingFileIdReaderBeanInfo> (0x000000008d5c9710) 
thrown [s\src\hotspot\share\classfile\systemDictionary.cpp, line 256]
Event: 13.913 Thread 0x00000244086f3da0 Exception <a 'java/lang/ClassNotFoundException'{0x000000008d5cfef0}: com/google/firebase/crashlytics/buildtools/mappingfiles/MappingFileIdReaderCustomizer> (0x000000008d5cfef0) 
thrown [s\src\hotspot\share\classfile\systemDictionary.cpp, line 256]
Event: 13.917 Thread 0x00000244086f3da0 Exception <a 'java/lang/ClassNotFoundException'{0x0000000089d22008}: com/google/firebase/crashlytics/buildtools/mappingfiles/MappingFileIdReader$FileIdReaderBeanInfo> (0x0000000089d22008) 
thrown [s\src\hotspot\share\classfile\systemDictionary.cpp, line 256]
Event: 13.917 Thread 0x00000244086f3da0 Exception <a 'java/lang/ClassNotFoundException'{0x0000000089d289a0}: com/google/firebase/crashlytics/buildtools/mappingfiles/MappingFileIdReader$FileIdReaderCustomizer> (0x0000000089d289a0) 
thrown [s\src\hotspot\share\classfile\systemDictionary.cpp, line 256]
Event: 14.785 Thread 0x00000244086f3da0 Exception <a 'java/lang/NoSuchMethodError'{0x0000000089922340}: static Lcom/android/build/gradle/internal/scope/InternalArtifactType;.<clinit>()V> (0x0000000089922340) 
thrown [s\src\hotspot\share\prims\jni.cpp, line 1108]
Event: 14.785 Thread 0x00000244086f3da0 Exception <a 'java/lang/NoSuchMethodError'{0x0000000089923a98}: static Lcom/android/build/gradle/internal/scope/InternalArtifactType;.<clinit>()V> (0x0000000089923a98) 
thrown [s\src\hotspot\share\prims\jni.cpp, line 1108]
Event: 14.785 Thread 0x00000244086f3da0 Exception <a 'java/lang/NoSuchMethodError'{0x0000000089926c28}: static Lcom/android/build/api/artifact/Artifact$Single;.<clinit>()V> (0x0000000089926c28) 
thrown [s\src\hotspot\share\prims\jni.cpp, line 1108]
Event: 14.785 Thread 0x00000244086f3da0 Exception <a 'java/lang/NoSuchMethodError'{0x0000000089929428}: static Ljava/lang/Object;.<clinit>()V> (0x0000000089929428) 
thrown [s\src\hotspot\share\prims\jni.cpp, line 1108]
Event: 14.786 Thread 0x00000244086f3da0 Exception <a 'java/lang/NoSuchMethodError'{0x000000008993f5e0}: static Lcom/android/build/api/artifact/ArtifactKind;.<clinit>()V> (0x000000008993f5e0) 
thrown [s\src\hotspot\share\prims\jni.cpp, line 1108]
Event: 14.786 Thread 0x00000244086f3da0 Exception <a 'java/lang/NoSuchMethodError'{0x00000000899407a0}: static Lcom/android/build/api/artifact/ArtifactKind;.<clinit>()V> (0x00000000899407a0) 
thrown [s\src\hotspot\share\prims\jni.cpp, line 1108]
Event: 15.229 Thread 0x00000244086f68f0 Exception <a 'java/lang/NoSuchMethodError'{0x000000008afd72b8}: 'int java.lang.invoke.DirectMethodHandle$Holder.invokeSpecial(java.lang.Object, java.lang.Object, java.lang.Object, java.lang.Object, java.lang.Object)'> (0x000000008afd72b8) 
thrown [s\src\hotspot\share\interpreter\linkResolver.cpp, line 771]
Event: 15.480 Thread 0x00000244086f68f0 Exception <a 'java/lang/NoSuchMethodError'{0x000000008d4461c0}: static Ljava/lang/Object;.<clinit>()V> (0x000000008d4461c0) 
thrown [s\src\hotspot\share\prims\jni.cpp, line 1108]
Event: 15.612 Thread 0x00000244086f68f0 Exception <a 'sun/nio/fs/WindowsException'{0x000000008bd13b38}> (0x000000008bd13b38) 
thrown [s\src\hotspot\share\prims\jni.cpp, line 517]
Event: 15.718 Thread 0x00000244086f68f0 Exception <a 'sun/nio/fs/WindowsException'{0x000000008afd58a8}> (0x000000008afd58a8) 
thrown [s\src\hotspot\share\prims\jni.cpp, line 517]
Event: 16.780 Thread 0x00000244086f3da0 Exception <a 'java/lang/NoSuchMethodError'{0x0000000089e33c00}: static Ljava/lang/Object;.<clinit>()V> (0x0000000089e33c00) 
thrown [s\src\hotspot\share\prims\jni.cpp, line 1108]
Event: 16.884 Thread 0x0000024402aa05f0 Exception <a 'sun/nio/fs/WindowsException'{0x0000000089b22a10}> (0x0000000089b22a10) 
thrown [s\src\hotspot\share\prims\jni.cpp, line 517]
Event: 16.884 Thread 0x0000024402aa05f0 Exception <a 'sun/nio/fs/WindowsException'{0x0000000089b22e10}> (0x0000000089b22e10) 
thrown [s\src\hotspot\share\prims\jni.cpp, line 517]
Event: 16.884 Thread 0x0000024402aa05f0 Exception <a 'sun/nio/fs/WindowsException'{0x0000000089b24d30}> (0x0000000089b24d30) 
thrown [s\src\hotspot\share\prims\jni.cpp, line 517]

VM Operations (20 events):
Event: 15.128 Executing VM operation: ICBufferFull done
Event: 15.184 Executing VM operation: HandshakeAllThreads
Event: 15.184 Executing VM operation: HandshakeAllThreads done
Event: 15.232 Executing VM operation: HandshakeAllThreads
Event: 15.232 Executing VM operation: HandshakeAllThreads done
Event: 15.441 Executing VM operation: G1CollectForAllocation
Event: 15.452 Executing VM operation: G1CollectForAllocation done
Event: 15.813 Executing VM operation: ICBufferFull
Event: 15.814 Executing VM operation: ICBufferFull done
Event: 15.913 Executing VM operation: G1CollectForAllocation
Event: 15.925 Executing VM operation: G1CollectForAllocation done
Event: 16.361 Executing VM operation: G1CollectForAllocation
Event: 16.371 Executing VM operation: G1CollectForAllocation done
Event: 16.770 Executing VM operation: HandshakeAllThreads
Event: 16.781 Executing VM operation: HandshakeAllThreads done
Event: 16.860 Executing VM operation: ICBufferFull
Event: 16.860 Executing VM operation: ICBufferFull done
Event: 16.878 Executing VM operation: HandshakeAllThreads
Event: 16.878 Executing VM operation: HandshakeAllThreads done
Event: 16.935 Executing VM operation: G1CollectForAllocation

Events (20 events):
Event: 16.903 loading class com/sun/jmx/mbeanserver/StandardMBeanIntrospector done
Event: 16.933 loading class java/time/temporal/TemporalQueries
Event: 16.933 loading class java/time/temporal/TemporalQueries done
Event: 16.933 loading class java/time/temporal/TemporalQueries$1
Event: 16.933 loading class java/time/temporal/TemporalQueries$1 done
Event: 16.933 loading class java/time/temporal/TemporalQueries$2
Event: 16.933 loading class java/time/temporal/TemporalQueries$2 done
Event: 16.933 loading class java/time/temporal/TemporalQueries$3
Event: 16.933 loading class java/time/temporal/TemporalQueries$3 done
Event: 16.933 loading class java/time/temporal/TemporalQueries$4
Event: 16.933 loading class java/time/temporal/TemporalQueries$4 done
Event: 16.933 loading class java/time/temporal/TemporalQueries$5
Event: 16.933 loading class java/time/temporal/TemporalQueries$5 done
Event: 16.934 loading class java/time/temporal/TemporalQueries$6
Event: 16.934 loading class java/time/temporal/TemporalQueries$6 done
Event: 16.934 loading class java/time/temporal/TemporalQueries$7
Event: 16.934 loading class java/time/temporal/TemporalQueries$7 done
Event: 16.934 loading class java/time/LocalDate$1
Event: 16.934 loading class java/time/LocalDate$1 done
Event: 16.935 Thread 0x00000244086f2590 Thread added: 0x00000244086f2590


Dynamic libraries:
0x00007ff731f80000 - 0x00007ff731f8a000 	C:\Program Files\Android\Android Studio2\jbr\bin\java.exe
0x00007ffb93730000 - 0x00007ffb93928000 	C:\WINDOWS\SYSTEM32\ntdll.dll
0x00007ffb92820000 - 0x00007ffb928dd000 	C:\WINDOWS\System32\KERNEL32.DLL
0x00007ffb91100000 - 0x00007ffb913f6000 	C:\WINDOWS\System32\KERNELBASE.dll
0x000000006fe50000 - 0x000000006feff000 	C:\ProgramData\Symantec\Symantec Endpoint Protection\14.3.5413.3000.105\Data\Sysfer\x64\sysfer.dll
0x00007ffb914a0000 - 0x00007ffb915a0000 	C:\WINDOWS\System32\ucrtbase.dll
0x00007ffb44b80000 - 0x00007ffb44b97000 	C:\Program Files\Android\Android Studio2\jbr\bin\jli.dll
0x00007ffb8bda0000 - 0x00007ffb8bdbb000 	C:\Program Files\Android\Android Studio2\jbr\bin\VCRUNTIME140.dll
0x00007ffb93430000 - 0x00007ffb935ce000 	C:\WINDOWS\System32\USER32.dll
0x00007ffb844d0000 - 0x00007ffb8476a000 	C:\WINDOWS\WinSxS\amd64_microsoft.windows.common-controls_6595b64144ccf1df_6.0.19041.3636_none_60b6a03d71f818d5\COMCTL32.dll
0x00007ffb91750000 - 0x00007ffb91772000 	C:\WINDOWS\System32\win32u.dll
0x00007ffb928e0000 - 0x00007ffb9297e000 	C:\WINDOWS\System32\msvcrt.dll
0x00007ffb91920000 - 0x00007ffb9194c000 	C:\WINDOWS\System32\GDI32.dll
0x00007ffb91630000 - 0x00007ffb9174a000 	C:\WINDOWS\System32\gdi32full.dll
0x00007ffb91400000 - 0x00007ffb9149d000 	C:\WINDOWS\System32\msvcp_win.dll
0x00007ffb91dc0000 - 0x00007ffb91df0000 	C:\WINDOWS\System32\IMM32.DLL
0x00007ffb88ab0000 - 0x00007ffb88abc000 	C:\Program Files\Android\Android Studio2\jbr\bin\vcruntime140_1.dll
0x00007ffb80830000 - 0x00007ffb808bd000 	C:\Program Files\Android\Android Studio2\jbr\bin\msvcp140.dll
0x00007ffb09210000 - 0x00007ffb09e7e000 	C:\Program Files\Android\Android Studio2\jbr\bin\server\jvm.dll
0x00007ffb91780000 - 0x00007ffb91833000 	C:\WINDOWS\System32\ADVAPI32.dll
0x00007ffb92780000 - 0x00007ffb9281f000 	C:\WINDOWS\System32\sechost.dll
0x00007ffb92c70000 - 0x00007ffb92d96000 	C:\WINDOWS\System32\RPCRT4.dll
0x00007ffb910d0000 - 0x00007ffb910f7000 	C:\WINDOWS\System32\bcrypt.dll
0x00007ffb840f0000 - 0x00007ffb840f9000 	C:\WINDOWS\SYSTEM32\WSOCK32.dll
0x00007ffb92630000 - 0x00007ffb9269b000 	C:\WINDOWS\System32\WS2_32.dll
0x00007ffb82c30000 - 0x00007ffb82c57000 	C:\WINDOWS\SYSTEM32\WINMM.dll
0x00007ffb87bd0000 - 0x00007ffb87bda000 	C:\WINDOWS\SYSTEM32\VERSION.dll
0x00007ffb8f650000 - 0x00007ffb8f662000 	C:\WINDOWS\SYSTEM32\kernel.appcore.dll
0x00007ffb80f30000 - 0x00007ffb80f3a000 	C:\Program Files\Android\Android Studio2\jbr\bin\jimage.dll
0x00007ffb872b0000 - 0x00007ffb87494000 	C:\WINDOWS\SYSTEM32\DBGHELP.DLL
0x00007ffb87240000 - 0x00007ffb87274000 	C:\WINDOWS\SYSTEM32\dbgcore.DLL
0x00007ffb915a0000 - 0x00007ffb91622000 	C:\WINDOWS\System32\bcryptPrimitives.dll
0x00007ffb468e0000 - 0x00007ffb46905000 	C:\Program Files\Android\Android Studio2\jbr\bin\java.dll
0x00007ffb465f0000 - 0x00007ffb46608000 	C:\Program Files\Android\Android Studio2\jbr\bin\zip.dll
0x00007ffb91df0000 - 0x00007ffb92535000 	C:\WINDOWS\System32\SHELL32.dll
0x00007ffb8ed00000 - 0x00007ffb8f49b000 	C:\WINDOWS\SYSTEM32\windows.storage.dll
0x00007ffb92ed0000 - 0x00007ffb93224000 	C:\WINDOWS\System32\combase.dll
0x00007ffb90680000 - 0x00007ffb906ad000 	C:\WINDOWS\SYSTEM32\Wldp.dll
0x00007ffb92bc0000 - 0x00007ffb92c6d000 	C:\WINDOWS\System32\SHCORE.dll
0x00007ffb918c0000 - 0x00007ffb91915000 	C:\WINDOWS\System32\shlwapi.dll
0x00007ffb90d30000 - 0x00007ffb90d55000 	C:\WINDOWS\SYSTEM32\profapi.dll
0x00007ffb44c60000 - 0x00007ffb44c79000 	C:\Program Files\Android\Android Studio2\jbr\bin\net.dll
0x00007ffb88fb0000 - 0x00007ffb890ba000 	C:\WINDOWS\SYSTEM32\WINHTTP.dll
0x00007ffb90460000 - 0x00007ffb904ca000 	C:\WINDOWS\system32\mswsock.dll
0x00007ffb44c40000 - 0x00007ffb44c56000 	C:\Program Files\Android\Android Studio2\jbr\bin\nio.dll
0x00007ffb7efc0000 - 0x00007ffb7efd0000 	C:\Program Files\Android\Android Studio2\jbr\bin\verify.dll
0x00007ffb0a630000 - 0x00007ffb0a657000 	C:\Users\ADIT-PC\.gradle\native\68d5fa5c4cc2d200863cafc0d521ce42e7d3e7ee720ec0a83991735586a16f82\windows-amd64\native-platform.dll
0x00007ffb806e0000 - 0x00007ffb80824000 	C:\Users\ADIT-PC\.gradle\native\e376f236ea51e6404a007f0833ffe2c6e607c4080706a723a18a27aeea778392\windows-amd64\native-platform-file-events.dll
0x00007ffb6ca40000 - 0x00007ffb6ca49000 	C:\Program Files\Android\Android Studio2\jbr\bin\management.dll
0x00007ffb6c3f0000 - 0x00007ffb6c3fb000 	C:\Program Files\Android\Android Studio2\jbr\bin\management_ext.dll
0x00007ffb93230000 - 0x00007ffb93238000 	C:\WINDOWS\System32\PSAPI.DLL
0x00007ffb906c0000 - 0x00007ffb906d8000 	C:\WINDOWS\SYSTEM32\CRYPTSP.dll
0x00007ffb8fdb0000 - 0x00007ffb8fde4000 	C:\WINDOWS\system32\rsaenh.dll
0x00007ffb90cf0000 - 0x00007ffb90d1e000 	C:\WINDOWS\SYSTEM32\USERENV.dll
0x00007ffb905f0000 - 0x00007ffb905fc000 	C:\WINDOWS\SYSTEM32\CRYPTBASE.dll
0x00007ffb90170000 - 0x00007ffb901ab000 	C:\WINDOWS\SYSTEM32\IPHLPAPI.DLL
0x00007ffb93420000 - 0x00007ffb93428000 	C:\WINDOWS\System32\NSI.dll
0x00007ffb8aa20000 - 0x00007ffb8aa37000 	C:\WINDOWS\SYSTEM32\dhcpcsvc6.DLL
0x00007ffb8aab0000 - 0x00007ffb8aacd000 	C:\WINDOWS\SYSTEM32\dhcpcsvc.DLL
0x00007ffb901c0000 - 0x00007ffb9028a000 	C:\WINDOWS\SYSTEM32\DNSAPI.dll
0x00007ffb72500000 - 0x00007ffb72507000 	C:\WINDOWS\system32\wshunix.dll

dbghelp: loaded successfully - version: 4.0.5 - missing functions: none
symbol engine: initialized successfully - sym options: 0x614 - pdb path: .;C:\Program Files\Android\Android Studio2\jbr\bin;C:\WINDOWS\SYSTEM32;C:\ProgramData\Symantec\Symantec Endpoint Protection\14.3.5413.3000.105\Data\Sysfer\x64;C:\WINDOWS\WinSxS\amd64_microsoft.windows.common-controls_6595b64144ccf1df_6.0.19041.3636_none_60b6a03d71f818d5;C:\Program Files\Android\Android Studio2\jbr\bin\server;C:\Users\ADIT-PC\.gradle\native\68d5fa5c4cc2d200863cafc0d521ce42e7d3e7ee720ec0a83991735586a16f82\windows-amd64;C:\Users\ADIT-PC\.gradle\native\e376f236ea51e6404a007f0833ffe2c6e607c4080706a723a18a27aeea778392\windows-amd64

VM Arguments:
jvm_args: --add-opens=java.base/java.util=ALL-UNNAMED --add-opens=java.base/java.lang=ALL-UNNAMED --add-opens=java.base/java.lang.invoke=ALL-UNNAMED --add-opens=java.prefs/java.util.prefs=ALL-UNNAMED --add-opens=java.base/java.nio.charset=ALL-UNNAMED --add-opens=java.base/java.net=ALL-UNNAMED --add-opens=java.base/java.util.concurrent.atomic=ALL-UNNAMED -Xmx2048m -Dfile.encoding=windows-1252 -Duser.country=ID -Duser.language=en -Duser.variant 
java_command: org.gradle.launcher.daemon.bootstrap.GradleDaemon 8.0
java_class_path (initial): C:\Users\ADIT-PC\.gradle\wrapper\dists\gradle-8.0-bin\ca5e32bp14vu59qr306oxotwh\gradle-8.0\lib\gradle-launcher-8.0.jar
Launcher Type: SUN_STANDARD

[Global flags]
     intx CICompilerCount                          = 3                                         {product} {ergonomic}
     uint ConcGCThreads                            = 1                                         {product} {ergonomic}
     uint G1ConcRefinementThreads                  = 4                                         {product} {ergonomic}
   size_t G1HeapRegionSize                         = 1048576                                   {product} {ergonomic}
    uintx GCDrainStackTargetSize                   = 64                                        {product} {ergonomic}
   size_t InitialHeapSize                          = 266338304                                 {product} {ergonomic}
   size_t MarkStackSize                            = 4194304                                   {product} {ergonomic}
   size_t MaxHeapSize                              = 2147483648                                {product} {command line}
   size_t MaxNewSize                               = 1287651328                                {product} {ergonomic}
   size_t MinHeapDeltaBytes                        = 1048576                                   {product} {ergonomic}
   size_t MinHeapSize                              = 8388608                                   {product} {ergonomic}
    uintx NonNMethodCodeHeapSize                   = 5832780                                {pd product} {ergonomic}
    uintx NonProfiledCodeHeapSize                  = 122912730                              {pd product} {ergonomic}
    uintx ProfiledCodeHeapSize                     = 122912730                              {pd product} {ergonomic}
    uintx ReservedCodeCacheSize                    = 251658240                              {pd product} {ergonomic}
     bool SegmentedCodeCache                       = true                                      {product} {ergonomic}
   size_t SoftMaxHeapSize                          = 2147483648                             {manageable} {ergonomic}
     bool UseCompressedClassPointers               = true                           {product lp64_product} {ergonomic}
     bool UseCompressedOops                        = true                           {product lp64_product} {ergonomic}
     bool UseG1GC                                  = true                                      {product} {ergonomic}
     bool UseLargePagesIndividualAllocation        = false                                  {pd product} {ergonomic}

Logging:
Log output configuration:
 #0: stdout all=warning uptime,level,tags
 #1: stderr all=off uptime,level,tags

Environment Variables:
JAVA_HOME=C:\Program Files\Java\jdk-15.0.2
CLASSPATH=.;
PATH=C:\Program Files\Common Files\Oracle\Java\javapath;C:\Python311\Scripts\;C:\Python311\;C:\Python310\Scripts\;C:\Python310\;C:\Python27\;C:\Python27\Scripts;C:\Program Files (x86)\Common Files\Oracle\Java\javapath;C:\Program Files\Docker\Docker\Resources\bin;C:\ProgramData\Oracle\Java\javapath;C:\Program Files (x86)\Intel\iCLS Client\;C:\Program Files\Intel\iCLS Client\;C:\WINDOWS\system32;C:\WINDOWS;C:\WINDOWS\System32\Wbem;C:\WINDOWS\System32\WindowsPowerShell\v1.0\;C:\Program Files (x86)\Intel\Intel(R) Management Engine Components\DAL;C:\Program Files\Intel\Intel(R) Management Engine Components\DAL;C:\Program Files (x86)\Intel\Intel(R) Management Engine Components\IPT;C:\Program Files\Intel\Intel(R) Management Engine Components\IPT;C:\Program Files\Java\jre1.8.0_162\bin;C:\Program Files (x86)\GtkSharp\2.12\bin;C:\Program Files\PuTTY\;C:\Program Files\Java\jdk1.8.0_162\bin;C:\PROGRA~2\Groovy\GROOVY~1.15\bin;C:\WINDOWS\System32\OpenSSH\;C:\xampp\php;C:\Program Files (x86)\Microsoft SQL Server\Client SDK\ODBC\130\Tools\Binn\;C:\Program Files (x86)\Microsoft SQL Server\140\Tools\Binn\;C:\Program Files (x86)\Microsoft SQL Server\140\DTS\Binn\;C:\Program Files (x86)\Microsoft SQL Server\140\Tools\Binn\ManagementStudio\;c:\Program Files (x86)\Microsoft SQL Server\110\Tools\Binn\;c:\Program Files\Microsoft SQL Server\110\Tools\Binn\;c:\Program Files\Microsoft SQL Server\110\DTS\Binn\;C:\composer;C:\Flutter\flutter\bin;C:\Bitnami\wampstack-5.6.39-0\php;C:\ProgramData\chocolatey\bin;C:\Program Files (x86)\Yarn\bin\;C:\Program Files\Java\jdk1.8.0_211\bin;C:\Program Files\OpenJDK\openjdk-8u312-b07\bin;C:\Program Files\nodejs\;C:\Program Files\Git\cmd;C:\Users\ADIT-PC\AppData\Local\Microsoft\WindowsApps;C:\Users\ADIT-PC\AppData\Local\Android\Sdk\platform-tools;C:\Users\ADIT-PC\AppData\Roaming\npm;C:\Users\ADIT-PC\AppData\Local\Programs\Microsoft VS Code\bin;C:\Users\ADIT-PC\AppData\Local\Android\Sdk;C:\src\flutter\bin;C:\Users\ADIT-PC\AppData\Local\GitHubDesktop\bin;C:\Users
USERNAME=ADIT-PC
OS=Windows_NT
PROCESSOR_IDENTIFIER=Intel64 Family 6 Model 94 Stepping 3, GenuineIntel
TMP=C:\Users\ADIT-PC\AppData\Local\Temp
TEMP=C:\Users\ADIT-PC\AppData\Local\Temp


JNI global refs:
JNI global refs: 23, weak refs: 0

JNI global refs memory usage: 843, weak refs: 841


---------------  S Y S T E M  ---------------

OS:
 Windows 10 , 64 bit Build 19041 (10.0.19041.3636)
OS uptime: 16 days 13:40 hours
Hyper-V role detected

CPU: total 4 (initial active 4) (4 cores per cpu, 1 threads per core) family 6 model 94 stepping 3 microcode 0xf2, cx8, cmov, fxsr, mmx, 3dnowpref, sse, sse2, sse3, ssse3, sse4.1, sse4.2, popcnt, lzcnt, tsc, tscinvbit, avx, avx2, aes, erms, clmul, bmi1, bmi2, rtm, adx, fma, vzeroupper, clflush, clflushopt, hv

Memory: 4k page, system-wide physical 16247M (1003M free)
TotalPageFile size 25028M (AvailPageFile size 67M)
current process WorkingSet (physical memory assigned to process): 468M, peak: 475M
current process commit charge ("private bytes"): 534M, peak: 765M

vm_info: OpenJDK 64-Bit Server VM (17.0.6+0-b2043.56-10027231) for windows-amd64 JRE (17.0.6+0-b2043.56-10027231), built on Apr 28 2023 00:43:19 by "androidbuild" with MS VC++ 16.10 / 16.11 (VS2019)

END.
