#
# There is insufficient memory for the Java Runtime Environment to continue.
# Native memory allocation (malloc) failed to allocate 1584592 bytes for Chunk::new
# Possible reasons:
#   The system is out of physical RAM or swap space
#   The process is running with CompressedOops enabled, and the Java Heap may be blocking the growth of the native heap
# Possible solutions:
#   Reduce memory load on the system
#   Increase physical memory or swap space
#   Check if swap backing store is full
#   Decrease Java heap size (-Xmx/-Xms)
#   Decrease number of Java threads
#   Decrease Java thread stack sizes (-Xss)
#   Set larger code cache with -XX:ReservedCodeCacheSize=
#   JVM is running with Unscaled Compressed Oops mode in which the Java heap is
#     placed in the first 4GB address space. The Java Heap base address is the
#     maximum limit for the native heap growth. Please use -XX:HeapBaseMinAddress
#     to set the Java Heap base and to place the Java Heap above 4GB virtual address.
# This output file may be truncated or incomplete.
#
#  Out of Memory Error (allocation.cpp:389), pid=15104, tid=0x0000000000005318
#
# JRE version: OpenJDK Runtime Environment (8.0_242-b01) (build 1.8.0_242-release-1644-b01)
# Java VM: OpenJDK 64-Bit Server VM (25.242-b01 mixed mode windows-amd64 compressed oops)
# Failed to write core dump. Minidumps are not enabled by default on client versions of Windows
#

---------------  T H R E A D  ---------------

Current thread (0x000000001795c800):  JavaThread "C2 CompilerThread1" daemon [_thread_in_native, id=21272, stack(0x00000000190a0000,0x00000000191a0000)]

Stack: [0x00000000190a0000,0x00000000191a0000]
[error occurred during error reporting (printing stack bounds), id 0xc0000005]

Native frames: (J=compiled Java code, j=interpreted, Vv=VM code, C=native code)


Current CompileTask:
C2:  12058 5374       4       java.net.URLClassLoader$1::run (5 bytes)


---------------  P R O C E S S  ---------------

Java Threads: ( => current thread )
  0x000000001c027800 JavaThread "Cache worker for file content cache (C:\Users\ADIT-PC\AndroidStudioProjects\AbsensiApp\.gradle\6.1.1\fileContent)" [_thread_blocked, id=18724, stack(0x0000000024a50000,0x0000000024b50000)]
  0x000000001c02e000 JavaThread "Cache worker for file content cache (C:\Users\ADIT-PC\.gradle\caches\6.1.1\fileContent)" [_thread_blocked, id=9192, stack(0x0000000024950000,0x0000000024a50000)]
  0x000000001c02d800 JavaThread "Memory manager" [_thread_blocked, id=16876, stack(0x0000000024850000,0x0000000024950000)]
  0x000000001c02a800 JavaThread "Cache worker for Build Output Cleanup Cache (C:\Users\ADIT-PC\AndroidStudioProjects\AbsensiApp\.gradle\buildOutputCleanup)" [_thread_blocked, id=13156, stack(0x0000000023b50000,0x0000000023c50000)]
  0x000000001c02c800 JavaThread "pool-1-thread-1" [_thread_blocked, id=1404, stack(0x0000000023850000,0x0000000023950000)]
  0x000000001c02c000 JavaThread "Build operations Thread 4" [_thread_blocked, id=3736, stack(0x0000000023350000,0x0000000023450000)]
  0x000000001c028000 JavaThread "Build operations Thread 3" [_thread_blocked, id=12568, stack(0x0000000023250000,0x0000000023350000)]
  0x000000001c029800 JavaThread "Build operations Thread 2" [_thread_blocked, id=21968, stack(0x0000000023150000,0x0000000023250000)]
  0x000000001c024800 JavaThread "Build operations" [_thread_blocked, id=22084, stack(0x0000000023050000,0x0000000023150000)]
  0x000000001b73b800 JavaThread "Cache worker for execution history cache (C:\Users\ADIT-PC\.gradle\caches\6.1.1\executionHistory)" [_thread_blocked, id=13996, stack(0x0000000021380000,0x0000000021480000)]
  0x000000001b73e000 JavaThread "Cache worker for cache directory md-rule (C:\Users\ADIT-PC\.gradle\caches\6.1.1\md-rule)" [_thread_blocked, id=13412, stack(0x0000000021280000,0x0000000021380000)]
  0x000000001b73b000 JavaThread "Cache worker for cache directory md-supplier (C:\Users\ADIT-PC\.gradle\caches\6.1.1\md-supplier)" [_thread_blocked, id=21840, stack(0x000000001fed0000,0x000000001ffd0000)]
  0x000000001b740800 JavaThread "Cache worker for file hash cache (C:\Users\ADIT-PC\AndroidStudioProjects\AbsensiApp\.gradle\6.1.1\fileHashes)" [_thread_blocked, id=12820, stack(0x000000001f960000,0x000000001fa60000)]
  0x000000001b742000 JavaThread "Cache worker for checksums cache (C:\Users\ADIT-PC\AndroidStudioProjects\AbsensiApp\.gradle\checksums)" [_thread_blocked, id=17640, stack(0x000000001f860000,0x000000001f960000)]
  0x000000001b73f800 JavaThread "Cache worker for file hash cache (C:\Users\ADIT-PC\.gradle\caches\6.1.1\fileHashes)" [_thread_blocked, id=18472, stack(0x000000001d6c0000,0x000000001d7c0000)]
  0x000000001b741000 JavaThread "File lock request listener" [_thread_in_native, id=11900, stack(0x000000001d5c0000,0x000000001d6c0000)]
  0x000000001b73c800 JavaThread "Cache worker for journal cache (C:\Users\ADIT-PC\.gradle\caches\journal-1)" [_thread_blocked, id=3880, stack(0x000000001d4c0000,0x000000001d5c0000)]
  0x000000001b432800 JavaThread "Thread-9" [_thread_blocked, id=23028, stack(0x000000001d1c0000,0x000000001d2c0000)]
  0x000000001b432000 JavaThread "Stdin handler" [_thread_blocked, id=17124, stack(0x000000001d0c0000,0x000000001d1c0000)]
  0x000000001b417800 JavaThread "Asynchronous log dispatcher for DefaultDaemonConnection: socket connection from /127.0.0.1:20327 to /127.0.0.1:20328" [_thread_blocked, id=11880, stack(0x000000001cfc0000,0x000000001d0c0000)]
  0x000000001b414000 JavaThread "Daemon worker" [_thread_blocked, id=7680, stack(0x000000001cec0000,0x000000001cfc0000)]
  0x000000001b40c000 JavaThread "Cancel handler" [_thread_blocked, id=21336, stack(0x000000001cdc0000,0x000000001cec0000)]
  0x000000001b402000 JavaThread "Handler for socket connection from /127.0.0.1:20327 to /127.0.0.1:20328" [_thread_in_native, id=18044, stack(0x000000001cac0000,0x000000001cbc0000)]
  0x000000001b3ff000 JavaThread "Daemon" [_thread_blocked, id=7796, stack(0x000000001c9c0000,0x000000001cac0000)]
  0x000000001b425000 JavaThread "Daemon periodic checks" [_thread_blocked, id=13388, stack(0x000000001c8c0000,0x000000001c9c0000)]
  0x000000001b390800 JavaThread "Incoming local TCP Connector on port 20327" [_thread_in_native, id=22900, stack(0x000000001c680000,0x000000001c780000)]
  0x000000001b2e1000 JavaThread "Daemon health stats" [_thread_blocked, id=14892, stack(0x000000001c040000,0x000000001c140000)]
  0x00000000179ae000 JavaThread "Service Thread" daemon [_thread_blocked, id=12904, stack(0x00000000196a0000,0x00000000197a0000)]
  0x0000000017964800 JavaThread "C1 CompilerThread2" daemon [_thread_blocked, id=7312, stack(0x00000000191a0000,0x00000000192a0000)]
=>0x000000001795c800 JavaThread "C2 CompilerThread1" daemon [_thread_in_native, id=21272, stack(0x00000000190a0000,0x00000000191a0000)]
  0x0000000017956800 JavaThread "C2 CompilerThread0" daemon [_thread_in_native, id=18188, stack(0x0000000018fa0000,0x00000000190a0000)]
  0x0000000017955800 JavaThread "Attach Listener" daemon [_thread_blocked, id=17476, stack(0x0000000018ea0000,0x0000000018fa0000)]
  0x0000000017952000 JavaThread "Signal Dispatcher" daemon [_thread_blocked, id=3892, stack(0x0000000018da0000,0x0000000018ea0000)]
  0x0000000002c3c000 JavaThread "Finalizer" daemon [_thread_blocked, id=18208, stack(0x0000000018ba0000,0x0000000018ca0000)]
  0x0000000002c31800 JavaThread "Reference Handler" daemon [_thread_blocked, id=8968, stack(0x0000000018aa0000,0x0000000018ba0000)]
  0x0000000002b42800 JavaThread "main" [_thread_blocked, id=9256, stack(0x0000000002980000,0x0000000002a80000)]

Other Threads:
  0x0000000017917000 VMThread [stack: 0x00000000189a0000,0x0000000018aa0000] [id=8828]
  0x00000000192d2000 WatcherThread [stack: 0x00000000197a0000,0x00000000198a0000] [id=13516]

VM state:at safepoint (normal execution)

VM Mutex/Monitor currently owned by a thread:  ([mutex/lock_event])
[0x0000000002d2dce0] Threads_lock - owner thread: 0x0000000017917000
[0x0000000002d2e0e0] Heap_lock - owner thread: 0x000000001b414000

heap address: 0x0000000080000000, size: 2048 MB, Compressed Oops mode: 32-bit
Narrow klass base: 0x0000000000000000, Narrow klass shift: 3
Compressed class space size: 1073741824 Address: 0x0000000100000000

Heap:
 PSYoungGen      total 121344K, used 121324K [0x00000000d5580000, 0x00000000dd780000, 0x0000000100000000)
  eden space 109568K, 100% used [0x00000000d5580000,0x00000000dc080000,0x00000000dc080000)
  from space 11776K, 99% used [0x00000000dc080000,0x00000000dcbfb300,0x00000000dcc00000)
  to   space 11264K, 99% used [0x00000000dcc80000,0x00000000dd77f2d0,0x00000000dd780000)
 ParOldGen       total 92672K, used 37523K [0x0000000080000000, 0x0000000085a80000, 0x00000000d5580000)
  object space 92672K, 40% used [0x0000000080000000,0x00000000824a4f30,0x0000000085a80000)
 Metaspace       used 55936K, capacity 58158K, committed 58416K, reserved 1099776K
  class space    used 7656K, capacity 8209K, committed 8240K, reserved 1048576K

Card table byte_map: [0x00000000120f0000,0x0000000012500000] byte_map_base: 0x0000000011cf0000

Marking Bits: (ParMarkBitMap*) 0x000000006065f030
 Begin Bits: [0x0000000012bb0000, 0x0000000014bb0000)
 End Bits:   [0x0000000014bb0000, 0x0000000016bb0000)

Polling page: 0x0000000002a80000

CodeCache: size=245760Kb used=17780Kb max_used=17780Kb free=227979Kb
 bounds [0x0000000002d30000, 0x0000000003ea0000, 0x0000000011d30000]
 total_blobs=5757 nmethods=4983 adapters=687
 compilation: enabled

Compilation events (10 events):
Event: 11.950 Thread 0x0000000017964800 5390       3       org.gradle.api.internal.provider.Collectors$ElementFromProvider::isProvidedBy (9 bytes)
Event: 11.950 Thread 0x0000000017964800 nmethod 5390 0x0000000003e97bd0 code [0x0000000003e97d40, 0x0000000003e98088]
Event: 11.958 Thread 0x0000000017964800 5392       1       com.google.common.collect.CompactHashSet::size (5 bytes)
Event: 11.958 Thread 0x0000000017964800 nmethod 5392 0x0000000003e98190 code [0x0000000003e982e0, 0x0000000003e983f0]
Event: 11.958 Thread 0x0000000017964800 5393       3       com.google.common.collect.CompactHashSet$1::hasNext (13 bytes)
Event: 11.958 Thread 0x0000000017964800 nmethod 5393 0x0000000003e98450 code [0x0000000003e985a0, 0x0000000003e98750]
Event: 11.998 Thread 0x0000000017964800 5394       3       java.lang.Long::stringSize (38 bytes)
Event: 11.998 Thread 0x0000000017964800 nmethod 5394 0x0000000003e987d0 code [0x0000000003e98940, 0x0000000003e98b90]
Event: 11.998 Thread 0x0000000017964800 5395       3       java.lang.Long::getChars (221 bytes)
Event: 11.999 Thread 0x0000000017964800 nmethod 5395 0x0000000003e98c50 code [0x0000000003e98e20, 0x0000000003e99490]

GC Heap History (10 events):
Event: 6.353 GC heap after
Heap after GC invocations=7 (full 1):
 PSYoungGen      total 120832K, used 8614K [0x00000000d5580000, 0x00000000dd780000, 0x0000000100000000)
  eden space 109568K, 0% used [0x00000000d5580000,0x00000000d5580000,0x00000000dc080000)
  from space 11264K, 76% used [0x00000000dcc80000,0x00000000dd4e9900,0x00000000dd780000)
  to   space 11776K, 0% used [0x00000000dc080000,0x00000000dc080000,0x00000000dcc00000)
 ParOldGen       total 92672K, used 7415K [0x0000000080000000, 0x0000000085a80000, 0x00000000d5580000)
  object space 92672K, 8% used [0x0000000080000000,0x000000008073dcc8,0x0000000085a80000)
 Metaspace       used 32308K, capacity 33120K, committed 33328K, reserved 1077248K
  class space    used 4405K, capacity 4609K, committed 4656K, reserved 1048576K
}
Event: 7.036 GC heap before
{Heap before GC invocations=8 (full 1):
 PSYoungGen      total 120832K, used 56430K [0x00000000d5580000, 0x00000000dd780000, 0x0000000100000000)
  eden space 109568K, 43% used [0x00000000d5580000,0x00000000d84320d0,0x00000000dc080000)
  from space 11264K, 76% used [0x00000000dcc80000,0x00000000dd4e9900,0x00000000dd780000)
  to   space 11776K, 0% used [0x00000000dc080000,0x00000000dc080000,0x00000000dcc00000)
 ParOldGen       total 92672K, used 7415K [0x0000000080000000, 0x0000000085a80000, 0x00000000d5580000)
  object space 92672K, 8% used [0x0000000080000000,0x000000008073dcc8,0x0000000085a80000)
 Metaspace       used 34546K, capacity 35400K, committed 35496K, reserved 1079296K
  class space    used 4737K, capacity 4971K, committed 5040K, reserved 1048576K
Event: 7.064 GC heap after
Heap after GC invocations=8 (full 1):
 PSYoungGen      total 121344K, used 8815K [0x00000000d5580000, 0x00000000dd780000, 0x0000000100000000)
  eden space 109568K, 0% used [0x00000000d5580000,0x00000000d5580000,0x00000000dc080000)
  from space 11776K, 74% used [0x00000000dc080000,0x00000000dc91be48,0x00000000dcc00000)
  to   space 11264K, 0% used [0x00000000dcc80000,0x00000000dcc80000,0x00000000dd780000)
 ParOldGen       total 92672K, used 7423K [0x0000000080000000, 0x0000000085a80000, 0x00000000d5580000)
  object space 92672K, 8% used [0x0000000080000000,0x000000008073fcc8,0x0000000085a80000)
 Metaspace       used 34546K, capacity 35400K, committed 35496K, reserved 1079296K
  class space    used 4737K, capacity 4971K, committed 5040K, reserved 1048576K
}
Event: 7.064 GC heap before
{Heap before GC invocations=9 (full 2):
 PSYoungGen      total 121344K, used 8815K [0x00000000d5580000, 0x00000000dd780000, 0x0000000100000000)
  eden space 109568K, 0% used [0x00000000d5580000,0x00000000d5580000,0x00000000dc080000)
  from space 11776K, 74% used [0x00000000dc080000,0x00000000dc91be48,0x00000000dcc00000)
  to   space 11264K, 0% used [0x00000000dcc80000,0x00000000dcc80000,0x00000000dd780000)
 ParOldGen       total 92672K, used 7423K [0x0000000080000000, 0x0000000085a80000, 0x00000000d5580000)
  object space 92672K, 8% used [0x0000000080000000,0x000000008073fcc8,0x0000000085a80000)
 Metaspace       used 34546K, capacity 35400K, committed 35496K, reserved 1079296K
  class space    used 4737K, capacity 4971K, committed 5040K, reserved 1048576K
Event: 7.128 GC heap after
Heap after GC invocations=9 (full 2):
 PSYoungGen      total 121344K, used 0K [0x00000000d5580000, 0x00000000dd780000, 0x0000000100000000)
  eden space 109568K, 0% used [0x00000000d5580000,0x00000000d5580000,0x00000000dc080000)
  from space 11776K, 0% used [0x00000000dc080000,0x00000000dc080000,0x00000000dcc00000)
  to   space 11264K, 0% used [0x00000000dcc80000,0x00000000dcc80000,0x00000000dd780000)
 ParOldGen       total 92672K, used 15429K [0x0000000080000000, 0x0000000085a80000, 0x00000000d5580000)
  object space 92672K, 16% used [0x0000000080000000,0x0000000080f115e8,0x0000000085a80000)
 Metaspace       used 34546K, capacity 35400K, committed 35496K, reserved 1079296K
  class space    used 4737K, capacity 4971K, committed 5040K, reserved 1048576K
}
Event: 8.850 GC heap before
{Heap before GC invocations=10 (full 2):
 PSYoungGen      total 121344K, used 109568K [0x00000000d5580000, 0x00000000dd780000, 0x0000000100000000)
  eden space 109568K, 100% used [0x00000000d5580000,0x00000000dc080000,0x00000000dc080000)
  from space 11776K, 0% used [0x00000000dc080000,0x00000000dc080000,0x00000000dcc00000)
  to   space 11264K, 0% used [0x00000000dcc80000,0x00000000dcc80000,0x00000000dd780000)
 ParOldGen       total 92672K, used 15429K [0x0000000080000000, 0x0000000085a80000, 0x00000000d5580000)
  object space 92672K, 16% used [0x0000000080000000,0x0000000080f115e8,0x0000000085a80000)
 Metaspace       used 43391K, capacity 44932K, committed 45232K, reserved 1087488K
  class space    used 5877K, capacity 6254K, committed 6320K, reserved 1048576K
Event: 8.863 GC heap after
Heap after GC invocations=10 (full 2):
 PSYoungGen      total 120832K, used 11259K [0x00000000d5580000, 0x00000000dd780000, 0x0000000100000000)
  eden space 109568K, 0% used [0x00000000d5580000,0x00000000d5580000,0x00000000dc080000)
  from space 11264K, 99% used [0x00000000dcc80000,0x00000000dd77edc0,0x00000000dd780000)
  to   space 11776K, 0% used [0x00000000dc080000,0x00000000dc080000,0x00000000dcc00000)
 ParOldGen       total 92672K, used 18222K [0x0000000080000000, 0x0000000085a80000, 0x00000000d5580000)
  object space 92672K, 19% used [0x0000000080000000,0x00000000811cb928,0x0000000085a80000)
 Metaspace       used 43391K, capacity 44932K, committed 45232K, reserved 1087488K
  class space    used 5877K, capacity 6254K, committed 6320K, reserved 1048576K
}
Event: 10.212 GC heap before
{Heap before GC invocations=11 (full 2):
 PSYoungGen      total 120832K, used 120827K [0x00000000d5580000, 0x00000000dd780000, 0x0000000100000000)
  eden space 109568K, 100% used [0x00000000d5580000,0x00000000dc080000,0x00000000dc080000)
  from space 11264K, 99% used [0x00000000dcc80000,0x00000000dd77edc0,0x00000000dd780000)
  to   space 11776K, 0% used [0x00000000dc080000,0x00000000dc080000,0x00000000dcc00000)
 ParOldGen       total 92672K, used 18222K [0x0000000080000000, 0x0000000085a80000, 0x00000000d5580000)
  object space 92672K, 19% used [0x0000000080000000,0x00000000811cb928,0x0000000085a80000)
 Metaspace       used 50106K, capacity 51730K, committed 51888K, reserved 1093632K
  class space    used 6698K, capacity 7076K, committed 7088K, reserved 1048576K
Event: 10.301 GC heap after
Heap after GC invocations=11 (full 2):
 PSYoungGen      total 121344K, used 11756K [0x00000000d5580000, 0x00000000dd780000, 0x0000000100000000)
  eden space 109568K, 0% used [0x00000000d5580000,0x00000000d5580000,0x00000000dc080000)
  from space 11776K, 99% used [0x00000000dc080000,0x00000000dcbfb300,0x00000000dcc00000)
  to   space 11264K, 0% used [0x00000000dcc80000,0x00000000dcc80000,0x00000000dd780000)
 ParOldGen       total 92672K, used 26571K [0x0000000080000000, 0x0000000085a80000, 0x00000000d5580000)
  object space 92672K, 28% used [0x0000000080000000,0x00000000819f2e10,0x0000000085a80000)
 Metaspace       used 50106K, capacity 51730K, committed 51888K, reserved 1093632K
  class space    used 6698K, capacity 7076K, committed 7088K, reserved 1048576K
}
Event: 12.011 GC heap before
{Heap before GC invocations=12 (full 2):
 PSYoungGen      total 121344K, used 121324K [0x00000000d5580000, 0x00000000dd780000, 0x0000000100000000)
  eden space 109568K, 100% used [0x00000000d5580000,0x00000000dc080000,0x00000000dc080000)
  from space 11776K, 99% used [0x00000000dc080000,0x00000000dcbfb300,0x00000000dcc00000)
  to   space 11264K, 0% used [0x00000000dcc80000,0x00000000dcc80000,0x00000000dd780000)
 ParOldGen       total 92672K, used 26571K [0x0000000080000000, 0x0000000085a80000, 0x00000000d5580000)
  object space 92672K, 28% used [0x0000000080000000,0x00000000819f2e10,0x0000000085a80000)
 Metaspace       used 55936K, capacity 58158K, committed 58416K, reserved 1099776K
  class space    used 7656K, capacity 8209K, committed 8240K, reserved 1048576K

Deoptimization events (10 events):
Event: 11.519 Thread 0x000000001b414000 Uncommon trap: reason=class_check action=maybe_recompile pc=0x0000000003340f10 method=java.lang.AbstractStringBuilder.append(Ljava/lang/CharSequence;II)Ljava/lang/AbstractStringBuilder; @ 18
Event: 11.521 Thread 0x000000001b414000 Uncommon trap: reason=class_check action=maybe_recompile pc=0x0000000003340f10 method=java.lang.AbstractStringBuilder.append(Ljava/lang/CharSequence;II)Ljava/lang/AbstractStringBuilder; @ 18
Event: 11.529 Thread 0x000000001b414000 Uncommon trap: reason=bimorphic action=maybe_recompile pc=0x00000000038e669c method=java.util.Arrays.binarySearch0([Ljava/lang/Object;IILjava/lang/Object;Ljava/util/Comparator;)I @ 48
Event: 11.693 Thread 0x000000001b414000 Uncommon trap: reason=unstable_if action=reinterpret pc=0x0000000002f34750 method=com.esotericsoftware.kryo.io.Input.readString()Ljava/lang/String; @ 28
Event: 11.698 Thread 0x000000001b414000 Uncommon trap: reason=unstable_if action=reinterpret pc=0x0000000003797278 method=com.esotericsoftware.kryo.io.Input.require(I)I @ 65
Event: 11.733 Thread 0x000000001b414000 Uncommon trap: reason=unstable_if action=reinterpret pc=0x000000000396912c method=java.util.HashMap.putVal(ILjava/lang/Object;Ljava/lang/Object;ZZ)Ljava/lang/Object; @ 162
Event: 11.763 Thread 0x000000001b414000 Uncommon trap: reason=unstable_if action=reinterpret pc=0x000000000376f264 method=java.util.HashMap.putVal(ILjava/lang/Object;Ljava/lang/Object;ZZ)Ljava/lang/Object; @ 162
Event: 11.764 Thread 0x000000001b414000 Uncommon trap: reason=unstable_if action=reinterpret pc=0x000000000306f984 method=java.util.HashMap.resize()[Ljava/util/HashMap$Node; @ 206
Event: 11.779 Thread 0x000000001b414000 Uncommon trap: reason=unstable_if action=reinterpret pc=0x0000000003796b00 method=java.io.WinNTFileSystem.normalize(Ljava/lang/String;)Ljava/lang/String; @ 74
Event: 11.779 Thread 0x000000001b414000 Uncommon trap: reason=unstable_if action=reinterpret pc=0x0000000003277820 method=java.io.WinNTFileSystem.normalize(Ljava/lang/String;II)Ljava/lang/String; @ 103

Classes redefined (0 events):
No events

Internal exceptions (10 events):
Event: 11.622 Thread 0x000000001b414000 Exception <a 'java/lang/ClassNotFoundException': org/gradle/api/internal/model/DefaultObjectFactoryCustomizer> (0x00000000da768098) thrown at [C:\src\AOSP-openjdk-git\hotspot\src\share\vm\classfile\systemDictionary.cpp, line 210]
Event: 11.629 Thread 0x000000001b414000 Exception <a 'java/lang/ClassNotFoundException': org/gradle/api/internal/file/DefaultFilePropertyFactory$DefaultRegularFileVarBeanInfo> (0x00000000da7fcbc8) thrown at [C:\src\AOSP-openjdk-git\hotspot\src\share\vm\classfile\systemDictionary.cpp, line 210]
Event: 11.629 Thread 0x000000001b414000 Exception <a 'java/lang/ClassNotFoundException': org/gradle/api/internal/file/DefaultFilePropertyFactory$DefaultRegularFileVarCustomizer> (0x00000000da822078) thrown at [C:\src\AOSP-openjdk-git\hotspot\src\share\vm\classfile\systemDictionary.cpp, line 210
Event: 11.640 Thread 0x000000001b414000 Exception <a 'java/lang/ClassNotFoundException': org/gradle/api/internal/file/collections/DefaultConfigurableFileCollectionBeanInfo> (0x00000000da93ea20) thrown at [C:\src\AOSP-openjdk-git\hotspot\src\share\vm\classfile\systemDictionary.cpp, line 210]
Event: 11.640 Thread 0x000000001b414000 Exception <a 'java/lang/ClassNotFoundException': org/gradle/api/internal/file/collections/DefaultConfigurableFileCollectionCustomizer> (0x00000000da963340) thrown at [C:\src\AOSP-openjdk-git\hotspot\src\share\vm\classfile\systemDictionary.cpp, line 210]
Event: 11.670 Thread 0x000000001b414000 Exception <a 'java/lang/reflect/InvocationTargetException'> (0x00000000daa05738) thrown at [C:\src\AOSP-openjdk-git\hotspot\src\share\vm\runtime\reflection.cpp, line 1092]
Event: 11.670 Thread 0x000000001b414000 Exception <a 'java/lang/reflect/InvocationTargetException'> (0x00000000daa08498) thrown at [C:\src\AOSP-openjdk-git\hotspot\src\share\vm\runtime\reflection.cpp, line 1092]
Event: 11.670 Thread 0x000000001b414000 Exception <a 'java/lang/reflect/InvocationTargetException'> (0x00000000daa0b0f8) thrown at [C:\src\AOSP-openjdk-git\hotspot\src\share\vm\runtime\reflection.cpp, line 1092]
Event: 11.670 Thread 0x000000001b414000 Exception <a 'java/lang/reflect/InvocationTargetException'> (0x00000000daa0dea8) thrown at [C:\src\AOSP-openjdk-git\hotspot\src\share\vm\runtime\reflection.cpp, line 1092]
Event: 11.671 Thread 0x000000001b414000 Exception <a 'java/lang/reflect/InvocationTargetException'> (0x00000000daa10c38) thrown at [C:\src\AOSP-openjdk-git\hotspot\src\share\vm\runtime\reflection.cpp, line 1092]

Events (10 events):
Event: 12.008 loading class com/android/sdklib/repository/meta/SysImgFactory done
Event: 12.008 loading class com/android/sdklib/repository/meta/DetailsTypes$SysImgDetailsType
Event: 12.008 loading class com/android/sdklib/repository/meta/DetailsTypes$SysImgDetailsType done
Event: 12.008 loading class com/android/sdklib/repository/generated/sysimg/v1/package-info
Event: 12.008 loading class com/android/sdklib/repository/generated/sysimg/v1/package-info done
Event: 12.010 loading class com/android/sdklib/repository/generated/sysimg/v2/ObjectFactory
Event: 12.010 loading class com/android/sdklib/repository/generated/sysimg/v2/ObjectFactory done
Event: 12.010 loading class com/android/sdklib/repository/generated/common/v1/ObjectFactory
Event: 12.010 loading class com/android/sdklib/repository/generated/common/v1/ObjectFactory done
Event: 12.010 Executing VM operation: ParallelGCFailedAllocation


Dynamic libraries:
0x00007ff684640000 - 0x00007ff684671000 	C:\Program Files\Android\Android Studio\jre\bin\java.exe
0x00007ffe29550000 - 0x00007ffe29745000 	C:\WINDOWS\SYSTEM32\ntdll.dll
0x00007ffe289c0000 - 0x00007ffe28a7d000 	C:\WINDOWS\System32\KERNEL32.DLL
0x00007ffe27170000 - 0x00007ffe2743d000 	C:\WINDOWS\System32\KERNELBASE.dll
0x0000000061d70000 - 0x0000000061e1f000 	C:\ProgramData\Symantec\Symantec Endpoint Protection\14.3.5413.3000.105\Data\Sysfer\x64\sysfer.dll
0x00007ffe28910000 - 0x00007ffe289be000 	C:\WINDOWS\System32\ADVAPI32.dll
0x00007ffe27ef0000 - 0x00007ffe27f8e000 	C:\WINDOWS\System32\msvcrt.dll
0x00007ffe29470000 - 0x00007ffe2950c000 	C:\WINDOWS\System32\sechost.dll
0x00007ffe278e0000 - 0x00007ffe27a05000 	C:\WINDOWS\System32\RPCRT4.dll
0x00007ffe27cc0000 - 0x00007ffe27e60000 	C:\WINDOWS\System32\USER32.dll
0x00007ffe26ed0000 - 0x00007ffe26ef2000 	C:\WINDOWS\System32\win32u.dll
0x00007ffe278b0000 - 0x00007ffe278da000 	C:\WINDOWS\System32\GDI32.dll
0x00007ffe26c60000 - 0x00007ffe26d6b000 	C:\WINDOWS\System32\gdi32full.dll
0x00007ffe27440000 - 0x00007ffe274dd000 	C:\WINDOWS\System32\msvcp_win.dll
0x00007ffe27070000 - 0x00007ffe27170000 	C:\WINDOWS\System32\ucrtbase.dll
0x00007ffe12b00000 - 0x00007ffe12d9a000 	C:\WINDOWS\WinSxS\amd64_microsoft.windows.common-controls_6595b64144ccf1df_6.0.19041.1110_none_60b5254171f9507e\COMCTL32.dll
0x00007ffe28a80000 - 0x00007ffe28ab0000 	C:\WINDOWS\System32\IMM32.DLL
0x0000000061c90000 - 0x0000000061d62000 	C:\Program Files\Android\Android Studio\jre\jre\bin\msvcr100.dll
0x000000005fe90000 - 0x00000000606db000 	C:\Program Files\Android\Android Studio\jre\jre\bin\server\jvm.dll
0x00007ffe28bc0000 - 0x00007ffe28bc8000 	C:\WINDOWS\System32\PSAPI.DLL
0x00007ffe148d0000 - 0x00007ffe148d9000 	C:\WINDOWS\SYSTEM32\WSOCK32.dll
0x00007ffe27c50000 - 0x00007ffe27cbb000 	C:\WINDOWS\System32\WS2_32.dll
0x00007ffe12fa0000 - 0x00007ffe12fc7000 	C:\WINDOWS\SYSTEM32\WINMM.dll
0x00007ffe1d640000 - 0x00007ffe1d64a000 	C:\WINDOWS\SYSTEM32\VERSION.dll
0x00007ffe241f0000 - 0x00007ffe241ff000 	C:\Program Files\Android\Android Studio\jre\jre\bin\verify.dll
0x00007ffe163a0000 - 0x00007ffe163c9000 	C:\Program Files\Android\Android Studio\jre\jre\bin\java.dll
0x00007ffe21f30000 - 0x00007ffe21f46000 	C:\Program Files\Android\Android Studio\jre\jre\bin\zip.dll
0x00007ffe28d00000 - 0x00007ffe29444000 	C:\WINDOWS\System32\SHELL32.dll
0x00007ffe24bb0000 - 0x00007ffe25344000 	C:\WINDOWS\SYSTEM32\windows.storage.dll
0x00007ffe27f90000 - 0x00007ffe282e4000 	C:\WINDOWS\System32\combase.dll
0x00007ffe26510000 - 0x00007ffe2653c000 	C:\WINDOWS\SYSTEM32\Wldp.dll
0x00007ffe27b30000 - 0x00007ffe27bdd000 	C:\WINDOWS\System32\SHCORE.dll
0x00007ffe28300000 - 0x00007ffe28355000 	C:\WINDOWS\System32\shlwapi.dll
0x00007ffe26ba0000 - 0x00007ffe26bbf000 	C:\WINDOWS\SYSTEM32\profapi.dll
0x00007ffe214e0000 - 0x00007ffe214fa000 	C:\Program Files\Android\Android Studio\jre\jre\bin\net.dll
0x00007ffe262f0000 - 0x00007ffe2635a000 	C:\WINDOWS\system32\mswsock.dll
0x00007ffe15d20000 - 0x00007ffe15d33000 	C:\Program Files\Android\Android Studio\jre\jre\bin\nio.dll
0x00007ffe1bb50000 - 0x00007ffe1bb76000 	C:\Users\ADIT-PC\.gradle\native\31\windows-amd64\native-platform.dll
0x00007ffe22710000 - 0x00007ffe2271d000 	C:\Program Files\Android\Android Studio\jre\jre\bin\management.dll
0x00007ffe265c0000 - 0x00007ffe265d8000 	C:\WINDOWS\SYSTEM32\CRYPTSP.dll
0x00007ffe25c90000 - 0x00007ffe25cc4000 	C:\WINDOWS\system32\rsaenh.dll
0x00007ffe26f00000 - 0x00007ffe26f27000 	C:\WINDOWS\System32\bcrypt.dll
0x00007ffe26b60000 - 0x00007ffe26b8e000 	C:\WINDOWS\SYSTEM32\USERENV.dll
0x00007ffe26fe0000 - 0x00007ffe27062000 	C:\WINDOWS\System32\bcryptprimitives.dll
0x00007ffe26480000 - 0x00007ffe2648c000 	C:\WINDOWS\SYSTEM32\CRYPTBASE.dll
0x00007ffe26000000 - 0x00007ffe2603b000 	C:\WINDOWS\SYSTEM32\IPHLPAPI.DLL
0x00007ffe282f0000 - 0x00007ffe282f8000 	C:\WINDOWS\System32\NSI.dll
0x00007ffe20430000 - 0x00007ffe20447000 	C:\WINDOWS\SYSTEM32\dhcpcsvc6.DLL
0x00007ffe20210000 - 0x00007ffe2022d000 	C:\WINDOWS\SYSTEM32\dhcpcsvc.DLL
0x00007ffe26050000 - 0x00007ffe2611b000 	C:\WINDOWS\SYSTEM32\DNSAPI.dll

VM Arguments:
jvm_args: -Xmx2048m -Dfile.encoding=windows-1252 -Duser.country=ID -Duser.language=en -Duser.variant 
java_command: org.gradle.launcher.daemon.bootstrap.GradleDaemon 6.1.1
java_class_path (initial): C:\Users\ADIT-PC\.gradle\wrapper\dists\gradle-6.1.1-all\cfmwm155h49vnt3hynmlrsdst\gradle-6.1.1\lib\gradle-launcher-6.1.1.jar
Launcher Type: SUN_STANDARD

Environment Variables:
JAVA_HOME=C:\Program Files\Java\jdk-15.0.2
CLASSPATH=.;
PATH=C:\Program Files\Common Files\Oracle\Java\javapath;C:\Python311\Scripts\;C:\Python311\;C:\Python310\Scripts\;C:\Python310\;C:\Python27\;C:\Python27\Scripts;C:\Program Files (x86)\Common Files\Oracle\Java\javapath;C:\Program Files\Docker\Docker\Resources\bin;C:\ProgramData\Oracle\Java\javapath;C:\Program Files (x86)\Intel\iCLS Client\;C:\Program Files\Intel\iCLS Client\;C:\WINDOWS\system32;C:\WINDOWS;C:\WINDOWS\System32\Wbem;C:\WINDOWS\System32\WindowsPowerShell\v1.0\;C:\Program Files (x86)\Intel\Intel(R) Management Engine Components\DAL;C:\Program Files\Intel\Intel(R) Management Engine Components\DAL;C:\Program Files (x86)\Intel\Intel(R) Management Engine Components\IPT;C:\Program Files\Intel\Intel(R) Management Engine Components\IPT;C:\Program Files\Java\jre1.8.0_162\bin;C:\Program Files (x86)\GtkSharp\2.12\bin;C:\Program Files\PuTTY\;C:\Program Files\Java\jdk1.8.0_162\bin;C:\PROGRA~2\Groovy\GROOVY~1.15\bin;C:\WINDOWS\System32\OpenSSH\;C:\xampp\php;C:\Program Files (x86)\Microsoft SQL Server\Client SDK\ODBC\130\Tools\Binn\;C:\Program Files (x86)\Microsoft SQL Server\140\Tools\Binn\;C:\Program Files (x86)\Microsoft SQL Server\140\DTS\Binn\;C:\Program Files (x86)\Microsoft SQL Server\140\Tools\Binn\ManagementStudio\;c:\Program Files (x86)\Microsoft SQL Server\110\Tools\Binn\;c:\Program Files\Microsoft SQL Server\110\Tools\Binn\;c:\Program Files\Microsoft SQL Server\110\DTS\Binn\;C:\composer;C:\Flutter\flutter\bin;C:\Bitnami\wampstack-5.6.39-0\php;C:\ProgramData\chocolatey\bin;C:\Program Files (x86)\Yarn\bin\;C:\Program Files\Java\jdk1.8.0_211\bin;C:\Program Files\OpenJDK\openjdk-8u312-b07\bin;C:\Program Files\nodejs\;C:\Program Files\Git\cmd;C:\Users\ADIT-PC\AppData\Local\Microsoft\WindowsApps;C:\Users\ADIT-PC\AppData\Local\Android\Sdk\platform-tools;C:\Users\ADIT-PC\AppData\Roaming\npm;C:\Users\ADIT-PC\AppData\Local\Programs\Microsoft VS Code\bin;C:\Users\ADIT-PC\AppData\Local\Android\Sdk;C:\src\flutter\bin;
USERNAME=ADIT-PC
OS=Windows_NT
PROCESSOR_IDENTIFIER=Intel64 Family 6 Model 94 Stepping 3, GenuineIntel



---------------  S Y S T E M  ---------------

OS: Windows 10.0 , 64 bit Build 19041 (10.0.19041.1706)

CPU:total 4 (initial active 4) (4 cores per cpu, 1 threads per core) family 6 model 94 stepping 3, cmov, cx8, fxsr, mmx, sse, sse2, sse3, ssse3, sse4.1, sse4.2, popcnt, avx, avx2, aes, clmul, erms, rtm, 3dnowpref, lzcnt, tsc, tscinvbit, bmi1, bmi2, adx

Memory: 4k page, physical 16638028k(2927984k free), swap 25629772k(5552k free)

vm_info: OpenJDK 64-Bit Server VM (25.242-b01) for windows-amd64 JRE (1.8.0_242-release-1644-b01), built by "builder" with MS VC++ 10.0 (VS2010)

time: Thu Jun 16 07:52:32 2022
timezone: SE Asia Standard Time
elapsed time: 12 seconds (0d 0h 0m 12s)

