#
# There is insufficient memory for the Java Runtime Environment to continue.
# Native memory allocation (malloc) failed to allocate 2376176 bytes for Chunk::new
# Possible reasons:
#   The system is out of physical RAM or swap space
#   The process is running with CompressedOops enabled, and the Java Heap may be blocking the growth of the native heap
# Possible solutions:
#   Reduce memory load on the system
#   Increase physical memory or swap space
#   Check if swap backing store is full
#   Decrease Java heap size (-Xmx/-Xms)
#   Decrease number of Java threads
#   Decrease Java thread stack sizes (-Xss)
#   Set larger code cache with -XX:ReservedCodeCacheSize=
#   JVM is running with Unscaled Compressed Oops mode in which the Java heap is
#     placed in the first 4GB address space. The Java Heap base address is the
#     maximum limit for the native heap growth. Please use -XX:HeapBaseMinAddress
#     to set the Java Heap base and to place the Java Heap above 4GB virtual address.
# This output file may be truncated or incomplete.
#
#  Out of Memory Error (allocation.cpp:389), pid=24416, tid=0x0000000000004b1c
#
# JRE version: OpenJDK Runtime Environment (8.0_242-b01) (build 1.8.0_242-release-1644-b01)
# Java VM: OpenJDK 64-Bit Server VM (25.242-b01 mixed mode windows-amd64 compressed oops)
# Failed to write core dump. Minidumps are not enabled by default on client versions of Windows
#

---------------  T H R E A D  ---------------

Current thread (0x00000000173d5800):  JavaThread "C2 CompilerThread0" daemon [_thread_in_native, id=19228, stack(0x0000000018a50000,0x0000000018b50000)]

Stack: [0x0000000018a50000,0x0000000018b50000]
[error occurred during error reporting (printing stack bounds), id 0xc0000005]

Native frames: (J=compiled Java code, j=interpreted, Vv=VM code, C=native code)


Current CompileTask:
C2:   8644 5342       4       java.net.URLClassLoader$1::run (5 bytes)


---------------  P R O C E S S  ---------------

Java Threads: ( => current thread )
  0x000000001f19d800 JavaThread "Cache worker for file content cache (C:\Users\ADIT-PC\AndroidStudioProjects\AbsensiOnline\.gradle\6.1.1\fileContent)" [_thread_blocked, id=25064, stack(0x0000000024620000,0x0000000024720000)]
  0x000000001f1a0800 JavaThread "Cache worker for file content cache (C:\Users\ADIT-PC\.gradle\caches\6.1.1\fileContent)" [_thread_blocked, id=16212, stack(0x0000000024520000,0x0000000024620000)]
  0x000000001f1a0000 JavaThread "Memory manager" [_thread_blocked, id=12968, stack(0x0000000024160000,0x0000000024260000)]
  0x000000001f194800 JavaThread "Cache worker for Build Output Cleanup Cache (C:\Users\ADIT-PC\AndroidStudioProjects\AbsensiOnline\.gradle\buildOutputCleanup)" [_thread_blocked, id=24928, stack(0x0000000023660000,0x0000000023760000)]
  0x000000001f199800 JavaThread "pool-1-thread-1" [_thread_blocked, id=11528, stack(0x0000000023360000,0x0000000023460000)]
  0x000000001f196800 JavaThread "Build operations Thread 4" [_thread_blocked, id=11540, stack(0x0000000022c40000,0x0000000022d40000)]
  0x000000001f199000 JavaThread "Build operations Thread 3" [_thread_blocked, id=9828, stack(0x0000000022b40000,0x0000000022c40000)]
  0x000000001f198000 JavaThread "Build operations Thread 2" [_thread_blocked, id=14112, stack(0x0000000022a40000,0x0000000022b40000)]
  0x000000001f193000 JavaThread "Build operations" [_thread_blocked, id=16960, stack(0x000000001ff00000,0x0000000020000000)]
  0x000000001b326800 JavaThread "Cache worker for execution history cache (C:\Users\ADIT-PC\.gradle\caches\6.1.1\executionHistory)" [_thread_blocked, id=21484, stack(0x000000001fe00000,0x000000001ff00000)]
  0x000000001b325000 JavaThread "Cache worker for cache directory md-rule (C:\Users\ADIT-PC\.gradle\caches\6.1.1\md-rule)" [_thread_blocked, id=25200, stack(0x000000001fd00000,0x000000001fe00000)]
  0x000000001b324000 JavaThread "Cache worker for cache directory md-supplier (C:\Users\ADIT-PC\.gradle\caches\6.1.1\md-supplier)" [_thread_blocked, id=25320, stack(0x000000001f970000,0x000000001fa70000)]
  0x000000001b323800 JavaThread "Cache worker for file hash cache (C:\Users\ADIT-PC\AndroidStudioProjects\AbsensiOnline\.gradle\6.1.1\fileHashes)" [_thread_blocked, id=1420, stack(0x000000001f670000,0x000000001f770000)]
  0x000000001b322800 JavaThread "Cache worker for checksums cache (C:\Users\ADIT-PC\AndroidStudioProjects\AbsensiOnline\.gradle\checksums)" [_thread_blocked, id=19880, stack(0x000000001f570000,0x000000001f670000)]
  0x000000001b327000 JavaThread "Cache worker for file hash cache (C:\Users\ADIT-PC\.gradle\caches\6.1.1\fileHashes)" [_thread_blocked, id=25576, stack(0x000000001d1d0000,0x000000001d2d0000)]
  0x000000001b322000 JavaThread "File lock request listener" [_thread_in_native, id=14612, stack(0x000000001d0d0000,0x000000001d1d0000)]
  0x000000001b454000 JavaThread "Cache worker for journal cache (C:\Users\ADIT-PC\.gradle\caches\journal-1)" [_thread_blocked, id=2636, stack(0x000000001cfd0000,0x000000001d0d0000)]
  0x000000001b1ae000 JavaThread "Thread-9" [_thread_blocked, id=19748, stack(0x000000001ccd0000,0x000000001cdd0000)]
  0x000000001b1ad000 JavaThread "Stdin handler" [_thread_blocked, id=24484, stack(0x000000001cbd0000,0x000000001ccd0000)]
  0x000000001b1aa800 JavaThread "Asynchronous log dispatcher for DefaultDaemonConnection: socket connection from /127.0.0.1:20864 to /127.0.0.1:20865" [_thread_blocked, id=13344, stack(0x000000001cad0000,0x000000001cbd0000)]
  0x000000001b19b000 JavaThread "Daemon worker" [_thread_in_vm, id=25280, stack(0x000000001c9d0000,0x000000001cad0000)]
  0x000000001b196800 JavaThread "Cancel handler" [_thread_blocked, id=15340, stack(0x000000001c8d0000,0x000000001c9d0000)]
  0x000000001b180000 JavaThread "Handler for socket connection from /127.0.0.1:20864 to /127.0.0.1:20865" [_thread_in_native, id=12312, stack(0x000000001c5d0000,0x000000001c6d0000)]
  0x000000001b17e000 JavaThread "Daemon" [_thread_blocked, id=22436, stack(0x000000001c4d0000,0x000000001c5d0000)]
  0x000000001b17d800 JavaThread "Daemon periodic checks" [_thread_blocked, id=12196, stack(0x000000001c3d0000,0x000000001c4d0000)]
  0x000000001b10a000 JavaThread "Incoming local TCP Connector on port 20864" [_thread_in_native, id=3600, stack(0x0000000019450000,0x0000000019550000)]
  0x000000001b03f800 JavaThread "Daemon health stats" [_thread_blocked, id=5560, stack(0x0000000019350000,0x0000000019450000)]
  0x000000001742e000 JavaThread "Service Thread" daemon [_thread_blocked, id=18472, stack(0x0000000019150000,0x0000000019250000)]
  0x00000000173e6000 JavaThread "C1 CompilerThread2" daemon [_thread_blocked, id=7256, stack(0x0000000018c50000,0x0000000018d50000)]
  0x00000000173de000 JavaThread "C2 CompilerThread1" daemon [_thread_in_native, id=17716, stack(0x0000000018b50000,0x0000000018c50000)]
=>0x00000000173d5800 JavaThread "C2 CompilerThread0" daemon [_thread_in_native, id=19228, stack(0x0000000018a50000,0x0000000018b50000)]
  0x00000000173d4000 JavaThread "Attach Listener" daemon [_thread_blocked, id=25164, stack(0x0000000018950000,0x0000000018a50000)]
  0x00000000173d2800 JavaThread "Signal Dispatcher" daemon [_thread_blocked, id=24960, stack(0x0000000018850000,0x0000000018950000)]
  0x00000000027ac000 JavaThread "Finalizer" daemon [_thread_blocked, id=12660, stack(0x0000000018650000,0x0000000018750000)]
  0x00000000173b9000 JavaThread "Reference Handler" daemon [_thread_blocked, id=13044, stack(0x0000000018550000,0x0000000018650000)]
  0x00000000026b2800 JavaThread "main" [_thread_blocked, id=4276, stack(0x0000000002550000,0x0000000002650000)]

Other Threads:
  0x0000000017396000 VMThread [stack: 0x0000000018450000,0x0000000018550000] [id=12620]
  0x000000001742e800 WatcherThread [stack: 0x0000000019250000,0x0000000019350000] [id=25068]

VM state:not at safepoint (normal execution)

VM Mutex/Monitor currently owned by a thread: None

heap address: 0x0000000080000000, size: 2048 MB, Compressed Oops mode: 32-bit
Narrow klass base: 0x0000000000000000, Narrow klass shift: 3
Compressed class space size: 1073741824 Address: 0x0000000100000000

Heap:
 PSYoungGen      total 185344K, used 10122K [0x00000000d5580000, 0x00000000e2d00000, 0x0000000100000000)
  eden space 173568K, 7% used [0x00000000d5580000,0x00000000d6270890,0x00000000dff00000)
  from space 11776K, 0% used [0x00000000e2180000,0x00000000e2180000,0x00000000e2d00000)
  to   space 13824K, 0% used [0x00000000e1200000,0x00000000e1200000,0x00000000e1f80000)
 ParOldGen       total 131072K, used 37504K [0x0000000080000000, 0x0000000088000000, 0x00000000d5580000)
  object space 131072K, 28% used [0x0000000080000000,0x00000000824a01d8,0x0000000088000000)
 Metaspace       used 57364K, capacity 59518K, committed 59696K, reserved 1099776K
  class space    used 7934K, capacity 8448K, committed 8496K, reserved 1048576K

Card table byte_map: [0x0000000011b70000,0x0000000011f80000] byte_map_base: 0x0000000011770000

Marking Bits: (ParMarkBitMap*) 0x000000007546f030
 Begin Bits: [0x0000000012630000, 0x0000000014630000)
 End Bits:   [0x0000000014630000, 0x0000000016630000)

Polling page: 0x0000000002520000

CodeCache: size=245760Kb used=16453Kb max_used=17107Kb free=229306Kb
 bounds [0x00000000027b0000, 0x0000000003880000, 0x00000000117b0000]
 total_blobs=5585 nmethods=4809 adapters=689
 compilation: enabled

Compilation events (10 events):
Event: 8.623 Thread 0x00000000173e6000 5415       3       com.sun.xml.bind.v2.model.impl.FieldPropertySeed::hasAnnotation (18 bytes)
Event: 8.624 Thread 0x00000000173e6000 nmethod 5415 0x0000000002d4f550 code [0x0000000002d4f6c0, 0x0000000002d4f9c8]
Event: 8.624 Thread 0x00000000173e6000 5416       3       com.sun.xml.bind.v2.model.annotation.RuntimeInlineAnnotationReader::hasClassAnnotation (10 bytes)
Event: 8.624 Thread 0x00000000173e6000 nmethod 5416 0x00000000032d2d50 code [0x00000000032d2f20, 0x00000000032d37a8]
Event: 8.624 Thread 0x00000000173e6000 5419       1       java.util.Collections::emptySet (4 bytes)
Event: 8.624 Thread 0x00000000173e6000 nmethod 5419 0x0000000002980450 code [0x00000000029805a0, 0x0000000002980690]
Event: 8.624 Thread 0x00000000173e6000 5417       3       com.sun.xml.bind.v2.model.annotation.RuntimeInlineAnnotationReader::hasClassAnnotation (6 bytes)
Event: 8.625 Thread 0x00000000173e6000 nmethod 5417 0x0000000002e087d0 code [0x0000000002e089a0, 0x0000000002e09048]
Event: 8.625 Thread 0x00000000173e6000 5418       3       com.sun.xml.bind.v2.model.nav.ReflectionNavigator::getSuperClass (9 bytes)
Event: 8.625 Thread 0x00000000173e6000 nmethod 5418 0x00000000032ec990 code [0x00000000032ecb20, 0x00000000032ecf88]

GC Heap History (10 events):
Event: 4.440 GC heap before
{Heap before GC invocations=9 (full 2):
 PSYoungGen      total 124928K, used 8837K [0x00000000d5580000, 0x00000000e2d00000, 0x0000000100000000)
  eden space 113152K, 0% used [0x00000000d5580000,0x00000000d5580000,0x00000000dc400000)
  from space 11776K, 75% used [0x00000000dc400000,0x00000000dcca1420,0x00000000dcf80000)
  to   space 11776K, 0% used [0x00000000e2180000,0x00000000e2180000,0x00000000e2d00000)
 ParOldGen       total 89088K, used 7396K [0x0000000080000000, 0x0000000085700000, 0x00000000d5580000)
  object space 89088K, 8% used [0x0000000080000000,0x0000000080739288,0x0000000085700000)
 Metaspace       used 34517K, capacity 35400K, committed 35496K, reserved 1079296K
  class space    used 4738K, capacity 4971K, committed 5040K, reserved 1048576K
Event: 4.479 GC heap after
Heap after GC invocations=9 (full 2):
 PSYoungGen      total 124928K, used 0K [0x00000000d5580000, 0x00000000e2d00000, 0x0000000100000000)
  eden space 113152K, 0% used [0x00000000d5580000,0x00000000d5580000,0x00000000dc400000)
  from space 11776K, 0% used [0x00000000dc400000,0x00000000dc400000,0x00000000dcf80000)
  to   space 11776K, 0% used [0x00000000e2180000,0x00000000e2180000,0x00000000e2d00000)
 ParOldGen       total 131072K, used 15412K [0x0000000080000000, 0x0000000088000000, 0x00000000d5580000)
  object space 131072K, 11% used [0x0000000080000000,0x0000000080f0d2f8,0x0000000088000000)
 Metaspace       used 34517K, capacity 35400K, committed 35496K, reserved 1079296K
  class space    used 4738K, capacity 4971K, committed 5040K, reserved 1048576K
}
Event: 6.104 GC heap before
{Heap before GC invocations=10 (full 2):
 PSYoungGen      total 124928K, used 113152K [0x00000000d5580000, 0x00000000e2d00000, 0x0000000100000000)
  eden space 113152K, 100% used [0x00000000d5580000,0x00000000dc400000,0x00000000dc400000)
  from space 11776K, 0% used [0x00000000dc400000,0x00000000dc400000,0x00000000dcf80000)
  to   space 11776K, 0% used [0x00000000e2180000,0x00000000e2180000,0x00000000e2d00000)
 ParOldGen       total 131072K, used 15412K [0x0000000080000000, 0x0000000088000000, 0x00000000d5580000)
  object space 131072K, 11% used [0x0000000080000000,0x0000000080f0d2f8,0x0000000088000000)
 Metaspace       used 43428K, capacity 44936K, committed 45232K, reserved 1087488K
  class space    used 5895K, capacity 6256K, committed 6320K, reserved 1048576K
Event: 6.117 GC heap after
Heap after GC invocations=10 (full 2):
 PSYoungGen      total 185344K, used 11764K [0x00000000d5580000, 0x00000000e2d00000, 0x0000000100000000)
  eden space 173568K, 0% used [0x00000000d5580000,0x00000000d5580000,0x00000000dff00000)
  from space 11776K, 99% used [0x00000000e2180000,0x00000000e2cfd2e0,0x00000000e2d00000)
  to   space 13824K, 0% used [0x00000000e1200000,0x00000000e1200000,0x00000000e1f80000)
 ParOldGen       total 131072K, used 17916K [0x0000000080000000, 0x0000000088000000, 0x00000000d5580000)
  object space 131072K, 13% used [0x0000000080000000,0x000000008117f1d0,0x0000000088000000)
 Metaspace       used 43428K, capacity 44936K, committed 45232K, reserved 1087488K
  class space    used 5895K, capacity 6256K, committed 6320K, reserved 1048576K
}
Event: 7.711 GC heap before
{Heap before GC invocations=11 (full 2):
 PSYoungGen      total 185344K, used 185332K [0x00000000d5580000, 0x00000000e2d00000, 0x0000000100000000)
  eden space 173568K, 100% used [0x00000000d5580000,0x00000000dff00000,0x00000000dff00000)
  from space 11776K, 99% used [0x00000000e2180000,0x00000000e2cfd2e0,0x00000000e2d00000)
  to   space 13824K, 0% used [0x00000000e1200000,0x00000000e1200000,0x00000000e1f80000)
 ParOldGen       total 131072K, used 17916K [0x0000000080000000, 0x0000000088000000, 0x00000000d5580000)
  object space 131072K, 13% used [0x0000000080000000,0x000000008117f1d0,0x0000000088000000)
 Metaspace       used 54368K, capacity 56384K, committed 56624K, reserved 1097728K
  class space    used 7402K, capacity 7919K, committed 7984K, reserved 1048576K
Event: 7.749 GC heap after
Heap after GC invocations=11 (full 2):
 PSYoungGen      total 187392K, used 13820K [0x00000000d5580000, 0x00000000e2d00000, 0x0000000100000000)
  eden space 173568K, 0% used [0x00000000d5580000,0x00000000d5580000,0x00000000dff00000)
  from space 13824K, 99% used [0x00000000e1200000,0x00000000e1f7f2f0,0x00000000e1f80000)
  to   space 11776K, 0% used [0x00000000e2180000,0x00000000e2180000,0x00000000e2d00000)
 ParOldGen       total 131072K, used 31538K [0x0000000080000000, 0x0000000088000000, 0x00000000d5580000)
  object space 131072K, 24% used [0x0000000080000000,0x0000000081ecc950,0x0000000088000000)
 Metaspace       used 54368K, capacity 56384K, committed 56624K, reserved 1097728K
  class space    used 7402K, capacity 7919K, committed 7984K, reserved 1048576K
}
Event: 8.279 GC heap before
{Heap before GC invocations=12 (full 2):
 PSYoungGen      total 187392K, used 72365K [0x00000000d5580000, 0x00000000e2d00000, 0x0000000100000000)
  eden space 173568K, 33% used [0x00000000d5580000,0x00000000d8eac270,0x00000000dff00000)
  from space 13824K, 99% used [0x00000000e1200000,0x00000000e1f7f2f0,0x00000000e1f80000)
  to   space 11776K, 0% used [0x00000000e2180000,0x00000000e2180000,0x00000000e2d00000)
 ParOldGen       total 131072K, used 31538K [0x0000000080000000, 0x0000000088000000, 0x00000000d5580000)
  object space 131072K, 24% used [0x0000000080000000,0x0000000081ecc950,0x0000000088000000)
 Metaspace       used 56905K, capacity 59130K, committed 59160K, reserved 1099776K
  class space    used 7815K, capacity 8346K, committed 8368K, reserved 1048576K
Event: 8.298 GC heap after
Heap after GC invocations=12 (full 2):
 PSYoungGen      total 185344K, used 11772K [0x00000000d5580000, 0x00000000e2d00000, 0x0000000100000000)
  eden space 173568K, 0% used [0x00000000d5580000,0x00000000d5580000,0x00000000dff00000)
  from space 11776K, 99% used [0x00000000e2180000,0x00000000e2cff2f0,0x00000000e2d00000)
  to   space 13824K, 0% used [0x00000000e1200000,0x00000000e1200000,0x00000000e1f80000)
 ParOldGen       total 131072K, used 38523K [0x0000000080000000, 0x0000000088000000, 0x00000000d5580000)
  object space 131072K, 29% used [0x0000000080000000,0x000000008259ed60,0x0000000088000000)
 Metaspace       used 56905K, capacity 59130K, committed 59160K, reserved 1099776K
  class space    used 7815K, capacity 8346K, committed 8368K, reserved 1048576K
}
Event: 8.299 GC heap before
{Heap before GC invocations=13 (full 3):
 PSYoungGen      total 185344K, used 11772K [0x00000000d5580000, 0x00000000e2d00000, 0x0000000100000000)
  eden space 173568K, 0% used [0x00000000d5580000,0x00000000d5580000,0x00000000dff00000)
  from space 11776K, 99% used [0x00000000e2180000,0x00000000e2cff2f0,0x00000000e2d00000)
  to   space 13824K, 0% used [0x00000000e1200000,0x00000000e1200000,0x00000000e1f80000)
 ParOldGen       total 131072K, used 38523K [0x0000000080000000, 0x0000000088000000, 0x00000000d5580000)
  object space 131072K, 29% used [0x0000000080000000,0x000000008259ed60,0x0000000088000000)
 Metaspace       used 56905K, capacity 59130K, committed 59160K, reserved 1099776K
  class space    used 7815K, capacity 8346K, committed 8368K, reserved 1048576K
Event: 8.495 GC heap after
Heap after GC invocations=13 (full 3):
 PSYoungGen      total 185344K, used 0K [0x00000000d5580000, 0x00000000e2d00000, 0x0000000100000000)
  eden space 173568K, 0% used [0x00000000d5580000,0x00000000d5580000,0x00000000dff00000)
  from space 11776K, 0% used [0x00000000e2180000,0x00000000e2180000,0x00000000e2d00000)
  to   space 13824K, 0% used [0x00000000e1200000,0x00000000e1200000,0x00000000e1f80000)
 ParOldGen       total 131072K, used 37504K [0x0000000080000000, 0x0000000088000000, 0x00000000d5580000)
  object space 131072K, 28% used [0x0000000080000000,0x00000000824a01d8,0x0000000088000000)
 Metaspace       used 56893K, capacity 59088K, committed 59160K, reserved 1099776K
  class space    used 7811K, capacity 8339K, committed 8368K, reserved 1048576K
}

Deoptimization events (10 events):
Event: 7.818 Thread 0x000000001b19b000 Uncommon trap: reason=class_check action=maybe_recompile pc=0x0000000002e2eb90 method=java.lang.AbstractStringBuilder.append(Ljava/lang/CharSequence;II)Ljava/lang/AbstractStringBuilder; @ 18
Event: 7.818 Thread 0x000000001b19b000 Uncommon trap: reason=class_check action=maybe_recompile pc=0x0000000002e2eb90 method=java.lang.AbstractStringBuilder.append(Ljava/lang/CharSequence;II)Ljava/lang/AbstractStringBuilder; @ 18
Event: 7.858 Thread 0x000000001b19b000 Uncommon trap: reason=unstable_if action=reinterpret pc=0x00000000037d631c method=java.lang.reflect.Executable.sharedToGenericString(IZ)Ljava/lang/String; @ 65
Event: 7.892 Thread 0x000000001b19b000 Uncommon trap: reason=unstable_if action=reinterpret pc=0x00000000032f817c method=com.esotericsoftware.kryo.io.Input.readString()Ljava/lang/String; @ 28
Event: 7.897 Thread 0x000000001b19b000 Uncommon trap: reason=unstable_if action=reinterpret pc=0x00000000031f8278 method=com.esotericsoftware.kryo.io.Input.require(I)I @ 65
Event: 7.951 Thread 0x000000001b19b000 Uncommon trap: reason=unstable_if action=reinterpret pc=0x0000000002ae6344 method=java.util.HashMap.resize()[Ljava/util/HashMap$Node; @ 206
Event: 7.951 Thread 0x000000001b19b000 Uncommon trap: reason=unstable_if action=reinterpret pc=0x000000000299e2dc method=java.util.HashMap.putVal(ILjava/lang/Object;Ljava/lang/Object;ZZ)Ljava/lang/Object; @ 109
Event: 7.952 Thread 0x000000001b19b000 Uncommon trap: reason=unstable_if action=reinterpret pc=0x00000000031e0b50 method=java.util.HashMap.putVal(ILjava/lang/Object;Ljava/lang/Object;ZZ)Ljava/lang/Object; @ 109
Event: 7.964 Thread 0x000000001b19b000 Uncommon trap: reason=unstable_if action=reinterpret pc=0x00000000031eee10 method=java.io.WinNTFileSystem.normalize(Ljava/lang/String;)Ljava/lang/String; @ 74
Event: 7.964 Thread 0x000000001b19b000 Uncommon trap: reason=unstable_if action=reinterpret pc=0x0000000002cf9ba4 method=java.io.WinNTFileSystem.normalize(Ljava/lang/String;II)Ljava/lang/String; @ 103

Classes redefined (0 events):
No events

Internal exceptions (10 events):
Event: 7.862 Thread 0x000000001b19b000 Exception <a 'java/lang/ClassNotFoundException': org/gradle/api/internal/file/DefaultFilePropertyFactory$DefaultRegularFileVarCustomizer> (0x00000000d6b16e38) thrown at [C:\src\AOSP-openjdk-git\hotspot\src\share\vm\classfile\systemDictionary.cpp, line 210
Event: 7.868 Thread 0x000000001b19b000 Exception <a 'java/lang/ClassNotFoundException': org/gradle/api/internal/file/collections/DefaultConfigurableFileCollectionBeanInfo> (0x00000000d6c33980) thrown at [C:\src\AOSP-openjdk-git\hotspot\src\share\vm\classfile\systemDictionary.cpp, line 210]
Event: 7.868 Thread 0x000000001b19b000 Exception <a 'java/lang/ClassNotFoundException': org/gradle/api/internal/file/collections/DefaultConfigurableFileCollectionCustomizer> (0x00000000d6c58258) thrown at [C:\src\AOSP-openjdk-git\hotspot\src\share\vm\classfile\systemDictionary.cpp, line 210]
Event: 7.875 Thread 0x000000001b19b000 Exception <a 'java/lang/reflect/InvocationTargetException'> (0x00000000d6cfa6c8) thrown at [C:\src\AOSP-openjdk-git\hotspot\src\share\vm\runtime\reflection.cpp, line 1092]
Event: 7.875 Thread 0x000000001b19b000 Exception <a 'java/lang/reflect/InvocationTargetException'> (0x00000000d6cfd428) thrown at [C:\src\AOSP-openjdk-git\hotspot\src\share\vm\runtime\reflection.cpp, line 1092]
Event: 7.875 Thread 0x000000001b19b000 Exception <a 'java/lang/reflect/InvocationTargetException'> (0x00000000d6d00088) thrown at [C:\src\AOSP-openjdk-git\hotspot\src\share\vm\runtime\reflection.cpp, line 1092]
Event: 7.875 Thread 0x000000001b19b000 Exception <a 'java/lang/reflect/InvocationTargetException'> (0x00000000d6d02e38) thrown at [C:\src\AOSP-openjdk-git\hotspot\src\share\vm\runtime\reflection.cpp, line 1092]
Event: 7.875 Thread 0x000000001b19b000 Exception <a 'java/lang/reflect/InvocationTargetException'> (0x00000000d6d05bc8) thrown at [C:\src\AOSP-openjdk-git\hotspot\src\share\vm\runtime\reflection.cpp, line 1092]
Event: 8.146 Thread 0x000000001b19b000 Exception <a 'java/lang/ClassNotFoundException': com/sun/org/glassfish/hk2/osgiresourcelocator/ServiceLoader> (0x00000000d83fdb50) thrown at [C:\src\AOSP-openjdk-git\hotspot\src\share\vm\classfile\systemDictionary.cpp, line 210]
Event: 8.223 Thread 0x000000001b19b000 Exception <a 'java/lang/NullPointerException'> (0x00000000d887aa50) thrown at [C:\src\AOSP-openjdk-git\hotspot\src\share\vm\interpreter\linkResolver.cpp, line 1287]

Events (10 events):
Event: 8.638 loading class com/sun/xml/bind/v2/runtime/property/ArrayERProperty
Event: 8.638 loading class com/sun/xml/bind/v2/runtime/property/ArrayERProperty done
Event: 8.638 loading class com/sun/xml/bind/v2/runtime/property/ArrayProperty
Event: 8.638 loading class com/sun/xml/bind/v2/runtime/property/ArrayProperty done
Event: 8.639 loading class com/sun/xml/bind/v2/runtime/property/SingleElementNodeProperty
Event: 8.639 loading class com/sun/xml/bind/v2/runtime/property/SingleElementNodeProperty done
Event: 8.640 loading class com/sun/xml/bind/v2/runtime/property/SingleReferenceNodeProperty
Event: 8.640 loading class com/sun/xml/bind/v2/runtime/property/SingleReferenceNodeProperty done
Event: 8.640 loading class com/sun/xml/bind/v2/runtime/property/SingleMapNodeProperty
Event: 8.640 loading class com/sun/xml/bind/v2/runtime/property/SingleMapNodeProperty done


Dynamic libraries:
0x00007ff7aeff0000 - 0x00007ff7af021000 	C:\Program Files\Android\Android Studio\jre\bin\java.exe
0x00007ffcc0790000 - 0x00007ffcc0985000 	C:\WINDOWS\SYSTEM32\ntdll.dll
0x00007ffcbfa80000 - 0x00007ffcbfb3e000 	C:\WINDOWS\System32\KERNEL32.DLL
0x00007ffcbdf40000 - 0x00007ffcbe208000 	C:\WINDOWS\System32\KERNELBASE.dll
0x0000000076b80000 - 0x0000000076c2f000 	C:\ProgramData\Symantec\Symantec Endpoint Protection\14.3.5413.3000.105\Data\Sysfer\x64\sysfer.dll
0x00007ffcbfbd0000 - 0x00007ffcbfc7e000 	C:\WINDOWS\System32\ADVAPI32.dll
0x00007ffcbe920000 - 0x00007ffcbe9be000 	C:\WINDOWS\System32\msvcrt.dll
0x00007ffcbf890000 - 0x00007ffcbf92c000 	C:\WINDOWS\System32\sechost.dll
0x00007ffcbe7f0000 - 0x00007ffcbe915000 	C:\WINDOWS\System32\RPCRT4.dll
0x00007ffcbeca0000 - 0x00007ffcbee40000 	C:\WINDOWS\System32\USER32.dll
0x00007ffcbe340000 - 0x00007ffcbe362000 	C:\WINDOWS\System32\win32u.dll
0x00007ffcbf930000 - 0x00007ffcbf95b000 	C:\WINDOWS\System32\GDI32.dll
0x00007ffcbe5c0000 - 0x00007ffcbe6cb000 	C:\WINDOWS\System32\gdi32full.dll
0x00007ffcbe370000 - 0x00007ffcbe40d000 	C:\WINDOWS\System32\msvcp_win.dll
0x00007ffcbe210000 - 0x00007ffcbe310000 	C:\WINDOWS\System32\ucrtbase.dll
0x00007ffcab260000 - 0x00007ffcab4fa000 	C:\WINDOWS\WinSxS\amd64_microsoft.windows.common-controls_6595b64144ccf1df_6.0.19041.1110_none_60b5254171f9507e\COMCTL32.dll
0x00007ffcbee40000 - 0x00007ffcbee70000 	C:\WINDOWS\System32\IMM32.DLL
0x0000000074bc0000 - 0x0000000074c92000 	C:\Program Files\Android\Android Studio\jre\jre\bin\msvcr100.dll
0x0000000074ca0000 - 0x00000000754eb000 	C:\Program Files\Android\Android Studio\jre\jre\bin\server\jvm.dll
0x00007ffcbfbc0000 - 0x00007ffcbfbc8000 	C:\WINDOWS\System32\PSAPI.DLL
0x00007ffcaad60000 - 0x00007ffcaad69000 	C:\WINDOWS\SYSTEM32\WSOCK32.dll
0x00007ffcbf820000 - 0x00007ffcbf88b000 	C:\WINDOWS\System32\WS2_32.dll
0x00007ffca9fc0000 - 0x00007ffca9fe7000 	C:\WINDOWS\SYSTEM32\WINMM.dll
0x00007ffcb3620000 - 0x00007ffcb362a000 	C:\WINDOWS\SYSTEM32\VERSION.dll
0x00007ffcbb480000 - 0x00007ffcbb48f000 	C:\Program Files\Android\Android Studio\jre\jre\bin\verify.dll
0x00007ffcb9960000 - 0x00007ffcb9989000 	C:\Program Files\Android\Android Studio\jre\jre\bin\java.dll
0x00007ffcb8cf0000 - 0x00007ffcb8d06000 	C:\Program Files\Android\Android Studio\jre\jre\bin\zip.dll
0x00007ffcbef20000 - 0x00007ffcbf664000 	C:\WINDOWS\System32\SHELL32.dll
0x00007ffcbbe10000 - 0x00007ffcbc5a4000 	C:\WINDOWS\SYSTEM32\windows.storage.dll
0x00007ffcbfd70000 - 0x00007ffcc00c4000 	C:\WINDOWS\System32\combase.dll
0x00007ffcbd760000 - 0x00007ffcbd78c000 	C:\WINDOWS\SYSTEM32\Wldp.dll
0x00007ffcbf970000 - 0x00007ffcbfa1d000 	C:\WINDOWS\System32\SHCORE.dll
0x00007ffcbfc80000 - 0x00007ffcbfcd5000 	C:\WINDOWS\System32\shlwapi.dll
0x00007ffcbddf0000 - 0x00007ffcbde0f000 	C:\WINDOWS\SYSTEM32\profapi.dll
0x00007ffcb8bd0000 - 0x00007ffcb8bea000 	C:\Program Files\Android\Android Studio\jre\jre\bin\net.dll
0x00007ffcbd540000 - 0x00007ffcbd5aa000 	C:\WINDOWS\system32\mswsock.dll
0x00007ffcb8950000 - 0x00007ffcb8963000 	C:\Program Files\Android\Android Studio\jre\jre\bin\nio.dll
0x00007ffcb8720000 - 0x00007ffcb8746000 	C:\Users\ADIT-PC\.gradle\native\31\windows-amd64\native-platform.dll
0x00007ffcb9810000 - 0x00007ffcb981d000 	C:\Program Files\Android\Android Studio\jre\jre\bin\management.dll
0x00007ffcbd810000 - 0x00007ffcbd828000 	C:\WINDOWS\SYSTEM32\CRYPTSP.dll
0x00007ffcbcee0000 - 0x00007ffcbcf14000 	C:\WINDOWS\system32\rsaenh.dll
0x00007ffcbe310000 - 0x00007ffcbe337000 	C:\WINDOWS\System32\bcrypt.dll
0x00007ffcbddb0000 - 0x00007ffcbddde000 	C:\WINDOWS\SYSTEM32\USERENV.dll
0x00007ffcbdeb0000 - 0x00007ffcbdf32000 	C:\WINDOWS\System32\bcryptprimitives.dll
0x00007ffcbd6d0000 - 0x00007ffcbd6dc000 	C:\WINDOWS\SYSTEM32\CRYPTBASE.dll
0x00007ffcbd250000 - 0x00007ffcbd28b000 	C:\WINDOWS\SYSTEM32\IPHLPAPI.DLL
0x00007ffcbec90000 - 0x00007ffcbec98000 	C:\WINDOWS\System32\NSI.dll
0x00007ffcb6950000 - 0x00007ffcb6967000 	C:\WINDOWS\SYSTEM32\dhcpcsvc6.DLL
0x00007ffcb6880000 - 0x00007ffcb689d000 	C:\WINDOWS\SYSTEM32\dhcpcsvc.DLL
0x00007ffcbd2a0000 - 0x00007ffcbd36a000 	C:\WINDOWS\SYSTEM32\DNSAPI.dll

VM Arguments:
jvm_args: -Xmx2048m -Dfile.encoding=windows-1252 -Duser.country=ID -Duser.language=en -Duser.variant 
java_command: org.gradle.launcher.daemon.bootstrap.GradleDaemon 6.1.1
java_class_path (initial): C:\Users\ADIT-PC\.gradle\wrapper\dists\gradle-6.1.1-all\cfmwm155h49vnt3hynmlrsdst\gradle-6.1.1\lib\gradle-launcher-6.1.1.jar
Launcher Type: SUN_STANDARD

Environment Variables:
JAVA_HOME=C:\Program Files\Java\jdk-15.0.2
CLASSPATH=.;
PATH=C:\Program Files\Common Files\Oracle\Java\javapath;C:\Python311\Scripts\;C:\Python311\;C:\Python310\Scripts\;C:\Python310\;C:\Python27\;C:\Python27\Scripts;C:\Program Files (x86)\Common Files\Oracle\Java\javapath;C:\Program Files\Docker\Docker\Resources\bin;C:\ProgramData\Oracle\Java\javapath;C:\Program Files (x86)\Intel\iCLS Client\;C:\Program Files\Intel\iCLS Client\;C:\WINDOWS\system32;C:\WINDOWS;C:\WINDOWS\System32\Wbem;C:\WINDOWS\System32\WindowsPowerShell\v1.0\;C:\Program Files (x86)\Intel\Intel(R) Management Engine Components\DAL;C:\Program Files\Intel\Intel(R) Management Engine Components\DAL;C:\Program Files (x86)\Intel\Intel(R) Management Engine Components\IPT;C:\Program Files\Intel\Intel(R) Management Engine Components\IPT;C:\Program Files\Java\jre1.8.0_162\bin;C:\Program Files (x86)\GtkSharp\2.12\bin;C:\Program Files\PuTTY\;C:\Program Files\Java\jdk1.8.0_162\bin;C:\Program Files\Git\cmd;C:\PROGRA~2\Groovy\GROOVY~1.15\bin;C:\WINDOWS\System32\OpenSSH\;C:\xampp\php;C:\Program Files (x86)\Microsoft SQL Server\Client SDK\ODBC\130\Tools\Binn\;C:\Program Files (x86)\Microsoft SQL Server\140\Tools\Binn\;C:\Program Files (x86)\Microsoft SQL Server\140\DTS\Binn\;C:\Program Files (x86)\Microsoft SQL Server\140\Tools\Binn\ManagementStudio\;c:\Program Files (x86)\Microsoft SQL Server\110\Tools\Binn\;c:\Program Files\Microsoft SQL Server\110\Tools\Binn\;c:\Program Files\Microsoft SQL Server\110\DTS\Binn\;C:\composer;C:\Flutter\flutter\bin;C:\Bitnami\wampstack-5.6.39-0\php;C:\ProgramData\chocolatey\bin;C:\Program Files (x86)\Yarn\bin\;C:\Program Files\Java\jdk1.8.0_211\bin;C:\Program Files\OpenJDK\openjdk-8u312-b07\bin;C:\Program Files\nodejs\;C:\Users\ADIT-PC\AppData\Local\Microsoft\WindowsApps;C:\Users\ADIT-PC\AppData\Local\Android\Sdk\platform-tools;C:\Users\ADIT-PC\AppData\Roaming\npm;C:\Users\ADIT-PC\AppData\Local\Programs\Microsoft VS Code\bin;C:\Users\ADIT-PC\AppData\Local\Android\Sdk;C:\src\flutter\bin;
USERNAME=ADIT-PC
OS=Windows_NT
PROCESSOR_IDENTIFIER=Intel64 Family 6 Model 94 Stepping 3, GenuineIntel



---------------  S Y S T E M  ---------------

OS: Windows 10.0 , 64 bit Build 19041 (10.0.19041.1566)

CPU:total 4 (initial active 4) (4 cores per cpu, 1 threads per core) family 6 model 94 stepping 3, cmov, cx8, fxsr, mmx, sse, sse2, sse3, ssse3, sse4.1, sse4.2, popcnt, avx, avx2, aes, clmul, erms, rtm, 3dnowpref, lzcnt, tsc, tscinvbit, bmi1, bmi2, adx

Memory: 4k page, physical 16638028k(2335780k free), swap 25629772k(6200k free)

vm_info: OpenJDK 64-Bit Server VM (25.242-b01) for windows-amd64 JRE (1.8.0_242-release-1644-b01), built by "builder" with MS VC++ 10.0 (VS2010)

time: Mon Mar 21 08:19:55 2022
timezone: SE Asia Standard Time
elapsed time: 8 seconds (0d 0h 0m 8s)

