#
# There is insufficient memory for the Java Runtime Environment to continue.
# Native memory allocation (malloc) failed to allocate 131088 bytes for Chunk::new
# Possible reasons:
#   The system is out of physical RAM or swap space
#   The process is running with CompressedOops enabled, and the Java Heap may be blocking the growth of the native heap
# Possible solutions:
#   Reduce memory load on the system
#   Increase physical memory or swap space
#   Check if swap backing store is full
#   Decrease Java heap size (-Xmx/-Xms)
#   Decrease number of Java threads
#   Decrease Java thread stack sizes (-Xss)
#   Set larger code cache with -XX:ReservedCodeCacheSize=
#   JVM is running with Unscaled Compressed Oops mode in which the Java heap is
#     placed in the first 4GB address space. The Java Heap base address is the
#     maximum limit for the native heap growth. Please use -XX:HeapBaseMinAddress
#     to set the Java Heap base and to place the Java Heap above 4GB virtual address.
# This output file may be truncated or incomplete.
#
#  Out of Memory Error (allocation.cpp:389), pid=1536, tid=0x0000000000005278
#
# JRE version: OpenJDK Runtime Environment (8.0_242-b01) (build 1.8.0_242-release-1644-b01)
# Java VM: OpenJDK 64-Bit Server VM (25.242-b01 mixed mode windows-amd64 compressed oops)
# Failed to write core dump. Minidumps are not enabled by default on client versions of Windows
#

---------------  T H R E A D  ---------------

Current thread (0x000000001755b000):  JavaThread "C2 CompilerThread1" daemon [_thread_in_native, id=21112, stack(0x0000000018cb0000,0x0000000018db0000)]

Stack: [0x0000000018cb0000,0x0000000018db0000]
[error occurred during error reporting (printing stack bounds), id 0xc0000005]

Native frames: (J=compiled Java code, j=interpreted, Vv=VM code, C=native code)


Current CompileTask:
C2:  27949 11783       4       com.android.tools.r8.dex.r$$Lambda$689/1862986365::accept (12 bytes)


---------------  P R O C E S S  ---------------

Java Threads: ( => current thread )
  0x0000000020fd1800 JavaThread "ForkJoinPool-1-worker-0" daemon [_thread_in_Java, id=22080, stack(0x0000000025ef0000,0x0000000025ff0000)]
  0x0000000020fd0000 JavaThread "ForkJoinPool-1-worker-3" daemon [_thread_blocked, id=6448, stack(0x0000000025df0000,0x0000000025ef0000)]
  0x0000000020fd2800 JavaThread "ForkJoinPool-1-worker-1" daemon [_thread_blocked, id=22212, stack(0x0000000025bf0000,0x0000000025cf0000)]
  0x0000000020fcf800 JavaThread "WorkerExecutor Queue Thread 2" [_thread_blocked, id=22056, stack(0x00000000256e0000,0x00000000257e0000)]
  0x0000000020fce000 JavaThread "WorkerExecutor Queue" [_thread_blocked, id=21632, stack(0x00000000255e0000,0x00000000256e0000)]
  0x0000000019fd2800 JavaThread "Cache worker for execution history cache (C:\Users\ADIT-PC\AndroidStudioProjects\AbsensiApp\.gradle\6.1.1\executionHistory)" [_thread_blocked, id=15888, stack(0x0000000025040000,0x0000000025140000)]
  0x0000000019fd8800 JavaThread "Execution worker for ':' Thread 3" [_thread_blocked, id=11668, stack(0x0000000024f40000,0x0000000025040000)]
  0x0000000019fd5800 JavaThread "Execution worker for ':' Thread 2" [_thread_in_native, id=21692, stack(0x0000000024900000,0x0000000024a00000)]
  0x0000000019fd6000 JavaThread "Execution worker for ':'" [_thread_blocked, id=7180, stack(0x00000000246d0000,0x00000000247d0000)]
  0x0000000019fd4000 JavaThread "Cache worker for file content cache (C:\Users\ADIT-PC\AndroidStudioProjects\AbsensiApp\.gradle\6.1.1\fileContent)" [_thread_blocked, id=22300, stack(0x0000000024e40000,0x0000000024f40000)]
  0x0000000019fd4800 JavaThread "Cache worker for file content cache (C:\Users\ADIT-PC\.gradle\caches\6.1.1\fileContent)" [_thread_blocked, id=12900, stack(0x0000000024aa0000,0x0000000024ba0000)]
  0x0000000019fd7000 JavaThread "Memory manager" [_thread_blocked, id=9044, stack(0x0000000024800000,0x0000000024900000)]
  0x0000000019fd0000 JavaThread "Cache worker for Build Output Cleanup Cache (C:\Users\ADIT-PC\AndroidStudioProjects\AbsensiApp\.gradle\buildOutputCleanup)" [_thread_blocked, id=9068, stack(0x00000000237d0000,0x00000000238d0000)]
  0x0000000019fce800 JavaThread "pool-1-thread-1" [_thread_blocked, id=21420, stack(0x0000000022020000,0x0000000022120000)]
  0x0000000019fcf800 JavaThread "Build operations Thread 4" [_thread_blocked, id=11532, stack(0x0000000021d20000,0x0000000021e20000)]
  0x0000000019fcd000 JavaThread "Build operations Thread 3" [_thread_blocked, id=22368, stack(0x0000000021c20000,0x0000000021d20000)]
  0x0000000019fcc800 JavaThread "Build operations Thread 2" [_thread_blocked, id=20100, stack(0x0000000021b20000,0x0000000021c20000)]
  0x0000000019fcb800 JavaThread "Build operations" [_thread_blocked, id=21788, stack(0x0000000021a20000,0x0000000021b20000)]
  0x000000001b64b000 JavaThread "Cache worker for execution history cache (C:\Users\ADIT-PC\.gradle\caches\6.1.1\executionHistory)" [_thread_blocked, id=22180, stack(0x000000001fec0000,0x000000001ffc0000)]
  0x000000001b64a800 JavaThread "Cache worker for cache directory md-rule (C:\Users\ADIT-PC\.gradle\caches\6.1.1\md-rule)" [_thread_blocked, id=17532, stack(0x000000001fdc0000,0x000000001fec0000)]
  0x000000001b64f800 JavaThread "Cache worker for cache directory md-supplier (C:\Users\ADIT-PC\.gradle\caches\6.1.1\md-supplier)" [_thread_blocked, id=2904, stack(0x000000001fcc0000,0x000000001fdc0000)]
  0x000000001b64e000 JavaThread "Cache worker for file hash cache (C:\Users\ADIT-PC\AndroidStudioProjects\AbsensiApp\.gradle\6.1.1\fileHashes)" [_thread_blocked, id=21172, stack(0x000000001f7c0000,0x000000001f8c0000)]
  0x000000001b651000 JavaThread "Cache worker for checksums cache (C:\Users\ADIT-PC\AndroidStudioProjects\AbsensiApp\.gradle\checksums)" [_thread_blocked, id=1504, stack(0x000000001f6c0000,0x000000001f7c0000)]
  0x000000001b64f000 JavaThread "Cache worker for file hash cache (C:\Users\ADIT-PC\.gradle\caches\6.1.1\fileHashes)" [_thread_blocked, id=22100, stack(0x000000001d320000,0x000000001d420000)]
  0x000000001b64d800 JavaThread "File lock request listener" [_thread_in_native, id=656, stack(0x000000001d220000,0x000000001d320000)]
  0x000000001b650800 JavaThread "Cache worker for journal cache (C:\Users\ADIT-PC\.gradle\caches\journal-1)" [_thread_blocked, id=11012, stack(0x000000001d120000,0x000000001d220000)]
  0x000000001b28d000 JavaThread "Thread-9" [_thread_blocked, id=19164, stack(0x000000001ce20000,0x000000001cf20000)]
  0x000000001b287000 JavaThread "Stdin handler" [_thread_blocked, id=12024, stack(0x000000001cd20000,0x000000001ce20000)]
  0x000000001b282000 JavaThread "Asynchronous log dispatcher for DefaultDaemonConnection: socket connection from /127.0.0.1:12172 to /127.0.0.1:12175" [_thread_blocked, id=4856, stack(0x000000001cc20000,0x000000001cd20000)]
  0x000000001b1f5000 JavaThread "Daemon worker" [_thread_blocked, id=14280, stack(0x000000001cb20000,0x000000001cc20000)]
  0x000000001b1f4000 JavaThread "Cancel handler" [_thread_blocked, id=1344, stack(0x000000001ca20000,0x000000001cb20000)]
  0x000000001b263800 JavaThread "Handler for socket connection from /127.0.0.1:12172 to /127.0.0.1:12175" [_thread_in_native, id=15980, stack(0x000000001c720000,0x000000001c820000)]
  0x000000001b263000 JavaThread "Daemon periodic checks" [_thread_blocked, id=21088, stack(0x000000001c620000,0x000000001c720000)]
  0x000000001b25d800 JavaThread "Daemon" [_thread_blocked, id=20600, stack(0x000000001c520000,0x000000001c620000)]
  0x000000001b218800 JavaThread "Incoming local TCP Connector on port 12172" [_thread_in_native, id=21576, stack(0x00000000195b0000,0x00000000196b0000)]
  0x000000001b155800 JavaThread "Daemon health stats" [_thread_blocked, id=18540, stack(0x00000000194b0000,0x00000000195b0000)]
  0x0000000018db8000 JavaThread "Service Thread" daemon [_thread_blocked, id=18172, stack(0x00000000192b0000,0x00000000193b0000)]
  0x0000000018db2000 JavaThread "C1 CompilerThread2" daemon [_thread_blocked, id=18264, stack(0x00000000191b0000,0x00000000192b0000)]
=>0x000000001755b000 JavaThread "C2 CompilerThread1" daemon [_thread_in_native, id=21112, stack(0x0000000018cb0000,0x0000000018db0000)]
  0x0000000017555000 JavaThread "C2 CompilerThread0" daemon [_thread_in_native, id=17068, stack(0x0000000018bb0000,0x0000000018cb0000)]
  0x0000000017553800 JavaThread "Attach Listener" daemon [_thread_blocked, id=19948, stack(0x0000000018ab0000,0x0000000018bb0000)]
  0x0000000017552800 JavaThread "Signal Dispatcher" daemon [_thread_blocked, id=17812, stack(0x00000000189b0000,0x0000000018ab0000)]
  0x0000000002926000 JavaThread "Finalizer" daemon [_thread_blocked, id=11796, stack(0x00000000187b0000,0x00000000188b0000)]
  0x0000000017539000 JavaThread "Reference Handler" daemon [_thread_blocked, id=10416, stack(0x00000000186b0000,0x00000000187b0000)]
  0x0000000002832800 JavaThread "main" [_thread_blocked, id=18804, stack(0x00000000026a0000,0x00000000027a0000)]

Other Threads:
  0x0000000017516000 VMThread [stack: 0x00000000185b0000,0x00000000186b0000] [id=5076]
  0x0000000018db9000 WatcherThread [stack: 0x00000000193b0000,0x00000000194b0000] [id=16396]

VM state:not at safepoint (normal execution)

VM Mutex/Monitor currently owned by a thread: None

heap address: 0x0000000080000000, size: 2048 MB, Compressed Oops mode: 32-bit
Narrow klass base: 0x0000000000000000, Narrow klass shift: 3
Compressed class space size: 1073741824 Address: 0x0000000100000000

Heap:
 PSYoungGen      total 405504K, used 109230K [0x00000000d5580000, 0x00000000f2a80000, 0x0000000100000000)
  eden space 337920K, 32% used [0x00000000d5580000,0x00000000dc02bb70,0x00000000e9f80000)
  from space 67584K, 0% used [0x00000000ee400000,0x00000000ee400000,0x00000000f2600000)
  to   space 70144K, 0% used [0x00000000e9f80000,0x00000000e9f80000,0x00000000ee400000)
 ParOldGen       total 203264K, used 178171K [0x0000000080000000, 0x000000008c680000, 0x00000000d5580000)
  object space 203264K, 87% used [0x0000000080000000,0x000000008adfef78,0x000000008c680000)
 Metaspace       used 69863K, capacity 73198K, committed 73648K, reserved 1112064K
  class space    used 9626K, capacity 10342K, committed 10416K, reserved 1048576K

Card table byte_map: [0x0000000011cf0000,0x0000000012100000] byte_map_base: 0x00000000118f0000

Marking Bits: (ParMarkBitMap*) 0x00000000597cf030
 Begin Bits: [0x00000000127b0000, 0x00000000147b0000)
 End Bits:   [0x00000000147b0000, 0x00000000167b0000)

Polling page: 0x0000000000ed0000

CodeCache: size=245760Kb used=33601Kb max_used=33620Kb free=212158Kb
 bounds [0x0000000002930000, 0x0000000004a40000, 0x0000000011930000]
 total_blobs=10736 nmethods=9933 adapters=715
 compilation: enabled

Compilation events (10 events):
Event: 27.880 Thread 0x000000001755b000 11779       4       com.android.tools.r8.graph.b0::d0 (63 bytes)
Event: 27.884 Thread 0x0000000017555000 11780       4       com.android.tools.r8.graph.b0::b0 (40 bytes)
Event: 27.885 Thread 0x0000000017555000 nmethod 11780 0x000000000339ddd0 code [0x000000000339df00, 0x000000000339df78]
Event: 27.885 Thread 0x0000000017555000 11781       4       com.android.tools.r8.graph.Q::equals (37 bytes)
Event: 27.887 Thread 0x0000000017555000 nmethod 11781 0x00000000049f8390 code [0x00000000049f84e0, 0x00000000049f86b8]
Event: 27.892 Thread 0x0000000017555000 11782       4       com.android.tools.r8.dex.r::c (181 bytes)
Event: 27.908 Thread 0x000000001755b000 nmethod 11779 0x0000000004a31390 code [0x0000000004a31660, 0x0000000004a33618]
Event: 27.908 Thread 0x000000001755b000 11785       4       com.android.tools.r8.graph.h0$u::equals (52 bytes)
Event: 27.909 Thread 0x000000001755b000 nmethod 11785 0x00000000049f7f50 code [0x00000000049f80a0, 0x00000000049f81f8]
Event: 27.909 Thread 0x000000001755b000 11783       4       com.android.tools.r8.dex.r$$Lambda$689/1862986365::accept (12 bytes)

GC Heap History (10 events):
Event: 16.655 GC heap before
{Heap before GC invocations=14 (full 3):
 PSYoungGen      total 236544K, used 216064K [0x00000000d5580000, 0x00000000e7880000, 0x0000000100000000)
  eden space 216064K, 100% used [0x00000000d5580000,0x00000000e2880000,0x00000000e2880000)
  from space 20480K, 0% used [0x00000000e3c80000,0x00000000e3c80000,0x00000000e5080000)
  to   space 20480K, 0% used [0x00000000e2880000,0x00000000e2880000,0x00000000e3c80000)
 ParOldGen       total 203264K, used 37690K [0x0000000080000000, 0x000000008c680000, 0x00000000d5580000)
  object space 203264K, 18% used [0x0000000080000000,0x00000000824ceb00,0x000000008c680000)
 Metaspace       used 62013K, capacity 64650K, committed 64688K, reserved 1105920K
  class space    used 8518K, capacity 9122K, committed 9136K, reserved 1048576K
Event: 16.674 GC heap after
Heap after GC invocations=14 (full 3):
 PSYoungGen      total 236544K, used 20468K [0x00000000d5580000, 0x00000000e8400000, 0x0000000100000000)
  eden space 216064K, 0% used [0x00000000d5580000,0x00000000d5580000,0x00000000e2880000)
  from space 20480K, 99% used [0x00000000e2880000,0x00000000e3c7d1f8,0x00000000e3c80000)
  to   space 23040K, 0% used [0x00000000e6d80000,0x00000000e6d80000,0x00000000e8400000)
 ParOldGen       total 203264K, used 38120K [0x0000000080000000, 0x000000008c680000, 0x00000000d5580000)
  object space 203264K, 18% used [0x0000000080000000,0x000000008253a0d0,0x000000008c680000)
 Metaspace       used 62013K, capacity 64650K, committed 64688K, reserved 1105920K
  class space    used 8518K, capacity 9122K, committed 9136K, reserved 1048576K
}
Event: 18.911 GC heap before
{Heap before GC invocations=15 (full 3):
 PSYoungGen      total 236544K, used 236532K [0x00000000d5580000, 0x00000000e8400000, 0x0000000100000000)
  eden space 216064K, 100% used [0x00000000d5580000,0x00000000e2880000,0x00000000e2880000)
  from space 20480K, 99% used [0x00000000e2880000,0x00000000e3c7d1f8,0x00000000e3c80000)
  to   space 23040K, 0% used [0x00000000e6d80000,0x00000000e6d80000,0x00000000e8400000)
 ParOldGen       total 203264K, used 38120K [0x0000000080000000, 0x000000008c680000, 0x00000000d5580000)
  object space 203264K, 18% used [0x0000000080000000,0x000000008253a0d0,0x000000008c680000)
 Metaspace       used 63409K, capacity 66312K, committed 66480K, reserved 1105920K
  class space    used 8696K, capacity 9357K, committed 9392K, reserved 1048576K
Event: 18.972 GC heap after
Heap after GC invocations=15 (full 3):
 PSYoungGen      total 281600K, used 23037K [0x00000000d5580000, 0x00000000e9280000, 0x0000000100000000)
  eden space 258560K, 0% used [0x00000000d5580000,0x00000000d5580000,0x00000000e5200000)
  from space 23040K, 99% used [0x00000000e6d80000,0x00000000e83ff650,0x00000000e8400000)
  to   space 28160K, 0% used [0x00000000e5200000,0x00000000e5200000,0x00000000e6d80000)
 ParOldGen       total 203264K, used 44198K [0x0000000080000000, 0x000000008c680000, 0x00000000d5580000)
  object space 203264K, 21% used [0x0000000080000000,0x0000000082b29990,0x000000008c680000)
 Metaspace       used 63409K, capacity 66312K, committed 66480K, reserved 1105920K
  class space    used 8696K, capacity 9357K, committed 9392K, reserved 1048576K
}
Event: 21.643 GC heap before
{Heap before GC invocations=16 (full 3):
 PSYoungGen      total 281600K, used 281597K [0x00000000d5580000, 0x00000000e9280000, 0x0000000100000000)
  eden space 258560K, 100% used [0x00000000d5580000,0x00000000e5200000,0x00000000e5200000)
  from space 23040K, 99% used [0x00000000e6d80000,0x00000000e83ff650,0x00000000e8400000)
  to   space 28160K, 0% used [0x00000000e5200000,0x00000000e5200000,0x00000000e6d80000)
 ParOldGen       total 203264K, used 44198K [0x0000000080000000, 0x000000008c680000, 0x00000000d5580000)
  object space 203264K, 21% used [0x0000000080000000,0x0000000082b29990,0x000000008c680000)
 Metaspace       used 67666K, capacity 70794K, committed 70960K, reserved 1110016K
  class space    used 9377K, capacity 10026K, committed 10032K, reserved 1048576K
Event: 21.838 GC heap after
Heap after GC invocations=16 (full 3):
 PSYoungGen      total 286720K, used 28159K [0x00000000d5580000, 0x00000000f2600000, 0x0000000100000000)
  eden space 258560K, 0% used [0x00000000d5580000,0x00000000d5580000,0x00000000e5200000)
  from space 28160K, 99% used [0x00000000e5200000,0x00000000e6d7fc80,0x00000000e6d80000)
  to   space 67584K, 0% used [0x00000000ee400000,0x00000000ee400000,0x00000000f2600000)
 ParOldGen       total 203264K, used 140616K [0x0000000080000000, 0x000000008c680000, 0x00000000d5580000)
  object space 203264K, 69% used [0x0000000080000000,0x00000000889520f8,0x000000008c680000)
 Metaspace       used 67666K, capacity 70794K, committed 70960K, reserved 1110016K
  class space    used 9377K, capacity 10026K, committed 10032K, reserved 1048576K
}
Event: 25.538 GC heap before
{Heap before GC invocations=17 (full 3):
 PSYoungGen      total 286720K, used 286719K [0x00000000d5580000, 0x00000000f2600000, 0x0000000100000000)
  eden space 258560K, 100% used [0x00000000d5580000,0x00000000e5200000,0x00000000e5200000)
  from space 28160K, 99% used [0x00000000e5200000,0x00000000e6d7fc80,0x00000000e6d80000)
  to   space 67584K, 0% used [0x00000000ee400000,0x00000000ee400000,0x00000000f2600000)
 ParOldGen       total 203264K, used 140616K [0x0000000080000000, 0x000000008c680000, 0x00000000d5580000)
  object space 203264K, 69% used [0x0000000080000000,0x00000000889520f8,0x000000008c680000)
 Metaspace       used 69911K, capacity 73360K, committed 73648K, reserved 1112064K
  class space    used 9645K, capacity 10375K, committed 10416K, reserved 1048576K
Event: 25.651 GC heap after
Heap after GC invocations=17 (full 3):
 PSYoungGen      total 405504K, used 42512K [0x00000000d5580000, 0x00000000f2a80000, 0x0000000100000000)
  eden space 337920K, 0% used [0x00000000d5580000,0x00000000d5580000,0x00000000e9f80000)
  from space 67584K, 62% used [0x00000000ee400000,0x00000000f0d84128,0x00000000f2600000)
  to   space 70144K, 0% used [0x00000000e9f80000,0x00000000e9f80000,0x00000000ee400000)
 ParOldGen       total 203264K, used 163194K [0x0000000080000000, 0x000000008c680000, 0x00000000d5580000)
  object space 203264K, 80% used [0x0000000080000000,0x0000000089f5e970,0x000000008c680000)
 Metaspace       used 69911K, capacity 73360K, committed 73648K, reserved 1112064K
  class space    used 9645K, capacity 10375K, committed 10416K, reserved 1048576K
}
Event: 25.651 GC heap before
{Heap before GC invocations=18 (full 4):
 PSYoungGen      total 405504K, used 42512K [0x00000000d5580000, 0x00000000f2a80000, 0x0000000100000000)
  eden space 337920K, 0% used [0x00000000d5580000,0x00000000d5580000,0x00000000e9f80000)
  from space 67584K, 62% used [0x00000000ee400000,0x00000000f0d84128,0x00000000f2600000)
  to   space 70144K, 0% used [0x00000000e9f80000,0x00000000e9f80000,0x00000000ee400000)
 ParOldGen       total 203264K, used 163194K [0x0000000080000000, 0x000000008c680000, 0x00000000d5580000)
  object space 203264K, 80% used [0x0000000080000000,0x0000000089f5e970,0x000000008c680000)
 Metaspace       used 69911K, capacity 73360K, committed 73648K, reserved 1112064K
  class space    used 9645K, capacity 10375K, committed 10416K, reserved 1048576K
Event: 26.984 GC heap after
Heap after GC invocations=18 (full 4):
 PSYoungGen      total 405504K, used 0K [0x00000000d5580000, 0x00000000f2a80000, 0x0000000100000000)
  eden space 337920K, 0% used [0x00000000d5580000,0x00000000d5580000,0x00000000e9f80000)
  from space 67584K, 0% used [0x00000000ee400000,0x00000000ee400000,0x00000000f2600000)
  to   space 70144K, 0% used [0x00000000e9f80000,0x00000000e9f80000,0x00000000ee400000)
 ParOldGen       total 203264K, used 178171K [0x0000000080000000, 0x000000008c680000, 0x00000000d5580000)
  object space 203264K, 87% used [0x0000000080000000,0x000000008adfef78,0x000000008c680000)
 Metaspace       used 69855K, capacity 73198K, committed 73648K, reserved 1112064K
  class space    used 9626K, capacity 10342K, committed 10416K, reserved 1048576K
}

Deoptimization events (10 events):
Event: 27.165 Thread 0x0000000020fd1800 Uncommon trap: reason=unstable_if action=reinterpret pc=0x0000000004537dcc method=com.android.tools.r8.dex.r.b()Lcom/android/tools/r8/dex/r$a; @ 416
Event: 27.646 Thread 0x0000000020fd1800 Uncommon trap: reason=unstable_if action=reinterpret pc=0x0000000003de2ac0 method=java.util.IdentityHashMap.put(Ljava/lang/Object;Ljava/lang/Object;)Ljava/lang/Object; @ 38
Event: 27.737 Thread 0x0000000020fd1800 Uncommon trap: reason=class_check action=maybe_recompile pc=0x0000000004974690 method=com.android.tools.r8.v.a.a.a.h.K.a(Ljava/lang/Object;)I @ 35
Event: 27.737 Thread 0x0000000020fd1800 Uncommon trap: reason=class_check action=maybe_recompile pc=0x0000000004974690 method=com.android.tools.r8.v.a.a.a.h.K.a(Ljava/lang/Object;)I @ 35
Event: 27.737 Thread 0x0000000020fd1800 Uncommon trap: reason=class_check action=maybe_recompile pc=0x0000000004974690 method=com.android.tools.r8.v.a.a.a.h.K.a(Ljava/lang/Object;)I @ 35
Event: 27.737 Thread 0x0000000020fd1800 Uncommon trap: reason=class_check action=maybe_recompile pc=0x0000000004974690 method=com.android.tools.r8.v.a.a.a.h.K.a(Ljava/lang/Object;)I @ 35
Event: 27.775 Thread 0x0000000020fd1800 Uncommon trap: reason=bimorphic action=maybe_recompile pc=0x0000000004a02480 method=com.android.tools.r8.v.a.a.a.h.K.a(Ljava/lang/Object;)I @ 35
Event: 27.775 Thread 0x0000000020fd1800 Uncommon trap: reason=bimorphic action=maybe_recompile pc=0x0000000004a02480 method=com.android.tools.r8.v.a.a.a.h.K.a(Ljava/lang/Object;)I @ 35
Event: 27.775 Thread 0x0000000020fd1800 Uncommon trap: reason=bimorphic action=maybe_recompile pc=0x0000000004a02480 method=com.android.tools.r8.v.a.a.a.h.K.a(Ljava/lang/Object;)I @ 35
Event: 27.776 Thread 0x0000000020fd1800 Uncommon trap: reason=bimorphic action=maybe_recompile pc=0x0000000004a02480 method=com.android.tools.r8.v.a.a.a.h.K.a(Ljava/lang/Object;)I @ 35

Classes redefined (0 events):
No events

Internal exceptions (10 events):
Event: 19.509 Thread 0x000000001b1f5000 Exception <a 'java/lang/NoSuchMethodError': <clinit>> (0x00000000d844d808) thrown at [C:\src\AOSP-openjdk-git\hotspot\src\share\vm\prims\jni.cpp, line 1615]
Event: 20.231 Thread 0x0000000020fce000 Exception <a 'sun/nio/fs/WindowsException'> (0x00000000d9e061f0) thrown at [C:\src\AOSP-openjdk-git\hotspot\src\share\vm\prims\jni.cpp, line 710]
Event: 21.098 Thread 0x0000000020fd2800 Implicit null exception at 0x00000000033397ef to 0x00000000033398e1
Event: 21.098 Thread 0x0000000020fd1000 Implicit null exception at 0x00000000033397ef to 0x00000000033398e1
Event: 21.098 Thread 0x0000000020fd0000 Implicit null exception at 0x00000000033397ef to 0x00000000033398e1
Event: 21.098 Thread 0x0000000020fd1800 Implicit null exception at 0x00000000033397ef to 0x00000000033398e1
Event: 22.201 Thread 0x0000000020fce000 Implicit null exception at 0x0000000004465db4 to 0x00000000044660a6
Event: 24.534 Thread 0x0000000020fd2800 Implicit null exception at 0x0000000002acdf13 to 0x0000000002ace255
Event: 25.133 Thread 0x0000000020fd1800 Implicit null exception at 0x000000000443d24f to 0x000000000443d3b1
Event: 25.270 Thread 0x0000000020fd2800 Exception <a 'sun/nio/fs/WindowsException'> (0x00000000e31e5a40) thrown at [C:\src\AOSP-openjdk-git\hotspot\src\share\vm\prims\jni.cpp, line 710]

Events (10 events):
Event: 27.775 Thread 0x0000000020fd1800 DEOPT PACKING pc=0x0000000004a02480 sp=0x0000000025feee50
Event: 27.775 Thread 0x0000000020fd1800 DEOPT UNPACKING pc=0x000000000297557b sp=0x0000000025feeda0 mode 2
Event: 27.775 Thread 0x0000000020fd1800 Uncommon trap: trap_request=0xffffffc6 fr.pc=0x0000000004a02480
Event: 27.776 Thread 0x0000000020fd1800 DEOPT PACKING pc=0x0000000004a02480 sp=0x0000000025feee50
Event: 27.776 Thread 0x0000000020fd1800 DEOPT UNPACKING pc=0x000000000297557b sp=0x0000000025feeda0 mode 2
Event: 27.776 Thread 0x0000000020fd1800 Uncommon trap: trap_request=0xffffffc6 fr.pc=0x0000000004a02480
Event: 27.776 Thread 0x0000000020fd1800 DEOPT PACKING pc=0x0000000004a02480 sp=0x0000000025feefa0
Event: 27.776 Thread 0x0000000020fd1800 DEOPT UNPACKING pc=0x000000000297557b sp=0x0000000025feeef0 mode 2
Event: 27.849 Thread 0x0000000020fd1800 DEOPT PACKING pc=0x00000000049e7f5d sp=0x0000000025fef300
Event: 27.849 Thread 0x0000000020fd1800 DEOPT UNPACKING pc=0x00000000029775d0 sp=0x0000000025fef040 mode 0


Dynamic libraries:
0x00007ff6a1040000 - 0x00007ff6a1071000 	C:\Program Files\Android\Android Studio\jre\bin\java.exe
0x00007ffc3c5b0000 - 0x00007ffc3c7a5000 	C:\WINDOWS\SYSTEM32\ntdll.dll
0x00007ffc3a860000 - 0x00007ffc3a91d000 	C:\WINDOWS\System32\KERNEL32.DLL
0x00007ffc39cf0000 - 0x00007ffc39fbd000 	C:\WINDOWS\System32\KERNELBASE.dll
0x000000005ae10000 - 0x000000005aebf000 	C:\ProgramData\Symantec\Symantec Endpoint Protection\14.3.5413.3000.105\Data\Sysfer\x64\sysfer.dll
0x00007ffc3be50000 - 0x00007ffc3befe000 	C:\WINDOWS\System32\ADVAPI32.dll
0x00007ffc3bdb0000 - 0x00007ffc3be4e000 	C:\WINDOWS\System32\msvcrt.dll
0x00007ffc3bc00000 - 0x00007ffc3bc9c000 	C:\WINDOWS\System32\sechost.dll
0x00007ffc3a660000 - 0x00007ffc3a785000 	C:\WINDOWS\System32\RPCRT4.dll
0x00007ffc3adb0000 - 0x00007ffc3af50000 	C:\WINDOWS\System32\USER32.dll
0x00007ffc3a0d0000 - 0x00007ffc3a0f2000 	C:\WINDOWS\System32\win32u.dll
0x00007ffc3c4c0000 - 0x00007ffc3c4ea000 	C:\WINDOWS\System32\GDI32.dll
0x00007ffc39fc0000 - 0x00007ffc3a0cb000 	C:\WINDOWS\System32\gdi32full.dll
0x00007ffc3a100000 - 0x00007ffc3a19d000 	C:\WINDOWS\System32\msvcp_win.dll
0x00007ffc3a300000 - 0x00007ffc3a400000 	C:\WINDOWS\System32\ucrtbase.dll
0x00007ffc263e0000 - 0x00007ffc2667a000 	C:\WINDOWS\WinSxS\amd64_microsoft.windows.common-controls_6595b64144ccf1df_6.0.19041.1110_none_60b5254171f9507e\COMCTL32.dll
0x00007ffc3b6a0000 - 0x00007ffc3b6d0000 	C:\WINDOWS\System32\IMM32.DLL
0x0000000058b20000 - 0x0000000058bf2000 	C:\Program Files\Android\Android Studio\jre\jre\bin\msvcr100.dll
0x0000000059000000 - 0x000000005984b000 	C:\Program Files\Android\Android Studio\jre\jre\bin\server\jvm.dll
0x00007ffc3ada0000 - 0x00007ffc3ada8000 	C:\WINDOWS\System32\PSAPI.DLL
0x00007ffc25a50000 - 0x00007ffc25a59000 	C:\WINDOWS\SYSTEM32\WSOCK32.dll
0x00007ffc3b9e0000 - 0x00007ffc3ba4b000 	C:\WINDOWS\System32\WS2_32.dll
0x00007ffc259d0000 - 0x00007ffc259f7000 	C:\WINDOWS\SYSTEM32\WINMM.dll
0x00007ffc38430000 - 0x00007ffc3843a000 	C:\WINDOWS\SYSTEM32\VERSION.dll
0x00007ffc31800000 - 0x00007ffc3180f000 	C:\Program Files\Android\Android Studio\jre\jre\bin\verify.dll
0x00007ffc044e0000 - 0x00007ffc04509000 	C:\Program Files\Android\Android Studio\jre\jre\bin\java.dll
0x00007ffc044c0000 - 0x00007ffc044d6000 	C:\Program Files\Android\Android Studio\jre\jre\bin\zip.dll
0x00007ffc3af50000 - 0x00007ffc3b694000 	C:\WINDOWS\System32\SHELL32.dll
0x00007ffc37c80000 - 0x00007ffc38414000 	C:\WINDOWS\SYSTEM32\windows.storage.dll
0x00007ffc3bf60000 - 0x00007ffc3c2b4000 	C:\WINDOWS\System32\combase.dll
0x00007ffc39570000 - 0x00007ffc3959c000 	C:\WINDOWS\SYSTEM32\Wldp.dll
0x00007ffc3c410000 - 0x00007ffc3c4bd000 	C:\WINDOWS\System32\SHCORE.dll
0x00007ffc3a600000 - 0x00007ffc3a655000 	C:\WINDOWS\System32\shlwapi.dll
0x00007ffc39c00000 - 0x00007ffc39c1f000 	C:\WINDOWS\SYSTEM32\profapi.dll
0x00007ffc044a0000 - 0x00007ffc044ba000 	C:\Program Files\Android\Android Studio\jre\jre\bin\net.dll
0x00007ffc39350000 - 0x00007ffc393ba000 	C:\WINDOWS\system32\mswsock.dll
0x00007ffc041b0000 - 0x00007ffc041c3000 	C:\Program Files\Android\Android Studio\jre\jre\bin\nio.dll
0x00007ffc21cf0000 - 0x00007ffc21d16000 	C:\Users\ADIT-PC\.gradle\native\31\windows-amd64\native-platform.dll
0x00007ffc04490000 - 0x00007ffc0449d000 	C:\Program Files\Android\Android Studio\jre\jre\bin\management.dll
0x00007ffc395b0000 - 0x00007ffc395c8000 	C:\WINDOWS\SYSTEM32\CRYPTSP.dll
0x00007ffc38cf0000 - 0x00007ffc38d24000 	C:\WINDOWS\system32\rsaenh.dll
0x00007ffc39cc0000 - 0x00007ffc39ce7000 	C:\WINDOWS\System32\bcrypt.dll
0x00007ffc39bc0000 - 0x00007ffc39bee000 	C:\WINDOWS\SYSTEM32\USERENV.dll
0x00007ffc3a4c0000 - 0x00007ffc3a542000 	C:\WINDOWS\System32\bcryptprimitives.dll
0x00007ffc394e0000 - 0x00007ffc394ec000 	C:\WINDOWS\SYSTEM32\CRYPTBASE.dll
0x00007ffc39060000 - 0x00007ffc3909b000 	C:\WINDOWS\SYSTEM32\IPHLPAPI.DLL
0x00007ffc3c2d0000 - 0x00007ffc3c2d8000 	C:\WINDOWS\System32\NSI.dll
0x00007ffc320a0000 - 0x00007ffc320b7000 	C:\WINDOWS\SYSTEM32\dhcpcsvc6.DLL
0x00007ffc31f80000 - 0x00007ffc31f9d000 	C:\WINDOWS\SYSTEM32\dhcpcsvc.DLL
0x00007ffc390b0000 - 0x00007ffc3917b000 	C:\WINDOWS\SYSTEM32\DNSAPI.dll

VM Arguments:
jvm_args: -Xmx2048m -Dfile.encoding=windows-1252 -Duser.country=ID -Duser.language=en -Duser.variant 
java_command: org.gradle.launcher.daemon.bootstrap.GradleDaemon 6.1.1
java_class_path (initial): C:\Users\ADIT-PC\.gradle\wrapper\dists\gradle-6.1.1-all\cfmwm155h49vnt3hynmlrsdst\gradle-6.1.1\lib\gradle-launcher-6.1.1.jar
Launcher Type: SUN_STANDARD

Environment Variables:
JAVA_HOME=C:\Program Files\Java\jdk-15.0.2
CLASSPATH=.;
PATH=C:\Program Files\Common Files\Oracle\Java\javapath;C:\Python311\Scripts\;C:\Python311\;C:\Python310\Scripts\;C:\Python310\;C:\Python27\;C:\Python27\Scripts;C:\Program Files (x86)\Common Files\Oracle\Java\javapath;C:\Program Files\Docker\Docker\Resources\bin;C:\ProgramData\Oracle\Java\javapath;C:\Program Files (x86)\Intel\iCLS Client\;C:\Program Files\Intel\iCLS Client\;C:\WINDOWS\system32;C:\WINDOWS;C:\WINDOWS\System32\Wbem;C:\WINDOWS\System32\WindowsPowerShell\v1.0\;C:\Program Files (x86)\Intel\Intel(R) Management Engine Components\DAL;C:\Program Files\Intel\Intel(R) Management Engine Components\DAL;C:\Program Files (x86)\Intel\Intel(R) Management Engine Components\IPT;C:\Program Files\Intel\Intel(R) Management Engine Components\IPT;C:\Program Files\Java\jre1.8.0_162\bin;C:\Program Files (x86)\GtkSharp\2.12\bin;C:\Program Files\PuTTY\;C:\Program Files\Java\jdk1.8.0_162\bin;C:\PROGRA~2\Groovy\GROOVY~1.15\bin;C:\WINDOWS\System32\OpenSSH\;C:\xampp\php;C:\Program Files (x86)\Microsoft SQL Server\Client SDK\ODBC\130\Tools\Binn\;C:\Program Files (x86)\Microsoft SQL Server\140\Tools\Binn\;C:\Program Files (x86)\Microsoft SQL Server\140\DTS\Binn\;C:\Program Files (x86)\Microsoft SQL Server\140\Tools\Binn\ManagementStudio\;c:\Program Files (x86)\Microsoft SQL Server\110\Tools\Binn\;c:\Program Files\Microsoft SQL Server\110\Tools\Binn\;c:\Program Files\Microsoft SQL Server\110\DTS\Binn\;C:\composer;C:\Flutter\flutter\bin;C:\Bitnami\wampstack-5.6.39-0\php;C:\ProgramData\chocolatey\bin;C:\Program Files (x86)\Yarn\bin\;C:\Program Files\Java\jdk1.8.0_211\bin;C:\Program Files\OpenJDK\openjdk-8u312-b07\bin;C:\Program Files\nodejs\;C:\Program Files\Git\cmd;C:\Users\ADIT-PC\AppData\Local\Microsoft\WindowsApps;C:\Users\ADIT-PC\AppData\Local\Android\Sdk\platform-tools;C:\Users\ADIT-PC\AppData\Roaming\npm;C:\Users\ADIT-PC\AppData\Local\Programs\Microsoft VS Code\bin;C:\Users\ADIT-PC\AppData\Local\Android\Sdk;C:\src\flutter\bin;
USERNAME=ADIT-PC
OS=Windows_NT
PROCESSOR_IDENTIFIER=Intel64 Family 6 Model 94 Stepping 3, GenuineIntel



---------------  S Y S T E M  ---------------

OS: Windows 10.0 , 64 bit Build 19041 (10.0.19041.1706)

CPU:total 4 (initial active 4) (4 cores per cpu, 1 threads per core) family 6 model 94 stepping 3, cmov, cx8, fxsr, mmx, sse, sse2, sse3, ssse3, sse4.1, sse4.2, popcnt, avx, avx2, aes, clmul, erms, rtm, 3dnowpref, lzcnt, tsc, tscinvbit, bmi1, bmi2, adx

Memory: 4k page, physical 16638028k(692816k free), swap 25629772k(5272k free)

vm_info: OpenJDK 64-Bit Server VM (25.242-b01) for windows-amd64 JRE (1.8.0_242-release-1644-b01), built by "builder" with MS VC++ 10.0 (VS2010)

time: Fri Jun 10 08:16:12 2022
timezone: SE Asia Standard Time
elapsed time: 27 seconds (0d 0h 0m 27s)

