#
# There is insufficient memory for the Java Runtime Environment to continue.
# Native memory allocation (malloc) failed to allocate 957936 bytes for Chunk::new
# Possible reasons:
#   The system is out of physical RAM or swap space
#   The process is running with CompressedOops enabled, and the Java Heap may be blocking the growth of the native heap
# Possible solutions:
#   Reduce memory load on the system
#   Increase physical memory or swap space
#   Check if swap backing store is full
#   Decrease Java heap size (-Xmx/-Xms)
#   Decrease number of Java threads
#   Decrease Java thread stack sizes (-Xss)
#   Set larger code cache with -XX:ReservedCodeCacheSize=
#   JVM is running with Unscaled Compressed Oops mode in which the Java heap is
#     placed in the first 4GB address space. The Java Heap base address is the
#     maximum limit for the native heap growth. Please use -XX:HeapBaseMinAddress
#     to set the Java Heap base and to place the Java Heap above 4GB virtual address.
# This output file may be truncated or incomplete.
#
#  Out of Memory Error (arena.cpp:189), pid=10072, tid=23696
#
# JRE version: OpenJDK Runtime Environment (17.0.6) (build 17.0.6+0-b2043.56-10027231)
# Java VM: OpenJDK 64-Bit Server VM (17.0.6+0-b2043.56-10027231, mixed mode, tiered, compressed oops, compressed class ptrs, g1 gc, windows-amd64)
# No core dump will be written. Minidumps are not enabled by default on client versions of Windows
#

---------------  S U M M A R Y ------------

Command Line: --add-opens=java.base/java.util=ALL-UNNAMED --add-opens=java.base/java.lang=ALL-UNNAMED --add-opens=java.base/java.lang.invoke=ALL-UNNAMED --add-opens=java.prefs/java.util.prefs=ALL-UNNAMED --add-opens=java.base/java.nio.charset=ALL-UNNAMED --add-opens=java.base/java.net=ALL-UNNAMED --add-opens=java.base/java.util.concurrent.atomic=ALL-UNNAMED -Xmx2048m -Dfile.encoding=windows-1252 -Duser.country=ID -Duser.language=en -Duser.variant org.gradle.launcher.daemon.bootstrap.GradleDaemon 8.0

Host: Intel(R) Core(TM) i5-6500 CPU @ 3.20GHz, 4 cores, 15G,  Windows 10 , 64 bit Build 19041 (10.0.19041.3636)
Time: Thu Feb  8 20:49:44 2024 SE Asia Standard Time elapsed time: 24.813635 seconds (0d 0h 0m 24s)

---------------  T H R E A D  ---------------

Current thread (0x0000010a2c89f1b0):  JavaThread "C2 CompilerThread0" daemon [_thread_in_native, id=23696, stack(0x0000000938400000,0x0000000938500000)]


Current CompileTask:
C2:  24813 12738       4       org.apache.xerces.parsers.XML11Configuration::addRecognizedParamsAndSetDefaults (165 bytes)

Stack: [0x0000000938400000,0x0000000938500000]
Native frames: (J=compiled Java code, j=interpreted, Vv=VM code, C=native code)
V  [jvm.dll+0x683c9a]
V  [jvm.dll+0x8427a4]
V  [jvm.dll+0x843f9e]
V  [jvm.dll+0x844603]
V  [jvm.dll+0x249b75]
V  [jvm.dll+0xabcac]
V  [jvm.dll+0xac27c]
V  [jvm.dll+0x368802]
V  [jvm.dll+0x332f31]
V  [jvm.dll+0x3323da]
V  [jvm.dll+0x21c201]
V  [jvm.dll+0x21b621]
V  [jvm.dll+0x1a4fdd]
V  [jvm.dll+0x22b098]
V  [jvm.dll+0x229159]
V  [jvm.dll+0x7f81ec]
V  [jvm.dll+0x7f274a]
V  [jvm.dll+0x682ad5]
C  [ucrtbase.dll+0x21bb2]
C  [KERNEL32.DLL+0x17344]
C  [ntdll.dll+0x526b1]


---------------  P R O C E S S  ---------------

Threads class SMR info:
_java_thread_list=0x0000010a358eb910, length=91, elements={
0x0000010a10a1fea0, 0x0000010a2c82f650, 0x0000010a2c831b80, 0x0000010a2c880c90,
0x0000010a2c884770, 0x0000010a2c8877e0, 0x0000010a2c89aba0, 0x0000010a2c89f1b0,
0x0000010a2c8a4ab0, 0x0000010a2c8b8320, 0x0000010a2ca44d60, 0x0000010a2ca45640,
0x0000010a2fb0fa90, 0x0000010a2f677220, 0x0000010a2f03a040, 0x0000010a2e00c140,
0x0000010a2dfe0a80, 0x0000010a2f5d0830, 0x0000010a2f4c5510, 0x0000010a2e1336b0,
0x0000010a2e1331e0, 0x0000010a2e133b80, 0x0000010a2e134050, 0x0000010a2e134520,
0x0000010a2e1349f0, 0x0000010a2e132d10, 0x0000010a2e135390, 0x0000010a2e135860,
0x0000010a2e135d30, 0x0000010a2e136200, 0x0000010a2fcdb570, 0x0000010a2fcd93c0,
0x0000010a2fcd8550, 0x0000010a2fcdb0a0, 0x0000010a2fcdba40, 0x0000010a2fcdabd0,
0x0000010a2fcdbf10, 0x0000010a2fcd5a00, 0x0000010a2fcd76e0, 0x0000010a2fcdc8b0,
0x0000010a2fcda230, 0x0000010a2fcd63a0, 0x0000010a2fcd9890, 0x0000010a2fcd6870,
0x0000010a2fcd7bb0, 0x0000010a2fcd8a20, 0x0000010a2fcd8ef0, 0x0000010a2fcda700,
0x0000010a2f5ae830, 0x0000010a2f5ab340, 0x0000010a2f5aa000, 0x0000010a2f5a87f0,
0x0000010a2f5a6fe0, 0x0000010a2f5ae360, 0x0000010a2f5ad4f0, 0x0000010a2f5aa9a0,
0x0000010a2f5aa4d0, 0x0000010a2f5a74b0, 0x0000010a2f5a7980, 0x0000010a2f5aae70,
0x0000010a2f5a7e50, 0x0000010a2f5a8320, 0x0000010a2f5ab810, 0x0000010a2f5a8cc0,
0x0000010a2f5a9190, 0x0000010a2f5acb50, 0x0000010a2f5abce0, 0x0000010a2f5ac680,
0x0000010a2f5ac1b0, 0x0000010a2f5a9660, 0x0000010a2f5a9b30, 0x0000010a2f5ad020,
0x0000010a2f5ad9c0, 0x0000010a2f5ade90, 0x0000010a2cfc3700, 0x0000010a2cfc2d60,
0x0000010a2cfbe060, 0x0000010a2cfc1550, 0x0000010a2cfc4570, 0x0000010a2cfc0bb0,
0x0000010a2cfbf870, 0x0000010a2cfc23c0, 0x0000010a2cfbe530, 0x0000010a2cfc1a20,
0x0000010a2cfbea00, 0x0000010a2cfc2890, 0x0000010a2cfc3230, 0x0000010a2cfc40a0,
0x0000010a350fced0, 0x0000010a36636880, 0x0000010a314902c0
}

Java Threads: ( => current thread )
  0x0000010a10a1fea0 JavaThread "main" [_thread_blocked, id=25148, stack(0x0000000937700000,0x0000000937800000)]
  0x0000010a2c82f650 JavaThread "Reference Handler" daemon [_thread_blocked, id=22248, stack(0x0000000937e00000,0x0000000937f00000)]
  0x0000010a2c831b80 JavaThread "Finalizer" daemon [_thread_blocked, id=29324, stack(0x0000000937f00000,0x0000000938000000)]
  0x0000010a2c880c90 JavaThread "Signal Dispatcher" daemon [_thread_blocked, id=20692, stack(0x0000000938000000,0x0000000938100000)]
  0x0000010a2c884770 JavaThread "Attach Listener" daemon [_thread_blocked, id=10824, stack(0x0000000938100000,0x0000000938200000)]
  0x0000010a2c8877e0 JavaThread "Service Thread" daemon [_thread_blocked, id=5488, stack(0x0000000938200000,0x0000000938300000)]
  0x0000010a2c89aba0 JavaThread "Monitor Deflation Thread" daemon [_thread_blocked, id=11408, stack(0x0000000938300000,0x0000000938400000)]
=>0x0000010a2c89f1b0 JavaThread "C2 CompilerThread0" daemon [_thread_in_native, id=23696, stack(0x0000000938400000,0x0000000938500000)]
  0x0000010a2c8a4ab0 JavaThread "C1 CompilerThread0" daemon [_thread_blocked, id=18456, stack(0x0000000938500000,0x0000000938600000)]
  0x0000010a2c8b8320 JavaThread "Sweeper thread" daemon [_thread_blocked, id=22828, stack(0x0000000938600000,0x0000000938700000)]
  0x0000010a2ca44d60 JavaThread "Common-Cleaner" daemon [_thread_blocked, id=14384, stack(0x0000000938700000,0x0000000938800000)]
  0x0000010a2ca45640 JavaThread "Notification Thread" daemon [_thread_blocked, id=27600, stack(0x0000000938800000,0x0000000938900000)]
  0x0000010a2fb0fa90 JavaThread "Daemon health stats" [_thread_blocked, id=15480, stack(0x0000000938e00000,0x0000000938f00000)]
  0x0000010a2f677220 JavaThread "Incoming local TCP Connector on port 51789" [_thread_in_native, id=15404, stack(0x0000000938a00000,0x0000000938b00000)]
  0x0000010a2f03a040 JavaThread "Daemon periodic checks" [_thread_blocked, id=12316, stack(0x0000000938f00000,0x0000000939000000)]
  0x0000010a2e00c140 JavaThread "Daemon" [_thread_blocked, id=12352, stack(0x0000000939000000,0x0000000939100000)]
  0x0000010a2dfe0a80 JavaThread "Handler for socket connection from /127.0.0.1:51789 to /127.0.0.1:51790" [_thread_in_native, id=16488, stack(0x0000000939100000,0x0000000939200000)]
  0x0000010a2f5d0830 JavaThread "Cancel handler" [_thread_blocked, id=9596, stack(0x0000000939200000,0x0000000939300000)]
  0x0000010a2f4c5510 JavaThread "Daemon worker" [_thread_blocked, id=2744, stack(0x0000000939300000,0x0000000939400000)]
  0x0000010a2e1336b0 JavaThread "Asynchronous log dispatcher for DefaultDaemonConnection: socket connection from /127.0.0.1:51789 to /127.0.0.1:51790" [_thread_blocked, id=5844, stack(0x0000000939400000,0x0000000939500000)]
  0x0000010a2e1331e0 JavaThread "Stdin handler" [_thread_blocked, id=19624, stack(0x0000000939500000,0x0000000939600000)]
  0x0000010a2e133b80 JavaThread "Daemon client event forwarder" [_thread_blocked, id=8980, stack(0x0000000939600000,0x0000000939700000)]
  0x0000010a2e134050 JavaThread "Cache worker for journal cache (C:\Users\ADIT-PC\.gradle\caches\journal-1)" [_thread_blocked, id=29460, stack(0x0000000939700000,0x0000000939800000)]
  0x0000010a2e134520 JavaThread "File lock request listener" [_thread_in_native, id=24484, stack(0x0000000939800000,0x0000000939900000)]
  0x0000010a2e1349f0 JavaThread "Cache worker for file hash cache (C:\Users\ADIT-PC\.gradle\caches\8.0\fileHashes)" [_thread_blocked, id=1272, stack(0x0000000939a00000,0x0000000939b00000)]
  0x0000010a2e132d10 JavaThread "File watcher server" daemon [_thread_in_native, id=27472, stack(0x0000000939b00000,0x0000000939c00000)]
  0x0000010a2e135390 JavaThread "File watcher consumer" daemon [_thread_blocked, id=3268, stack(0x0000000939c00000,0x0000000939d00000)]
  0x0000010a2e135860 JavaThread "Cache worker for checksums cache (C:\Users\ADIT-PC\AndroidStudioProjects\HRISMobile-New\.gradle\8.0\checksums)" [_thread_blocked, id=17744, stack(0x0000000939d00000,0x0000000939e00000)]
  0x0000010a2e135d30 JavaThread "Cache worker for cache directory md-rule (C:\Users\ADIT-PC\.gradle\caches\8.0\md-rule)" [_thread_blocked, id=15168, stack(0x0000000939e00000,0x0000000939f00000)]
  0x0000010a2e136200 JavaThread "Cache worker for file content cache (C:\Users\ADIT-PC\.gradle\caches\8.0\fileContent)" [_thread_blocked, id=9280, stack(0x0000000939f00000,0x000000093a000000)]
  0x0000010a2fcdb570 JavaThread "Cache worker for file hash cache (C:\Users\ADIT-PC\AndroidStudioProjects\HRISMobile-New\.gradle\8.0\fileHashes)" [_thread_blocked, id=1496, stack(0x000000093a000000,0x000000093a100000)]
  0x0000010a2fcd93c0 JavaThread "Cache worker for cache directory md-supplier (C:\Users\ADIT-PC\.gradle\caches\8.0\md-supplier)" [_thread_blocked, id=22104, stack(0x000000093a100000,0x000000093a200000)]
  0x0000010a2fcd8550 JavaThread "Cache worker for execution history cache (C:\Users\ADIT-PC\.gradle\caches\8.0\executionHistory)" [_thread_blocked, id=21320, stack(0x000000093a200000,0x000000093a300000)]
  0x0000010a2fcdb0a0 JavaThread "jar transforms" [_thread_blocked, id=25928, stack(0x0000000939900000,0x0000000939a00000)]
  0x0000010a2fcdba40 JavaThread "jar transforms Thread 2" [_thread_blocked, id=24860, stack(0x000000093a400000,0x000000093a500000)]
  0x0000010a2fcdabd0 JavaThread "jar transforms Thread 3" [_thread_blocked, id=13976, stack(0x000000093a500000,0x000000093a600000)]
  0x0000010a2fcdbf10 JavaThread "jar transforms Thread 4" [_thread_blocked, id=25328, stack(0x000000093a600000,0x000000093a700000)]
  0x0000010a2fcd5a00 JavaThread "Cache worker for dependencies-accessors (C:\Users\ADIT-PC\AndroidStudioProjects\HRISMobile-New\.gradle\8.0\dependencies-accessors)" [_thread_blocked, id=12380, stack(0x000000093a700000,0x000000093a800000)]
  0x0000010a2fcd76e0 JavaThread "Cache worker for Build Output Cleanup Cache (C:\Users\ADIT-PC\AndroidStudioProjects\HRISMobile-New\.gradle\buildOutputCleanup)" [_thread_blocked, id=11428, stack(0x000000093a800000,0x000000093a900000)]
  0x0000010a2fcdc8b0 JavaThread "Unconstrained build operations" [_thread_blocked, id=26184, stack(0x000000093a900000,0x000000093aa00000)]
  0x0000010a2fcda230 JavaThread "Unconstrained build operations Thread 2" [_thread_blocked, id=23648, stack(0x000000093aa00000,0x000000093ab00000)]
  0x0000010a2fcd63a0 JavaThread "Unconstrained build operations Thread 3" [_thread_blocked, id=3808, stack(0x000000093ab00000,0x000000093ac00000)]
  0x0000010a2fcd9890 JavaThread "Unconstrained build operations Thread 4" [_thread_blocked, id=7192, stack(0x000000093ac00000,0x000000093ad00000)]
  0x0000010a2fcd6870 JavaThread "Unconstrained build operations Thread 5" [_thread_blocked, id=19772, stack(0x000000093ad00000,0x000000093ae00000)]
  0x0000010a2fcd7bb0 JavaThread "Unconstrained build operations Thread 6" [_thread_blocked, id=20768, stack(0x000000093ae00000,0x000000093af00000)]
  0x0000010a2fcd8a20 JavaThread "Unconstrained build operations Thread 7" [_thread_blocked, id=3716, stack(0x000000093af00000,0x000000093b000000)]
  0x0000010a2fcd8ef0 JavaThread "Unconstrained build operations Thread 8" [_thread_blocked, id=20676, stack(0x000000093b000000,0x000000093b100000)]
  0x0000010a2fcda700 JavaThread "Unconstrained build operations Thread 9" [_thread_blocked, id=21708, stack(0x000000093b100000,0x000000093b200000)]
  0x0000010a2f5ae830 JavaThread "Unconstrained build operations Thread 10" [_thread_blocked, id=6148, stack(0x000000093b200000,0x000000093b300000)]
  0x0000010a2f5ab340 JavaThread "Unconstrained build operations Thread 11" [_thread_blocked, id=30480, stack(0x000000093b300000,0x000000093b400000)]
  0x0000010a2f5aa000 JavaThread "Unconstrained build operations Thread 12" [_thread_blocked, id=18640, stack(0x000000093b400000,0x000000093b500000)]
  0x0000010a2f5a87f0 JavaThread "Unconstrained build operations Thread 13" [_thread_blocked, id=20428, stack(0x000000093b500000,0x000000093b600000)]
  0x0000010a2f5a6fe0 JavaThread "Unconstrained build operations Thread 14" [_thread_blocked, id=10732, stack(0x000000093b600000,0x000000093b700000)]
  0x0000010a2f5ae360 JavaThread "Unconstrained build operations Thread 15" [_thread_blocked, id=20604, stack(0x000000093b700000,0x000000093b800000)]
  0x0000010a2f5ad4f0 JavaThread "Unconstrained build operations Thread 16" [_thread_blocked, id=11288, stack(0x000000093b800000,0x000000093b900000)]
  0x0000010a2f5aa9a0 JavaThread "Unconstrained build operations Thread 17" [_thread_blocked, id=28272, stack(0x000000093b900000,0x000000093ba00000)]
  0x0000010a2f5aa4d0 JavaThread "Unconstrained build operations Thread 18" [_thread_blocked, id=15112, stack(0x000000093ba00000,0x000000093bb00000)]
  0x0000010a2f5a74b0 JavaThread "Unconstrained build operations Thread 19" [_thread_blocked, id=21612, stack(0x000000093bb00000,0x000000093bc00000)]
  0x0000010a2f5a7980 JavaThread "Unconstrained build operations Thread 20" [_thread_blocked, id=26080, stack(0x000000093bc00000,0x000000093bd00000)]
  0x0000010a2f5aae70 JavaThread "Unconstrained build operations Thread 21" [_thread_blocked, id=22692, stack(0x000000093bd00000,0x000000093be00000)]
  0x0000010a2f5a7e50 JavaThread "Unconstrained build operations Thread 22" [_thread_blocked, id=18552, stack(0x000000093be00000,0x000000093bf00000)]
  0x0000010a2f5a8320 JavaThread "Unconstrained build operations Thread 23" [_thread_blocked, id=17956, stack(0x000000093bf00000,0x000000093c000000)]
  0x0000010a2f5ab810 JavaThread "Unconstrained build operations Thread 24" [_thread_blocked, id=21800, stack(0x000000093c000000,0x000000093c100000)]
  0x0000010a2f5a8cc0 JavaThread "Unconstrained build operations Thread 25" [_thread_blocked, id=22988, stack(0x000000093c100000,0x000000093c200000)]
  0x0000010a2f5a9190 JavaThread "Unconstrained build operations Thread 26" [_thread_blocked, id=2364, stack(0x000000093c200000,0x000000093c300000)]
  0x0000010a2f5acb50 JavaThread "Unconstrained build operations Thread 27" [_thread_blocked, id=15040, stack(0x000000093c300000,0x000000093c400000)]
  0x0000010a2f5abce0 JavaThread "Unconstrained build operations Thread 28" [_thread_blocked, id=15884, stack(0x000000093c400000,0x000000093c500000)]
  0x0000010a2f5ac680 JavaThread "Unconstrained build operations Thread 29" [_thread_blocked, id=5232, stack(0x000000093c500000,0x000000093c600000)]
  0x0000010a2f5ac1b0 JavaThread "Unconstrained build operations Thread 30" [_thread_blocked, id=21604, stack(0x000000093c600000,0x000000093c700000)]
  0x0000010a2f5a9660 JavaThread "Unconstrained build operations Thread 31" [_thread_blocked, id=29984, stack(0x000000093c700000,0x000000093c800000)]
  0x0000010a2f5a9b30 JavaThread "Unconstrained build operations Thread 32" [_thread_blocked, id=24016, stack(0x000000093c800000,0x000000093c900000)]
  0x0000010a2f5ad020 JavaThread "Unconstrained build operations Thread 33" [_thread_blocked, id=23544, stack(0x000000093c900000,0x000000093ca00000)]
  0x0000010a2f5ad9c0 JavaThread "Unconstrained build operations Thread 34" [_thread_blocked, id=23904, stack(0x000000093ca00000,0x000000093cb00000)]
  0x0000010a2f5ade90 JavaThread "Unconstrained build operations Thread 35" [_thread_blocked, id=2608, stack(0x000000093cb00000,0x000000093cc00000)]
  0x0000010a2cfc3700 JavaThread "Unconstrained build operations Thread 36" [_thread_blocked, id=17536, stack(0x000000093cc00000,0x000000093cd00000)]
  0x0000010a2cfc2d60 JavaThread "Unconstrained build operations Thread 37" [_thread_blocked, id=30048, stack(0x000000093cd00000,0x000000093ce00000)]
  0x0000010a2cfbe060 JavaThread "Unconstrained build operations Thread 38" [_thread_blocked, id=15336, stack(0x000000093ce00000,0x000000093cf00000)]
  0x0000010a2cfc1550 JavaThread "Unconstrained build operations Thread 39" [_thread_blocked, id=12296, stack(0x000000093cf00000,0x000000093d000000)]
  0x0000010a2cfc4570 JavaThread "Unconstrained build operations Thread 40" [_thread_blocked, id=8676, stack(0x000000093d000000,0x000000093d100000)]
  0x0000010a2cfc0bb0 JavaThread "build event listener" [_thread_blocked, id=28416, stack(0x000000093a300000,0x000000093a400000)]
  0x0000010a2cfbf870 JavaThread "Memory manager" [_thread_blocked, id=7388, stack(0x000000093d200000,0x000000093d300000)]
  0x0000010a2cfc23c0 JavaThread "pool-3-thread-1" [_thread_blocked, id=2268, stack(0x000000093d300000,0x000000093d400000)]
  0x0000010a2cfbe530 JavaThread "build event listener" [_thread_blocked, id=14300, stack(0x000000093d400000,0x000000093d500000)]
  0x0000010a2cfc1a20 JavaThread "included builds" [_thread_blocked, id=15048, stack(0x000000093d500000,0x000000093d600000)]
  0x0000010a2cfbea00 JavaThread "Execution worker" [_thread_in_native, id=10164, stack(0x000000093d600000,0x000000093d700000)]
  0x0000010a2cfc2890 JavaThread "Execution worker Thread 2" [_thread_blocked, id=21340, stack(0x000000093d700000,0x000000093d800000)]
  0x0000010a2cfc3230 JavaThread "Execution worker Thread 3" [_thread_blocked, id=8240, stack(0x000000093d800000,0x000000093d900000)]
  0x0000010a2cfc40a0 JavaThread "Cache worker for execution history cache (C:\Users\ADIT-PC\AndroidStudioProjects\HRISMobile-New\.gradle\8.0\executionHistory)" [_thread_blocked, id=5480, stack(0x000000093d900000,0x000000093da00000)]
  0x0000010a350fced0 JavaThread "WorkerExecutor Queue" [_thread_blocked, id=11024, stack(0x000000093da00000,0x000000093db00000)]
  0x0000010a36636880 JavaThread "WorkerExecutor Queue Thread 2" [_thread_blocked, id=23160, stack(0x000000093db00000,0x000000093dc00000)]
  0x0000010a314902c0 JavaThread "C2 CompilerThread1" daemon [_thread_in_native, id=8552, stack(0x000000093d100000,0x000000093d200000)]

Other Threads:
  0x0000010a2bf4e8b0 VMThread "VM Thread" [stack: 0x0000000937d00000,0x0000000937e00000] [id=18660]
  0x0000010a10a9b5e0 WatcherThread [stack: 0x0000000938900000,0x0000000938a00000] [id=29536]
  0x0000010a10a7c3d0 GCTaskThread "GC Thread#0" [stack: 0x0000000937800000,0x0000000937900000] [id=20728]
  0x0000010a2d377d10 GCTaskThread "GC Thread#1" [stack: 0x0000000938b00000,0x0000000938c00000] [id=15896]
  0x0000010a2d0b2a00 GCTaskThread "GC Thread#2" [stack: 0x0000000938c00000,0x0000000938d00000] [id=18728]
  0x0000010a2d2327d0 GCTaskThread "GC Thread#3" [stack: 0x0000000938d00000,0x0000000938e00000] [id=28888]
  0x0000010a10a8e240 ConcurrentGCThread "G1 Main Marker" [stack: 0x0000000937900000,0x0000000937a00000] [id=27428]
  0x0000010a10a8f6d0 ConcurrentGCThread "G1 Conc#0" [stack: 0x0000000937a00000,0x0000000937b00000] [id=22076]
  0x0000010a10ade6d0 ConcurrentGCThread "G1 Refine#0" [stack: 0x0000000937b00000,0x0000000937c00000] [id=2996]
  0x0000010a2bdfe6b0 ConcurrentGCThread "G1 Service" [stack: 0x0000000937c00000,0x0000000937d00000] [id=7364]

Threads with active compile tasks:
C2 CompilerThread0    24860 12738       4       org.apache.xerces.parsers.XML11Configuration::addRecognizedParamsAndSetDefaults (165 bytes)
C2 CompilerThread1    24860 12772       4       com.android.ide.common.resources.ValueResourceParser2::getResource (73 bytes)

VM state: not at safepoint (normal execution)

VM Mutex/Monitor currently owned by a thread: None

Heap address: 0x0000000080000000, size: 2048 MB, Compressed Oops mode: 32-bit

CDS archive(s) not mapped
Compressed class space mapped at: 0x0000000100000000-0x0000000140000000, reserved size: 1073741824
Narrow klass base: 0x0000000000000000, Narrow klass shift: 3, Narrow klass range: 0x140000000

GC Precious Log:
 CPUs: 4 total, 4 available
 Memory: 16247M
 Large Page Support: Disabled
 NUMA Support: Disabled
 Compressed Oops: Enabled (32-bit)
 Heap Region Size: 1M
 Heap Min Capacity: 8M
 Heap Initial Capacity: 254M
 Heap Max Capacity: 2G
 Pre-touch: Disabled
 Parallel Workers: 4
 Concurrent Workers: 1
 Concurrent Refinement Workers: 4
 Periodic GC: Disabled

Heap:
 garbage-first heap   total 233472K, used 123219K [0x0000000080000000, 0x0000000100000000)
  region size 1024K, 14 young (14336K), 11 survivors (11264K)
 Metaspace       used 96342K, committed 97216K, reserved 1138688K
  class space    used 12906K, committed 13312K, reserved 1048576K

Heap Regions: E=young(eden), S=young(survivor), O=old, HS=humongous(starts), HC=humongous(continues), CS=collection set, F=free, OA=open archive, CA=closed archive, TAMS=top-at-mark-start (previous, next)
|   0|0x0000000080000000, 0x0000000080100000, 0x0000000080100000|100%| O|  |TAMS 0x0000000080100000, 0x0000000080000000| Untracked 
|   1|0x0000000080100000, 0x0000000080200000, 0x0000000080200000|100%| O|  |TAMS 0x0000000080200000, 0x0000000080100000| Untracked 
|   2|0x0000000080200000, 0x0000000080300000, 0x0000000080300000|100%|HS|  |TAMS 0x0000000080300000, 0x0000000080200000| Complete 
|   3|0x0000000080300000, 0x0000000080400000, 0x0000000080400000|100%|HC|  |TAMS 0x0000000080400000, 0x0000000080300000| Complete 
|   4|0x0000000080400000, 0x0000000080500000, 0x0000000080500000|100%|HC|  |TAMS 0x0000000080500000, 0x0000000080400000| Complete 
|   5|0x0000000080500000, 0x0000000080600000, 0x0000000080600000|100%|HC|  |TAMS 0x0000000080600000, 0x0000000080500000| Complete 
|   6|0x0000000080600000, 0x0000000080700000, 0x0000000080700000|100%| O|  |TAMS 0x0000000080700000, 0x0000000080600000| Untracked 
|   7|0x0000000080700000, 0x0000000080800000, 0x0000000080800000|100%| O|  |TAMS 0x0000000080800000, 0x0000000080700000| Untracked 
|   8|0x0000000080800000, 0x0000000080900000, 0x0000000080900000|100%| O|  |TAMS 0x0000000080900000, 0x0000000080800000| Untracked 
|   9|0x0000000080900000, 0x0000000080a00000, 0x0000000080a00000|100%| O|  |TAMS 0x0000000080a00000, 0x0000000080900000| Untracked 
|  10|0x0000000080a00000, 0x0000000080b00000, 0x0000000080b00000|100%| O|  |TAMS 0x0000000080b00000, 0x0000000080a00000| Untracked 
|  11|0x0000000080b00000, 0x0000000080c00000, 0x0000000080c00000|100%| O|  |TAMS 0x0000000080c00000, 0x0000000080b00000| Untracked 
|  12|0x0000000080c00000, 0x0000000080d00000, 0x0000000080d00000|100%| O|  |TAMS 0x0000000080d00000, 0x0000000080c00000| Untracked 
|  13|0x0000000080d00000, 0x0000000080e00000, 0x0000000080e00000|100%| O|  |TAMS 0x0000000080e00000, 0x0000000080d00000| Untracked 
|  14|0x0000000080e00000, 0x0000000080f00000, 0x0000000080f00000|100%| O|  |TAMS 0x0000000080f00000, 0x0000000080e00000| Untracked 
|  15|0x0000000080f00000, 0x0000000081000000, 0x0000000081000000|100%| O|  |TAMS 0x0000000081000000, 0x0000000080f00000| Untracked 
|  16|0x0000000081000000, 0x0000000081100000, 0x0000000081100000|100%| O|  |TAMS 0x0000000081100000, 0x0000000081000000| Untracked 
|  17|0x0000000081100000, 0x0000000081200000, 0x0000000081200000|100%| O|  |TAMS 0x0000000081200000, 0x0000000081100000| Untracked 
|  18|0x0000000081200000, 0x0000000081300000, 0x0000000081300000|100%| O|  |TAMS 0x0000000081300000, 0x0000000081200000| Untracked 
|  19|0x0000000081300000, 0x0000000081400000, 0x0000000081400000|100%| O|  |TAMS 0x0000000081400000, 0x0000000081300000| Untracked 
|  20|0x0000000081400000, 0x0000000081500000, 0x0000000081500000|100%| O|  |TAMS 0x0000000081500000, 0x0000000081400000| Untracked 
|  21|0x0000000081500000, 0x0000000081600000, 0x0000000081600000|100%| O|  |TAMS 0x0000000081600000, 0x0000000081500000| Untracked 
|  22|0x0000000081600000, 0x0000000081700000, 0x0000000081700000|100%| O|  |TAMS 0x0000000081700000, 0x0000000081600000| Untracked 
|  23|0x0000000081700000, 0x0000000081700000, 0x0000000081800000|  0%| F|  |TAMS 0x0000000081700000, 0x0000000081700000| Untracked 
|  24|0x0000000081800000, 0x0000000081900000, 0x0000000081900000|100%| O|  |TAMS 0x0000000081900000, 0x0000000081800000| Untracked 
|  25|0x0000000081900000, 0x0000000081a00000, 0x0000000081a00000|100%| O|  |TAMS 0x0000000081a00000, 0x0000000081900000| Untracked 
|  26|0x0000000081a00000, 0x0000000081b00000, 0x0000000081b00000|100%| O|  |TAMS 0x0000000081b00000, 0x0000000081a00000| Untracked 
|  27|0x0000000081b00000, 0x0000000081c00000, 0x0000000081c00000|100%| O|  |TAMS 0x0000000081c00000, 0x0000000081b00000| Untracked 
|  28|0x0000000081c00000, 0x0000000081d00000, 0x0000000081d00000|100%| O|  |TAMS 0x0000000081d00000, 0x0000000081c00000| Untracked 
|  29|0x0000000081d00000, 0x0000000081e00000, 0x0000000081e00000|100%|HS|  |TAMS 0x0000000081e00000, 0x0000000081d00000| Complete 
|  30|0x0000000081e00000, 0x0000000081f00000, 0x0000000081f00000|100%|HS|  |TAMS 0x0000000081f00000, 0x0000000081e00000| Complete 
|  31|0x0000000081f00000, 0x0000000082000000, 0x0000000082000000|100%|HS|  |TAMS 0x0000000082000000, 0x0000000081f00000| Complete 
|  32|0x0000000082000000, 0x0000000082100000, 0x0000000082100000|100%| O|  |TAMS 0x0000000082100000, 0x0000000082000000| Untracked 
|  33|0x0000000082100000, 0x0000000082200000, 0x0000000082200000|100%| O|  |TAMS 0x0000000082200000, 0x0000000082100000| Untracked 
|  34|0x0000000082200000, 0x0000000082300000, 0x0000000082300000|100%| O|  |TAMS 0x0000000082300000, 0x0000000082200000| Untracked 
|  35|0x0000000082300000, 0x0000000082400000, 0x0000000082400000|100%| O|  |TAMS 0x0000000082400000, 0x0000000082300000| Untracked 
|  36|0x0000000082400000, 0x0000000082500000, 0x0000000082500000|100%| O|  |TAMS 0x0000000082500000, 0x0000000082400000| Untracked 
|  37|0x0000000082500000, 0x0000000082600000, 0x0000000082600000|100%| O|  |TAMS 0x0000000082600000, 0x0000000082500000| Untracked 
|  38|0x0000000082600000, 0x0000000082700000, 0x0000000082700000|100%| O|  |TAMS 0x0000000082700000, 0x0000000082600000| Untracked 
|  39|0x0000000082700000, 0x0000000082800000, 0x0000000082800000|100%| O|  |TAMS 0x0000000082800000, 0x0000000082700000| Untracked 
|  40|0x0000000082800000, 0x0000000082900000, 0x0000000082900000|100%| O|  |TAMS 0x0000000082900000, 0x0000000082800000| Untracked 
|  41|0x0000000082900000, 0x0000000082a00000, 0x0000000082a00000|100%| O|  |TAMS 0x0000000082a00000, 0x0000000082900000| Untracked 
|  42|0x0000000082a00000, 0x0000000082b00000, 0x0000000082b00000|100%| O|  |TAMS 0x0000000082b00000, 0x0000000082a00000| Untracked 
|  43|0x0000000082b00000, 0x0000000082c00000, 0x0000000082c00000|100%| O|  |TAMS 0x0000000082c00000, 0x0000000082b00000| Untracked 
|  44|0x0000000082c00000, 0x0000000082d00000, 0x0000000082d00000|100%| O|  |TAMS 0x0000000082d00000, 0x0000000082c00000| Untracked 
|  45|0x0000000082d00000, 0x0000000082e00000, 0x0000000082e00000|100%| O|  |TAMS 0x0000000082e00000, 0x0000000082d00000| Untracked 
|  46|0x0000000082e00000, 0x0000000082f00000, 0x0000000082f00000|100%| O|  |TAMS 0x0000000082f00000, 0x0000000082e00000| Untracked 
|  47|0x0000000082f00000, 0x0000000083000000, 0x0000000083000000|100%| O|  |TAMS 0x0000000083000000, 0x0000000082f00000| Untracked 
|  48|0x0000000083000000, 0x0000000083100000, 0x0000000083100000|100%| O|  |TAMS 0x0000000083100000, 0x0000000083000000| Untracked 
|  49|0x0000000083100000, 0x0000000083200000, 0x0000000083200000|100%| O|  |TAMS 0x0000000083200000, 0x0000000083100000| Untracked 
|  50|0x0000000083200000, 0x0000000083300000, 0x0000000083300000|100%| O|  |TAMS 0x0000000083300000, 0x0000000083200000| Untracked 
|  51|0x0000000083300000, 0x0000000083300000, 0x0000000083400000|  0%| F|  |TAMS 0x0000000083300000, 0x0000000083300000| Untracked 
|  52|0x0000000083400000, 0x0000000083500000, 0x0000000083500000|100%| O|  |TAMS 0x0000000083500000, 0x0000000083400000| Untracked 
|  53|0x0000000083500000, 0x0000000083600000, 0x0000000083600000|100%| O|  |TAMS 0x0000000083600000, 0x0000000083500000| Untracked 
|  54|0x0000000083600000, 0x0000000083700000, 0x0000000083700000|100%| O|  |TAMS 0x0000000083700000, 0x0000000083600000| Untracked 
|  55|0x0000000083700000, 0x0000000083800000, 0x0000000083800000|100%| O|  |TAMS 0x0000000083800000, 0x0000000083700000| Untracked 
|  56|0x0000000083800000, 0x0000000083900000, 0x0000000083900000|100%| O|  |TAMS 0x0000000083900000, 0x0000000083800000| Untracked 
|  57|0x0000000083900000, 0x0000000083a00000, 0x0000000083a00000|100%| O|  |TAMS 0x0000000083a00000, 0x0000000083900000| Untracked 
|  58|0x0000000083a00000, 0x0000000083b00000, 0x0000000083b00000|100%| O|  |TAMS 0x0000000083b00000, 0x0000000083a00000| Untracked 
|  59|0x0000000083b00000, 0x0000000083c00000, 0x0000000083c00000|100%| O|  |TAMS 0x0000000083c00000, 0x0000000083b00000| Untracked 
|  60|0x0000000083c00000, 0x0000000083d00000, 0x0000000083d00000|100%| O|  |TAMS 0x0000000083d00000, 0x0000000083c00000| Untracked 
|  61|0x0000000083d00000, 0x0000000083e00000, 0x0000000083e00000|100%| O|  |TAMS 0x0000000083e00000, 0x0000000083d00000| Untracked 
|  62|0x0000000083e00000, 0x0000000083f00000, 0x0000000083f00000|100%| O|  |TAMS 0x0000000083f00000, 0x0000000083e00000| Untracked 
|  63|0x0000000083f00000, 0x0000000084000000, 0x0000000084000000|100%| O|  |TAMS 0x0000000084000000, 0x0000000083f00000| Untracked 
|  64|0x0000000084000000, 0x0000000084100000, 0x0000000084100000|100%| O|  |TAMS 0x0000000084100000, 0x0000000084000000| Untracked 
|  65|0x0000000084100000, 0x0000000084200000, 0x0000000084200000|100%| O|  |TAMS 0x0000000084200000, 0x0000000084100000| Untracked 
|  66|0x0000000084200000, 0x0000000084300000, 0x0000000084300000|100%| O|  |TAMS 0x0000000084300000, 0x0000000084200000| Untracked 
|  67|0x0000000084300000, 0x0000000084400000, 0x0000000084400000|100%| O|  |TAMS 0x0000000084400000, 0x0000000084300000| Untracked 
|  68|0x0000000084400000, 0x0000000084500000, 0x0000000084500000|100%| O|  |TAMS 0x0000000084500000, 0x0000000084400000| Untracked 
|  69|0x0000000084500000, 0x0000000084600000, 0x0000000084600000|100%| O|  |TAMS 0x0000000084600000, 0x0000000084500000| Untracked 
|  70|0x0000000084600000, 0x0000000084700000, 0x0000000084700000|100%| O|  |TAMS 0x0000000084700000, 0x0000000084600000| Untracked 
|  71|0x0000000084700000, 0x0000000084800000, 0x0000000084800000|100%| O|  |TAMS 0x0000000084800000, 0x0000000084700000| Untracked 
|  72|0x0000000084800000, 0x0000000084900000, 0x0000000084900000|100%| O|  |TAMS 0x0000000084900000, 0x0000000084800000| Untracked 
|  73|0x0000000084900000, 0x0000000084a00000, 0x0000000084a00000|100%| O|  |TAMS 0x0000000084a00000, 0x0000000084900000| Untracked 
|  74|0x0000000084a00000, 0x0000000084b00000, 0x0000000084b00000|100%| O|  |TAMS 0x0000000084b00000, 0x0000000084a00000| Untracked 
|  75|0x0000000084b00000, 0x0000000084c00000, 0x0000000084c00000|100%| O|  |TAMS 0x0000000084c00000, 0x0000000084b00000| Untracked 
|  76|0x0000000084c00000, 0x0000000084d00000, 0x0000000084d00000|100%| O|  |TAMS 0x0000000084d00000, 0x0000000084c00000| Untracked 
|  77|0x0000000084d00000, 0x0000000084e00000, 0x0000000084e00000|100%| O|  |TAMS 0x0000000084e00000, 0x0000000084d00000| Untracked 
|  78|0x0000000084e00000, 0x0000000084f00000, 0x0000000084f00000|100%| O|  |TAMS 0x0000000084f00000, 0x0000000084e00000| Untracked 
|  79|0x0000000084f00000, 0x0000000085000000, 0x0000000085000000|100%| O|  |TAMS 0x0000000085000000, 0x0000000084f00000| Untracked 
|  80|0x0000000085000000, 0x0000000085100000, 0x0000000085100000|100%| O|  |TAMS 0x0000000085100000, 0x0000000085000000| Untracked 
|  81|0x0000000085100000, 0x0000000085200000, 0x0000000085200000|100%| O|  |TAMS 0x0000000085200000, 0x0000000085100000| Untracked 
|  82|0x0000000085200000, 0x0000000085300000, 0x0000000085300000|100%| O|  |TAMS 0x0000000085300000, 0x0000000085200000| Untracked 
|  83|0x0000000085300000, 0x0000000085400000, 0x0000000085400000|100%| O|  |TAMS 0x0000000085400000, 0x0000000085300000| Untracked 
|  84|0x0000000085400000, 0x0000000085500000, 0x0000000085500000|100%| O|  |TAMS 0x0000000085500000, 0x0000000085400000| Untracked 
|  85|0x0000000085500000, 0x0000000085600000, 0x0000000085600000|100%| O|  |TAMS 0x0000000085600000, 0x0000000085500000| Untracked 
|  86|0x0000000085600000, 0x0000000085700000, 0x0000000085700000|100%| O|  |TAMS 0x0000000085700000, 0x0000000085600000| Untracked 
|  87|0x0000000085700000, 0x0000000085800000, 0x0000000085800000|100%| O|  |TAMS 0x0000000085800000, 0x0000000085700000| Untracked 
|  88|0x0000000085800000, 0x0000000085900000, 0x0000000085900000|100%| O|  |TAMS 0x0000000085900000, 0x0000000085800000| Untracked 
|  89|0x0000000085900000, 0x0000000085a00000, 0x0000000085a00000|100%| O|  |TAMS 0x00000000859d0e00, 0x0000000085900000| Untracked 
|  90|0x0000000085a00000, 0x0000000085a00000, 0x0000000085b00000|  0%| F|  |TAMS 0x0000000085a00000, 0x0000000085a00000| Untracked 
|  91|0x0000000085b00000, 0x0000000085c00000, 0x0000000085c00000|100%| O|  |TAMS 0x0000000085b00000, 0x0000000085b00000| Untracked 
|  92|0x0000000085c00000, 0x0000000085d00000, 0x0000000085d00000|100%| O|  |TAMS 0x0000000085c00000, 0x0000000085c00000| Untracked 
|  93|0x0000000085d00000, 0x0000000085e00000, 0x0000000085e00000|100%| O|  |TAMS 0x0000000085d00000, 0x0000000085d00000| Untracked 
|  94|0x0000000085e00000, 0x0000000085f00000, 0x0000000085f00000|100%| O|  |TAMS 0x0000000085e00000, 0x0000000085e00000| Untracked 
|  95|0x0000000085f00000, 0x0000000086000000, 0x0000000086000000|100%| O|  |TAMS 0x0000000085f00000, 0x0000000085f00000| Untracked 
|  96|0x0000000086000000, 0x0000000086100000, 0x0000000086100000|100%| O|  |TAMS 0x0000000086000000, 0x0000000086000000| Untracked 
|  97|0x0000000086100000, 0x0000000086200000, 0x0000000086200000|100%| O|  |TAMS 0x0000000086100000, 0x0000000086100000| Untracked 
|  98|0x0000000086200000, 0x0000000086300000, 0x0000000086300000|100%| O|  |TAMS 0x0000000086200000, 0x0000000086200000| Untracked 
|  99|0x0000000086300000, 0x0000000086400000, 0x0000000086400000|100%| O|  |TAMS 0x0000000086300000, 0x0000000086300000| Untracked 
| 100|0x0000000086400000, 0x0000000086400000, 0x0000000086500000|  0%| F|  |TAMS 0x0000000086400000, 0x0000000086400000| Untracked 
| 101|0x0000000086500000, 0x0000000086500000, 0x0000000086600000|  0%| F|  |TAMS 0x0000000086500000, 0x0000000086500000| Untracked 
| 102|0x0000000086600000, 0x0000000086700000, 0x0000000086700000|100%| O|  |TAMS 0x0000000086600000, 0x0000000086600000| Untracked 
| 103|0x0000000086700000, 0x0000000086800000, 0x0000000086800000|100%| O|  |TAMS 0x0000000086700000, 0x0000000086700000| Untracked 
| 104|0x0000000086800000, 0x0000000086900000, 0x0000000086900000|100%| O|  |TAMS 0x0000000086800000, 0x0000000086800000| Untracked 
| 105|0x0000000086900000, 0x0000000086a00000, 0x0000000086a00000|100%| O|  |TAMS 0x0000000086900000, 0x0000000086900000| Untracked 
| 106|0x0000000086a00000, 0x0000000086b00000, 0x0000000086b00000|100%| O|  |TAMS 0x0000000086a00000, 0x0000000086a00000| Untracked 
| 107|0x0000000086b00000, 0x0000000086c00000, 0x0000000086c00000|100%| O|  |TAMS 0x0000000086b00000, 0x0000000086b00000| Untracked 
| 108|0x0000000086c00000, 0x0000000086d00000, 0x0000000086d00000|100%| O|  |TAMS 0x0000000086c00000, 0x0000000086c00000| Untracked 
| 109|0x0000000086d00000, 0x0000000086e00000, 0x0000000086e00000|100%| O|  |TAMS 0x0000000086d00000, 0x0000000086d00000| Untracked 
| 110|0x0000000086e00000, 0x0000000086f00000, 0x0000000086f00000|100%| O|  |TAMS 0x0000000086e00000, 0x0000000086e00000| Untracked 
| 111|0x0000000086f00000, 0x0000000087000000, 0x0000000087000000|100%| O|  |TAMS 0x0000000086f00000, 0x0000000086f00000| Untracked 
| 112|0x0000000087000000, 0x0000000087054c00, 0x0000000087100000| 33%| O|  |TAMS 0x0000000087000000, 0x0000000087000000| Untracked 
| 113|0x0000000087100000, 0x0000000087100000, 0x0000000087200000|  0%| F|  |TAMS 0x0000000087100000, 0x0000000087100000| Untracked 
| 114|0x0000000087200000, 0x0000000087200000, 0x0000000087300000|  0%| F|  |TAMS 0x0000000087200000, 0x0000000087200000| Untracked 
| 115|0x0000000087300000, 0x0000000087300000, 0x0000000087400000|  0%| F|  |TAMS 0x0000000087300000, 0x0000000087300000| Untracked 
| 116|0x0000000087400000, 0x0000000087400000, 0x0000000087500000|  0%| F|  |TAMS 0x0000000087400000, 0x0000000087400000| Untracked 
| 117|0x0000000087500000, 0x0000000087500000, 0x0000000087600000|  0%| F|  |TAMS 0x0000000087500000, 0x0000000087500000| Untracked 
| 118|0x0000000087600000, 0x0000000087600000, 0x0000000087700000|  0%| F|  |TAMS 0x0000000087600000, 0x0000000087600000| Untracked 
| 119|0x0000000087700000, 0x0000000087700000, 0x0000000087800000|  0%| F|  |TAMS 0x0000000087700000, 0x0000000087700000| Untracked 
| 120|0x0000000087800000, 0x0000000087800000, 0x0000000087900000|  0%| F|  |TAMS 0x0000000087800000, 0x0000000087800000| Untracked 
| 121|0x0000000087900000, 0x0000000087900000, 0x0000000087a00000|  0%| F|  |TAMS 0x0000000087900000, 0x0000000087900000| Untracked 
| 122|0x0000000087a00000, 0x0000000087a00000, 0x0000000087b00000|  0%| F|  |TAMS 0x0000000087a00000, 0x0000000087a00000| Untracked 
| 123|0x0000000087b00000, 0x0000000087b00000, 0x0000000087c00000|  0%| F|  |TAMS 0x0000000087b00000, 0x0000000087b00000| Untracked 
| 124|0x0000000087c00000, 0x0000000087c00000, 0x0000000087d00000|  0%| F|  |TAMS 0x0000000087c00000, 0x0000000087c00000| Untracked 
| 125|0x0000000087d00000, 0x0000000087d00000, 0x0000000087e00000|  0%| F|  |TAMS 0x0000000087d00000, 0x0000000087d00000| Untracked 
| 126|0x0000000087e00000, 0x0000000087e00000, 0x0000000087f00000|  0%| F|  |TAMS 0x0000000087e00000, 0x0000000087e00000| Untracked 
| 127|0x0000000087f00000, 0x0000000087f00000, 0x0000000088000000|  0%| F|  |TAMS 0x0000000087f00000, 0x0000000087f00000| Untracked 
| 128|0x0000000088000000, 0x0000000088000000, 0x0000000088100000|  0%| F|  |TAMS 0x0000000088000000, 0x0000000088000000| Untracked 
| 129|0x0000000088100000, 0x0000000088100000, 0x0000000088200000|  0%| F|  |TAMS 0x0000000088100000, 0x0000000088100000| Untracked 
| 130|0x0000000088200000, 0x0000000088200000, 0x0000000088300000|  0%| F|  |TAMS 0x0000000088200000, 0x0000000088200000| Untracked 
| 131|0x0000000088300000, 0x0000000088400000, 0x0000000088400000|100%| S|CS|TAMS 0x0000000088300000, 0x0000000088300000| Complete 
| 132|0x0000000088400000, 0x0000000088500000, 0x0000000088500000|100%| S|CS|TAMS 0x0000000088400000, 0x0000000088400000| Complete 
| 133|0x0000000088500000, 0x0000000088600000, 0x0000000088600000|100%| S|CS|TAMS 0x0000000088500000, 0x0000000088500000| Complete 
| 134|0x0000000088600000, 0x0000000088700000, 0x0000000088700000|100%| S|CS|TAMS 0x0000000088600000, 0x0000000088600000| Complete 
| 135|0x0000000088700000, 0x0000000088800000, 0x0000000088800000|100%| S|CS|TAMS 0x0000000088700000, 0x0000000088700000| Complete 
| 136|0x0000000088800000, 0x0000000088900000, 0x0000000088900000|100%| S|CS|TAMS 0x0000000088800000, 0x0000000088800000| Complete 
| 137|0x0000000088900000, 0x0000000088a00000, 0x0000000088a00000|100%| S|CS|TAMS 0x0000000088900000, 0x0000000088900000| Complete 
| 138|0x0000000088a00000, 0x0000000088b00000, 0x0000000088b00000|100%| S|CS|TAMS 0x0000000088a00000, 0x0000000088a00000| Complete 
| 139|0x0000000088b00000, 0x0000000088c00000, 0x0000000088c00000|100%| S|CS|TAMS 0x0000000088b00000, 0x0000000088b00000| Complete 
| 140|0x0000000088c00000, 0x0000000088d00000, 0x0000000088d00000|100%| S|CS|TAMS 0x0000000088c00000, 0x0000000088c00000| Complete 
| 141|0x0000000088d00000, 0x0000000088e00000, 0x0000000088e00000|100%| S|CS|TAMS 0x0000000088d00000, 0x0000000088d00000| Complete 
| 142|0x0000000088e00000, 0x0000000088e00000, 0x0000000088f00000|  0%| F|  |TAMS 0x0000000088e00000, 0x0000000088e00000| Untracked 
| 143|0x0000000088f00000, 0x0000000088f00000, 0x0000000089000000|  0%| F|  |TAMS 0x0000000088f00000, 0x0000000088f00000| Untracked 
| 144|0x0000000089000000, 0x0000000089000000, 0x0000000089100000|  0%| F|  |TAMS 0x0000000089000000, 0x0000000089000000| Untracked 
| 145|0x0000000089100000, 0x0000000089100000, 0x0000000089200000|  0%| F|  |TAMS 0x0000000089100000, 0x0000000089100000| Untracked 
| 146|0x0000000089200000, 0x0000000089200000, 0x0000000089300000|  0%| F|  |TAMS 0x0000000089200000, 0x0000000089200000| Untracked 
| 147|0x0000000089300000, 0x0000000089300000, 0x0000000089400000|  0%| F|  |TAMS 0x0000000089300000, 0x0000000089300000| Untracked 
| 148|0x0000000089400000, 0x0000000089400000, 0x0000000089500000|  0%| F|  |TAMS 0x0000000089400000, 0x0000000089400000| Untracked 
| 149|0x0000000089500000, 0x0000000089500000, 0x0000000089600000|  0%| F|  |TAMS 0x0000000089500000, 0x0000000089500000| Untracked 
| 150|0x0000000089600000, 0x0000000089600000, 0x0000000089700000|  0%| F|  |TAMS 0x0000000089600000, 0x0000000089600000| Untracked 
| 151|0x0000000089700000, 0x0000000089700000, 0x0000000089800000|  0%| F|  |TAMS 0x0000000089700000, 0x0000000089700000| Untracked 
| 152|0x0000000089800000, 0x0000000089800000, 0x0000000089900000|  0%| F|  |TAMS 0x0000000089800000, 0x0000000089800000| Untracked 
| 153|0x0000000089900000, 0x0000000089900000, 0x0000000089a00000|  0%| F|  |TAMS 0x0000000089900000, 0x0000000089900000| Untracked 
| 154|0x0000000089a00000, 0x0000000089a00000, 0x0000000089b00000|  0%| F|  |TAMS 0x0000000089a00000, 0x0000000089a00000| Untracked 
| 155|0x0000000089b00000, 0x0000000089b00000, 0x0000000089c00000|  0%| F|  |TAMS 0x0000000089b00000, 0x0000000089b00000| Untracked 
| 156|0x0000000089c00000, 0x0000000089c00000, 0x0000000089d00000|  0%| F|  |TAMS 0x0000000089c00000, 0x0000000089c00000| Untracked 
| 157|0x0000000089d00000, 0x0000000089d00000, 0x0000000089e00000|  0%| F|  |TAMS 0x0000000089d00000, 0x0000000089d00000| Untracked 
| 158|0x0000000089e00000, 0x0000000089e00000, 0x0000000089f00000|  0%| F|  |TAMS 0x0000000089e00000, 0x0000000089e00000| Untracked 
| 159|0x0000000089f00000, 0x0000000089f00000, 0x000000008a000000|  0%| F|  |TAMS 0x0000000089f00000, 0x0000000089f00000| Untracked 
| 160|0x000000008a000000, 0x000000008a000000, 0x000000008a100000|  0%| F|  |TAMS 0x000000008a000000, 0x000000008a000000| Untracked 
| 161|0x000000008a100000, 0x000000008a100000, 0x000000008a200000|  0%| F|  |TAMS 0x000000008a100000, 0x000000008a100000| Untracked 
| 162|0x000000008a200000, 0x000000008a200000, 0x000000008a300000|  0%| F|  |TAMS 0x000000008a200000, 0x000000008a200000| Untracked 
| 163|0x000000008a300000, 0x000000008a300000, 0x000000008a400000|  0%| F|  |TAMS 0x000000008a300000, 0x000000008a300000| Untracked 
| 164|0x000000008a400000, 0x000000008a400000, 0x000000008a500000|  0%| F|  |TAMS 0x000000008a400000, 0x000000008a400000| Untracked 
| 165|0x000000008a500000, 0x000000008a500000, 0x000000008a600000|  0%| F|  |TAMS 0x000000008a500000, 0x000000008a500000| Untracked 
| 166|0x000000008a600000, 0x000000008a600000, 0x000000008a700000|  0%| F|  |TAMS 0x000000008a600000, 0x000000008a600000| Untracked 
| 167|0x000000008a700000, 0x000000008a700000, 0x000000008a800000|  0%| F|  |TAMS 0x000000008a700000, 0x000000008a700000| Untracked 
| 168|0x000000008a800000, 0x000000008a800000, 0x000000008a900000|  0%| F|  |TAMS 0x000000008a800000, 0x000000008a800000| Untracked 
| 169|0x000000008a900000, 0x000000008a900000, 0x000000008aa00000|  0%| F|  |TAMS 0x000000008a900000, 0x000000008a900000| Untracked 
| 170|0x000000008aa00000, 0x000000008aa00000, 0x000000008ab00000|  0%| F|  |TAMS 0x000000008aa00000, 0x000000008aa00000| Untracked 
| 171|0x000000008ab00000, 0x000000008ab00000, 0x000000008ac00000|  0%| F|  |TAMS 0x000000008ab00000, 0x000000008ab00000| Untracked 
| 172|0x000000008ac00000, 0x000000008ac00000, 0x000000008ad00000|  0%| F|  |TAMS 0x000000008ac00000, 0x000000008ac00000| Untracked 
| 173|0x000000008ad00000, 0x000000008ad00000, 0x000000008ae00000|  0%| F|  |TAMS 0x000000008ad00000, 0x000000008ad00000| Untracked 
| 174|0x000000008ae00000, 0x000000008ae00000, 0x000000008af00000|  0%| F|  |TAMS 0x000000008ae00000, 0x000000008ae00000| Untracked 
| 175|0x000000008af00000, 0x000000008af00000, 0x000000008b000000|  0%| F|  |TAMS 0x000000008af00000, 0x000000008af00000| Untracked 
| 176|0x000000008b000000, 0x000000008b000000, 0x000000008b100000|  0%| F|  |TAMS 0x000000008b000000, 0x000000008b000000| Untracked 
| 177|0x000000008b100000, 0x000000008b100000, 0x000000008b200000|  0%| F|  |TAMS 0x000000008b100000, 0x000000008b100000| Untracked 
| 178|0x000000008b200000, 0x000000008b200000, 0x000000008b300000|  0%| F|  |TAMS 0x000000008b200000, 0x000000008b200000| Untracked 
| 179|0x000000008b300000, 0x000000008b300000, 0x000000008b400000|  0%| F|  |TAMS 0x000000008b300000, 0x000000008b300000| Untracked 
| 180|0x000000008b400000, 0x000000008b400000, 0x000000008b500000|  0%| F|  |TAMS 0x000000008b400000, 0x000000008b400000| Untracked 
| 181|0x000000008b500000, 0x000000008b500000, 0x000000008b600000|  0%| F|  |TAMS 0x000000008b500000, 0x000000008b500000| Untracked 
| 182|0x000000008b600000, 0x000000008b600000, 0x000000008b700000|  0%| F|  |TAMS 0x000000008b600000, 0x000000008b600000| Untracked 
| 183|0x000000008b700000, 0x000000008b700000, 0x000000008b800000|  0%| F|  |TAMS 0x000000008b700000, 0x000000008b700000| Untracked 
| 184|0x000000008b800000, 0x000000008b800000, 0x000000008b900000|  0%| F|  |TAMS 0x000000008b800000, 0x000000008b800000| Untracked 
| 185|0x000000008b900000, 0x000000008b900000, 0x000000008ba00000|  0%| F|  |TAMS 0x000000008b900000, 0x000000008b900000| Untracked 
| 186|0x000000008ba00000, 0x000000008ba00000, 0x000000008bb00000|  0%| F|  |TAMS 0x000000008ba00000, 0x000000008ba00000| Untracked 
| 187|0x000000008bb00000, 0x000000008bb00000, 0x000000008bc00000|  0%| F|  |TAMS 0x000000008bb00000, 0x000000008bb00000| Untracked 
| 188|0x000000008bc00000, 0x000000008bc00000, 0x000000008bd00000|  0%| F|  |TAMS 0x000000008bc00000, 0x000000008bc00000| Untracked 
| 189|0x000000008bd00000, 0x000000008bd00000, 0x000000008be00000|  0%| F|  |TAMS 0x000000008bd00000, 0x000000008bd00000| Untracked 
| 190|0x000000008be00000, 0x000000008be00000, 0x000000008bf00000|  0%| F|  |TAMS 0x000000008be00000, 0x000000008be00000| Untracked 
| 191|0x000000008bf00000, 0x000000008bf00000, 0x000000008c000000|  0%| F|  |TAMS 0x000000008bf00000, 0x000000008bf00000| Untracked 
| 192|0x000000008c000000, 0x000000008c000000, 0x000000008c100000|  0%| F|  |TAMS 0x000000008c000000, 0x000000008c000000| Untracked 
| 193|0x000000008c100000, 0x000000008c100000, 0x000000008c200000|  0%| F|  |TAMS 0x000000008c100000, 0x000000008c100000| Untracked 
| 194|0x000000008c200000, 0x000000008c200000, 0x000000008c300000|  0%| F|  |TAMS 0x000000008c200000, 0x000000008c200000| Untracked 
| 195|0x000000008c300000, 0x000000008c300000, 0x000000008c400000|  0%| F|  |TAMS 0x000000008c300000, 0x000000008c300000| Untracked 
| 196|0x000000008c400000, 0x000000008c400000, 0x000000008c500000|  0%| F|  |TAMS 0x000000008c400000, 0x000000008c400000| Untracked 
| 197|0x000000008c500000, 0x000000008c500000, 0x000000008c600000|  0%| F|  |TAMS 0x000000008c500000, 0x000000008c500000| Untracked 
| 198|0x000000008c600000, 0x000000008c600000, 0x000000008c700000|  0%| F|  |TAMS 0x000000008c600000, 0x000000008c600000| Untracked 
| 199|0x000000008c700000, 0x000000008c700000, 0x000000008c800000|  0%| F|  |TAMS 0x000000008c700000, 0x000000008c700000| Untracked 
| 200|0x000000008c800000, 0x000000008c800000, 0x000000008c900000|  0%| F|  |TAMS 0x000000008c800000, 0x000000008c800000| Untracked 
| 201|0x000000008c900000, 0x000000008c900000, 0x000000008ca00000|  0%| F|  |TAMS 0x000000008c900000, 0x000000008c900000| Untracked 
| 202|0x000000008ca00000, 0x000000008ca00000, 0x000000008cb00000|  0%| F|  |TAMS 0x000000008ca00000, 0x000000008ca00000| Untracked 
| 203|0x000000008cb00000, 0x000000008cb00000, 0x000000008cc00000|  0%| F|  |TAMS 0x000000008cb00000, 0x000000008cb00000| Untracked 
| 204|0x000000008cc00000, 0x000000008cc00000, 0x000000008cd00000|  0%| F|  |TAMS 0x000000008cc00000, 0x000000008cc00000| Untracked 
| 205|0x000000008cd00000, 0x000000008cd00000, 0x000000008ce00000|  0%| F|  |TAMS 0x000000008cd00000, 0x000000008cd00000| Untracked 
| 206|0x000000008ce00000, 0x000000008ce00000, 0x000000008cf00000|  0%| F|  |TAMS 0x000000008ce00000, 0x000000008ce00000| Untracked 
| 207|0x000000008cf00000, 0x000000008cf00000, 0x000000008d000000|  0%| F|  |TAMS 0x000000008cf00000, 0x000000008cf00000| Untracked 
| 208|0x000000008d000000, 0x000000008d000000, 0x000000008d100000|  0%| F|  |TAMS 0x000000008d000000, 0x000000008d000000| Untracked 
| 209|0x000000008d100000, 0x000000008d100000, 0x000000008d200000|  0%| F|  |TAMS 0x000000008d100000, 0x000000008d100000| Untracked 
| 210|0x000000008d200000, 0x000000008d200000, 0x000000008d300000|  0%| F|  |TAMS 0x000000008d200000, 0x000000008d200000| Untracked 
| 211|0x000000008d300000, 0x000000008d300000, 0x000000008d400000|  0%| F|  |TAMS 0x000000008d300000, 0x000000008d300000| Untracked 
| 212|0x000000008d400000, 0x000000008d400000, 0x000000008d500000|  0%| F|  |TAMS 0x000000008d400000, 0x000000008d400000| Untracked 
| 213|0x000000008d500000, 0x000000008d500000, 0x000000008d600000|  0%| F|  |TAMS 0x000000008d500000, 0x000000008d500000| Untracked 
| 214|0x000000008d600000, 0x000000008d600000, 0x000000008d700000|  0%| F|  |TAMS 0x000000008d600000, 0x000000008d600000| Untracked 
| 215|0x000000008d700000, 0x000000008d700000, 0x000000008d800000|  0%| F|  |TAMS 0x000000008d700000, 0x000000008d700000| Untracked 
| 216|0x000000008d800000, 0x000000008d800000, 0x000000008d900000|  0%| F|  |TAMS 0x000000008d800000, 0x000000008d800000| Untracked 
| 217|0x000000008d900000, 0x000000008d900000, 0x000000008da00000|  0%| F|  |TAMS 0x000000008d900000, 0x000000008d900000| Untracked 
| 218|0x000000008da00000, 0x000000008da00000, 0x000000008db00000|  0%| F|  |TAMS 0x000000008da00000, 0x000000008da00000| Untracked 
| 219|0x000000008db00000, 0x000000008db00000, 0x000000008dc00000|  0%| F|  |TAMS 0x000000008db00000, 0x000000008db00000| Untracked 
| 220|0x000000008dc00000, 0x000000008dc00000, 0x000000008dd00000|  0%| F|  |TAMS 0x000000008dc00000, 0x000000008dc00000| Untracked 
| 221|0x000000008dd00000, 0x000000008dd00000, 0x000000008de00000|  0%| F|  |TAMS 0x000000008dd00000, 0x000000008dd00000| Untracked 
| 222|0x000000008de00000, 0x000000008de00000, 0x000000008df00000|  0%| F|  |TAMS 0x000000008de00000, 0x000000008de00000| Untracked 
| 223|0x000000008df00000, 0x000000008df00000, 0x000000008e000000|  0%| F|  |TAMS 0x000000008df00000, 0x000000008df00000| Untracked 
| 224|0x000000008e000000, 0x000000008e000000, 0x000000008e100000|  0%| F|  |TAMS 0x000000008e000000, 0x000000008e000000| Untracked 
| 225|0x000000008e100000, 0x000000008e200000, 0x000000008e200000|100%| E|  |TAMS 0x000000008e100000, 0x000000008e100000| Complete 
| 226|0x000000008e200000, 0x000000008e300000, 0x000000008e300000|100%| E|CS|TAMS 0x000000008e200000, 0x000000008e200000| Complete 
| 253|0x000000008fd00000, 0x000000008fe00000, 0x000000008fe00000|100%| E|CS|TAMS 0x000000008fd00000, 0x000000008fd00000| Complete 

Card table byte_map: [0x0000010a250f0000,0x0000010a254f0000] _byte_map_base: 0x0000010a24cf0000

Marking Bits (Prev, Next): (CMBitMap*) 0x0000010a10a7d900, (CMBitMap*) 0x0000010a10a7d940
 Prev Bits: [0x0000010a258f0000, 0x0000010a278f0000)
 Next Bits: [0x0000010a278f0000, 0x0000010a298f0000)

Polling page: 0x0000010a10ae0000

Metaspace:

Usage:
  Non-class:     81.48 MB used.
      Class:     12.60 MB used.
       Both:     94.09 MB used.

Virtual space:
  Non-class space:       88.00 MB reserved,      81.94 MB ( 93%) committed,  11 nodes.
      Class space:        1.00 GB reserved,      13.00 MB (  1%) committed,  1 nodes.
             Both:        1.09 GB reserved,      94.94 MB (  9%) committed. 

Chunk freelists:
   Non-Class:  2.11 MB
       Class:  2.90 MB
        Both:  5.01 MB

MaxMetaspaceSize: unlimited
CompressedClassSpaceSize: 1.00 GB
Initial GC threshold: 21.00 MB
Current GC threshold: 151.06 MB
CDS: off
MetaspaceReclaimPolicy: balanced
 - commit_granule_bytes: 65536.
 - commit_granule_words: 8192.
 - virtual_space_node_default_size: 1048576.
 - enlarge_chunks_in_place: 1.
 - new_chunks_are_fully_committed: 0.
 - uncommit_free_chunks: 1.
 - use_allocation_guard: 0.
 - handle_deallocations: 1.


Internal statistics:

num_allocs_failed_limit: 6.
num_arena_births: 1066.
num_arena_deaths: 6.
num_vsnodes_births: 12.
num_vsnodes_deaths: 0.
num_space_committed: 1518.
num_space_uncommitted: 0.
num_chunks_returned_to_freelist: 13.
num_chunks_taken_from_freelist: 4663.
num_chunk_merges: 8.
num_chunk_splits: 3028.
num_chunks_enlarged: 1967.
num_purges: 2.
num_inconsistent_stats: 0.

CodeHeap 'non-profiled nmethods': size=120000Kb used=7664Kb max_used=7664Kb free=112335Kb
 bounds [0x0000010a1d1a0000, 0x0000010a1d920000, 0x0000010a246d0000]
CodeHeap 'profiled nmethods': size=120000Kb used=22269Kb max_used=22269Kb free=97730Kb
 bounds [0x0000010a156d0000, 0x0000010a16c90000, 0x0000010a1cc00000]
CodeHeap 'non-nmethods': size=5760Kb used=2375Kb max_used=2458Kb free=3384Kb
 bounds [0x0000010a1cc00000, 0x0000010a1ce80000, 0x0000010a1d1a0000]
 total_blobs=12140 nmethods=11229 adapters=823
 compilation: enabled
              stopped_count=0, restarted_count=0
 full_count=0

Compilation events (20 events):
Event: 24.766 Thread 0x0000010a2c8a4ab0 12758       3       sun.net.www.protocol.jar.JarURLConnection::getUseCaches (8 bytes)
Event: 24.766 Thread 0x0000010a2c8a4ab0 nmethod 12758 0x0000010a16c82f90 code [0x0000010a16c83140, 0x0000010a16c83308]
Event: 24.789 Thread 0x0000010a2c8a4ab0 12761       3       java.lang.StringUTF16::putChars (24 bytes)
Event: 24.790 Thread 0x0000010a2c8a4ab0 nmethod 12761 0x0000010a16c83410 code [0x0000010a16c835c0, 0x0000010a16c83798]
Event: 24.793 Thread 0x0000010a314902c0 nmethod 12749 0x0000010a1d913f10 code [0x0000010a1d9140c0, 0x0000010a1d914d18]
Event: 24.793 Thread 0x0000010a314902c0 12762       4       java.lang.String::decode2 (12 bytes)
Event: 24.793 Thread 0x0000010a314902c0 nmethod 12762 0x0000010a1d915290 code [0x0000010a1d915400, 0x0000010a1d915478]
Event: 24.793 Thread 0x0000010a314902c0 12763       4       com.android.ide.common.resources.ValueResourceParser2::getType (62 bytes)
Event: 24.798 Thread 0x0000010a2c8a4ab0 12764       3       org.apache.xerces.impl.XMLNSDocumentScannerImpl::scanEndElement (190 bytes)
Event: 24.798 Thread 0x0000010a2c8a4ab0 nmethod 12764 0x0000010a16c83910 code [0x0000010a16c83ba0, 0x0000010a16c84aa8]
Event: 24.798 Thread 0x0000010a2c8a4ab0 12766       3       java.lang.StringUTF16::compress (20 bytes)
Event: 24.798 Thread 0x0000010a2c8a4ab0 nmethod 12766 0x0000010a16c84f10 code [0x0000010a16c850c0, 0x0000010a16c85308]
Event: 24.798 Thread 0x0000010a2c8a4ab0 12765       3       java.lang.StringUTF16::newString (58 bytes)
Event: 24.799 Thread 0x0000010a2c8a4ab0 nmethod 12765 0x0000010a16c85410 code [0x0000010a16c85600, 0x0000010a16c85b58]
Event: 24.800 Thread 0x0000010a2c8a4ab0 12767       3       org.apache.xerces.impl.XMLVersionDetector::reset (72 bytes)
Event: 24.800 Thread 0x0000010a2c8a4ab0 nmethod 12767 0x0000010a16c85d10 code [0x0000010a16c85f20, 0x0000010a16c86748]
Event: 24.800 Thread 0x0000010a2c8a4ab0 12768       3       java.lang.StringUTF16::putCharsSB (21 bytes)
Event: 24.800 Thread 0x0000010a2c8a4ab0 nmethod 12768 0x0000010a16c86910 code [0x0000010a16c86ae0, 0x0000010a16c86e48]
Event: 24.810 Thread 0x0000010a2c8a4ab0 12769       3       java.lang.StringUTF16::compress (59 bytes)
Event: 24.810 Thread 0x0000010a2c8a4ab0 nmethod 12769 0x0000010a16c87090 code [0x0000010a16c87260, 0x0000010a16c875a8]

GC Heap History (20 events):
Event: 16.756 GC heap before
{Heap before GC invocations=38 (full 0):
 garbage-first heap   total 128000K, used 105947K [0x0000000080000000, 0x0000000100000000)
  region size 1024K, 34 young (34816K), 5 survivors (5120K)
 Metaspace       used 86861K, committed 87552K, reserved 1130496K
  class space    used 11730K, committed 12032K, reserved 1048576K
}
Event: 16.768 GC heap after
{Heap after GC invocations=39 (full 0):
 garbage-first heap   total 128000K, used 81757K [0x0000000080000000, 0x0000000100000000)
  region size 1024K, 5 young (5120K), 5 survivors (5120K)
 Metaspace       used 86861K, committed 87552K, reserved 1130496K
  class space    used 11730K, committed 12032K, reserved 1048576K
}
Event: 17.323 GC heap before
{Heap before GC invocations=40 (full 0):
 garbage-first heap   total 145408K, used 104285K [0x0000000080000000, 0x0000000100000000)
  region size 1024K, 27 young (27648K), 5 survivors (5120K)
 Metaspace       used 89061K, committed 89728K, reserved 1130496K
  class space    used 11962K, committed 12224K, reserved 1048576K
}
Event: 17.335 GC heap after
{Heap after GC invocations=41 (full 0):
 garbage-first heap   total 145408K, used 86441K [0x0000000080000000, 0x0000000100000000)
  region size 1024K, 4 young (4096K), 4 survivors (4096K)
 Metaspace       used 89061K, committed 89728K, reserved 1130496K
  class space    used 11962K, committed 12224K, reserved 1048576K
}
Event: 17.423 GC heap before
{Heap before GC invocations=41 (full 0):
 garbage-first heap   total 145408K, used 88489K [0x0000000080000000, 0x0000000100000000)
  region size 1024K, 7 young (7168K), 4 survivors (4096K)
 Metaspace       used 89478K, committed 90176K, reserved 1130496K
  class space    used 12051K, committed 12352K, reserved 1048576K
}
Event: 17.428 GC heap after
{Heap after GC invocations=42 (full 0):
 garbage-first heap   total 145408K, used 87016K [0x0000000080000000, 0x0000000100000000)
  region size 1024K, 1 young (1024K), 1 survivors (1024K)
 Metaspace       used 89478K, committed 90176K, reserved 1130496K
  class space    used 12051K, committed 12352K, reserved 1048576K
}
Event: 18.221 GC heap before
{Heap before GC invocations=42 (full 0):
 garbage-first heap   total 145408K, used 117736K [0x0000000080000000, 0x0000000100000000)
  region size 1024K, 31 young (31744K), 1 survivors (1024K)
 Metaspace       used 91431K, committed 92160K, reserved 1130496K
  class space    used 12375K, committed 12736K, reserved 1048576K
}
Event: 18.226 GC heap after
{Heap after GC invocations=43 (full 0):
 garbage-first heap   total 145408K, used 89551K [0x0000000080000000, 0x0000000100000000)
  region size 1024K, 4 young (4096K), 4 survivors (4096K)
 Metaspace       used 91431K, committed 92160K, reserved 1130496K
  class space    used 12375K, committed 12736K, reserved 1048576K
}
Event: 18.878 GC heap before
{Heap before GC invocations=44 (full 0):
 garbage-first heap   total 160768K, used 116175K [0x0000000080000000, 0x0000000100000000)
  region size 1024K, 31 young (31744K), 4 survivors (4096K)
 Metaspace       used 91618K, committed 92416K, reserved 1130496K
  class space    used 12376K, committed 12736K, reserved 1048576K
}
Event: 18.883 GC heap after
{Heap after GC invocations=45 (full 0):
 garbage-first heap   total 160768K, used 91376K [0x0000000080000000, 0x0000000100000000)
  region size 1024K, 2 young (2048K), 2 survivors (2048K)
 Metaspace       used 91618K, committed 92416K, reserved 1130496K
  class space    used 12376K, committed 12736K, reserved 1048576K
}
Event: 18.978 GC heap before
{Heap before GC invocations=45 (full 0):
 garbage-first heap   total 160768K, used 95472K [0x0000000080000000, 0x0000000100000000)
  region size 1024K, 7 young (7168K), 2 survivors (2048K)
 Metaspace       used 91651K, committed 92416K, reserved 1130496K
  class space    used 12376K, committed 12736K, reserved 1048576K
}
Event: 18.986 GC heap after
{Heap after GC invocations=46 (full 0):
 garbage-first heap   total 160768K, used 91436K [0x0000000080000000, 0x0000000100000000)
  region size 1024K, 1 young (1024K), 1 survivors (1024K)
 Metaspace       used 91651K, committed 92416K, reserved 1130496K
  class space    used 12376K, committed 12736K, reserved 1048576K
}
Event: 19.544 GC heap before
{Heap before GC invocations=46 (full 0):
 garbage-first heap   total 160768K, used 129324K [0x0000000080000000, 0x0000000100000000)
  region size 1024K, 39 young (39936K), 1 survivors (1024K)
 Metaspace       used 91847K, committed 92608K, reserved 1130496K
  class space    used 12376K, committed 12736K, reserved 1048576K
}
Event: 19.548 GC heap after
{Heap after GC invocations=47 (full 0):
 garbage-first heap   total 233472K, used 93409K [0x0000000080000000, 0x0000000100000000)
  region size 1024K, 3 young (3072K), 3 survivors (3072K)
 Metaspace       used 91847K, committed 92608K, reserved 1130496K
  class space    used 12376K, committed 12736K, reserved 1048576K
}
Event: 20.992 GC heap before
{Heap before GC invocations=48 (full 0):
 garbage-first heap   total 233472K, used 184545K [0x0000000080000000, 0x0000000100000000)
  region size 1024K, 92 young (94208K), 3 survivors (3072K)
 Metaspace       used 93292K, committed 94016K, reserved 1130496K
  class space    used 12561K, committed 12864K, reserved 1048576K
}
Event: 21.001 GC heap after
{Heap after GC invocations=49 (full 0):
 garbage-first heap   total 233472K, used 99916K [0x0000000080000000, 0x0000000100000000)
  region size 1024K, 9 young (9216K), 9 survivors (9216K)
 Metaspace       used 93292K, committed 94016K, reserved 1130496K
  class space    used 12561K, committed 12864K, reserved 1048576K
}
Event: 21.056 GC heap before
{Heap before GC invocations=49 (full 0):
 garbage-first heap   total 233472K, used 104012K [0x0000000080000000, 0x0000000100000000)
  region size 1024K, 11 young (11264K), 9 survivors (9216K)
 Metaspace       used 93395K, committed 94208K, reserved 1130496K
  class space    used 12574K, committed 12928K, reserved 1048576K
}
Event: 21.063 GC heap after
{Heap after GC invocations=50 (full 0):
 garbage-first heap   total 233472K, used 101614K [0x0000000080000000, 0x0000000100000000)
  region size 1024K, 2 young (2048K), 2 survivors (2048K)
 Metaspace       used 93395K, committed 94208K, reserved 1130496K
  class space    used 12574K, committed 12928K, reserved 1048576K
}
Event: 24.769 GC heap before
{Heap before GC invocations=50 (full 0):
 garbage-first heap   total 233472K, used 191726K [0x0000000080000000, 0x0000000100000000)
  region size 1024K, 86 young (88064K), 2 survivors (2048K)
 Metaspace       used 96327K, committed 97152K, reserved 1138688K
  class space    used 12906K, committed 13312K, reserved 1048576K
}
Event: 24.782 GC heap after
{Heap after GC invocations=51 (full 0):
 garbage-first heap   total 233472K, used 121171K [0x0000000080000000, 0x0000000100000000)
  region size 1024K, 11 young (11264K), 11 survivors (11264K)
 Metaspace       used 96327K, committed 97152K, reserved 1138688K
  class space    used 12906K, committed 13312K, reserved 1048576K
}

Dll operation events (2 events):
Event: 0.011 Loaded shared library C:\Program Files\Android\Android Studio2\jbr\bin\java.dll
Event: 0.514 Loaded shared library C:\Program Files\Android\Android Studio2\jbr\bin\verify.dll

Deoptimization events (20 events):
Event: 24.598 Thread 0x0000010a2cfbea00 Uncommon trap: trap_request=0xffffffde fr.pc=0x0000010a1d89f83c relative=0x0000000000001b5c
Event: 24.598 Thread 0x0000010a2cfbea00 Uncommon trap: reason=class_check action=maybe_recompile pc=0x0000010a1d89f83c method=org.apache.xerces.dom.ElementNSImpl.getLocalName()Ljava/lang/String; @ 8 c2
Event: 24.598 Thread 0x0000010a2cfbea00 DEOPT PACKING pc=0x0000010a1d89f83c sp=0x000000093d6fa540
Event: 24.598 Thread 0x0000010a2cfbea00 DEOPT UNPACKING pc=0x0000010a1cc569a3 sp=0x000000093d6fa578 mode 2
Event: 24.598 Thread 0x0000010a2cfbea00 Uncommon trap: trap_request=0xffffffde fr.pc=0x0000010a1d89f83c relative=0x0000000000001b5c
Event: 24.598 Thread 0x0000010a2cfbea00 Uncommon trap: reason=class_check action=maybe_recompile pc=0x0000010a1d89f83c method=org.apache.xerces.dom.ElementNSImpl.getLocalName()Ljava/lang/String; @ 8 c2
Event: 24.598 Thread 0x0000010a2cfbea00 DEOPT PACKING pc=0x0000010a1d89f83c sp=0x000000093d6fa540
Event: 24.598 Thread 0x0000010a2cfbea00 DEOPT UNPACKING pc=0x0000010a1cc569a3 sp=0x000000093d6fa578 mode 2
Event: 24.600 Thread 0x0000010a2cfbea00 Uncommon trap: trap_request=0xffffffde fr.pc=0x0000010a1d89f83c relative=0x0000000000001b5c
Event: 24.600 Thread 0x0000010a2cfbea00 Uncommon trap: reason=class_check action=maybe_recompile pc=0x0000010a1d89f83c method=org.apache.xerces.dom.ElementNSImpl.getLocalName()Ljava/lang/String; @ 8 c2
Event: 24.600 Thread 0x0000010a2cfbea00 DEOPT PACKING pc=0x0000010a1d89f83c sp=0x000000093d6fa540
Event: 24.600 Thread 0x0000010a2cfbea00 DEOPT UNPACKING pc=0x0000010a1cc569a3 sp=0x000000093d6fa578 mode 2
Event: 24.601 Thread 0x0000010a2cfbea00 Uncommon trap: trap_request=0xffffffde fr.pc=0x0000010a1d89f83c relative=0x0000000000001b5c
Event: 24.601 Thread 0x0000010a2cfbea00 Uncommon trap: reason=class_check action=maybe_recompile pc=0x0000010a1d89f83c method=org.apache.xerces.dom.ElementNSImpl.getLocalName()Ljava/lang/String; @ 8 c2
Event: 24.601 Thread 0x0000010a2cfbea00 DEOPT PACKING pc=0x0000010a1d89f83c sp=0x000000093d6fa540
Event: 24.601 Thread 0x0000010a2cfbea00 DEOPT UNPACKING pc=0x0000010a1cc569a3 sp=0x000000093d6fa578 mode 2
Event: 24.608 Thread 0x0000010a2cfbea00 DEOPT PACKING pc=0x0000010a162af2e5 sp=0x000000093d6f9c90
Event: 24.608 Thread 0x0000010a2cfbea00 DEOPT UNPACKING pc=0x0000010a1cc57143 sp=0x000000093d6f9118 mode 0
Event: 24.673 Thread 0x0000010a2cfbea00 DEOPT PACKING pc=0x0000010a162af2e5 sp=0x000000093d6f9d50
Event: 24.673 Thread 0x0000010a2cfbea00 DEOPT UNPACKING pc=0x0000010a1cc57143 sp=0x000000093d6f91d8 mode 0

Classes unloaded (3 events):
Event: 19.700 Thread 0x0000010a2bf4e8b0 Unloading class 0x0000000100c89c00 'java/lang/invoke/LambdaForm$DMH+0x0000000100c89c00'
Event: 19.700 Thread 0x0000010a2bf4e8b0 Unloading class 0x0000000100c89800 'java/lang/invoke/LambdaForm$DMH+0x0000000100c89800'
Event: 19.700 Thread 0x0000010a2bf4e8b0 Unloading class 0x0000000100c89400 'java/lang/invoke/LambdaForm$DMH+0x0000000100c89400'

Classes redefined (0 events):
No events

Internal exceptions (20 events):
Event: 23.877 Thread 0x0000010a2cfbea00 Exception <a 'sun/nio/fs/WindowsException'{0x0000000089c4f8c0}> (0x0000000089c4f8c0) 
thrown [s\src\hotspot\share\prims\jni.cpp, line 517]
Event: 23.877 Thread 0x0000010a2cfbea00 Exception <a 'sun/nio/fs/WindowsException'{0x0000000089c4fd30}> (0x0000000089c4fd30) 
thrown [s\src\hotspot\share\prims\jni.cpp, line 517]
Event: 23.878 Thread 0x0000010a2cfbea00 Exception <a 'sun/nio/fs/WindowsException'{0x0000000089c51f48}> (0x0000000089c51f48) 
thrown [s\src\hotspot\share\prims\jni.cpp, line 517]
Event: 23.878 Thread 0x0000010a2cfbea00 Exception <a 'sun/nio/fs/WindowsException'{0x0000000089c523c8}> (0x0000000089c523c8) 
thrown [s\src\hotspot\share\prims\jni.cpp, line 517]
Event: 23.879 Thread 0x0000010a2cfbea00 Exception <a 'sun/nio/fs/WindowsException'{0x0000000089c545e0}> (0x0000000089c545e0) 
thrown [s\src\hotspot\share\prims\jni.cpp, line 517]
Event: 23.879 Thread 0x0000010a2cfbea00 Exception <a 'sun/nio/fs/WindowsException'{0x0000000089c54a60}> (0x0000000089c54a60) 
thrown [s\src\hotspot\share\prims\jni.cpp, line 517]
Event: 23.880 Thread 0x0000010a2cfbea00 Exception <a 'sun/nio/fs/WindowsException'{0x0000000089c56c78}> (0x0000000089c56c78) 
thrown [s\src\hotspot\share\prims\jni.cpp, line 517]
Event: 23.880 Thread 0x0000010a2cfbea00 Exception <a 'sun/nio/fs/WindowsException'{0x0000000089c570f8}> (0x0000000089c570f8) 
thrown [s\src\hotspot\share\prims\jni.cpp, line 517]
Event: 23.880 Thread 0x0000010a2cfbea00 Exception <a 'sun/nio/fs/WindowsException'{0x0000000089c592f8}> (0x0000000089c592f8) 
thrown [s\src\hotspot\share\prims\jni.cpp, line 517]
Event: 23.880 Thread 0x0000010a2cfbea00 Exception <a 'sun/nio/fs/WindowsException'{0x0000000089c59768}> (0x0000000089c59768) 
thrown [s\src\hotspot\share\prims\jni.cpp, line 517]
Event: 23.885 Thread 0x0000010a2cfbea00 Exception <a 'sun/nio/fs/WindowsException'{0x0000000089c5b968}> (0x0000000089c5b968) 
thrown [s\src\hotspot\share\prims\jni.cpp, line 517]
Event: 23.885 Thread 0x0000010a2cfbea00 Exception <a 'sun/nio/fs/WindowsException'{0x0000000089c5bdd8}> (0x0000000089c5bdd8) 
thrown [s\src\hotspot\share\prims\jni.cpp, line 517]
Event: 23.887 Thread 0x0000010a2cfbea00 Exception <a 'sun/nio/fs/WindowsException'{0x0000000089c5dfc0}> (0x0000000089c5dfc0) 
thrown [s\src\hotspot\share\prims\jni.cpp, line 517]
Event: 23.887 Thread 0x0000010a2cfbea00 Exception <a 'sun/nio/fs/WindowsException'{0x0000000089c5e410}> (0x0000000089c5e410) 
thrown [s\src\hotspot\share\prims\jni.cpp, line 517]
Event: 23.888 Thread 0x0000010a2cfbea00 Exception <a 'sun/nio/fs/WindowsException'{0x0000000089c60150}> (0x0000000089c60150) 
thrown [s\src\hotspot\share\prims\jni.cpp, line 517]
Event: 23.888 Thread 0x0000010a2cfbea00 Exception <a 'sun/nio/fs/WindowsException'{0x0000000089c60560}> (0x0000000089c60560) 
thrown [s\src\hotspot\share\prims\jni.cpp, line 517]
Event: 23.889 Thread 0x0000010a2cfbea00 Exception <a 'sun/nio/fs/WindowsException'{0x0000000089c63350}> (0x0000000089c63350) 
thrown [s\src\hotspot\share\prims\jni.cpp, line 517]
Event: 23.889 Thread 0x0000010a2cfbea00 Exception <a 'sun/nio/fs/WindowsException'{0x0000000089c637a0}> (0x0000000089c637a0) 
thrown [s\src\hotspot\share\prims\jni.cpp, line 517]
Event: 23.890 Thread 0x0000010a2cfbea00 Exception <a 'sun/nio/fs/WindowsException'{0x0000000089c65440}> (0x0000000089c65440) 
thrown [s\src\hotspot\share\prims\jni.cpp, line 517]
Event: 23.890 Thread 0x0000010a2cfbea00 Exception <a 'sun/nio/fs/WindowsException'{0x0000000089c65848}> (0x0000000089c65848) 
thrown [s\src\hotspot\share\prims\jni.cpp, line 517]

VM Operations (20 events):
Event: 20.629 Executing VM operation: HandshakeAllThreads
Event: 20.629 Executing VM operation: HandshakeAllThreads done
Event: 20.732 Executing VM operation: ICBufferFull
Event: 20.732 Executing VM operation: ICBufferFull done
Event: 20.992 Executing VM operation: G1CollectForAllocation
Event: 21.002 Executing VM operation: G1CollectForAllocation done
Event: 21.056 Executing VM operation: G1CollectForAllocation
Event: 21.066 Executing VM operation: G1CollectForAllocation done
Event: 21.108 Executing VM operation: HandshakeAllThreads
Event: 21.108 Executing VM operation: HandshakeAllThreads done
Event: 21.990 Executing VM operation: ICBufferFull
Event: 21.991 Executing VM operation: ICBufferFull done
Event: 21.992 Executing VM operation: HandshakeAllThreads
Event: 21.993 Executing VM operation: HandshakeAllThreads done
Event: 23.007 Executing VM operation: Cleanup
Event: 23.008 Executing VM operation: Cleanup done
Event: 24.018 Executing VM operation: Cleanup
Event: 24.018 Executing VM operation: Cleanup done
Event: 24.769 Executing VM operation: G1CollectForAllocation
Event: 24.783 Executing VM operation: G1CollectForAllocation done

Events (20 events):
Event: 21.941 loading class java/util/stream/Nodes$IntFixedNodeBuilder
Event: 21.941 loading class java/util/stream/Node$Builder$OfInt
Event: 21.941 loading class java/util/stream/Node$Builder$OfInt done
Event: 21.941 loading class java/util/stream/Nodes$IntArrayNode
Event: 21.941 loading class java/util/stream/Nodes$IntArrayNode done
Event: 21.941 loading class java/util/stream/Nodes$IntFixedNodeBuilder done
Event: 22.500 Thread 0x0000010a3148df50 Thread exited: 0x0000010a3148df50
Event: 23.562 loading class java/nio/file/Files$2
Event: 23.562 loading class java/nio/file/Files$2 done
Event: 23.902 loading class org/xml/sax/ext/DefaultHandler2
Event: 23.902 loading class org/xml/sax/ext/LexicalHandler
Event: 23.902 loading class org/xml/sax/ext/LexicalHandler done
Event: 23.902 loading class org/xml/sax/ext/DeclHandler
Event: 23.902 loading class org/xml/sax/ext/DeclHandler done
Event: 23.902 loading class org/xml/sax/ext/DefaultHandler2 done
Event: 23.904 loading class org/xml/sax/DocumentHandler
Event: 23.904 loading class org/xml/sax/DocumentHandler done
Event: 23.958 Thread 0x0000010a3148d530 Thread added: 0x0000010a3148d530
Event: 24.251 Thread 0x0000010a3148d530 Thread exited: 0x0000010a3148d530
Event: 24.766 Thread 0x0000010a314902c0 Thread added: 0x0000010a314902c0


Dynamic libraries:
0x00007ff793f90000 - 0x00007ff793f9a000 	C:\Program Files\Android\Android Studio2\jbr\bin\java.exe
0x00007ffb93730000 - 0x00007ffb93928000 	C:\WINDOWS\SYSTEM32\ntdll.dll
0x00007ffb92820000 - 0x00007ffb928dd000 	C:\WINDOWS\System32\KERNEL32.DLL
0x00007ffb91100000 - 0x00007ffb913f6000 	C:\WINDOWS\System32\KERNELBASE.dll
0x000000006fe50000 - 0x000000006feff000 	C:\ProgramData\Symantec\Symantec Endpoint Protection\14.3.5413.3000.105\Data\Sysfer\x64\sysfer.dll
0x00007ffb914a0000 - 0x00007ffb915a0000 	C:\WINDOWS\System32\ucrtbase.dll
0x00007ffb88660000 - 0x00007ffb8867b000 	C:\Program Files\Android\Android Studio2\jbr\bin\VCRUNTIME140.dll
0x00007ffb44b80000 - 0x00007ffb44b97000 	C:\Program Files\Android\Android Studio2\jbr\bin\jli.dll
0x00007ffb93430000 - 0x00007ffb935ce000 	C:\WINDOWS\System32\USER32.dll
0x00007ffb844d0000 - 0x00007ffb8476a000 	C:\WINDOWS\WinSxS\amd64_microsoft.windows.common-controls_6595b64144ccf1df_6.0.19041.3636_none_60b6a03d71f818d5\COMCTL32.dll
0x00007ffb91750000 - 0x00007ffb91772000 	C:\WINDOWS\System32\win32u.dll
0x00007ffb91920000 - 0x00007ffb9194c000 	C:\WINDOWS\System32\GDI32.dll
0x00007ffb928e0000 - 0x00007ffb9297e000 	C:\WINDOWS\System32\msvcrt.dll
0x00007ffb91630000 - 0x00007ffb9174a000 	C:\WINDOWS\System32\gdi32full.dll
0x00007ffb91400000 - 0x00007ffb9149d000 	C:\WINDOWS\System32\msvcp_win.dll
0x00007ffb91dc0000 - 0x00007ffb91df0000 	C:\WINDOWS\System32\IMM32.DLL
0x00007ffb8c040000 - 0x00007ffb8c04c000 	C:\Program Files\Android\Android Studio2\jbr\bin\vcruntime140_1.dll
0x00007ffb693f0000 - 0x00007ffb6947d000 	C:\Program Files\Android\Android Studio2\jbr\bin\msvcp140.dll
0x00007ffb09210000 - 0x00007ffb09e7e000 	C:\Program Files\Android\Android Studio2\jbr\bin\server\jvm.dll
0x00007ffb91780000 - 0x00007ffb91833000 	C:\WINDOWS\System32\ADVAPI32.dll
0x00007ffb92780000 - 0x00007ffb9281f000 	C:\WINDOWS\System32\sechost.dll
0x00007ffb92c70000 - 0x00007ffb92d96000 	C:\WINDOWS\System32\RPCRT4.dll
0x00007ffb910d0000 - 0x00007ffb910f7000 	C:\WINDOWS\System32\bcrypt.dll
0x00007ffb840f0000 - 0x00007ffb840f9000 	C:\WINDOWS\SYSTEM32\WSOCK32.dll
0x00007ffb92630000 - 0x00007ffb9269b000 	C:\WINDOWS\System32\WS2_32.dll
0x00007ffb82c30000 - 0x00007ffb82c57000 	C:\WINDOWS\SYSTEM32\WINMM.dll
0x00007ffb87bd0000 - 0x00007ffb87bda000 	C:\WINDOWS\SYSTEM32\VERSION.dll
0x00007ffb8f650000 - 0x00007ffb8f662000 	C:\WINDOWS\SYSTEM32\kernel.appcore.dll
0x00007ffb80f30000 - 0x00007ffb80f3a000 	C:\Program Files\Android\Android Studio2\jbr\bin\jimage.dll
0x00007ffb872b0000 - 0x00007ffb87494000 	C:\WINDOWS\SYSTEM32\DBGHELP.DLL
0x00007ffb87240000 - 0x00007ffb87274000 	C:\WINDOWS\SYSTEM32\dbgcore.DLL
0x00007ffb915a0000 - 0x00007ffb91622000 	C:\WINDOWS\System32\bcryptPrimitives.dll
0x00007ffb468e0000 - 0x00007ffb46905000 	C:\Program Files\Android\Android Studio2\jbr\bin\java.dll
0x00007ffb465f0000 - 0x00007ffb46608000 	C:\Program Files\Android\Android Studio2\jbr\bin\zip.dll
0x00007ffb91df0000 - 0x00007ffb92535000 	C:\WINDOWS\System32\SHELL32.dll
0x00007ffb8ed00000 - 0x00007ffb8f49b000 	C:\WINDOWS\SYSTEM32\windows.storage.dll
0x00007ffb92ed0000 - 0x00007ffb93224000 	C:\WINDOWS\System32\combase.dll
0x00007ffb90680000 - 0x00007ffb906ad000 	C:\WINDOWS\SYSTEM32\Wldp.dll
0x00007ffb92bc0000 - 0x00007ffb92c6d000 	C:\WINDOWS\System32\SHCORE.dll
0x00007ffb918c0000 - 0x00007ffb91915000 	C:\WINDOWS\System32\shlwapi.dll
0x00007ffb90d30000 - 0x00007ffb90d55000 	C:\WINDOWS\SYSTEM32\profapi.dll
0x00007ffb44c60000 - 0x00007ffb44c79000 	C:\Program Files\Android\Android Studio2\jbr\bin\net.dll
0x00007ffb88fb0000 - 0x00007ffb890ba000 	C:\WINDOWS\SYSTEM32\WINHTTP.dll
0x00007ffb90460000 - 0x00007ffb904ca000 	C:\WINDOWS\system32\mswsock.dll
0x00007ffb44c40000 - 0x00007ffb44c56000 	C:\Program Files\Android\Android Studio2\jbr\bin\nio.dll
0x00007ffb7efc0000 - 0x00007ffb7efd0000 	C:\Program Files\Android\Android Studio2\jbr\bin\verify.dll
0x00007ffb0a630000 - 0x00007ffb0a657000 	C:\Users\ADIT-PC\.gradle\native\68d5fa5c4cc2d200863cafc0d521ce42e7d3e7ee720ec0a83991735586a16f82\windows-amd64\native-platform.dll
0x00007ffb65270000 - 0x00007ffb653b4000 	C:\Users\ADIT-PC\.gradle\native\e376f236ea51e6404a007f0833ffe2c6e607c4080706a723a18a27aeea778392\windows-amd64\native-platform-file-events.dll
0x00007ffb6ca40000 - 0x00007ffb6ca49000 	C:\Program Files\Android\Android Studio2\jbr\bin\management.dll
0x00007ffb6c3f0000 - 0x00007ffb6c3fb000 	C:\Program Files\Android\Android Studio2\jbr\bin\management_ext.dll
0x00007ffb93230000 - 0x00007ffb93238000 	C:\WINDOWS\System32\PSAPI.DLL
0x00007ffb906c0000 - 0x00007ffb906d8000 	C:\WINDOWS\SYSTEM32\CRYPTSP.dll
0x00007ffb8fdb0000 - 0x00007ffb8fde4000 	C:\WINDOWS\system32\rsaenh.dll
0x00007ffb90cf0000 - 0x00007ffb90d1e000 	C:\WINDOWS\SYSTEM32\USERENV.dll
0x00007ffb905f0000 - 0x00007ffb905fc000 	C:\WINDOWS\SYSTEM32\CRYPTBASE.dll
0x00007ffb90170000 - 0x00007ffb901ab000 	C:\WINDOWS\SYSTEM32\IPHLPAPI.DLL
0x00007ffb93420000 - 0x00007ffb93428000 	C:\WINDOWS\System32\NSI.dll
0x00007ffb8aa20000 - 0x00007ffb8aa37000 	C:\WINDOWS\SYSTEM32\dhcpcsvc6.DLL
0x00007ffb8aab0000 - 0x00007ffb8aacd000 	C:\WINDOWS\SYSTEM32\dhcpcsvc.DLL
0x00007ffb901c0000 - 0x00007ffb9028a000 	C:\WINDOWS\SYSTEM32\DNSAPI.dll
0x00007ffb72500000 - 0x00007ffb72507000 	C:\WINDOWS\system32\wshunix.dll

dbghelp: loaded successfully - version: 4.0.5 - missing functions: none
symbol engine: initialized successfully - sym options: 0x614 - pdb path: .;C:\Program Files\Android\Android Studio2\jbr\bin;C:\WINDOWS\SYSTEM32;C:\ProgramData\Symantec\Symantec Endpoint Protection\14.3.5413.3000.105\Data\Sysfer\x64;C:\WINDOWS\WinSxS\amd64_microsoft.windows.common-controls_6595b64144ccf1df_6.0.19041.3636_none_60b6a03d71f818d5;C:\Program Files\Android\Android Studio2\jbr\bin\server;C:\Users\ADIT-PC\.gradle\native\68d5fa5c4cc2d200863cafc0d521ce42e7d3e7ee720ec0a83991735586a16f82\windows-amd64;C:\Users\ADIT-PC\.gradle\native\e376f236ea51e6404a007f0833ffe2c6e607c4080706a723a18a27aeea778392\windows-amd64

VM Arguments:
jvm_args: --add-opens=java.base/java.util=ALL-UNNAMED --add-opens=java.base/java.lang=ALL-UNNAMED --add-opens=java.base/java.lang.invoke=ALL-UNNAMED --add-opens=java.prefs/java.util.prefs=ALL-UNNAMED --add-opens=java.base/java.nio.charset=ALL-UNNAMED --add-opens=java.base/java.net=ALL-UNNAMED --add-opens=java.base/java.util.concurrent.atomic=ALL-UNNAMED -Xmx2048m -Dfile.encoding=windows-1252 -Duser.country=ID -Duser.language=en -Duser.variant 
java_command: org.gradle.launcher.daemon.bootstrap.GradleDaemon 8.0
java_class_path (initial): C:\Users\ADIT-PC\.gradle\wrapper\dists\gradle-8.0-bin\ca5e32bp14vu59qr306oxotwh\gradle-8.0\lib\gradle-launcher-8.0.jar
Launcher Type: SUN_STANDARD

[Global flags]
     intx CICompilerCount                          = 3                                         {product} {ergonomic}
     uint ConcGCThreads                            = 1                                         {product} {ergonomic}
     uint G1ConcRefinementThreads                  = 4                                         {product} {ergonomic}
   size_t G1HeapRegionSize                         = 1048576                                   {product} {ergonomic}
    uintx GCDrainStackTargetSize                   = 64                                        {product} {ergonomic}
   size_t InitialHeapSize                          = 266338304                                 {product} {ergonomic}
   size_t MarkStackSize                            = 4194304                                   {product} {ergonomic}
   size_t MaxHeapSize                              = 2147483648                                {product} {command line}
   size_t MaxNewSize                               = 1287651328                                {product} {ergonomic}
   size_t MinHeapDeltaBytes                        = 1048576                                   {product} {ergonomic}
   size_t MinHeapSize                              = 8388608                                   {product} {ergonomic}
    uintx NonNMethodCodeHeapSize                   = 5832780                                {pd product} {ergonomic}
    uintx NonProfiledCodeHeapSize                  = 122912730                              {pd product} {ergonomic}
    uintx ProfiledCodeHeapSize                     = 122912730                              {pd product} {ergonomic}
    uintx ReservedCodeCacheSize                    = 251658240                              {pd product} {ergonomic}
     bool SegmentedCodeCache                       = true                                      {product} {ergonomic}
   size_t SoftMaxHeapSize                          = 2147483648                             {manageable} {ergonomic}
     bool UseCompressedClassPointers               = true                           {product lp64_product} {ergonomic}
     bool UseCompressedOops                        = true                           {product lp64_product} {ergonomic}
     bool UseG1GC                                  = true                                      {product} {ergonomic}
     bool UseLargePagesIndividualAllocation        = false                                  {pd product} {ergonomic}

Logging:
Log output configuration:
 #0: stdout all=warning uptime,level,tags
 #1: stderr all=off uptime,level,tags

Environment Variables:
JAVA_HOME=C:\Program Files\Java\jdk-15.0.2
CLASSPATH=.;
PATH=C:\Program Files\Common Files\Oracle\Java\javapath;C:\Python311\Scripts\;C:\Python311\;C:\Python310\Scripts\;C:\Python310\;C:\Python27\;C:\Python27\Scripts;C:\Program Files (x86)\Common Files\Oracle\Java\javapath;C:\Program Files\Docker\Docker\Resources\bin;C:\ProgramData\Oracle\Java\javapath;C:\Program Files (x86)\Intel\iCLS Client\;C:\Program Files\Intel\iCLS Client\;C:\WINDOWS\system32;C:\WINDOWS;C:\WINDOWS\System32\Wbem;C:\WINDOWS\System32\WindowsPowerShell\v1.0\;C:\Program Files (x86)\Intel\Intel(R) Management Engine Components\DAL;C:\Program Files\Intel\Intel(R) Management Engine Components\DAL;C:\Program Files (x86)\Intel\Intel(R) Management Engine Components\IPT;C:\Program Files\Intel\Intel(R) Management Engine Components\IPT;C:\Program Files\Java\jre1.8.0_162\bin;C:\Program Files (x86)\GtkSharp\2.12\bin;C:\Program Files\PuTTY\;C:\Program Files\Java\jdk1.8.0_162\bin;C:\PROGRA~2\Groovy\GROOVY~1.15\bin;C:\WINDOWS\System32\OpenSSH\;C:\xampp\php;C:\Program Files (x86)\Microsoft SQL Server\Client SDK\ODBC\130\Tools\Binn\;C:\Program Files (x86)\Microsoft SQL Server\140\Tools\Binn\;C:\Program Files (x86)\Microsoft SQL Server\140\DTS\Binn\;C:\Program Files (x86)\Microsoft SQL Server\140\Tools\Binn\ManagementStudio\;c:\Program Files (x86)\Microsoft SQL Server\110\Tools\Binn\;c:\Program Files\Microsoft SQL Server\110\Tools\Binn\;c:\Program Files\Microsoft SQL Server\110\DTS\Binn\;C:\composer;C:\Flutter\flutter\bin;C:\Bitnami\wampstack-5.6.39-0\php;C:\ProgramData\chocolatey\bin;C:\Program Files (x86)\Yarn\bin\;C:\Program Files\Java\jdk1.8.0_211\bin;C:\Program Files\OpenJDK\openjdk-8u312-b07\bin;C:\Program Files\nodejs\;C:\Program Files\Git\cmd;C:\Users\ADIT-PC\AppData\Local\Microsoft\WindowsApps;C:\Users\ADIT-PC\AppData\Local\Android\Sdk\platform-tools;C:\Users\ADIT-PC\AppData\Roaming\npm;C:\Users\ADIT-PC\AppData\Local\Programs\Microsoft VS Code\bin;C:\Users\ADIT-PC\AppData\Local\Android\Sdk;C:\src\flutter\bin;C:\Users\ADIT-PC\AppData\Local\GitHubDesktop\bin;C:\Users
USERNAME=ADIT-PC
OS=Windows_NT
PROCESSOR_IDENTIFIER=Intel64 Family 6 Model 94 Stepping 3, GenuineIntel
TMP=C:\Users\ADIT-PC\AppData\Local\Temp
TEMP=C:\Users\ADIT-PC\AppData\Local\Temp


JNI global refs:
JNI global refs: 26, weak refs: 1

JNI global refs memory usage: 843, weak refs: 841


---------------  S Y S T E M  ---------------

OS:
 Windows 10 , 64 bit Build 19041 (10.0.19041.3636)
OS uptime: 16 days 23:46 hours
Hyper-V role detected

CPU: total 4 (initial active 4) (4 cores per cpu, 1 threads per core) family 6 model 94 stepping 3 microcode 0xf2, cx8, cmov, fxsr, mmx, 3dnowpref, sse, sse2, sse3, ssse3, sse4.1, sse4.2, popcnt, lzcnt, tsc, tscinvbit, avx, avx2, aes, erms, clmul, bmi1, bmi2, rtm, adx, fma, vzeroupper, clflush, clflushopt, hv

Memory: 4k page, system-wide physical 16247M (456M free)
TotalPageFile size 25028M (AvailPageFile size 3M)
current process WorkingSet (physical memory assigned to process): 493M, peak: 493M
current process commit charge ("private bytes"): 520M, peak: 521M

vm_info: OpenJDK 64-Bit Server VM (17.0.6+0-b2043.56-10027231) for windows-amd64 JRE (17.0.6+0-b2043.56-10027231), built on Apr 28 2023 00:43:19 by "androidbuild" with MS VC++ 16.10 / 16.11 (VS2019)

END.
