#
# There is insufficient memory for the Java Runtime Environment to continue.
# Native memory allocation (mmap) failed to map 79691776 bytes for G1 virtual space
# Possible reasons:
#   The system is out of physical RAM or swap space
#   The process is running with CompressedOops enabled, and the Java Heap may be blocking the growth of the native heap
# Possible solutions:
#   Reduce memory load on the system
#   Increase physical memory or swap space
#   Check if swap backing store is full
#   Decrease Java heap size (-Xmx/-Xms)
#   Decrease number of Java threads
#   Decrease Java thread stack sizes (-Xss)
#   Set larger code cache with -XX:ReservedCodeCacheSize=
#   JVM is running with Unscaled Compressed Oops mode in which the Java heap is
#     placed in the first 4GB address space. The Java Heap base address is the
#     maximum limit for the native heap growth. Please use -XX:HeapBaseMinAddress
#     to set the Java Heap base and to place the Java Heap above 4GB virtual address.
# This output file may be truncated or incomplete.
#
#  Out of Memory Error (os_windows.cpp:3769), pid=12968, tid=11620
#
# JRE version: OpenJDK Runtime Environment (17.0.6) (build 17.0.6+0-b2043.56-10027231)
# Java VM: OpenJDK 64-Bit Server VM (17.0.6+0-b2043.56-10027231, mixed mode, tiered, compressed oops, compressed class ptrs, g1 gc, windows-amd64)
# No core dump will be written. Minidumps are not enabled by default on client versions of Windows
#

---------------  S U M M A R Y ------------

Command Line: --add-opens=java.base/java.util=ALL-UNNAMED --add-opens=java.base/java.lang=ALL-UNNAMED --add-opens=java.base/java.lang.invoke=ALL-UNNAMED --add-opens=java.prefs/java.util.prefs=ALL-UNNAMED --add-opens=java.base/java.nio.charset=ALL-UNNAMED --add-opens=java.base/java.net=ALL-UNNAMED --add-opens=java.base/java.util.concurrent.atomic=ALL-UNNAMED -Xmx2048m -Dfile.encoding=windows-1252 -Duser.country=ID -Duser.language=en -Duser.variant org.gradle.launcher.daemon.bootstrap.GradleDaemon 8.0

Host: Intel(R) Core(TM) i5-6500 CPU @ 3.20GHz, 4 cores, 15G,  Windows 10 , 64 bit Build 19041 (10.0.19041.3636)
Time: Thu Feb  8 10:44:25 2024 SE Asia Standard Time elapsed time: 13.131007 seconds (0d 0h 0m 13s)

---------------  T H R E A D  ---------------

Current thread (0x0000012822d09c70):  VMThread "VM Thread" [stack: 0x0000000926700000,0x0000000926800000] [id=11620]

Stack: [0x0000000926700000,0x0000000926800000]
Native frames: (J=compiled Java code, j=interpreted, Vv=VM code, C=native code)
V  [jvm.dll+0x683c9a]
V  [jvm.dll+0x8427a4]
V  [jvm.dll+0x843f9e]
V  [jvm.dll+0x844603]
V  [jvm.dll+0x249b75]
V  [jvm.dll+0x680b69]
V  [jvm.dll+0x67505a]
V  [jvm.dll+0x309acb]
V  [jvm.dll+0x310f86]
V  [jvm.dll+0x3608ee]
V  [jvm.dll+0x360b1f]
V  [jvm.dll+0x2dfbf8]
V  [jvm.dll+0x2ddec4]
V  [jvm.dll+0x2dd4cc]
V  [jvm.dll+0x322261]
V  [jvm.dll+0x848ccb]
V  [jvm.dll+0x849a04]
V  [jvm.dll+0x849f1d]
V  [jvm.dll+0x84a2f4]
V  [jvm.dll+0x84a3c0]
V  [jvm.dll+0x7f274a]
V  [jvm.dll+0x682ad5]
C  [ucrtbase.dll+0x21bb2]
C  [KERNEL32.DLL+0x17344]
C  [ntdll.dll+0x526b1]

VM_Operation (0x000000092c4fde70): G1TryInitiateConcMark, mode: safepoint, requested by thread 0x000001282c265260


---------------  P R O C E S S  ---------------

Threads class SMR info:
_java_thread_list=0x000001282d30b1b0, length=89, elements={
0x0000012807792630, 0x0000012823833130, 0x0000012823833fa0, 0x0000012822d0b400,
0x00000128238809f0, 0x00000128238834b0, 0x0000012823883e60, 0x0000012823884bf0,
0x0000012823885690, 0x0000012823888870, 0x0000012823a04c30, 0x0000012823a085b0,
0x00000128247f07a0, 0x0000012824bc4850, 0x0000012824847250, 0x00000128249b2cd0,
0x00000128249b6690, 0x00000128249b61c0, 0x00000128249b31a0, 0x00000128249b44e0,
0x00000128249b3670, 0x00000128249b49b0, 0x00000128249b4010, 0x00000128249b3b40,
0x00000128249b4e80, 0x00000128249b5350, 0x00000128249b5820, 0x00000128249b5cf0,
0x0000012826ac7660, 0x0000012826ac8000, 0x0000012826ac67f0, 0x0000012826ac6320,
0x0000012826ac89a0, 0x0000012826ff3f70, 0x0000012826ac54b0, 0x0000012826ac7b30,
0x0000012826ac6cc0, 0x0000012826ac7190, 0x00000128279930a0, 0x00000128279948b0,
0x000001282798d530, 0x0000012827993570, 0x000001282798f6e0, 0x000001282798e870,
0x0000012827993f10, 0x0000012827992230, 0x000001282798ed40, 0x0000012827992bd0,
0x000001282798f210, 0x00000128279943e0, 0x0000012827990080, 0x0000012827991d60,
0x0000012827992700, 0x0000012827990550, 0x0000012827990a20, 0x0000012827990ef0,
0x00000128279913c0, 0x000001282798d060, 0x0000012827991890, 0x0000012827993a40,
0x000001282798e3a0, 0x000001282798da00, 0x000001282798ded0, 0x00000128265e9ea0,
0x00000128265ef070, 0x00000128265ec050, 0x00000128265eb1e0, 0x00000128265ef540,
0x00000128265ec520, 0x00000128265efa10, 0x00000128265e99d0, 0x00000128265ea370,
0x00000128265ec9f0, 0x00000128265efee0, 0x00000128265ecec0, 0x00000128265ed390,
0x00000128265ed860, 0x00000128265ee6d0, 0x00000128265edd30, 0x00000128265ea840,
0x00000128265eeba0, 0x00000128265f03b0, 0x000001282c263f20, 0x000001282c25e880,
0x000001282c2643f0, 0x000001282c2630b0, 0x000001282c2648c0, 0x000001282c264d90,
0x000001282c265260
}

Java Threads: ( => current thread )
  0x0000012807792630 JavaThread "main" [_thread_blocked, id=26096, stack(0x0000000926100000,0x0000000926200000)]
  0x0000012823833130 JavaThread "Reference Handler" daemon [_thread_blocked, id=14712, stack(0x0000000926800000,0x0000000926900000)]
  0x0000012823833fa0 JavaThread "Finalizer" daemon [_thread_blocked, id=9496, stack(0x0000000926900000,0x0000000926a00000)]
  0x0000012822d0b400 JavaThread "Signal Dispatcher" daemon [_thread_blocked, id=21040, stack(0x0000000926a00000,0x0000000926b00000)]
  0x00000128238809f0 JavaThread "Attach Listener" daemon [_thread_blocked, id=17876, stack(0x0000000926b00000,0x0000000926c00000)]
  0x00000128238834b0 JavaThread "Service Thread" daemon [_thread_blocked, id=23292, stack(0x0000000926c00000,0x0000000926d00000)]
  0x0000012823883e60 JavaThread "Monitor Deflation Thread" daemon [_thread_blocked, id=24076, stack(0x0000000926d00000,0x0000000926e00000)]
  0x0000012823884bf0 JavaThread "C2 CompilerThread0" daemon [_thread_blocked, id=23556, stack(0x0000000926e00000,0x0000000926f00000)]
  0x0000012823885690 JavaThread "C1 CompilerThread0" daemon [_thread_blocked, id=17652, stack(0x0000000926f00000,0x0000000927000000)]
  0x0000012823888870 JavaThread "Sweeper thread" daemon [_thread_blocked, id=26264, stack(0x0000000927000000,0x0000000927100000)]
  0x0000012823a04c30 JavaThread "Common-Cleaner" daemon [_thread_blocked, id=28188, stack(0x0000000927100000,0x0000000927200000)]
  0x0000012823a085b0 JavaThread "Notification Thread" daemon [_thread_blocked, id=25952, stack(0x0000000927200000,0x0000000927300000)]
  0x00000128247f07a0 JavaThread "Daemon health stats" [_thread_blocked, id=30576, stack(0x0000000927800000,0x0000000927900000)]
  0x0000012824bc4850 JavaThread "Incoming local TCP Connector on port 48272" [_thread_in_native, id=19056, stack(0x0000000927900000,0x0000000927a00000)]
  0x0000012824847250 JavaThread "Daemon periodic checks" [_thread_blocked, id=26640, stack(0x0000000927a00000,0x0000000927b00000)]
  0x00000128249b2cd0 JavaThread "Daemon" [_thread_blocked, id=7192, stack(0x0000000927b00000,0x0000000927c00000)]
  0x00000128249b6690 JavaThread "Handler for socket connection from /127.0.0.1:48272 to /127.0.0.1:48273" [_thread_in_native, id=30712, stack(0x0000000927c00000,0x0000000927d00000)]
  0x00000128249b61c0 JavaThread "Cancel handler" [_thread_blocked, id=19236, stack(0x0000000927d00000,0x0000000927e00000)]
  0x00000128249b31a0 JavaThread "Daemon worker" [_thread_blocked, id=25128, stack(0x0000000927e00000,0x0000000927f00000)]
  0x00000128249b44e0 JavaThread "Asynchronous log dispatcher for DefaultDaemonConnection: socket connection from /127.0.0.1:48272 to /127.0.0.1:48273" [_thread_blocked, id=13176, stack(0x0000000927f00000,0x0000000928000000)]
  0x00000128249b3670 JavaThread "Stdin handler" [_thread_blocked, id=30708, stack(0x0000000928000000,0x0000000928100000)]
  0x00000128249b49b0 JavaThread "Daemon client event forwarder" [_thread_blocked, id=16964, stack(0x0000000928100000,0x0000000928200000)]
  0x00000128249b4010 JavaThread "Cache worker for journal cache (C:\Users\ADIT-PC\.gradle\caches\journal-1)" [_thread_blocked, id=25384, stack(0x0000000927400000,0x0000000927500000)]
  0x00000128249b3b40 JavaThread "File lock request listener" [_thread_in_native, id=22856, stack(0x0000000928200000,0x0000000928300000)]
  0x00000128249b4e80 JavaThread "Cache worker for file hash cache (C:\Users\ADIT-PC\.gradle\caches\8.0\fileHashes)" [_thread_blocked, id=26488, stack(0x0000000928300000,0x0000000928400000)]
  0x00000128249b5350 JavaThread "File watcher server" daemon [_thread_blocked, id=11132, stack(0x0000000928500000,0x0000000928600000)]
  0x00000128249b5820 JavaThread "File watcher consumer" daemon [_thread_blocked, id=24520, stack(0x0000000928600000,0x0000000928700000)]
  0x00000128249b5cf0 JavaThread "Cache worker for checksums cache (C:\Users\ADIT-PC\AndroidStudioProjects\HRISMobile-New\.gradle\8.0\checksums)" [_thread_blocked, id=27820, stack(0x0000000928700000,0x0000000928800000)]
  0x0000012826ac7660 JavaThread "Cache worker for cache directory md-rule (C:\Users\ADIT-PC\.gradle\caches\8.0\md-rule)" [_thread_blocked, id=25136, stack(0x0000000928800000,0x0000000928900000)]
  0x0000012826ac8000 JavaThread "Cache worker for file content cache (C:\Users\ADIT-PC\.gradle\caches\8.0\fileContent)" [_thread_blocked, id=26008, stack(0x0000000928900000,0x0000000928a00000)]
  0x0000012826ac67f0 JavaThread "Cache worker for file hash cache (C:\Users\ADIT-PC\AndroidStudioProjects\HRISMobile-New\.gradle\8.0\fileHashes)" [_thread_blocked, id=15268, stack(0x0000000928a00000,0x0000000928b00000)]
  0x0000012826ac6320 JavaThread "Cache worker for cache directory md-supplier (C:\Users\ADIT-PC\.gradle\caches\8.0\md-supplier)" [_thread_blocked, id=27252, stack(0x0000000928b00000,0x0000000928c00000)]
  0x0000012826ac89a0 JavaThread "Cache worker for execution history cache (C:\Users\ADIT-PC\.gradle\caches\8.0\executionHistory)" [_thread_blocked, id=28852, stack(0x0000000928c00000,0x0000000928d00000)]
  0x0000012826ff3f70 JavaThread "C2 CompilerThread1" daemon [_thread_blocked, id=25876, stack(0x0000000928400000,0x0000000928500000)]
  0x0000012826ac54b0 JavaThread "jar transforms" [_thread_blocked, id=17628, stack(0x0000000928d00000,0x0000000928e00000)]
  0x0000012826ac7b30 JavaThread "jar transforms Thread 2" [_thread_blocked, id=22504, stack(0x0000000928e00000,0x0000000928f00000)]
  0x0000012826ac6cc0 JavaThread "jar transforms Thread 3" [_thread_blocked, id=23636, stack(0x0000000929000000,0x0000000929100000)]
  0x0000012826ac7190 JavaThread "jar transforms Thread 4" [_thread_blocked, id=20820, stack(0x0000000929100000,0x0000000929200000)]
  0x00000128279930a0 JavaThread "Cache worker for dependencies-accessors (C:\Users\ADIT-PC\AndroidStudioProjects\HRISMobile-New\.gradle\8.0\dependencies-accessors)" [_thread_blocked, id=16380, stack(0x0000000929200000,0x0000000929300000)]
  0x00000128279948b0 JavaThread "Cache worker for Build Output Cleanup Cache (C:\Users\ADIT-PC\AndroidStudioProjects\HRISMobile-New\.gradle\buildOutputCleanup)" [_thread_blocked, id=30384, stack(0x0000000929300000,0x0000000929400000)]
  0x000001282798d530 JavaThread "Unconstrained build operations" [_thread_blocked, id=21772, stack(0x0000000929400000,0x0000000929500000)]
  0x0000012827993570 JavaThread "Unconstrained build operations Thread 2" [_thread_blocked, id=6484, stack(0x0000000929500000,0x0000000929600000)]
  0x000001282798f6e0 JavaThread "Unconstrained build operations Thread 3" [_thread_blocked, id=552, stack(0x0000000929600000,0x0000000929700000)]
  0x000001282798e870 JavaThread "Unconstrained build operations Thread 4" [_thread_blocked, id=15896, stack(0x0000000929700000,0x0000000929800000)]
  0x0000012827993f10 JavaThread "Unconstrained build operations Thread 5" [_thread_blocked, id=3600, stack(0x0000000929800000,0x0000000929900000)]
  0x0000012827992230 JavaThread "Unconstrained build operations Thread 6" [_thread_blocked, id=21512, stack(0x0000000929900000,0x0000000929a00000)]
  0x000001282798ed40 JavaThread "Unconstrained build operations Thread 7" [_thread_blocked, id=20684, stack(0x0000000929a00000,0x0000000929b00000)]
  0x0000012827992bd0 JavaThread "Unconstrained build operations Thread 8" [_thread_blocked, id=30488, stack(0x0000000929b00000,0x0000000929c00000)]
  0x000001282798f210 JavaThread "Unconstrained build operations Thread 9" [_thread_blocked, id=15488, stack(0x0000000929c00000,0x0000000929d00000)]
  0x00000128279943e0 JavaThread "Unconstrained build operations Thread 10" [_thread_blocked, id=29980, stack(0x0000000929d00000,0x0000000929e00000)]
  0x0000012827990080 JavaThread "Unconstrained build operations Thread 11" [_thread_blocked, id=24808, stack(0x0000000929e00000,0x0000000929f00000)]
  0x0000012827991d60 JavaThread "Unconstrained build operations Thread 12" [_thread_blocked, id=27272, stack(0x0000000929f00000,0x000000092a000000)]
  0x0000012827992700 JavaThread "Unconstrained build operations Thread 13" [_thread_blocked, id=32, stack(0x000000092a000000,0x000000092a100000)]
  0x0000012827990550 JavaThread "Unconstrained build operations Thread 14" [_thread_blocked, id=9020, stack(0x000000092a100000,0x000000092a200000)]
  0x0000012827990a20 JavaThread "Unconstrained build operations Thread 15" [_thread_blocked, id=21524, stack(0x000000092a200000,0x000000092a300000)]
  0x0000012827990ef0 JavaThread "Unconstrained build operations Thread 16" [_thread_blocked, id=8944, stack(0x000000092a300000,0x000000092a400000)]
  0x00000128279913c0 JavaThread "Unconstrained build operations Thread 17" [_thread_blocked, id=13148, stack(0x000000092a400000,0x000000092a500000)]
  0x000001282798d060 JavaThread "Unconstrained build operations Thread 18" [_thread_blocked, id=29344, stack(0x000000092a500000,0x000000092a600000)]
  0x0000012827991890 JavaThread "Unconstrained build operations Thread 19" [_thread_blocked, id=1900, stack(0x000000092a600000,0x000000092a700000)]
  0x0000012827993a40 JavaThread "Unconstrained build operations Thread 20" [_thread_blocked, id=3948, stack(0x000000092a700000,0x000000092a800000)]
  0x000001282798e3a0 JavaThread "Unconstrained build operations Thread 21" [_thread_blocked, id=19744, stack(0x000000092a800000,0x000000092a900000)]
  0x000001282798da00 JavaThread "Unconstrained build operations Thread 22" [_thread_blocked, id=15788, stack(0x000000092a900000,0x000000092aa00000)]
  0x000001282798ded0 JavaThread "Unconstrained build operations Thread 23" [_thread_blocked, id=23480, stack(0x000000092aa00000,0x000000092ab00000)]
  0x00000128265e9ea0 JavaThread "Unconstrained build operations Thread 24" [_thread_blocked, id=9224, stack(0x000000092ab00000,0x000000092ac00000)]
  0x00000128265ef070 JavaThread "Unconstrained build operations Thread 25" [_thread_blocked, id=29896, stack(0x000000092ac00000,0x000000092ad00000)]
  0x00000128265ec050 JavaThread "Unconstrained build operations Thread 26" [_thread_blocked, id=23724, stack(0x000000092ad00000,0x000000092ae00000)]
  0x00000128265eb1e0 JavaThread "Unconstrained build operations Thread 27" [_thread_blocked, id=20192, stack(0x000000092ae00000,0x000000092af00000)]
  0x00000128265ef540 JavaThread "Unconstrained build operations Thread 28" [_thread_blocked, id=30628, stack(0x000000092af00000,0x000000092b000000)]
  0x00000128265ec520 JavaThread "Unconstrained build operations Thread 29" [_thread_blocked, id=17728, stack(0x000000092b000000,0x000000092b100000)]
  0x00000128265efa10 JavaThread "Unconstrained build operations Thread 30" [_thread_blocked, id=12232, stack(0x000000092b100000,0x000000092b200000)]
  0x00000128265e99d0 JavaThread "Unconstrained build operations Thread 31" [_thread_blocked, id=17732, stack(0x000000092b200000,0x000000092b300000)]
  0x00000128265ea370 JavaThread "Unconstrained build operations Thread 32" [_thread_blocked, id=3064, stack(0x000000092b300000,0x000000092b400000)]
  0x00000128265ec9f0 JavaThread "Unconstrained build operations Thread 33" [_thread_blocked, id=17300, stack(0x000000092b400000,0x000000092b500000)]
  0x00000128265efee0 JavaThread "Unconstrained build operations Thread 34" [_thread_blocked, id=27924, stack(0x000000092b500000,0x000000092b600000)]
  0x00000128265ecec0 JavaThread "Unconstrained build operations Thread 35" [_thread_blocked, id=27744, stack(0x000000092b600000,0x000000092b700000)]
  0x00000128265ed390 JavaThread "Unconstrained build operations Thread 36" [_thread_blocked, id=8612, stack(0x000000092b700000,0x000000092b800000)]
  0x00000128265ed860 JavaThread "Unconstrained build operations Thread 37" [_thread_blocked, id=24668, stack(0x000000092b800000,0x000000092b900000)]
  0x00000128265ee6d0 JavaThread "Unconstrained build operations Thread 38" [_thread_blocked, id=27864, stack(0x000000092b900000,0x000000092ba00000)]
  0x00000128265edd30 JavaThread "Unconstrained build operations Thread 39" [_thread_blocked, id=25312, stack(0x000000092ba00000,0x000000092bb00000)]
  0x00000128265ea840 JavaThread "Unconstrained build operations Thread 40" [_thread_blocked, id=20736, stack(0x000000092bb00000,0x000000092bc00000)]
  0x00000128265eeba0 JavaThread "build event listener" [_thread_blocked, id=872, stack(0x000000092bc00000,0x000000092bd00000)]
  0x00000128265f03b0 JavaThread "Memory manager" [_thread_blocked, id=22784, stack(0x000000092bd00000,0x000000092be00000)]
  0x000001282c263f20 JavaThread "pool-3-thread-1" [_thread_blocked, id=11032, stack(0x000000092be00000,0x000000092bf00000)]
  0x000001282c25e880 JavaThread "build event listener" [_thread_blocked, id=13732, stack(0x000000092bf00000,0x000000092c000000)]
  0x000001282c2643f0 JavaThread "included builds" [_thread_blocked, id=27872, stack(0x000000092c000000,0x000000092c100000)]
  0x000001282c2630b0 JavaThread "Execution worker" [_thread_blocked, id=22036, stack(0x000000092c100000,0x000000092c200000)]
  0x000001282c2648c0 JavaThread "Execution worker Thread 2" [_thread_blocked, id=5288, stack(0x000000092c200000,0x000000092c300000)]
  0x000001282c264d90 JavaThread "Execution worker Thread 3" [_thread_blocked, id=9028, stack(0x000000092c300000,0x000000092c400000)]
  0x000001282c265260 JavaThread "Cache worker for execution history cache (C:\Users\ADIT-PC\AndroidStudioProjects\HRISMobile-New\.gradle\8.0\executionHistory)" [_thread_blocked, id=16712, stack(0x000000092c400000,0x000000092c500000)]

Other Threads:
=>0x0000012822d09c70 VMThread "VM Thread" [stack: 0x0000000926700000,0x0000000926800000] [id=11620]
  0x0000012807804ec0 WatcherThread [stack: 0x0000000927300000,0x0000000927400000] [id=21708]
  0x00000128077eaa60 GCTaskThread "GC Thread#0" [stack: 0x0000000926200000,0x0000000926300000] [id=15324]
  0x00000128240f5790 GCTaskThread "GC Thread#1" [stack: 0x0000000927500000,0x0000000927600000] [id=7396]
  0x0000012823c40830 GCTaskThread "GC Thread#2" [stack: 0x0000000927600000,0x0000000927700000] [id=11556]
  0x0000012823af8350 GCTaskThread "GC Thread#3" [stack: 0x0000000927700000,0x0000000927800000] [id=1716]
  0x00000128077fb9a0 ConcurrentGCThread "G1 Main Marker" [stack: 0x0000000926300000,0x0000000926400000] [id=24344]
  0x00000128077fcf20 ConcurrentGCThread "G1 Conc#0" [stack: 0x0000000926400000,0x0000000926500000] [id=6808]
  0x000001280784e350 ConcurrentGCThread "G1 Refine#0" [stack: 0x0000000926500000,0x0000000926600000] [id=18392]
  0x0000012828871900 ConcurrentGCThread "G1 Refine#1" [stack: 0x0000000928f00000,0x0000000929000000] [id=13044]
  0x0000012822b8c140 ConcurrentGCThread "G1 Service" [stack: 0x0000000926600000,0x0000000926700000] [id=22748]

Threads with active compile tasks:
C2 CompilerThread0    13170 10905       4       com.google.common.cache.LocalCache$Segment::evictEntries (106 bytes)
C2 CompilerThread1    13170 10889       4       org.gradle.internal.snapshot.VfsRelativePath::of (14 bytes)

VM state: at safepoint (normal execution)

VM Mutex/Monitor currently owned by a thread:  ([mutex/lock_event])
[0x0000012807790b50] Threads_lock - owner thread: 0x0000012822d09c70
[0x0000012807790130] Heap_lock - owner thread: 0x000001282c265260

Heap address: 0x0000000080000000, size: 2048 MB, Compressed Oops mode: 32-bit

CDS archive(s) not mapped
Compressed class space mapped at: 0x0000000100000000-0x0000000140000000, reserved size: 1073741824
Narrow klass base: 0x0000000000000000, Narrow klass shift: 3, Narrow klass range: 0x140000000

GC Precious Log:
 CPUs: 4 total, 4 available
 Memory: 16247M
 Large Page Support: Disabled
 NUMA Support: Disabled
 Compressed Oops: Enabled (32-bit)
 Heap Region Size: 1M
 Heap Min Capacity: 8M
 Heap Initial Capacity: 254M
 Heap Max Capacity: 2G
 Pre-touch: Disabled
 Parallel Workers: 4
 Concurrent Workers: 1
 Concurrent Refinement Workers: 4
 Periodic GC: Disabled

Heap:
 garbage-first heap   total 260096K, used 95459K [0x0000000080000000, 0x0000000100000000)
  region size 1024K, 1 young (1024K), 1 survivors (1024K)
 Metaspace       used 89972K, committed 90688K, reserved 1130496K
  class space    used 12130K, committed 12416K, reserved 1048576K

Heap Regions: E=young(eden), S=young(survivor), O=old, HS=humongous(starts), HC=humongous(continues), CS=collection set, F=free, OA=open archive, CA=closed archive, TAMS=top-at-mark-start (previous, next)
|   0|0x0000000080000000, 0x0000000080100000, 0x0000000080100000|100%| O|  |TAMS 0x0000000080100000, 0x0000000080100000| Untracked 
|   1|0x0000000080100000, 0x0000000080200000, 0x0000000080200000|100%| O|  |TAMS 0x0000000080200000, 0x0000000080200000| Untracked 
|   2|0x0000000080200000, 0x0000000080300000, 0x0000000080300000|100%|HS|  |TAMS 0x0000000080300000, 0x0000000080300000| Complete 
|   3|0x0000000080300000, 0x0000000080400000, 0x0000000080400000|100%|HC|  |TAMS 0x0000000080400000, 0x0000000080400000| Complete 
|   4|0x0000000080400000, 0x0000000080500000, 0x0000000080500000|100%|HC|  |TAMS 0x0000000080500000, 0x0000000080500000| Complete 
|   5|0x0000000080500000, 0x0000000080600000, 0x0000000080600000|100%|HC|  |TAMS 0x0000000080600000, 0x0000000080600000| Complete 
|   6|0x0000000080600000, 0x0000000080700000, 0x0000000080700000|100%| O|  |TAMS 0x0000000080700000, 0x0000000080700000| Untracked 
|   7|0x0000000080700000, 0x0000000080800000, 0x0000000080800000|100%| O|  |TAMS 0x0000000080800000, 0x0000000080800000| Untracked 
|   8|0x0000000080800000, 0x0000000080900000, 0x0000000080900000|100%| O|  |TAMS 0x0000000080900000, 0x0000000080900000| Untracked 
|   9|0x0000000080900000, 0x0000000080a00000, 0x0000000080a00000|100%| O|  |TAMS 0x0000000080a00000, 0x0000000080a00000| Untracked 
|  10|0x0000000080a00000, 0x0000000080b00000, 0x0000000080b00000|100%| O|  |TAMS 0x0000000080b00000, 0x0000000080b00000| Untracked 
|  11|0x0000000080b00000, 0x0000000080b00000, 0x0000000080c00000|  0%| F|  |TAMS 0x0000000080b00000, 0x0000000080b00000| Untracked 
|  12|0x0000000080c00000, 0x0000000080d00000, 0x0000000080d00000|100%| O|  |TAMS 0x0000000080d00000, 0x0000000080d00000| Untracked 
|  13|0x0000000080d00000, 0x0000000080e00000, 0x0000000080e00000|100%| O|  |TAMS 0x0000000080e00000, 0x0000000080e00000| Untracked 
|  14|0x0000000080e00000, 0x0000000080f00000, 0x0000000080f00000|100%| O|  |TAMS 0x0000000080f00000, 0x0000000080f00000| Untracked 
|  15|0x0000000080f00000, 0x0000000081000000, 0x0000000081000000|100%| O|  |TAMS 0x0000000081000000, 0x0000000081000000| Untracked 
|  16|0x0000000081000000, 0x0000000081100000, 0x0000000081100000|100%| O|  |TAMS 0x0000000081100000, 0x0000000081100000| Untracked 
|  17|0x0000000081100000, 0x0000000081200000, 0x0000000081200000|100%| O|  |TAMS 0x0000000081200000, 0x0000000081200000| Untracked 
|  18|0x0000000081200000, 0x0000000081300000, 0x0000000081300000|100%| O|  |TAMS 0x0000000081300000, 0x0000000081300000| Untracked 
|  19|0x0000000081300000, 0x0000000081400000, 0x0000000081400000|100%| O|  |TAMS 0x0000000081400000, 0x0000000081400000| Untracked 
|  20|0x0000000081400000, 0x0000000081500000, 0x0000000081500000|100%| O|  |TAMS 0x0000000081500000, 0x0000000081500000| Untracked 
|  21|0x0000000081500000, 0x0000000081600000, 0x0000000081600000|100%| O|  |TAMS 0x0000000081600000, 0x0000000081600000| Untracked 
|  22|0x0000000081600000, 0x0000000081700000, 0x0000000081700000|100%| O|  |TAMS 0x0000000081700000, 0x0000000081700000| Untracked 
|  23|0x0000000081700000, 0x0000000081800000, 0x0000000081800000|100%| O|  |TAMS 0x0000000081800000, 0x0000000081800000| Untracked 
|  24|0x0000000081800000, 0x0000000081900000, 0x0000000081900000|100%| O|  |TAMS 0x0000000081900000, 0x0000000081900000| Untracked 
|  25|0x0000000081900000, 0x0000000081a00000, 0x0000000081a00000|100%| O|  |TAMS 0x0000000081a00000, 0x0000000081a00000| Untracked 
|  26|0x0000000081a00000, 0x0000000081b00000, 0x0000000081b00000|100%| O|  |TAMS 0x0000000081b00000, 0x0000000081b00000| Untracked 
|  27|0x0000000081b00000, 0x0000000081c00000, 0x0000000081c00000|100%| O|  |TAMS 0x0000000081c00000, 0x0000000081c00000| Untracked 
|  28|0x0000000081c00000, 0x0000000081d00000, 0x0000000081d00000|100%| O|  |TAMS 0x0000000081d00000, 0x0000000081d00000| Untracked 
|  29|0x0000000081d00000, 0x0000000081e00000, 0x0000000081e00000|100%| O|  |TAMS 0x0000000081e00000, 0x0000000081e00000| Untracked 
|  30|0x0000000081e00000, 0x0000000081f00000, 0x0000000081f00000|100%|HS|  |TAMS 0x0000000081f00000, 0x0000000081f00000| Complete 
|  31|0x0000000081f00000, 0x0000000082000000, 0x0000000082000000|100%|HS|  |TAMS 0x0000000082000000, 0x0000000082000000| Complete 
|  32|0x0000000082000000, 0x0000000082100000, 0x0000000082100000|100%|HS|  |TAMS 0x0000000082100000, 0x0000000082100000| Complete 
|  33|0x0000000082100000, 0x0000000082200000, 0x0000000082200000|100%| O|  |TAMS 0x0000000082200000, 0x0000000082200000| Untracked 
|  34|0x0000000082200000, 0x0000000082300000, 0x0000000082300000|100%| O|  |TAMS 0x0000000082300000, 0x0000000082300000| Untracked 
|  35|0x0000000082300000, 0x0000000082400000, 0x0000000082400000|100%| O|  |TAMS 0x0000000082400000, 0x0000000082400000| Untracked 
|  36|0x0000000082400000, 0x0000000082500000, 0x0000000082500000|100%| O|  |TAMS 0x0000000082500000, 0x0000000082500000| Untracked 
|  37|0x0000000082500000, 0x0000000082600000, 0x0000000082600000|100%| O|  |TAMS 0x0000000082600000, 0x0000000082600000| Untracked 
|  38|0x0000000082600000, 0x0000000082700000, 0x0000000082700000|100%| O|  |TAMS 0x0000000082700000, 0x0000000082700000| Untracked 
|  39|0x0000000082700000, 0x0000000082800000, 0x0000000082800000|100%| O|  |TAMS 0x0000000082800000, 0x0000000082800000| Untracked 
|  40|0x0000000082800000, 0x0000000082900000, 0x0000000082900000|100%| O|  |TAMS 0x0000000082900000, 0x0000000082900000| Untracked 
|  41|0x0000000082900000, 0x0000000082a00000, 0x0000000082a00000|100%| O|  |TAMS 0x0000000082a00000, 0x0000000082a00000| Untracked 
|  42|0x0000000082a00000, 0x0000000082b00000, 0x0000000082b00000|100%| O|  |TAMS 0x0000000082b00000, 0x0000000082b00000| Untracked 
|  43|0x0000000082b00000, 0x0000000082c00000, 0x0000000082c00000|100%| O|  |TAMS 0x0000000082c00000, 0x0000000082c00000| Untracked 
|  44|0x0000000082c00000, 0x0000000082d00000, 0x0000000082d00000|100%| O|  |TAMS 0x0000000082d00000, 0x0000000082d00000| Untracked 
|  45|0x0000000082d00000, 0x0000000082e00000, 0x0000000082e00000|100%| O|  |TAMS 0x0000000082e00000, 0x0000000082e00000| Untracked 
|  46|0x0000000082e00000, 0x0000000082f00000, 0x0000000082f00000|100%| O|  |TAMS 0x0000000082f00000, 0x0000000082f00000| Untracked 
|  47|0x0000000082f00000, 0x0000000083000000, 0x0000000083000000|100%| O|  |TAMS 0x0000000083000000, 0x0000000083000000| Untracked 
|  48|0x0000000083000000, 0x0000000083100000, 0x0000000083100000|100%| O|  |TAMS 0x0000000083100000, 0x0000000083100000| Untracked 
|  49|0x0000000083100000, 0x0000000083200000, 0x0000000083200000|100%| O|  |TAMS 0x0000000083200000, 0x0000000083200000| Untracked 
|  50|0x0000000083200000, 0x0000000083300000, 0x0000000083300000|100%| O|  |TAMS 0x0000000083300000, 0x0000000083300000| Untracked 
|  51|0x0000000083300000, 0x0000000083400000, 0x0000000083400000|100%| O|  |TAMS 0x0000000083400000, 0x0000000083400000| Untracked 
|  52|0x0000000083400000, 0x0000000083500000, 0x0000000083500000|100%| O|  |TAMS 0x0000000083500000, 0x0000000083500000| Untracked 
|  53|0x0000000083500000, 0x0000000083600000, 0x0000000083600000|100%| O|  |TAMS 0x0000000083600000, 0x0000000083600000| Untracked 
|  54|0x0000000083600000, 0x0000000083700000, 0x0000000083700000|100%| O|  |TAMS 0x0000000083700000, 0x0000000083700000| Untracked 
|  55|0x0000000083700000, 0x0000000083800000, 0x0000000083800000|100%| O|  |TAMS 0x0000000083800000, 0x0000000083800000| Untracked 
|  56|0x0000000083800000, 0x0000000083900000, 0x0000000083900000|100%| O|  |TAMS 0x0000000083900000, 0x0000000083900000| Untracked 
|  57|0x0000000083900000, 0x0000000083a00000, 0x0000000083a00000|100%| O|  |TAMS 0x0000000083a00000, 0x0000000083a00000| Untracked 
|  58|0x0000000083a00000, 0x0000000083b00000, 0x0000000083b00000|100%| O|  |TAMS 0x0000000083b00000, 0x0000000083b00000| Untracked 
|  59|0x0000000083b00000, 0x0000000083c00000, 0x0000000083c00000|100%| O|  |TAMS 0x0000000083c00000, 0x0000000083c00000| Untracked 
|  60|0x0000000083c00000, 0x0000000083d00000, 0x0000000083d00000|100%| O|  |TAMS 0x0000000083d00000, 0x0000000083d00000| Untracked 
|  61|0x0000000083d00000, 0x0000000083e00000, 0x0000000083e00000|100%| O|  |TAMS 0x0000000083e00000, 0x0000000083e00000| Untracked 
|  62|0x0000000083e00000, 0x0000000083f00000, 0x0000000083f00000|100%| O|  |TAMS 0x0000000083f00000, 0x0000000083f00000| Untracked 
|  63|0x0000000083f00000, 0x0000000084000000, 0x0000000084000000|100%| O|  |TAMS 0x0000000084000000, 0x0000000084000000| Untracked 
|  64|0x0000000084000000, 0x0000000084100000, 0x0000000084100000|100%| O|  |TAMS 0x0000000084100000, 0x0000000084100000| Untracked 
|  65|0x0000000084100000, 0x0000000084200000, 0x0000000084200000|100%| O|  |TAMS 0x0000000084200000, 0x0000000084200000| Untracked 
|  66|0x0000000084200000, 0x0000000084300000, 0x0000000084300000|100%| O|  |TAMS 0x0000000084300000, 0x0000000084300000| Untracked 
|  67|0x0000000084300000, 0x0000000084400000, 0x0000000084400000|100%| O|  |TAMS 0x0000000084400000, 0x0000000084400000| Untracked 
|  68|0x0000000084400000, 0x0000000084500000, 0x0000000084500000|100%| O|  |TAMS 0x0000000084500000, 0x0000000084500000| Untracked 
|  69|0x0000000084500000, 0x0000000084600000, 0x0000000084600000|100%| O|  |TAMS 0x0000000084600000, 0x0000000084600000| Untracked 
|  70|0x0000000084600000, 0x0000000084700000, 0x0000000084700000|100%| O|  |TAMS 0x0000000084600000, 0x0000000084700000| Untracked 
|  71|0x0000000084700000, 0x0000000084800000, 0x0000000084800000|100%| O|  |TAMS 0x0000000084800000, 0x0000000084800000| Untracked 
|  72|0x0000000084800000, 0x0000000084900000, 0x0000000084900000|100%| O|  |TAMS 0x0000000084900000, 0x0000000084900000| Untracked 
|  73|0x0000000084900000, 0x0000000084a00000, 0x0000000084a00000|100%| O|  |TAMS 0x0000000084a00000, 0x0000000084a00000| Untracked 
|  74|0x0000000084a00000, 0x0000000084b00000, 0x0000000084b00000|100%| O|  |TAMS 0x0000000084b00000, 0x0000000084b00000| Untracked 
|  75|0x0000000084b00000, 0x0000000084c00000, 0x0000000084c00000|100%| O|  |TAMS 0x0000000084c00000, 0x0000000084c00000| Untracked 
|  76|0x0000000084c00000, 0x0000000084d00000, 0x0000000084d00000|100%| O|  |TAMS 0x0000000084d00000, 0x0000000084d00000| Untracked 
|  77|0x0000000084d00000, 0x0000000084e00000, 0x0000000084e00000|100%| O|  |TAMS 0x0000000084e00000, 0x0000000084e00000| Untracked 
|  78|0x0000000084e00000, 0x0000000084f00000, 0x0000000084f00000|100%| O|  |TAMS 0x0000000084f00000, 0x0000000084f00000| Untracked 
|  79|0x0000000084f00000, 0x0000000085000000, 0x0000000085000000|100%| O|  |TAMS 0x0000000084f84000, 0x0000000085000000| Untracked 
|  80|0x0000000085000000, 0x0000000085100000, 0x0000000085100000|100%| O|  |TAMS 0x0000000085000000, 0x0000000085100000| Untracked 
|  81|0x0000000085100000, 0x0000000085200000, 0x0000000085200000|100%| O|  |TAMS 0x0000000085100000, 0x0000000085200000| Untracked 
|  82|0x0000000085200000, 0x0000000085300000, 0x0000000085300000|100%| O|  |TAMS 0x0000000085200000, 0x0000000085300000| Untracked 
|  83|0x0000000085300000, 0x0000000085400000, 0x0000000085400000|100%| O|  |TAMS 0x0000000085300000, 0x0000000085400000| Untracked 
|  84|0x0000000085400000, 0x0000000085500000, 0x0000000085500000|100%| O|  |TAMS 0x0000000085400000, 0x0000000085500000| Untracked 
|  85|0x0000000085500000, 0x0000000085600000, 0x0000000085600000|100%| O|  |TAMS 0x0000000085500000, 0x0000000085600000| Untracked 
|  86|0x0000000085600000, 0x0000000085700000, 0x0000000085700000|100%| O|  |TAMS 0x0000000085600000, 0x0000000085700000| Untracked 
|  87|0x0000000085700000, 0x0000000085800000, 0x0000000085800000|100%| O|  |TAMS 0x0000000085700000, 0x0000000085800000| Untracked 
|  88|0x0000000085800000, 0x0000000085900000, 0x0000000085900000|100%| O|  |TAMS 0x0000000085800000, 0x0000000085900000| Untracked 
|  89|0x0000000085900000, 0x0000000085a00000, 0x0000000085a00000|100%| O|  |TAMS 0x0000000085900000, 0x0000000085a00000| Untracked 
|  90|0x0000000085a00000, 0x0000000085b00000, 0x0000000085b00000|100%| O|  |TAMS 0x0000000085a00000, 0x0000000085b00000| Untracked 
|  91|0x0000000085b00000, 0x0000000085c00000, 0x0000000085c00000|100%| O|  |TAMS 0x0000000085b00000, 0x0000000085c00000| Untracked 
|  92|0x0000000085c00000, 0x0000000085d00000, 0x0000000085d00000|100%| O|  |TAMS 0x0000000085c00000, 0x0000000085d00000| Untracked 
|  93|0x0000000085d00000, 0x0000000085db7200, 0x0000000085e00000| 71%| O|  |TAMS 0x0000000085d00000, 0x0000000085db7200| Untracked 
|  94|0x0000000085e00000, 0x0000000085e00000, 0x0000000085f00000|  0%| F|  |TAMS 0x0000000085e00000, 0x0000000085e00000| Untracked 
|  95|0x0000000085f00000, 0x0000000085f00000, 0x0000000086000000|  0%| F|  |TAMS 0x0000000085f00000, 0x0000000085f00000| Untracked 
|  96|0x0000000086000000, 0x0000000086000000, 0x0000000086100000|  0%| F|  |TAMS 0x0000000086000000, 0x0000000086000000| Untracked 
|  97|0x0000000086100000, 0x0000000086100000, 0x0000000086200000|  0%| F|  |TAMS 0x0000000086100000, 0x0000000086100000| Untracked 
|  98|0x0000000086200000, 0x0000000086200000, 0x0000000086300000|  0%| F|  |TAMS 0x0000000086200000, 0x0000000086200000| Untracked 
|  99|0x0000000086300000, 0x0000000086300000, 0x0000000086400000|  0%| F|  |TAMS 0x0000000086300000, 0x0000000086300000| Untracked 
| 100|0x0000000086400000, 0x0000000086400000, 0x0000000086500000|  0%| F|  |TAMS 0x0000000086400000, 0x0000000086400000| Untracked 
| 101|0x0000000086500000, 0x0000000086500000, 0x0000000086600000|  0%| F|  |TAMS 0x0000000086500000, 0x0000000086500000| Untracked 
| 102|0x0000000086600000, 0x0000000086600000, 0x0000000086700000|  0%| F|  |TAMS 0x0000000086600000, 0x0000000086600000| Untracked 
| 103|0x0000000086700000, 0x0000000086700000, 0x0000000086800000|  0%| F|  |TAMS 0x0000000086700000, 0x0000000086700000| Untracked 
| 104|0x0000000086800000, 0x0000000086800000, 0x0000000086900000|  0%| F|  |TAMS 0x0000000086800000, 0x0000000086800000| Untracked 
| 105|0x0000000086900000, 0x0000000086900000, 0x0000000086a00000|  0%| F|  |TAMS 0x0000000086900000, 0x0000000086900000| Untracked 
| 106|0x0000000086a00000, 0x0000000086a00000, 0x0000000086b00000|  0%| F|  |TAMS 0x0000000086a00000, 0x0000000086a00000| Untracked 
| 107|0x0000000086b00000, 0x0000000086b00000, 0x0000000086c00000|  0%| F|  |TAMS 0x0000000086b00000, 0x0000000086b00000| Untracked 
| 108|0x0000000086c00000, 0x0000000086c00000, 0x0000000086d00000|  0%| F|  |TAMS 0x0000000086c00000, 0x0000000086c00000| Untracked 
| 109|0x0000000086d00000, 0x0000000086d00000, 0x0000000086e00000|  0%| F|  |TAMS 0x0000000086d00000, 0x0000000086d00000| Untracked 
| 110|0x0000000086e00000, 0x0000000086e00000, 0x0000000086f00000|  0%| F|  |TAMS 0x0000000086e00000, 0x0000000086e00000| Untracked 
| 111|0x0000000086f00000, 0x0000000086f00000, 0x0000000087000000|  0%| F|  |TAMS 0x0000000086f00000, 0x0000000086f00000| Untracked 
| 112|0x0000000087000000, 0x0000000087000000, 0x0000000087100000|  0%| F|  |TAMS 0x0000000087000000, 0x0000000087000000| Untracked 
| 113|0x0000000087100000, 0x0000000087100000, 0x0000000087200000|  0%| F|  |TAMS 0x0000000087100000, 0x0000000087100000| Untracked 
| 114|0x0000000087200000, 0x0000000087200000, 0x0000000087300000|  0%| F|  |TAMS 0x0000000087200000, 0x0000000087200000| Untracked 
| 115|0x0000000087300000, 0x0000000087300000, 0x0000000087400000|  0%| F|  |TAMS 0x0000000087300000, 0x0000000087300000| Untracked 
| 116|0x0000000087400000, 0x0000000087400000, 0x0000000087500000|  0%| F|  |TAMS 0x0000000087400000, 0x0000000087400000| Untracked 
| 117|0x0000000087500000, 0x0000000087500000, 0x0000000087600000|  0%| F|  |TAMS 0x0000000087500000, 0x0000000087500000| Untracked 
| 118|0x0000000087600000, 0x0000000087600000, 0x0000000087700000|  0%| F|  |TAMS 0x0000000087600000, 0x0000000087600000| Untracked 
| 119|0x0000000087700000, 0x0000000087700000, 0x0000000087800000|  0%| F|  |TAMS 0x0000000087700000, 0x0000000087700000| Untracked 
| 120|0x0000000087800000, 0x0000000087800000, 0x0000000087900000|  0%| F|  |TAMS 0x0000000087800000, 0x0000000087800000| Untracked 
| 121|0x0000000087900000, 0x0000000087900000, 0x0000000087a00000|  0%| F|  |TAMS 0x0000000087900000, 0x0000000087900000| Untracked 
| 122|0x0000000087a00000, 0x0000000087a00000, 0x0000000087b00000|  0%| F|  |TAMS 0x0000000087a00000, 0x0000000087a00000| Untracked 
| 123|0x0000000087b00000, 0x0000000087b00000, 0x0000000087c00000|  0%| F|  |TAMS 0x0000000087b00000, 0x0000000087b00000| Untracked 
| 124|0x0000000087c00000, 0x0000000087c00000, 0x0000000087d00000|  0%| F|  |TAMS 0x0000000087c00000, 0x0000000087c00000| Untracked 
| 125|0x0000000087d00000, 0x0000000087d00000, 0x0000000087e00000|  0%| F|  |TAMS 0x0000000087d00000, 0x0000000087d00000| Untracked 
| 126|0x0000000087e00000, 0x0000000087e00000, 0x0000000087f00000|  0%| F|  |TAMS 0x0000000087e00000, 0x0000000087e00000| Untracked 
| 127|0x0000000087f00000, 0x0000000087f00000, 0x0000000088000000|  0%| F|  |TAMS 0x0000000087f00000, 0x0000000087f00000| Untracked 
| 128|0x0000000088000000, 0x0000000088000000, 0x0000000088100000|  0%| F|  |TAMS 0x0000000088000000, 0x0000000088000000| Untracked 
| 129|0x0000000088100000, 0x0000000088100000, 0x0000000088200000|  0%| F|  |TAMS 0x0000000088100000, 0x0000000088100000| Untracked 
| 130|0x0000000088200000, 0x0000000088200000, 0x0000000088300000|  0%| F|  |TAMS 0x0000000088200000, 0x0000000088200000| Untracked 
| 131|0x0000000088300000, 0x0000000088300000, 0x0000000088400000|  0%| F|  |TAMS 0x0000000088300000, 0x0000000088300000| Untracked 
| 132|0x0000000088400000, 0x0000000088400000, 0x0000000088500000|  0%| F|  |TAMS 0x0000000088400000, 0x0000000088400000| Untracked 
| 133|0x0000000088500000, 0x0000000088500000, 0x0000000088600000|  0%| F|  |TAMS 0x0000000088500000, 0x0000000088500000| Untracked 
| 134|0x0000000088600000, 0x0000000088600000, 0x0000000088700000|  0%| F|  |TAMS 0x0000000088600000, 0x0000000088600000| Untracked 
| 135|0x0000000088700000, 0x0000000088700000, 0x0000000088800000|  0%| F|  |TAMS 0x0000000088700000, 0x0000000088700000| Untracked 
| 136|0x0000000088800000, 0x0000000088800000, 0x0000000088900000|  0%| F|  |TAMS 0x0000000088800000, 0x0000000088800000| Untracked 
| 137|0x0000000088900000, 0x0000000088900000, 0x0000000088a00000|  0%| F|  |TAMS 0x0000000088900000, 0x0000000088900000| Untracked 
| 138|0x0000000088a00000, 0x0000000088a00000, 0x0000000088b00000|  0%| F|  |TAMS 0x0000000088a00000, 0x0000000088a00000| Untracked 
| 139|0x0000000088b00000, 0x0000000088b00000, 0x0000000088c00000|  0%| F|  |TAMS 0x0000000088b00000, 0x0000000088b00000| Untracked 
| 140|0x0000000088c00000, 0x0000000088c00000, 0x0000000088d00000|  0%| F|  |TAMS 0x0000000088c00000, 0x0000000088c00000| Untracked 
| 141|0x0000000088d00000, 0x0000000088d00000, 0x0000000088e00000|  0%| F|  |TAMS 0x0000000088d00000, 0x0000000088d00000| Untracked 
| 142|0x0000000088e00000, 0x0000000088e00000, 0x0000000088f00000|  0%| F|  |TAMS 0x0000000088e00000, 0x0000000088e00000| Untracked 
| 143|0x0000000088f00000, 0x0000000088f00000, 0x0000000089000000|  0%| F|  |TAMS 0x0000000088f00000, 0x0000000088f00000| Untracked 
| 144|0x0000000089000000, 0x0000000089000000, 0x0000000089100000|  0%| F|  |TAMS 0x0000000089000000, 0x0000000089000000| Untracked 
| 145|0x0000000089100000, 0x0000000089100000, 0x0000000089200000|  0%| F|  |TAMS 0x0000000089100000, 0x0000000089100000| Untracked 
| 146|0x0000000089200000, 0x0000000089200000, 0x0000000089300000|  0%| F|  |TAMS 0x0000000089200000, 0x0000000089200000| Untracked 
| 147|0x0000000089300000, 0x0000000089300000, 0x0000000089400000|  0%| F|  |TAMS 0x0000000089300000, 0x0000000089300000| Untracked 
| 148|0x0000000089400000, 0x0000000089400000, 0x0000000089500000|  0%| F|  |TAMS 0x0000000089400000, 0x0000000089400000| Untracked 
| 149|0x0000000089500000, 0x0000000089500000, 0x0000000089600000|  0%| F|  |TAMS 0x0000000089500000, 0x0000000089500000| Untracked 
| 150|0x0000000089600000, 0x0000000089600000, 0x0000000089700000|  0%| F|  |TAMS 0x0000000089600000, 0x0000000089600000| Untracked 
| 151|0x0000000089700000, 0x0000000089700000, 0x0000000089800000|  0%| F|  |TAMS 0x0000000089700000, 0x0000000089700000| Untracked 
| 152|0x0000000089800000, 0x0000000089800000, 0x0000000089900000|  0%| F|  |TAMS 0x0000000089800000, 0x0000000089800000| Untracked 
| 153|0x0000000089900000, 0x0000000089900000, 0x0000000089a00000|  0%| F|  |TAMS 0x0000000089900000, 0x0000000089900000| Untracked 
| 154|0x0000000089a00000, 0x0000000089a00000, 0x0000000089b00000|  0%| F|  |TAMS 0x0000000089a00000, 0x0000000089a00000| Untracked 
| 155|0x0000000089b00000, 0x0000000089b00000, 0x0000000089c00000|  0%| F|  |TAMS 0x0000000089b00000, 0x0000000089b00000| Untracked 
| 156|0x0000000089c00000, 0x0000000089c00000, 0x0000000089d00000|  0%| F|  |TAMS 0x0000000089c00000, 0x0000000089c00000| Untracked 
| 157|0x0000000089d00000, 0x0000000089d00000, 0x0000000089e00000|  0%| F|  |TAMS 0x0000000089d00000, 0x0000000089d00000| Untracked 
| 158|0x0000000089e00000, 0x0000000089e00000, 0x0000000089f00000|  0%| F|  |TAMS 0x0000000089e00000, 0x0000000089e00000| Untracked 
| 159|0x0000000089f00000, 0x0000000089f00000, 0x000000008a000000|  0%| F|  |TAMS 0x0000000089f00000, 0x0000000089f00000| Untracked 
| 160|0x000000008a000000, 0x000000008a000000, 0x000000008a100000|  0%| F|  |TAMS 0x000000008a000000, 0x000000008a000000| Untracked 
| 161|0x000000008a100000, 0x000000008a100000, 0x000000008a200000|  0%| F|  |TAMS 0x000000008a100000, 0x000000008a100000| Untracked 
| 162|0x000000008a200000, 0x000000008a200000, 0x000000008a300000|  0%| F|  |TAMS 0x000000008a200000, 0x000000008a200000| Untracked 
| 163|0x000000008a300000, 0x000000008a300000, 0x000000008a400000|  0%| F|  |TAMS 0x000000008a300000, 0x000000008a300000| Untracked 
| 164|0x000000008a400000, 0x000000008a400000, 0x000000008a500000|  0%| F|  |TAMS 0x000000008a400000, 0x000000008a400000| Untracked 
| 165|0x000000008a500000, 0x000000008a500000, 0x000000008a600000|  0%| F|  |TAMS 0x000000008a500000, 0x000000008a500000| Untracked 
| 166|0x000000008a600000, 0x000000008a600000, 0x000000008a700000|  0%| F|  |TAMS 0x000000008a600000, 0x000000008a600000| Untracked 
| 167|0x000000008a700000, 0x000000008a700000, 0x000000008a800000|  0%| F|  |TAMS 0x000000008a700000, 0x000000008a700000| Untracked 
| 168|0x000000008a800000, 0x000000008a800000, 0x000000008a900000|  0%| F|  |TAMS 0x000000008a800000, 0x000000008a800000| Untracked 
| 169|0x000000008a900000, 0x000000008a900000, 0x000000008aa00000|  0%| F|  |TAMS 0x000000008a900000, 0x000000008a900000| Untracked 
| 170|0x000000008aa00000, 0x000000008aa00000, 0x000000008ab00000|  0%| F|  |TAMS 0x000000008aa00000, 0x000000008aa00000| Untracked 
| 171|0x000000008ab00000, 0x000000008ab00000, 0x000000008ac00000|  0%| F|  |TAMS 0x000000008ab00000, 0x000000008ab00000| Untracked 
| 172|0x000000008ac00000, 0x000000008ac00000, 0x000000008ad00000|  0%| F|  |TAMS 0x000000008ac00000, 0x000000008ac00000| Untracked 
| 173|0x000000008ad00000, 0x000000008ad00000, 0x000000008ae00000|  0%| F|  |TAMS 0x000000008ad00000, 0x000000008ad00000| Untracked 
| 174|0x000000008ae00000, 0x000000008ae00000, 0x000000008af00000|  0%| F|  |TAMS 0x000000008ae00000, 0x000000008ae00000| Untracked 
| 175|0x000000008af00000, 0x000000008af00000, 0x000000008b000000|  0%| F|  |TAMS 0x000000008af00000, 0x000000008af00000| Untracked 
| 176|0x000000008b000000, 0x000000008b000000, 0x000000008b100000|  0%| F|  |TAMS 0x000000008b000000, 0x000000008b000000| Untracked 
| 177|0x000000008b100000, 0x000000008b100000, 0x000000008b200000|  0%| F|  |TAMS 0x000000008b100000, 0x000000008b100000| Untracked 
| 178|0x000000008b200000, 0x000000008b200000, 0x000000008b300000|  0%| F|  |TAMS 0x000000008b200000, 0x000000008b200000| Untracked 
| 179|0x000000008b300000, 0x000000008b300000, 0x000000008b400000|  0%| F|  |TAMS 0x000000008b300000, 0x000000008b300000| Untracked 
| 180|0x000000008b400000, 0x000000008b400000, 0x000000008b500000|  0%| F|  |TAMS 0x000000008b400000, 0x000000008b400000| Untracked 
| 181|0x000000008b500000, 0x000000008b500000, 0x000000008b600000|  0%| F|  |TAMS 0x000000008b500000, 0x000000008b500000| Untracked 
| 182|0x000000008b600000, 0x000000008b600000, 0x000000008b700000|  0%| F|  |TAMS 0x000000008b600000, 0x000000008b600000| Untracked 
| 183|0x000000008b700000, 0x000000008b700000, 0x000000008b800000|  0%| F|  |TAMS 0x000000008b700000, 0x000000008b700000| Untracked 
| 184|0x000000008b800000, 0x000000008b800000, 0x000000008b900000|  0%| F|  |TAMS 0x000000008b800000, 0x000000008b800000| Untracked 
| 185|0x000000008b900000, 0x000000008b900000, 0x000000008ba00000|  0%| F|  |TAMS 0x000000008b900000, 0x000000008b900000| Untracked 
| 186|0x000000008ba00000, 0x000000008ba00000, 0x000000008bb00000|  0%| F|  |TAMS 0x000000008ba00000, 0x000000008ba00000| Untracked 
| 187|0x000000008bb00000, 0x000000008bb00000, 0x000000008bc00000|  0%| F|  |TAMS 0x000000008bb00000, 0x000000008bb00000| Untracked 
| 188|0x000000008bc00000, 0x000000008bc00000, 0x000000008bd00000|  0%| F|  |TAMS 0x000000008bc00000, 0x000000008bc00000| Untracked 
| 189|0x000000008bd00000, 0x000000008bd00000, 0x000000008be00000|  0%| F|  |TAMS 0x000000008bd00000, 0x000000008bd00000| Untracked 
| 190|0x000000008be00000, 0x000000008be00000, 0x000000008bf00000|  0%| F|  |TAMS 0x000000008be00000, 0x000000008be00000| Untracked 
| 191|0x000000008bf00000, 0x000000008bf00000, 0x000000008c000000|  0%| F|  |TAMS 0x000000008bf00000, 0x000000008bf00000| Untracked 
| 192|0x000000008c000000, 0x000000008c000000, 0x000000008c100000|  0%| F|  |TAMS 0x000000008c000000, 0x000000008c000000| Untracked 
| 193|0x000000008c100000, 0x000000008c100000, 0x000000008c200000|  0%| F|  |TAMS 0x000000008c100000, 0x000000008c100000| Untracked 
| 194|0x000000008c200000, 0x000000008c200000, 0x000000008c300000|  0%| F|  |TAMS 0x000000008c200000, 0x000000008c200000| Untracked 
| 195|0x000000008c300000, 0x000000008c300000, 0x000000008c400000|  0%| F|  |TAMS 0x000000008c300000, 0x000000008c300000| Untracked 
| 196|0x000000008c400000, 0x000000008c400000, 0x000000008c500000|  0%| F|  |TAMS 0x000000008c400000, 0x000000008c400000| Untracked 
| 197|0x000000008c500000, 0x000000008c500000, 0x000000008c600000|  0%| F|  |TAMS 0x000000008c500000, 0x000000008c500000| Untracked 
| 198|0x000000008c600000, 0x000000008c600000, 0x000000008c700000|  0%| F|  |TAMS 0x000000008c600000, 0x000000008c600000| Untracked 
| 199|0x000000008c700000, 0x000000008c700000, 0x000000008c800000|  0%| F|  |TAMS 0x000000008c700000, 0x000000008c700000| Untracked 
| 200|0x000000008c800000, 0x000000008c800000, 0x000000008c900000|  0%| F|  |TAMS 0x000000008c800000, 0x000000008c800000| Untracked 
| 201|0x000000008c900000, 0x000000008c900000, 0x000000008ca00000|  0%| F|  |TAMS 0x000000008c900000, 0x000000008c900000| Untracked 
| 202|0x000000008ca00000, 0x000000008ca00000, 0x000000008cb00000|  0%| F|  |TAMS 0x000000008ca00000, 0x000000008ca00000| Untracked 
| 203|0x000000008cb00000, 0x000000008cb00000, 0x000000008cc00000|  0%| F|  |TAMS 0x000000008cb00000, 0x000000008cb00000| Untracked 
| 204|0x000000008cc00000, 0x000000008cc00000, 0x000000008cd00000|  0%| F|  |TAMS 0x000000008cc00000, 0x000000008cc00000| Untracked 
| 205|0x000000008cd00000, 0x000000008cd00000, 0x000000008ce00000|  0%| F|  |TAMS 0x000000008cd00000, 0x000000008cd00000| Untracked 
| 206|0x000000008ce00000, 0x000000008ce81b80, 0x000000008cf00000| 50%| S|CS|TAMS 0x000000008ce00000, 0x000000008ce00000| Complete 
| 207|0x000000008cf00000, 0x000000008cf00000, 0x000000008d000000|  0%| F|  |TAMS 0x000000008cf00000, 0x000000008cf00000| Untracked 
| 208|0x000000008d000000, 0x000000008d000000, 0x000000008d100000|  0%| F|  |TAMS 0x000000008d000000, 0x000000008d000000| Untracked 
| 209|0x000000008d100000, 0x000000008d100000, 0x000000008d200000|  0%| F|  |TAMS 0x000000008d100000, 0x000000008d100000| Untracked 
| 210|0x000000008d200000, 0x000000008d200000, 0x000000008d300000|  0%| F|  |TAMS 0x000000008d200000, 0x000000008d200000| Untracked 
| 211|0x000000008d300000, 0x000000008d300000, 0x000000008d400000|  0%| F|  |TAMS 0x000000008d300000, 0x000000008d300000| Untracked 
| 212|0x000000008d400000, 0x000000008d400000, 0x000000008d500000|  0%| F|  |TAMS 0x000000008d400000, 0x000000008d400000| Untracked 
| 213|0x000000008d500000, 0x000000008d500000, 0x000000008d600000|  0%| F|  |TAMS 0x000000008d500000, 0x000000008d500000| Untracked 
| 214|0x000000008d600000, 0x000000008d600000, 0x000000008d700000|  0%| F|  |TAMS 0x000000008d600000, 0x000000008d600000| Untracked 
| 215|0x000000008d700000, 0x000000008d700000, 0x000000008d800000|  0%| F|  |TAMS 0x000000008d700000, 0x000000008d700000| Untracked 
| 216|0x000000008d800000, 0x000000008d800000, 0x000000008d900000|  0%| F|  |TAMS 0x000000008d800000, 0x000000008d800000| Untracked 
| 217|0x000000008d900000, 0x000000008d900000, 0x000000008da00000|  0%| F|  |TAMS 0x000000008d900000, 0x000000008d900000| Untracked 
| 218|0x000000008da00000, 0x000000008da00000, 0x000000008db00000|  0%| F|  |TAMS 0x000000008da00000, 0x000000008da00000| Untracked 
| 219|0x000000008db00000, 0x000000008db00000, 0x000000008dc00000|  0%| F|  |TAMS 0x000000008db00000, 0x000000008db00000| Untracked 
| 220|0x000000008dc00000, 0x000000008dc00000, 0x000000008dd00000|  0%| F|  |TAMS 0x000000008dc00000, 0x000000008dc00000| Untracked 
| 221|0x000000008dd00000, 0x000000008dd00000, 0x000000008de00000|  0%| F|  |TAMS 0x000000008dd00000, 0x000000008dd00000| Untracked 
| 222|0x000000008de00000, 0x000000008de00000, 0x000000008df00000|  0%| F|  |TAMS 0x000000008de00000, 0x000000008de00000| Untracked 
| 223|0x000000008df00000, 0x000000008df00000, 0x000000008e000000|  0%| F|  |TAMS 0x000000008df00000, 0x000000008df00000| Untracked 
| 224|0x000000008e000000, 0x000000008e000000, 0x000000008e100000|  0%| F|  |TAMS 0x000000008e000000, 0x000000008e000000| Untracked 
| 225|0x000000008e100000, 0x000000008e100000, 0x000000008e200000|  0%| F|  |TAMS 0x000000008e100000, 0x000000008e100000| Untracked 
| 226|0x000000008e200000, 0x000000008e200000, 0x000000008e300000|  0%| F|  |TAMS 0x000000008e200000, 0x000000008e200000| Untracked 
| 227|0x000000008e300000, 0x000000008e300000, 0x000000008e400000|  0%| F|  |TAMS 0x000000008e300000, 0x000000008e300000| Untracked 
| 228|0x000000008e400000, 0x000000008e400000, 0x000000008e500000|  0%| F|  |TAMS 0x000000008e400000, 0x000000008e400000| Untracked 
| 229|0x000000008e500000, 0x000000008e500000, 0x000000008e600000|  0%| F|  |TAMS 0x000000008e500000, 0x000000008e500000| Untracked 
| 230|0x000000008e600000, 0x000000008e600000, 0x000000008e700000|  0%| F|  |TAMS 0x000000008e600000, 0x000000008e600000| Untracked 
| 231|0x000000008e700000, 0x000000008e700000, 0x000000008e800000|  0%| F|  |TAMS 0x000000008e700000, 0x000000008e700000| Untracked 
| 232|0x000000008e800000, 0x000000008e800000, 0x000000008e900000|  0%| F|  |TAMS 0x000000008e800000, 0x000000008e800000| Untracked 
| 233|0x000000008e900000, 0x000000008e900000, 0x000000008ea00000|  0%| F|  |TAMS 0x000000008e900000, 0x000000008e900000| Untracked 
| 234|0x000000008ea00000, 0x000000008ea00000, 0x000000008eb00000|  0%| F|  |TAMS 0x000000008ea00000, 0x000000008ea00000| Untracked 
| 235|0x000000008eb00000, 0x000000008eb00000, 0x000000008ec00000|  0%| F|  |TAMS 0x000000008eb00000, 0x000000008eb00000| Untracked 
| 236|0x000000008ec00000, 0x000000008ec00000, 0x000000008ed00000|  0%| F|  |TAMS 0x000000008ec00000, 0x000000008ec00000| Untracked 
| 237|0x000000008ed00000, 0x000000008ed00000, 0x000000008ee00000|  0%| F|  |TAMS 0x000000008ed00000, 0x000000008ed00000| Untracked 
| 238|0x000000008ee00000, 0x000000008ee00000, 0x000000008ef00000|  0%| F|  |TAMS 0x000000008ee00000, 0x000000008ee00000| Untracked 
| 239|0x000000008ef00000, 0x000000008ef00000, 0x000000008f000000|  0%| F|  |TAMS 0x000000008ef00000, 0x000000008ef00000| Untracked 
| 240|0x000000008f000000, 0x000000008f000000, 0x000000008f100000|  0%| F|  |TAMS 0x000000008f000000, 0x000000008f000000| Untracked 
| 241|0x000000008f100000, 0x000000008f100000, 0x000000008f200000|  0%| F|  |TAMS 0x000000008f100000, 0x000000008f100000| Untracked 
| 242|0x000000008f200000, 0x000000008f200000, 0x000000008f300000|  0%| F|  |TAMS 0x000000008f200000, 0x000000008f200000| Untracked 
| 243|0x000000008f300000, 0x000000008f300000, 0x000000008f400000|  0%| F|  |TAMS 0x000000008f300000, 0x000000008f300000| Untracked 
| 244|0x000000008f400000, 0x000000008f400000, 0x000000008f500000|  0%| F|  |TAMS 0x000000008f400000, 0x000000008f400000| Untracked 
| 245|0x000000008f500000, 0x000000008f500000, 0x000000008f600000|  0%| F|  |TAMS 0x000000008f500000, 0x000000008f500000| Untracked 
| 246|0x000000008f600000, 0x000000008f600000, 0x000000008f700000|  0%| F|  |TAMS 0x000000008f600000, 0x000000008f600000| Untracked 
| 247|0x000000008f700000, 0x000000008f700000, 0x000000008f800000|  0%| F|  |TAMS 0x000000008f700000, 0x000000008f700000| Untracked 
| 248|0x000000008f800000, 0x000000008f800000, 0x000000008f900000|  0%| F|  |TAMS 0x000000008f800000, 0x000000008f800000| Untracked 
| 249|0x000000008f900000, 0x000000008f900000, 0x000000008fa00000|  0%| F|  |TAMS 0x000000008f900000, 0x000000008f900000| Untracked 
| 250|0x000000008fa00000, 0x000000008fa00000, 0x000000008fb00000|  0%| F|  |TAMS 0x000000008fa00000, 0x000000008fa00000| Untracked 
| 251|0x000000008fb00000, 0x000000008fb00000, 0x000000008fc00000|  0%| F|  |TAMS 0x000000008fb00000, 0x000000008fb00000| Untracked 
| 252|0x000000008fc00000, 0x000000008fc00000, 0x000000008fd00000|  0%| F|  |TAMS 0x000000008fc00000, 0x000000008fc00000| Untracked 
| 253|0x000000008fd00000, 0x000000008fd00000, 0x000000008fe00000|  0%| F|  |TAMS 0x000000008fd00000, 0x000000008fd00000| Untracked 

Card table byte_map: [0x000001281be70000,0x000001281c270000] _byte_map_base: 0x000001281ba70000

Marking Bits (Prev, Next): (CMBitMap*) 0x00000128077eb070, (CMBitMap*) 0x00000128077eb0b0
 Prev Bits: [0x000001281c670000, 0x000001281e670000)
 Next Bits: [0x000001281e670000, 0x0000012820670000)

Polling page: 0x0000012807850000

Metaspace:

Usage:
  Non-class:     76.02 MB used.
      Class:     11.85 MB used.
       Both:     87.86 MB used.

Virtual space:
  Non-class space:       80.00 MB reserved,      76.44 MB ( 96%) committed,  10 nodes.
      Class space:        1.00 GB reserved,      12.12 MB (  1%) committed,  1 nodes.
             Both:        1.08 GB reserved,      88.56 MB (  8%) committed. 

Chunk freelists:
   Non-Class:  3.61 MB
       Class:  3.82 MB
        Both:  7.43 MB

MaxMetaspaceSize: unlimited
CompressedClassSpaceSize: 1.00 GB
Initial GC threshold: 21.00 MB
Current GC threshold: 146.56 MB
CDS: off
MetaspaceReclaimPolicy: balanced
 - commit_granule_bytes: 65536.
 - commit_granule_words: 8192.
 - virtual_space_node_default_size: 1048576.
 - enlarge_chunks_in_place: 1.
 - new_chunks_are_fully_committed: 0.
 - uncommit_free_chunks: 1.
 - use_allocation_guard: 0.
 - handle_deallocations: 1.


Internal statistics:

num_allocs_failed_limit: 6.
num_arena_births: 928.
num_arena_deaths: 0.
num_vsnodes_births: 11.
num_vsnodes_deaths: 0.
num_space_committed: 1416.
num_space_uncommitted: 0.
num_chunks_returned_to_freelist: 6.
num_chunks_taken_from_freelist: 4253.
num_chunk_merges: 6.
num_chunk_splits: 2744.
num_chunks_enlarged: 1770.
num_purges: 0.
num_inconsistent_stats: 0.

CodeHeap 'non-profiled nmethods': size=120000Kb used=5302Kb max_used=5701Kb free=114697Kb
 bounds [0x0000012813f20000, 0x00000128144c0000, 0x000001281b450000]
CodeHeap 'profiled nmethods': size=120000Kb used=17720Kb max_used=19543Kb free=102279Kb
 bounds [0x000001280c450000, 0x000001280d770000, 0x0000012813980000]
CodeHeap 'non-nmethods': size=5760Kb used=2370Kb max_used=2465Kb free=3389Kb
 bounds [0x0000012813980000, 0x0000012813c20000, 0x0000012813f20000]
 total_blobs=10169 nmethods=9270 adapters=811
 compilation: enabled
              stopped_count=0, restarted_count=0
 full_count=0

Compilation events (20 events):
Event: 13.120 Thread 0x0000012826ff3f70 10883       4       java.io.BufferedInputStream::fill (203 bytes)
Event: 13.121 Thread 0x0000012823885690 nmethod 10899 0x000001280c9f1210 code [0x000001280c9f17e0, 0x000001280c9f4418]
Event: 13.121 Thread 0x0000012823885690 10903       3       org.gradle.internal.resources.DefaultLease::releaseLock (33 bytes)
Event: 13.122 Thread 0x0000012823885690 nmethod 10903 0x000001280ce43d90 code [0x000001280ce43f40, 0x000001280ce44228]
Event: 13.122 Thread 0x0000012823885690 10904       3       org.gradle.api.internal.file.collections.UnpackingVisitor::visitSingleFile (30 bytes)
Event: 13.122 Thread 0x0000012823884bf0 nmethod 10884 0x00000128141f0d90 code [0x00000128141f0f60, 0x00000128141f1c98]
Event: 13.122 Thread 0x0000012823884bf0 10882       4       java.util.concurrent.locks.AbstractQueuedSynchronizer$Node::getAndUnsetStatus (14 bytes)
Event: 13.122 Thread 0x0000012826ff3f70 nmethod 10883 0x0000012814146a10 code [0x0000012814146ba0, 0x0000012814146d28]
Event: 13.122 Thread 0x0000012826ff3f70 10889       4       org.gradle.internal.snapshot.VfsRelativePath::of (14 bytes)
Event: 13.122 Thread 0x0000012823885690 nmethod 10904 0x000001280cb69710 code [0x000001280cb698e0, 0x000001280cb69e08]
Event: 13.123 Thread 0x0000012823884bf0 nmethod 10882 0x00000128140e8410 code [0x00000128140e8580, 0x00000128140e8638]
Event: 13.123 Thread 0x0000012823884bf0 10906       4       java.util.concurrent.locks.AbstractQueuedSynchronizer$Node::clearStatus (12 bytes)
Event: 13.123 Thread 0x0000012823885690 10907       3       org.gradle.api.internal.tasks.properties.DefaultCacheableOutputFilePropertySpec::getPropertyName (39 bytes)
Event: 13.123 Thread 0x0000012823884bf0 nmethod 10906 0x0000012814228990 code [0x0000012814228b00, 0x0000012814228b78]
Event: 13.123 Thread 0x0000012823884bf0 10905       4       com.google.common.cache.LocalCache$Segment::evictEntries (106 bytes)
Event: 13.123 Thread 0x0000012823885690 nmethod 10907 0x000001280c919410 code [0x000001280c919640, 0x000001280c919c48]
Event: 13.123 Thread 0x0000012823885690 10908       3       java.io.File::isAbsolute (8 bytes)
Event: 13.124 Thread 0x0000012823885690 nmethod 10908 0x000001280cac4690 code [0x000001280cac4840, 0x000001280cac49a8]
Event: 13.124 Thread 0x0000012823885690 10909       3       java.io.WinNTFileSystem::isAbsolute (36 bytes)
Event: 13.124 Thread 0x0000012823885690 nmethod 10909 0x000001280cb8f510 code [0x000001280cb8f720, 0x000001280cb8fe18]

GC Heap History (20 events):
Event: 8.758 GC heap after
{Heap after GC invocations=29 (full 0):
 garbage-first heap   total 117760K, used 62116K [0x0000000080000000, 0x0000000100000000)
  region size 1024K, 3 young (3072K), 3 survivors (3072K)
 Metaspace       used 71380K, committed 71936K, reserved 1114112K
  class space    used 9401K, committed 9664K, reserved 1048576K
}
Event: 9.381 GC heap before
{Heap before GC invocations=30 (full 0):
 garbage-first heap   total 117760K, used 94884K [0x0000000080000000, 0x0000000100000000)
  region size 1024K, 34 young (34816K), 3 survivors (3072K)
 Metaspace       used 75233K, committed 75840K, reserved 1122304K
  class space    used 10108K, committed 10368K, reserved 1048576K
}
Event: 9.385 GC heap after
{Heap after GC invocations=31 (full 0):
 garbage-first heap   total 117760K, used 63840K [0x0000000080000000, 0x0000000100000000)
  region size 1024K, 3 young (3072K), 3 survivors (3072K)
 Metaspace       used 75233K, committed 75840K, reserved 1122304K
  class space    used 10108K, committed 10368K, reserved 1048576K
}
Event: 9.619 GC heap before
{Heap before GC invocations=31 (full 0):
 garbage-first heap   total 117760K, used 94560K [0x0000000080000000, 0x0000000100000000)
  region size 1024K, 33 young (33792K), 3 survivors (3072K)
 Metaspace       used 76421K, committed 76992K, reserved 1122304K
  class space    used 10296K, committed 10560K, reserved 1048576K
}
Event: 9.624 GC heap after
{Heap after GC invocations=32 (full 0):
 garbage-first heap   total 117760K, used 65826K [0x0000000080000000, 0x0000000100000000)
  region size 1024K, 5 young (5120K), 5 survivors (5120K)
 Metaspace       used 76421K, committed 76992K, reserved 1122304K
  class space    used 10296K, committed 10560K, reserved 1048576K
}
Event: 10.019 GC heap before
{Heap before GC invocations=33 (full 0):
 garbage-first heap   total 137216K, used 93474K [0x0000000080000000, 0x0000000100000000)
  region size 1024K, 32 young (32768K), 5 survivors (5120K)
 Metaspace       used 77850K, committed 78464K, reserved 1122304K
  class space    used 10503K, committed 10752K, reserved 1048576K
}
Event: 10.026 GC heap after
{Heap after GC invocations=34 (full 0):
 garbage-first heap   total 137216K, used 68496K [0x0000000080000000, 0x0000000100000000)
  region size 1024K, 3 young (3072K), 3 survivors (3072K)
 Metaspace       used 77850K, committed 78464K, reserved 1122304K
  class space    used 10503K, committed 10752K, reserved 1048576K
}
Event: 10.659 GC heap before
{Heap before GC invocations=34 (full 0):
 garbage-first heap   total 137216K, used 110480K [0x0000000080000000, 0x0000000100000000)
  region size 1024K, 44 young (45056K), 3 survivors (3072K)
 Metaspace       used 83245K, committed 83840K, reserved 1122304K
  class space    used 11289K, committed 11584K, reserved 1048576K
}
Event: 10.664 GC heap after
{Heap after GC invocations=35 (full 0):
 garbage-first heap   total 164864K, used 71260K [0x0000000080000000, 0x0000000100000000)
  region size 1024K, 6 young (6144K), 6 survivors (6144K)
 Metaspace       used 83245K, committed 83840K, reserved 1122304K
  class space    used 11289K, committed 11584K, reserved 1048576K
}
Event: 11.194 GC heap before
{Heap before GC invocations=36 (full 0):
 garbage-first heap   total 164864K, used 131676K [0x0000000080000000, 0x0000000100000000)
  region size 1024K, 65 young (66560K), 6 survivors (6144K)
 Metaspace       used 84642K, committed 85312K, reserved 1130496K
  class space    used 11485K, committed 11776K, reserved 1048576K
}
Event: 11.207 GC heap after
{Heap after GC invocations=37 (full 0):
 garbage-first heap   total 164864K, used 79449K [0x0000000080000000, 0x0000000100000000)
  region size 1024K, 9 young (9216K), 9 survivors (9216K)
 Metaspace       used 84642K, committed 85312K, reserved 1130496K
  class space    used 11485K, committed 11776K, reserved 1048576K
}
Event: 11.976 GC heap before
{Heap before GC invocations=37 (full 0):
 garbage-first heap   total 164864K, used 129625K [0x0000000080000000, 0x0000000100000000)
  region size 1024K, 58 young (59392K), 9 survivors (9216K)
 Metaspace       used 88880K, committed 89664K, reserved 1130496K
  class space    used 12064K, committed 12416K, reserved 1048576K
}
Event: 11.988 GC heap after
{Heap after GC invocations=38 (full 0):
 garbage-first heap   total 164864K, used 87194K [0x0000000080000000, 0x0000000100000000)
  region size 1024K, 8 young (8192K), 8 survivors (8192K)
 Metaspace       used 88880K, committed 89664K, reserved 1130496K
  class space    used 12064K, committed 12416K, reserved 1048576K
}
Event: 12.535 GC heap before
{Heap before GC invocations=38 (full 0):
 garbage-first heap   total 164864K, used 129178K [0x0000000080000000, 0x0000000100000000)
  region size 1024K, 50 young (51200K), 8 survivors (8192K)
 Metaspace       used 89216K, committed 89984K, reserved 1130496K
  class space    used 12069K, committed 12416K, reserved 1048576K
}
Event: 12.544 GC heap after
{Heap after GC invocations=39 (full 0):
 garbage-first heap   total 164864K, used 90716K [0x0000000080000000, 0x0000000100000000)
  region size 1024K, 4 young (4096K), 4 survivors (4096K)
 Metaspace       used 89216K, committed 89984K, reserved 1130496K
  class space    used 12069K, committed 12416K, reserved 1048576K
}
Event: 13.044 GC heap before
{Heap before GC invocations=40 (full 0):
 garbage-first heap   total 168960K, used 133724K [0x0000000080000000, 0x0000000100000000)
  region size 1024K, 46 young (47104K), 4 survivors (4096K)
 Metaspace       used 89955K, committed 90624K, reserved 1130496K
  class space    used 12130K, committed 12416K, reserved 1048576K
}
Event: 13.050 GC heap after
{Heap after GC invocations=41 (full 0):
 garbage-first heap   total 168960K, used 94803K [0x0000000080000000, 0x0000000100000000)
  region size 1024K, 6 young (6144K), 6 survivors (6144K)
 Metaspace       used 89955K, committed 90624K, reserved 1130496K
  class space    used 12130K, committed 12416K, reserved 1048576K
}
Event: 13.065 GC heap before
{Heap before GC invocations=41 (full 0):
 garbage-first heap   total 168960K, used 96851K [0x0000000080000000, 0x0000000100000000)
  region size 1024K, 8 young (8192K), 6 survivors (6144K)
 Metaspace       used 89955K, committed 90624K, reserved 1130496K
  class space    used 12130K, committed 12416K, reserved 1048576K
}
Event: 13.072 GC heap after
{Heap after GC invocations=42 (full 0):
 garbage-first heap   total 168960K, used 95964K [0x0000000080000000, 0x0000000100000000)
  region size 1024K, 1 young (1024K), 1 survivors (1024K)
 Metaspace       used 89955K, committed 90624K, reserved 1130496K
  class space    used 12130K, committed 12416K, reserved 1048576K
}
Event: 13.124 GC heap before
{Heap before GC invocations=42 (full 0):
 garbage-first heap   total 168960K, used 100060K [0x0000000080000000, 0x0000000100000000)
  region size 1024K, 6 young (6144K), 1 survivors (1024K)
 Metaspace       used 89972K, committed 90688K, reserved 1130496K
  class space    used 12130K, committed 12416K, reserved 1048576K
}

Dll operation events (2 events):
Event: 0.010 Loaded shared library C:\Program Files\Android\Android Studio2\jbr\bin\java.dll
Event: 0.447 Loaded shared library C:\Program Files\Android\Android Studio2\jbr\bin\verify.dll

Deoptimization events (20 events):
Event: 12.849 Thread 0x000001282c264d90 DEOPT PACKING pc=0x00000128144adc8c sp=0x000000092c3fc170
Event: 12.849 Thread 0x000001282c264d90 DEOPT UNPACKING pc=0x00000128139d69a3 sp=0x000000092c3fc080 mode 2
Event: 12.857 Thread 0x000001282c264d90 DEOPT PACKING pc=0x000001280ce4e504 sp=0x000000092c3fab30
Event: 12.857 Thread 0x000001282c264d90 DEOPT UNPACKING pc=0x00000128139d7143 sp=0x000000092c3fa038 mode 0
Event: 12.857 Thread 0x000001282c264d90 DEOPT PACKING pc=0x000001280ce4e504 sp=0x000000092c3faef0
Event: 12.857 Thread 0x000001282c264d90 DEOPT UNPACKING pc=0x00000128139d7143 sp=0x000000092c3fa3f8 mode 0
Event: 12.858 Thread 0x000001282c264d90 DEOPT PACKING pc=0x000001280ce4e504 sp=0x000000092c3fb230
Event: 12.858 Thread 0x000001282c264d90 DEOPT UNPACKING pc=0x00000128139d7143 sp=0x000000092c3fa738 mode 0
Event: 12.861 Thread 0x000001282c264d90 Uncommon trap: trap_request=0xffffff45 fr.pc=0x000001281449d3ac relative=0x0000000000000a8c
Event: 12.861 Thread 0x000001282c264d90 Uncommon trap: reason=unstable_if action=reinterpret pc=0x000001281449d3ac method=org.gradle.internal.snapshot.VfsRelativePath.lengthOfCommonPrefix(Ljava/lang/String;Lorg/gradle/internal/snapshot/CaseSensitivity;)I @ 107 c2
Event: 12.861 Thread 0x000001282c264d90 DEOPT PACKING pc=0x000001281449d3ac sp=0x000000092c3fca70
Event: 12.861 Thread 0x000001282c264d90 DEOPT UNPACKING pc=0x00000128139d69a3 sp=0x000000092c3fc9f8 mode 2
Event: 13.005 Thread 0x0000012827991890 Uncommon trap: trap_request=0xffffff45 fr.pc=0x00000128140db394 relative=0x0000000000000554
Event: 13.005 Thread 0x0000012827991890 Uncommon trap: reason=unstable_if action=reinterpret pc=0x00000128140db394 method=java.util.concurrent.locks.ReentrantLock$NonfairSync.tryAcquire(I)Z @ 13 c2
Event: 13.005 Thread 0x0000012827991890 DEOPT PACKING pc=0x00000128140db394 sp=0x000000092a6fdc80
Event: 13.005 Thread 0x0000012827991890 DEOPT UNPACKING pc=0x00000128139d69a3 sp=0x000000092a6fdab0 mode 2
Event: 13.109 Thread 0x000001282c264d90 Uncommon trap: trap_request=0xffffffde fr.pc=0x00000128141bc4b4 relative=0x0000000000001774
Event: 13.109 Thread 0x000001282c264d90 Uncommon trap: reason=class_check action=maybe_recompile pc=0x00000128141bc4b4 method=org.gradle.internal.snapshot.MediumChildMap.withNode(Lorg/gradle/internal/snapshot/VfsRelativePath;Lorg/gradle/internal/snapshot/CaseSensitivity;Lorg/gradle/internal/sna
Event: 13.109 Thread 0x000001282c264d90 DEOPT PACKING pc=0x00000128141bc4b4 sp=0x000000092c3fcc50
Event: 13.109 Thread 0x000001282c264d90 DEOPT UNPACKING pc=0x00000128139d69a3 sp=0x000000092c3fcc38 mode 2

Classes unloaded (0 events):
No events

Classes redefined (0 events):
No events

Internal exceptions (20 events):
Event: 11.550 Thread 0x00000128249b49b0 Exception <a 'java/lang/NoSuchMethodError'{0x0000000088a1e280}: static Lorg/gradle/internal/build/event/types/DefaultTaskSuccessResult;.<clinit>()V> (0x0000000088a1e280) 
thrown [s\src\hotspot\share\prims\jni.cpp, line 1108]
Event: 11.550 Thread 0x00000128249b49b0 Exception <a 'java/lang/NoSuchMethodError'{0x0000000088a1f988}: static Lorg/gradle/internal/build/event/types/AbstractTaskResult;.<clinit>()V> (0x0000000088a1f988) 
thrown [s\src\hotspot\share\prims\jni.cpp, line 1108]
Event: 11.574 Thread 0x000001282c264d90 Exception <a 'sun/nio/fs/WindowsException'{0x0000000088abdeb8}> (0x0000000088abdeb8) 
thrown [s\src\hotspot\share\prims\jni.cpp, line 517]
Event: 11.577 Thread 0x00000128265eeba0 Exception <a 'java/lang/NoSuchMethodError'{0x0000000088940ad0}: static Lcom/android/buildanalyzer/common/AndroidGradlePluginAttributionData$BuildInfo;.<clinit>()V> (0x0000000088940ad0) 
thrown [s\src\hotspot\share\prims\jni.cpp, line 1108]
Event: 11.579 Thread 0x00000128265eeba0 Exception <a 'java/lang/NoSuchMethodError'{0x000000008897c5f0}: static Lcom/android/buildanalyzer/common/AndroidGradlePluginAttributionData$JavaInfo;.<clinit>()V> (0x000000008897c5f0) 
thrown [s\src\hotspot\share\prims\jni.cpp, line 1108]
Event: 11.582 Thread 0x00000128265eeba0 Exception <a 'java/lang/NoSuchMethodError'{0x000000008899e5b0}: static [Ljava/lang/String;.<clinit>()V> (0x000000008899e5b0) 
thrown [s\src\hotspot\share\prims\jni.cpp, line 1108]
Event: 11.583 Thread 0x00000128265eeba0 Exception <a 'java/lang/NoSuchMethodError'{0x00000000889e8ed0}: static Lcom/android/buildanalyzer/common/AndroidGradlePluginAttributionData$TaskInfo;.<clinit>()V> (0x00000000889e8ed0) 
thrown [s\src\hotspot\share\prims\jni.cpp, line 1108]
Event: 11.583 Thread 0x00000128265eeba0 Exception <a 'java/lang/NoSuchMethodError'{0x000000008880c140}: static Lcom/android/buildanalyzer/common/AndroidGradlePluginAttributionData$TaskCategoryInfo;.<clinit>()V> (0x000000008880c140) 
thrown [s\src\hotspot\share\prims\jni.cpp, line 1108]
Event: 11.585 Thread 0x00000128249b49b0 Exception <a 'java/lang/NoSuchMethodError'{0x0000000088826c60}: static Lorg/gradle/internal/build/event/types/DefaultTaskSkippedResult;.<clinit>()V> (0x0000000088826c60) 
thrown [s\src\hotspot\share\prims\jni.cpp, line 1108]
Event: 11.817 Thread 0x000001282c264d90 Exception <a 'java/lang/NoSuchMethodError'{0x0000000087c05ca0}: 'void java.lang.invoke.DirectMethodHandle$Holder.invokeStatic(java.lang.Object, java.lang.Object, java.lang.Object, java.lang.Object, int, java.lang.Object, java.lang.Object)'> (0x0000000087c05ca0) 
thrown [s\src\hotspot\share\interpreter\linkResolver.cpp, line 771]
Event: 11.845 Thread 0x0000012827993570 Exception <a 'java/lang/NoSuchMethodError'{0x000000008798ffa8}: 'java.lang.Object java.lang.invoke.DirectMethodHandle$Holder.invokeSpecialIFC(java.lang.Object, java.lang.Object, java.lang.Object)'> (0x000000008798ffa8) 
thrown [s\src\hotspot\share\interpreter\linkResolver.cpp, line 771]
Event: 11.846 Thread 0x0000012827993f10 Exception <a 'java/lang/NoSuchMethodError'{0x00000000879dead0}: 'java.lang.Object java.lang.invoke.DirectMethodHandle$Holder.invokeSpecialIFC(java.lang.Object, java.lang.Object, java.lang.Object)'> (0x00000000879dead0) 
thrown [s\src\hotspot\share\interpreter\linkResolver.cpp, line 771]
Event: 11.846 Thread 0x000001282798f210 Exception <a 'java/lang/NoSuchMethodError'{0x0000000087984b78}: 'java.lang.Object java.lang.invoke.DirectMethodHandle$Holder.invokeSpecialIFC(java.lang.Object, java.lang.Object, java.lang.Object)'> (0x0000000087984b78) 
thrown [s\src\hotspot\share\interpreter\linkResolver.cpp, line 771]
Event: 11.846 Thread 0x000001282c264d90 Exception <a 'java/lang/NoSuchMethodError'{0x00000000879a06c8}: 'java.lang.Object java.lang.invoke.DirectMethodHandle$Holder.invokeSpecialIFC(java.lang.Object, java.lang.Object, java.lang.Object)'> (0x00000000879a06c8) 
thrown [s\src\hotspot\share\interpreter\linkResolver.cpp, line 771]
Event: 12.053 Thread 0x0000012827993f10 Exception <a 'java/lang/NoSuchMethodError'{0x000000008d18d158}: 'void java.lang.invoke.DirectMethodHandle$Holder.invokeVirtual(java.lang.Object, java.lang.Object)'> (0x000000008d18d158) 
thrown [s\src\hotspot\share\interpreter\linkResolver.cpp, line 771]
Event: 12.382 Thread 0x000001282c264d90 Implicit null exception at 0x000001281446cbe0 to 0x000001281446cc6c
Event: 12.831 Thread 0x000001282c264d90 Exception <a 'java/lang/ClassNotFoundException'{0x0000000088ee90e8}: com/google/firebase/crashlytics/buildtools/mappingfiles/MappingFileIdReaderBeanInfo> (0x0000000088ee90e8) 
thrown [s\src\hotspot\share\classfile\systemDictionary.cpp, line 256]
Event: 12.831 Thread 0x000001282c264d90 Exception <a 'java/lang/ClassNotFoundException'{0x0000000088ef26d8}: com/google/firebase/crashlytics/buildtools/mappingfiles/MappingFileIdReaderCustomizer> (0x0000000088ef26d8) 
thrown [s\src\hotspot\share\classfile\systemDictionary.cpp, line 256]
Event: 12.835 Thread 0x000001282c264d90 Exception <a 'java/lang/ClassNotFoundException'{0x0000000088d16ba0}: com/google/firebase/crashlytics/buildtools/mappingfiles/MappingFileIdReader$FileIdReaderBeanInfo> (0x0000000088d16ba0) 
thrown [s\src\hotspot\share\classfile\systemDictionary.cpp, line 256]
Event: 12.836 Thread 0x000001282c264d90 Exception <a 'java/lang/ClassNotFoundException'{0x0000000088d1d580}: com/google/firebase/crashlytics/buildtools/mappingfiles/MappingFileIdReader$FileIdReaderCustomizer> (0x0000000088d1d580) 
thrown [s\src\hotspot\share\classfile\systemDictionary.cpp, line 256]

VM Operations (20 events):
Event: 12.677 Executing VM operation: G1Concurrent done
Event: 12.745 Executing VM operation: G1Concurrent
Event: 12.745 Executing VM operation: G1Concurrent done
Event: 12.823 Executing VM operation: HandshakeAllThreads
Event: 12.824 Executing VM operation: HandshakeAllThreads done
Event: 12.856 Executing VM operation: HandshakeAllThreads
Event: 12.856 Executing VM operation: HandshakeAllThreads done
Event: 12.856 Executing VM operation: HandshakeAllThreads
Event: 12.856 Executing VM operation: HandshakeAllThreads done
Event: 12.857 Executing VM operation: HandshakeAllThreads
Event: 12.857 Executing VM operation: HandshakeAllThreads done
Event: 12.897 Executing VM operation: HandshakeAllThreads
Event: 12.897 Executing VM operation: HandshakeAllThreads done
Event: 12.959 Executing VM operation: ICBufferFull
Event: 12.960 Executing VM operation: ICBufferFull done
Event: 13.043 Executing VM operation: G1CollectForAllocation
Event: 13.050 Executing VM operation: G1CollectForAllocation done
Event: 13.065 Executing VM operation: G1CollectForAllocation
Event: 13.072 Executing VM operation: G1CollectForAllocation done
Event: 13.124 Executing VM operation: G1TryInitiateConcMark

Events (20 events):
Event: 12.909 Thread 0x0000012823888870 flushing nmethod 0x000001280d566810
Event: 12.909 Thread 0x0000012823888870 flushing nmethod 0x000001280d566b90
Event: 12.909 Thread 0x0000012823888870 flushing nmethod 0x000001280d567090
Event: 12.909 Thread 0x0000012823888870 flushing nmethod 0x000001280d568390
Event: 12.909 Thread 0x0000012823888870 flushing nmethod 0x000001280d56b110
Event: 12.909 Thread 0x0000012823888870 flushing nmethod 0x000001280d56d590
Event: 12.909 Thread 0x0000012823888870 flushing nmethod 0x000001280d572110
Event: 12.909 Thread 0x0000012823888870 flushing nmethod 0x000001280d572e90
Event: 12.909 Thread 0x0000012823888870 flushing nmethod 0x000001280d574210
Event: 12.909 Thread 0x0000012823888870 flushing nmethod 0x000001280d577c90
Event: 12.909 Thread 0x0000012823888870 flushing nmethod 0x000001280d57c490
Event: 12.909 Thread 0x0000012823888870 flushing nmethod 0x000001280d59d490
Event: 12.909 Thread 0x0000012823888870 flushing nmethod 0x000001280d5af110
Event: 12.909 Thread 0x0000012823888870 flushing nmethod 0x000001280d5b3990
Event: 12.909 Thread 0x0000012823888870 flushing nmethod 0x000001280d640190
Event: 12.909 Thread 0x0000012823888870 flushing nmethod 0x000001280d65ca90
Event: 12.909 Thread 0x0000012823888870 flushing nmethod 0x000001280d660a10
Event: 12.909 Thread 0x0000012823888870 flushing nmethod 0x000001280d664490
Event: 12.909 Thread 0x0000012823888870 flushing nmethod 0x000001280d66a710
Event: 12.909 Thread 0x0000012823888870 flushing nmethod 0x000001280d681610


Dynamic libraries:
0x00007ff731f80000 - 0x00007ff731f8a000 	C:\Program Files\Android\Android Studio2\jbr\bin\java.exe
0x00007ffb93730000 - 0x00007ffb93928000 	C:\WINDOWS\SYSTEM32\ntdll.dll
0x00007ffb92820000 - 0x00007ffb928dd000 	C:\WINDOWS\System32\KERNEL32.DLL
0x00007ffb91100000 - 0x00007ffb913f6000 	C:\WINDOWS\System32\KERNELBASE.dll
0x000000006fe50000 - 0x000000006feff000 	C:\ProgramData\Symantec\Symantec Endpoint Protection\14.3.5413.3000.105\Data\Sysfer\x64\sysfer.dll
0x00007ffb914a0000 - 0x00007ffb915a0000 	C:\WINDOWS\System32\ucrtbase.dll
0x00007ffb88aa0000 - 0x00007ffb88abb000 	C:\Program Files\Android\Android Studio2\jbr\bin\VCRUNTIME140.dll
0x00007ffb44b80000 - 0x00007ffb44b97000 	C:\Program Files\Android\Android Studio2\jbr\bin\jli.dll
0x00007ffb93430000 - 0x00007ffb935ce000 	C:\WINDOWS\System32\USER32.dll
0x00007ffb844d0000 - 0x00007ffb8476a000 	C:\WINDOWS\WinSxS\amd64_microsoft.windows.common-controls_6595b64144ccf1df_6.0.19041.3636_none_60b6a03d71f818d5\COMCTL32.dll
0x00007ffb91750000 - 0x00007ffb91772000 	C:\WINDOWS\System32\win32u.dll
0x00007ffb928e0000 - 0x00007ffb9297e000 	C:\WINDOWS\System32\msvcrt.dll
0x00007ffb91920000 - 0x00007ffb9194c000 	C:\WINDOWS\System32\GDI32.dll
0x00007ffb91630000 - 0x00007ffb9174a000 	C:\WINDOWS\System32\gdi32full.dll
0x00007ffb91400000 - 0x00007ffb9149d000 	C:\WINDOWS\System32\msvcp_win.dll
0x00007ffb91dc0000 - 0x00007ffb91df0000 	C:\WINDOWS\System32\IMM32.DLL
0x00007ffb88a80000 - 0x00007ffb88a8c000 	C:\Program Files\Android\Android Studio2\jbr\bin\vcruntime140_1.dll
0x00007ffb75350000 - 0x00007ffb753dd000 	C:\Program Files\Android\Android Studio2\jbr\bin\msvcp140.dll
0x00007ffb09210000 - 0x00007ffb09e7e000 	C:\Program Files\Android\Android Studio2\jbr\bin\server\jvm.dll
0x00007ffb91780000 - 0x00007ffb91833000 	C:\WINDOWS\System32\ADVAPI32.dll
0x00007ffb92780000 - 0x00007ffb9281f000 	C:\WINDOWS\System32\sechost.dll
0x00007ffb92c70000 - 0x00007ffb92d96000 	C:\WINDOWS\System32\RPCRT4.dll
0x00007ffb910d0000 - 0x00007ffb910f7000 	C:\WINDOWS\System32\bcrypt.dll
0x00007ffb840f0000 - 0x00007ffb840f9000 	C:\WINDOWS\SYSTEM32\WSOCK32.dll
0x00007ffb92630000 - 0x00007ffb9269b000 	C:\WINDOWS\System32\WS2_32.dll
0x00007ffb82c30000 - 0x00007ffb82c57000 	C:\WINDOWS\SYSTEM32\WINMM.dll
0x00007ffb87bd0000 - 0x00007ffb87bda000 	C:\WINDOWS\SYSTEM32\VERSION.dll
0x00007ffb8f650000 - 0x00007ffb8f662000 	C:\WINDOWS\SYSTEM32\kernel.appcore.dll
0x00007ffb80f30000 - 0x00007ffb80f3a000 	C:\Program Files\Android\Android Studio2\jbr\bin\jimage.dll
0x00007ffb872b0000 - 0x00007ffb87494000 	C:\WINDOWS\SYSTEM32\DBGHELP.DLL
0x00007ffb87240000 - 0x00007ffb87274000 	C:\WINDOWS\SYSTEM32\dbgcore.DLL
0x00007ffb915a0000 - 0x00007ffb91622000 	C:\WINDOWS\System32\bcryptPrimitives.dll
0x00007ffb468e0000 - 0x00007ffb46905000 	C:\Program Files\Android\Android Studio2\jbr\bin\java.dll
0x00007ffb465f0000 - 0x00007ffb46608000 	C:\Program Files\Android\Android Studio2\jbr\bin\zip.dll
0x00007ffb91df0000 - 0x00007ffb92535000 	C:\WINDOWS\System32\SHELL32.dll
0x00007ffb8ed00000 - 0x00007ffb8f49b000 	C:\WINDOWS\SYSTEM32\windows.storage.dll
0x00007ffb92ed0000 - 0x00007ffb93224000 	C:\WINDOWS\System32\combase.dll
0x00007ffb90680000 - 0x00007ffb906ad000 	C:\WINDOWS\SYSTEM32\Wldp.dll
0x00007ffb92bc0000 - 0x00007ffb92c6d000 	C:\WINDOWS\System32\SHCORE.dll
0x00007ffb918c0000 - 0x00007ffb91915000 	C:\WINDOWS\System32\shlwapi.dll
0x00007ffb90d30000 - 0x00007ffb90d55000 	C:\WINDOWS\SYSTEM32\profapi.dll
0x00007ffb44c60000 - 0x00007ffb44c79000 	C:\Program Files\Android\Android Studio2\jbr\bin\net.dll
0x00007ffb88fb0000 - 0x00007ffb890ba000 	C:\WINDOWS\SYSTEM32\WINHTTP.dll
0x00007ffb90460000 - 0x00007ffb904ca000 	C:\WINDOWS\system32\mswsock.dll
0x00007ffb44c40000 - 0x00007ffb44c56000 	C:\Program Files\Android\Android Studio2\jbr\bin\nio.dll
0x00007ffb7efc0000 - 0x00007ffb7efd0000 	C:\Program Files\Android\Android Studio2\jbr\bin\verify.dll
0x00007ffb0a630000 - 0x00007ffb0a657000 	C:\Users\ADIT-PC\.gradle\native\68d5fa5c4cc2d200863cafc0d521ce42e7d3e7ee720ec0a83991735586a16f82\windows-amd64\native-platform.dll
0x00007ffb5c420000 - 0x00007ffb5c564000 	C:\Users\ADIT-PC\.gradle\native\e376f236ea51e6404a007f0833ffe2c6e607c4080706a723a18a27aeea778392\windows-amd64\native-platform-file-events.dll
0x00007ffb6ca40000 - 0x00007ffb6ca49000 	C:\Program Files\Android\Android Studio2\jbr\bin\management.dll
0x00007ffb6c3f0000 - 0x00007ffb6c3fb000 	C:\Program Files\Android\Android Studio2\jbr\bin\management_ext.dll
0x00007ffb93230000 - 0x00007ffb93238000 	C:\WINDOWS\System32\PSAPI.DLL
0x00007ffb906c0000 - 0x00007ffb906d8000 	C:\WINDOWS\SYSTEM32\CRYPTSP.dll
0x00007ffb8fdb0000 - 0x00007ffb8fde4000 	C:\WINDOWS\system32\rsaenh.dll
0x00007ffb90cf0000 - 0x00007ffb90d1e000 	C:\WINDOWS\SYSTEM32\USERENV.dll
0x00007ffb905f0000 - 0x00007ffb905fc000 	C:\WINDOWS\SYSTEM32\CRYPTBASE.dll
0x00007ffb90170000 - 0x00007ffb901ab000 	C:\WINDOWS\SYSTEM32\IPHLPAPI.DLL
0x00007ffb93420000 - 0x00007ffb93428000 	C:\WINDOWS\System32\NSI.dll
0x00007ffb8aa20000 - 0x00007ffb8aa37000 	C:\WINDOWS\SYSTEM32\dhcpcsvc6.DLL
0x00007ffb8aab0000 - 0x00007ffb8aacd000 	C:\WINDOWS\SYSTEM32\dhcpcsvc.DLL
0x00007ffb901c0000 - 0x00007ffb9028a000 	C:\WINDOWS\SYSTEM32\DNSAPI.dll
0x00007ffb72500000 - 0x00007ffb72507000 	C:\WINDOWS\system32\wshunix.dll

dbghelp: loaded successfully - version: 4.0.5 - missing functions: none
symbol engine: initialized successfully - sym options: 0x614 - pdb path: .;C:\Program Files\Android\Android Studio2\jbr\bin;C:\WINDOWS\SYSTEM32;C:\ProgramData\Symantec\Symantec Endpoint Protection\14.3.5413.3000.105\Data\Sysfer\x64;C:\WINDOWS\WinSxS\amd64_microsoft.windows.common-controls_6595b64144ccf1df_6.0.19041.3636_none_60b6a03d71f818d5;C:\Program Files\Android\Android Studio2\jbr\bin\server;C:\Users\ADIT-PC\.gradle\native\68d5fa5c4cc2d200863cafc0d521ce42e7d3e7ee720ec0a83991735586a16f82\windows-amd64;C:\Users\ADIT-PC\.gradle\native\e376f236ea51e6404a007f0833ffe2c6e607c4080706a723a18a27aeea778392\windows-amd64

VM Arguments:
jvm_args: --add-opens=java.base/java.util=ALL-UNNAMED --add-opens=java.base/java.lang=ALL-UNNAMED --add-opens=java.base/java.lang.invoke=ALL-UNNAMED --add-opens=java.prefs/java.util.prefs=ALL-UNNAMED --add-opens=java.base/java.nio.charset=ALL-UNNAMED --add-opens=java.base/java.net=ALL-UNNAMED --add-opens=java.base/java.util.concurrent.atomic=ALL-UNNAMED -Xmx2048m -Dfile.encoding=windows-1252 -Duser.country=ID -Duser.language=en -Duser.variant 
java_command: org.gradle.launcher.daemon.bootstrap.GradleDaemon 8.0
java_class_path (initial): C:\Users\ADIT-PC\.gradle\wrapper\dists\gradle-8.0-bin\ca5e32bp14vu59qr306oxotwh\gradle-8.0\lib\gradle-launcher-8.0.jar
Launcher Type: SUN_STANDARD

[Global flags]
     intx CICompilerCount                          = 3                                         {product} {ergonomic}
     uint ConcGCThreads                            = 1                                         {product} {ergonomic}
     uint G1ConcRefinementThreads                  = 4                                         {product} {ergonomic}
   size_t G1HeapRegionSize                         = 1048576                                   {product} {ergonomic}
    uintx GCDrainStackTargetSize                   = 64                                        {product} {ergonomic}
   size_t InitialHeapSize                          = 266338304                                 {product} {ergonomic}
   size_t MarkStackSize                            = 4194304                                   {product} {ergonomic}
   size_t MaxHeapSize                              = 2147483648                                {product} {command line}
   size_t MaxNewSize                               = 1287651328                                {product} {ergonomic}
   size_t MinHeapDeltaBytes                        = 1048576                                   {product} {ergonomic}
   size_t MinHeapSize                              = 8388608                                   {product} {ergonomic}
    uintx NonNMethodCodeHeapSize                   = 5832780                                {pd product} {ergonomic}
    uintx NonProfiledCodeHeapSize                  = 122912730                              {pd product} {ergonomic}
    uintx ProfiledCodeHeapSize                     = 122912730                              {pd product} {ergonomic}
    uintx ReservedCodeCacheSize                    = 251658240                              {pd product} {ergonomic}
     bool SegmentedCodeCache                       = true                                      {product} {ergonomic}
   size_t SoftMaxHeapSize                          = 2147483648                             {manageable} {ergonomic}
     bool UseCompressedClassPointers               = true                           {product lp64_product} {ergonomic}
     bool UseCompressedOops                        = true                           {product lp64_product} {ergonomic}
     bool UseG1GC                                  = true                                      {product} {ergonomic}
     bool UseLargePagesIndividualAllocation        = false                                  {pd product} {ergonomic}

Logging:
Log output configuration:
 #0: stdout all=warning uptime,level,tags
 #1: stderr all=off uptime,level,tags

Environment Variables:
JAVA_HOME=C:\Program Files\Java\jdk-15.0.2
CLASSPATH=.;
PATH=C:\Program Files\Common Files\Oracle\Java\javapath;C:\Python311\Scripts\;C:\Python311\;C:\Python310\Scripts\;C:\Python310\;C:\Python27\;C:\Python27\Scripts;C:\Program Files (x86)\Common Files\Oracle\Java\javapath;C:\Program Files\Docker\Docker\Resources\bin;C:\ProgramData\Oracle\Java\javapath;C:\Program Files (x86)\Intel\iCLS Client\;C:\Program Files\Intel\iCLS Client\;C:\WINDOWS\system32;C:\WINDOWS;C:\WINDOWS\System32\Wbem;C:\WINDOWS\System32\WindowsPowerShell\v1.0\;C:\Program Files (x86)\Intel\Intel(R) Management Engine Components\DAL;C:\Program Files\Intel\Intel(R) Management Engine Components\DAL;C:\Program Files (x86)\Intel\Intel(R) Management Engine Components\IPT;C:\Program Files\Intel\Intel(R) Management Engine Components\IPT;C:\Program Files\Java\jre1.8.0_162\bin;C:\Program Files (x86)\GtkSharp\2.12\bin;C:\Program Files\PuTTY\;C:\Program Files\Java\jdk1.8.0_162\bin;C:\PROGRA~2\Groovy\GROOVY~1.15\bin;C:\WINDOWS\System32\OpenSSH\;C:\xampp\php;C:\Program Files (x86)\Microsoft SQL Server\Client SDK\ODBC\130\Tools\Binn\;C:\Program Files (x86)\Microsoft SQL Server\140\Tools\Binn\;C:\Program Files (x86)\Microsoft SQL Server\140\DTS\Binn\;C:\Program Files (x86)\Microsoft SQL Server\140\Tools\Binn\ManagementStudio\;c:\Program Files (x86)\Microsoft SQL Server\110\Tools\Binn\;c:\Program Files\Microsoft SQL Server\110\Tools\Binn\;c:\Program Files\Microsoft SQL Server\110\DTS\Binn\;C:\composer;C:\Flutter\flutter\bin;C:\Bitnami\wampstack-5.6.39-0\php;C:\ProgramData\chocolatey\bin;C:\Program Files (x86)\Yarn\bin\;C:\Program Files\Java\jdk1.8.0_211\bin;C:\Program Files\OpenJDK\openjdk-8u312-b07\bin;C:\Program Files\nodejs\;C:\Program Files\Git\cmd;C:\Users\ADIT-PC\AppData\Local\Microsoft\WindowsApps;C:\Users\ADIT-PC\AppData\Local\Android\Sdk\platform-tools;C:\Users\ADIT-PC\AppData\Roaming\npm;C:\Users\ADIT-PC\AppData\Local\Programs\Microsoft VS Code\bin;C:\Users\ADIT-PC\AppData\Local\Android\Sdk;C:\src\flutter\bin;C:\Users\ADIT-PC\AppData\Local\GitHubDesktop\bin;C:\Users
USERNAME=ADIT-PC
OS=Windows_NT
PROCESSOR_IDENTIFIER=Intel64 Family 6 Model 94 Stepping 3, GenuineIntel
TMP=C:\Users\ADIT-PC\AppData\Local\Temp
TEMP=C:\Users\ADIT-PC\AppData\Local\Temp


JNI global refs:
JNI global refs: 26, weak refs: 0

JNI global refs memory usage: 843, weak refs: 841


---------------  S Y S T E M  ---------------

OS:
 Windows 10 , 64 bit Build 19041 (10.0.19041.3636)
OS uptime: 16 days 13:41 hours
Hyper-V role detected

CPU: total 4 (initial active 4) (4 cores per cpu, 1 threads per core) family 6 model 94 stepping 3 microcode 0xf2, cx8, cmov, fxsr, mmx, 3dnowpref, sse, sse2, sse3, ssse3, sse4.1, sse4.2, popcnt, lzcnt, tsc, tscinvbit, avx, avx2, aes, erms, clmul, bmi1, bmi2, rtm, adx, fma, vzeroupper, clflush, clflushopt, hv

Memory: 4k page, system-wide physical 16247M (1013M free)
TotalPageFile size 25028M (AvailPageFile size 35M)
current process WorkingSet (physical memory assigned to process): 412M, peak: 412M
current process commit charge ("private bytes"): 530M, peak: 606M

vm_info: OpenJDK 64-Bit Server VM (17.0.6+0-b2043.56-10027231) for windows-amd64 JRE (17.0.6+0-b2043.56-10027231), built on Apr 28 2023 00:43:19 by "androidbuild" with MS VC++ 16.10 / 16.11 (VS2019)

END.
