#
# There is insufficient memory for the Java Runtime Environment to continue.
# Native memory allocation (malloc) failed to allocate 617248 bytes for Chunk::new
# Possible reasons:
#   The system is out of physical RAM or swap space
#   The process is running with CompressedOops enabled, and the Java Heap may be blocking the growth of the native heap
# Possible solutions:
#   Reduce memory load on the system
#   Increase physical memory or swap space
#   Check if swap backing store is full
#   Decrease Java heap size (-Xmx/-Xms)
#   Decrease number of Java threads
#   Decrease Java thread stack sizes (-Xss)
#   Set larger code cache with -XX:ReservedCodeCacheSize=
#   JVM is running with Unscaled Compressed Oops mode in which the Java heap is
#     placed in the first 4GB address space. The Java Heap base address is the
#     maximum limit for the native heap growth. Please use -XX:HeapBaseMinAddress
#     to set the Java Heap base and to place the Java Heap above 4GB virtual address.
# This output file may be truncated or incomplete.
#
#  Out of Memory Error (arena.cpp:189), pid=9440, tid=4420
#
# JRE version: OpenJDK Runtime Environment (17.0.6) (build 17.0.6+0-b2043.56-10027231)
# Java VM: OpenJDK 64-Bit Server VM (17.0.6+0-b2043.56-10027231, mixed mode, tiered, compressed oops, compressed class ptrs, g1 gc, windows-amd64)
# No core dump will be written. Minidumps are not enabled by default on client versions of Windows
#

---------------  S U M M A R Y ------------

Command Line: --add-opens=java.base/java.util=ALL-UNNAMED --add-opens=java.base/java.lang=ALL-UNNAMED --add-opens=java.base/java.lang.invoke=ALL-UNNAMED --add-opens=java.prefs/java.util.prefs=ALL-UNNAMED --add-opens=java.base/java.nio.charset=ALL-UNNAMED --add-opens=java.base/java.net=ALL-UNNAMED --add-opens=java.base/java.util.concurrent.atomic=ALL-UNNAMED -Xmx2048m -Dfile.encoding=windows-1252 -Duser.country=ID -Duser.language=en -Duser.variant -javaagent:C:\Users\ADIT-PC\.gradle\wrapper\dists\gradle-8.2-bin\bbg7u40eoinfdyxsxr3z4i7ta\gradle-8.2\lib\agents\gradle-instrumentation-agent-8.2.jar org.gradle.launcher.daemon.bootstrap.GradleDaemon 8.2

Host: Intel(R) Core(TM) i5-6500 CPU @ 3.20GHz, 4 cores, 15G,  Windows 10 , 64 bit Build 19041 (10.0.19041.3636)
Time: Tue Feb 27 08:39:09 2024 SE Asia Standard Time elapsed time: 10.760999 seconds (0d 0h 0m 10s)

---------------  T H R E A D  ---------------

Current thread (0x0000019d2f09d4e0):  JavaThread "C2 CompilerThread0" daemon [_thread_in_native, id=4420, stack(0x0000008b86400000,0x0000008b86500000)]


Current CompileTask:
C2:  10761 7554       4       org.gradle.internal.instantiation.generator.AbstractClassGenerator$InjectionAnnotationValidator::validateMethod (502 bytes)

Stack: [0x0000008b86400000,0x0000008b86500000]
Native frames: (J=compiled Java code, j=interpreted, Vv=VM code, C=native code)
V  [jvm.dll+0x683c9a]
V  [jvm.dll+0x8427a4]
V  [jvm.dll+0x843f9e]
V  [jvm.dll+0x844603]
V  [jvm.dll+0x249b75]
V  [jvm.dll+0xabcac]
V  [jvm.dll+0xac27c]
V  [jvm.dll+0x368857]
V  [jvm.dll+0x1bd0b8]
V  [jvm.dll+0x21c359]
V  [jvm.dll+0x21b621]
V  [jvm.dll+0x1a4fdd]
V  [jvm.dll+0x22b098]
V  [jvm.dll+0x229159]
V  [jvm.dll+0x7f81ec]
V  [jvm.dll+0x7f274a]
V  [jvm.dll+0x682ad5]
C  [ucrtbase.dll+0x21bb2]
C  [KERNEL32.DLL+0x17344]
C  [ntdll.dll+0x526b1]


---------------  P R O C E S S  ---------------

Threads class SMR info:
_java_thread_list=0x0000019d379cc850, length=45, elements={
0x0000019d151ef550, 0x0000019d2f0574d0, 0x0000019d2f015ba0, 0x0000019d2f088550,
0x0000019d2f08c030, 0x0000019d2f08cbe0, 0x0000019d2f08f6a0, 0x0000019d2f09d4e0,
0x0000019d2f09f2b0, 0x0000019d2f0a1fb0, 0x0000019d2f0ddfd0, 0x0000019d2f2d9240,
0x0000019d31f87450, 0x0000019d30b71200, 0x0000019d308d1160, 0x0000019d309d4450,
0x0000019d309d4920, 0x0000019d318e20d0, 0x0000019d303b30d0, 0x0000019d303b35a0,
0x0000019d31faad60, 0x0000019d31fa9550, 0x0000019d31fab700, 0x0000019d31fabbd0,
0x0000019d31fac0a0, 0x0000019d31fa9a20, 0x0000019d31fa9ef0, 0x0000019d31faca40,
0x0000019d31faa3c0, 0x0000019d31faa890, 0x0000019d31fab230, 0x0000019d323c9a80,
0x0000019d323c8c10, 0x0000019d323c8270, 0x0000019d323c90e0, 0x0000019d323c95b0,
0x0000019d323c30a0, 0x0000019d323ca420, 0x0000019d323c7da0, 0x0000019d323c5250,
0x0000019d323c5720, 0x0000019d323c3a40, 0x0000019d323c5bf0, 0x0000019d323c2bd0,
0x0000019d3567cf20
}

Java Threads: ( => current thread )
  0x0000019d151ef550 JavaThread "main" [_thread_blocked, id=8288, stack(0x0000008b85700000,0x0000008b85800000)]
  0x0000019d2f0574d0 JavaThread "Reference Handler" daemon [_thread_blocked, id=21828, stack(0x0000008b85e00000,0x0000008b85f00000)]
  0x0000019d2f015ba0 JavaThread "Finalizer" daemon [_thread_blocked, id=27004, stack(0x0000008b85f00000,0x0000008b86000000)]
  0x0000019d2f088550 JavaThread "Signal Dispatcher" daemon [_thread_blocked, id=9340, stack(0x0000008b86000000,0x0000008b86100000)]
  0x0000019d2f08c030 JavaThread "Attach Listener" daemon [_thread_blocked, id=26288, stack(0x0000008b86100000,0x0000008b86200000)]
  0x0000019d2f08cbe0 JavaThread "Service Thread" daemon [_thread_blocked, id=12248, stack(0x0000008b86200000,0x0000008b86300000)]
  0x0000019d2f08f6a0 JavaThread "Monitor Deflation Thread" daemon [_thread_blocked, id=5380, stack(0x0000008b86300000,0x0000008b86400000)]
=>0x0000019d2f09d4e0 JavaThread "C2 CompilerThread0" daemon [_thread_in_native, id=4420, stack(0x0000008b86400000,0x0000008b86500000)]
  0x0000019d2f09f2b0 JavaThread "C1 CompilerThread0" daemon [_thread_blocked, id=17632, stack(0x0000008b86500000,0x0000008b86600000)]
  0x0000019d2f0a1fb0 JavaThread "Sweeper thread" daemon [_thread_blocked, id=27560, stack(0x0000008b86600000,0x0000008b86700000)]
  0x0000019d2f0ddfd0 JavaThread "Common-Cleaner" daemon [_thread_blocked, id=23128, stack(0x0000008b86700000,0x0000008b86800000)]
  0x0000019d2f2d9240 JavaThread "Notification Thread" daemon [_thread_blocked, id=1900, stack(0x0000008b86800000,0x0000008b86900000)]
  0x0000019d31f87450 JavaThread "Daemon health stats" [_thread_blocked, id=24740, stack(0x0000008b86e00000,0x0000008b86f00000)]
  0x0000019d30b71200 JavaThread "Incoming local TCP Connector on port 7272" [_thread_in_native, id=6004, stack(0x0000008b86f00000,0x0000008b87000000)]
  0x0000019d308d1160 JavaThread "Daemon periodic checks" [_thread_blocked, id=7240, stack(0x0000008b87000000,0x0000008b87100000)]
  0x0000019d309d4450 JavaThread "Daemon" [_thread_blocked, id=24076, stack(0x0000008b87100000,0x0000008b87200000)]
  0x0000019d309d4920 JavaThread "Handler for socket connection from /127.0.0.1:7272 to /127.0.0.1:7273" [_thread_in_native, id=15264, stack(0x0000008b87200000,0x0000008b87300000)]
  0x0000019d318e20d0 JavaThread "Cancel handler" [_thread_blocked, id=23956, stack(0x0000008b87300000,0x0000008b87400000)]
  0x0000019d303b30d0 JavaThread "Daemon worker" [_thread_in_native, id=14704, stack(0x0000008b87400000,0x0000008b87500000)]
  0x0000019d303b35a0 JavaThread "Asynchronous log dispatcher for DefaultDaemonConnection: socket connection from /127.0.0.1:7272 to /127.0.0.1:7273" [_thread_blocked, id=13368, stack(0x0000008b87500000,0x0000008b87600000)]
  0x0000019d31faad60 JavaThread "Stdin handler" [_thread_blocked, id=18508, stack(0x0000008b87600000,0x0000008b87700000)]
  0x0000019d31fa9550 JavaThread "Daemon client event forwarder" [_thread_blocked, id=15032, stack(0x0000008b87700000,0x0000008b87800000)]
  0x0000019d31fab700 JavaThread "Cache worker for journal cache (C:\Users\ADIT-PC\.gradle\caches\journal-1)" [_thread_blocked, id=22492, stack(0x0000008b87800000,0x0000008b87900000)]
  0x0000019d31fabbd0 JavaThread "File lock request listener" [_thread_in_native, id=24264, stack(0x0000008b87900000,0x0000008b87a00000)]
  0x0000019d31fac0a0 JavaThread "Cache worker for file hash cache (C:\Users\ADIT-PC\.gradle\caches\8.2\fileHashes)" [_thread_blocked, id=25868, stack(0x0000008b87a00000,0x0000008b87b00000)]
  0x0000019d31fa9a20 JavaThread "File watcher server" daemon [_thread_in_native, id=3020, stack(0x0000008b87b00000,0x0000008b87c00000)]
  0x0000019d31fa9ef0 JavaThread "File watcher consumer" daemon [_thread_blocked, id=1728, stack(0x0000008b87c00000,0x0000008b87d00000)]
  0x0000019d31faca40 JavaThread "Cache worker for checksums cache (C:\Users\ADIT-PC\AndroidStudioProjects\HRISMobile-New\.gradle\8.2\checksums)" [_thread_blocked, id=20568, stack(0x0000008b87d00000,0x0000008b87e00000)]
  0x0000019d31faa3c0 JavaThread "Cache worker for cache directory md-rule (C:\Users\ADIT-PC\.gradle\caches\8.2\md-rule)" [_thread_blocked, id=23960, stack(0x0000008b87e00000,0x0000008b87f00000)]
  0x0000019d31faa890 JavaThread "Cache worker for file content cache (C:\Users\ADIT-PC\.gradle\caches\8.2\fileContent)" [_thread_blocked, id=13888, stack(0x0000008b87f00000,0x0000008b88000000)]
  0x0000019d31fab230 JavaThread "Cache worker for file hash cache (C:\Users\ADIT-PC\AndroidStudioProjects\HRISMobile-New\.gradle\8.2\fileHashes)" [_thread_blocked, id=17988, stack(0x0000008b88000000,0x0000008b88100000)]
  0x0000019d323c9a80 JavaThread "Cache worker for cache directory md-supplier (C:\Users\ADIT-PC\.gradle\caches\8.2\md-supplier)" [_thread_blocked, id=9068, stack(0x0000008b88100000,0x0000008b88200000)]
  0x0000019d323c8c10 JavaThread "Cache worker for execution history cache (C:\Users\ADIT-PC\.gradle\caches\8.2\executionHistory)" [_thread_blocked, id=14396, stack(0x0000008b88200000,0x0000008b88300000)]
  0x0000019d323c8270 JavaThread "jar transforms" [_thread_blocked, id=20476, stack(0x0000008b88400000,0x0000008b88500000)]
  0x0000019d323c90e0 JavaThread "jar transforms Thread 2" [_thread_blocked, id=6512, stack(0x0000008b88500000,0x0000008b88600000)]
  0x0000019d323c95b0 JavaThread "jar transforms Thread 3" [_thread_blocked, id=8196, stack(0x0000008b88600000,0x0000008b88700000)]
  0x0000019d323c30a0 JavaThread "jar transforms Thread 4" [_thread_blocked, id=17000, stack(0x0000008b88700000,0x0000008b88800000)]
  0x0000019d323ca420 JavaThread "Cache worker for dependencies-accessors (C:\Users\ADIT-PC\AndroidStudioProjects\HRISMobile-New\.gradle\8.2\dependencies-accessors)" [_thread_blocked, id=15912, stack(0x0000008b88800000,0x0000008b88900000)]
  0x0000019d323c7da0 JavaThread "Cache worker for Build Output Cleanup Cache (C:\Users\ADIT-PC\AndroidStudioProjects\HRISMobile-New\.gradle\buildOutputCleanup)" [_thread_blocked, id=21256, stack(0x0000008b88900000,0x0000008b88a00000)]
  0x0000019d323c5250 JavaThread "Unconstrained build operations" [_thread_blocked, id=25948, stack(0x0000008b88a00000,0x0000008b88b00000)]
  0x0000019d323c5720 JavaThread "Unconstrained build operations Thread 2" [_thread_blocked, id=7760, stack(0x0000008b88b00000,0x0000008b88c00000)]
  0x0000019d323c3a40 JavaThread "Unconstrained build operations Thread 3" [_thread_blocked, id=16200, stack(0x0000008b88c00000,0x0000008b88d00000)]
  0x0000019d323c5bf0 JavaThread "build event listener" [_thread_blocked, id=23244, stack(0x0000008b88d00000,0x0000008b88e00000)]
  0x0000019d323c2bd0 JavaThread "Memory manager" [_thread_blocked, id=24912, stack(0x0000008b88e00000,0x0000008b88f00000)]
  0x0000019d3567cf20 JavaThread "C2 CompilerThread1" daemon [_thread_in_native, id=20840, stack(0x0000008b86a00000,0x0000008b86b00000)]

Other Threads:
  0x0000019d2e7b3ed0 VMThread "VM Thread" [stack: 0x0000008b85d00000,0x0000008b85e00000] [id=17972]
  0x0000019d15265670 WatcherThread [stack: 0x0000008b86900000,0x0000008b86a00000] [id=19808]
  0x0000019d1524c8f0 GCTaskThread "GC Thread#0" [stack: 0x0000008b85800000,0x0000008b85900000] [id=11508]
  0x0000019d2fcf9580 GCTaskThread "GC Thread#1" [stack: 0x0000008b86b00000,0x0000008b86c00000] [id=17252]
  0x0000019d2fcf9830 GCTaskThread "GC Thread#2" [stack: 0x0000008b86c00000,0x0000008b86d00000] [id=17188]
  0x0000019d2f8b80d0 GCTaskThread "GC Thread#3" [stack: 0x0000008b86d00000,0x0000008b86e00000] [id=20288]
  0x0000019d1525d830 ConcurrentGCThread "G1 Main Marker" [stack: 0x0000008b85900000,0x0000008b85a00000] [id=2852]
  0x0000019d1525e240 ConcurrentGCThread "G1 Conc#0" [stack: 0x0000008b85a00000,0x0000008b85b00000] [id=9256]
  0x0000019d152ada00 ConcurrentGCThread "G1 Refine#0" [stack: 0x0000008b85b00000,0x0000008b85c00000] [id=23860]
  0x0000019d349bb7a0 ConcurrentGCThread "G1 Refine#1" [stack: 0x0000008b88300000,0x0000008b88400000] [id=26260]
  0x0000019d152ae420 ConcurrentGCThread "G1 Service" [stack: 0x0000008b85c00000,0x0000008b85d00000] [id=26108]

Threads with active compile tasks:
C2 CompilerThread0    10808 7554       4       org.gradle.internal.instantiation.generator.AbstractClassGenerator$InjectionAnnotationValidator::validateMethod (502 bytes)
C2 CompilerThread1    10808 7581       4       java.lang.reflect.Method::getTypeParameters (20 bytes)

VM state: not at safepoint (normal execution)

VM Mutex/Monitor currently owned by a thread: None

Heap address: 0x0000000080000000, size: 2048 MB, Compressed Oops mode: 32-bit

CDS archive(s) not mapped
Compressed class space mapped at: 0x0000000100000000-0x0000000140000000, reserved size: 1073741824
Narrow klass base: 0x0000000000000000, Narrow klass shift: 3, Narrow klass range: 0x140000000

GC Precious Log:
 CPUs: 4 total, 4 available
 Memory: 16247M
 Large Page Support: Disabled
 NUMA Support: Disabled
 Compressed Oops: Enabled (32-bit)
 Heap Region Size: 1M
 Heap Min Capacity: 8M
 Heap Initial Capacity: 254M
 Heap Max Capacity: 2G
 Pre-touch: Disabled
 Parallel Workers: 4
 Concurrent Workers: 1
 Concurrent Refinement Workers: 4
 Periodic GC: Disabled

Heap:
 garbage-first heap   total 215040K, used 85777K [0x0000000080000000, 0x0000000100000000)
  region size 1024K, 27 young (27648K), 7 survivors (7168K)
 Metaspace       used 76747K, committed 77440K, reserved 1122304K
  class space    used 10379K, committed 10688K, reserved 1048576K

Heap Regions: E=young(eden), S=young(survivor), O=old, HS=humongous(starts), HC=humongous(continues), CS=collection set, F=free, OA=open archive, CA=closed archive, TAMS=top-at-mark-start (previous, next)
|   0|0x0000000080000000, 0x0000000080100000, 0x0000000080100000|100%| O|  |TAMS 0x0000000080100000, 0x0000000080000000| Untracked 
|   1|0x0000000080100000, 0x0000000080200000, 0x0000000080200000|100%| O|  |TAMS 0x0000000080200000, 0x0000000080100000| Untracked 
|   2|0x0000000080200000, 0x0000000080300000, 0x0000000080300000|100%|HS|  |TAMS 0x0000000080300000, 0x0000000080200000| Complete 
|   3|0x0000000080300000, 0x0000000080400000, 0x0000000080400000|100%|HC|  |TAMS 0x0000000080400000, 0x0000000080300000| Complete 
|   4|0x0000000080400000, 0x0000000080500000, 0x0000000080500000|100%|HC|  |TAMS 0x0000000080500000, 0x0000000080400000| Complete 
|   5|0x0000000080500000, 0x0000000080600000, 0x0000000080600000|100%|HC|  |TAMS 0x0000000080600000, 0x0000000080500000| Complete 
|   6|0x0000000080600000, 0x0000000080700000, 0x0000000080700000|100%| O|  |TAMS 0x0000000080700000, 0x0000000080600000| Untracked 
|   7|0x0000000080700000, 0x0000000080800000, 0x0000000080800000|100%| O|  |TAMS 0x0000000080800000, 0x0000000080700000| Untracked 
|   8|0x0000000080800000, 0x0000000080900000, 0x0000000080900000|100%| O|  |TAMS 0x0000000080900000, 0x0000000080800000| Untracked 
|   9|0x0000000080900000, 0x0000000080a00000, 0x0000000080a00000|100%| O|  |TAMS 0x0000000080a00000, 0x0000000080900000| Untracked 
|  10|0x0000000080a00000, 0x0000000080b00000, 0x0000000080b00000|100%| O|  |TAMS 0x0000000080b00000, 0x0000000080a00000| Untracked 
|  11|0x0000000080b00000, 0x0000000080c00000, 0x0000000080c00000|100%| O|  |TAMS 0x0000000080c00000, 0x0000000080b00000| Untracked 
|  12|0x0000000080c00000, 0x0000000080d00000, 0x0000000080d00000|100%| O|  |TAMS 0x0000000080d00000, 0x0000000080c00000| Untracked 
|  13|0x0000000080d00000, 0x0000000080e00000, 0x0000000080e00000|100%| O|  |TAMS 0x0000000080e00000, 0x0000000080d00000| Untracked 
|  14|0x0000000080e00000, 0x0000000080f00000, 0x0000000080f00000|100%| O|  |TAMS 0x0000000080f00000, 0x0000000080e00000| Untracked 
|  15|0x0000000080f00000, 0x0000000081000000, 0x0000000081000000|100%| O|  |TAMS 0x0000000081000000, 0x0000000080f00000| Untracked 
|  16|0x0000000081000000, 0x0000000081100000, 0x0000000081100000|100%| O|  |TAMS 0x0000000081100000, 0x0000000081000000| Untracked 
|  17|0x0000000081100000, 0x0000000081200000, 0x0000000081200000|100%| O|  |TAMS 0x0000000081200000, 0x0000000081100000| Untracked 
|  18|0x0000000081200000, 0x0000000081300000, 0x0000000081300000|100%| O|  |TAMS 0x0000000081300000, 0x0000000081200000| Untracked 
|  19|0x0000000081300000, 0x0000000081400000, 0x0000000081400000|100%| O|  |TAMS 0x0000000081400000, 0x0000000081300000| Untracked 
|  20|0x0000000081400000, 0x0000000081500000, 0x0000000081500000|100%| O|  |TAMS 0x0000000081500000, 0x0000000081400000| Untracked 
|  21|0x0000000081500000, 0x0000000081600000, 0x0000000081600000|100%| O|  |TAMS 0x0000000081600000, 0x0000000081500000| Untracked 
|  22|0x0000000081600000, 0x0000000081700000, 0x0000000081700000|100%| O|  |TAMS 0x0000000081700000, 0x0000000081600000| Untracked 
|  23|0x0000000081700000, 0x0000000081800000, 0x0000000081800000|100%| O|  |TAMS 0x0000000081700000, 0x0000000081700000| Untracked 
|  24|0x0000000081800000, 0x0000000081900000, 0x0000000081900000|100%| O|  |TAMS 0x0000000081900000, 0x0000000081800000| Untracked 
|  25|0x0000000081900000, 0x0000000081a00000, 0x0000000081a00000|100%| O|  |TAMS 0x0000000081a00000, 0x0000000081900000| Untracked 
|  26|0x0000000081a00000, 0x0000000081b00000, 0x0000000081b00000|100%| O|  |TAMS 0x0000000081b00000, 0x0000000081a00000| Untracked 
|  27|0x0000000081b00000, 0x0000000081c00000, 0x0000000081c00000|100%| O|  |TAMS 0x0000000081c00000, 0x0000000081b00000| Untracked 
|  28|0x0000000081c00000, 0x0000000081d00000, 0x0000000081d00000|100%|HS|  |TAMS 0x0000000081d00000, 0x0000000081c00000| Complete 
|  29|0x0000000081d00000, 0x0000000081e00000, 0x0000000081e00000|100%| O|  |TAMS 0x0000000081e00000, 0x0000000081d00000| Untracked 
|  30|0x0000000081e00000, 0x0000000081f00000, 0x0000000081f00000|100%| O|  |TAMS 0x0000000081f00000, 0x0000000081e00000| Untracked 
|  31|0x0000000081f00000, 0x0000000082000000, 0x0000000082000000|100%| O|  |TAMS 0x0000000082000000, 0x0000000081f00000| Untracked 
|  32|0x0000000082000000, 0x0000000082100000, 0x0000000082100000|100%|HS|  |TAMS 0x0000000082100000, 0x0000000082000000| Complete 
|  33|0x0000000082100000, 0x0000000082200000, 0x0000000082200000|100%|HS|  |TAMS 0x0000000082200000, 0x0000000082100000| Complete 
|  34|0x0000000082200000, 0x0000000082300000, 0x0000000082300000|100%|HS|  |TAMS 0x0000000082300000, 0x0000000082200000| Complete 
|  35|0x0000000082300000, 0x0000000082400000, 0x0000000082400000|100%| O|  |TAMS 0x0000000082400000, 0x0000000082300000| Untracked 
|  36|0x0000000082400000, 0x0000000082500000, 0x0000000082500000|100%| O|  |TAMS 0x0000000082500000, 0x0000000082400000| Untracked 
|  37|0x0000000082500000, 0x0000000082600000, 0x0000000082600000|100%| O|  |TAMS 0x0000000082600000, 0x0000000082500000| Untracked 
|  38|0x0000000082600000, 0x0000000082700000, 0x0000000082700000|100%| O|  |TAMS 0x0000000082700000, 0x0000000082600000| Untracked 
|  39|0x0000000082700000, 0x0000000082800000, 0x0000000082800000|100%| O|  |TAMS 0x0000000082800000, 0x0000000082700000| Untracked 
|  40|0x0000000082800000, 0x0000000082900000, 0x0000000082900000|100%| O|  |TAMS 0x0000000082900000, 0x0000000082800000| Untracked 
|  41|0x0000000082900000, 0x0000000082a00000, 0x0000000082a00000|100%| O|  |TAMS 0x0000000082a00000, 0x0000000082900000| Untracked 
|  42|0x0000000082a00000, 0x0000000082b00000, 0x0000000082b00000|100%| O|  |TAMS 0x0000000082b00000, 0x0000000082a00000| Untracked 
|  43|0x0000000082b00000, 0x0000000082c00000, 0x0000000082c00000|100%| O|  |TAMS 0x0000000082c00000, 0x0000000082b00000| Untracked 
|  44|0x0000000082c00000, 0x0000000082d00000, 0x0000000082d00000|100%| O|  |TAMS 0x0000000082d00000, 0x0000000082c00000| Untracked 
|  45|0x0000000082d00000, 0x0000000082e00000, 0x0000000082e00000|100%| O|  |TAMS 0x0000000082e00000, 0x0000000082d00000| Untracked 
|  46|0x0000000082e00000, 0x0000000082e00000, 0x0000000082f00000|  0%| F|  |TAMS 0x0000000082e00000, 0x0000000082e00000| Untracked 
|  47|0x0000000082f00000, 0x0000000083000000, 0x0000000083000000|100%| O|  |TAMS 0x0000000083000000, 0x0000000082f00000| Untracked 
|  48|0x0000000083000000, 0x0000000083100000, 0x0000000083100000|100%| O|  |TAMS 0x0000000083100000, 0x0000000083000000| Untracked 
|  49|0x0000000083100000, 0x0000000083200000, 0x0000000083200000|100%| O|  |TAMS 0x0000000083200000, 0x0000000083100000| Untracked 
|  50|0x0000000083200000, 0x0000000083300000, 0x0000000083300000|100%| O|  |TAMS 0x0000000083300000, 0x0000000083200000| Untracked 
|  51|0x0000000083300000, 0x0000000083400000, 0x0000000083400000|100%| O|  |TAMS 0x0000000083400000, 0x0000000083300000| Untracked 
|  52|0x0000000083400000, 0x0000000083500000, 0x0000000083500000|100%| O|  |TAMS 0x0000000083500000, 0x0000000083400000| Untracked 
|  53|0x0000000083500000, 0x0000000083600000, 0x0000000083600000|100%| O|  |TAMS 0x0000000083600000, 0x0000000083500000| Untracked 
|  54|0x0000000083600000, 0x0000000083700000, 0x0000000083700000|100%| O|  |TAMS 0x0000000083700000, 0x0000000083600000| Untracked 
|  55|0x0000000083700000, 0x0000000083800000, 0x0000000083800000|100%| O|  |TAMS 0x0000000083795a00, 0x0000000083700000| Untracked 
|  56|0x0000000083800000, 0x0000000083900000, 0x0000000083900000|100%| O|  |TAMS 0x0000000083800000, 0x0000000083800000| Untracked 
|  57|0x0000000083900000, 0x0000000083a00000, 0x0000000083a00000|100%| O|  |TAMS 0x0000000083a00000, 0x0000000083900000| Untracked 
|  58|0x0000000083a00000, 0x0000000083b00000, 0x0000000083b00000|100%| O|  |TAMS 0x0000000083a00000, 0x0000000083a00000| Untracked 
|  59|0x0000000083b00000, 0x0000000083b9ae00, 0x0000000083c00000| 60%| O|  |TAMS 0x0000000083b00000, 0x0000000083b00000| Untracked 
|  60|0x0000000083c00000, 0x0000000083c00000, 0x0000000083d00000|  0%| F|  |TAMS 0x0000000083c00000, 0x0000000083c00000| Untracked 
|  61|0x0000000083d00000, 0x0000000083d00000, 0x0000000083e00000|  0%| F|  |TAMS 0x0000000083d00000, 0x0000000083d00000| Untracked 
|  62|0x0000000083e00000, 0x0000000083e00000, 0x0000000083f00000|  0%| F|  |TAMS 0x0000000083e00000, 0x0000000083e00000| Untracked 
|  63|0x0000000083f00000, 0x0000000083f00000, 0x0000000084000000|  0%| F|  |TAMS 0x0000000083f00000, 0x0000000083f00000| Untracked 
|  64|0x0000000084000000, 0x0000000084000000, 0x0000000084100000|  0%| F|  |TAMS 0x0000000084000000, 0x0000000084000000| Untracked 
|  65|0x0000000084100000, 0x0000000084100000, 0x0000000084200000|  0%| F|  |TAMS 0x0000000084100000, 0x0000000084100000| Untracked 
|  66|0x0000000084200000, 0x0000000084200000, 0x0000000084300000|  0%| F|  |TAMS 0x0000000084200000, 0x0000000084200000| Untracked 
|  67|0x0000000084300000, 0x0000000084300000, 0x0000000084400000|  0%| F|  |TAMS 0x0000000084300000, 0x0000000084300000| Untracked 
|  68|0x0000000084400000, 0x0000000084400000, 0x0000000084500000|  0%| F|  |TAMS 0x0000000084400000, 0x0000000084400000| Untracked 
|  69|0x0000000084500000, 0x0000000084500000, 0x0000000084600000|  0%| F|  |TAMS 0x0000000084500000, 0x0000000084500000| Untracked 
|  70|0x0000000084600000, 0x0000000084600000, 0x0000000084700000|  0%| F|  |TAMS 0x0000000084600000, 0x0000000084600000| Untracked 
|  71|0x0000000084700000, 0x0000000084700000, 0x0000000084800000|  0%| F|  |TAMS 0x0000000084700000, 0x0000000084700000| Untracked 
|  72|0x0000000084800000, 0x0000000084800000, 0x0000000084900000|  0%| F|  |TAMS 0x0000000084800000, 0x0000000084800000| Untracked 
|  73|0x0000000084900000, 0x0000000084900000, 0x0000000084a00000|  0%| F|  |TAMS 0x0000000084900000, 0x0000000084900000| Untracked 
|  74|0x0000000084a00000, 0x0000000084a00000, 0x0000000084b00000|  0%| F|  |TAMS 0x0000000084a00000, 0x0000000084a00000| Untracked 
|  75|0x0000000084b00000, 0x0000000084b00000, 0x0000000084c00000|  0%| F|  |TAMS 0x0000000084b00000, 0x0000000084b00000| Untracked 
|  76|0x0000000084c00000, 0x0000000084c00000, 0x0000000084d00000|  0%| F|  |TAMS 0x0000000084c00000, 0x0000000084c00000| Untracked 
|  77|0x0000000084d00000, 0x0000000084d00000, 0x0000000084e00000|  0%| F|  |TAMS 0x0000000084d00000, 0x0000000084d00000| Untracked 
|  78|0x0000000084e00000, 0x0000000084e00000, 0x0000000084f00000|  0%| F|  |TAMS 0x0000000084e00000, 0x0000000084e00000| Untracked 
|  79|0x0000000084f00000, 0x0000000084f00000, 0x0000000085000000|  0%| F|  |TAMS 0x0000000084f00000, 0x0000000084f00000| Untracked 
|  80|0x0000000085000000, 0x0000000085000000, 0x0000000085100000|  0%| F|  |TAMS 0x0000000085000000, 0x0000000085000000| Untracked 
|  81|0x0000000085100000, 0x0000000085100000, 0x0000000085200000|  0%| F|  |TAMS 0x0000000085100000, 0x0000000085100000| Untracked 
|  82|0x0000000085200000, 0x0000000085200000, 0x0000000085300000|  0%| F|  |TAMS 0x0000000085200000, 0x0000000085200000| Untracked 
|  83|0x0000000085300000, 0x0000000085300000, 0x0000000085400000|  0%| F|  |TAMS 0x0000000085300000, 0x0000000085300000| Untracked 
|  84|0x0000000085400000, 0x0000000085400000, 0x0000000085500000|  0%| F|  |TAMS 0x0000000085400000, 0x0000000085400000| Untracked 
|  85|0x0000000085500000, 0x0000000085500000, 0x0000000085600000|  0%| F|  |TAMS 0x0000000085500000, 0x0000000085500000| Untracked 
|  86|0x0000000085600000, 0x0000000085600000, 0x0000000085700000|  0%| F|  |TAMS 0x0000000085600000, 0x0000000085600000| Untracked 
|  87|0x0000000085700000, 0x0000000085700000, 0x0000000085800000|  0%| F|  |TAMS 0x0000000085700000, 0x0000000085700000| Untracked 
|  88|0x0000000085800000, 0x0000000085800000, 0x0000000085900000|  0%| F|  |TAMS 0x0000000085800000, 0x0000000085800000| Untracked 
|  89|0x0000000085900000, 0x0000000085900000, 0x0000000085a00000|  0%| F|  |TAMS 0x0000000085900000, 0x0000000085900000| Untracked 
|  90|0x0000000085a00000, 0x0000000085a00000, 0x0000000085b00000|  0%| F|  |TAMS 0x0000000085a00000, 0x0000000085a00000| Untracked 
|  91|0x0000000085b00000, 0x0000000085b00000, 0x0000000085c00000|  0%| F|  |TAMS 0x0000000085b00000, 0x0000000085b00000| Untracked 
|  92|0x0000000085c00000, 0x0000000085c00000, 0x0000000085d00000|  0%| F|  |TAMS 0x0000000085c00000, 0x0000000085c00000| Untracked 
|  93|0x0000000085d00000, 0x0000000085d00000, 0x0000000085e00000|  0%| F|  |TAMS 0x0000000085d00000, 0x0000000085d00000| Untracked 
|  94|0x0000000085e00000, 0x0000000085e00000, 0x0000000085f00000|  0%| F|  |TAMS 0x0000000085e00000, 0x0000000085e00000| Untracked 
|  95|0x0000000085f00000, 0x0000000085f00000, 0x0000000086000000|  0%| F|  |TAMS 0x0000000085f00000, 0x0000000085f00000| Untracked 
|  96|0x0000000086000000, 0x00000000860299a0, 0x0000000086100000| 16%| S|CS|TAMS 0x0000000086000000, 0x0000000086000000| Complete 
|  97|0x0000000086100000, 0x0000000086200000, 0x0000000086200000|100%| S|CS|TAMS 0x0000000086100000, 0x0000000086100000| Complete 
|  98|0x0000000086200000, 0x0000000086300000, 0x0000000086300000|100%| S|CS|TAMS 0x0000000086200000, 0x0000000086200000| Complete 
|  99|0x0000000086300000, 0x0000000086400000, 0x0000000086400000|100%| S|CS|TAMS 0x0000000086300000, 0x0000000086300000| Complete 
| 100|0x0000000086400000, 0x0000000086500000, 0x0000000086500000|100%| S|CS|TAMS 0x0000000086400000, 0x0000000086400000| Complete 
| 101|0x0000000086500000, 0x0000000086600000, 0x0000000086600000|100%| S|CS|TAMS 0x0000000086500000, 0x0000000086500000| Complete 
| 102|0x0000000086600000, 0x0000000086700000, 0x0000000086700000|100%| S|CS|TAMS 0x0000000086600000, 0x0000000086600000| Complete 
| 103|0x0000000086700000, 0x0000000086700000, 0x0000000086800000|  0%| F|  |TAMS 0x0000000086700000, 0x0000000086700000| Untracked 
| 104|0x0000000086800000, 0x0000000086800000, 0x0000000086900000|  0%| F|  |TAMS 0x0000000086800000, 0x0000000086800000| Untracked 
| 105|0x0000000086900000, 0x0000000086900000, 0x0000000086a00000|  0%| F|  |TAMS 0x0000000086900000, 0x0000000086900000| Untracked 
| 106|0x0000000086a00000, 0x0000000086a00000, 0x0000000086b00000|  0%| F|  |TAMS 0x0000000086a00000, 0x0000000086a00000| Untracked 
| 107|0x0000000086b00000, 0x0000000086b00000, 0x0000000086c00000|  0%| F|  |TAMS 0x0000000086b00000, 0x0000000086b00000| Untracked 
| 108|0x0000000086c00000, 0x0000000086c00000, 0x0000000086d00000|  0%| F|  |TAMS 0x0000000086c00000, 0x0000000086c00000| Untracked 
| 109|0x0000000086d00000, 0x0000000086d00000, 0x0000000086e00000|  0%| F|  |TAMS 0x0000000086d00000, 0x0000000086d00000| Untracked 
| 110|0x0000000086e00000, 0x0000000086e00000, 0x0000000086f00000|  0%| F|  |TAMS 0x0000000086e00000, 0x0000000086e00000| Untracked 
| 111|0x0000000086f00000, 0x0000000086f00000, 0x0000000087000000|  0%| F|  |TAMS 0x0000000086f00000, 0x0000000086f00000| Untracked 
| 112|0x0000000087000000, 0x0000000087000000, 0x0000000087100000|  0%| F|  |TAMS 0x0000000087000000, 0x0000000087000000| Untracked 
| 113|0x0000000087100000, 0x0000000087100000, 0x0000000087200000|  0%| F|  |TAMS 0x0000000087100000, 0x0000000087100000| Untracked 
| 114|0x0000000087200000, 0x0000000087200000, 0x0000000087300000|  0%| F|  |TAMS 0x0000000087200000, 0x0000000087200000| Untracked 
| 115|0x0000000087300000, 0x0000000087300000, 0x0000000087400000|  0%| F|  |TAMS 0x0000000087300000, 0x0000000087300000| Untracked 
| 116|0x0000000087400000, 0x0000000087400000, 0x0000000087500000|  0%| F|  |TAMS 0x0000000087400000, 0x0000000087400000| Untracked 
| 117|0x0000000087500000, 0x0000000087500000, 0x0000000087600000|  0%| F|  |TAMS 0x0000000087500000, 0x0000000087500000| Untracked 
| 118|0x0000000087600000, 0x0000000087600000, 0x0000000087700000|  0%| F|  |TAMS 0x0000000087600000, 0x0000000087600000| Untracked 
| 119|0x0000000087700000, 0x0000000087700000, 0x0000000087800000|  0%| F|  |TAMS 0x0000000087700000, 0x0000000087700000| Untracked 
| 120|0x0000000087800000, 0x0000000087800000, 0x0000000087900000|  0%| F|  |TAMS 0x0000000087800000, 0x0000000087800000| Untracked 
| 121|0x0000000087900000, 0x0000000087900000, 0x0000000087a00000|  0%| F|  |TAMS 0x0000000087900000, 0x0000000087900000| Untracked 
| 122|0x0000000087a00000, 0x0000000087a00000, 0x0000000087b00000|  0%| F|  |TAMS 0x0000000087a00000, 0x0000000087a00000| Untracked 
| 123|0x0000000087b00000, 0x0000000087b00000, 0x0000000087c00000|  0%| F|  |TAMS 0x0000000087b00000, 0x0000000087b00000| Untracked 
| 124|0x0000000087c00000, 0x0000000087c00000, 0x0000000087d00000|  0%| F|  |TAMS 0x0000000087c00000, 0x0000000087c00000| Untracked 
| 125|0x0000000087d00000, 0x0000000087d00000, 0x0000000087e00000|  0%| F|  |TAMS 0x0000000087d00000, 0x0000000087d00000| Untracked 
| 126|0x0000000087e00000, 0x0000000087e00000, 0x0000000087f00000|  0%| F|  |TAMS 0x0000000087e00000, 0x0000000087e00000| Untracked 
| 127|0x0000000087f00000, 0x0000000087f00000, 0x0000000088000000|  0%| F|  |TAMS 0x0000000087f00000, 0x0000000087f00000| Untracked 
| 128|0x0000000088000000, 0x0000000088000000, 0x0000000088100000|  0%| F|  |TAMS 0x0000000088000000, 0x0000000088000000| Untracked 
| 129|0x0000000088100000, 0x0000000088100000, 0x0000000088200000|  0%| F|  |TAMS 0x0000000088100000, 0x0000000088100000| Untracked 
| 130|0x0000000088200000, 0x0000000088200000, 0x0000000088300000|  0%| F|  |TAMS 0x0000000088200000, 0x0000000088200000| Untracked 
| 131|0x0000000088300000, 0x0000000088300000, 0x0000000088400000|  0%| F|  |TAMS 0x0000000088300000, 0x0000000088300000| Untracked 
| 132|0x0000000088400000, 0x0000000088400000, 0x0000000088500000|  0%| F|  |TAMS 0x0000000088400000, 0x0000000088400000| Untracked 
| 133|0x0000000088500000, 0x0000000088500000, 0x0000000088600000|  0%| F|  |TAMS 0x0000000088500000, 0x0000000088500000| Untracked 
| 134|0x0000000088600000, 0x0000000088600000, 0x0000000088700000|  0%| F|  |TAMS 0x0000000088600000, 0x0000000088600000| Untracked 
| 135|0x0000000088700000, 0x0000000088700000, 0x0000000088800000|  0%| F|  |TAMS 0x0000000088700000, 0x0000000088700000| Untracked 
| 136|0x0000000088800000, 0x0000000088800000, 0x0000000088900000|  0%| F|  |TAMS 0x0000000088800000, 0x0000000088800000| Untracked 
| 137|0x0000000088900000, 0x0000000088900000, 0x0000000088a00000|  0%| F|  |TAMS 0x0000000088900000, 0x0000000088900000| Untracked 
| 138|0x0000000088a00000, 0x0000000088a00000, 0x0000000088b00000|  0%| F|  |TAMS 0x0000000088a00000, 0x0000000088a00000| Untracked 
| 139|0x0000000088b00000, 0x0000000088b00000, 0x0000000088c00000|  0%| F|  |TAMS 0x0000000088b00000, 0x0000000088b00000| Untracked 
| 140|0x0000000088c00000, 0x0000000088c00000, 0x0000000088d00000|  0%| F|  |TAMS 0x0000000088c00000, 0x0000000088c00000| Untracked 
| 141|0x0000000088d00000, 0x0000000088d00000, 0x0000000088e00000|  0%| F|  |TAMS 0x0000000088d00000, 0x0000000088d00000| Untracked 
| 142|0x0000000088e00000, 0x0000000088e00000, 0x0000000088f00000|  0%| F|  |TAMS 0x0000000088e00000, 0x0000000088e00000| Untracked 
| 143|0x0000000088f00000, 0x0000000088f00000, 0x0000000089000000|  0%| F|  |TAMS 0x0000000088f00000, 0x0000000088f00000| Untracked 
| 144|0x0000000089000000, 0x0000000089000000, 0x0000000089100000|  0%| F|  |TAMS 0x0000000089000000, 0x0000000089000000| Untracked 
| 145|0x0000000089100000, 0x0000000089100000, 0x0000000089200000|  0%| F|  |TAMS 0x0000000089100000, 0x0000000089100000| Untracked 
| 146|0x0000000089200000, 0x0000000089200000, 0x0000000089300000|  0%| F|  |TAMS 0x0000000089200000, 0x0000000089200000| Untracked 
| 147|0x0000000089300000, 0x0000000089300000, 0x0000000089400000|  0%| F|  |TAMS 0x0000000089300000, 0x0000000089300000| Untracked 
| 148|0x0000000089400000, 0x0000000089400000, 0x0000000089500000|  0%| F|  |TAMS 0x0000000089400000, 0x0000000089400000| Untracked 
| 149|0x0000000089500000, 0x0000000089500000, 0x0000000089600000|  0%| F|  |TAMS 0x0000000089500000, 0x0000000089500000| Untracked 
| 150|0x0000000089600000, 0x0000000089600000, 0x0000000089700000|  0%| F|  |TAMS 0x0000000089600000, 0x0000000089600000| Untracked 
| 151|0x0000000089700000, 0x0000000089700000, 0x0000000089800000|  0%| F|  |TAMS 0x0000000089700000, 0x0000000089700000| Untracked 
| 152|0x0000000089800000, 0x0000000089800000, 0x0000000089900000|  0%| F|  |TAMS 0x0000000089800000, 0x0000000089800000| Untracked 
| 153|0x0000000089900000, 0x0000000089900000, 0x0000000089a00000|  0%| F|  |TAMS 0x0000000089900000, 0x0000000089900000| Untracked 
| 154|0x0000000089a00000, 0x0000000089a00000, 0x0000000089b00000|  0%| F|  |TAMS 0x0000000089a00000, 0x0000000089a00000| Untracked 
| 155|0x0000000089b00000, 0x0000000089b00000, 0x0000000089c00000|  0%| F|  |TAMS 0x0000000089b00000, 0x0000000089b00000| Untracked 
| 156|0x0000000089c00000, 0x0000000089c00000, 0x0000000089d00000|  0%| F|  |TAMS 0x0000000089c00000, 0x0000000089c00000| Untracked 
| 157|0x0000000089d00000, 0x0000000089d00000, 0x0000000089e00000|  0%| F|  |TAMS 0x0000000089d00000, 0x0000000089d00000| Untracked 
| 158|0x0000000089e00000, 0x0000000089e00000, 0x0000000089f00000|  0%| F|  |TAMS 0x0000000089e00000, 0x0000000089e00000| Untracked 
| 159|0x0000000089f00000, 0x0000000089f00000, 0x000000008a000000|  0%| F|  |TAMS 0x0000000089f00000, 0x0000000089f00000| Untracked 
| 160|0x000000008a000000, 0x000000008a000000, 0x000000008a100000|  0%| F|  |TAMS 0x000000008a000000, 0x000000008a000000| Untracked 
| 161|0x000000008a100000, 0x000000008a100000, 0x000000008a200000|  0%| F|  |TAMS 0x000000008a100000, 0x000000008a100000| Untracked 
| 162|0x000000008a200000, 0x000000008a200000, 0x000000008a300000|  0%| F|  |TAMS 0x000000008a200000, 0x000000008a200000| Untracked 
| 163|0x000000008a300000, 0x000000008a300000, 0x000000008a400000|  0%| F|  |TAMS 0x000000008a300000, 0x000000008a300000| Untracked 
| 164|0x000000008a400000, 0x000000008a400000, 0x000000008a500000|  0%| F|  |TAMS 0x000000008a400000, 0x000000008a400000| Untracked 
| 165|0x000000008a500000, 0x000000008a500000, 0x000000008a600000|  0%| F|  |TAMS 0x000000008a500000, 0x000000008a500000| Untracked 
| 166|0x000000008a600000, 0x000000008a600000, 0x000000008a700000|  0%| F|  |TAMS 0x000000008a600000, 0x000000008a600000| Untracked 
| 167|0x000000008a700000, 0x000000008a700000, 0x000000008a800000|  0%| F|  |TAMS 0x000000008a700000, 0x000000008a700000| Untracked 
| 168|0x000000008a800000, 0x000000008a800000, 0x000000008a900000|  0%| F|  |TAMS 0x000000008a800000, 0x000000008a800000| Untracked 
| 169|0x000000008a900000, 0x000000008a900000, 0x000000008aa00000|  0%| F|  |TAMS 0x000000008a900000, 0x000000008a900000| Untracked 
| 170|0x000000008aa00000, 0x000000008aa00000, 0x000000008ab00000|  0%| F|  |TAMS 0x000000008aa00000, 0x000000008aa00000| Untracked 
| 171|0x000000008ab00000, 0x000000008ab00000, 0x000000008ac00000|  0%| F|  |TAMS 0x000000008ab00000, 0x000000008ab00000| Untracked 
| 172|0x000000008ac00000, 0x000000008ac00000, 0x000000008ad00000|  0%| F|  |TAMS 0x000000008ac00000, 0x000000008ac00000| Untracked 
| 173|0x000000008ad00000, 0x000000008ad00000, 0x000000008ae00000|  0%| F|  |TAMS 0x000000008ad00000, 0x000000008ad00000| Untracked 
| 174|0x000000008ae00000, 0x000000008ae00000, 0x000000008af00000|  0%| F|  |TAMS 0x000000008ae00000, 0x000000008ae00000| Untracked 
| 175|0x000000008af00000, 0x000000008af00000, 0x000000008b000000|  0%| F|  |TAMS 0x000000008af00000, 0x000000008af00000| Untracked 
| 176|0x000000008b000000, 0x000000008b000000, 0x000000008b100000|  0%| F|  |TAMS 0x000000008b000000, 0x000000008b000000| Untracked 
| 177|0x000000008b100000, 0x000000008b100000, 0x000000008b200000|  0%| F|  |TAMS 0x000000008b100000, 0x000000008b100000| Untracked 
| 178|0x000000008b200000, 0x000000008b200000, 0x000000008b300000|  0%| F|  |TAMS 0x000000008b200000, 0x000000008b200000| Untracked 
| 179|0x000000008b300000, 0x000000008b300000, 0x000000008b400000|  0%| F|  |TAMS 0x000000008b300000, 0x000000008b300000| Untracked 
| 180|0x000000008b400000, 0x000000008b400000, 0x000000008b500000|  0%| F|  |TAMS 0x000000008b400000, 0x000000008b400000| Untracked 
| 181|0x000000008b500000, 0x000000008b500000, 0x000000008b600000|  0%| F|  |TAMS 0x000000008b500000, 0x000000008b500000| Untracked 
| 182|0x000000008b600000, 0x000000008b600000, 0x000000008b700000|  0%| F|  |TAMS 0x000000008b600000, 0x000000008b600000| Untracked 
| 183|0x000000008b700000, 0x000000008b700000, 0x000000008b800000|  0%| F|  |TAMS 0x000000008b700000, 0x000000008b700000| Untracked 
| 184|0x000000008b800000, 0x000000008b800000, 0x000000008b900000|  0%| F|  |TAMS 0x000000008b800000, 0x000000008b800000| Untracked 
| 185|0x000000008b900000, 0x000000008b900000, 0x000000008ba00000|  0%| F|  |TAMS 0x000000008b900000, 0x000000008b900000| Untracked 
| 186|0x000000008ba00000, 0x000000008ba00000, 0x000000008bb00000|  0%| F|  |TAMS 0x000000008ba00000, 0x000000008ba00000| Untracked 
| 187|0x000000008bb00000, 0x000000008bb00000, 0x000000008bc00000|  0%| F|  |TAMS 0x000000008bb00000, 0x000000008bb00000| Untracked 
| 188|0x000000008bc00000, 0x000000008bc00000, 0x000000008bd00000|  0%| F|  |TAMS 0x000000008bc00000, 0x000000008bc00000| Untracked 
| 189|0x000000008bd00000, 0x000000008be00000, 0x000000008be00000|100%| E|  |TAMS 0x000000008bd00000, 0x000000008bd00000| Complete 
| 190|0x000000008be00000, 0x000000008bf00000, 0x000000008bf00000|100%| E|CS|TAMS 0x000000008be00000, 0x000000008be00000| Complete 
| 191|0x000000008bf00000, 0x000000008c000000, 0x000000008c000000|100%| E|CS|TAMS 0x000000008bf00000, 0x000000008bf00000| Complete 
| 192|0x000000008c000000, 0x000000008c100000, 0x000000008c100000|100%| E|CS|TAMS 0x000000008c000000, 0x000000008c000000| Complete 
| 193|0x000000008c100000, 0x000000008c200000, 0x000000008c200000|100%| E|CS|TAMS 0x000000008c100000, 0x000000008c100000| Complete 
| 194|0x000000008c200000, 0x000000008c300000, 0x000000008c300000|100%| E|CS|TAMS 0x000000008c200000, 0x000000008c200000| Complete 
| 195|0x000000008c300000, 0x000000008c400000, 0x000000008c400000|100%| E|CS|TAMS 0x000000008c300000, 0x000000008c300000| Complete 
| 196|0x000000008c400000, 0x000000008c500000, 0x000000008c500000|100%| E|CS|TAMS 0x000000008c400000, 0x000000008c400000| Complete 
| 197|0x000000008c500000, 0x000000008c600000, 0x000000008c600000|100%| E|CS|TAMS 0x000000008c500000, 0x000000008c500000| Complete 
| 198|0x000000008c600000, 0x000000008c700000, 0x000000008c700000|100%| E|CS|TAMS 0x000000008c600000, 0x000000008c600000| Complete 
| 199|0x000000008c700000, 0x000000008c800000, 0x000000008c800000|100%| E|CS|TAMS 0x000000008c700000, 0x000000008c700000| Complete 
| 200|0x000000008c800000, 0x000000008c900000, 0x000000008c900000|100%| E|CS|TAMS 0x000000008c800000, 0x000000008c800000| Complete 
| 201|0x000000008c900000, 0x000000008ca00000, 0x000000008ca00000|100%| E|CS|TAMS 0x000000008c900000, 0x000000008c900000| Complete 
| 202|0x000000008ca00000, 0x000000008cb00000, 0x000000008cb00000|100%| E|CS|TAMS 0x000000008ca00000, 0x000000008ca00000| Complete 
| 203|0x000000008cb00000, 0x000000008cc00000, 0x000000008cc00000|100%| E|CS|TAMS 0x000000008cb00000, 0x000000008cb00000| Complete 
| 204|0x000000008cc00000, 0x000000008cd00000, 0x000000008cd00000|100%| E|CS|TAMS 0x000000008cc00000, 0x000000008cc00000| Complete 
| 205|0x000000008cd00000, 0x000000008ce00000, 0x000000008ce00000|100%| E|CS|TAMS 0x000000008cd00000, 0x000000008cd00000| Complete 
| 206|0x000000008ce00000, 0x000000008cf00000, 0x000000008cf00000|100%| E|CS|TAMS 0x000000008ce00000, 0x000000008ce00000| Complete 
| 207|0x000000008cf00000, 0x000000008d000000, 0x000000008d000000|100%| E|CS|TAMS 0x000000008cf00000, 0x000000008cf00000| Complete 
| 208|0x000000008d000000, 0x000000008d100000, 0x000000008d100000|100%| E|CS|TAMS 0x000000008d000000, 0x000000008d000000| Complete 
| 253|0x000000008fd00000, 0x000000008fe00000, 0x000000008fe00000|100%| E|CS|TAMS 0x000000008fd00000, 0x000000008fd00000| Complete 

Card table byte_map: [0x0000019d27ab0000,0x0000019d27eb0000] _byte_map_base: 0x0000019d276b0000

Marking Bits (Prev, Next): (CMBitMap*) 0x0000019d1524cf00, (CMBitMap*) 0x0000019d1524cf40
 Prev Bits: [0x0000019d282b0000, 0x0000019d2a2b0000)
 Next Bits: [0x0000019d2a2b0000, 0x0000019d2c2b0000)

Polling page: 0x0000019d130c0000

Metaspace:

Usage:
  Non-class:     64.89 MB used.
      Class:     10.15 MB used.
       Both:     75.04 MB used.

Virtual space:
  Non-class space:       72.00 MB reserved,      65.25 MB ( 91%) committed,  9 nodes.
      Class space:        1.00 GB reserved,      10.44 MB (  1%) committed,  1 nodes.
             Both:        1.07 GB reserved,      75.69 MB (  7%) committed. 

Chunk freelists:
   Non-Class:  2.64 MB
       Class:  1.41 MB
        Both:  4.05 MB

MaxMetaspaceSize: unlimited
CompressedClassSpaceSize: 1.00 GB
Initial GC threshold: 21.00 MB
Current GC threshold: 112.19 MB
CDS: off
MetaspaceReclaimPolicy: balanced
 - commit_granule_bytes: 65536.
 - commit_granule_words: 8192.
 - virtual_space_node_default_size: 1048576.
 - enlarge_chunks_in_place: 1.
 - new_chunks_are_fully_committed: 0.
 - uncommit_free_chunks: 1.
 - use_allocation_guard: 0.
 - handle_deallocations: 1.


Internal statistics:

num_allocs_failed_limit: 6.
num_arena_births: 680.
num_arena_deaths: 0.
num_vsnodes_births: 10.
num_vsnodes_deaths: 0.
num_space_committed: 1211.
num_space_uncommitted: 0.
num_chunks_returned_to_freelist: 6.
num_chunks_taken_from_freelist: 3303.
num_chunk_merges: 3.
num_chunk_splits: 2213.
num_chunks_enlarged: 1529.
num_purges: 0.
num_inconsistent_stats: 0.

CodeHeap 'non-profiled nmethods': size=120000Kb used=4239Kb max_used=4239Kb free=115760Kb
 bounds [0x0000019d20180000, 0x0000019d205b0000, 0x0000019d276b0000]
CodeHeap 'profiled nmethods': size=120000Kb used=13074Kb max_used=13074Kb free=106925Kb
 bounds [0x0000019d186b0000, 0x0000019d19380000, 0x0000019d1fbe0000]
CodeHeap 'non-nmethods': size=5760Kb used=2364Kb max_used=2465Kb free=3395Kb
 bounds [0x0000019d1fbe0000, 0x0000019d1fe80000, 0x0000019d20180000]
 total_blobs=7675 nmethods=6785 adapters=802
 compilation: enabled
              stopped_count=0, restarted_count=0
 full_count=0

Compilation events (20 events):
Event: 10.711 Thread 0x0000019d2f09f2b0 nmethod 7569 0x0000019d19360590 code [0x0000019d19360920, 0x0000019d19362378]
Event: 10.713 Thread 0x0000019d2f09f2b0 7572       3       org.gradle.internal.instantiation.generator.AsmBackedClassGenerator$ClassBuilderImpl::access$5000 (4 bytes)
Event: 10.713 Thread 0x0000019d2f09f2b0 nmethod 7572 0x0000019d19362b90 code [0x0000019d19362d20, 0x0000019d19362e18]
Event: 10.715 Thread 0x0000019d2f09f2b0 7573       3       com.google.common.collect.AbstractSetMultimap::<init> (6 bytes)
Event: 10.715 Thread 0x0000019d2f09f2b0 nmethod 7573 0x0000019d19362e90 code [0x0000019d19363060, 0x0000019d193634f8]
Event: 10.716 Thread 0x0000019d2f09f2b0 7574       3       com.google.common.collect.SingletonImmutableBiMap::get (20 bytes)
Event: 10.716 Thread 0x0000019d2f09f2b0 nmethod 7574 0x0000019d19363690 code [0x0000019d19363840, 0x0000019d19363a88]
Event: 10.716 Thread 0x0000019d2f09f2b0 7575       3       java.util.regex.Matcher::replaceAll (59 bytes)
Event: 10.717 Thread 0x0000019d2f09f2b0 nmethod 7575 0x0000019d19363b90 code [0x0000019d19363e00, 0x0000019d19364758]
Event: 10.717 Thread 0x0000019d2f09f2b0 7576       3       org.gradle.internal.instantiation.generator.AsmBackedClassGenerator$ClassBuilderImpl::visitArrayElements (227 bytes)
Event: 10.718 Thread 0x0000019d2f09f2b0 nmethod 7576 0x0000019d19364a90 code [0x0000019d19364dc0, 0x0000019d19365e68]
Event: 10.744 Thread 0x0000019d3567cf20 nmethod 7553 0x0000019d2059d690 code [0x0000019d2059d940, 0x0000019d2059fbe0]
Event: 10.744 Thread 0x0000019d3567cf20 7561       4       jdk.internal.org.objectweb.asm.Type::getArgumentsAndReturnSizes (140 bytes)
Event: 10.754 Thread 0x0000019d3567cf20 nmethod 7561 0x0000019d205a0b90 code [0x0000019d205a0d20, 0x0000019d205a12d8]
Event: 10.754 Thread 0x0000019d3567cf20 7568       4       java.util.WeakHashMap::put (160 bytes)
Event: 10.758 Thread 0x0000019d2f09f2b0 7577       3       org.gradle.api.internal.provider.AbstractProperty::attachOwner (6 bytes)
Event: 10.758 Thread 0x0000019d2f09f2b0 nmethod 7577 0x0000019d19366590 code [0x0000019d19366720, 0x0000019d19366878]
Event: 10.758 Thread 0x0000019d2f09f2b0 7578       3       com.google.common.collect.ImmutableSet$RegularSetBuilderImpl::review (86 bytes)
Event: 10.759 Thread 0x0000019d2f09f2b0 nmethod 7578 0x0000019d19366910 code [0x0000019d19366b40, 0x0000019d19367008]
Event: 10.759 Thread 0x0000019d2f09f2b0 7579       3       com.google.common.collect.ImmutableSet$RegularSetBuilderImpl::build (110 bytes)

GC Heap History (20 events):
Event: 6.148 GC heap before
{Heap before GC invocations=18 (full 0):
 garbage-first heap   total 89088K, used 68977K [0x0000000080000000, 0x0000000100000000)
  region size 1024K, 20 young (20480K), 2 survivors (2048K)
 Metaspace       used 55700K, committed 56192K, reserved 1105920K
  class space    used 7428K, committed 7616K, reserved 1048576K
}
Event: 6.150 GC heap after
{Heap after GC invocations=19 (full 0):
 garbage-first heap   total 107520K, used 51097K [0x0000000080000000, 0x0000000100000000)
  region size 1024K, 1 young (1024K), 1 survivors (1024K)
 Metaspace       used 55700K, committed 56192K, reserved 1105920K
  class space    used 7428K, committed 7616K, reserved 1048576K
}
Event: 6.462 GC heap before
{Heap before GC invocations=20 (full 0):
 garbage-first heap   total 107520K, used 80793K [0x0000000080000000, 0x0000000100000000)
  region size 1024K, 30 young (30720K), 1 survivors (1024K)
 Metaspace       used 59159K, committed 59648K, reserved 1105920K
  class space    used 7833K, committed 8064K, reserved 1048576K
}
Event: 6.465 GC heap after
{Heap after GC invocations=21 (full 0):
 garbage-first heap   total 107520K, used 51705K [0x0000000080000000, 0x0000000100000000)
  region size 1024K, 2 young (2048K), 2 survivors (2048K)
 Metaspace       used 59159K, committed 59648K, reserved 1105920K
  class space    used 7833K, committed 8064K, reserved 1048576K
}
Event: 6.502 GC heap before
{Heap before GC invocations=21 (full 0):
 garbage-first heap   total 107520K, used 53753K [0x0000000080000000, 0x0000000100000000)
  region size 1024K, 5 young (5120K), 2 survivors (2048K)
 Metaspace       used 59397K, committed 59904K, reserved 1105920K
  class space    used 7850K, committed 8064K, reserved 1048576K
}
Event: 6.505 GC heap after
{Heap after GC invocations=22 (full 0):
 garbage-first heap   total 107520K, used 51723K [0x0000000080000000, 0x0000000100000000)
  region size 1024K, 1 young (1024K), 1 survivors (1024K)
 Metaspace       used 59397K, committed 59904K, reserved 1105920K
  class space    used 7850K, committed 8064K, reserved 1048576K
}
Event: 6.989 GC heap before
{Heap before GC invocations=22 (full 0):
 garbage-first heap   total 107520K, used 82443K [0x0000000080000000, 0x0000000100000000)
  region size 1024K, 31 young (31744K), 1 survivors (1024K)
 Metaspace       used 63542K, committed 64000K, reserved 1105920K
  class space    used 8419K, committed 8640K, reserved 1048576K
}
Event: 6.993 GC heap after
{Heap after GC invocations=23 (full 0):
 garbage-first heap   total 107520K, used 53128K [0x0000000080000000, 0x0000000100000000)
  region size 1024K, 2 young (2048K), 2 survivors (2048K)
 Metaspace       used 63542K, committed 64000K, reserved 1105920K
  class space    used 8419K, committed 8640K, reserved 1048576K
}
Event: 7.381 GC heap before
{Heap before GC invocations=24 (full 0):
 garbage-first heap   total 107520K, used 91016K [0x0000000080000000, 0x0000000100000000)
  region size 1024K, 33 young (33792K), 2 survivors (2048K)
 Metaspace       used 66049K, committed 66560K, reserved 1114112K
  class space    used 8729K, committed 8960K, reserved 1048576K
}
Event: 7.384 GC heap after
{Heap after GC invocations=25 (full 0):
 garbage-first heap   total 107520K, used 57834K [0x0000000080000000, 0x0000000100000000)
  region size 1024K, 5 young (5120K), 5 survivors (5120K)
 Metaspace       used 66049K, committed 66560K, reserved 1114112K
  class space    used 8729K, committed 8960K, reserved 1048576K
}
Event: 7.399 GC heap before
{Heap before GC invocations=25 (full 0):
 garbage-first heap   total 107520K, used 58858K [0x0000000080000000, 0x0000000100000000)
  region size 1024K, 6 young (6144K), 5 survivors (5120K)
 Metaspace       used 66179K, committed 66688K, reserved 1114112K
  class space    used 8741K, committed 8960K, reserved 1048576K
}
Event: 7.404 GC heap after
{Heap after GC invocations=26 (full 0):
 garbage-first heap   total 107520K, used 57502K [0x0000000080000000, 0x0000000100000000)
  region size 1024K, 1 young (1024K), 1 survivors (1024K)
 Metaspace       used 66179K, committed 66688K, reserved 1114112K
  class space    used 8741K, committed 8960K, reserved 1048576K
}
Event: 7.719 GC heap before
{Heap before GC invocations=26 (full 0):
 garbage-first heap   total 107520K, used 84126K [0x0000000080000000, 0x0000000100000000)
  region size 1024K, 27 young (27648K), 1 survivors (1024K)
 Metaspace       used 68186K, committed 68736K, reserved 1114112K
  class space    used 9016K, committed 9216K, reserved 1048576K
}
Event: 7.721 GC heap after
{Heap after GC invocations=27 (full 0):
 garbage-first heap   total 107520K, used 58697K [0x0000000080000000, 0x0000000100000000)
  region size 1024K, 2 young (2048K), 2 survivors (2048K)
 Metaspace       used 68186K, committed 68736K, reserved 1114112K
  class space    used 9016K, committed 9216K, reserved 1048576K
}
Event: 8.084 GC heap before
{Heap before GC invocations=28 (full 0):
 garbage-first heap   total 107520K, used 86345K [0x0000000080000000, 0x0000000100000000)
  region size 1024K, 29 young (29696K), 2 survivors (2048K)
 Metaspace       used 69560K, committed 70080K, reserved 1114112K
  class space    used 9215K, committed 9472K, reserved 1048576K
}
Event: 8.088 GC heap after
{Heap after GC invocations=29 (full 0):
 garbage-first heap   total 107520K, used 60383K [0x0000000080000000, 0x0000000100000000)
  region size 1024K, 4 young (4096K), 4 survivors (4096K)
 Metaspace       used 69560K, committed 70080K, reserved 1114112K
  class space    used 9215K, committed 9472K, reserved 1048576K
}
Event: 8.100 GC heap before
{Heap before GC invocations=29 (full 0):
 garbage-first heap   total 107520K, used 61407K [0x0000000080000000, 0x0000000100000000)
  region size 1024K, 5 young (5120K), 4 survivors (4096K)
 Metaspace       used 69577K, committed 70144K, reserved 1114112K
  class space    used 9217K, committed 9472K, reserved 1048576K
}
Event: 8.103 GC heap after
{Heap after GC invocations=30 (full 0):
 garbage-first heap   total 215040K, used 60570K [0x0000000080000000, 0x0000000100000000)
  region size 1024K, 1 young (1024K), 1 survivors (1024K)
 Metaspace       used 69577K, committed 70144K, reserved 1114112K
  class space    used 9217K, committed 9472K, reserved 1048576K
}
Event: 10.381 GC heap before
{Heap before GC invocations=30 (full 0):
 garbage-first heap   total 215040K, used 169114K [0x0000000080000000, 0x0000000100000000)
  region size 1024K, 107 young (109568K), 1 survivors (1024K)
 Metaspace       used 75155K, committed 75776K, reserved 1114112K
  class space    used 10128K, committed 10432K, reserved 1048576K
}
Event: 10.389 GC heap after
{Heap after GC invocations=31 (full 0):
 garbage-first heap   total 215040K, used 66321K [0x0000000080000000, 0x0000000100000000)
  region size 1024K, 7 young (7168K), 7 survivors (7168K)
 Metaspace       used 75155K, committed 75776K, reserved 1114112K
  class space    used 10128K, committed 10432K, reserved 1048576K
}

Dll operation events (3 events):
Event: 0.009 Loaded shared library C:\Program Files\Android\Android Studio2\jbr\bin\java.dll
Event: 0.139 Loaded shared library C:\Program Files\Android\Android Studio2\jbr\bin\zip.dll
Event: 0.417 Loaded shared library C:\Program Files\Android\Android Studio2\jbr\bin\verify.dll

Deoptimization events (20 events):
Event: 9.793 Thread 0x0000019d303b30d0 Uncommon trap: trap_request=0xffffff45 fr.pc=0x0000019d201c6c60 relative=0x00000000000004c0
Event: 9.793 Thread 0x0000019d303b30d0 Uncommon trap: reason=unstable_if action=reinterpret pc=0x0000019d201c6c60 method=java.lang.AbstractStringBuilder.putStringAt(ILjava/lang/String;II)V @ 8 c2
Event: 9.793 Thread 0x0000019d303b30d0 DEOPT PACKING pc=0x0000019d201c6c60 sp=0x0000008b874f73f0
Event: 9.793 Thread 0x0000019d303b30d0 DEOPT UNPACKING pc=0x0000019d1fc369a3 sp=0x0000008b874f72d0 mode 2
Event: 9.793 Thread 0x0000019d303b30d0 Uncommon trap: trap_request=0xffffff45 fr.pc=0x0000019d201bb1d4 relative=0x0000000000000134
Event: 9.793 Thread 0x0000019d303b30d0 Uncommon trap: reason=unstable_if action=reinterpret pc=0x0000019d201bb1d4 method=java.lang.AbstractStringBuilder.putStringAt(ILjava/lang/String;II)V @ 8 c2
Event: 9.793 Thread 0x0000019d303b30d0 DEOPT PACKING pc=0x0000019d201bb1d4 sp=0x0000008b874f7370
Event: 9.793 Thread 0x0000019d303b30d0 DEOPT UNPACKING pc=0x0000019d1fc369a3 sp=0x0000008b874f72b8 mode 2
Event: 10.661 Thread 0x0000019d303b30d0 Uncommon trap: trap_request=0xffffffde fr.pc=0x0000019d2049f534 relative=0x00000000000004b4
Event: 10.661 Thread 0x0000019d303b30d0 Uncommon trap: reason=class_check action=maybe_recompile pc=0x0000019d2049f534 method=org.gradle.internal.instantiation.generator.AbstractClassGenerator$InjectionAnnotationValidator.validateMethod(Ljava/lang/reflect/Method;Lorg/gradle/internal/reflect/Pro
Event: 10.661 Thread 0x0000019d303b30d0 DEOPT PACKING pc=0x0000019d2049f534 sp=0x0000008b874f8230
Event: 10.661 Thread 0x0000019d303b30d0 DEOPT UNPACKING pc=0x0000019d1fc369a3 sp=0x0000008b874f81d8 mode 2
Event: 10.665 Thread 0x0000019d303b30d0 Uncommon trap: trap_request=0xffffffde fr.pc=0x0000019d2049f534 relative=0x00000000000004b4
Event: 10.665 Thread 0x0000019d303b30d0 Uncommon trap: reason=class_check action=maybe_recompile pc=0x0000019d2049f534 method=org.gradle.internal.instantiation.generator.AbstractClassGenerator$InjectionAnnotationValidator.validateMethod(Ljava/lang/reflect/Method;Lorg/gradle/internal/reflect/Pro
Event: 10.665 Thread 0x0000019d303b30d0 DEOPT PACKING pc=0x0000019d2049f534 sp=0x0000008b874f81a0
Event: 10.665 Thread 0x0000019d303b30d0 DEOPT UNPACKING pc=0x0000019d1fc369a3 sp=0x0000008b874f8148 mode 2
Event: 10.675 Thread 0x0000019d303b30d0 Uncommon trap: trap_request=0xffffffde fr.pc=0x0000019d2049f534 relative=0x00000000000004b4
Event: 10.675 Thread 0x0000019d303b30d0 Uncommon trap: reason=class_check action=maybe_recompile pc=0x0000019d2049f534 method=org.gradle.internal.instantiation.generator.AbstractClassGenerator$InjectionAnnotationValidator.validateMethod(Ljava/lang/reflect/Method;Lorg/gradle/internal/reflect/Pro
Event: 10.675 Thread 0x0000019d303b30d0 DEOPT PACKING pc=0x0000019d2049f534 sp=0x0000008b874f8330
Event: 10.675 Thread 0x0000019d303b30d0 DEOPT UNPACKING pc=0x0000019d1fc369a3 sp=0x0000008b874f82d8 mode 2

Classes unloaded (0 events):
No events

Classes redefined (0 events):
No events

Internal exceptions (20 events):
Event: 8.651 Thread 0x0000019d303b30d0 Exception <a 'java/lang/ClassNotFoundException'{0x000000008aa9f1d0}: com/android/build/gradle/internal/CompileOptions$AgpDecoratedBeanInfo> (0x000000008aa9f1d0) 
thrown [s\src\hotspot\share\classfile\systemDictionary.cpp, line 256]
Event: 8.651 Thread 0x0000019d303b30d0 Exception <a 'java/lang/ClassNotFoundException'{0x000000008aaab788}: com/android/build/gradle/internal/CompileOptionsBeanInfo> (0x000000008aaab788) 
thrown [s\src\hotspot\share\classfile\systemDictionary.cpp, line 256]
Event: 8.651 Thread 0x0000019d303b30d0 Exception <a 'java/lang/ClassNotFoundException'{0x000000008aab7d48}: com/android/build/gradle/internal/CompileOptionsCustomizer> (0x000000008aab7d48) 
thrown [s\src\hotspot\share\classfile\systemDictionary.cpp, line 256]
Event: 8.652 Thread 0x0000019d303b30d0 Exception <a 'java/lang/ClassNotFoundException'{0x000000008aacf6e8}: com/android/build/gradle/internal/CompileOptions$AgpDecoratedCustomizer> (0x000000008aacf6e8) 
thrown [s\src\hotspot\share\classfile\systemDictionary.cpp, line 256]
Event: 8.653 Thread 0x0000019d303b30d0 Exception <a 'java/lang/ClassNotFoundException'{0x000000008aadf508}: com/android/build/gradle/internal/CompileOptions$AgpDecorated_DecoratedCustomizer> (0x000000008aadf508) 
thrown [s\src\hotspot\share\classfile\systemDictionary.cpp, line 256]
Event: 8.663 Thread 0x0000019d303b30d0 Exception <a 'java/lang/ClassNotFoundException'{0x000000008a9b9cd8}: com/android/build/gradle/internal/dsl/LintImpl$AgpDecorated_DecoratedBeanInfo> (0x000000008a9b9cd8) 
thrown [s\src\hotspot\share\classfile\systemDictionary.cpp, line 256]
Event: 8.664 Thread 0x0000019d303b30d0 Exception <a 'java/lang/ClassNotFoundException'{0x000000008a9c63e8}: com/android/build/gradle/internal/dsl/LintImpl$AgpDecoratedBeanInfo> (0x000000008a9c63e8) 
thrown [s\src\hotspot\share\classfile\systemDictionary.cpp, line 256]
Event: 8.665 Thread 0x0000019d303b30d0 Exception <a 'java/lang/ClassNotFoundException'{0x000000008a9d2920}: com/android/build/gradle/internal/dsl/LintImplBeanInfo> (0x000000008a9d2920) 
thrown [s\src\hotspot\share\classfile\systemDictionary.cpp, line 256]
Event: 8.665 Thread 0x0000019d303b30d0 Exception <a 'java/lang/ClassNotFoundException'{0x000000008a9dee90}: com/android/build/gradle/internal/dsl/LintImplCustomizer> (0x000000008a9dee90) 
thrown [s\src\hotspot\share\classfile\systemDictionary.cpp, line 256]
Event: 8.669 Thread 0x0000019d303b30d0 Exception <a 'java/lang/ClassNotFoundException'{0x000000008a828630}: com/android/build/gradle/internal/dsl/LintImpl$AgpDecoratedCustomizer> (0x000000008a828630) 
thrown [s\src\hotspot\share\classfile\systemDictionary.cpp, line 256]
Event: 8.671 Thread 0x0000019d303b30d0 Exception <a 'java/lang/ClassNotFoundException'{0x000000008a8858b0}: com/android/build/gradle/internal/dsl/LintImpl$AgpDecorated_DecoratedCustomizer> (0x000000008a8858b0) 
thrown [s\src\hotspot\share\classfile\systemDictionary.cpp, line 256]
Event: 8.688 Thread 0x0000019d303b30d0 Exception <a 'java/lang/ClassNotFoundException'{0x000000008a694858}: org/gradle/api/internal/file/collections/DefaultConfigurableFileTreeBeanInfo> (0x000000008a694858) 
thrown [s\src\hotspot\share\classfile\systemDictionary.cpp, line 256]
Event: 8.689 Thread 0x0000019d303b30d0 Exception <a 'java/lang/ClassNotFoundException'{0x000000008a6a8c70}: org/gradle/api/internal/file/CompositeFileTreeBeanInfo> (0x000000008a6a8c70) 
thrown [s\src\hotspot\share\classfile\systemDictionary.cpp, line 256]
Event: 8.689 Thread 0x0000019d303b30d0 Exception <a 'java/lang/ClassNotFoundException'{0x000000008a6bdcc0}: org/gradle/api/internal/file/CompositeFileCollectionBeanInfo> (0x000000008a6bdcc0) 
thrown [s\src\hotspot\share\classfile\systemDictionary.cpp, line 256]
Event: 8.690 Thread 0x0000019d303b30d0 Exception <a 'java/lang/ClassNotFoundException'{0x000000008a6d3260}: org/gradle/api/internal/file/AbstractFileCollectionBeanInfo> (0x000000008a6d3260) 
thrown [s\src\hotspot\share\classfile\systemDictionary.cpp, line 256]
Event: 8.691 Thread 0x0000019d303b30d0 Exception <a 'java/lang/ClassNotFoundException'{0x000000008a6e8280}: org/gradle/api/internal/file/AbstractFileCollectionCustomizer> (0x000000008a6e8280) 
thrown [s\src\hotspot\share\classfile\systemDictionary.cpp, line 256]
Event: 8.692 Thread 0x0000019d303b30d0 Exception <a 'java/lang/ClassNotFoundException'{0x000000008a50f0b8}: org/gradle/api/internal/file/CompositeFileCollectionCustomizer> (0x000000008a50f0b8) 
thrown [s\src\hotspot\share\classfile\systemDictionary.cpp, line 256]
Event: 8.692 Thread 0x0000019d303b30d0 Exception <a 'java/lang/ClassNotFoundException'{0x000000008a52bec0}: org/gradle/api/internal/file/CompositeFileTreeCustomizer> (0x000000008a52bec0) 
thrown [s\src\hotspot\share\classfile\systemDictionary.cpp, line 256]
Event: 8.693 Thread 0x0000019d303b30d0 Exception <a 'java/lang/ClassNotFoundException'{0x000000008a54c980}: org/gradle/api/internal/file/collections/DefaultConfigurableFileTreeCustomizer> (0x000000008a54c980) 
thrown [s\src\hotspot\share\classfile\systemDictionary.cpp, line 256]
Event: 10.585 Thread 0x0000019d303b30d0 Exception <a 'java/lang/NoSuchMethodError'{0x000000008c83d988}: 'int java.lang.invoke.DirectMethodHandle$Holder.invokeSpecialIFC(java.lang.Object, java.lang.Object, java.lang.Object, java.lang.Object, java.lang.Object)'> (0x000000008c83d988) 
thrown [s\src\hotspot\share\interpreter\linkResolver.cpp, line 771]

VM Operations (20 events):
Event: 7.784 Executing VM operation: G1Concurrent
Event: 7.788 Executing VM operation: G1Concurrent done
Event: 7.819 Executing VM operation: G1Concurrent
Event: 7.819 Executing VM operation: G1Concurrent done
Event: 8.006 Executing VM operation: HandshakeAllThreads
Event: 8.006 Executing VM operation: HandshakeAllThreads done
Event: 8.084 Executing VM operation: G1CollectForAllocation
Event: 8.088 Executing VM operation: G1CollectForAllocation done
Event: 8.099 Executing VM operation: G1CollectForAllocation
Event: 8.103 Executing VM operation: G1CollectForAllocation done
Event: 8.849 Executing VM operation: HandshakeAllThreads
Event: 8.849 Executing VM operation: HandshakeAllThreads done
Event: 9.276 Executing VM operation: ICBufferFull
Event: 9.276 Executing VM operation: ICBufferFull done
Event: 10.278 Executing VM operation: Cleanup
Event: 10.278 Executing VM operation: Cleanup done
Event: 10.381 Executing VM operation: G1CollectForAllocation
Event: 10.389 Executing VM operation: G1CollectForAllocation done
Event: 10.611 Executing VM operation: HandshakeAllThreads
Event: 10.611 Executing VM operation: HandshakeAllThreads done

Events (20 events):
Event: 8.081 loading class java/lang/BooleanBeanInfo done
Event: 8.081 loading class java/lang/BooleanBeanInfo
Event: 8.081 loading class java/lang/BooleanBeanInfo done
Event: 8.081 loading class java/lang/BooleanCustomizer
Event: 8.081 loading class java/lang/BooleanCustomizer done
Event: 8.081 loading class java/lang/BooleanCustomizer
Event: 8.081 loading class java/lang/BooleanCustomizer done
Event: 8.081 loading class jdk/internal/ValueBased
Event: 8.081 loading class jdk/internal/ValueBased done
Event: 8.421 loading class java/beans/IntrospectionException
Event: 8.421 loading class java/beans/IntrospectionException done
Event: 9.669 loading class sun/reflect/generics/repository/FieldRepository
Event: 9.669 loading class sun/reflect/generics/repository/FieldRepository done
Event: 9.793 loading class java/util/regex/Pattern$Caret
Event: 9.793 loading class java/util/regex/Pattern$Caret done
Event: 10.027 Thread 0x0000019d2f6aff20 Thread exited: 0x0000019d2f6aff20
Event: 10.457 Thread 0x0000019d3567cf20 Thread added: 0x0000019d3567cf20
Event: 10.613 Thread 0x0000019d2f0a1fb0 flushing nmethod 0x0000019d188c8e90
Event: 10.613 Thread 0x0000019d2f0a1fb0 flushing nmethod 0x0000019d18923790
Event: 10.616 Thread 0x0000019d2f0a1fb0 flushing nmethod 0x0000019d18e93d90


Dynamic libraries:
0x00007ff69a5f0000 - 0x00007ff69a5fa000 	C:\Program Files\Android\Android Studio2\jbr\bin\java.exe
0x00007fffbf830000 - 0x00007fffbfa28000 	C:\WINDOWS\SYSTEM32\ntdll.dll
0x00007fffbe530000 - 0x00007fffbe5ed000 	C:\WINDOWS\System32\KERNEL32.DLL
0x00007fffbd290000 - 0x00007fffbd586000 	C:\WINDOWS\System32\KERNELBASE.dll
0x0000000058430000 - 0x00000000584df000 	C:\ProgramData\Symantec\Symantec Endpoint Protection\14.3.5413.3000.105\Data\Sysfer\x64\sysfer.dll
0x00007fffbcef0000 - 0x00007fffbcff0000 	C:\WINDOWS\System32\ucrtbase.dll
0x00007fffadab0000 - 0x00007fffadac7000 	C:\Program Files\Android\Android Studio2\jbr\bin\jli.dll
0x00007fffbe390000 - 0x00007fffbe52e000 	C:\WINDOWS\System32\USER32.dll
0x00007fffa72b0000 - 0x00007fffa754a000 	C:\WINDOWS\WinSxS\amd64_microsoft.windows.common-controls_6595b64144ccf1df_6.0.19041.3636_none_60b6a03d71f818d5\COMCTL32.dll
0x00007fffbcff0000 - 0x00007fffbd012000 	C:\WINDOWS\System32\win32u.dll
0x00007fffbeb50000 - 0x00007fffbebee000 	C:\WINDOWS\System32\msvcrt.dll
0x00007fffbdaa0000 - 0x00007fffbdacb000 	C:\WINDOWS\System32\GDI32.dll
0x00007fffbd590000 - 0x00007fffbd6a7000 	C:\WINDOWS\System32\gdi32full.dll
0x00007fffbd6b0000 - 0x00007fffbd74d000 	C:\WINDOWS\System32\msvcp_win.dll
0x00007fffb5a30000 - 0x00007fffb5a4b000 	C:\Program Files\Android\Android Studio2\jbr\bin\VCRUNTIME140.dll
0x00007fffbe350000 - 0x00007fffbe382000 	C:\WINDOWS\System32\IMM32.DLL
0x00007fffb8b80000 - 0x00007fffb8b8c000 	C:\Program Files\Android\Android Studio2\jbr\bin\vcruntime140_1.dll
0x00007fffaa700000 - 0x00007fffaa78d000 	C:\Program Files\Android\Android Studio2\jbr\bin\msvcp140.dll
0x00007fff61910000 - 0x00007fff6257e000 	C:\Program Files\Android\Android Studio2\jbr\bin\server\jvm.dll
0x00007fffbea30000 - 0x00007fffbeae3000 	C:\WINDOWS\System32\ADVAPI32.dll
0x00007fffbf0f0000 - 0x00007fffbf18f000 	C:\WINDOWS\System32\sechost.dll
0x00007fffbf190000 - 0x00007fffbf2b6000 	C:\WINDOWS\System32\RPCRT4.dll
0x00007fffbd1d0000 - 0x00007fffbd1f7000 	C:\WINDOWS\System32\bcrypt.dll
0x00007fffa75c0000 - 0x00007fffa75c9000 	C:\WINDOWS\SYSTEM32\WSOCK32.dll
0x00007fffbebf0000 - 0x00007fffbec5b000 	C:\WINDOWS\System32\WS2_32.dll
0x00007fffa66e0000 - 0x00007fffa6707000 	C:\WINDOWS\SYSTEM32\WINMM.dll
0x00007fffae2d0000 - 0x00007fffae2da000 	C:\WINDOWS\SYSTEM32\VERSION.dll
0x00007fffbb740000 - 0x00007fffbb752000 	C:\WINDOWS\SYSTEM32\kernel.appcore.dll
0x00007fffb8b00000 - 0x00007fffb8b0a000 	C:\Program Files\Android\Android Studio2\jbr\bin\jimage.dll
0x00007fffae4b0000 - 0x00007fffae694000 	C:\WINDOWS\SYSTEM32\DBGHELP.DLL
0x00007fffae340000 - 0x00007fffae374000 	C:\WINDOWS\SYSTEM32\dbgcore.DLL
0x00007fffbd200000 - 0x00007fffbd282000 	C:\WINDOWS\System32\bcryptPrimitives.dll
0x00007fffb56e0000 - 0x00007fffb56ee000 	C:\Program Files\Android\Android Studio2\jbr\bin\instrument.dll
0x00007fffb5700000 - 0x00007fffb5725000 	C:\Program Files\Android\Android Studio2\jbr\bin\java.dll
0x00007fffb7a10000 - 0x00007fffb7a28000 	C:\Program Files\Android\Android Studio2\jbr\bin\zip.dll
0x00007fffbdb90000 - 0x00007fffbe2d5000 	C:\WINDOWS\System32\SHELL32.dll
0x00007fffbad50000 - 0x00007fffbb4ec000 	C:\WINDOWS\SYSTEM32\windows.storage.dll
0x00007fffbe6d0000 - 0x00007fffbea24000 	C:\WINDOWS\System32\combase.dll
0x00007fffbc770000 - 0x00007fffbc79e000 	C:\WINDOWS\SYSTEM32\Wldp.dll
0x00007fffbe5f0000 - 0x00007fffbe6bd000 	C:\WINDOWS\System32\OLEAUT32.dll
0x00007fffbdae0000 - 0x00007fffbdb8d000 	C:\WINDOWS\System32\SHCORE.dll
0x00007fffbf790000 - 0x00007fffbf7e5000 	C:\WINDOWS\System32\shlwapi.dll
0x00007fffbce20000 - 0x00007fffbce45000 	C:\WINDOWS\SYSTEM32\profapi.dll
0x00007fffb5fb0000 - 0x00007fffb5fc9000 	C:\Program Files\Android\Android Studio2\jbr\bin\net.dll
0x00007fffaf330000 - 0x00007fffaf43a000 	C:\WINDOWS\SYSTEM32\WINHTTP.dll
0x00007fffbc550000 - 0x00007fffbc5ba000 	C:\WINDOWS\system32\mswsock.dll
0x00007fffb5880000 - 0x00007fffb5896000 	C:\Program Files\Android\Android Studio2\jbr\bin\nio.dll
0x00007fffb8940000 - 0x00007fffb8950000 	C:\Program Files\Android\Android Studio2\jbr\bin\verify.dll
0x00007fffb5b70000 - 0x00007fffb5b97000 	C:\Users\ADIT-PC\.gradle\native\68d5fa5c4cc2d200863cafc0d521ce42e7d3e7ee720ec0a83991735586a16f82\windows-amd64\native-platform.dll
0x00007fff8b9a0000 - 0x00007fff8bae4000 	C:\Users\ADIT-PC\.gradle\native\e376f236ea51e6404a007f0833ffe2c6e607c4080706a723a18a27aeea778392\windows-amd64\native-platform-file-events.dll
0x00007fffb5ea0000 - 0x00007fffb5ea9000 	C:\Program Files\Android\Android Studio2\jbr\bin\management.dll
0x00007fffb56f0000 - 0x00007fffb56fb000 	C:\Program Files\Android\Android Studio2\jbr\bin\management_ext.dll
0x00007fffbdad0000 - 0x00007fffbdad8000 	C:\WINDOWS\System32\PSAPI.DLL
0x00007fffbc7b0000 - 0x00007fffbc7c8000 	C:\WINDOWS\SYSTEM32\CRYPTSP.dll
0x00007fffbbea0000 - 0x00007fffbbed4000 	C:\WINDOWS\system32\rsaenh.dll
0x00007fffbcde0000 - 0x00007fffbce0e000 	C:\WINDOWS\SYSTEM32\USERENV.dll
0x00007fffbc6e0000 - 0x00007fffbc6ec000 	C:\WINDOWS\SYSTEM32\CRYPTBASE.dll
0x00007fffbc260000 - 0x00007fffbc29b000 	C:\WINDOWS\SYSTEM32\IPHLPAPI.DLL
0x00007fffbe2e0000 - 0x00007fffbe2e8000 	C:\WINDOWS\System32\NSI.dll
0x00007fffb5440000 - 0x00007fffb5457000 	C:\WINDOWS\SYSTEM32\dhcpcsvc6.DLL
0x00007fffb5330000 - 0x00007fffb534d000 	C:\WINDOWS\SYSTEM32\dhcpcsvc.DLL
0x00007fffbc2b0000 - 0x00007fffbc37b000 	C:\WINDOWS\SYSTEM32\DNSAPI.dll
0x00007fffab9a0000 - 0x00007fffab9a7000 	C:\WINDOWS\system32\wshunix.dll

dbghelp: loaded successfully - version: 4.0.5 - missing functions: none
symbol engine: initialized successfully - sym options: 0x614 - pdb path: .;C:\Program Files\Android\Android Studio2\jbr\bin;C:\WINDOWS\SYSTEM32;C:\ProgramData\Symantec\Symantec Endpoint Protection\14.3.5413.3000.105\Data\Sysfer\x64;C:\WINDOWS\WinSxS\amd64_microsoft.windows.common-controls_6595b64144ccf1df_6.0.19041.3636_none_60b6a03d71f818d5;C:\Program Files\Android\Android Studio2\jbr\bin\server;C:\Users\ADIT-PC\.gradle\native\68d5fa5c4cc2d200863cafc0d521ce42e7d3e7ee720ec0a83991735586a16f82\windows-amd64;C:\Users\ADIT-PC\.gradle\native\e376f236ea51e6404a007f0833ffe2c6e607c4080706a723a18a27aeea778392\windows-amd64

VM Arguments:
jvm_args: --add-opens=java.base/java.util=ALL-UNNAMED --add-opens=java.base/java.lang=ALL-UNNAMED --add-opens=java.base/java.lang.invoke=ALL-UNNAMED --add-opens=java.prefs/java.util.prefs=ALL-UNNAMED --add-opens=java.base/java.nio.charset=ALL-UNNAMED --add-opens=java.base/java.net=ALL-UNNAMED --add-opens=java.base/java.util.concurrent.atomic=ALL-UNNAMED -Xmx2048m -Dfile.encoding=windows-1252 -Duser.country=ID -Duser.language=en -Duser.variant -javaagent:C:\Users\ADIT-PC\.gradle\wrapper\dists\gradle-8.2-bin\bbg7u40eoinfdyxsxr3z4i7ta\gradle-8.2\lib\agents\gradle-instrumentation-agent-8.2.jar 
java_command: org.gradle.launcher.daemon.bootstrap.GradleDaemon 8.2
java_class_path (initial): C:\Users\ADIT-PC\.gradle\wrapper\dists\gradle-8.2-bin\bbg7u40eoinfdyxsxr3z4i7ta\gradle-8.2\lib\gradle-launcher-8.2.jar
Launcher Type: SUN_STANDARD

[Global flags]
     intx CICompilerCount                          = 3                                         {product} {ergonomic}
     uint ConcGCThreads                            = 1                                         {product} {ergonomic}
     uint G1ConcRefinementThreads                  = 4                                         {product} {ergonomic}
   size_t G1HeapRegionSize                         = 1048576                                   {product} {ergonomic}
    uintx GCDrainStackTargetSize                   = 64                                        {product} {ergonomic}
   size_t InitialHeapSize                          = 266338304                                 {product} {ergonomic}
   size_t MarkStackSize                            = 4194304                                   {product} {ergonomic}
   size_t MaxHeapSize                              = 2147483648                                {product} {command line}
   size_t MaxNewSize                               = 1287651328                                {product} {ergonomic}
   size_t MinHeapDeltaBytes                        = 1048576                                   {product} {ergonomic}
   size_t MinHeapSize                              = 8388608                                   {product} {ergonomic}
    uintx NonNMethodCodeHeapSize                   = 5832780                                {pd product} {ergonomic}
    uintx NonProfiledCodeHeapSize                  = 122912730                              {pd product} {ergonomic}
    uintx ProfiledCodeHeapSize                     = 122912730                              {pd product} {ergonomic}
    uintx ReservedCodeCacheSize                    = 251658240                              {pd product} {ergonomic}
     bool SegmentedCodeCache                       = true                                      {product} {ergonomic}
   size_t SoftMaxHeapSize                          = 2147483648                             {manageable} {ergonomic}
     bool UseCompressedClassPointers               = true                           {product lp64_product} {ergonomic}
     bool UseCompressedOops                        = true                           {product lp64_product} {ergonomic}
     bool UseG1GC                                  = true                                      {product} {ergonomic}
     bool UseLargePagesIndividualAllocation        = false                                  {pd product} {ergonomic}

Logging:
Log output configuration:
 #0: stdout all=warning uptime,level,tags
 #1: stderr all=off uptime,level,tags

Environment Variables:
JAVA_HOME=C:\Program Files\Java\jdk-15.0.2
CLASSPATH=.;
PATH=C:\Program Files\Common Files\Oracle\Java\javapath;C:\Python311\Scripts\;C:\Python311\;C:\Python310\Scripts\;C:\Python310\;C:\Python27\;C:\Python27\Scripts;C:\Program Files (x86)\Common Files\Oracle\Java\javapath;C:\Program Files\Docker\Docker\Resources\bin;C:\ProgramData\Oracle\Java\javapath;C:\Program Files (x86)\Intel\iCLS Client\;C:\Program Files\Intel\iCLS Client\;C:\WINDOWS\system32;C:\WINDOWS;C:\WINDOWS\System32\Wbem;C:\WINDOWS\System32\WindowsPowerShell\v1.0\;C:\Program Files (x86)\Intel\Intel(R) Management Engine Components\DAL;C:\Program Files\Intel\Intel(R) Management Engine Components\DAL;C:\Program Files (x86)\Intel\Intel(R) Management Engine Components\IPT;C:\Program Files\Intel\Intel(R) Management Engine Components\IPT;C:\Program Files\Java\jre1.8.0_162\bin;C:\Program Files (x86)\GtkSharp\2.12\bin;C:\Program Files\PuTTY\;C:\Program Files\Java\jdk1.8.0_162\bin;C:\PROGRA~2\Groovy\GROOVY~1.15\bin;C:\WINDOWS\System32\OpenSSH\;C:\xampp\php;C:\Program Files (x86)\Microsoft SQL Server\Client SDK\ODBC\130\Tools\Binn\;C:\Program Files (x86)\Microsoft SQL Server\140\Tools\Binn\;C:\Program Files (x86)\Microsoft SQL Server\140\DTS\Binn\;C:\Program Files (x86)\Microsoft SQL Server\140\Tools\Binn\ManagementStudio\;c:\Program Files (x86)\Microsoft SQL Server\110\Tools\Binn\;c:\Program Files\Microsoft SQL Server\110\Tools\Binn\;c:\Program Files\Microsoft SQL Server\110\DTS\Binn\;C:\composer;C:\Flutter\flutter\bin;C:\Bitnami\wampstack-5.6.39-0\php;C:\ProgramData\chocolatey\bin;C:\Program Files (x86)\Yarn\bin\;C:\Program Files\Java\jdk1.8.0_211\bin;C:\Program Files\OpenJDK\openjdk-8u312-b07\bin;C:\Program Files\nodejs\;C:\Program Files\Git\cmd;C:\Users\ADIT-PC\AppData\Local\Microsoft\WindowsApps;C:\Users\ADIT-PC\AppData\Local\Android\Sdk\platform-tools;C:\Users\ADIT-PC\AppData\Roaming\npm;C:\Users\ADIT-PC\AppData\Local\Programs\Microsoft VS Code\bin;C:\Users\ADIT-PC\AppData\Local\Android\Sdk;C:\src\flutter\bin;C:\Users\ADIT-PC\AppData\Local\GitHubDesktop\bin;C:\Users
USERNAME=ADIT-PC
OS=Windows_NT
PROCESSOR_IDENTIFIER=Intel64 Family 6 Model 94 Stepping 3, GenuineIntel
TMP=C:\Users\ADIT-PC\AppData\Local\Temp
TEMP=C:\Users\ADIT-PC\AppData\Local\Temp


JNI global refs:
JNI global refs: 25, weak refs: 4

JNI global refs memory usage: 843, weak refs: 841


---------------  S Y S T E M  ---------------

OS:
 Windows 10 , 64 bit Build 19041 (10.0.19041.3636)
OS uptime: 10 days 4:31 hours
Hyper-V role detected

CPU: total 4 (initial active 4) (4 cores per cpu, 1 threads per core) family 6 model 94 stepping 3 microcode 0xf2, cx8, cmov, fxsr, mmx, 3dnowpref, sse, sse2, sse3, ssse3, sse4.1, sse4.2, popcnt, lzcnt, tsc, tscinvbit, avx, avx2, aes, erms, clmul, bmi1, bmi2, rtm, adx, fma, vzeroupper, clflush, clflushopt, hv

Memory: 4k page, system-wide physical 16247M (3706M free)
TotalPageFile size 25028M (AvailPageFile size 5M)
current process WorkingSet (physical memory assigned to process): 410M, peak: 416M
current process commit charge ("private bytes"): 438M, peak: 465M

vm_info: OpenJDK 64-Bit Server VM (17.0.6+0-b2043.56-10027231) for windows-amd64 JRE (17.0.6+0-b2043.56-10027231), built on Apr 28 2023 00:43:19 by "androidbuild" with MS VC++ 16.10 / 16.11 (VS2019)

END.
