#
# There is insufficient memory for the Java Runtime Environment to continue.
# Native memory allocation (mmap) failed to map 211812352 bytes for G1 virtual space
# Possible reasons:
#   The system is out of physical RAM or swap space
#   The process is running with CompressedOops enabled, and the Java Heap may be blocking the growth of the native heap
# Possible solutions:
#   Reduce memory load on the system
#   Increase physical memory or swap space
#   Check if swap backing store is full
#   Decrease Java heap size (-Xmx/-Xms)
#   Decrease number of Java threads
#   Decrease Java thread stack sizes (-Xss)
#   Set larger code cache with -XX:ReservedCodeCacheSize=
#   JVM is running with Unscaled Compressed Oops mode in which the Java heap is
#     placed in the first 4GB address space. The Java Heap base address is the
#     maximum limit for the native heap growth. Please use -XX:HeapBaseMinAddress
#     to set the Java Heap base and to place the Java Heap above 4GB virtual address.
# This output file may be truncated or incomplete.
#
#  Out of Memory Error (os_windows.cpp:3769), pid=30488, tid=14204
#
# JRE version: OpenJDK Runtime Environment (17.0.6) (build 17.0.6+0-b2043.56-10027231)
# Java VM: OpenJDK 64-Bit Server VM (17.0.6+0-b2043.56-10027231, mixed mode, tiered, compressed oops, compressed class ptrs, g1 gc, windows-amd64)
# No core dump will be written. Minidumps are not enabled by default on client versions of Windows
#

---------------  S U M M A R Y ------------

Command Line: --add-opens=java.base/java.util=ALL-UNNAMED --add-opens=java.base/java.lang=ALL-UNNAMED --add-opens=java.base/java.lang.invoke=ALL-UNNAMED --add-opens=java.prefs/java.util.prefs=ALL-UNNAMED --add-opens=java.base/java.nio.charset=ALL-UNNAMED --add-opens=java.base/java.net=ALL-UNNAMED --add-opens=java.base/java.util.concurrent.atomic=ALL-UNNAMED -Xmx2048m -Dfile.encoding=windows-1252 -Duser.country=ID -Duser.language=en -Duser.variant org.gradle.launcher.daemon.bootstrap.GradleDaemon 8.0

Host: Intel(R) Core(TM) i5-6500 CPU @ 3.20GHz, 4 cores, 15G,  Windows 10 , 64 bit Build 19041 (10.0.19041.3636)
Time: Wed Feb  7 15:55:30 2024 SE Asia Standard Time elapsed time: 22.090944 seconds (0d 0h 0m 22s)

---------------  T H R E A D  ---------------

Current thread (0x0000028e7b36b4b0):  VMThread "VM Thread" [stack: 0x000000d265d00000,0x000000d265e00000] [id=14204]

Stack: [0x000000d265d00000,0x000000d265e00000]
Native frames: (J=compiled Java code, j=interpreted, Vv=VM code, C=native code)
V  [jvm.dll+0x683c9a]
V  [jvm.dll+0x8427a4]
V  [jvm.dll+0x843f9e]
V  [jvm.dll+0x844603]
V  [jvm.dll+0x249b75]
V  [jvm.dll+0x680b69]
V  [jvm.dll+0x67505a]
V  [jvm.dll+0x309acb]
V  [jvm.dll+0x310f86]
V  [jvm.dll+0x3608ee]
V  [jvm.dll+0x360b1f]
V  [jvm.dll+0x2dfbf8]
V  [jvm.dll+0x2ddec4]
V  [jvm.dll+0x2dd4cc]
V  [jvm.dll+0x321f3b]
V  [jvm.dll+0x848ccb]
V  [jvm.dll+0x849a04]
V  [jvm.dll+0x849f1d]
V  [jvm.dll+0x84a2f4]
V  [jvm.dll+0x84a3c0]
V  [jvm.dll+0x7f274a]
V  [jvm.dll+0x682ad5]
C  [ucrtbase.dll+0x21bb2]
C  [KERNEL32.DLL+0x17344]
C  [ntdll.dll+0x526b1]

VM_Operation (0x000000d26b8f9c90): G1CollectForAllocation, mode: safepoint, requested by thread 0x0000028e0f947df0


---------------  P R O C E S S  ---------------

Threads class SMR info:
_java_thread_list=0x0000028e10d91a20, length=90, elements={
0x0000028e70dafc30, 0x0000028e7bc4a620, 0x0000028e7bc4c4a0, 0x0000028e7bc314b0,
0x0000028e7bc34330, 0x0000028e7bc833d0, 0x0000028e7bc83c90, 0x0000028e7bc84970,
0x0000028e7bcf5f20, 0x0000028e7bd08fd0, 0x0000028e7bdf3200, 0x0000028e7bdf3ae0,
0x0000028e7f16e6b0, 0x0000028e7e640080, 0x0000028e7f1c1030, 0x0000028e7d025db0,
0x0000028e7ceaf2b0, 0x0000028e7ceaf780, 0x0000028e7d518040, 0x0000028e7e6436c0,
0x0000028e7e643b90, 0x0000028e7e644060, 0x0000028e7e641040, 0x0000028e7e6419e0,
0x0000028e7e640b70, 0x0000028e7e642d20, 0x0000028e7e642380, 0x0000028e7e6431f0,
0x0000028e7e641510, 0x0000028e7e6406a0, 0x0000028e7e641eb0, 0x0000028e7e642850,
0x0000028e0fd77350, 0x0000028e0fd78b60, 0x0000028e0fd764e0, 0x0000028e0fd7b6b0,
0x0000028e0fd7c520, 0x0000028e0fd75b40, 0x0000028e0fd79ea0, 0x0000028e0fd79500,
0x0000028e0fd7a370, 0x0000028e0fd799d0, 0x0000028e0fd7a840, 0x0000028e0fd7bb80,
0x0000028e0fd76010, 0x0000028e0fd7ad10, 0x0000028e0fd7c9f0, 0x0000028e0fd7cec0,
0x0000028e0fd781c0, 0x0000028e0fd75670, 0x0000028e0fd78690, 0x0000028e0fd769b0,
0x0000028e0fd77820, 0x0000028e7d874110, 0x0000028e7d874f80, 0x0000028e7d871f60,
0x0000028e7d875450, 0x0000028e7d872430, 0x0000028e7d8762c0, 0x0000028e7d8715c0,
0x0000028e7d877600, 0x0000028e7d878470, 0x0000028e7d877130, 0x0000028e7d877ad0,
0x0000028e7d871a90, 0x0000028e7d8732a0, 0x0000028e7d874ab0, 0x0000028e7d875920,
0x0000028e7d877fa0, 0x0000028e7d878940, 0x0000028e7d8710f0, 0x0000028e7d872900,
0x0000028e7d876c60, 0x0000028e7d8745e0, 0x0000028e7d872dd0, 0x0000028e7d876790,
0x0000028e7d875df0, 0x0000028e7d873770, 0x0000028e7d873c40, 0x0000028e0f944dd0,
0x0000028e0f946f80, 0x0000028e0f946110, 0x0000028e0f9465e0, 0x0000028e0f947920,
0x0000028e0f947df0, 0x0000028e0f9482c0, 0x0000028e0f948790, 0x0000028e0f9452a0,
0x0000028e7e74a4a0, 0x0000028e13ea2270
}

Java Threads: ( => current thread )
  0x0000028e70dafc30 JavaThread "main" [_thread_blocked, id=25124, stack(0x000000d265700000,0x000000d265800000)]
  0x0000028e7bc4a620 JavaThread "Reference Handler" daemon [_thread_blocked, id=10728, stack(0x000000d265e00000,0x000000d265f00000)]
  0x0000028e7bc4c4a0 JavaThread "Finalizer" daemon [_thread_blocked, id=27344, stack(0x000000d265f00000,0x000000d266000000)]
  0x0000028e7bc314b0 JavaThread "Signal Dispatcher" daemon [_thread_blocked, id=26524, stack(0x000000d266000000,0x000000d266100000)]
  0x0000028e7bc34330 JavaThread "Attach Listener" daemon [_thread_blocked, id=24336, stack(0x000000d266100000,0x000000d266200000)]
  0x0000028e7bc833d0 JavaThread "Service Thread" daemon [_thread_blocked, id=23692, stack(0x000000d266200000,0x000000d266300000)]
  0x0000028e7bc83c90 JavaThread "Monitor Deflation Thread" daemon [_thread_blocked, id=29976, stack(0x000000d266300000,0x000000d266400000)]
  0x0000028e7bc84970 JavaThread "C2 CompilerThread0" daemon [_thread_blocked, id=29736, stack(0x000000d266400000,0x000000d266500000)]
  0x0000028e7bcf5f20 JavaThread "C1 CompilerThread0" daemon [_thread_blocked, id=22336, stack(0x000000d266500000,0x000000d266600000)]
  0x0000028e7bd08fd0 JavaThread "Sweeper thread" daemon [_thread_blocked, id=24792, stack(0x000000d266600000,0x000000d266700000)]
  0x0000028e7bdf3200 JavaThread "Common-Cleaner" daemon [_thread_blocked, id=22504, stack(0x000000d266700000,0x000000d266800000)]
  0x0000028e7bdf3ae0 JavaThread "Notification Thread" daemon [_thread_blocked, id=20928, stack(0x000000d266800000,0x000000d266900000)]
  0x0000028e7f16e6b0 JavaThread "Daemon health stats" [_thread_blocked, id=22476, stack(0x000000d266e00000,0x000000d266f00000)]
  0x0000028e7e640080 JavaThread "Incoming local TCP Connector on port 35118" [_thread_in_native, id=28080, stack(0x000000d266d00000,0x000000d266e00000)]
  0x0000028e7f1c1030 JavaThread "Daemon periodic checks" [_thread_blocked, id=8896, stack(0x000000d266f00000,0x000000d267000000)]
  0x0000028e7d025db0 JavaThread "Daemon" [_thread_blocked, id=14968, stack(0x000000d267000000,0x000000d267100000)]
  0x0000028e7ceaf2b0 JavaThread "Handler for socket connection from /127.0.0.1:35118 to /127.0.0.1:35119" [_thread_in_native, id=18484, stack(0x000000d267100000,0x000000d267200000)]
  0x0000028e7ceaf780 JavaThread "Cancel handler" [_thread_blocked, id=8680, stack(0x000000d267200000,0x000000d267300000)]
  0x0000028e7d518040 JavaThread "Daemon worker" [_thread_blocked, id=30132, stack(0x000000d267300000,0x000000d267400000)]
  0x0000028e7e6436c0 JavaThread "Asynchronous log dispatcher for DefaultDaemonConnection: socket connection from /127.0.0.1:35118 to /127.0.0.1:35119" [_thread_blocked, id=17356, stack(0x000000d267400000,0x000000d267500000)]
  0x0000028e7e643b90 JavaThread "Stdin handler" [_thread_blocked, id=13360, stack(0x000000d267500000,0x000000d267600000)]
  0x0000028e7e644060 JavaThread "Daemon client event forwarder" [_thread_blocked, id=12844, stack(0x000000d267600000,0x000000d267700000)]
  0x0000028e7e641040 JavaThread "Cache worker for journal cache (C:\Users\ADIT-PC\.gradle\caches\journal-1)" [_thread_blocked, id=6480, stack(0x000000d267700000,0x000000d267800000)]
  0x0000028e7e6419e0 JavaThread "File lock request listener" [_thread_in_native, id=6656, stack(0x000000d267800000,0x000000d267900000)]
  0x0000028e7e640b70 JavaThread "Cache worker for file hash cache (C:\Users\ADIT-PC\.gradle\caches\8.0\fileHashes)" [_thread_blocked, id=29268, stack(0x000000d267900000,0x000000d267a00000)]
  0x0000028e7e642d20 JavaThread "File watcher server" daemon [_thread_blocked, id=2236, stack(0x000000d267b00000,0x000000d267c00000)]
  0x0000028e7e642380 JavaThread "File watcher consumer" daemon [_thread_blocked, id=16916, stack(0x000000d267c00000,0x000000d267d00000)]
  0x0000028e7e6431f0 JavaThread "Cache worker for checksums cache (C:\Users\ADIT-PC\AndroidStudioProjects\HRISMobile-New\.gradle\8.0\checksums)" [_thread_blocked, id=14820, stack(0x000000d267d00000,0x000000d267e00000)]
  0x0000028e7e641510 JavaThread "Cache worker for cache directory md-rule (C:\Users\ADIT-PC\.gradle\caches\8.0\md-rule)" [_thread_blocked, id=29796, stack(0x000000d267e00000,0x000000d267f00000)]
  0x0000028e7e6406a0 JavaThread "Cache worker for file content cache (C:\Users\ADIT-PC\.gradle\caches\8.0\fileContent)" [_thread_blocked, id=20600, stack(0x000000d267f00000,0x000000d268000000)]
  0x0000028e7e641eb0 JavaThread "Cache worker for file hash cache (C:\Users\ADIT-PC\AndroidStudioProjects\HRISMobile-New\.gradle\8.0\fileHashes)" [_thread_blocked, id=28656, stack(0x000000d268000000,0x000000d268100000)]
  0x0000028e7e642850 JavaThread "Cache worker for cache directory md-supplier (C:\Users\ADIT-PC\.gradle\caches\8.0\md-supplier)" [_thread_blocked, id=15804, stack(0x000000d268100000,0x000000d268200000)]
  0x0000028e0fd77350 JavaThread "Cache worker for execution history cache (C:\Users\ADIT-PC\.gradle\caches\8.0\executionHistory)" [_thread_blocked, id=14052, stack(0x000000d268200000,0x000000d268300000)]
  0x0000028e0fd78b60 JavaThread "jar transforms" [_thread_blocked, id=22480, stack(0x000000d267a00000,0x000000d267b00000)]
  0x0000028e0fd764e0 JavaThread "jar transforms Thread 2" [_thread_blocked, id=27056, stack(0x000000d268400000,0x000000d268500000)]
  0x0000028e0fd7b6b0 JavaThread "jar transforms Thread 3" [_thread_blocked, id=10912, stack(0x000000d268600000,0x000000d268700000)]
  0x0000028e0fd7c520 JavaThread "jar transforms Thread 4" [_thread_blocked, id=5340, stack(0x000000d268700000,0x000000d268800000)]
  0x0000028e0fd75b40 JavaThread "Cache worker for dependencies-accessors (C:\Users\ADIT-PC\AndroidStudioProjects\HRISMobile-New\.gradle\8.0\dependencies-accessors)" [_thread_blocked, id=29176, stack(0x000000d268800000,0x000000d268900000)]
  0x0000028e0fd79ea0 JavaThread "Cache worker for Build Output Cleanup Cache (C:\Users\ADIT-PC\AndroidStudioProjects\HRISMobile-New\.gradle\buildOutputCleanup)" [_thread_blocked, id=13812, stack(0x000000d268900000,0x000000d268a00000)]
  0x0000028e0fd79500 JavaThread "Unconstrained build operations" [_thread_blocked, id=20380, stack(0x000000d268a00000,0x000000d268b00000)]
  0x0000028e0fd7a370 JavaThread "Unconstrained build operations Thread 2" [_thread_blocked, id=15828, stack(0x000000d268b00000,0x000000d268c00000)]
  0x0000028e0fd799d0 JavaThread "Unconstrained build operations Thread 3" [_thread_blocked, id=14544, stack(0x000000d268c00000,0x000000d268d00000)]
  0x0000028e0fd7a840 JavaThread "Unconstrained build operations Thread 4" [_thread_blocked, id=28864, stack(0x000000d268d00000,0x000000d268e00000)]
  0x0000028e0fd7bb80 JavaThread "Unconstrained build operations Thread 5" [_thread_blocked, id=17448, stack(0x000000d268e00000,0x000000d268f00000)]
  0x0000028e0fd76010 JavaThread "Unconstrained build operations Thread 6" [_thread_blocked, id=7888, stack(0x000000d268f00000,0x000000d269000000)]
  0x0000028e0fd7ad10 JavaThread "Unconstrained build operations Thread 7" [_thread_blocked, id=20180, stack(0x000000d269000000,0x000000d269100000)]
  0x0000028e0fd7c9f0 JavaThread "Unconstrained build operations Thread 8" [_thread_blocked, id=11248, stack(0x000000d269100000,0x000000d269200000)]
  0x0000028e0fd7cec0 JavaThread "Unconstrained build operations Thread 9" [_thread_blocked, id=22900, stack(0x000000d269200000,0x000000d269300000)]
  0x0000028e0fd781c0 JavaThread "Unconstrained build operations Thread 10" [_thread_blocked, id=28860, stack(0x000000d269300000,0x000000d269400000)]
  0x0000028e0fd75670 JavaThread "Unconstrained build operations Thread 11" [_thread_blocked, id=19960, stack(0x000000d269400000,0x000000d269500000)]
  0x0000028e0fd78690 JavaThread "Unconstrained build operations Thread 12" [_thread_blocked, id=21508, stack(0x000000d269500000,0x000000d269600000)]
  0x0000028e0fd769b0 JavaThread "Unconstrained build operations Thread 13" [_thread_blocked, id=7016, stack(0x000000d269600000,0x000000d269700000)]
  0x0000028e0fd77820 JavaThread "Unconstrained build operations Thread 14" [_thread_blocked, id=8496, stack(0x000000d269700000,0x000000d269800000)]
  0x0000028e7d874110 JavaThread "Unconstrained build operations Thread 15" [_thread_blocked, id=11948, stack(0x000000d269800000,0x000000d269900000)]
  0x0000028e7d874f80 JavaThread "Unconstrained build operations Thread 16" [_thread_blocked, id=4952, stack(0x000000d269900000,0x000000d269a00000)]
  0x0000028e7d871f60 JavaThread "Unconstrained build operations Thread 17" [_thread_blocked, id=19044, stack(0x000000d269a00000,0x000000d269b00000)]
  0x0000028e7d875450 JavaThread "Unconstrained build operations Thread 18" [_thread_blocked, id=30476, stack(0x000000d269b00000,0x000000d269c00000)]
  0x0000028e7d872430 JavaThread "Unconstrained build operations Thread 19" [_thread_blocked, id=13968, stack(0x000000d269c00000,0x000000d269d00000)]
  0x0000028e7d8762c0 JavaThread "Unconstrained build operations Thread 20" [_thread_blocked, id=3540, stack(0x000000d269d00000,0x000000d269e00000)]
  0x0000028e7d8715c0 JavaThread "Unconstrained build operations Thread 21" [_thread_blocked, id=21716, stack(0x000000d269e00000,0x000000d269f00000)]
  0x0000028e7d877600 JavaThread "Unconstrained build operations Thread 22" [_thread_blocked, id=17260, stack(0x000000d269f00000,0x000000d26a000000)]
  0x0000028e7d878470 JavaThread "Unconstrained build operations Thread 23" [_thread_blocked, id=23968, stack(0x000000d26a000000,0x000000d26a100000)]
  0x0000028e7d877130 JavaThread "Unconstrained build operations Thread 24" [_thread_blocked, id=15888, stack(0x000000d26a100000,0x000000d26a200000)]
  0x0000028e7d877ad0 JavaThread "Unconstrained build operations Thread 25" [_thread_blocked, id=24100, stack(0x000000d26a200000,0x000000d26a300000)]
  0x0000028e7d871a90 JavaThread "Unconstrained build operations Thread 26" [_thread_blocked, id=8308, stack(0x000000d26a300000,0x000000d26a400000)]
  0x0000028e7d8732a0 JavaThread "Unconstrained build operations Thread 27" [_thread_blocked, id=12564, stack(0x000000d26a400000,0x000000d26a500000)]
  0x0000028e7d874ab0 JavaThread "Unconstrained build operations Thread 28" [_thread_blocked, id=6184, stack(0x000000d26a500000,0x000000d26a600000)]
  0x0000028e7d875920 JavaThread "Unconstrained build operations Thread 29" [_thread_blocked, id=9664, stack(0x000000d26a600000,0x000000d26a700000)]
  0x0000028e7d877fa0 JavaThread "Unconstrained build operations Thread 30" [_thread_blocked, id=7180, stack(0x000000d26a700000,0x000000d26a800000)]
  0x0000028e7d878940 JavaThread "Unconstrained build operations Thread 31" [_thread_blocked, id=14100, stack(0x000000d26a800000,0x000000d26a900000)]
  0x0000028e7d8710f0 JavaThread "Unconstrained build operations Thread 32" [_thread_blocked, id=24316, stack(0x000000d26a900000,0x000000d26aa00000)]
  0x0000028e7d872900 JavaThread "Unconstrained build operations Thread 33" [_thread_blocked, id=26420, stack(0x000000d26aa00000,0x000000d26ab00000)]
  0x0000028e7d876c60 JavaThread "Unconstrained build operations Thread 34" [_thread_blocked, id=29340, stack(0x000000d26ab00000,0x000000d26ac00000)]
  0x0000028e7d8745e0 JavaThread "Unconstrained build operations Thread 35" [_thread_blocked, id=27608, stack(0x000000d26ac00000,0x000000d26ad00000)]
  0x0000028e7d872dd0 JavaThread "Unconstrained build operations Thread 36" [_thread_blocked, id=26196, stack(0x000000d26ad00000,0x000000d26ae00000)]
  0x0000028e7d876790 JavaThread "Unconstrained build operations Thread 37" [_thread_blocked, id=19380, stack(0x000000d26ae00000,0x000000d26af00000)]
  0x0000028e7d875df0 JavaThread "Unconstrained build operations Thread 38" [_thread_blocked, id=22596, stack(0x000000d26af00000,0x000000d26b000000)]
  0x0000028e7d873770 JavaThread "Unconstrained build operations Thread 39" [_thread_blocked, id=21912, stack(0x000000d26b000000,0x000000d26b100000)]
  0x0000028e7d873c40 JavaThread "Unconstrained build operations Thread 40" [_thread_blocked, id=15392, stack(0x000000d26b100000,0x000000d26b200000)]
  0x0000028e0f944dd0 JavaThread "build event listener" [_thread_blocked, id=23936, stack(0x000000d26b200000,0x000000d26b300000)]
  0x0000028e0f946f80 JavaThread "Memory manager" [_thread_blocked, id=28684, stack(0x000000d26b300000,0x000000d26b400000)]
  0x0000028e0f946110 JavaThread "pool-3-thread-1" [_thread_blocked, id=20092, stack(0x000000d26b500000,0x000000d26b600000)]
  0x0000028e0f9465e0 JavaThread "build event listener" [_thread_blocked, id=21344, stack(0x000000d26b600000,0x000000d26b700000)]
  0x0000028e0f947920 JavaThread "included builds" [_thread_blocked, id=28552, stack(0x000000d26b700000,0x000000d26b800000)]
  0x0000028e0f947df0 JavaThread "Execution worker" [_thread_blocked, id=20632, stack(0x000000d26b800000,0x000000d26b900000)]
  0x0000028e0f9482c0 JavaThread "Execution worker Thread 2" [_thread_blocked, id=15008, stack(0x000000d26b900000,0x000000d26ba00000)]
  0x0000028e0f948790 JavaThread "Execution worker Thread 3" [_thread_blocked, id=10136, stack(0x000000d26ba00000,0x000000d26bb00000)]
  0x0000028e0f9452a0 JavaThread "Cache worker for execution history cache (C:\Users\ADIT-PC\AndroidStudioProjects\HRISMobile-New\.gradle\8.0\executionHistory)" [_thread_blocked, id=24632, stack(0x000000d26bb00000,0x000000d26bc00000)]
  0x0000028e7e74a4a0 JavaThread "C2 CompilerThread1" daemon [_thread_in_native, id=22792, stack(0x000000d268300000,0x000000d268400000)]
  0x0000028e13ea2270 JavaThread "WorkerExecutor Queue" [_thread_blocked, id=8024, stack(0x000000d26bc00000,0x000000d26bd00000)]

Other Threads:
=>0x0000028e7b36b4b0 VMThread "VM Thread" [stack: 0x000000d265d00000,0x000000d265e00000] [id=14204]
  0x0000028e7bdf43c0 WatcherThread [stack: 0x000000d266900000,0x000000d266a00000] [id=25780]
  0x0000028e70e0c230 GCTaskThread "GC Thread#0" [stack: 0x000000d265800000,0x000000d265900000] [id=28780]
  0x0000028e7c1c8d10 GCTaskThread "GC Thread#1" [stack: 0x000000d266a00000,0x000000d266b00000] [id=18288]
  0x0000028e7c1c8fc0 GCTaskThread "GC Thread#2" [stack: 0x000000d266b00000,0x000000d266c00000] [id=17556]
  0x0000028e7c1c9270 GCTaskThread "GC Thread#3" [stack: 0x000000d266c00000,0x000000d266d00000] [id=9060]
  0x0000028e70e1d170 ConcurrentGCThread "G1 Main Marker" [stack: 0x000000d265900000,0x000000d265a00000] [id=18472]
  0x0000028e70e1db80 ConcurrentGCThread "G1 Conc#0" [stack: 0x000000d265a00000,0x000000d265b00000] [id=27420]
  0x0000028e7b21c5b0 ConcurrentGCThread "G1 Refine#0" [stack: 0x000000d265b00000,0x000000d265c00000] [id=7492]
  0x0000028e7e6a5820 ConcurrentGCThread "G1 Refine#1" [stack: 0x000000d268500000,0x000000d268600000] [id=16572]
  0x0000028e10168010 ConcurrentGCThread "G1 Refine#2" [stack: 0x000000d26b400000,0x000000d26b500000] [id=13320]
  0x0000028e7b21cfd0 ConcurrentGCThread "G1 Service" [stack: 0x000000d265c00000,0x000000d265d00000] [id=25476]

Threads with active compile tasks:
C2 CompilerThread0    22140 12213       4       org.apache.xerces.parsers.AbstractDOMParser::startElement (883 bytes)
C1 CompilerThread0    22140 12205       3       org.apache.xerces.util.XMLStringBuffer::clear (11 bytes)
C2 CompilerThread1    22141 12096       4       org.gradle.api.internal.changedetection.state.CachingFileHasher::hash (12 bytes)

VM state: at safepoint (normal execution)

VM Mutex/Monitor currently owned by a thread:  ([mutex/lock_event])
[0x0000028e70dac060] Threads_lock - owner thread: 0x0000028e7b36b4b0
[0x0000028e70daa710] Heap_lock - owner thread: 0x0000028e0f947df0

Heap address: 0x0000000080000000, size: 2048 MB, Compressed Oops mode: 32-bit

CDS archive(s) not mapped
Compressed class space mapped at: 0x0000000100000000-0x0000000140000000, reserved size: 1073741824
Narrow klass base: 0x0000000000000000, Narrow klass shift: 3, Narrow klass range: 0x140000000

GC Precious Log:
 CPUs: 4 total, 4 available
 Memory: 16247M
 Large Page Support: Disabled
 NUMA Support: Disabled
 Compressed Oops: Enabled (32-bit)
 Heap Region Size: 1M
 Heap Min Capacity: 8M
 Heap Initial Capacity: 254M
 Heap Max Capacity: 2G
 Pre-touch: Disabled
 Parallel Workers: 4
 Concurrent Workers: 1
 Concurrent Refinement Workers: 4
 Periodic GC: Disabled

Heap:
 garbage-first heap   total 260096K, used 123732K [0x0000000080000000, 0x0000000100000000)
  region size 1024K, 2 young (2048K), 2 survivors (2048K)
 Metaspace       used 95256K, committed 96064K, reserved 1138688K
  class space    used 12750K, committed 13120K, reserved 1048576K

Heap Regions: E=young(eden), S=young(survivor), O=old, HS=humongous(starts), HC=humongous(continues), CS=collection set, F=free, OA=open archive, CA=closed archive, TAMS=top-at-mark-start (previous, next)
|   0|0x0000000080000000, 0x0000000080100000, 0x0000000080100000|100%| O|  |TAMS 0x0000000080100000, 0x0000000080000000| Untracked 
|   1|0x0000000080100000, 0x0000000080200000, 0x0000000080200000|100%| O|  |TAMS 0x0000000080200000, 0x0000000080100000| Untracked 
|   2|0x0000000080200000, 0x0000000080300000, 0x0000000080300000|100%|HS|  |TAMS 0x0000000080300000, 0x0000000080200000| Complete 
|   3|0x0000000080300000, 0x0000000080400000, 0x0000000080400000|100%|HC|  |TAMS 0x0000000080400000, 0x0000000080300000| Complete 
|   4|0x0000000080400000, 0x0000000080500000, 0x0000000080500000|100%|HC|  |TAMS 0x0000000080500000, 0x0000000080400000| Complete 
|   5|0x0000000080500000, 0x0000000080600000, 0x0000000080600000|100%|HC|  |TAMS 0x0000000080600000, 0x0000000080500000| Complete 
|   6|0x0000000080600000, 0x0000000080700000, 0x0000000080700000|100%| O|  |TAMS 0x0000000080700000, 0x0000000080600000| Untracked 
|   7|0x0000000080700000, 0x0000000080800000, 0x0000000080800000|100%| O|  |TAMS 0x0000000080800000, 0x0000000080700000| Untracked 
|   8|0x0000000080800000, 0x0000000080900000, 0x0000000080900000|100%| O|  |TAMS 0x0000000080900000, 0x0000000080800000| Untracked 
|   9|0x0000000080900000, 0x0000000080a00000, 0x0000000080a00000|100%| O|  |TAMS 0x0000000080a00000, 0x0000000080900000| Untracked 
|  10|0x0000000080a00000, 0x0000000080b00000, 0x0000000080b00000|100%| O|  |TAMS 0x0000000080b00000, 0x0000000080a00000| Untracked 
|  11|0x0000000080b00000, 0x0000000080c00000, 0x0000000080c00000|100%| O|  |TAMS 0x0000000080c00000, 0x0000000080b00000| Untracked 
|  12|0x0000000080c00000, 0x0000000080d00000, 0x0000000080d00000|100%| O|  |TAMS 0x0000000080d00000, 0x0000000080c00000| Untracked 
|  13|0x0000000080d00000, 0x0000000080e00000, 0x0000000080e00000|100%| O|  |TAMS 0x0000000080e00000, 0x0000000080d00000| Untracked 
|  14|0x0000000080e00000, 0x0000000080f00000, 0x0000000080f00000|100%| O|  |TAMS 0x0000000080f00000, 0x0000000080e00000| Untracked 
|  15|0x0000000080f00000, 0x0000000081000000, 0x0000000081000000|100%| O|  |TAMS 0x0000000081000000, 0x0000000080f00000| Untracked 
|  16|0x0000000081000000, 0x0000000081100000, 0x0000000081100000|100%| O|  |TAMS 0x0000000081100000, 0x0000000081000000| Untracked 
|  17|0x0000000081100000, 0x0000000081200000, 0x0000000081200000|100%| O|  |TAMS 0x0000000081200000, 0x0000000081100000| Untracked 
|  18|0x0000000081200000, 0x0000000081300000, 0x0000000081300000|100%| O|  |TAMS 0x0000000081300000, 0x0000000081200000| Untracked 
|  19|0x0000000081300000, 0x0000000081400000, 0x0000000081400000|100%| O|  |TAMS 0x0000000081400000, 0x0000000081300000| Untracked 
|  20|0x0000000081400000, 0x0000000081500000, 0x0000000081500000|100%| O|  |TAMS 0x0000000081500000, 0x0000000081400000| Untracked 
|  21|0x0000000081500000, 0x0000000081600000, 0x0000000081600000|100%| O|  |TAMS 0x0000000081600000, 0x0000000081500000| Untracked 
|  22|0x0000000081600000, 0x0000000081700000, 0x0000000081700000|100%| O|  |TAMS 0x0000000081700000, 0x0000000081600000| Untracked 
|  23|0x0000000081700000, 0x0000000081800000, 0x0000000081800000|100%| O|  |TAMS 0x0000000081700000, 0x0000000081700000| Untracked 
|  24|0x0000000081800000, 0x0000000081900000, 0x0000000081900000|100%| O|  |TAMS 0x0000000081900000, 0x0000000081800000| Untracked 
|  25|0x0000000081900000, 0x0000000081a00000, 0x0000000081a00000|100%| O|  |TAMS 0x0000000081a00000, 0x0000000081900000| Untracked 
|  26|0x0000000081a00000, 0x0000000081b00000, 0x0000000081b00000|100%| O|  |TAMS 0x0000000081b00000, 0x0000000081a00000| Untracked 
|  27|0x0000000081b00000, 0x0000000081c00000, 0x0000000081c00000|100%| O|  |TAMS 0x0000000081c00000, 0x0000000081b00000| Untracked 
|  28|0x0000000081c00000, 0x0000000081d00000, 0x0000000081d00000|100%| O|  |TAMS 0x0000000081d00000, 0x0000000081c00000| Untracked 
|  29|0x0000000081d00000, 0x0000000081e00000, 0x0000000081e00000|100%| O|  |TAMS 0x0000000081e00000, 0x0000000081d00000| Untracked 
|  30|0x0000000081e00000, 0x0000000081f00000, 0x0000000081f00000|100%| O|  |TAMS 0x0000000081f00000, 0x0000000081e00000| Untracked 
|  31|0x0000000081f00000, 0x0000000082000000, 0x0000000082000000|100%| O|  |TAMS 0x0000000082000000, 0x0000000081f00000| Untracked 
|  32|0x0000000082000000, 0x0000000082100000, 0x0000000082100000|100%| O|  |TAMS 0x0000000082100000, 0x0000000082000000| Untracked 
|  33|0x0000000082100000, 0x0000000082200000, 0x0000000082200000|100%| O|  |TAMS 0x0000000082200000, 0x0000000082100000| Untracked 
|  34|0x0000000082200000, 0x0000000082300000, 0x0000000082300000|100%| O|  |TAMS 0x0000000082300000, 0x0000000082200000| Untracked 
|  35|0x0000000082300000, 0x0000000082400000, 0x0000000082400000|100%| O|  |TAMS 0x0000000082400000, 0x0000000082300000| Untracked 
|  36|0x0000000082400000, 0x0000000082500000, 0x0000000082500000|100%|HS|  |TAMS 0x0000000082500000, 0x0000000082400000| Complete 
|  37|0x0000000082500000, 0x0000000082600000, 0x0000000082600000|100%|HS|  |TAMS 0x0000000082600000, 0x0000000082500000| Complete 
|  38|0x0000000082600000, 0x0000000082700000, 0x0000000082700000|100%|HS|  |TAMS 0x0000000082700000, 0x0000000082600000| Complete 
|  39|0x0000000082700000, 0x0000000082800000, 0x0000000082800000|100%| O|  |TAMS 0x0000000082800000, 0x0000000082700000| Untracked 
|  40|0x0000000082800000, 0x0000000082900000, 0x0000000082900000|100%| O|  |TAMS 0x0000000082900000, 0x0000000082800000| Untracked 
|  41|0x0000000082900000, 0x0000000082a00000, 0x0000000082a00000|100%| O|  |TAMS 0x0000000082a00000, 0x0000000082900000| Untracked 
|  42|0x0000000082a00000, 0x0000000082b00000, 0x0000000082b00000|100%| O|  |TAMS 0x0000000082b00000, 0x0000000082a00000| Untracked 
|  43|0x0000000082b00000, 0x0000000082c00000, 0x0000000082c00000|100%| O|  |TAMS 0x0000000082c00000, 0x0000000082b00000| Untracked 
|  44|0x0000000082c00000, 0x0000000082d00000, 0x0000000082d00000|100%| O|  |TAMS 0x0000000082d00000, 0x0000000082c00000| Untracked 
|  45|0x0000000082d00000, 0x0000000082e00000, 0x0000000082e00000|100%| O|  |TAMS 0x0000000082e00000, 0x0000000082d00000| Untracked 
|  46|0x0000000082e00000, 0x0000000082f00000, 0x0000000082f00000|100%| O|  |TAMS 0x0000000082f00000, 0x0000000082e00000| Untracked 
|  47|0x0000000082f00000, 0x0000000083000000, 0x0000000083000000|100%| O|  |TAMS 0x0000000083000000, 0x0000000082f00000| Untracked 
|  48|0x0000000083000000, 0x0000000083100000, 0x0000000083100000|100%| O|  |TAMS 0x0000000083100000, 0x0000000083000000| Untracked 
|  49|0x0000000083100000, 0x0000000083200000, 0x0000000083200000|100%| O|  |TAMS 0x0000000083200000, 0x0000000083100000| Untracked 
|  50|0x0000000083200000, 0x0000000083300000, 0x0000000083300000|100%| O|  |TAMS 0x0000000083300000, 0x0000000083200000| Untracked 
|  51|0x0000000083300000, 0x0000000083400000, 0x0000000083400000|100%| O|  |TAMS 0x00000000833cca00, 0x0000000083300000| Untracked 
|  52|0x0000000083400000, 0x0000000083500000, 0x0000000083500000|100%| O|  |TAMS 0x0000000083500000, 0x0000000083400000| Untracked 
|  53|0x0000000083500000, 0x0000000083600000, 0x0000000083600000|100%| O|  |TAMS 0x0000000083500000, 0x0000000083500000| Untracked 
|  54|0x0000000083600000, 0x0000000083700000, 0x0000000083700000|100%| O|  |TAMS 0x0000000083700000, 0x0000000083600000| Untracked 
|  55|0x0000000083700000, 0x0000000083800000, 0x0000000083800000|100%| O|  |TAMS 0x0000000083800000, 0x0000000083700000| Untracked 
|  56|0x0000000083800000, 0x0000000083900000, 0x0000000083900000|100%| O|  |TAMS 0x0000000083900000, 0x0000000083800000| Untracked 
|  57|0x0000000083900000, 0x0000000083a00000, 0x0000000083a00000|100%| O|  |TAMS 0x0000000083900000, 0x0000000083900000| Untracked 
|  58|0x0000000083a00000, 0x0000000083b00000, 0x0000000083b00000|100%| O|  |TAMS 0x0000000083a00000, 0x0000000083a00000| Untracked 
|  59|0x0000000083b00000, 0x0000000083c00000, 0x0000000083c00000|100%| O|  |TAMS 0x0000000083b00000, 0x0000000083b00000| Untracked 
|  60|0x0000000083c00000, 0x0000000083d00000, 0x0000000083d00000|100%| O|  |TAMS 0x0000000083c00000, 0x0000000083c00000| Untracked 
|  61|0x0000000083d00000, 0x0000000083e00000, 0x0000000083e00000|100%| O|  |TAMS 0x0000000083d00000, 0x0000000083d00000| Untracked 
|  62|0x0000000083e00000, 0x0000000083f00000, 0x0000000083f00000|100%| O|  |TAMS 0x0000000083e00000, 0x0000000083e00000| Untracked 
|  63|0x0000000083f00000, 0x0000000084000000, 0x0000000084000000|100%| O|  |TAMS 0x0000000083f00000, 0x0000000083f00000| Untracked 
|  64|0x0000000084000000, 0x0000000084100000, 0x0000000084100000|100%| O|  |TAMS 0x0000000084000000, 0x0000000084000000| Untracked 
|  65|0x0000000084100000, 0x0000000084200000, 0x0000000084200000|100%| O|  |TAMS 0x0000000084100000, 0x0000000084100000| Untracked 
|  66|0x0000000084200000, 0x0000000084300000, 0x0000000084300000|100%| O|  |TAMS 0x0000000084200000, 0x0000000084200000| Untracked 
|  67|0x0000000084300000, 0x0000000084400000, 0x0000000084400000|100%| O|  |TAMS 0x0000000084300000, 0x0000000084300000| Untracked 
|  68|0x0000000084400000, 0x0000000084500000, 0x0000000084500000|100%| O|  |TAMS 0x0000000084400000, 0x0000000084400000| Untracked 
|  69|0x0000000084500000, 0x0000000084600000, 0x0000000084600000|100%| O|  |TAMS 0x0000000084500000, 0x0000000084500000| Untracked 
|  70|0x0000000084600000, 0x0000000084700000, 0x0000000084700000|100%| O|  |TAMS 0x0000000084600000, 0x0000000084600000| Untracked 
|  71|0x0000000084700000, 0x0000000084800000, 0x0000000084800000|100%| O|  |TAMS 0x0000000084700000, 0x0000000084700000| Untracked 
|  72|0x0000000084800000, 0x0000000084900000, 0x0000000084900000|100%| O|  |TAMS 0x0000000084800000, 0x0000000084800000| Untracked 
|  73|0x0000000084900000, 0x0000000084a00000, 0x0000000084a00000|100%| O|  |TAMS 0x0000000084900000, 0x0000000084900000| Untracked 
|  74|0x0000000084a00000, 0x0000000084b00000, 0x0000000084b00000|100%| O|  |TAMS 0x0000000084a00000, 0x0000000084a00000| Untracked 
|  75|0x0000000084b00000, 0x0000000084c00000, 0x0000000084c00000|100%| O|  |TAMS 0x0000000084b00000, 0x0000000084b00000| Untracked 
|  76|0x0000000084c00000, 0x0000000084d00000, 0x0000000084d00000|100%| O|  |TAMS 0x0000000084c00000, 0x0000000084c00000| Untracked 
|  77|0x0000000084d00000, 0x0000000084e00000, 0x0000000084e00000|100%| O|  |TAMS 0x0000000084d00000, 0x0000000084d00000| Untracked 
|  78|0x0000000084e00000, 0x0000000084f00000, 0x0000000084f00000|100%| O|  |TAMS 0x0000000084e00000, 0x0000000084e00000| Untracked 
|  79|0x0000000084f00000, 0x0000000085000000, 0x0000000085000000|100%| O|  |TAMS 0x0000000084f00000, 0x0000000084f00000| Untracked 
|  80|0x0000000085000000, 0x0000000085100000, 0x0000000085100000|100%| O|  |TAMS 0x0000000085000000, 0x0000000085000000| Untracked 
|  81|0x0000000085100000, 0x0000000085200000, 0x0000000085200000|100%| O|  |TAMS 0x0000000085100000, 0x0000000085100000| Untracked 
|  82|0x0000000085200000, 0x0000000085300000, 0x0000000085300000|100%| O|  |TAMS 0x0000000085200000, 0x0000000085200000| Untracked 
|  83|0x0000000085300000, 0x0000000085400000, 0x0000000085400000|100%| O|  |TAMS 0x0000000085300000, 0x0000000085300000| Untracked 
|  84|0x0000000085400000, 0x0000000085500000, 0x0000000085500000|100%| O|  |TAMS 0x0000000085400000, 0x0000000085400000| Untracked 
|  85|0x0000000085500000, 0x0000000085600000, 0x0000000085600000|100%| O|  |TAMS 0x0000000085500000, 0x0000000085500000| Untracked 
|  86|0x0000000085600000, 0x0000000085700000, 0x0000000085700000|100%| O|  |TAMS 0x0000000085600000, 0x0000000085600000| Untracked 
|  87|0x0000000085700000, 0x0000000085800000, 0x0000000085800000|100%| O|  |TAMS 0x0000000085700000, 0x0000000085700000| Untracked 
|  88|0x0000000085800000, 0x0000000085900000, 0x0000000085900000|100%| O|  |TAMS 0x0000000085800000, 0x0000000085800000| Untracked 
|  89|0x0000000085900000, 0x0000000085a00000, 0x0000000085a00000|100%| O|  |TAMS 0x0000000085900000, 0x0000000085900000| Untracked 
|  90|0x0000000085a00000, 0x0000000085b00000, 0x0000000085b00000|100%| O|  |TAMS 0x0000000085a00000, 0x0000000085a00000| Untracked 
|  91|0x0000000085b00000, 0x0000000085c00000, 0x0000000085c00000|100%| O|  |TAMS 0x0000000085b00000, 0x0000000085b00000| Untracked 
|  92|0x0000000085c00000, 0x0000000085d00000, 0x0000000085d00000|100%| O|  |TAMS 0x0000000085c00000, 0x0000000085c00000| Untracked 
|  93|0x0000000085d00000, 0x0000000085e00000, 0x0000000085e00000|100%| O|  |TAMS 0x0000000085d00000, 0x0000000085d00000| Untracked 
|  94|0x0000000085e00000, 0x0000000085f00000, 0x0000000085f00000|100%| O|  |TAMS 0x0000000085e00000, 0x0000000085e00000| Untracked 
|  95|0x0000000085f00000, 0x0000000086000000, 0x0000000086000000|100%| O|  |TAMS 0x0000000085f00000, 0x0000000085f00000| Untracked 
|  96|0x0000000086000000, 0x0000000086100000, 0x0000000086100000|100%| O|  |TAMS 0x0000000086000000, 0x0000000086000000| Untracked 
|  97|0x0000000086100000, 0x0000000086200000, 0x0000000086200000|100%| O|  |TAMS 0x0000000086100000, 0x0000000086100000| Untracked 
|  98|0x0000000086200000, 0x0000000086300000, 0x0000000086300000|100%| O|  |TAMS 0x0000000086200000, 0x0000000086200000| Untracked 
|  99|0x0000000086300000, 0x0000000086400000, 0x0000000086400000|100%| O|  |TAMS 0x0000000086300000, 0x0000000086300000| Untracked 
| 100|0x0000000086400000, 0x0000000086500000, 0x0000000086500000|100%| O|  |TAMS 0x0000000086400000, 0x0000000086400000| Untracked 
| 101|0x0000000086500000, 0x0000000086600000, 0x0000000086600000|100%| O|  |TAMS 0x0000000086500000, 0x0000000086500000| Untracked 
| 102|0x0000000086600000, 0x0000000086700000, 0x0000000086700000|100%| O|  |TAMS 0x0000000086600000, 0x0000000086600000| Untracked 
| 103|0x0000000086700000, 0x0000000086800000, 0x0000000086800000|100%| O|  |TAMS 0x0000000086700000, 0x0000000086700000| Untracked 
| 104|0x0000000086800000, 0x0000000086900000, 0x0000000086900000|100%| O|  |TAMS 0x0000000086800000, 0x0000000086800000| Untracked 
| 105|0x0000000086900000, 0x0000000086a00000, 0x0000000086a00000|100%| O|  |TAMS 0x0000000086900000, 0x0000000086900000| Untracked 
| 106|0x0000000086a00000, 0x0000000086b00000, 0x0000000086b00000|100%| O|  |TAMS 0x0000000086a00000, 0x0000000086a00000| Untracked 
| 107|0x0000000086b00000, 0x0000000086c00000, 0x0000000086c00000|100%| O|  |TAMS 0x0000000086b00000, 0x0000000086b00000| Untracked 
| 108|0x0000000086c00000, 0x0000000086d00000, 0x0000000086d00000|100%| O|  |TAMS 0x0000000086c00000, 0x0000000086c00000| Untracked 
| 109|0x0000000086d00000, 0x0000000086e00000, 0x0000000086e00000|100%| O|  |TAMS 0x0000000086d00000, 0x0000000086d00000| Untracked 
| 110|0x0000000086e00000, 0x0000000086f00000, 0x0000000086f00000|100%| O|  |TAMS 0x0000000086e00000, 0x0000000086e00000| Untracked 
| 111|0x0000000086f00000, 0x0000000086f00000, 0x0000000087000000|  0%| F|  |TAMS 0x0000000086f00000, 0x0000000086f00000| Untracked 
| 112|0x0000000087000000, 0x0000000087000000, 0x0000000087100000|  0%| F|  |TAMS 0x0000000087000000, 0x0000000087000000| Untracked 
| 113|0x0000000087100000, 0x0000000087200000, 0x0000000087200000|100%| O|  |TAMS 0x0000000087100000, 0x0000000087100000| Untracked 
| 114|0x0000000087200000, 0x0000000087300000, 0x0000000087300000|100%| O|  |TAMS 0x0000000087200000, 0x0000000087200000| Untracked 
| 115|0x0000000087300000, 0x00000000873d5200, 0x0000000087400000| 83%| O|  |TAMS 0x0000000087300000, 0x0000000087300000| Untracked 
| 116|0x0000000087400000, 0x0000000087400000, 0x0000000087500000|  0%| F|  |TAMS 0x0000000087400000, 0x0000000087400000| Untracked 
| 117|0x0000000087500000, 0x0000000087500000, 0x0000000087600000|  0%| F|  |TAMS 0x0000000087500000, 0x0000000087500000| Untracked 
| 118|0x0000000087600000, 0x0000000087600000, 0x0000000087700000|  0%| F|  |TAMS 0x0000000087600000, 0x0000000087600000| Untracked 
| 119|0x0000000087700000, 0x0000000087700000, 0x0000000087800000|  0%| F|  |TAMS 0x0000000087700000, 0x0000000087700000| Untracked 
| 120|0x0000000087800000, 0x0000000087800000, 0x0000000087900000|  0%| F|  |TAMS 0x0000000087800000, 0x0000000087800000| Untracked 
| 121|0x0000000087900000, 0x0000000087900000, 0x0000000087a00000|  0%| F|  |TAMS 0x0000000087900000, 0x0000000087900000| Untracked 
| 122|0x0000000087a00000, 0x0000000087a00000, 0x0000000087b00000|  0%| F|  |TAMS 0x0000000087a00000, 0x0000000087a00000| Untracked 
| 123|0x0000000087b00000, 0x0000000087b00000, 0x0000000087c00000|  0%| F|  |TAMS 0x0000000087b00000, 0x0000000087b00000| Untracked 
| 124|0x0000000087c00000, 0x0000000087c00000, 0x0000000087d00000|  0%| F|  |TAMS 0x0000000087c00000, 0x0000000087c00000| Untracked 
| 125|0x0000000087d00000, 0x0000000087d00000, 0x0000000087e00000|  0%| F|  |TAMS 0x0000000087d00000, 0x0000000087d00000| Untracked 
| 126|0x0000000087e00000, 0x0000000087e00000, 0x0000000087f00000|  0%| F|  |TAMS 0x0000000087e00000, 0x0000000087e00000| Untracked 
| 127|0x0000000087f00000, 0x0000000087f00000, 0x0000000088000000|  0%| F|  |TAMS 0x0000000087f00000, 0x0000000087f00000| Untracked 
| 128|0x0000000088000000, 0x0000000088100000, 0x0000000088100000|100%| O|  |TAMS 0x0000000088000000, 0x0000000088000000| Untracked 
| 129|0x0000000088100000, 0x0000000088200000, 0x0000000088200000|100%| O|  |TAMS 0x0000000088100000, 0x0000000088100000| Untracked 
| 130|0x0000000088200000, 0x0000000088300000, 0x0000000088300000|100%| O|  |TAMS 0x0000000088200000, 0x0000000088200000| Untracked 
| 131|0x0000000088300000, 0x0000000088400000, 0x0000000088400000|100%| O|  |TAMS 0x0000000088300000, 0x0000000088300000| Untracked 
| 132|0x0000000088400000, 0x0000000088500000, 0x0000000088500000|100%| O|  |TAMS 0x0000000088400000, 0x0000000088400000| Untracked 
| 133|0x0000000088500000, 0x0000000088500000, 0x0000000088600000|  0%| F|  |TAMS 0x0000000088500000, 0x0000000088500000| Untracked 
| 134|0x0000000088600000, 0x0000000088600000, 0x0000000088700000|  0%| F|  |TAMS 0x0000000088600000, 0x0000000088600000| Untracked 
| 135|0x0000000088700000, 0x0000000088700000, 0x0000000088800000|  0%| F|  |TAMS 0x0000000088700000, 0x0000000088700000| Untracked 
| 136|0x0000000088800000, 0x0000000088800000, 0x0000000088900000|  0%| F|  |TAMS 0x0000000088800000, 0x0000000088800000| Untracked 
| 137|0x0000000088900000, 0x0000000088900000, 0x0000000088a00000|  0%| F|  |TAMS 0x0000000088900000, 0x0000000088900000| Untracked 
| 138|0x0000000088a00000, 0x0000000088a00000, 0x0000000088b00000|  0%| F|  |TAMS 0x0000000088a00000, 0x0000000088a00000| Untracked 
| 139|0x0000000088b00000, 0x0000000088b00000, 0x0000000088c00000|  0%| F|  |TAMS 0x0000000088b00000, 0x0000000088b00000| Untracked 
| 140|0x0000000088c00000, 0x0000000088c00000, 0x0000000088d00000|  0%| F|  |TAMS 0x0000000088c00000, 0x0000000088c00000| Untracked 
| 141|0x0000000088d00000, 0x0000000088d00000, 0x0000000088e00000|  0%| F|  |TAMS 0x0000000088d00000, 0x0000000088d00000| Untracked 
| 142|0x0000000088e00000, 0x0000000088e00000, 0x0000000088f00000|  0%| F|  |TAMS 0x0000000088e00000, 0x0000000088e00000| Untracked 
| 143|0x0000000088f00000, 0x0000000088f00000, 0x0000000089000000|  0%| F|  |TAMS 0x0000000088f00000, 0x0000000088f00000| Untracked 
| 144|0x0000000089000000, 0x0000000089000000, 0x0000000089100000|  0%| F|  |TAMS 0x0000000089000000, 0x0000000089000000| Untracked 
| 145|0x0000000089100000, 0x0000000089200000, 0x0000000089200000|100%| S|CS|TAMS 0x0000000089100000, 0x0000000089100000| Complete 
| 146|0x0000000089200000, 0x0000000089200000, 0x0000000089300000|  0%| F|  |TAMS 0x0000000089200000, 0x0000000089200000| Untracked 
| 147|0x0000000089300000, 0x0000000089300000, 0x0000000089400000|  0%| F|  |TAMS 0x0000000089300000, 0x0000000089300000| Untracked 
| 148|0x0000000089400000, 0x0000000089400000, 0x0000000089500000|  0%| F|  |TAMS 0x0000000089400000, 0x0000000089400000| Untracked 
| 149|0x0000000089500000, 0x0000000089600000, 0x0000000089600000|100%| S|CS|TAMS 0x0000000089500000, 0x0000000089500000| Complete 
| 150|0x0000000089600000, 0x0000000089600000, 0x0000000089700000|  0%| F|  |TAMS 0x0000000089600000, 0x0000000089600000| Untracked 
| 151|0x0000000089700000, 0x0000000089700000, 0x0000000089800000|  0%| F|  |TAMS 0x0000000089700000, 0x0000000089700000| Untracked 
| 152|0x0000000089800000, 0x0000000089800000, 0x0000000089900000|  0%| F|  |TAMS 0x0000000089800000, 0x0000000089800000| Untracked 
| 153|0x0000000089900000, 0x0000000089900000, 0x0000000089a00000|  0%| F|  |TAMS 0x0000000089900000, 0x0000000089900000| Untracked 
| 154|0x0000000089a00000, 0x0000000089a00000, 0x0000000089b00000|  0%| F|  |TAMS 0x0000000089a00000, 0x0000000089a00000| Untracked 
| 155|0x0000000089b00000, 0x0000000089b00000, 0x0000000089c00000|  0%| F|  |TAMS 0x0000000089b00000, 0x0000000089b00000| Untracked 
| 156|0x0000000089c00000, 0x0000000089c00000, 0x0000000089d00000|  0%| F|  |TAMS 0x0000000089c00000, 0x0000000089c00000| Untracked 
| 157|0x0000000089d00000, 0x0000000089d00000, 0x0000000089e00000|  0%| F|  |TAMS 0x0000000089d00000, 0x0000000089d00000| Untracked 
| 158|0x0000000089e00000, 0x0000000089e00000, 0x0000000089f00000|  0%| F|  |TAMS 0x0000000089e00000, 0x0000000089e00000| Untracked 
| 159|0x0000000089f00000, 0x0000000089f00000, 0x000000008a000000|  0%| F|  |TAMS 0x0000000089f00000, 0x0000000089f00000| Untracked 
| 160|0x000000008a000000, 0x000000008a000000, 0x000000008a100000|  0%| F|  |TAMS 0x000000008a000000, 0x000000008a000000| Untracked 
| 161|0x000000008a100000, 0x000000008a100000, 0x000000008a200000|  0%| F|  |TAMS 0x000000008a100000, 0x000000008a100000| Untracked 
| 162|0x000000008a200000, 0x000000008a200000, 0x000000008a300000|  0%| F|  |TAMS 0x000000008a200000, 0x000000008a200000| Untracked 
| 163|0x000000008a300000, 0x000000008a300000, 0x000000008a400000|  0%| F|  |TAMS 0x000000008a300000, 0x000000008a300000| Untracked 
| 164|0x000000008a400000, 0x000000008a400000, 0x000000008a500000|  0%| F|  |TAMS 0x000000008a400000, 0x000000008a400000| Untracked 
| 165|0x000000008a500000, 0x000000008a500000, 0x000000008a600000|  0%| F|  |TAMS 0x000000008a500000, 0x000000008a500000| Untracked 
| 166|0x000000008a600000, 0x000000008a600000, 0x000000008a700000|  0%| F|  |TAMS 0x000000008a600000, 0x000000008a600000| Untracked 
| 167|0x000000008a700000, 0x000000008a700000, 0x000000008a800000|  0%| F|  |TAMS 0x000000008a700000, 0x000000008a700000| Untracked 
| 168|0x000000008a800000, 0x000000008a800000, 0x000000008a900000|  0%| F|  |TAMS 0x000000008a800000, 0x000000008a800000| Untracked 
| 169|0x000000008a900000, 0x000000008a900000, 0x000000008aa00000|  0%| F|  |TAMS 0x000000008a900000, 0x000000008a900000| Untracked 
| 170|0x000000008aa00000, 0x000000008aa00000, 0x000000008ab00000|  0%| F|  |TAMS 0x000000008aa00000, 0x000000008aa00000| Untracked 
| 171|0x000000008ab00000, 0x000000008ab00000, 0x000000008ac00000|  0%| F|  |TAMS 0x000000008ab00000, 0x000000008ab00000| Untracked 
| 172|0x000000008ac00000, 0x000000008ac00000, 0x000000008ad00000|  0%| F|  |TAMS 0x000000008ac00000, 0x000000008ac00000| Untracked 
| 173|0x000000008ad00000, 0x000000008ad00000, 0x000000008ae00000|  0%| F|  |TAMS 0x000000008ad00000, 0x000000008ad00000| Untracked 
| 174|0x000000008ae00000, 0x000000008ae00000, 0x000000008af00000|  0%| F|  |TAMS 0x000000008ae00000, 0x000000008ae00000| Untracked 
| 175|0x000000008af00000, 0x000000008af00000, 0x000000008b000000|  0%| F|  |TAMS 0x000000008af00000, 0x000000008af00000| Untracked 
| 176|0x000000008b000000, 0x000000008b000000, 0x000000008b100000|  0%| F|  |TAMS 0x000000008b000000, 0x000000008b000000| Untracked 
| 177|0x000000008b100000, 0x000000008b100000, 0x000000008b200000|  0%| F|  |TAMS 0x000000008b100000, 0x000000008b100000| Untracked 
| 178|0x000000008b200000, 0x000000008b200000, 0x000000008b300000|  0%| F|  |TAMS 0x000000008b200000, 0x000000008b200000| Untracked 
| 179|0x000000008b300000, 0x000000008b300000, 0x000000008b400000|  0%| F|  |TAMS 0x000000008b300000, 0x000000008b300000| Untracked 
| 180|0x000000008b400000, 0x000000008b400000, 0x000000008b500000|  0%| F|  |TAMS 0x000000008b400000, 0x000000008b400000| Untracked 
| 181|0x000000008b500000, 0x000000008b500000, 0x000000008b600000|  0%| F|  |TAMS 0x000000008b500000, 0x000000008b500000| Untracked 
| 182|0x000000008b600000, 0x000000008b600000, 0x000000008b700000|  0%| F|  |TAMS 0x000000008b600000, 0x000000008b600000| Untracked 
| 183|0x000000008b700000, 0x000000008b700000, 0x000000008b800000|  0%| F|  |TAMS 0x000000008b700000, 0x000000008b700000| Untracked 
| 184|0x000000008b800000, 0x000000008b800000, 0x000000008b900000|  0%| F|  |TAMS 0x000000008b800000, 0x000000008b800000| Untracked 
| 185|0x000000008b900000, 0x000000008b900000, 0x000000008ba00000|  0%| F|  |TAMS 0x000000008b900000, 0x000000008b900000| Untracked 
| 186|0x000000008ba00000, 0x000000008ba00000, 0x000000008bb00000|  0%| F|  |TAMS 0x000000008ba00000, 0x000000008ba00000| Untracked 
| 187|0x000000008bb00000, 0x000000008bb00000, 0x000000008bc00000|  0%| F|  |TAMS 0x000000008bb00000, 0x000000008bb00000| Untracked 
| 188|0x000000008bc00000, 0x000000008bc00000, 0x000000008bd00000|  0%| F|  |TAMS 0x000000008bc00000, 0x000000008bc00000| Untracked 
| 189|0x000000008bd00000, 0x000000008bd00000, 0x000000008be00000|  0%| F|  |TAMS 0x000000008bd00000, 0x000000008bd00000| Untracked 
| 190|0x000000008be00000, 0x000000008be00000, 0x000000008bf00000|  0%| F|  |TAMS 0x000000008be00000, 0x000000008be00000| Untracked 
| 191|0x000000008bf00000, 0x000000008bf00000, 0x000000008c000000|  0%| F|  |TAMS 0x000000008bf00000, 0x000000008bf00000| Untracked 
| 192|0x000000008c000000, 0x000000008c000000, 0x000000008c100000|  0%| F|  |TAMS 0x000000008c000000, 0x000000008c000000| Untracked 
| 193|0x000000008c100000, 0x000000008c100000, 0x000000008c200000|  0%| F|  |TAMS 0x000000008c100000, 0x000000008c100000| Untracked 
| 194|0x000000008c200000, 0x000000008c200000, 0x000000008c300000|  0%| F|  |TAMS 0x000000008c200000, 0x000000008c200000| Untracked 
| 195|0x000000008c300000, 0x000000008c300000, 0x000000008c400000|  0%| F|  |TAMS 0x000000008c300000, 0x000000008c300000| Untracked 
| 196|0x000000008c400000, 0x000000008c400000, 0x000000008c500000|  0%| F|  |TAMS 0x000000008c400000, 0x000000008c400000| Untracked 
| 197|0x000000008c500000, 0x000000008c500000, 0x000000008c600000|  0%| F|  |TAMS 0x000000008c500000, 0x000000008c500000| Untracked 
| 198|0x000000008c600000, 0x000000008c600000, 0x000000008c700000|  0%| F|  |TAMS 0x000000008c600000, 0x000000008c600000| Untracked 
| 199|0x000000008c700000, 0x000000008c700000, 0x000000008c800000|  0%| F|  |TAMS 0x000000008c700000, 0x000000008c700000| Untracked 
| 200|0x000000008c800000, 0x000000008c800000, 0x000000008c900000|  0%| F|  |TAMS 0x000000008c800000, 0x000000008c800000| Untracked 
| 201|0x000000008c900000, 0x000000008c900000, 0x000000008ca00000|  0%| F|  |TAMS 0x000000008c900000, 0x000000008c900000| Untracked 
| 202|0x000000008ca00000, 0x000000008ca00000, 0x000000008cb00000|  0%| F|  |TAMS 0x000000008ca00000, 0x000000008ca00000| Untracked 
| 203|0x000000008cb00000, 0x000000008cb00000, 0x000000008cc00000|  0%| F|  |TAMS 0x000000008cb00000, 0x000000008cb00000| Untracked 
| 204|0x000000008cc00000, 0x000000008cc00000, 0x000000008cd00000|  0%| F|  |TAMS 0x000000008cc00000, 0x000000008cc00000| Untracked 
| 205|0x000000008cd00000, 0x000000008cd00000, 0x000000008ce00000|  0%| F|  |TAMS 0x000000008cd00000, 0x000000008cd00000| Untracked 
| 206|0x000000008ce00000, 0x000000008ce00000, 0x000000008cf00000|  0%| F|  |TAMS 0x000000008ce00000, 0x000000008ce00000| Untracked 
| 207|0x000000008cf00000, 0x000000008cf00000, 0x000000008d000000|  0%| F|  |TAMS 0x000000008cf00000, 0x000000008cf00000| Untracked 
| 208|0x000000008d000000, 0x000000008d000000, 0x000000008d100000|  0%| F|  |TAMS 0x000000008d000000, 0x000000008d000000| Untracked 
| 209|0x000000008d100000, 0x000000008d100000, 0x000000008d200000|  0%| F|  |TAMS 0x000000008d100000, 0x000000008d100000| Untracked 
| 210|0x000000008d200000, 0x000000008d200000, 0x000000008d300000|  0%| F|  |TAMS 0x000000008d200000, 0x000000008d200000| Untracked 
| 211|0x000000008d300000, 0x000000008d300000, 0x000000008d400000|  0%| F|  |TAMS 0x000000008d300000, 0x000000008d300000| Untracked 
| 212|0x000000008d400000, 0x000000008d400000, 0x000000008d500000|  0%| F|  |TAMS 0x000000008d400000, 0x000000008d400000| Untracked 
| 213|0x000000008d500000, 0x000000008d500000, 0x000000008d600000|  0%| F|  |TAMS 0x000000008d500000, 0x000000008d500000| Untracked 
| 214|0x000000008d600000, 0x000000008d600000, 0x000000008d700000|  0%| F|  |TAMS 0x000000008d600000, 0x000000008d600000| Untracked 
| 215|0x000000008d700000, 0x000000008d700000, 0x000000008d800000|  0%| F|  |TAMS 0x000000008d700000, 0x000000008d700000| Untracked 
| 216|0x000000008d800000, 0x000000008d800000, 0x000000008d900000|  0%| F|  |TAMS 0x000000008d800000, 0x000000008d800000| Untracked 
| 217|0x000000008d900000, 0x000000008d900000, 0x000000008da00000|  0%| F|  |TAMS 0x000000008d900000, 0x000000008d900000| Untracked 
| 218|0x000000008da00000, 0x000000008da00000, 0x000000008db00000|  0%| F|  |TAMS 0x000000008da00000, 0x000000008da00000| Untracked 
| 219|0x000000008db00000, 0x000000008db00000, 0x000000008dc00000|  0%| F|  |TAMS 0x000000008db00000, 0x000000008db00000| Untracked 
| 220|0x000000008dc00000, 0x000000008dc00000, 0x000000008dd00000|  0%| F|  |TAMS 0x000000008dc00000, 0x000000008dc00000| Untracked 
| 221|0x000000008dd00000, 0x000000008dd00000, 0x000000008de00000|  0%| F|  |TAMS 0x000000008dd00000, 0x000000008dd00000| Untracked 
| 222|0x000000008de00000, 0x000000008de00000, 0x000000008df00000|  0%| F|  |TAMS 0x000000008de00000, 0x000000008de00000| Untracked 
| 223|0x000000008df00000, 0x000000008df00000, 0x000000008e000000|  0%| F|  |TAMS 0x000000008df00000, 0x000000008df00000| Untracked 
| 224|0x000000008e000000, 0x000000008e000000, 0x000000008e100000|  0%| F|  |TAMS 0x000000008e000000, 0x000000008e000000| Untracked 
| 225|0x000000008e100000, 0x000000008e100000, 0x000000008e200000|  0%| F|  |TAMS 0x000000008e100000, 0x000000008e100000| Untracked 
| 226|0x000000008e200000, 0x000000008e200000, 0x000000008e300000|  0%| F|  |TAMS 0x000000008e200000, 0x000000008e200000| Untracked 
| 227|0x000000008e300000, 0x000000008e300000, 0x000000008e400000|  0%| F|  |TAMS 0x000000008e300000, 0x000000008e300000| Untracked 
| 228|0x000000008e400000, 0x000000008e400000, 0x000000008e500000|  0%| F|  |TAMS 0x000000008e400000, 0x000000008e400000| Untracked 
| 229|0x000000008e500000, 0x000000008e500000, 0x000000008e600000|  0%| F|  |TAMS 0x000000008e500000, 0x000000008e500000| Untracked 
| 230|0x000000008e600000, 0x000000008e600000, 0x000000008e700000|  0%| F|  |TAMS 0x000000008e600000, 0x000000008e600000| Untracked 
| 231|0x000000008e700000, 0x000000008e700000, 0x000000008e800000|  0%| F|  |TAMS 0x000000008e700000, 0x000000008e700000| Untracked 
| 232|0x000000008e800000, 0x000000008e800000, 0x000000008e900000|  0%| F|  |TAMS 0x000000008e800000, 0x000000008e800000| Untracked 
| 233|0x000000008e900000, 0x000000008e900000, 0x000000008ea00000|  0%| F|  |TAMS 0x000000008e900000, 0x000000008e900000| Untracked 
| 234|0x000000008ea00000, 0x000000008ea00000, 0x000000008eb00000|  0%| F|  |TAMS 0x000000008ea00000, 0x000000008ea00000| Untracked 
| 235|0x000000008eb00000, 0x000000008eb00000, 0x000000008ec00000|  0%| F|  |TAMS 0x000000008eb00000, 0x000000008eb00000| Untracked 
| 236|0x000000008ec00000, 0x000000008ec00000, 0x000000008ed00000|  0%| F|  |TAMS 0x000000008ec00000, 0x000000008ec00000| Untracked 
| 237|0x000000008ed00000, 0x000000008ed00000, 0x000000008ee00000|  0%| F|  |TAMS 0x000000008ed00000, 0x000000008ed00000| Untracked 
| 238|0x000000008ee00000, 0x000000008ee00000, 0x000000008ef00000|  0%| F|  |TAMS 0x000000008ee00000, 0x000000008ee00000| Untracked 
| 239|0x000000008ef00000, 0x000000008ef00000, 0x000000008f000000|  0%| F|  |TAMS 0x000000008ef00000, 0x000000008ef00000| Untracked 
| 240|0x000000008f000000, 0x000000008f000000, 0x000000008f100000|  0%| F|  |TAMS 0x000000008f000000, 0x000000008f000000| Untracked 
| 241|0x000000008f100000, 0x000000008f100000, 0x000000008f200000|  0%| F|  |TAMS 0x000000008f100000, 0x000000008f100000| Untracked 
| 242|0x000000008f200000, 0x000000008f200000, 0x000000008f300000|  0%| F|  |TAMS 0x000000008f200000, 0x000000008f200000| Untracked 
| 243|0x000000008f300000, 0x000000008f300000, 0x000000008f400000|  0%| F|  |TAMS 0x000000008f300000, 0x000000008f300000| Untracked 
| 244|0x000000008f400000, 0x000000008f400000, 0x000000008f500000|  0%| F|  |TAMS 0x000000008f400000, 0x000000008f400000| Untracked 
| 245|0x000000008f500000, 0x000000008f500000, 0x000000008f600000|  0%| F|  |TAMS 0x000000008f500000, 0x000000008f500000| Untracked 
| 246|0x000000008f600000, 0x000000008f600000, 0x000000008f700000|  0%| F|  |TAMS 0x000000008f600000, 0x000000008f600000| Untracked 
| 247|0x000000008f700000, 0x000000008f700000, 0x000000008f800000|  0%| F|  |TAMS 0x000000008f700000, 0x000000008f700000| Untracked 
| 248|0x000000008f800000, 0x000000008f800000, 0x000000008f900000|  0%| F|  |TAMS 0x000000008f800000, 0x000000008f800000| Untracked 
| 249|0x000000008f900000, 0x000000008f900000, 0x000000008fa00000|  0%| F|  |TAMS 0x000000008f900000, 0x000000008f900000| Untracked 
| 250|0x000000008fa00000, 0x000000008fa00000, 0x000000008fb00000|  0%| F|  |TAMS 0x000000008fa00000, 0x000000008fa00000| Untracked 
| 251|0x000000008fb00000, 0x000000008fb00000, 0x000000008fc00000|  0%| F|  |TAMS 0x000000008fb00000, 0x000000008fb00000| Untracked 
| 252|0x000000008fc00000, 0x000000008fc00000, 0x000000008fd00000|  0%| F|  |TAMS 0x000000008fc00000, 0x000000008fc00000| Untracked 
| 253|0x000000008fd00000, 0x000000008fd00000, 0x000000008fe00000|  0%| F|  |TAMS 0x000000008fd00000, 0x000000008fd00000| Untracked 

Card table byte_map: [0x0000028e74670000,0x0000028e74a70000] _byte_map_base: 0x0000028e74270000

Marking Bits (Prev, Next): (CMBitMap*) 0x0000028e70e0c840, (CMBitMap*) 0x0000028e70e0c880
 Prev Bits: [0x0000028e74e70000, 0x0000028e76e70000)
 Next Bits: [0x0000028e76e70000, 0x0000028e78e70000)

Polling page: 0x0000028e6eca0000

Metaspace:

Usage:
  Non-class:     80.57 MB used.
      Class:     12.45 MB used.
       Both:     93.02 MB used.

Virtual space:
  Non-class space:       88.00 MB reserved,      81.00 MB ( 92%) committed,  11 nodes.
      Class space:        1.00 GB reserved,      12.81 MB (  1%) committed,  1 nodes.
             Both:        1.09 GB reserved,      93.81 MB (  8%) committed. 

Chunk freelists:
   Non-Class:  2.45 MB
       Class:  3.22 MB
        Both:  5.67 MB

MaxMetaspaceSize: unlimited
CompressedClassSpaceSize: 1.00 GB
Initial GC threshold: 21.00 MB
Current GC threshold: 116.56 MB
CDS: off
MetaspaceReclaimPolicy: balanced
 - commit_granule_bytes: 65536.
 - commit_granule_words: 8192.
 - virtual_space_node_default_size: 1048576.
 - enlarge_chunks_in_place: 1.
 - new_chunks_are_fully_committed: 0.
 - uncommit_free_chunks: 1.
 - use_allocation_guard: 0.
 - handle_deallocations: 1.


Internal statistics:

num_allocs_failed_limit: 6.
num_arena_births: 990.
num_arena_deaths: 0.
num_vsnodes_births: 12.
num_vsnodes_deaths: 0.
num_space_committed: 1500.
num_space_uncommitted: 0.
num_chunks_returned_to_freelist: 6.
num_chunks_taken_from_freelist: 4515.
num_chunk_merges: 6.
num_chunk_splits: 2939.
num_chunks_enlarged: 1917.
num_purges: 0.
num_inconsistent_stats: 0.

CodeHeap 'non-profiled nmethods': size=120000Kb used=6879Kb max_used=6879Kb free=113120Kb
 bounds [0x0000028e07ad0000, 0x0000028e08190000, 0x0000028e0f000000]
CodeHeap 'profiled nmethods': size=120000Kb used=20961Kb max_used=20961Kb free=99038Kb
 bounds [0x0000028e00000000, 0x0000028e01480000, 0x0000028e07530000]
CodeHeap 'non-nmethods': size=5760Kb used=2381Kb max_used=2464Kb free=3378Kb
 bounds [0x0000028e07530000, 0x0000028e077b0000, 0x0000028e07ad0000]
 total_blobs=11522 nmethods=10608 adapters=826
 compilation: enabled
              stopped_count=0, restarted_count=0
 full_count=0

Compilation events (20 events):
Event: 22.077 Thread 0x0000028e7bcf5f20 nmethod 12230 0x0000028e01472210 code [0x0000028e014723a0, 0x0000028e01472508]
Event: 22.077 Thread 0x0000028e7bcf5f20 12224       2       com.android.resources.WideGamutColor::getEnum (42 bytes)
Event: 22.077 Thread 0x0000028e7bcf5f20 nmethod 12224 0x0000028e01472590 code [0x0000028e01472760, 0x0000028e014729b8]
Event: 22.077 Thread 0x0000028e7bcf5f20 12227       2       com.android.resources.HighDynamicRange::getEnum (42 bytes)
Event: 22.077 Thread 0x0000028e7bcf5f20 nmethod 12227 0x0000028e01472b90 code [0x0000028e01472d60, 0x0000028e01472fb8]
Event: 22.077 Thread 0x0000028e7bcf5f20 12212       2       org.apache.xerces.util.XMLStringBuffer::append (17 bytes)
Event: 22.077 Thread 0x0000028e7bcf5f20 nmethod 12212 0x0000028e01473190 code [0x0000028e01473320, 0x0000028e01473468]
Event: 22.077 Thread 0x0000028e7bcf5f20 12220       2       com.android.ide.common.resources.configuration.ScreenRoundQualifier::checkAndSet (29 bytes)
Event: 22.078 Thread 0x0000028e7bcf5f20 nmethod 12220 0x0000028e01473590 code [0x0000028e01473740, 0x0000028e01473a68]
Event: 22.078 Thread 0x0000028e7bcf5f20 12223       2       com.android.ide.common.resources.configuration.WideGamutColorQualifier::checkAndSet (29 bytes)
Event: 22.078 Thread 0x0000028e7bcf5f20 nmethod 12223 0x0000028e01473c10 code [0x0000028e01473dc0, 0x0000028e014740e8]
Event: 22.078 Thread 0x0000028e7bcf5f20 12233 %     3       com.android.ide.common.resources.FileResourceNameValidator::getErrorTextForNameWithoutExtension @ 46 (113 bytes)
Event: 22.079 Thread 0x0000028e7bcf5f20 nmethod 12233% 0x0000028e01474290 code [0x0000028e01474700, 0x0000028e01476948]
Event: 22.079 Thread 0x0000028e7bcf5f20 12243 %     3       java.lang.StringLatin1$CharsSpliterator::forEachRemaining @ 49 (72 bytes)
Event: 22.079 Thread 0x0000028e7bcf5f20 nmethod 12243% 0x0000028e01477490 code [0x0000028e01477660, 0x0000028e01477b58]
Event: 22.079 Thread 0x0000028e7bcf5f20 12236       2       com.android.resources.NightMode::getEnum (42 bytes)
Event: 22.080 Thread 0x0000028e7bcf5f20 nmethod 12236 0x0000028e01477d10 code [0x0000028e01477ee0, 0x0000028e01478138]
Event: 22.080 Thread 0x0000028e7bcf5f20 12226       2       com.android.ide.common.resources.configuration.HighDynamicRangeQualifier::checkAndSet (29 bytes)
Event: 22.080 Thread 0x0000028e7bcf5f20 nmethod 12226 0x0000028e01478310 code [0x0000028e014784c0, 0x0000028e014787e8]
Event: 22.080 Thread 0x0000028e7bcf5f20 12205       3       org.apache.xerces.util.XMLStringBuffer::clear (11 bytes)

GC Heap History (20 events):
Event: 14.466 GC heap after
{Heap after GC invocations=40 (full 0):
 garbage-first heap   total 171008K, used 66441K [0x0000000080000000, 0x0000000100000000)
  region size 1024K, 7 young (7168K), 7 survivors (7168K)
 Metaspace       used 76500K, committed 77056K, reserved 1122304K
  class space    used 10298K, committed 10560K, reserved 1048576K
}
Event: 14.467 GC heap before
{Heap before GC invocations=40 (full 0):
 garbage-first heap   total 171008K, used 67465K [0x0000000080000000, 0x0000000100000000)
  region size 1024K, 8 young (8192K), 7 survivors (7168K)
 Metaspace       used 76500K, committed 77056K, reserved 1122304K
  class space    used 10298K, committed 10560K, reserved 1048576K
}
Event: 14.477 GC heap after
{Heap after GC invocations=41 (full 0):
 garbage-first heap   total 171008K, used 65886K [0x0000000080000000, 0x0000000100000000)
  region size 1024K, 1 young (1024K), 1 survivors (1024K)
 Metaspace       used 76500K, committed 77056K, reserved 1122304K
  class space    used 10298K, committed 10560K, reserved 1048576K
}
Event: 15.436 GC heap before
{Heap before GC invocations=41 (full 0):
 garbage-first heap   total 171008K, used 131422K [0x0000000080000000, 0x0000000100000000)
  region size 1024K, 65 young (66560K), 1 survivors (1024K)
 Metaspace       used 81448K, committed 82048K, reserved 1122304K
  class space    used 11075K, committed 11328K, reserved 1048576K
}
Event: 15.442 GC heap after
{Heap after GC invocations=42 (full 0):
 garbage-first heap   total 171008K, used 70241K [0x0000000080000000, 0x0000000100000000)
  region size 1024K, 5 young (5120K), 5 survivors (5120K)
 Metaspace       used 81448K, committed 82048K, reserved 1122304K
  class space    used 11075K, committed 11328K, reserved 1048576K
}
Event: 16.782 GC heap before
{Heap before GC invocations=42 (full 0):
 garbage-first heap   total 171008K, used 133729K [0x0000000080000000, 0x0000000100000000)
  region size 1024K, 67 young (68608K), 5 survivors (5120K)
 Metaspace       used 84770K, committed 85440K, reserved 1130496K
  class space    used 11504K, committed 11776K, reserved 1048576K
}
Event: 16.793 GC heap after
{Heap after GC invocations=43 (full 0):
 garbage-first heap   total 171008K, used 78265K [0x0000000080000000, 0x0000000100000000)
  region size 1024K, 9 young (9216K), 9 survivors (9216K)
 Metaspace       used 84770K, committed 85440K, reserved 1130496K
  class space    used 11504K, committed 11776K, reserved 1048576K
}
Event: 18.613 GC heap before
{Heap before GC invocations=43 (full 0):
 garbage-first heap   total 171008K, used 134585K [0x0000000080000000, 0x0000000100000000)
  region size 1024K, 64 young (65536K), 9 survivors (9216K)
 Metaspace       used 89062K, committed 89856K, reserved 1130496K
  class space    used 12051K, committed 12416K, reserved 1048576K
}
Event: 18.627 GC heap after
{Heap after GC invocations=44 (full 0):
 garbage-first heap   total 171008K, used 86985K [0x0000000080000000, 0x0000000100000000)
  region size 1024K, 8 young (8192K), 8 survivors (8192K)
 Metaspace       used 89062K, committed 89856K, reserved 1130496K
  class space    used 12051K, committed 12416K, reserved 1048576K
}
Event: 19.449 GC heap before
{Heap before GC invocations=44 (full 0):
 garbage-first heap   total 171008K, used 134089K [0x0000000080000000, 0x0000000100000000)
  region size 1024K, 55 young (56320K), 8 survivors (8192K)
 Metaspace       used 89415K, committed 90176K, reserved 1130496K
  class space    used 12055K, committed 12416K, reserved 1048576K
}
Event: 19.458 GC heap after
{Heap after GC invocations=45 (full 0):
 garbage-first heap   total 171008K, used 90494K [0x0000000080000000, 0x0000000100000000)
  region size 1024K, 4 young (4096K), 4 survivors (4096K)
 Metaspace       used 89415K, committed 90176K, reserved 1130496K
  class space    used 12055K, committed 12416K, reserved 1048576K
}
Event: 20.382 GC heap before
{Heap before GC invocations=45 (full 0):
 garbage-first heap   total 171008K, used 137598K [0x0000000080000000, 0x0000000100000000)
  region size 1024K, 50 young (51200K), 4 survivors (4096K)
 Metaspace       used 90141K, committed 90880K, reserved 1130496K
  class space    used 12119K, committed 12416K, reserved 1048576K
}
Event: 20.388 GC heap after
{Heap after GC invocations=46 (full 0):
 garbage-first heap   total 171008K, used 94966K [0x0000000080000000, 0x0000000100000000)
  region size 1024K, 7 young (7168K), 7 survivors (7168K)
 Metaspace       used 90141K, committed 90880K, reserved 1130496K
  class space    used 12119K, committed 12416K, reserved 1048576K
}
Event: 21.168 GC heap before
{Heap before GC invocations=46 (full 0):
 garbage-first heap   total 171008K, used 143094K [0x0000000080000000, 0x0000000100000000)
  region size 1024K, 50 young (51200K), 7 survivors (7168K)
 Metaspace       used 92928K, committed 93696K, reserved 1130496K
  class space    used 12511K, committed 12864K, reserved 1048576K
}
Event: 21.181 GC heap after
{Heap after GC invocations=47 (full 0):
 garbage-first heap   total 171008K, used 108641K [0x0000000080000000, 0x0000000100000000)
  region size 1024K, 7 young (7168K), 7 survivors (7168K)
 Metaspace       used 92928K, committed 93696K, reserved 1130496K
  class space    used 12511K, committed 12864K, reserved 1048576K
}
Event: 21.444 GC heap before
{Heap before GC invocations=47 (full 0):
 garbage-first heap   total 171008K, used 133217K [0x0000000080000000, 0x0000000100000000)
  region size 1024K, 31 young (31744K), 7 survivors (7168K)
 Metaspace       used 93434K, committed 94208K, reserved 1138688K
  class space    used 12562K, committed 12928K, reserved 1048576K
}
Event: 21.454 GC heap after
{Heap after GC invocations=48 (full 0):
 garbage-first heap   total 171008K, used 117248K [0x0000000080000000, 0x0000000100000000)
  region size 1024K, 4 young (4096K), 4 survivors (4096K)
 Metaspace       used 93434K, committed 94208K, reserved 1138688K
  class space    used 12562K, committed 12928K, reserved 1048576K
}
Event: 21.848 GC heap before
{Heap before GC invocations=48 (full 0):
 garbage-first heap   total 171008K, used 152064K [0x0000000080000000, 0x0000000100000000)
  region size 1024K, 22 young (22528K), 4 survivors (4096K)
 Metaspace       used 93924K, committed 94720K, reserved 1138688K
  class space    used 12613K, committed 12992K, reserved 1048576K
}
Event: 21.855 GC heap after
{Heap after GC invocations=49 (full 0):
 garbage-first heap   total 171008K, used 121342K [0x0000000080000000, 0x0000000100000000)
  region size 1024K, 3 young (3072K), 3 survivors (3072K)
 Metaspace       used 93924K, committed 94720K, reserved 1138688K
  class space    used 12613K, committed 12992K, reserved 1048576K
}
Event: 22.080 GC heap before
{Heap before GC invocations=49 (full 0):
 garbage-first heap   total 171008K, used 139774K [0x0000000080000000, 0x0000000100000000)
  region size 1024K, 20 young (20480K), 3 survivors (3072K)
 Metaspace       used 95256K, committed 96064K, reserved 1138688K
  class space    used 12750K, committed 13120K, reserved 1048576K
}

Dll operation events (2 events):
Event: 0.017 Loaded shared library C:\Program Files\Android\Android Studio2\jbr\bin\java.dll
Event: 0.972 Loaded shared library C:\Program Files\Android\Android Studio2\jbr\bin\verify.dll

Deoptimization events (20 events):
Event: 22.068 Thread 0x0000028e0f947df0 Uncommon trap: trap_request=0xffffff45 fr.pc=0x0000028e08108b6c relative=0x0000000000001c0c
Event: 22.068 Thread 0x0000028e0f947df0 Uncommon trap: reason=unstable_if action=reinterpret pc=0x0000028e08108b6c method=org.apache.xerces.dom.DeferredDocumentImpl.ensureCapacity(I)V @ 4 c2
Event: 22.068 Thread 0x0000028e0f947df0 DEOPT PACKING pc=0x0000028e08108b6c sp=0x000000d26b8fa3f0
Event: 22.068 Thread 0x0000028e0f947df0 DEOPT UNPACKING pc=0x0000028e075869a3 sp=0x000000d26b8fa3c8 mode 2
Event: 22.069 Thread 0x0000028e0f947df0 Uncommon trap: trap_request=0xffffff45 fr.pc=0x0000028e080ff7d0 relative=0x0000000000000210
Event: 22.069 Thread 0x0000028e0f947df0 Uncommon trap: reason=unstable_if action=reinterpret pc=0x0000028e080ff7d0 method=org.apache.xerces.impl.XMLEntityScanner.skipSpaces()Z @ 60 c2
Event: 22.069 Thread 0x0000028e0f947df0 DEOPT PACKING pc=0x0000028e080ff7d0 sp=0x000000d26b8fa650
Event: 22.069 Thread 0x0000028e0f947df0 DEOPT UNPACKING pc=0x0000028e075869a3 sp=0x000000d26b8fa5d0 mode 2
Event: 22.069 Thread 0x0000028e0f947df0 Uncommon trap: trap_request=0xffffff45 fr.pc=0x0000028e08104bd4 relative=0x0000000000001f14
Event: 22.069 Thread 0x0000028e0f947df0 Uncommon trap: reason=unstable_if action=reinterpret pc=0x0000028e08104bd4 method=org.apache.xerces.impl.XMLNSDocumentScannerImpl.scanStartElement()Z @ 42 c2
Event: 22.069 Thread 0x0000028e0f947df0 DEOPT PACKING pc=0x0000028e08104bd4 sp=0x000000d26b8fa510
Event: 22.069 Thread 0x0000028e0f947df0 DEOPT UNPACKING pc=0x0000028e075869a3 sp=0x000000d26b8fa4b0 mode 2
Event: 22.069 Thread 0x0000028e0f947df0 Uncommon trap: trap_request=0xffffff45 fr.pc=0x0000028e080fb7f8 relative=0x0000000000001778
Event: 22.069 Thread 0x0000028e0f947df0 Uncommon trap: reason=unstable_if action=reinterpret pc=0x0000028e080fb7f8 method=org.apache.xerces.util.XMLStringBuffer.append([CII)V @ 11 c2
Event: 22.069 Thread 0x0000028e0f947df0 DEOPT PACKING pc=0x0000028e080fb7f8 sp=0x000000d26b8fa3e0
Event: 22.069 Thread 0x0000028e0f947df0 DEOPT UNPACKING pc=0x0000028e075869a3 sp=0x000000d26b8fa290 mode 2
Event: 22.074 Thread 0x0000028e0f947df0 Uncommon trap: trap_request=0xffffff45 fr.pc=0x0000028e081230fc relative=0x000000000000359c
Event: 22.074 Thread 0x0000028e0f947df0 Uncommon trap: reason=unstable_if action=reinterpret pc=0x0000028e081230fc method=org.apache.xerces.dom.DeferredAttrNSImpl.synchronizeData()V @ 36 c2
Event: 22.075 Thread 0x0000028e0f947df0 DEOPT PACKING pc=0x0000028e081230fc sp=0x000000d26b8fa9f0
Event: 22.075 Thread 0x0000028e0f947df0 DEOPT UNPACKING pc=0x0000028e075869a3 sp=0x000000d26b8fa8b8 mode 2

Classes unloaded (0 events):
No events

Classes redefined (0 events):
No events

Internal exceptions (20 events):
Event: 18.993 Thread 0x0000028e7d8762c0 Implicit null exception at 0x0000028e07cdf240 to 0x0000028e07cdfc90
Event: 18.993 Thread 0x0000028e7d8715c0 Implicit null exception at 0x0000028e07cdf240 to 0x0000028e07cdfc90
Event: 18.993 Thread 0x0000028e7d874110 Implicit null exception at 0x0000028e07cdf240 to 0x0000028e07cdfc90
Event: 18.993 Thread 0x0000028e7d873c40 Implicit null exception at 0x0000028e07cdf240 to 0x0000028e07cdfc90
Event: 18.993 Thread 0x0000028e7d8762c0 Implicit null exception at 0x0000028e07cdf240 to 0x0000028e07cdfc90
Event: 18.993 Thread 0x0000028e7d8715c0 Implicit null exception at 0x0000028e07cdf240 to 0x0000028e07cdfc90
Event: 19.028 Thread 0x0000028e7d877600 Implicit null exception at 0x0000028e07cf5b04 to 0x0000028e07cf6580
Event: 19.736 Thread 0x0000028e0f947920 Exception <a 'java/lang/ClassNotFoundException'{0x00000000892f53e0}: com/google/firebase/crashlytics/buildtools/mappingfiles/MappingFileIdReaderBeanInfo> (0x00000000892f53e0) 
thrown [s\src\hotspot\share\classfile\systemDictionary.cpp, line 256]
Event: 19.736 Thread 0x0000028e0f947920 Exception <a 'java/lang/ClassNotFoundException'{0x00000000892fd148}: com/google/firebase/crashlytics/buildtools/mappingfiles/MappingFileIdReaderCustomizer> (0x00000000892fd148) 
thrown [s\src\hotspot\share\classfile\systemDictionary.cpp, line 256]
Event: 19.741 Thread 0x0000028e0f947920 Exception <a 'java/lang/ClassNotFoundException'{0x0000000089123060}: com/google/firebase/crashlytics/buildtools/mappingfiles/MappingFileIdReader$FileIdReaderBeanInfo> (0x0000000089123060) 
thrown [s\src\hotspot\share\classfile\systemDictionary.cpp, line 256]
Event: 19.741 Thread 0x0000028e0f947920 Exception <a 'java/lang/ClassNotFoundException'{0x000000008912af80}: com/google/firebase/crashlytics/buildtools/mappingfiles/MappingFileIdReader$FileIdReaderCustomizer> (0x000000008912af80) 
thrown [s\src\hotspot\share\classfile\systemDictionary.cpp, line 256]
Event: 20.408 Thread 0x0000028e0f947920 Exception <a 'sun/nio/fs/WindowsException'{0x000000008d33b980}> (0x000000008d33b980) 
thrown [s\src\hotspot\share\prims\jni.cpp, line 517]
Event: 20.408 Thread 0x0000028e0f947920 Exception <a 'sun/nio/fs/WindowsException'{0x000000008d33bd70}> (0x000000008d33bd70) 
thrown [s\src\hotspot\share\prims\jni.cpp, line 517]
Event: 20.462 Thread 0x0000028e7e644060 Exception <a 'java/lang/NoSuchMethodError'{0x000000008d178358}: static [Ljava/lang/Object;.<clinit>()V> (0x000000008d178358) 
thrown [s\src\hotspot\share\prims\jni.cpp, line 1108]
Event: 21.561 Thread 0x0000028e0f947920 Implicit null exception at 0x0000028e08127e20 to 0x0000028e08128930
Event: 21.562 Thread 0x0000028e0f947920 Implicit null exception at 0x0000028e08135bce to 0x0000028e0813625c
Event: 21.562 Thread 0x0000028e0f947920 Implicit null exception at 0x0000028e081348cb to 0x0000028e08134f94
Event: 21.801 Thread 0x0000028e0f947920 Exception <a 'java/lang/NoSuchMethodError'{0x0000000089661aa0}: static Lcom/android/ide/common/resources/CompileResourceRequest;.<clinit>()V> (0x0000000089661aa0) 
thrown [s\src\hotspot\share\prims\jni.cpp, line 1108]
Event: 21.832 Thread 0x0000028e0f947920 Exception <a 'java/lang/NoSuchMethodError'{0x00000000896ef610}: static Lkotlin/InitializedLazyImpl;.<clinit>()V> (0x00000000896ef610) 
thrown [s\src\hotspot\share\prims\jni.cpp, line 1108]
Event: 22.068 Thread 0x0000028e0f947df0 Implicit null exception at 0x0000028e08106fa0 to 0x0000028e08108b55

VM Operations (20 events):
Event: 20.440 Executing VM operation: HandshakeAllThreads done
Event: 20.441 Executing VM operation: HandshakeAllThreads
Event: 20.441 Executing VM operation: HandshakeAllThreads done
Event: 20.444 Executing VM operation: HandshakeAllThreads
Event: 20.444 Executing VM operation: HandshakeAllThreads done
Event: 21.130 Executing VM operation: ICBufferFull
Event: 21.130 Executing VM operation: ICBufferFull done
Event: 21.167 Executing VM operation: G1CollectForAllocation
Event: 21.181 Executing VM operation: G1CollectForAllocation done
Event: 21.232 Executing VM operation: HandshakeAllThreads
Event: 21.232 Executing VM operation: HandshakeAllThreads done
Event: 21.444 Executing VM operation: G1CollectForAllocation
Event: 21.454 Executing VM operation: G1CollectForAllocation done
Event: 21.811 Executing VM operation: HandshakeAllThreads
Event: 21.811 Executing VM operation: HandshakeAllThreads done
Event: 21.825 Executing VM operation: ICBufferFull
Event: 21.826 Executing VM operation: ICBufferFull done
Event: 21.848 Executing VM operation: G1CollectForAllocation
Event: 21.856 Executing VM operation: G1CollectForAllocation done
Event: 22.080 Executing VM operation: G1CollectForAllocation

Events (20 events):
Event: 21.897 loading class com/sun/xml/internal/stream/events/AttributeImpl
Event: 21.897 loading class javax/xml/stream/events/Attribute
Event: 21.897 loading class javax/xml/stream/events/Attribute done
Event: 21.897 loading class com/sun/xml/internal/stream/events/AttributeImpl done
Event: 21.897 loading class com/sun/xml/internal/stream/events/NamespaceImpl
Event: 21.897 loading class javax/xml/stream/events/Namespace
Event: 21.897 loading class javax/xml/stream/events/Namespace done
Event: 21.897 loading class com/sun/xml/internal/stream/events/NamespaceImpl done
Event: 21.897 loading class com/sun/org/apache/xerces/internal/util/NamespaceSupport$Prefixes
Event: 21.897 loading class com/sun/org/apache/xerces/internal/util/NamespaceSupport$Prefixes done
Event: 21.899 loading class com/sun/xml/internal/stream/util/ReadOnlyIterator
Event: 21.899 loading class com/sun/xml/internal/stream/util/ReadOnlyIterator done
Event: 21.921 loading class com/sun/xml/internal/stream/events/CharacterEvent
Event: 21.922 loading class javax/xml/stream/events/Characters
Event: 21.922 loading class javax/xml/stream/events/Characters done
Event: 21.922 loading class com/sun/xml/internal/stream/events/CharacterEvent done
Event: 21.935 loading class com/sun/xml/internal/stream/events/EndElementEvent
Event: 21.935 loading class javax/xml/stream/events/EndElement
Event: 21.935 loading class javax/xml/stream/events/EndElement done
Event: 21.935 loading class com/sun/xml/internal/stream/events/EndElementEvent done


Dynamic libraries:
0x00007ff6e6720000 - 0x00007ff6e672a000 	C:\Program Files\Android\Android Studio2\jbr\bin\java.exe
0x00007ffb93730000 - 0x00007ffb93928000 	C:\WINDOWS\SYSTEM32\ntdll.dll
0x00007ffb92820000 - 0x00007ffb928dd000 	C:\WINDOWS\System32\KERNEL32.DLL
0x00007ffb91100000 - 0x00007ffb913f6000 	C:\WINDOWS\System32\KERNELBASE.dll
0x000000006fe50000 - 0x000000006feff000 	C:\ProgramData\Symantec\Symantec Endpoint Protection\14.3.5413.3000.105\Data\Sysfer\x64\sysfer.dll
0x00007ffb914a0000 - 0x00007ffb915a0000 	C:\WINDOWS\System32\ucrtbase.dll
0x00007ffb44b80000 - 0x00007ffb44b97000 	C:\Program Files\Android\Android Studio2\jbr\bin\jli.dll
0x00007ffb93430000 - 0x00007ffb935ce000 	C:\WINDOWS\System32\USER32.dll
0x00007ffb76830000 - 0x00007ffb7684b000 	C:\Program Files\Android\Android Studio2\jbr\bin\VCRUNTIME140.dll
0x00007ffb844d0000 - 0x00007ffb8476a000 	C:\WINDOWS\WinSxS\amd64_microsoft.windows.common-controls_6595b64144ccf1df_6.0.19041.3636_none_60b6a03d71f818d5\COMCTL32.dll
0x00007ffb91750000 - 0x00007ffb91772000 	C:\WINDOWS\System32\win32u.dll
0x00007ffb928e0000 - 0x00007ffb9297e000 	C:\WINDOWS\System32\msvcrt.dll
0x00007ffb91920000 - 0x00007ffb9194c000 	C:\WINDOWS\System32\GDI32.dll
0x00007ffb91630000 - 0x00007ffb9174a000 	C:\WINDOWS\System32\gdi32full.dll
0x00007ffb91400000 - 0x00007ffb9149d000 	C:\WINDOWS\System32\msvcp_win.dll
0x00007ffb91dc0000 - 0x00007ffb91df0000 	C:\WINDOWS\System32\IMM32.DLL
0x00007ffb8c910000 - 0x00007ffb8c91c000 	C:\Program Files\Android\Android Studio2\jbr\bin\vcruntime140_1.dll
0x00007ffb56200000 - 0x00007ffb5628d000 	C:\Program Files\Android\Android Studio2\jbr\bin\msvcp140.dll
0x00007ffb09210000 - 0x00007ffb09e7e000 	C:\Program Files\Android\Android Studio2\jbr\bin\server\jvm.dll
0x00007ffb91780000 - 0x00007ffb91833000 	C:\WINDOWS\System32\ADVAPI32.dll
0x00007ffb92780000 - 0x00007ffb9281f000 	C:\WINDOWS\System32\sechost.dll
0x00007ffb92c70000 - 0x00007ffb92d96000 	C:\WINDOWS\System32\RPCRT4.dll
0x00007ffb910d0000 - 0x00007ffb910f7000 	C:\WINDOWS\System32\bcrypt.dll
0x00007ffb840f0000 - 0x00007ffb840f9000 	C:\WINDOWS\SYSTEM32\WSOCK32.dll
0x00007ffb92630000 - 0x00007ffb9269b000 	C:\WINDOWS\System32\WS2_32.dll
0x00007ffb82c30000 - 0x00007ffb82c57000 	C:\WINDOWS\SYSTEM32\WINMM.dll
0x00007ffb87bd0000 - 0x00007ffb87bda000 	C:\WINDOWS\SYSTEM32\VERSION.dll
0x00007ffb8f650000 - 0x00007ffb8f662000 	C:\WINDOWS\SYSTEM32\kernel.appcore.dll
0x00007ffb80f30000 - 0x00007ffb80f3a000 	C:\Program Files\Android\Android Studio2\jbr\bin\jimage.dll
0x00007ffb872b0000 - 0x00007ffb87494000 	C:\WINDOWS\SYSTEM32\DBGHELP.DLL
0x00007ffb87240000 - 0x00007ffb87274000 	C:\WINDOWS\SYSTEM32\dbgcore.DLL
0x00007ffb915a0000 - 0x00007ffb91622000 	C:\WINDOWS\System32\bcryptPrimitives.dll
0x00007ffb468e0000 - 0x00007ffb46905000 	C:\Program Files\Android\Android Studio2\jbr\bin\java.dll
0x00007ffb465f0000 - 0x00007ffb46608000 	C:\Program Files\Android\Android Studio2\jbr\bin\zip.dll
0x00007ffb91df0000 - 0x00007ffb92535000 	C:\WINDOWS\System32\SHELL32.dll
0x00007ffb8ed00000 - 0x00007ffb8f49b000 	C:\WINDOWS\SYSTEM32\windows.storage.dll
0x00007ffb92ed0000 - 0x00007ffb93224000 	C:\WINDOWS\System32\combase.dll
0x00007ffb90680000 - 0x00007ffb906ad000 	C:\WINDOWS\SYSTEM32\Wldp.dll
0x00007ffb92bc0000 - 0x00007ffb92c6d000 	C:\WINDOWS\System32\SHCORE.dll
0x00007ffb918c0000 - 0x00007ffb91915000 	C:\WINDOWS\System32\shlwapi.dll
0x00007ffb90d30000 - 0x00007ffb90d55000 	C:\WINDOWS\SYSTEM32\profapi.dll
0x00007ffb44c60000 - 0x00007ffb44c79000 	C:\Program Files\Android\Android Studio2\jbr\bin\net.dll
0x00007ffb88fb0000 - 0x00007ffb890ba000 	C:\WINDOWS\SYSTEM32\WINHTTP.dll
0x00007ffb90460000 - 0x00007ffb904ca000 	C:\WINDOWS\system32\mswsock.dll
0x00007ffb44c40000 - 0x00007ffb44c56000 	C:\Program Files\Android\Android Studio2\jbr\bin\nio.dll
0x00007ffb7efc0000 - 0x00007ffb7efd0000 	C:\Program Files\Android\Android Studio2\jbr\bin\verify.dll
0x00007ffb0a630000 - 0x00007ffb0a657000 	C:\Users\ADIT-PC\.gradle\native\68d5fa5c4cc2d200863cafc0d521ce42e7d3e7ee720ec0a83991735586a16f82\windows-amd64\native-platform.dll
0x00007ffb543e0000 - 0x00007ffb54524000 	C:\Users\ADIT-PC\.gradle\native\e376f236ea51e6404a007f0833ffe2c6e607c4080706a723a18a27aeea778392\windows-amd64\native-platform-file-events.dll
0x00007ffb6ca40000 - 0x00007ffb6ca49000 	C:\Program Files\Android\Android Studio2\jbr\bin\management.dll
0x00007ffb6c3f0000 - 0x00007ffb6c3fb000 	C:\Program Files\Android\Android Studio2\jbr\bin\management_ext.dll
0x00007ffb93230000 - 0x00007ffb93238000 	C:\WINDOWS\System32\PSAPI.DLL
0x00007ffb906c0000 - 0x00007ffb906d8000 	C:\WINDOWS\SYSTEM32\CRYPTSP.dll
0x00007ffb8fdb0000 - 0x00007ffb8fde4000 	C:\WINDOWS\system32\rsaenh.dll
0x00007ffb90cf0000 - 0x00007ffb90d1e000 	C:\WINDOWS\SYSTEM32\USERENV.dll
0x00007ffb905f0000 - 0x00007ffb905fc000 	C:\WINDOWS\SYSTEM32\CRYPTBASE.dll
0x00007ffb90170000 - 0x00007ffb901ab000 	C:\WINDOWS\SYSTEM32\IPHLPAPI.DLL
0x00007ffb93420000 - 0x00007ffb93428000 	C:\WINDOWS\System32\NSI.dll
0x00007ffb8aa20000 - 0x00007ffb8aa37000 	C:\WINDOWS\SYSTEM32\dhcpcsvc6.DLL
0x00007ffb8aab0000 - 0x00007ffb8aacd000 	C:\WINDOWS\SYSTEM32\dhcpcsvc.DLL
0x00007ffb901c0000 - 0x00007ffb9028a000 	C:\WINDOWS\SYSTEM32\DNSAPI.dll
0x00007ffb72500000 - 0x00007ffb72507000 	C:\WINDOWS\system32\wshunix.dll

dbghelp: loaded successfully - version: 4.0.5 - missing functions: none
symbol engine: initialized successfully - sym options: 0x614 - pdb path: .;C:\Program Files\Android\Android Studio2\jbr\bin;C:\WINDOWS\SYSTEM32;C:\ProgramData\Symantec\Symantec Endpoint Protection\14.3.5413.3000.105\Data\Sysfer\x64;C:\WINDOWS\WinSxS\amd64_microsoft.windows.common-controls_6595b64144ccf1df_6.0.19041.3636_none_60b6a03d71f818d5;C:\Program Files\Android\Android Studio2\jbr\bin\server;C:\Users\ADIT-PC\.gradle\native\68d5fa5c4cc2d200863cafc0d521ce42e7d3e7ee720ec0a83991735586a16f82\windows-amd64;C:\Users\ADIT-PC\.gradle\native\e376f236ea51e6404a007f0833ffe2c6e607c4080706a723a18a27aeea778392\windows-amd64

VM Arguments:
jvm_args: --add-opens=java.base/java.util=ALL-UNNAMED --add-opens=java.base/java.lang=ALL-UNNAMED --add-opens=java.base/java.lang.invoke=ALL-UNNAMED --add-opens=java.prefs/java.util.prefs=ALL-UNNAMED --add-opens=java.base/java.nio.charset=ALL-UNNAMED --add-opens=java.base/java.net=ALL-UNNAMED --add-opens=java.base/java.util.concurrent.atomic=ALL-UNNAMED -Xmx2048m -Dfile.encoding=windows-1252 -Duser.country=ID -Duser.language=en -Duser.variant 
java_command: org.gradle.launcher.daemon.bootstrap.GradleDaemon 8.0
java_class_path (initial): C:\Users\ADIT-PC\.gradle\wrapper\dists\gradle-8.0-bin\ca5e32bp14vu59qr306oxotwh\gradle-8.0\lib\gradle-launcher-8.0.jar
Launcher Type: SUN_STANDARD

[Global flags]
     intx CICompilerCount                          = 3                                         {product} {ergonomic}
     uint ConcGCThreads                            = 1                                         {product} {ergonomic}
     uint G1ConcRefinementThreads                  = 4                                         {product} {ergonomic}
   size_t G1HeapRegionSize                         = 1048576                                   {product} {ergonomic}
    uintx GCDrainStackTargetSize                   = 64                                        {product} {ergonomic}
   size_t InitialHeapSize                          = 266338304                                 {product} {ergonomic}
   size_t MarkStackSize                            = 4194304                                   {product} {ergonomic}
   size_t MaxHeapSize                              = 2147483648                                {product} {command line}
   size_t MaxNewSize                               = 1287651328                                {product} {ergonomic}
   size_t MinHeapDeltaBytes                        = 1048576                                   {product} {ergonomic}
   size_t MinHeapSize                              = 8388608                                   {product} {ergonomic}
    uintx NonNMethodCodeHeapSize                   = 5832780                                {pd product} {ergonomic}
    uintx NonProfiledCodeHeapSize                  = 122912730                              {pd product} {ergonomic}
    uintx ProfiledCodeHeapSize                     = 122912730                              {pd product} {ergonomic}
    uintx ReservedCodeCacheSize                    = 251658240                              {pd product} {ergonomic}
     bool SegmentedCodeCache                       = true                                      {product} {ergonomic}
   size_t SoftMaxHeapSize                          = 2147483648                             {manageable} {ergonomic}
     bool UseCompressedClassPointers               = true                           {product lp64_product} {ergonomic}
     bool UseCompressedOops                        = true                           {product lp64_product} {ergonomic}
     bool UseG1GC                                  = true                                      {product} {ergonomic}
     bool UseLargePagesIndividualAllocation        = false                                  {pd product} {ergonomic}

Logging:
Log output configuration:
 #0: stdout all=warning uptime,level,tags
 #1: stderr all=off uptime,level,tags

Environment Variables:
JAVA_HOME=C:\Program Files\Java\jdk-15.0.2
CLASSPATH=.;
PATH=C:\Program Files\Common Files\Oracle\Java\javapath;C:\Python311\Scripts\;C:\Python311\;C:\Python310\Scripts\;C:\Python310\;C:\Python27\;C:\Python27\Scripts;C:\Program Files (x86)\Common Files\Oracle\Java\javapath;C:\Program Files\Docker\Docker\Resources\bin;C:\ProgramData\Oracle\Java\javapath;C:\Program Files (x86)\Intel\iCLS Client\;C:\Program Files\Intel\iCLS Client\;C:\WINDOWS\system32;C:\WINDOWS;C:\WINDOWS\System32\Wbem;C:\WINDOWS\System32\WindowsPowerShell\v1.0\;C:\Program Files (x86)\Intel\Intel(R) Management Engine Components\DAL;C:\Program Files\Intel\Intel(R) Management Engine Components\DAL;C:\Program Files (x86)\Intel\Intel(R) Management Engine Components\IPT;C:\Program Files\Intel\Intel(R) Management Engine Components\IPT;C:\Program Files\Java\jre1.8.0_162\bin;C:\Program Files (x86)\GtkSharp\2.12\bin;C:\Program Files\PuTTY\;C:\Program Files\Java\jdk1.8.0_162\bin;C:\PROGRA~2\Groovy\GROOVY~1.15\bin;C:\WINDOWS\System32\OpenSSH\;C:\xampp\php;C:\Program Files (x86)\Microsoft SQL Server\Client SDK\ODBC\130\Tools\Binn\;C:\Program Files (x86)\Microsoft SQL Server\140\Tools\Binn\;C:\Program Files (x86)\Microsoft SQL Server\140\DTS\Binn\;C:\Program Files (x86)\Microsoft SQL Server\140\Tools\Binn\ManagementStudio\;c:\Program Files (x86)\Microsoft SQL Server\110\Tools\Binn\;c:\Program Files\Microsoft SQL Server\110\Tools\Binn\;c:\Program Files\Microsoft SQL Server\110\DTS\Binn\;C:\composer;C:\Flutter\flutter\bin;C:\Bitnami\wampstack-5.6.39-0\php;C:\ProgramData\chocolatey\bin;C:\Program Files (x86)\Yarn\bin\;C:\Program Files\Java\jdk1.8.0_211\bin;C:\Program Files\OpenJDK\openjdk-8u312-b07\bin;C:\Program Files\nodejs\;C:\Program Files\Git\cmd;C:\Users\ADIT-PC\AppData\Local\Microsoft\WindowsApps;C:\Users\ADIT-PC\AppData\Local\Android\Sdk\platform-tools;C:\Users\ADIT-PC\AppData\Roaming\npm;C:\Users\ADIT-PC\AppData\Local\Programs\Microsoft VS Code\bin;C:\Users\ADIT-PC\AppData\Local\Android\Sdk;C:\src\flutter\bin;C:\Users\ADIT-PC\AppData\Local\GitHubDesktop\bin;C:\Users
USERNAME=ADIT-PC
OS=Windows_NT
PROCESSOR_IDENTIFIER=Intel64 Family 6 Model 94 Stepping 3, GenuineIntel
TMP=C:\Users\ADIT-PC\AppData\Local\Temp
TEMP=C:\Users\ADIT-PC\AppData\Local\Temp


JNI global refs:
JNI global refs: 27, weak refs: 33

JNI global refs memory usage: 843, weak refs: 841


---------------  S Y S T E M  ---------------

OS:
 Windows 10 , 64 bit Build 19041 (10.0.19041.3636)
OS uptime: 15 days 18:52 hours
Hyper-V role detected

CPU: total 4 (initial active 4) (4 cores per cpu, 1 threads per core) family 6 model 94 stepping 3 microcode 0xf2, cx8, cmov, fxsr, mmx, 3dnowpref, sse, sse2, sse3, ssse3, sse4.1, sse4.2, popcnt, lzcnt, tsc, tscinvbit, avx, avx2, aes, erms, clmul, bmi1, bmi2, rtm, adx, fma, vzeroupper, clflush, clflushopt, hv

Memory: 4k page, system-wide physical 16247M (950M free)
TotalPageFile size 25028M (AvailPageFile size 172M)
current process WorkingSet (physical memory assigned to process): 427M, peak: 428M
current process commit charge ("private bytes"): 543M, peak: 746M

vm_info: OpenJDK 64-Bit Server VM (17.0.6+0-b2043.56-10027231) for windows-amd64 JRE (17.0.6+0-b2043.56-10027231), built on Apr 28 2023 00:43:19 by "androidbuild" with MS VC++ 16.10 / 16.11 (VS2019)

END.
