#
# There is insufficient memory for the Java Runtime Environment to continue.
# Native memory allocation (malloc) failed to allocate 1831696 bytes for Chunk::new
# Possible reasons:
#   The system is out of physical RAM or swap space
#   The process is running with CompressedOops enabled, and the Java Heap may be blocking the growth of the native heap
# Possible solutions:
#   Reduce memory load on the system
#   Increase physical memory or swap space
#   Check if swap backing store is full
#   Decrease Java heap size (-Xmx/-Xms)
#   Decrease number of Java threads
#   Decrease Java thread stack sizes (-Xss)
#   Set larger code cache with -XX:ReservedCodeCacheSize=
#   JVM is running with Unscaled Compressed Oops mode in which the Java heap is
#     placed in the first 4GB address space. The Java Heap base address is the
#     maximum limit for the native heap growth. Please use -XX:HeapBaseMinAddress
#     to set the Java Heap base and to place the Java Heap above 4GB virtual address.
# This output file may be truncated or incomplete.
#
#  Out of Memory Error (./src/hotspot/share/memory/arena.cpp:197), pid=11304, tid=21312
#
# JRE version: OpenJDK Runtime Environment (11.0.12+7) (build 11.0.12+7-b1504.28-7817840)
# Java VM: OpenJDK 64-Bit Server VM (11.0.12+7-b1504.28-7817840, mixed mode, tiered, compressed oops, g1 gc, windows-amd64)
# No core dump will be written. Minidumps are not enabled by default on client versions of Windows
#

---------------  S U M M A R Y ------------

Command Line: --add-opens=java.base/java.util=ALL-UNNAMED --add-opens=java.base/java.lang=ALL-UNNAMED --add-opens=java.base/java.lang.invoke=ALL-UNNAMED --add-opens=java.base/java.util=ALL-UNNAMED --add-opens=java.prefs/java.util.prefs=ALL-UNNAMED --add-opens=java.prefs/java.util.prefs=ALL-UNNAMED --add-opens=java.base/java.nio.charset=ALL-UNNAMED --add-opens=java.base/java.net=ALL-UNNAMED --add-opens=java.base/java.util.concurrent.atomic=ALL-UNNAMED -Xmx2048m -Dfile.encoding=windows-1252 -Duser.country=ID -Duser.language=en -Duser.variant org.gradle.launcher.daemon.bootstrap.GradleDaemon 7.3.3

Host: Intel(R) Core(TM) i5-6500 CPU @ 3.20GHz, 4 cores, 15G,  Windows 10 , 64 bit Build 19041 (10.0.19041.3155)
Time: Sat Aug 19 08:36:15 2023 SE Asia Standard Time elapsed time: 3.153298 seconds (0d 0h 0m 3s)

---------------  T H R E A D  ---------------

Current thread (0x000001a36e707800):  JavaThread "C2 CompilerThread0" daemon [_thread_in_native, id=21312, stack(0x0000001f16b00000,0x0000001f16c00000)]


Current CompileTask:
C2:   3153 2171   !   4       java.net.URLClassLoader$1::run (63 bytes)

Stack: [0x0000001f16b00000,0x0000001f16c00000]
Native frames: (J=compiled Java code, j=interpreted, Vv=VM code, C=native code)
V  [jvm.dll+0x5fbcea]
V  [jvm.dll+0x731905]
V  [jvm.dll+0x732f1d]
V  [jvm.dll+0x7335d3]
V  [jvm.dll+0x247bf8]
V  [jvm.dll+0xc018c]
V  [jvm.dll+0xc06cc]
V  [jvm.dll+0x35b31d]
V  [jvm.dll+0x328803]
V  [jvm.dll+0x327cfa]
V  [jvm.dll+0x200602]
V  [jvm.dll+0x1ff794]
V  [jvm.dll+0x18868c]
V  [jvm.dll+0x20e0d7]
V  [jvm.dll+0x20c901]
V  [jvm.dll+0x6f9b7f]
V  [jvm.dll+0x6f26a5]
V  [jvm.dll+0x5fabf6]
C  [ucrtbase.dll+0x21bb2]
C  [KERNEL32.DLL+0x17614]
C  [ntdll.dll+0x526b1]


---------------  P R O C E S S  ---------------

Threads class SMR info:
_java_thread_list=0x000001a3714a8e80, length=27, elements={
0x000001a354229000, 0x000001a36e69e800, 0x000001a36e6a9000, 0x000001a36e702000,
0x000001a36e704000, 0x000001a36e705000, 0x000001a36e707800, 0x000001a36e70a800,
0x000001a36e70b800, 0x000001a36e884800, 0x000001a37094e800, 0x000001a370bbc000,
0x000001a36ea2e000, 0x000001a3701d8800, 0x000001a370a73800, 0x000001a371931800,
0x000001a36f6b6000, 0x000001a37127d000, 0x000001a371010000, 0x000001a37100d800,
0x000001a36f7e6800, 0x000001a371010800, 0x000001a37100e000, 0x000001a37100f000,
0x000001a37100b800, 0x000001a37100b000, 0x000001a371011800
}

Java Threads: ( => current thread )
  0x000001a354229000 JavaThread "main" [_thread_blocked, id=7808, stack(0x0000001f15f00000,0x0000001f16000000)]
  0x000001a36e69e800 JavaThread "Reference Handler" daemon [_thread_blocked, id=2836, stack(0x0000001f16600000,0x0000001f16700000)]
  0x000001a36e6a9000 JavaThread "Finalizer" daemon [_thread_blocked, id=4716, stack(0x0000001f16700000,0x0000001f16800000)]
  0x000001a36e702000 JavaThread "Signal Dispatcher" daemon [_thread_blocked, id=9872, stack(0x0000001f16800000,0x0000001f16900000)]
  0x000001a36e704000 JavaThread "Attach Listener" daemon [_thread_blocked, id=21248, stack(0x0000001f16900000,0x0000001f16a00000)]
  0x000001a36e705000 JavaThread "Service Thread" daemon [_thread_blocked, id=18832, stack(0x0000001f16a00000,0x0000001f16b00000)]
=>0x000001a36e707800 JavaThread "C2 CompilerThread0" daemon [_thread_in_native, id=21312, stack(0x0000001f16b00000,0x0000001f16c00000)]
  0x000001a36e70a800 JavaThread "C1 CompilerThread0" daemon [_thread_in_native, id=20456, stack(0x0000001f16c00000,0x0000001f16d00000)]
  0x000001a36e70b800 JavaThread "Sweeper thread" daemon [_thread_blocked, id=17604, stack(0x0000001f16d00000,0x0000001f16e00000)]
  0x000001a36e884800 JavaThread "Common-Cleaner" daemon [_thread_blocked, id=9044, stack(0x0000001f16e00000,0x0000001f16f00000)]
  0x000001a37094e800 JavaThread "Daemon health stats" [_thread_blocked, id=2548, stack(0x0000001f17400000,0x0000001f17500000)]
  0x000001a370bbc000 JavaThread "Incoming local TCP Connector on port 34442" [_thread_in_native, id=3856, stack(0x0000001f17000000,0x0000001f17100000)]
  0x000001a36ea2e000 JavaThread "Daemon periodic checks" [_thread_blocked, id=8856, stack(0x0000001f17500000,0x0000001f17600000)]
  0x000001a3701d8800 JavaThread "Daemon" [_thread_blocked, id=14744, stack(0x0000001f17600000,0x0000001f17700000)]
  0x000001a370a73800 JavaThread "Handler for socket connection from /127.0.0.1:34442 to /127.0.0.1:34443" [_thread_in_native, id=15712, stack(0x0000001f17700000,0x0000001f17800000)]
  0x000001a371931800 JavaThread "Cancel handler" [_thread_blocked, id=20632, stack(0x0000001f17800000,0x0000001f17900000)]
  0x000001a36f6b6000 JavaThread "Daemon worker" [_thread_blocked, id=11500, stack(0x0000001f17900000,0x0000001f17a00000)]
  0x000001a37127d000 JavaThread "Asynchronous log dispatcher for DefaultDaemonConnection: socket connection from /127.0.0.1:34442 to /127.0.0.1:34443" [_thread_blocked, id=11244, stack(0x0000001f17a00000,0x0000001f17b00000)]
  0x000001a371010000 JavaThread "Stdin handler" [_thread_blocked, id=12252, stack(0x0000001f17b00000,0x0000001f17c00000)]
  0x000001a37100d800 JavaThread "Daemon client event forwarder" [_thread_blocked, id=13492, stack(0x0000001f17c00000,0x0000001f17d00000)]
  0x000001a36f7e6800 JavaThread "C2 CompilerThread1" daemon [_thread_in_native, id=12536, stack(0x0000001f17d00000,0x0000001f17e00000)]
  0x000001a371010800 JavaThread "Cache worker for journal cache (C:\Users\ADIT-PC\.gradle\caches\journal-1)" [_thread_blocked, id=2092, stack(0x0000001f17e00000,0x0000001f17f00000)]
  0x000001a37100e000 JavaThread "File lock request listener" [_thread_in_native, id=12188, stack(0x0000001f17f00000,0x0000001f18000000)]
  0x000001a37100f000 JavaThread "Cache worker for file hash cache (C:\Users\ADIT-PC\.gradle\caches\7.3.3\fileHashes)" [_thread_blocked, id=18748, stack(0x0000001f18000000,0x0000001f18100000)]
  0x000001a37100b800 JavaThread "Cache worker for file hash cache (C:\Users\ADIT-PC\AndroidStudioProjects\HRISMobile-New\.gradle\7.3.3\fileHashes)" [_thread_blocked, id=15664, stack(0x0000001f18100000,0x0000001f18200000)]
  0x000001a37100b000 JavaThread "File watcher server" daemon [_thread_in_native, id=9100, stack(0x0000001f18200000,0x0000001f18300000)]
  0x000001a371011800 JavaThread "File watcher consumer" daemon [_thread_blocked, id=14868, stack(0x0000001f18300000,0x0000001f18400000)]

Other Threads:
  0x000001a36e69a800 VMThread "VM Thread" [stack: 0x0000001f16500000,0x0000001f16600000] [id=17560]
  0x000001a36e88d800 WatcherThread [stack: 0x0000001f16f00000,0x0000001f17000000] [id=8504]
  0x000001a354242800 GCTaskThread "GC Thread#0" [stack: 0x0000001f16000000,0x0000001f16100000] [id=21412]
  0x000001a36eef8000 GCTaskThread "GC Thread#1" [stack: 0x0000001f17100000,0x0000001f17200000] [id=18740]
  0x000001a36f055000 GCTaskThread "GC Thread#2" [stack: 0x0000001f17200000,0x0000001f17300000] [id=13880]
  0x000001a36ee9e800 GCTaskThread "GC Thread#3" [stack: 0x0000001f17300000,0x0000001f17400000] [id=20312]
  0x000001a354272800 ConcurrentGCThread "G1 Main Marker" [stack: 0x0000001f16100000,0x0000001f16200000] [id=16932]
  0x000001a354274000 ConcurrentGCThread "G1 Conc#0" [stack: 0x0000001f16200000,0x0000001f16300000] [id=4140]
  0x000001a3542fe000 ConcurrentGCThread "G1 Refine#0" [stack: 0x0000001f16300000,0x0000001f16400000] [id=14224]
  0x000001a36dce2800 ConcurrentGCThread "G1 Young RemSet Sampling" [stack: 0x0000001f16400000,0x0000001f16500000] [id=18888]

Threads with active compile tasks:
C2 CompilerThread0   3184 2171   !   4       java.net.URLClassLoader$1::run (63 bytes)
C2 CompilerThread1   3184 2170       4       java.net.URLClassLoader$1::run (5 bytes)

VM state:not at safepoint (normal execution)

VM Mutex/Monitor currently owned by a thread: None

Heap address: 0x0000000080000000, size: 2048 MB, Compressed Oops mode: 32-bit
Narrow klass base: 0x0000000000000000, Narrow klass shift: 3
Compressed class space size: 1073741824 Address: 0x0000000100000000

Heap:
 garbage-first heap   total 260096K, used 71502K [0x0000000080000000, 0x0000000100000000)
  region size 1024K, 60 young (61440K), 6 survivors (6144K)
 Metaspace       used 26570K, capacity 27171K, committed 27264K, reserved 1073152K
  class space    used 3445K, capacity 3656K, committed 3712K, reserved 1048576K
Heap Regions: E=young(eden), S=young(survivor), O=old, HS=humongous(starts), HC=humongous(continues), CS=collection set, F=free, A=archive, TAMS=top-at-mark-start (previous, next)
|   0|0x0000000080000000, 0x0000000080100000, 0x0000000080100000|100%| O|  |TAMS 0x0000000080100000, 0x0000000080000000| Untracked 
|   1|0x0000000080100000, 0x0000000080200000, 0x0000000080200000|100%| O|  |TAMS 0x0000000080200000, 0x0000000080100000| Untracked 
|   2|0x0000000080200000, 0x00000000802b3600, 0x0000000080300000| 70%| O|  |TAMS 0x00000000802b3600, 0x0000000080200000| Untracked 
|   3|0x0000000080300000, 0x0000000080400000, 0x0000000080400000|100%|HS|  |TAMS 0x0000000080400000, 0x0000000080300000| Complete 
|   4|0x0000000080400000, 0x0000000080500000, 0x0000000080500000|100%|HC|  |TAMS 0x0000000080500000, 0x0000000080400000| Complete 
|   5|0x0000000080500000, 0x0000000080600000, 0x0000000080600000|100%|HC|  |TAMS 0x0000000080600000, 0x0000000080500000| Complete 
|   6|0x0000000080600000, 0x0000000080700000, 0x0000000080700000|100%| O|  |TAMS 0x0000000080700000, 0x0000000080600000| Untracked 
|   7|0x0000000080700000, 0x0000000080800000, 0x0000000080800000|100%| O|  |TAMS 0x0000000080800000, 0x0000000080700000| Untracked 
|   8|0x0000000080800000, 0x0000000080900000, 0x0000000080900000|100%| O|  |TAMS 0x0000000080900000, 0x0000000080800000| Untracked 
|   9|0x0000000080900000, 0x0000000080a00000, 0x0000000080a00000|100%| O|  |TAMS 0x0000000080a00000, 0x0000000080900000| Untracked 
|  10|0x0000000080a00000, 0x0000000080b00000, 0x0000000080b00000|100%| O|  |TAMS 0x0000000080b00000, 0x0000000080a00000| Untracked 
|  11|0x0000000080b00000, 0x0000000080c00000, 0x0000000080c00000|100%| O|  |TAMS 0x0000000080c00000, 0x0000000080b00000| Untracked 
|  12|0x0000000080c00000, 0x0000000080c00000, 0x0000000080d00000|  0%| F|  |TAMS 0x0000000080c00000, 0x0000000080c00000| Untracked 
|  13|0x0000000080d00000, 0x0000000080d00000, 0x0000000080e00000|  0%| F|  |TAMS 0x0000000080d00000, 0x0000000080d00000| Untracked 
|  14|0x0000000080e00000, 0x0000000080e00000, 0x0000000080f00000|  0%| F|  |TAMS 0x0000000080e00000, 0x0000000080e00000| Untracked 
|  15|0x0000000080f00000, 0x0000000080f00000, 0x0000000081000000|  0%| F|  |TAMS 0x0000000080f00000, 0x0000000080f00000| Untracked 
|  16|0x0000000081000000, 0x0000000081000000, 0x0000000081100000|  0%| F|  |TAMS 0x0000000081000000, 0x0000000081000000| Untracked 
|  17|0x0000000081100000, 0x0000000081100000, 0x0000000081200000|  0%| F|  |TAMS 0x0000000081100000, 0x0000000081100000| Untracked 
|  18|0x0000000081200000, 0x0000000081200000, 0x0000000081300000|  0%| F|  |TAMS 0x0000000081200000, 0x0000000081200000| Untracked 
|  19|0x0000000081300000, 0x0000000081300000, 0x0000000081400000|  0%| F|  |TAMS 0x0000000081300000, 0x0000000081300000| Untracked 
|  20|0x0000000081400000, 0x0000000081400000, 0x0000000081500000|  0%| F|  |TAMS 0x0000000081400000, 0x0000000081400000| Untracked 
|  21|0x0000000081500000, 0x0000000081500000, 0x0000000081600000|  0%| F|  |TAMS 0x0000000081500000, 0x0000000081500000| Untracked 
|  22|0x0000000081600000, 0x0000000081600000, 0x0000000081700000|  0%| F|  |TAMS 0x0000000081600000, 0x0000000081600000| Untracked 
|  23|0x0000000081700000, 0x0000000081700000, 0x0000000081800000|  0%| F|  |TAMS 0x0000000081700000, 0x0000000081700000| Untracked 
|  24|0x0000000081800000, 0x0000000081800000, 0x0000000081900000|  0%| F|  |TAMS 0x0000000081800000, 0x0000000081800000| Untracked 
|  25|0x0000000081900000, 0x0000000081900000, 0x0000000081a00000|  0%| F|  |TAMS 0x0000000081900000, 0x0000000081900000| Untracked 
|  26|0x0000000081a00000, 0x0000000081a00000, 0x0000000081b00000|  0%| F|  |TAMS 0x0000000081a00000, 0x0000000081a00000| Untracked 
|  27|0x0000000081b00000, 0x0000000081b00000, 0x0000000081c00000|  0%| F|  |TAMS 0x0000000081b00000, 0x0000000081b00000| Untracked 
|  28|0x0000000081c00000, 0x0000000081c00000, 0x0000000081d00000|  0%| F|  |TAMS 0x0000000081c00000, 0x0000000081c00000| Untracked 
|  29|0x0000000081d00000, 0x0000000081d00000, 0x0000000081e00000|  0%| F|  |TAMS 0x0000000081d00000, 0x0000000081d00000| Untracked 
|  30|0x0000000081e00000, 0x0000000081e00000, 0x0000000081f00000|  0%| F|  |TAMS 0x0000000081e00000, 0x0000000081e00000| Untracked 
|  31|0x0000000081f00000, 0x0000000081f00000, 0x0000000082000000|  0%| F|  |TAMS 0x0000000081f00000, 0x0000000081f00000| Untracked 
|  32|0x0000000082000000, 0x0000000082000000, 0x0000000082100000|  0%| F|  |TAMS 0x0000000082000000, 0x0000000082000000| Untracked 
|  33|0x0000000082100000, 0x0000000082100000, 0x0000000082200000|  0%| F|  |TAMS 0x0000000082100000, 0x0000000082100000| Untracked 
|  34|0x0000000082200000, 0x0000000082200000, 0x0000000082300000|  0%| F|  |TAMS 0x0000000082200000, 0x0000000082200000| Untracked 
|  35|0x0000000082300000, 0x0000000082300000, 0x0000000082400000|  0%| F|  |TAMS 0x0000000082300000, 0x0000000082300000| Untracked 
|  36|0x0000000082400000, 0x0000000082400000, 0x0000000082500000|  0%| F|  |TAMS 0x0000000082400000, 0x0000000082400000| Untracked 
|  37|0x0000000082500000, 0x0000000082500000, 0x0000000082600000|  0%| F|  |TAMS 0x0000000082500000, 0x0000000082500000| Untracked 
|  38|0x0000000082600000, 0x0000000082600000, 0x0000000082700000|  0%| F|  |TAMS 0x0000000082600000, 0x0000000082600000| Untracked 
|  39|0x0000000082700000, 0x0000000082700000, 0x0000000082800000|  0%| F|  |TAMS 0x0000000082700000, 0x0000000082700000| Untracked 
|  40|0x0000000082800000, 0x0000000082800000, 0x0000000082900000|  0%| F|  |TAMS 0x0000000082800000, 0x0000000082800000| Untracked 
|  41|0x0000000082900000, 0x0000000082900000, 0x0000000082a00000|  0%| F|  |TAMS 0x0000000082900000, 0x0000000082900000| Untracked 
|  42|0x0000000082a00000, 0x0000000082a00000, 0x0000000082b00000|  0%| F|  |TAMS 0x0000000082a00000, 0x0000000082a00000| Untracked 
|  43|0x0000000082b00000, 0x0000000082b00000, 0x0000000082c00000|  0%| F|  |TAMS 0x0000000082b00000, 0x0000000082b00000| Untracked 
|  44|0x0000000082c00000, 0x0000000082c00000, 0x0000000082d00000|  0%| F|  |TAMS 0x0000000082c00000, 0x0000000082c00000| Untracked 
|  45|0x0000000082d00000, 0x0000000082d00000, 0x0000000082e00000|  0%| F|  |TAMS 0x0000000082d00000, 0x0000000082d00000| Untracked 
|  46|0x0000000082e00000, 0x0000000082e00000, 0x0000000082f00000|  0%| F|  |TAMS 0x0000000082e00000, 0x0000000082e00000| Untracked 
|  47|0x0000000082f00000, 0x0000000082f00000, 0x0000000083000000|  0%| F|  |TAMS 0x0000000082f00000, 0x0000000082f00000| Untracked 
|  48|0x0000000083000000, 0x0000000083000000, 0x0000000083100000|  0%| F|  |TAMS 0x0000000083000000, 0x0000000083000000| Untracked 
|  49|0x0000000083100000, 0x0000000083100000, 0x0000000083200000|  0%| F|  |TAMS 0x0000000083100000, 0x0000000083100000| Untracked 
|  50|0x0000000083200000, 0x0000000083200000, 0x0000000083300000|  0%| F|  |TAMS 0x0000000083200000, 0x0000000083200000| Untracked 
|  51|0x0000000083300000, 0x0000000083300000, 0x0000000083400000|  0%| F|  |TAMS 0x0000000083300000, 0x0000000083300000| Untracked 
|  52|0x0000000083400000, 0x0000000083400000, 0x0000000083500000|  0%| F|  |TAMS 0x0000000083400000, 0x0000000083400000| Untracked 
|  53|0x0000000083500000, 0x0000000083500000, 0x0000000083600000|  0%| F|  |TAMS 0x0000000083500000, 0x0000000083500000| Untracked 
|  54|0x0000000083600000, 0x0000000083600000, 0x0000000083700000|  0%| F|  |TAMS 0x0000000083600000, 0x0000000083600000| Untracked 
|  55|0x0000000083700000, 0x0000000083700000, 0x0000000083800000|  0%| F|  |TAMS 0x0000000083700000, 0x0000000083700000| Untracked 
|  56|0x0000000083800000, 0x0000000083800000, 0x0000000083900000|  0%| F|  |TAMS 0x0000000083800000, 0x0000000083800000| Untracked 
|  57|0x0000000083900000, 0x0000000083900000, 0x0000000083a00000|  0%| F|  |TAMS 0x0000000083900000, 0x0000000083900000| Untracked 
|  58|0x0000000083a00000, 0x0000000083a00000, 0x0000000083b00000|  0%| F|  |TAMS 0x0000000083a00000, 0x0000000083a00000| Untracked 
|  59|0x0000000083b00000, 0x0000000083b00000, 0x0000000083c00000|  0%| F|  |TAMS 0x0000000083b00000, 0x0000000083b00000| Untracked 
|  60|0x0000000083c00000, 0x0000000083c00000, 0x0000000083d00000|  0%| F|  |TAMS 0x0000000083c00000, 0x0000000083c00000| Untracked 
|  61|0x0000000083d00000, 0x0000000083d00000, 0x0000000083e00000|  0%| F|  |TAMS 0x0000000083d00000, 0x0000000083d00000| Untracked 
|  62|0x0000000083e00000, 0x0000000083e00000, 0x0000000083f00000|  0%| F|  |TAMS 0x0000000083e00000, 0x0000000083e00000| Untracked 
|  63|0x0000000083f00000, 0x0000000083f00000, 0x0000000084000000|  0%| F|  |TAMS 0x0000000083f00000, 0x0000000083f00000| Untracked 
|  64|0x0000000084000000, 0x0000000084000000, 0x0000000084100000|  0%| F|  |TAMS 0x0000000084000000, 0x0000000084000000| Untracked 
|  65|0x0000000084100000, 0x0000000084100000, 0x0000000084200000|  0%| F|  |TAMS 0x0000000084100000, 0x0000000084100000| Untracked 
|  66|0x0000000084200000, 0x0000000084200000, 0x0000000084300000|  0%| F|  |TAMS 0x0000000084200000, 0x0000000084200000| Untracked 
|  67|0x0000000084300000, 0x0000000084300000, 0x0000000084400000|  0%| F|  |TAMS 0x0000000084300000, 0x0000000084300000| Untracked 
|  68|0x0000000084400000, 0x0000000084400000, 0x0000000084500000|  0%| F|  |TAMS 0x0000000084400000, 0x0000000084400000| Untracked 
|  69|0x0000000084500000, 0x0000000084500000, 0x0000000084600000|  0%| F|  |TAMS 0x0000000084500000, 0x0000000084500000| Untracked 
|  70|0x0000000084600000, 0x0000000084600000, 0x0000000084700000|  0%| F|  |TAMS 0x0000000084600000, 0x0000000084600000| Untracked 
|  71|0x0000000084700000, 0x0000000084700000, 0x0000000084800000|  0%| F|  |TAMS 0x0000000084700000, 0x0000000084700000| Untracked 
|  72|0x0000000084800000, 0x0000000084800000, 0x0000000084900000|  0%| F|  |TAMS 0x0000000084800000, 0x0000000084800000| Untracked 
|  73|0x0000000084900000, 0x0000000084900000, 0x0000000084a00000|  0%| F|  |TAMS 0x0000000084900000, 0x0000000084900000| Untracked 
|  74|0x0000000084a00000, 0x0000000084a00000, 0x0000000084b00000|  0%| F|  |TAMS 0x0000000084a00000, 0x0000000084a00000| Untracked 
|  75|0x0000000084b00000, 0x0000000084b00000, 0x0000000084c00000|  0%| F|  |TAMS 0x0000000084b00000, 0x0000000084b00000| Untracked 
|  76|0x0000000084c00000, 0x0000000084c00000, 0x0000000084d00000|  0%| F|  |TAMS 0x0000000084c00000, 0x0000000084c00000| Untracked 
|  77|0x0000000084d00000, 0x0000000084d00000, 0x0000000084e00000|  0%| F|  |TAMS 0x0000000084d00000, 0x0000000084d00000| Untracked 
|  78|0x0000000084e00000, 0x0000000084e00000, 0x0000000084f00000|  0%| F|  |TAMS 0x0000000084e00000, 0x0000000084e00000| Untracked 
|  79|0x0000000084f00000, 0x0000000084f00000, 0x0000000085000000|  0%| F|  |TAMS 0x0000000084f00000, 0x0000000084f00000| Untracked 
|  80|0x0000000085000000, 0x0000000085000000, 0x0000000085100000|  0%| F|  |TAMS 0x0000000085000000, 0x0000000085000000| Untracked 
|  81|0x0000000085100000, 0x0000000085100000, 0x0000000085200000|  0%| F|  |TAMS 0x0000000085100000, 0x0000000085100000| Untracked 
|  82|0x0000000085200000, 0x0000000085200000, 0x0000000085300000|  0%| F|  |TAMS 0x0000000085200000, 0x0000000085200000| Untracked 
|  83|0x0000000085300000, 0x0000000085300000, 0x0000000085400000|  0%| F|  |TAMS 0x0000000085300000, 0x0000000085300000| Untracked 
|  84|0x0000000085400000, 0x0000000085400000, 0x0000000085500000|  0%| F|  |TAMS 0x0000000085400000, 0x0000000085400000| Untracked 
|  85|0x0000000085500000, 0x0000000085500000, 0x0000000085600000|  0%| F|  |TAMS 0x0000000085500000, 0x0000000085500000| Untracked 
|  86|0x0000000085600000, 0x0000000085600000, 0x0000000085700000|  0%| F|  |TAMS 0x0000000085600000, 0x0000000085600000| Untracked 
|  87|0x0000000085700000, 0x0000000085700000, 0x0000000085800000|  0%| F|  |TAMS 0x0000000085700000, 0x0000000085700000| Untracked 
|  88|0x0000000085800000, 0x0000000085800000, 0x0000000085900000|  0%| F|  |TAMS 0x0000000085800000, 0x0000000085800000| Untracked 
|  89|0x0000000085900000, 0x0000000085900000, 0x0000000085a00000|  0%| F|  |TAMS 0x0000000085900000, 0x0000000085900000| Untracked 
|  90|0x0000000085a00000, 0x0000000085a00000, 0x0000000085b00000|  0%| F|  |TAMS 0x0000000085a00000, 0x0000000085a00000| Untracked 
|  91|0x0000000085b00000, 0x0000000085b00000, 0x0000000085c00000|  0%| F|  |TAMS 0x0000000085b00000, 0x0000000085b00000| Untracked 
|  92|0x0000000085c00000, 0x0000000085c00000, 0x0000000085d00000|  0%| F|  |TAMS 0x0000000085c00000, 0x0000000085c00000| Untracked 
|  93|0x0000000085d00000, 0x0000000085d00000, 0x0000000085e00000|  0%| F|  |TAMS 0x0000000085d00000, 0x0000000085d00000| Untracked 
|  94|0x0000000085e00000, 0x0000000085e00000, 0x0000000085f00000|  0%| F|  |TAMS 0x0000000085e00000, 0x0000000085e00000| Untracked 
|  95|0x0000000085f00000, 0x0000000085f00000, 0x0000000086000000|  0%| F|  |TAMS 0x0000000085f00000, 0x0000000085f00000| Untracked 
|  96|0x0000000086000000, 0x0000000086000000, 0x0000000086100000|  0%| F|  |TAMS 0x0000000086000000, 0x0000000086000000| Untracked 
|  97|0x0000000086100000, 0x0000000086100000, 0x0000000086200000|  0%| F|  |TAMS 0x0000000086100000, 0x0000000086100000| Untracked 
|  98|0x0000000086200000, 0x0000000086200000, 0x0000000086300000|  0%| F|  |TAMS 0x0000000086200000, 0x0000000086200000| Untracked 
|  99|0x0000000086300000, 0x0000000086300000, 0x0000000086400000|  0%| F|  |TAMS 0x0000000086300000, 0x0000000086300000| Untracked 
| 100|0x0000000086400000, 0x0000000086400000, 0x0000000086500000|  0%| F|  |TAMS 0x0000000086400000, 0x0000000086400000| Untracked 
| 101|0x0000000086500000, 0x0000000086500000, 0x0000000086600000|  0%| F|  |TAMS 0x0000000086500000, 0x0000000086500000| Untracked 
| 102|0x0000000086600000, 0x0000000086600000, 0x0000000086700000|  0%| F|  |TAMS 0x0000000086600000, 0x0000000086600000| Untracked 
| 103|0x0000000086700000, 0x0000000086700000, 0x0000000086800000|  0%| F|  |TAMS 0x0000000086700000, 0x0000000086700000| Untracked 
| 104|0x0000000086800000, 0x0000000086800000, 0x0000000086900000|  0%| F|  |TAMS 0x0000000086800000, 0x0000000086800000| Untracked 
| 105|0x0000000086900000, 0x0000000086900000, 0x0000000086a00000|  0%| F|  |TAMS 0x0000000086900000, 0x0000000086900000| Untracked 
| 106|0x0000000086a00000, 0x0000000086a00000, 0x0000000086b00000|  0%| F|  |TAMS 0x0000000086a00000, 0x0000000086a00000| Untracked 
| 107|0x0000000086b00000, 0x0000000086b00000, 0x0000000086c00000|  0%| F|  |TAMS 0x0000000086b00000, 0x0000000086b00000| Untracked 
| 108|0x0000000086c00000, 0x0000000086c00000, 0x0000000086d00000|  0%| F|  |TAMS 0x0000000086c00000, 0x0000000086c00000| Untracked 
| 109|0x0000000086d00000, 0x0000000086d00000, 0x0000000086e00000|  0%| F|  |TAMS 0x0000000086d00000, 0x0000000086d00000| Untracked 
| 110|0x0000000086e00000, 0x0000000086e00000, 0x0000000086f00000|  0%| F|  |TAMS 0x0000000086e00000, 0x0000000086e00000| Untracked 
| 111|0x0000000086f00000, 0x0000000086f00000, 0x0000000087000000|  0%| F|  |TAMS 0x0000000086f00000, 0x0000000086f00000| Untracked 
| 112|0x0000000087000000, 0x0000000087000000, 0x0000000087100000|  0%| F|  |TAMS 0x0000000087000000, 0x0000000087000000| Untracked 
| 113|0x0000000087100000, 0x0000000087100000, 0x0000000087200000|  0%| F|  |TAMS 0x0000000087100000, 0x0000000087100000| Untracked 
| 114|0x0000000087200000, 0x0000000087200000, 0x0000000087300000|  0%| F|  |TAMS 0x0000000087200000, 0x0000000087200000| Untracked 
| 115|0x0000000087300000, 0x0000000087300000, 0x0000000087400000|  0%| F|  |TAMS 0x0000000087300000, 0x0000000087300000| Untracked 
| 116|0x0000000087400000, 0x0000000087400000, 0x0000000087500000|  0%| F|  |TAMS 0x0000000087400000, 0x0000000087400000| Untracked 
| 117|0x0000000087500000, 0x0000000087500000, 0x0000000087600000|  0%| F|  |TAMS 0x0000000087500000, 0x0000000087500000| Untracked 
| 118|0x0000000087600000, 0x0000000087600000, 0x0000000087700000|  0%| F|  |TAMS 0x0000000087600000, 0x0000000087600000| Untracked 
| 119|0x0000000087700000, 0x0000000087700000, 0x0000000087800000|  0%| F|  |TAMS 0x0000000087700000, 0x0000000087700000| Untracked 
| 120|0x0000000087800000, 0x0000000087800000, 0x0000000087900000|  0%| F|  |TAMS 0x0000000087800000, 0x0000000087800000| Untracked 
| 121|0x0000000087900000, 0x0000000087900000, 0x0000000087a00000|  0%| F|  |TAMS 0x0000000087900000, 0x0000000087900000| Untracked 
| 122|0x0000000087a00000, 0x0000000087a00000, 0x0000000087b00000|  0%| F|  |TAMS 0x0000000087a00000, 0x0000000087a00000| Untracked 
| 123|0x0000000087b00000, 0x0000000087b00000, 0x0000000087c00000|  0%| F|  |TAMS 0x0000000087b00000, 0x0000000087b00000| Untracked 
| 124|0x0000000087c00000, 0x0000000087c00000, 0x0000000087d00000|  0%| F|  |TAMS 0x0000000087c00000, 0x0000000087c00000| Untracked 
| 125|0x0000000087d00000, 0x0000000087d00000, 0x0000000087e00000|  0%| F|  |TAMS 0x0000000087d00000, 0x0000000087d00000| Untracked 
| 126|0x0000000087e00000, 0x0000000087e00000, 0x0000000087f00000|  0%| F|  |TAMS 0x0000000087e00000, 0x0000000087e00000| Untracked 
| 127|0x0000000087f00000, 0x0000000087f00000, 0x0000000088000000|  0%| F|  |TAMS 0x0000000087f00000, 0x0000000087f00000| Untracked 
| 128|0x0000000088000000, 0x0000000088000000, 0x0000000088100000|  0%| F|  |TAMS 0x0000000088000000, 0x0000000088000000| Untracked 
| 129|0x0000000088100000, 0x0000000088100000, 0x0000000088200000|  0%| F|  |TAMS 0x0000000088100000, 0x0000000088100000| Untracked 
| 130|0x0000000088200000, 0x0000000088200000, 0x0000000088300000|  0%| F|  |TAMS 0x0000000088200000, 0x0000000088200000| Untracked 
| 131|0x0000000088300000, 0x0000000088300000, 0x0000000088400000|  0%| F|  |TAMS 0x0000000088300000, 0x0000000088300000| Untracked 
| 132|0x0000000088400000, 0x0000000088400000, 0x0000000088500000|  0%| F|  |TAMS 0x0000000088400000, 0x0000000088400000| Untracked 
| 133|0x0000000088500000, 0x0000000088500000, 0x0000000088600000|  0%| F|  |TAMS 0x0000000088500000, 0x0000000088500000| Untracked 
| 134|0x0000000088600000, 0x0000000088600000, 0x0000000088700000|  0%| F|  |TAMS 0x0000000088600000, 0x0000000088600000| Untracked 
| 135|0x0000000088700000, 0x0000000088700000, 0x0000000088800000|  0%| F|  |TAMS 0x0000000088700000, 0x0000000088700000| Untracked 
| 136|0x0000000088800000, 0x0000000088800000, 0x0000000088900000|  0%| F|  |TAMS 0x0000000088800000, 0x0000000088800000| Untracked 
| 137|0x0000000088900000, 0x0000000088900000, 0x0000000088a00000|  0%| F|  |TAMS 0x0000000088900000, 0x0000000088900000| Untracked 
| 138|0x0000000088a00000, 0x0000000088a00000, 0x0000000088b00000|  0%| F|  |TAMS 0x0000000088a00000, 0x0000000088a00000| Untracked 
| 139|0x0000000088b00000, 0x0000000088b00000, 0x0000000088c00000|  0%| F|  |TAMS 0x0000000088b00000, 0x0000000088b00000| Untracked 
| 140|0x0000000088c00000, 0x0000000088c00000, 0x0000000088d00000|  0%| F|  |TAMS 0x0000000088c00000, 0x0000000088c00000| Untracked 
| 141|0x0000000088d00000, 0x0000000088d00000, 0x0000000088e00000|  0%| F|  |TAMS 0x0000000088d00000, 0x0000000088d00000| Untracked 
| 142|0x0000000088e00000, 0x0000000088e00000, 0x0000000088f00000|  0%| F|  |TAMS 0x0000000088e00000, 0x0000000088e00000| Untracked 
| 143|0x0000000088f00000, 0x0000000088f00000, 0x0000000089000000|  0%| F|  |TAMS 0x0000000088f00000, 0x0000000088f00000| Untracked 
| 144|0x0000000089000000, 0x0000000089000000, 0x0000000089100000|  0%| F|  |TAMS 0x0000000089000000, 0x0000000089000000| Untracked 
| 145|0x0000000089100000, 0x0000000089100000, 0x0000000089200000|  0%| F|  |TAMS 0x0000000089100000, 0x0000000089100000| Untracked 
| 146|0x0000000089200000, 0x0000000089200000, 0x0000000089300000|  0%| F|  |TAMS 0x0000000089200000, 0x0000000089200000| Untracked 
| 147|0x0000000089300000, 0x0000000089300000, 0x0000000089400000|  0%| F|  |TAMS 0x0000000089300000, 0x0000000089300000| Untracked 
| 148|0x0000000089400000, 0x0000000089400000, 0x0000000089500000|  0%| F|  |TAMS 0x0000000089400000, 0x0000000089400000| Untracked 
| 149|0x0000000089500000, 0x0000000089500000, 0x0000000089600000|  0%| F|  |TAMS 0x0000000089500000, 0x0000000089500000| Untracked 
| 150|0x0000000089600000, 0x0000000089600000, 0x0000000089700000|  0%| F|  |TAMS 0x0000000089600000, 0x0000000089600000| Untracked 
| 151|0x0000000089700000, 0x0000000089700000, 0x0000000089800000|  0%| F|  |TAMS 0x0000000089700000, 0x0000000089700000| Untracked 
| 152|0x0000000089800000, 0x0000000089800000, 0x0000000089900000|  0%| F|  |TAMS 0x0000000089800000, 0x0000000089800000| Untracked 
| 153|0x0000000089900000, 0x0000000089900000, 0x0000000089a00000|  0%| F|  |TAMS 0x0000000089900000, 0x0000000089900000| Untracked 
| 154|0x0000000089a00000, 0x0000000089a00000, 0x0000000089b00000|  0%| F|  |TAMS 0x0000000089a00000, 0x0000000089a00000| Untracked 
| 155|0x0000000089b00000, 0x0000000089b00000, 0x0000000089c00000|  0%| F|  |TAMS 0x0000000089b00000, 0x0000000089b00000| Untracked 
| 156|0x0000000089c00000, 0x0000000089c00000, 0x0000000089d00000|  0%| F|  |TAMS 0x0000000089c00000, 0x0000000089c00000| Untracked 
| 157|0x0000000089d00000, 0x0000000089d00000, 0x0000000089e00000|  0%| F|  |TAMS 0x0000000089d00000, 0x0000000089d00000| Untracked 
| 158|0x0000000089e00000, 0x0000000089e00000, 0x0000000089f00000|  0%| F|  |TAMS 0x0000000089e00000, 0x0000000089e00000| Untracked 
| 159|0x0000000089f00000, 0x0000000089f00000, 0x000000008a000000|  0%| F|  |TAMS 0x0000000089f00000, 0x0000000089f00000| Untracked 
| 160|0x000000008a000000, 0x000000008a000000, 0x000000008a100000|  0%| F|  |TAMS 0x000000008a000000, 0x000000008a000000| Untracked 
| 161|0x000000008a100000, 0x000000008a100000, 0x000000008a200000|  0%| F|  |TAMS 0x000000008a100000, 0x000000008a100000| Untracked 
| 162|0x000000008a200000, 0x000000008a200000, 0x000000008a300000|  0%| F|  |TAMS 0x000000008a200000, 0x000000008a200000| Untracked 
| 163|0x000000008a300000, 0x000000008a300000, 0x000000008a400000|  0%| F|  |TAMS 0x000000008a300000, 0x000000008a300000| Untracked 
| 164|0x000000008a400000, 0x000000008a400000, 0x000000008a500000|  0%| F|  |TAMS 0x000000008a400000, 0x000000008a400000| Untracked 
| 165|0x000000008a500000, 0x000000008a500000, 0x000000008a600000|  0%| F|  |TAMS 0x000000008a500000, 0x000000008a500000| Untracked 
| 166|0x000000008a600000, 0x000000008a600000, 0x000000008a700000|  0%| F|  |TAMS 0x000000008a600000, 0x000000008a600000| Untracked 
| 167|0x000000008a700000, 0x000000008a700000, 0x000000008a800000|  0%| F|  |TAMS 0x000000008a700000, 0x000000008a700000| Untracked 
| 168|0x000000008a800000, 0x000000008a800000, 0x000000008a900000|  0%| F|  |TAMS 0x000000008a800000, 0x000000008a800000| Untracked 
| 169|0x000000008a900000, 0x000000008a900000, 0x000000008aa00000|  0%| F|  |TAMS 0x000000008a900000, 0x000000008a900000| Untracked 
| 170|0x000000008aa00000, 0x000000008aa00000, 0x000000008ab00000|  0%| F|  |TAMS 0x000000008aa00000, 0x000000008aa00000| Untracked 
| 171|0x000000008ab00000, 0x000000008ab00000, 0x000000008ac00000|  0%| F|  |TAMS 0x000000008ab00000, 0x000000008ab00000| Untracked 
| 172|0x000000008ac00000, 0x000000008ac00000, 0x000000008ad00000|  0%| F|  |TAMS 0x000000008ac00000, 0x000000008ac00000| Untracked 
| 173|0x000000008ad00000, 0x000000008ad00000, 0x000000008ae00000|  0%| F|  |TAMS 0x000000008ad00000, 0x000000008ad00000| Untracked 
| 174|0x000000008ae00000, 0x000000008ae00000, 0x000000008af00000|  0%| F|  |TAMS 0x000000008ae00000, 0x000000008ae00000| Untracked 
| 175|0x000000008af00000, 0x000000008af00000, 0x000000008b000000|  0%| F|  |TAMS 0x000000008af00000, 0x000000008af00000| Untracked 
| 176|0x000000008b000000, 0x000000008b000000, 0x000000008b100000|  0%| F|  |TAMS 0x000000008b000000, 0x000000008b000000| Untracked 
| 177|0x000000008b100000, 0x000000008b100000, 0x000000008b200000|  0%| F|  |TAMS 0x000000008b100000, 0x000000008b100000| Untracked 
| 178|0x000000008b200000, 0x000000008b200000, 0x000000008b300000|  0%| F|  |TAMS 0x000000008b200000, 0x000000008b200000| Untracked 
| 179|0x000000008b300000, 0x000000008b300000, 0x000000008b400000|  0%| F|  |TAMS 0x000000008b300000, 0x000000008b300000| Untracked 
| 180|0x000000008b400000, 0x000000008b400000, 0x000000008b500000|  0%| F|  |TAMS 0x000000008b400000, 0x000000008b400000| Untracked 
| 181|0x000000008b500000, 0x000000008b500000, 0x000000008b600000|  0%| F|  |TAMS 0x000000008b500000, 0x000000008b500000| Untracked 
| 182|0x000000008b600000, 0x000000008b600000, 0x000000008b700000|  0%| F|  |TAMS 0x000000008b600000, 0x000000008b600000| Untracked 
| 183|0x000000008b700000, 0x000000008b700000, 0x000000008b800000|  0%| F|  |TAMS 0x000000008b700000, 0x000000008b700000| Untracked 
| 184|0x000000008b800000, 0x000000008b800000, 0x000000008b900000|  0%| F|  |TAMS 0x000000008b800000, 0x000000008b800000| Untracked 
| 185|0x000000008b900000, 0x000000008b900000, 0x000000008ba00000|  0%| F|  |TAMS 0x000000008b900000, 0x000000008b900000| Untracked 
| 186|0x000000008ba00000, 0x000000008ba00000, 0x000000008bb00000|  0%| F|  |TAMS 0x000000008ba00000, 0x000000008ba00000| Untracked 
| 187|0x000000008bb00000, 0x000000008bb00000, 0x000000008bc00000|  0%| F|  |TAMS 0x000000008bb00000, 0x000000008bb00000| Untracked 
| 188|0x000000008bc00000, 0x000000008bc00000, 0x000000008bd00000|  0%| F|  |TAMS 0x000000008bc00000, 0x000000008bc00000| Untracked 
| 189|0x000000008bd00000, 0x000000008bd00000, 0x000000008be00000|  0%| F|  |TAMS 0x000000008bd00000, 0x000000008bd00000| Untracked 
| 190|0x000000008be00000, 0x000000008be00000, 0x000000008bf00000|  0%| F|  |TAMS 0x000000008be00000, 0x000000008be00000| Untracked 
| 191|0x000000008bf00000, 0x000000008bf00000, 0x000000008c000000|  0%| F|  |TAMS 0x000000008bf00000, 0x000000008bf00000| Untracked 
| 192|0x000000008c000000, 0x000000008c000000, 0x000000008c100000|  0%| F|  |TAMS 0x000000008c000000, 0x000000008c000000| Untracked 
| 193|0x000000008c100000, 0x000000008c100000, 0x000000008c200000|  0%| F|  |TAMS 0x000000008c100000, 0x000000008c100000| Untracked 
| 194|0x000000008c200000, 0x000000008c2cb4e0, 0x000000008c300000| 79%| E|  |TAMS 0x000000008c200000, 0x000000008c200000| Complete 
| 195|0x000000008c300000, 0x000000008c400000, 0x000000008c400000|100%| E|CS|TAMS 0x000000008c300000, 0x000000008c300000| Complete 
| 196|0x000000008c400000, 0x000000008c500000, 0x000000008c500000|100%| E|CS|TAMS 0x000000008c400000, 0x000000008c400000| Complete 
| 197|0x000000008c500000, 0x000000008c600000, 0x000000008c600000|100%| E|CS|TAMS 0x000000008c500000, 0x000000008c500000| Complete 
| 198|0x000000008c600000, 0x000000008c700000, 0x000000008c700000|100%| E|CS|TAMS 0x000000008c600000, 0x000000008c600000| Complete 
| 199|0x000000008c700000, 0x000000008c800000, 0x000000008c800000|100%| E|CS|TAMS 0x000000008c700000, 0x000000008c700000| Complete 
| 200|0x000000008c800000, 0x000000008c900000, 0x000000008c900000|100%| E|CS|TAMS 0x000000008c800000, 0x000000008c800000| Complete 
| 201|0x000000008c900000, 0x000000008ca00000, 0x000000008ca00000|100%| E|CS|TAMS 0x000000008c900000, 0x000000008c900000| Complete 
| 202|0x000000008ca00000, 0x000000008cb00000, 0x000000008cb00000|100%| E|CS|TAMS 0x000000008ca00000, 0x000000008ca00000| Complete 
| 203|0x000000008cb00000, 0x000000008cc00000, 0x000000008cc00000|100%| E|CS|TAMS 0x000000008cb00000, 0x000000008cb00000| Complete 
| 204|0x000000008cc00000, 0x000000008cd00000, 0x000000008cd00000|100%| E|CS|TAMS 0x000000008cc00000, 0x000000008cc00000| Complete 
| 205|0x000000008cd00000, 0x000000008ce00000, 0x000000008ce00000|100%| E|CS|TAMS 0x000000008cd00000, 0x000000008cd00000| Complete 
| 206|0x000000008ce00000, 0x000000008cf00000, 0x000000008cf00000|100%| E|CS|TAMS 0x000000008ce00000, 0x000000008ce00000| Complete 
| 207|0x000000008cf00000, 0x000000008d000000, 0x000000008d000000|100%| E|CS|TAMS 0x000000008cf00000, 0x000000008cf00000| Complete 
| 208|0x000000008d000000, 0x000000008d100000, 0x000000008d100000|100%| E|CS|TAMS 0x000000008d000000, 0x000000008d000000| Complete 
| 209|0x000000008d100000, 0x000000008d200000, 0x000000008d200000|100%| E|CS|TAMS 0x000000008d100000, 0x000000008d100000| Complete 
| 210|0x000000008d200000, 0x000000008d300000, 0x000000008d300000|100%| E|CS|TAMS 0x000000008d200000, 0x000000008d200000| Complete 
| 211|0x000000008d300000, 0x000000008d400000, 0x000000008d400000|100%| E|CS|TAMS 0x000000008d300000, 0x000000008d300000| Complete 
| 212|0x000000008d400000, 0x000000008d500000, 0x000000008d500000|100%| E|CS|TAMS 0x000000008d400000, 0x000000008d400000| Complete 
| 213|0x000000008d500000, 0x000000008d600000, 0x000000008d600000|100%| E|CS|TAMS 0x000000008d500000, 0x000000008d500000| Complete 
| 214|0x000000008d600000, 0x000000008d700000, 0x000000008d700000|100%| E|CS|TAMS 0x000000008d600000, 0x000000008d600000| Complete 
| 215|0x000000008d700000, 0x000000008d800000, 0x000000008d800000|100%| E|CS|TAMS 0x000000008d700000, 0x000000008d700000| Complete 
| 216|0x000000008d800000, 0x000000008d900000, 0x000000008d900000|100%| E|CS|TAMS 0x000000008d800000, 0x000000008d800000| Complete 
| 217|0x000000008d900000, 0x000000008da00000, 0x000000008da00000|100%| E|CS|TAMS 0x000000008d900000, 0x000000008d900000| Complete 
| 218|0x000000008da00000, 0x000000008db00000, 0x000000008db00000|100%| E|CS|TAMS 0x000000008da00000, 0x000000008da00000| Complete 
| 219|0x000000008db00000, 0x000000008dc00000, 0x000000008dc00000|100%| E|CS|TAMS 0x000000008db00000, 0x000000008db00000| Complete 
| 220|0x000000008dc00000, 0x000000008dd00000, 0x000000008dd00000|100%| E|CS|TAMS 0x000000008dc00000, 0x000000008dc00000| Complete 
| 221|0x000000008dd00000, 0x000000008dd20328, 0x000000008de00000| 12%| S|CS|TAMS 0x000000008dd00000, 0x000000008dd00000| Complete 
| 222|0x000000008de00000, 0x000000008df00000, 0x000000008df00000|100%| S|CS|TAMS 0x000000008de00000, 0x000000008de00000| Complete 
| 223|0x000000008df00000, 0x000000008e000000, 0x000000008e000000|100%| S|CS|TAMS 0x000000008df00000, 0x000000008df00000| Complete 
| 224|0x000000008e000000, 0x000000008e100000, 0x000000008e100000|100%| S|CS|TAMS 0x000000008e000000, 0x000000008e000000| Complete 
| 225|0x000000008e100000, 0x000000008e200000, 0x000000008e200000|100%| S|CS|TAMS 0x000000008e100000, 0x000000008e100000| Complete 
| 226|0x000000008e200000, 0x000000008e300000, 0x000000008e300000|100%| S|CS|TAMS 0x000000008e200000, 0x000000008e200000| Complete 
| 227|0x000000008e300000, 0x000000008e400000, 0x000000008e400000|100%| E|CS|TAMS 0x000000008e300000, 0x000000008e300000| Complete 
| 228|0x000000008e400000, 0x000000008e500000, 0x000000008e500000|100%| E|CS|TAMS 0x000000008e400000, 0x000000008e400000| Complete 
| 229|0x000000008e500000, 0x000000008e600000, 0x000000008e600000|100%| E|CS|TAMS 0x000000008e500000, 0x000000008e500000| Complete 
| 230|0x000000008e600000, 0x000000008e700000, 0x000000008e700000|100%| E|CS|TAMS 0x000000008e600000, 0x000000008e600000| Complete 
| 231|0x000000008e700000, 0x000000008e800000, 0x000000008e800000|100%| E|CS|TAMS 0x000000008e700000, 0x000000008e700000| Complete 
| 232|0x000000008e800000, 0x000000008e900000, 0x000000008e900000|100%| E|CS|TAMS 0x000000008e800000, 0x000000008e800000| Complete 
| 233|0x000000008e900000, 0x000000008ea00000, 0x000000008ea00000|100%| E|CS|TAMS 0x000000008e900000, 0x000000008e900000| Complete 
| 234|0x000000008ea00000, 0x000000008eb00000, 0x000000008eb00000|100%| E|CS|TAMS 0x000000008ea00000, 0x000000008ea00000| Complete 
| 235|0x000000008eb00000, 0x000000008ec00000, 0x000000008ec00000|100%| E|CS|TAMS 0x000000008eb00000, 0x000000008eb00000| Complete 
| 236|0x000000008ec00000, 0x000000008ed00000, 0x000000008ed00000|100%| E|CS|TAMS 0x000000008ec00000, 0x000000008ec00000| Complete 
| 237|0x000000008ed00000, 0x000000008ee00000, 0x000000008ee00000|100%| E|CS|TAMS 0x000000008ed00000, 0x000000008ed00000| Complete 
| 238|0x000000008ee00000, 0x000000008ef00000, 0x000000008ef00000|100%| E|CS|TAMS 0x000000008ee00000, 0x000000008ee00000| Complete 
| 239|0x000000008ef00000, 0x000000008f000000, 0x000000008f000000|100%| E|CS|TAMS 0x000000008ef00000, 0x000000008ef00000| Complete 
| 240|0x000000008f000000, 0x000000008f100000, 0x000000008f100000|100%| E|CS|TAMS 0x000000008f000000, 0x000000008f000000| Complete 
| 241|0x000000008f100000, 0x000000008f200000, 0x000000008f200000|100%| E|CS|TAMS 0x000000008f100000, 0x000000008f100000| Complete 
| 242|0x000000008f200000, 0x000000008f300000, 0x000000008f300000|100%| E|CS|TAMS 0x000000008f200000, 0x000000008f200000| Complete 
| 243|0x000000008f300000, 0x000000008f400000, 0x000000008f400000|100%| E|CS|TAMS 0x000000008f300000, 0x000000008f300000| Complete 
| 244|0x000000008f400000, 0x000000008f500000, 0x000000008f500000|100%| E|CS|TAMS 0x000000008f400000, 0x000000008f400000| Complete 
| 245|0x000000008f500000, 0x000000008f600000, 0x000000008f600000|100%| E|CS|TAMS 0x000000008f500000, 0x000000008f500000| Complete 
| 246|0x000000008f600000, 0x000000008f700000, 0x000000008f700000|100%| E|CS|TAMS 0x000000008f600000, 0x000000008f600000| Complete 
| 247|0x000000008f700000, 0x000000008f800000, 0x000000008f800000|100%| E|CS|TAMS 0x000000008f700000, 0x000000008f700000| Complete 
| 248|0x000000008f800000, 0x000000008f900000, 0x000000008f900000|100%| E|CS|TAMS 0x000000008f800000, 0x000000008f800000| Complete 
| 249|0x000000008f900000, 0x000000008fa00000, 0x000000008fa00000|100%| E|CS|TAMS 0x000000008f900000, 0x000000008f900000| Complete 
| 250|0x000000008fa00000, 0x000000008fb00000, 0x000000008fb00000|100%| E|CS|TAMS 0x000000008fa00000, 0x000000008fa00000| Complete 
| 251|0x000000008fb00000, 0x000000008fc00000, 0x000000008fc00000|100%| E|CS|TAMS 0x000000008fb00000, 0x000000008fb00000| Complete 
| 252|0x000000008fc00000, 0x000000008fd00000, 0x000000008fd00000|100%| E|CS|TAMS 0x000000008fc00000, 0x000000008fc00000| Complete 
| 253|0x000000008fd00000, 0x000000008fe00000, 0x000000008fe00000|100%| E|CS|TAMS 0x000000008fd00000, 0x000000008fd00000| Complete 

Card table byte_map: [0x000001a367130000,0x000001a367530000] _byte_map_base: 0x000001a366d30000

Marking Bits (Prev, Next): (CMBitMap*) 0x000001a3542699a0, (CMBitMap*) 0x000001a354269968
 Prev Bits: [0x000001a369930000, 0x000001a36b930000)
 Next Bits: [0x000001a367930000, 0x000001a369930000)

Polling page: 0x000001a352210000

Metaspace:

Usage:
  Non-class:     23.11 MB capacity,    22.72 MB ( 98%) used,   355.55 KB (  2%) free+waste,    51.63 KB ( <1%) overhead. 
      Class:      3.62 MB capacity,     3.39 MB ( 94%) used,   206.68 KB (  6%) free+waste,    26.06 KB ( <1%) overhead. 
       Both:     26.73 MB capacity,    26.11 MB ( 98%) used,   562.23 KB (  2%) free+waste,    77.69 KB ( <1%) overhead. 

Virtual space:
  Non-class space:       24.00 MB reserved,      23.25 MB ( 97%) committed 
      Class space:        1.00 GB reserved,       3.63 MB ( <1%) committed 
             Both:        1.02 GB reserved,      26.88 MB (  3%) committed 

Chunk freelists:
   Non-Class:  12.00 KB
       Class:  8.00 KB
        Both:  20.00 KB

MaxMetaspaceSize: 17179869184.00 GB
CompressedClassSpaceSize: 1.00 GB
Initial GC threshold: 20.80 MB
Current GC threshold: 35.00 MB
CDS: off

CodeHeap 'non-profiled nmethods': size=120064Kb used=1139Kb max_used=1139Kb free=118924Kb
 bounds [0x000001a35f7f0000, 0x000001a35fa60000, 0x000001a366d30000]
CodeHeap 'profiled nmethods': size=120000Kb used=4943Kb max_used=4943Kb free=115056Kb
 bounds [0x000001a3582c0000, 0x000001a3587a0000, 0x000001a35f7f0000]
CodeHeap 'non-nmethods': size=5696Kb used=1226Kb max_used=1265Kb free=4469Kb
 bounds [0x000001a357d30000, 0x000001a357fa0000, 0x000001a3582c0000]
 total_blobs=2804 nmethods=2303 adapters=413
 compilation: enabled
              stopped_count=0, restarted_count=0
 full_count=0

Compilation events (20 events):
Event: 3.139 Thread 0x000001a36e70a800 2279       3       java.util.LinkedHashMap::values (25 bytes)
Event: 3.139 Thread 0x000001a36e70a800 nmethod 2279 0x000001a35877e410 code [0x000001a35877e5e0, 0x000001a35877e958]
Event: 3.139 Thread 0x000001a36e70a800 2277       3       org.gradle.internal.service.DefaultServiceRegistry$FactoryService::createServiceInstance (18 bytes)
Event: 3.139 Thread 0x000001a36e70a800 nmethod 2277 0x000001a35877ea90 code [0x000001a35877ec60, 0x000001a35877ee78]
Event: 3.139 Thread 0x000001a36e70a800 2280       3       java.util.concurrent.locks.ReentrantLock::<init> (16 bytes)
Event: 3.140 Thread 0x000001a36e70a800 nmethod 2280 0x000001a35877ef90 code [0x000001a35877f180, 0x000001a35877f578]
Event: 3.140 Thread 0x000001a36e70a800 2281       3       java.lang.PublicMethods$Key::hashCode (19 bytes)
Event: 3.140 Thread 0x000001a36e70a800 nmethod 2281 0x000001a35877f710 code [0x000001a35877f8e0, 0x000001a35877fa58]
Event: 3.140 Thread 0x000001a36e70a800 2282       3       java.io.ByteArrayOutputStream::<init> (43 bytes)
Event: 3.140 Thread 0x000001a36e70a800 nmethod 2282 0x000001a35877fb10 code [0x000001a35877fd80, 0x000001a358780798]
Event: 3.140 Thread 0x000001a36e70a800 2283       3       jdk.internal.loader.AbstractClassLoaderValue::extractValue (17 bytes)
Event: 3.140 Thread 0x000001a36e70a800 nmethod 2283 0x000001a358780b10 code [0x000001a358780ce0, 0x000001a358781048]
Event: 3.144 Thread 0x000001a36e70a800 2284       3       java.lang.reflect.ProxyGenerator$ConstantPool::getString (21 bytes)
Event: 3.144 Thread 0x000001a36e70a800 nmethod 2284 0x000001a358781110 code [0x000001a358781320, 0x000001a358781788]
Event: 3.144 Thread 0x000001a36e70a800 2285       3       java.lang.reflect.ProxyGenerator::code_ldc (64 bytes)
Event: 3.144 Thread 0x000001a36e70a800 nmethod 2285 0x000001a358781990 code [0x000001a358781be0, 0x000001a3587825a8]
Event: 3.144 Thread 0x000001a36e70a800 2286       3       jdk.internal.reflect.ReflectionFactory::newMethodAccessor (119 bytes)
Event: 3.146 Thread 0x000001a36e70a800 nmethod 2286 0x000001a358782910 code [0x000001a358782d00, 0x000001a358784a48]
Event: 3.146 Thread 0x000001a36e70a800 2287       3       jdk.internal.reflect.Reflection::isCallerSensitive (24 bytes)
Event: 3.147 Thread 0x000001a36e70a800 nmethod 2287 0x000001a358785390 code [0x000001a3587856c0, 0x000001a358786a38]

GC Heap History (10 events):
Event: 0.560 GC heap before
{Heap before GC invocations=0 (full 0):
 garbage-first heap   total 260096K, used 20480K [0x0000000080000000, 0x0000000100000000)
  region size 1024K, 14 young (14336K), 0 survivors (0K)
 Metaspace       used 6735K, capacity 6925K, committed 7168K, reserved 1056768K
  class space    used 582K, capacity 650K, committed 768K, reserved 1048576K
}
Event: 0.563 GC heap after
{Heap after GC invocations=1 (full 0):
 garbage-first heap   total 260096K, used 7579K [0x0000000080000000, 0x0000000100000000)
  region size 1024K, 2 young (2048K), 2 survivors (2048K)
 Metaspace       used 6735K, capacity 6925K, committed 7168K, reserved 1056768K
  class space    used 582K, capacity 650K, committed 768K, reserved 1048576K
}
Event: 0.831 GC heap before
{Heap before GC invocations=1 (full 0):
 garbage-first heap   total 260096K, used 19867K [0x0000000080000000, 0x0000000100000000)
  region size 1024K, 14 young (14336K), 2 survivors (2048K)
 Metaspace       used 10230K, capacity 10492K, committed 10624K, reserved 1058816K
  class space    used 1070K, capacity 1140K, committed 1152K, reserved 1048576K
}
Event: 0.834 GC heap after
{Heap after GC invocations=2 (full 0):
 garbage-first heap   total 260096K, used 9671K [0x0000000080000000, 0x0000000100000000)
  region size 1024K, 2 young (2048K), 2 survivors (2048K)
 Metaspace       used 10230K, capacity 10492K, committed 10624K, reserved 1058816K
  class space    used 1070K, capacity 1140K, committed 1152K, reserved 1048576K
}
Event: 1.204 GC heap before
{Heap before GC invocations=2 (full 0):
 garbage-first heap   total 260096K, used 39367K [0x0000000080000000, 0x0000000100000000)
  region size 1024K, 31 young (31744K), 2 survivors (2048K)
 Metaspace       used 11194K, capacity 11383K, committed 11520K, reserved 1058816K
  class space    used 1171K, capacity 1245K, committed 1280K, reserved 1048576K
}
Event: 1.207 GC heap after
{Heap after GC invocations=3 (full 0):
 garbage-first heap   total 260096K, used 12115K [0x0000000080000000, 0x0000000100000000)
  region size 1024K, 4 young (4096K), 4 survivors (4096K)
 Metaspace       used 11194K, capacity 11383K, committed 11520K, reserved 1058816K
  class space    used 1171K, capacity 1245K, committed 1280K, reserved 1048576K
}
Event: 2.335 GC heap before
{Heap before GC invocations=3 (full 0):
 garbage-first heap   total 260096K, used 56147K [0x0000000080000000, 0x0000000100000000)
  region size 1024K, 47 young (48128K), 4 survivors (4096K)
 Metaspace       used 17980K, capacity 18343K, committed 18432K, reserved 1064960K
  class space    used 2123K, capacity 2259K, committed 2304K, reserved 1048576K
}
Event: 2.340 GC heap after
{Heap after GC invocations=4 (full 0):
 garbage-first heap   total 260096K, used 16480K [0x0000000080000000, 0x0000000100000000)
  region size 1024K, 6 young (6144K), 6 survivors (6144K)
 Metaspace       used 17980K, capacity 18343K, committed 18432K, reserved 1064960K
  class space    used 2123K, capacity 2259K, committed 2304K, reserved 1048576K
}
Event: 2.592 GC heap before
{Heap before GC invocations=4 (full 0):
 garbage-first heap   total 260096K, used 42080K [0x0000000080000000, 0x0000000100000000)
  region size 1024K, 33 young (33792K), 6 survivors (6144K)
 Metaspace       used 20738K, capacity 21155K, committed 21248K, reserved 1067008K
  class space    used 2547K, capacity 2728K, committed 2816K, reserved 1048576K
}
Event: 2.598 GC heap after
{Heap after GC invocations=5 (full 0):
 garbage-first heap   total 260096K, used 17230K [0x0000000080000000, 0x0000000100000000)
  region size 1024K, 6 young (6144K), 6 survivors (6144K)
 Metaspace       used 20738K, capacity 21155K, committed 21248K, reserved 1067008K
  class space    used 2547K, capacity 2728K, committed 2816K, reserved 1048576K
}

Deoptimization events (20 events):
Event: 2.616 Thread 0x000001a36f6b6000 Uncommon trap: trap_request=0xffffffc6 fr.pc=0x000001a35f86b754 relative=0x0000000000000114
Event: 2.616 Thread 0x000001a36f6b6000 Uncommon trap: reason=bimorphic_or_optimized_type_check action=maybe_recompile pc=0x000001a35f86b754 method=java.util.AbstractList$Itr.next()Ljava/lang/Object; @ 14 c2
Event: 2.616 Thread 0x000001a36f6b6000 DEOPT PACKING pc=0x000001a35f86b754 sp=0x0000001f179fab10
Event: 2.616 Thread 0x000001a36f6b6000 DEOPT UNPACKING pc=0x000001a357d7a1af sp=0x0000001f179faaa8 mode 2
Event: 2.617 Thread 0x000001a36f6b6000 Uncommon trap: trap_request=0xffffff4d fr.pc=0x000001a35f865e70 relative=0x00000000000005b0
Event: 2.617 Thread 0x000001a36f6b6000 Uncommon trap: reason=unstable_if action=reinterpret pc=0x000001a35f865e70 method=java.io.File.getName()Ljava/lang/String; @ 16 c2
Event: 2.617 Thread 0x000001a36f6b6000 DEOPT PACKING pc=0x000001a35f865e70 sp=0x0000001f179fb4e0
Event: 2.617 Thread 0x000001a36f6b6000 DEOPT UNPACKING pc=0x000001a357d7a1af sp=0x0000001f179fb4b0 mode 2
Event: 2.617 Thread 0x000001a36f6b6000 Uncommon trap: trap_request=0xffffff4d fr.pc=0x000001a35f865088 relative=0x0000000000000448
Event: 2.617 Thread 0x000001a36f6b6000 Uncommon trap: reason=unstable_if action=reinterpret pc=0x000001a35f865088 method=java.lang.String.substring(I)Ljava/lang/String; @ 34 c2
Event: 2.617 Thread 0x000001a36f6b6000 DEOPT PACKING pc=0x000001a35f865088 sp=0x0000001f179fb460
Event: 2.617 Thread 0x000001a36f6b6000 DEOPT UNPACKING pc=0x000001a357d7a1af sp=0x0000001f179fb438 mode 2
Event: 2.708 Thread 0x000001a36f6b6000 Uncommon trap: trap_request=0xffffff4d fr.pc=0x000001a35f8ebe30 relative=0x00000000000003b0
Event: 2.708 Thread 0x000001a36f6b6000 Uncommon trap: reason=unstable_if action=reinterpret pc=0x000001a35f8ebe30 method=jdk.internal.org.objectweb.asm.Type.getArgumentsAndReturnSizes(Ljava/lang/String;)I @ 88 c2
Event: 2.708 Thread 0x000001a36f6b6000 DEOPT PACKING pc=0x000001a35f8ebe30 sp=0x0000001f179f9a50
Event: 2.708 Thread 0x000001a36f6b6000 DEOPT UNPACKING pc=0x000001a357d7a1af sp=0x0000001f179f99d8 mode 2
Event: 2.893 Thread 0x000001a36f6b6000 Uncommon trap: trap_request=0xffffff4d fr.pc=0x000001a35f847bfc relative=0x000000000000023c
Event: 2.893 Thread 0x000001a36f6b6000 Uncommon trap: reason=unstable_if action=reinterpret pc=0x000001a35f847bfc method=java.util.concurrent.ConcurrentHashMap.get(Ljava/lang/Object;)Ljava/lang/Object; @ 76 c2
Event: 2.893 Thread 0x000001a36f6b6000 DEOPT PACKING pc=0x000001a35f847bfc sp=0x0000001f179f9b60
Event: 2.893 Thread 0x000001a36f6b6000 DEOPT UNPACKING pc=0x000001a357d7a1af sp=0x0000001f179f9ac8 mode 2

Classes redefined (0 events):
No events

Internal exceptions (20 events):
Event: 2.198 Thread 0x000001a370a73800 Exception <a 'java/lang/NoSuchMethodError'{0x000000008d8c9ea8}: <clinit>> (0x000000008d8c9ea8) thrown at [./src/hotspot/share/prims/jni.cpp, line 1365]
Event: 2.200 Thread 0x000001a370a73800 Exception <a 'java/lang/NoSuchMethodError'{0x000000008d8e1f18}: <clinit>> (0x000000008d8e1f18) thrown at [./src/hotspot/share/prims/jni.cpp, line 1365]
Event: 2.200 Thread 0x000001a370a73800 Exception <a 'java/lang/NoSuchMethodError'{0x000000008d8eb8e0}: <clinit>> (0x000000008d8eb8e0) thrown at [./src/hotspot/share/prims/jni.cpp, line 1365]
Event: 2.202 Thread 0x000001a370a73800 Exception <a 'java/lang/NoSuchMethodError'{0x000000008d701218}: <clinit>> (0x000000008d701218) thrown at [./src/hotspot/share/prims/jni.cpp, line 1365]
Event: 2.272 Thread 0x000001a36f6b6000 Exception <a 'java/lang/NoSuchMethodError'{0x000000008d4b6920}: 'long java.lang.invoke.DirectMethodHandle$Holder.invokeInterface(java.lang.Object, java.lang.Object)'> (0x000000008d4b6920) thrown at [./src/hotspot/share/interpreter/linkResolver.cpp, line 773]
Event: 2.274 Thread 0x000001a36f6b6000 Exception <a 'java/lang/NoSuchMethodError'{0x000000008d4c39c0}: 'void java.lang.invoke.DelegatingMethodHandle$Holder.reinvoke_L(java.lang.Object, java.lang.Object, java.lang.Object, java.lang.Object, java.lang.Object, java.lang.Object, java.lang.Object)'> (0x000000008d4c39c0) thrown at [./src/hotspot/share/interpreter/linkResolver.cpp, line 773]
Event: 2.543 Thread 0x000001a36f6b6000 Exception <a 'java/lang/NoSuchMethodError'{0x000000008e7c6fe8}: 'void java.lang.invoke.DirectMethodHandle$Holder.invokeStaticInit(java.lang.Object)'> (0x000000008e7c6fe8) thrown at [./src/hotspot/share/interpreter/linkResolver.cpp, line 773]
Event: 2.554 Thread 0x000001a36f6b6000 Exception <a 'java/lang/NoSuchMethodError'{0x000000008e6741a0}: 'java.lang.Object java.lang.invoke.DirectMethodHandle$Holder.invokeStatic(java.lang.Object, java.lang.Object, java.lang.Object, int)'> (0x000000008e6741a0) thrown at [./src/hotspot/share/interpreter/linkResolver.cpp, line 773]
Event: 2.555 Thread 0x000001a36f6b6000 Exception <a 'java/lang/NoSuchMethodError'{0x000000008e6788b8}: 'java.lang.Object java.lang.invoke.DirectMethodHandle$Holder.invokeSpecial(java.lang.Object, java.lang.Object, java.lang.Object, java.lang.Object, int)'> (0x000000008e6788b8) thrown at [./src/hotspot/share/interpreter/linkResolver.cpp, line 773]
Event: 2.555 Thread 0x000001a36f6b6000 Exception <a 'java/lang/NoSuchMethodError'{0x000000008e67c7f0}: 'java.lang.Object java.lang.invoke.Invokers$Holder.linkToTargetMethod(java.lang.Object, java.lang.Object, int, java.lang.Object)'> (0x000000008e67c7f0) thrown at [./src/hotspot/share/interpreter/linkResolver.cpp, line 773]
Event: 2.658 Thread 0x000001a36f6b6000 Exception <a 'java/lang/NoSuchMethodError'{0x000000008fae3950}: 'int java.lang.invoke.DirectMethodHandle$Holder.invokeSpecialIFC(java.lang.Object, java.lang.Object, java.lang.Object, java.lang.Object)'> (0x000000008fae3950) thrown at [./src/hotspot/share/interpreter/linkResolver.cpp, line 773]
Event: 2.660 Thread 0x000001a36f6b6000 Exception <a 'java/lang/NoSuchMethodError'{0x000000008faf1908}: 'java.lang.Object java.lang.invoke.DirectMethodHandle$Holder.invokeInterface(java.lang.Object, java.lang.Object, java.lang.Object)'> (0x000000008faf1908) thrown at [./src/hotspot/share/interpreter/linkResolver.cpp, line 773]
Event: 2.660 Thread 0x000001a36f6b6000 Exception <a 'java/lang/IncompatibleClassChangeError'{0x000000008faf4de0}: Found class java.lang.Object, but interface was expected> (0x000000008faf4de0) thrown at [./src/hotspot/share/interpreter/linkResolver.cpp, line 839]
Event: 2.782 Thread 0x000001a36f6b6000 Exception <a 'java/lang/NoSuchMethodError'{0x000000008ee6beb0}: 'java.lang.Object java.lang.invoke.DirectMethodHandle$Holder.invokeSpecial(java.lang.Object, java.lang.Object, java.lang.Object, java.lang.Object, java.lang.Object, java.lang.Object, java.lang.Object, java.lang.Object, java.lang.Object)'> (0x000000008ee6beb0) thrown at [./src/hotspot/share/interpreter/linkResolver.cpp, line 773]
Event: 2.844 Thread 0x000001a36f6b6000 Exception <a 'java/lang/NoSuchMethodError'{0x000000008e5e2cc8}: 'java.lang.Object java.lang.invoke.DirectMethodHandle$Holder.invokeVirtual(java.lang.Object, java.lang.Object, java.lang.Object, java.lang.Object)'> (0x000000008e5e2cc8) thrown at [./src/hotspot/share/interpreter/linkResolver.cpp, line 773]
Event: 2.923 Thread 0x000001a36f6b6000 Exception <a 'java/lang/NoSuchMethodError'{0x000000008d8a5f10}: 'void java.lang.invoke.DirectMethodHandle$Holder.invokeSpecial(java.lang.Object, java.lang.Object, java.lang.Object, java.lang.Object, java.lang.Object, java.lang.Object)'> (0x000000008d8a5f10) thrown at [./src/hotspot/share/interpreter/linkResolver.cpp, line 773]
Event: 2.933 Thread 0x000001a36f6b6000 Exception <a 'java/lang/NoSuchMethodError'{0x000000008d715e00}: 'void java.lang.invoke.DirectMethodHandle$Holder.invokeSpecial(java.lang.Object, java.lang.Object, java.lang.Object, java.lang.Object, java.lang.Object, java.lang.Object, java.lang.Object)'> (0x000000008d715e00) thrown at [./src/hotspot/share/interpreter/linkResolver.cpp, line 773]
Event: 2.934 Thread 0x000001a36f6b6000 Exception <a 'java/lang/NoSuchMethodError'{0x000000008d71e2f0}: 'java.lang.Object java.lang.invoke.Invokers$Holder.linkToTargetMethod(java.lang.Object, java.lang.Object, java.lang.Object, java.lang.Object, java.lang.Object, java.lang.Object)'> (0x000000008d71e2f0) thrown at [./src/hotspot/share/interpreter/linkResolver.cpp, line 773]
Event: 3.019 Thread 0x000001a36f6b6000 Exception <a 'java/lang/NoSuchMethodError'{0x000000008ceb77d0}: 'int java.lang.invoke.DirectMethodHandle$Holder.invokeStaticInit(java.lang.Object, java.lang.Object, java.lang.Object)'> (0x000000008ceb77d0) thrown at [./src/hotspot/share/interpreter/linkResolver.cpp, line 773]
Event: 3.087 Thread 0x000001a36f6b6000 Exception <a 'java/lang/NoSuchMethodError'{0x000000008c9e9500}: 'void java.lang.invoke.DirectMethodHandle$Holder.invokeStaticInit(java.lang.Object, java.lang.Object)'> (0x000000008c9e9500) thrown at [./src/hotspot/share/interpreter/linkResolver.cpp, line 773]

Events (20 events):
Event: 3.149 loading class org/gradle/api/internal/file/pattern/GreedyPathMatcher
Event: 3.149 loading class org/gradle/api/internal/file/pattern/GreedyPathMatcher done
Event: 3.149 loading class org/gradle/api/internal/file/pattern/FixedStepPathMatcher
Event: 3.149 loading class org/gradle/api/internal/file/pattern/FixedStepPathMatcher done
Event: 3.150 loading class org/gradle/api/internal/file/pattern/PatternStepFactory
Event: 3.150 loading class org/gradle/api/internal/file/pattern/PatternStepFactory done
Event: 3.150 loading class org/gradle/api/internal/file/pattern/PatternStep
Event: 3.150 loading class org/gradle/api/internal/file/pattern/PatternStep done
Event: 3.150 loading class org/gradle/api/internal/file/pattern/AnyWildcardPatternStep
Event: 3.150 loading class org/gradle/api/internal/file/pattern/AnyWildcardPatternStep done
Event: 3.150 loading class org/gradle/api/internal/file/pattern/HasPrefixAndSuffixPatternStep
Event: 3.150 loading class org/gradle/api/internal/file/pattern/HasPrefixAndSuffixPatternStep done
Event: 3.150 loading class org/gradle/api/internal/file/pattern/HasPrefixPatternStep
Event: 3.150 loading class org/gradle/api/internal/file/pattern/HasPrefixPatternStep done
Event: 3.151 loading class org/gradle/api/internal/file/pattern/HasSuffixPatternStep
Event: 3.151 loading class org/gradle/api/internal/file/pattern/HasSuffixPatternStep done
Event: 3.151 loading class org/gradle/api/internal/file/pattern/FixedPatternStep
Event: 3.151 loading class org/gradle/api/internal/file/pattern/FixedPatternStep done
Event: 3.151 loading class org/gradle/api/internal/file/pattern/AnythingMatcher
Event: 3.151 loading class org/gradle/api/internal/file/pattern/AnythingMatcher done


Dynamic libraries:
0x00007ff6f9710000 - 0x00007ff6f971a000 	C:\Program Files\Android\Android Studio1\jre\bin\java.exe
0x00007ff8f9af0000 - 0x00007ff8f9ce8000 	C:\WINDOWS\SYSTEM32\ntdll.dll
0x00007ff8f93c0000 - 0x00007ff8f947f000 	C:\WINDOWS\System32\KERNEL32.DLL
0x00007ff8f71d0000 - 0x00007ff8f74c6000 	C:\WINDOWS\System32\KERNELBASE.dll
0x000000006f7b0000 - 0x000000006f85f000 	C:\ProgramData\Symantec\Symantec Endpoint Protection\14.3.5413.3000.105\Data\Sysfer\x64\sysfer.dll
0x00007ff8f75c0000 - 0x00007ff8f76c0000 	C:\WINDOWS\System32\ucrtbase.dll
0x00007ff8f1290000 - 0x00007ff8f12a9000 	C:\Program Files\Android\Android Studio1\jre\bin\jli.dll
0x00007ff8f12b0000 - 0x00007ff8f12c7000 	C:\Program Files\Android\Android Studio1\jre\bin\VCRUNTIME140.dll
0x00007ff8f91a0000 - 0x00007ff8f933d000 	C:\WINDOWS\System32\USER32.dll
0x00007ff8e1eb0000 - 0x00007ff8e214a000 	C:\WINDOWS\WinSxS\amd64_microsoft.windows.common-controls_6595b64144ccf1df_6.0.19041.1110_none_60b5254171f9507e\COMCTL32.dll
0x00007ff8f79c0000 - 0x00007ff8f79e2000 	C:\WINDOWS\System32\win32u.dll
0x00007ff8f96b0000 - 0x00007ff8f974e000 	C:\WINDOWS\System32\msvcrt.dll
0x00007ff8f8b90000 - 0x00007ff8f8bbc000 	C:\WINDOWS\System32\GDI32.dll
0x00007ff8f76c0000 - 0x00007ff8f77d5000 	C:\WINDOWS\System32\gdi32full.dll
0x00007ff8f74d0000 - 0x00007ff8f756d000 	C:\WINDOWS\System32\msvcp_win.dll
0x00007ff8f94e0000 - 0x00007ff8f9510000 	C:\WINDOWS\System32\IMM32.DLL
0x00007ff8d7660000 - 0x00007ff8d76fd000 	C:\Program Files\Android\Android Studio1\jre\bin\msvcp140.dll
0x00007ff89bd40000 - 0x00007ff89c825000 	C:\Program Files\Android\Android Studio1\jre\bin\server\jvm.dll
0x00007ff8f8ae0000 - 0x00007ff8f8b8f000 	C:\WINDOWS\System32\ADVAPI32.dll
0x00007ff8f82a0000 - 0x00007ff8f833c000 	C:\WINDOWS\System32\sechost.dll
0x00007ff8f8e60000 - 0x00007ff8f8f86000 	C:\WINDOWS\System32\RPCRT4.dll
0x00007ff8f8df0000 - 0x00007ff8f8df8000 	C:\WINDOWS\System32\PSAPI.DLL
0x00007ff8e51c0000 - 0x00007ff8e51c9000 	C:\WINDOWS\SYSTEM32\WSOCK32.dll
0x00007ff8f9640000 - 0x00007ff8f96ab000 	C:\WINDOWS\System32\WS2_32.dll
0x00007ff8e10f0000 - 0x00007ff8e1117000 	C:\WINDOWS\SYSTEM32\WINMM.dll
0x00007ff8ecb00000 - 0x00007ff8ecb0a000 	C:\WINDOWS\SYSTEM32\VERSION.dll
0x00007ff8f5a10000 - 0x00007ff8f5a22000 	C:\WINDOWS\SYSTEM32\kernel.appcore.dll
0x00007ff8eb0a0000 - 0x00007ff8eb0b1000 	C:\Program Files\Android\Android Studio1\jre\bin\verify.dll
0x00007ff8ed350000 - 0x00007ff8ed534000 	C:\WINDOWS\SYSTEM32\DBGHELP.DLL
0x00007ff8ed260000 - 0x00007ff8ed294000 	C:\WINDOWS\SYSTEM32\dbgcore.DLL
0x00007ff8f7850000 - 0x00007ff8f78d2000 	C:\WINDOWS\System32\bcryptPrimitives.dll
0x00007ff8e6820000 - 0x00007ff8e6849000 	C:\Program Files\Android\Android Studio1\jre\bin\java.dll
0x00007ff8f1300000 - 0x00007ff8f130b000 	C:\Program Files\Android\Android Studio1\jre\bin\jimage.dll
0x00007ff8e4eb0000 - 0x00007ff8e4ec8000 	C:\Program Files\Android\Android Studio1\jre\bin\zip.dll
0x00007ff8f7b50000 - 0x00007ff8f8294000 	C:\WINDOWS\System32\SHELL32.dll
0x00007ff8f50c0000 - 0x00007ff8f5853000 	C:\WINDOWS\SYSTEM32\windows.storage.dll
0x00007ff8f9750000 - 0x00007ff8f9aa4000 	C:\WINDOWS\System32\combase.dll
0x00007ff8f6a60000 - 0x00007ff8f6a8e000 	C:\WINDOWS\SYSTEM32\Wldp.dll
0x00007ff8f85c0000 - 0x00007ff8f866d000 	C:\WINDOWS\System32\SHCORE.dll
0x00007ff8f8e00000 - 0x00007ff8f8e55000 	C:\WINDOWS\System32\shlwapi.dll
0x00007ff8f7100000 - 0x00007ff8f7125000 	C:\WINDOWS\SYSTEM32\profapi.dll
0x00007ff8e1a30000 - 0x00007ff8e1a4a000 	C:\Program Files\Android\Android Studio1\jre\bin\net.dll
0x00007ff8f01f0000 - 0x00007ff8f02fa000 	C:\WINDOWS\SYSTEM32\WINHTTP.dll
0x00007ff8f6840000 - 0x00007ff8f68aa000 	C:\WINDOWS\system32\mswsock.dll
0x00007ff8e1a10000 - 0x00007ff8e1a24000 	C:\Program Files\Android\Android Studio1\jre\bin\nio.dll
0x00007ff8c7140000 - 0x00007ff8c7167000 	C:\Users\ADIT-PC\.gradle\native\e1d6ef7f7dcc3fd88c89a11ec53ec762bb8ba0a96d01ffa2cd45eb1d1d8dd5c5\windows-amd64\native-platform.dll
0x00007ff8c65d0000 - 0x00007ff8c6714000 	C:\Users\ADIT-PC\.gradle\native\5664cfc778a61ccfe75a443a1ab52a65af34e5dc3c78e0209fed803814484fcb\windows-amd64\native-platform-file-events.dll
0x00007ff8eab70000 - 0x00007ff8eab7a000 	C:\Program Files\Android\Android Studio1\jre\bin\management.dll
0x00007ff8e78b0000 - 0x00007ff8e78bd000 	C:\Program Files\Android\Android Studio1\jre\bin\management_ext.dll
0x00007ff8f6aa0000 - 0x00007ff8f6ab8000 	C:\WINDOWS\SYSTEM32\CRYPTSP.dll
0x00007ff8f6170000 - 0x00007ff8f61a4000 	C:\WINDOWS\system32\rsaenh.dll
0x00007ff8f7990000 - 0x00007ff8f79b7000 	C:\WINDOWS\System32\bcrypt.dll
0x00007ff8f70c0000 - 0x00007ff8f70ee000 	C:\WINDOWS\SYSTEM32\USERENV.dll
0x00007ff8f69d0000 - 0x00007ff8f69dc000 	C:\WINDOWS\SYSTEM32\CRYPTBASE.dll
0x00007ff8f6550000 - 0x00007ff8f658b000 	C:\WINDOWS\SYSTEM32\IPHLPAPI.DLL
0x00007ff8f9510000 - 0x00007ff8f9518000 	C:\WINDOWS\System32\NSI.dll
0x00007ff8effd0000 - 0x00007ff8effe7000 	C:\WINDOWS\SYSTEM32\dhcpcsvc6.DLL
0x00007ff8efec0000 - 0x00007ff8efedd000 	C:\WINDOWS\SYSTEM32\dhcpcsvc.DLL
0x00007ff8f65a0000 - 0x00007ff8f666a000 	C:\WINDOWS\SYSTEM32\DNSAPI.dll

dbghelp: loaded successfully - version: 4.0.5 - missing functions: none
symbol engine: initialized successfully - sym options: 0x614 - pdb path: .;C:\Program Files\Android\Android Studio1\jre\bin;C:\WINDOWS\SYSTEM32;C:\ProgramData\Symantec\Symantec Endpoint Protection\14.3.5413.3000.105\Data\Sysfer\x64;C:\WINDOWS\WinSxS\amd64_microsoft.windows.common-controls_6595b64144ccf1df_6.0.19041.1110_none_60b5254171f9507e;C:\Program Files\Android\Android Studio1\jre\bin\server;C:\Users\ADIT-PC\.gradle\native\e1d6ef7f7dcc3fd88c89a11ec53ec762bb8ba0a96d01ffa2cd45eb1d1d8dd5c5\windows-amd64;C:\Users\ADIT-PC\.gradle\native\5664cfc778a61ccfe75a443a1ab52a65af34e5dc3c78e0209fed803814484fcb\windows-amd64

VM Arguments:
jvm_args: --add-opens=java.base/java.util=ALL-UNNAMED --add-opens=java.base/java.lang=ALL-UNNAMED --add-opens=java.base/java.lang.invoke=ALL-UNNAMED --add-opens=java.base/java.util=ALL-UNNAMED --add-opens=java.prefs/java.util.prefs=ALL-UNNAMED --add-opens=java.prefs/java.util.prefs=ALL-UNNAMED --add-opens=java.base/java.nio.charset=ALL-UNNAMED --add-opens=java.base/java.net=ALL-UNNAMED --add-opens=java.base/java.util.concurrent.atomic=ALL-UNNAMED -Xmx2048m -Dfile.encoding=windows-1252 -Duser.country=ID -Duser.language=en -Duser.variant 
java_command: org.gradle.launcher.daemon.bootstrap.GradleDaemon 7.3.3
java_class_path (initial): C:\Users\ADIT-PC\.gradle\wrapper\dists\gradle-7.3.3-bin\6a41zxkdtcxs8rphpq6y0069z\gradle-7.3.3\lib\gradle-launcher-7.3.3.jar
Launcher Type: SUN_STANDARD

[Global flags]
     intx CICompilerCount                          = 3                                         {product} {ergonomic}
     uint ConcGCThreads                            = 1                                         {product} {ergonomic}
     uint G1ConcRefinementThreads                  = 4                                         {product} {ergonomic}
   size_t G1HeapRegionSize                         = 1048576                                   {product} {ergonomic}
    uintx GCDrainStackTargetSize                   = 64                                        {product} {ergonomic}
   size_t InitialHeapSize                          = 266338304                                 {product} {ergonomic}
   size_t MarkStackSize                            = 4194304                                   {product} {ergonomic}
   size_t MaxHeapSize                              = 2147483648                                {product} {command line}
   size_t MaxNewSize                               = 1287651328                                {product} {ergonomic}
   size_t MinHeapDeltaBytes                        = 1048576                                   {product} {ergonomic}
    uintx NonNMethodCodeHeapSize                   = 5830732                                {pd product} {ergonomic}
    uintx NonProfiledCodeHeapSize                  = 122913754                              {pd product} {ergonomic}
    uintx ProfiledCodeHeapSize                     = 122913754                              {pd product} {ergonomic}
    uintx ReservedCodeCacheSize                    = 251658240                              {pd product} {ergonomic}
     bool SegmentedCodeCache                       = true                                      {product} {ergonomic}
     bool UseCompressedClassPointers               = true                                 {lp64_product} {ergonomic}
     bool UseCompressedOops                        = true                                 {lp64_product} {ergonomic}
     bool UseG1GC                                  = true                                      {product} {ergonomic}
     bool UseLargePagesIndividualAllocation        = false                                  {pd product} {ergonomic}

Logging:
Log output configuration:
 #0: stdout all=warning uptime,level,tags
 #1: stderr all=off uptime,level,tags

Environment Variables:
JAVA_HOME=C:\Program Files\Java\jdk-15.0.2
CLASSPATH=.;
PATH=C:\Program Files\Common Files\Oracle\Java\javapath;C:\Python311\Scripts\;C:\Python311\;C:\Python310\Scripts\;C:\Python310\;C:\Python27\;C:\Python27\Scripts;C:\Program Files (x86)\Common Files\Oracle\Java\javapath;C:\Program Files\Docker\Docker\Resources\bin;C:\ProgramData\Oracle\Java\javapath;C:\Program Files (x86)\Intel\iCLS Client\;C:\Program Files\Intel\iCLS Client\;C:\WINDOWS\system32;C:\WINDOWS;C:\WINDOWS\System32\Wbem;C:\WINDOWS\System32\WindowsPowerShell\v1.0\;C:\Program Files (x86)\Intel\Intel(R) Management Engine Components\DAL;C:\Program Files\Intel\Intel(R) Management Engine Components\DAL;C:\Program Files (x86)\Intel\Intel(R) Management Engine Components\IPT;C:\Program Files\Intel\Intel(R) Management Engine Components\IPT;C:\Program Files\Java\jre1.8.0_162\bin;C:\Program Files (x86)\GtkSharp\2.12\bin;C:\Program Files\PuTTY\;C:\Program Files\Java\jdk1.8.0_162\bin;C:\PROGRA~2\Groovy\GROOVY~1.15\bin;C:\WINDOWS\System32\OpenSSH\;C:\xampp\php;C:\Program Files (x86)\Microsoft SQL Server\Client SDK\ODBC\130\Tools\Binn\;C:\Program Files (x86)\Microsoft SQL Server\140\Tools\Binn\;C:\Program Files (x86)\Microsoft SQL Server\140\DTS\Binn\;C:\Program Files (x86)\Microsoft SQL Server\140\Tools\Binn\ManagementStudio\;c:\Program Files (x86)\Microsoft SQL Server\110\Tools\Binn\;c:\Program Files\Microsoft SQL Server\110\Tools\Binn\;c:\Program Files\Microsoft SQL Server\110\DTS\Binn\;C:\composer;C:\Flutter\flutter\bin;C:\Bitnami\wampstack-5.6.39-0\php;C:\ProgramData\chocolatey\bin;C:\Program Files (x86)\Yarn\bin\;C:\Program Files\Java\jdk1.8.0_211\bin;C:\Program Files\OpenJDK\openjdk-8u312-b07\bin;C:\Program Files\nodejs\;C:\Program Files\Git\cmd;C:\Users\ADIT-PC\AppData\Local\Microsoft\WindowsApps;C:\Users\ADIT-PC\AppData\Local\Android\Sdk\platform-tools;C:\Users\ADIT-PC\AppData\Roaming\npm;C:\Users\ADIT-PC\AppData\Local\Programs\Microsoft VS Code\bin;C:\Users\ADIT-PC\AppData\Local\Android\Sdk;C:\src\flutter\bin;C:\Users\ADIT-PC\AppData\Local\GitHubDesktop\bin;C:\Users
USERNAME=ADIT-PC
OS=Windows_NT
PROCESSOR_IDENTIFIER=Intel64 Family 6 Model 94 Stepping 3, GenuineIntel



---------------  S Y S T E M  ---------------

OS: Windows 10 , 64 bit Build 19041 (10.0.19041.3155)
OS uptime: 3 days 8:43 hours
Hyper-V role detected

CPU:total 4 (initial active 4) (4 cores per cpu, 1 threads per core) family 6 model 94 stepping 3 microcode 0xf0, cmov, cx8, fxsr, mmx, sse, sse2, sse3, ssse3, sse4.1, sse4.2, popcnt, avx, avx2, aes, clmul, erms, rtm, 3dnowpref, lzcnt, tsc, tscinvbit, bmi1, bmi2, adx, fma

Memory: 4k page, system-wide physical 16247M (4009M free)
TotalPageFile size 25028M (AvailPageFile size 7M)
current process WorkingSet (physical memory assigned to process): 202M, peak: 202M
current process commit charge ("private bytes"): 415M, peak: 416M

vm_info: OpenJDK 64-Bit Server VM (11.0.12+7-b1504.28-7817840) for windows-amd64 JRE (11.0.12+7-b1504.28-7817840), built on Oct 13 2021 22:12:33 by "builder" with MS VC++ 14.0 (VS2015)

END.
