#
# There is insufficient memory for the Java Runtime Environment to continue.
# Native memory allocation (mmap) failed to map 165675008 bytes for G1 virtual space
# Possible reasons:
#   The system is out of physical RAM or swap space
#   The process is running with CompressedOops enabled, and the Java Heap may be blocking the growth of the native heap
# Possible solutions:
#   Reduce memory load on the system
#   Increase physical memory or swap space
#   Check if swap backing store is full
#   Decrease Java heap size (-Xmx/-Xms)
#   Decrease number of Java threads
#   Decrease Java thread stack sizes (-Xss)
#   Set larger code cache with -XX:ReservedCodeCacheSize=
#   JVM is running with Unscaled Compressed Oops mode in which the Java heap is
#     placed in the first 4GB address space. The Java Heap base address is the
#     maximum limit for the native heap growth. Please use -XX:HeapBaseMinAddress
#     to set the Java Heap base and to place the Java Heap above 4GB virtual address.
# This output file may be truncated or incomplete.
#
#  Out of Memory Error (os_windows.cpp:3769), pid=17276, tid=23848
#
# JRE version: OpenJDK Runtime Environment (17.0.6) (build 17.0.6+0-b2043.56-10027231)
# Java VM: OpenJDK 64-Bit Server VM (17.0.6+0-b2043.56-10027231, mixed mode, tiered, compressed oops, compressed class ptrs, g1 gc, windows-amd64)
# No core dump will be written. Minidumps are not enabled by default on client versions of Windows
#

---------------  S U M M A R Y ------------

Command Line: --add-opens=java.base/java.util=ALL-UNNAMED --add-opens=java.base/java.lang=ALL-UNNAMED --add-opens=java.base/java.lang.invoke=ALL-UNNAMED --add-opens=java.prefs/java.util.prefs=ALL-UNNAMED --add-opens=java.base/java.nio.charset=ALL-UNNAMED --add-opens=java.base/java.net=ALL-UNNAMED --add-opens=java.base/java.util.concurrent.atomic=ALL-UNNAMED -Xmx2048m -Dfile.encoding=windows-1252 -Duser.country=ID -Duser.language=en -Duser.variant -javaagent:C:\Users\ADIT-PC\.gradle\wrapper\dists\gradle-8.2-bin\bbg7u40eoinfdyxsxr3z4i7ta\gradle-8.2\lib\agents\gradle-instrumentation-agent-8.2.jar org.gradle.launcher.daemon.bootstrap.GradleDaemon 8.2

Host: Intel(R) Core(TM) i5-6500 CPU @ 3.20GHz, 4 cores, 15G,  Windows 10 , 64 bit Build 19041 (10.0.19041.3636)
Time: Wed Apr  3 11:36:59 2024 SE Asia Standard Time elapsed time: 24.995054 seconds (0d 0h 0m 24s)

---------------  T H R E A D  ---------------

Current thread (0x000002b1ede8e380):  VMThread "VM Thread" [stack: 0x000000e3e4300000,0x000000e3e4400000] [id=23848]

Stack: [0x000000e3e4300000,0x000000e3e4400000]
Native frames: (J=compiled Java code, j=interpreted, Vv=VM code, C=native code)
V  [jvm.dll+0x683c9a]
V  [jvm.dll+0x8427a4]
V  [jvm.dll+0x843f9e]
V  [jvm.dll+0x844603]
V  [jvm.dll+0x249b75]
V  [jvm.dll+0x680b69]
V  [jvm.dll+0x67505a]
V  [jvm.dll+0x309acb]
V  [jvm.dll+0x310f86]
V  [jvm.dll+0x3608ee]
V  [jvm.dll+0x360b1f]
V  [jvm.dll+0x2dfbf8]
V  [jvm.dll+0x2ddec4]
V  [jvm.dll+0x2dd4cc]
V  [jvm.dll+0x321f3b]
V  [jvm.dll+0x848ccb]
V  [jvm.dll+0x849a04]
V  [jvm.dll+0x849f1d]
V  [jvm.dll+0x84a2f4]
V  [jvm.dll+0x84a3c0]
V  [jvm.dll+0x7f274a]
V  [jvm.dll+0x682ad5]
C  [ucrtbase.dll+0x21bb2]
C  [KERNEL32.DLL+0x17344]
C  [ntdll.dll+0x526b1]

VM_Operation (0x000000e3e84fccd0): G1CollectForAllocation, mode: safepoint, requested by thread 0x000002b1f1c976d0


---------------  P R O C E S S  ---------------

Threads class SMR info:
_java_thread_list=0x000002b1f6f97610, length=93, elements={
0x000002b1d48a3b80, 0x000002b1ee833c90, 0x000002b1ee834810, 0x000002b1ee886d20,
0x000002b1ee888600, 0x000002b1ee888ec0, 0x000002b1ee889780, 0x000002b1ee88d870,
0x000002b1ee88e170, 0x000002b1ee88ea70, 0x000002b1ee98c390, 0x000002b1eeb06e20,
0x000002b1f0512d90, 0x000002b1f05158e0, 0x000002b1f0515db0, 0x000002b1f05128c0,
0x000002b1f0513c00, 0x000002b1f0513260, 0x000002b1f05123f0, 0x000002b1f0515410,
0x000002b1f05140d0, 0x000002b1f05145a0, 0x000002b1f0514a70, 0x000002b1f0514f40,
0x000002b1f1394e50, 0x000002b1f13979a0, 0x000002b1f1396190, 0x000002b1f1395320,
0x000002b1f13957f0, 0x000002b1f1397e70, 0x000002b1f1396660, 0x000002b1f13944b0,
0x000002b1f1396b30, 0x000002b1f1394980, 0x000002b1f1c94b80, 0x000002b1f1c9a220,
0x000002b1f1c9abc0, 0x000002b1f1c95050, 0x000002b1f1c98ee0, 0x000002b1f1c95520,
0x000002b1f1c959f0, 0x000002b1f1c9b560, 0x000002b1f1c97ba0, 0x000002b1f1c96860,
0x000002b1f6e87860, 0x000002b1f6e85b80, 0x000002b1f6e869f0, 0x000002b1f6e839d0,
0x000002b1f6e81350, 0x000002b1f6e87d30, 0x000002b1f6e86050, 0x000002b1f6e809b0,
0x000002b1f6e856b0, 0x000002b1f6e86ec0, 0x000002b1f6e84370, 0x000002b1f6e81cf0,
0x000002b1f6e83ea0, 0x000002b1f6e83030, 0x000002b1f1c96d30, 0x000002b1f1c976d0,
0x000002b1f6ff00e0, 0x000002b1f6fee400, 0x000002b1f6fec250, 0x000002b1f6fefc10,
0x000002b1f6ff1420, 0x000002b1f6fed0c0, 0x000002b1f6feb8b0, 0x000002b1f6fef740,
0x000002b1f6fea0a0, 0x000002b1f6fee8d0, 0x000002b1f6feeda0, 0x000002b1f6fea570,
0x000002b1f6fec720, 0x000002b1f6febd80, 0x000002b1f6ff0a80, 0x000002b1f6ff0f50,
0x000002b1f6ff18f0, 0x000002b1f6feaa40, 0x000002b1f6fecbf0, 0x000002b1f6fed590,
0x000002b1f6feaf10, 0x000002b1f6feb3e0, 0x000002b1f6fedf30, 0x000002b1f6e86520,
0x000002b1f6e82b60, 0x000002b1f6885740, 0x000002b1f6886f50, 0x000002b1f688ade0,
0x000002b1f68895d0, 0x000002b1f6885c10, 0x000002b1f6889f70, 0x000002b1f688a440,
0x000002b1eec66060
}

Java Threads: ( => current thread )
  0x000002b1d48a3b80 JavaThread "main" [_thread_blocked, id=25908, stack(0x000000e3e3d00000,0x000000e3e3e00000)]
  0x000002b1ee833c90 JavaThread "Reference Handler" daemon [_thread_blocked, id=14852, stack(0x000000e3e4400000,0x000000e3e4500000)]
  0x000002b1ee834810 JavaThread "Finalizer" daemon [_thread_blocked, id=3692, stack(0x000000e3e4500000,0x000000e3e4600000)]
  0x000002b1ee886d20 JavaThread "Signal Dispatcher" daemon [_thread_blocked, id=8708, stack(0x000000e3e4600000,0x000000e3e4700000)]
  0x000002b1ee888600 JavaThread "Attach Listener" daemon [_thread_blocked, id=19376, stack(0x000000e3e4700000,0x000000e3e4800000)]
  0x000002b1ee888ec0 JavaThread "Service Thread" daemon [_thread_blocked, id=9040, stack(0x000000e3e4800000,0x000000e3e4900000)]
  0x000002b1ee889780 JavaThread "Monitor Deflation Thread" daemon [_thread_blocked, id=16884, stack(0x000000e3e4900000,0x000000e3e4a00000)]
  0x000002b1ee88d870 JavaThread "C2 CompilerThread0" daemon [_thread_blocked, id=2424, stack(0x000000e3e4a00000,0x000000e3e4b00000)]
  0x000002b1ee88e170 JavaThread "C1 CompilerThread0" daemon [_thread_blocked, id=23772, stack(0x000000e3e4b00000,0x000000e3e4c00000)]
  0x000002b1ee88ea70 JavaThread "Sweeper thread" daemon [_thread_blocked, id=3404, stack(0x000000e3e4c00000,0x000000e3e4d00000)]
  0x000002b1ee98c390 JavaThread "Common-Cleaner" daemon [_thread_blocked, id=17680, stack(0x000000e3e4d00000,0x000000e3e4e00000)]
  0x000002b1eeb06e20 JavaThread "Notification Thread" daemon [_thread_blocked, id=15168, stack(0x000000e3e4e00000,0x000000e3e4f00000)]
  0x000002b1f0512d90 JavaThread "Daemon health stats" [_thread_blocked, id=5480, stack(0x000000e3e5400000,0x000000e3e5500000)]
  0x000002b1f05158e0 JavaThread "Incoming local TCP Connector on port 29426" [_thread_in_native, id=23356, stack(0x000000e3e5000000,0x000000e3e5100000)]
  0x000002b1f0515db0 JavaThread "Daemon periodic checks" [_thread_blocked, id=5700, stack(0x000000e3e5500000,0x000000e3e5600000)]
  0x000002b1f05128c0 JavaThread "Daemon" [_thread_blocked, id=24244, stack(0x000000e3e5600000,0x000000e3e5700000)]
  0x000002b1f0513c00 JavaThread "Handler for socket connection from /127.0.0.1:29426 to /127.0.0.1:29427" [_thread_in_native, id=19688, stack(0x000000e3e5700000,0x000000e3e5800000)]
  0x000002b1f0513260 JavaThread "Cancel handler" [_thread_blocked, id=3344, stack(0x000000e3e5800000,0x000000e3e5900000)]
  0x000002b1f05123f0 JavaThread "Daemon worker" [_thread_blocked, id=20156, stack(0x000000e3e5900000,0x000000e3e5a00000)]
  0x000002b1f0515410 JavaThread "Asynchronous log dispatcher for DefaultDaemonConnection: socket connection from /127.0.0.1:29426 to /127.0.0.1:29427" [_thread_blocked, id=18468, stack(0x000000e3e5a00000,0x000000e3e5b00000)]
  0x000002b1f05140d0 JavaThread "Stdin handler" [_thread_blocked, id=24716, stack(0x000000e3e5b00000,0x000000e3e5c00000)]
  0x000002b1f05145a0 JavaThread "Daemon client event forwarder" [_thread_blocked, id=21256, stack(0x000000e3e5c00000,0x000000e3e5d00000)]
  0x000002b1f0514a70 JavaThread "Cache worker for journal cache (C:\Users\ADIT-PC\.gradle\caches\journal-1)" [_thread_blocked, id=7220, stack(0x000000e3e5e00000,0x000000e3e5f00000)]
  0x000002b1f0514f40 JavaThread "File lock request listener" [_thread_in_native, id=24760, stack(0x000000e3e5f00000,0x000000e3e6000000)]
  0x000002b1f1394e50 JavaThread "Cache worker for file hash cache (C:\Users\ADIT-PC\.gradle\caches\8.2\fileHashes)" [_thread_blocked, id=10676, stack(0x000000e3e6000000,0x000000e3e6100000)]
  0x000002b1f13979a0 JavaThread "File watcher server" daemon [_thread_blocked, id=14464, stack(0x000000e3e6100000,0x000000e3e6200000)]
  0x000002b1f1396190 JavaThread "File watcher consumer" daemon [_thread_blocked, id=25960, stack(0x000000e3e6200000,0x000000e3e6300000)]
  0x000002b1f1395320 JavaThread "Cache worker for checksums cache (C:\Users\ADIT-PC\AndroidStudioProjects\HRISMobile-New\.gradle\8.2\checksums)" [_thread_blocked, id=6940, stack(0x000000e3e6300000,0x000000e3e6400000)]
  0x000002b1f13957f0 JavaThread "Cache worker for cache directory md-rule (C:\Users\ADIT-PC\.gradle\caches\8.2\md-rule)" [_thread_blocked, id=21384, stack(0x000000e3e6400000,0x000000e3e6500000)]
  0x000002b1f1397e70 JavaThread "Cache worker for file content cache (C:\Users\ADIT-PC\.gradle\caches\8.2\fileContent)" [_thread_blocked, id=26252, stack(0x000000e3e6500000,0x000000e3e6600000)]
  0x000002b1f1396660 JavaThread "Cache worker for file hash cache (C:\Users\ADIT-PC\AndroidStudioProjects\HRISMobile-New\.gradle\8.2\fileHashes)" [_thread_blocked, id=24180, stack(0x000000e3e6600000,0x000000e3e6700000)]
  0x000002b1f13944b0 JavaThread "Cache worker for cache directory md-supplier (C:\Users\ADIT-PC\.gradle\caches\8.2\md-supplier)" [_thread_blocked, id=6024, stack(0x000000e3e6700000,0x000000e3e6800000)]
  0x000002b1f1396b30 JavaThread "Cache worker for execution history cache (C:\Users\ADIT-PC\.gradle\caches\8.2\executionHistory)" [_thread_blocked, id=19280, stack(0x000000e3e6800000,0x000000e3e6900000)]
  0x000002b1f1394980 JavaThread "jar transforms" [_thread_blocked, id=15196, stack(0x000000e3e6a00000,0x000000e3e6b00000)]
  0x000002b1f1c94b80 JavaThread "jar transforms Thread 2" [_thread_blocked, id=12180, stack(0x000000e3e6b00000,0x000000e3e6c00000)]
  0x000002b1f1c9a220 JavaThread "jar transforms Thread 3" [_thread_blocked, id=20972, stack(0x000000e3e6c00000,0x000000e3e6d00000)]
  0x000002b1f1c9abc0 JavaThread "jar transforms Thread 4" [_thread_blocked, id=26500, stack(0x000000e3e6d00000,0x000000e3e6e00000)]
  0x000002b1f1c95050 JavaThread "Cache worker for dependencies-accessors (C:\Users\ADIT-PC\AndroidStudioProjects\HRISMobile-New\.gradle\8.2\dependencies-accessors)" [_thread_blocked, id=19192, stack(0x000000e3e6e00000,0x000000e3e6f00000)]
  0x000002b1f1c98ee0 JavaThread "Cache worker for Build Output Cleanup Cache (C:\Users\ADIT-PC\AndroidStudioProjects\HRISMobile-New\.gradle\buildOutputCleanup)" [_thread_blocked, id=25724, stack(0x000000e3e6f00000,0x000000e3e7000000)]
  0x000002b1f1c95520 JavaThread "Unconstrained build operations" [_thread_blocked, id=25536, stack(0x000000e3e7000000,0x000000e3e7100000)]
  0x000002b1f1c959f0 JavaThread "Unconstrained build operations Thread 2" [_thread_blocked, id=17524, stack(0x000000e3e7100000,0x000000e3e7200000)]
  0x000002b1f1c9b560 JavaThread "Unconstrained build operations Thread 3" [_thread_blocked, id=24168, stack(0x000000e3e7200000,0x000000e3e7300000)]
  0x000002b1f1c97ba0 JavaThread "build event listener" [_thread_blocked, id=21532, stack(0x000000e3e5d00000,0x000000e3e5e00000)]
  0x000002b1f1c96860 JavaThread "Memory manager" [_thread_blocked, id=20180, stack(0x000000e3e7400000,0x000000e3e7500000)]
  0x000002b1f6e87860 JavaThread "pool-3-thread-1" [_thread_blocked, id=22588, stack(0x000000e3e7500000,0x000000e3e7600000)]
  0x000002b1f6e85b80 JavaThread "build event listener" [_thread_blocked, id=15304, stack(0x000000e3e7600000,0x000000e3e7700000)]
  0x000002b1f6e869f0 JavaThread "included builds" [_thread_blocked, id=23884, stack(0x000000e3e7700000,0x000000e3e7800000)]
  0x000002b1f6e839d0 JavaThread "Execution worker" [_thread_blocked, id=23448, stack(0x000000e3e7800000,0x000000e3e7900000)]
  0x000002b1f6e81350 JavaThread "Execution worker Thread 2" [_thread_blocked, id=19940, stack(0x000000e3e7900000,0x000000e3e7a00000)]
  0x000002b1f6e87d30 JavaThread "Execution worker Thread 3" [_thread_blocked, id=18052, stack(0x000000e3e7a00000,0x000000e3e7b00000)]
  0x000002b1f6e86050 JavaThread "Cache worker for execution history cache (C:\Users\ADIT-PC\AndroidStudioProjects\HRISMobile-New\.gradle\8.2\executionHistory)" [_thread_blocked, id=23020, stack(0x000000e3e7b00000,0x000000e3e7c00000)]
  0x000002b1f6e809b0 JavaThread "Unconstrained build operations Thread 4" [_thread_blocked, id=13836, stack(0x000000e3e7c00000,0x000000e3e7d00000)]
  0x000002b1f6e856b0 JavaThread "Unconstrained build operations Thread 5" [_thread_blocked, id=22824, stack(0x000000e3e7d00000,0x000000e3e7e00000)]
  0x000002b1f6e86ec0 JavaThread "Unconstrained build operations Thread 6" [_thread_blocked, id=24060, stack(0x000000e3e7e00000,0x000000e3e7f00000)]
  0x000002b1f6e84370 JavaThread "Unconstrained build operations Thread 7" [_thread_blocked, id=18212, stack(0x000000e3e7f00000,0x000000e3e8000000)]
  0x000002b1f6e81cf0 JavaThread "Unconstrained build operations Thread 8" [_thread_blocked, id=19488, stack(0x000000e3e8000000,0x000000e3e8100000)]
  0x000002b1f6e83ea0 JavaThread "Unconstrained build operations Thread 9" [_thread_blocked, id=16652, stack(0x000000e3e8100000,0x000000e3e8200000)]
  0x000002b1f6e83030 JavaThread "WorkerExecutor Queue" [_thread_blocked, id=23972, stack(0x000000e3e8200000,0x000000e3e8300000)]
  0x000002b1f1c96d30 JavaThread "Unconstrained build operations Thread 10" [_thread_blocked, id=26040, stack(0x000000e3e8300000,0x000000e3e8400000)]
  0x000002b1f1c976d0 JavaThread "WorkerExecutor Queue Thread 2" [_thread_blocked, id=26300, stack(0x000000e3e8400000,0x000000e3e8500000)]
  0x000002b1f6ff00e0 JavaThread "Unconstrained build operations Thread 11" [_thread_blocked, id=21600, stack(0x000000e3e8500000,0x000000e3e8600000)]
  0x000002b1f6fee400 JavaThread "Unconstrained build operations Thread 12" [_thread_blocked, id=21316, stack(0x000000e3e8600000,0x000000e3e8700000)]
  0x000002b1f6fec250 JavaThread "Unconstrained build operations Thread 13" [_thread_blocked, id=24112, stack(0x000000e3e8700000,0x000000e3e8800000)]
  0x000002b1f6fefc10 JavaThread "Unconstrained build operations Thread 14" [_thread_blocked, id=15512, stack(0x000000e3e8800000,0x000000e3e8900000)]
  0x000002b1f6ff1420 JavaThread "Unconstrained build operations Thread 15" [_thread_blocked, id=25288, stack(0x000000e3e8900000,0x000000e3e8a00000)]
  0x000002b1f6fed0c0 JavaThread "Unconstrained build operations Thread 16" [_thread_blocked, id=8564, stack(0x000000e3e8a00000,0x000000e3e8b00000)]
  0x000002b1f6feb8b0 JavaThread "Unconstrained build operations Thread 17" [_thread_blocked, id=24200, stack(0x000000e3e8b00000,0x000000e3e8c00000)]
  0x000002b1f6fef740 JavaThread "Unconstrained build operations Thread 18" [_thread_blocked, id=24284, stack(0x000000e3e8c00000,0x000000e3e8d00000)]
  0x000002b1f6fea0a0 JavaThread "Unconstrained build operations Thread 19" [_thread_blocked, id=6540, stack(0x000000e3e8d00000,0x000000e3e8e00000)]
  0x000002b1f6fee8d0 JavaThread "Unconstrained build operations Thread 20" [_thread_blocked, id=16508, stack(0x000000e3e8e00000,0x000000e3e8f00000)]
  0x000002b1f6feeda0 JavaThread "Unconstrained build operations Thread 21" [_thread_blocked, id=10748, stack(0x000000e3e8f00000,0x000000e3e9000000)]
  0x000002b1f6fea570 JavaThread "Unconstrained build operations Thread 22" [_thread_blocked, id=25440, stack(0x000000e3e9000000,0x000000e3e9100000)]
  0x000002b1f6fec720 JavaThread "Unconstrained build operations Thread 23" [_thread_blocked, id=13148, stack(0x000000e3e9100000,0x000000e3e9200000)]
  0x000002b1f6febd80 JavaThread "Unconstrained build operations Thread 24" [_thread_blocked, id=14148, stack(0x000000e3e9200000,0x000000e3e9300000)]
  0x000002b1f6ff0a80 JavaThread "Unconstrained build operations Thread 25" [_thread_blocked, id=22284, stack(0x000000e3e9300000,0x000000e3e9400000)]
  0x000002b1f6ff0f50 JavaThread "Unconstrained build operations Thread 26" [_thread_blocked, id=15356, stack(0x000000e3e9400000,0x000000e3e9500000)]
  0x000002b1f6ff18f0 JavaThread "Unconstrained build operations Thread 27" [_thread_blocked, id=12928, stack(0x000000e3e9500000,0x000000e3e9600000)]
  0x000002b1f6feaa40 JavaThread "Unconstrained build operations Thread 28" [_thread_blocked, id=26244, stack(0x000000e3e9600000,0x000000e3e9700000)]
  0x000002b1f6fecbf0 JavaThread "Unconstrained build operations Thread 29" [_thread_blocked, id=22416, stack(0x000000e3e9700000,0x000000e3e9800000)]
  0x000002b1f6fed590 JavaThread "Unconstrained build operations Thread 30" [_thread_blocked, id=12472, stack(0x000000e3e9800000,0x000000e3e9900000)]
  0x000002b1f6feaf10 JavaThread "Unconstrained build operations Thread 31" [_thread_blocked, id=8244, stack(0x000000e3e9900000,0x000000e3e9a00000)]
  0x000002b1f6feb3e0 JavaThread "Unconstrained build operations Thread 32" [_thread_blocked, id=3624, stack(0x000000e3e9a00000,0x000000e3e9b00000)]
  0x000002b1f6fedf30 JavaThread "WorkerExecutor Queue Thread 3" [_thread_blocked, id=11488, stack(0x000000e3e9b00000,0x000000e3e9c00000)]
  0x000002b1f6e86520 JavaThread "Unconstrained build operations Thread 33" [_thread_blocked, id=25248, stack(0x000000e3e9c00000,0x000000e3e9d00000)]
  0x000002b1f6e82b60 JavaThread "Unconstrained build operations Thread 34" [_thread_blocked, id=19012, stack(0x000000e3e9d00000,0x000000e3e9e00000)]
  0x000002b1f6885740 JavaThread "Unconstrained build operations Thread 35" [_thread_blocked, id=22240, stack(0x000000e3e9e00000,0x000000e3e9f00000)]
  0x000002b1f6886f50 JavaThread "Unconstrained build operations Thread 36" [_thread_blocked, id=19032, stack(0x000000e3e9f00000,0x000000e3ea000000)]
  0x000002b1f688ade0 JavaThread "Unconstrained build operations Thread 37" [_thread_blocked, id=12028, stack(0x000000e3ea000000,0x000000e3ea100000)]
  0x000002b1f68895d0 JavaThread "Unconstrained build operations Thread 38" [_thread_blocked, id=14680, stack(0x000000e3ea100000,0x000000e3ea200000)]
  0x000002b1f6885c10 JavaThread "pool-4-thread-1" [_thread_blocked, id=10712, stack(0x000000e3ea200000,0x000000e3ea300000)]
  0x000002b1f6889f70 JavaThread "stderr" [_thread_in_native, id=15744, stack(0x000000e3ea300000,0x000000e3ea400000)]
  0x000002b1f688a440 JavaThread "stdout" [_thread_in_native, id=15628, stack(0x000000e3ea400000,0x000000e3ea500000)]
  0x000002b1eec66060 JavaThread "C2 CompilerThread1" daemon [_thread_blocked, id=2648, stack(0x000000e3e7300000,0x000000e3e7400000)]

Other Threads:
=>0x000002b1ede8e380 VMThread "VM Thread" [stack: 0x000000e3e4300000,0x000000e3e4400000] [id=23848]
  0x000002b1d4922ca0 WatcherThread [stack: 0x000000e3e4f00000,0x000000e3e5000000] [id=21344]
  0x000002b1d48fdee0 GCTaskThread "GC Thread#0" [stack: 0x000000e3e3e00000,0x000000e3e3f00000] [id=22892]
  0x000002b1eecb5cb0 GCTaskThread "GC Thread#1" [stack: 0x000000e3e5100000,0x000000e3e5200000] [id=23600]
  0x000002b1eeeb4410 GCTaskThread "GC Thread#2" [stack: 0x000000e3e5200000,0x000000e3e5300000] [id=22296]
  0x000002b1eeeb46c0 GCTaskThread "GC Thread#3" [stack: 0x000000e3e5300000,0x000000e3e5400000] [id=14660]
  0x000002b1d490fc40 ConcurrentGCThread "G1 Main Marker" [stack: 0x000000e3e3f00000,0x000000e3e4000000] [id=24844]
  0x000002b1d4910460 ConcurrentGCThread "G1 Conc#0" [stack: 0x000000e3e4000000,0x000000e3e4100000] [id=26344]
  0x000002b1d495e460 ConcurrentGCThread "G1 Refine#0" [stack: 0x000000e3e4100000,0x000000e3e4200000] [id=25200]
  0x000002b1f1b26790 ConcurrentGCThread "G1 Refine#1" [stack: 0x000000e3e6900000,0x000000e3e6a00000] [id=11896]
  0x000002b1d495ec90 ConcurrentGCThread "G1 Service" [stack: 0x000000e3e4200000,0x000000e3e4300000] [id=6072]

Threads with active compile tasks:
C2 CompilerThread0    25043 14380       4       com.google.common.collect.Interners$InternerImpl::intern (54 bytes)
C2 CompilerThread1    25043 14378       4       com.android.ide.common.symbols.SymbolTable$FastBuilder::add (33 bytes)

VM state: at safepoint (normal execution)

VM Mutex/Monitor currently owned by a thread:  ([mutex/lock_event])
[0x000002b1d489fdc0] Threads_lock - owner thread: 0x000002b1ede8e380
[0x000002b1d489f550] Heap_lock - owner thread: 0x000002b1f1c976d0

Heap address: 0x0000000080000000, size: 2048 MB, Compressed Oops mode: 32-bit

CDS archive(s) not mapped
Compressed class space mapped at: 0x0000000100000000-0x0000000140000000, reserved size: 1073741824
Narrow klass base: 0x0000000000000000, Narrow klass shift: 3, Narrow klass range: 0x140000000

GC Precious Log:
 CPUs: 4 total, 4 available
 Memory: 16247M
 Large Page Support: Disabled
 NUMA Support: Disabled
 Compressed Oops: Enabled (32-bit)
 Heap Region Size: 1M
 Heap Min Capacity: 8M
 Heap Initial Capacity: 254M
 Heap Max Capacity: 2G
 Pre-touch: Disabled
 Parallel Workers: 4
 Concurrent Workers: 1
 Concurrent Refinement Workers: 4
 Periodic GC: Disabled

Heap:
 garbage-first heap   total 261120K, used 133119K [0x0000000080000000, 0x0000000100000000)
  region size 1024K, 10 young (10240K), 10 survivors (10240K)
 Metaspace       used 103660K, committed 104512K, reserved 1146880K
  class space    used 13916K, committed 14336K, reserved 1048576K

Heap Regions: E=young(eden), S=young(survivor), O=old, HS=humongous(starts), HC=humongous(continues), CS=collection set, F=free, OA=open archive, CA=closed archive, TAMS=top-at-mark-start (previous, next)
|   0|0x0000000080000000, 0x0000000080100000, 0x0000000080100000|100%| O|  |TAMS 0x0000000080100000, 0x0000000080100000| Untracked 
|   1|0x0000000080100000, 0x0000000080200000, 0x0000000080200000|100%| O|  |TAMS 0x0000000080200000, 0x0000000080200000| Untracked 
|   2|0x0000000080200000, 0x0000000080300000, 0x0000000080300000|100%|HS|  |TAMS 0x0000000080300000, 0x0000000080300000| Complete 
|   3|0x0000000080300000, 0x0000000080400000, 0x0000000080400000|100%|HC|  |TAMS 0x0000000080400000, 0x0000000080400000| Complete 
|   4|0x0000000080400000, 0x0000000080500000, 0x0000000080500000|100%|HC|  |TAMS 0x0000000080500000, 0x0000000080500000| Complete 
|   5|0x0000000080500000, 0x0000000080600000, 0x0000000080600000|100%|HC|  |TAMS 0x0000000080600000, 0x0000000080600000| Complete 
|   6|0x0000000080600000, 0x0000000080700000, 0x0000000080700000|100%| O|  |TAMS 0x0000000080700000, 0x0000000080700000| Untracked 
|   7|0x0000000080700000, 0x0000000080800000, 0x0000000080800000|100%| O|  |TAMS 0x0000000080800000, 0x0000000080800000| Untracked 
|   8|0x0000000080800000, 0x0000000080900000, 0x0000000080900000|100%| O|  |TAMS 0x0000000080900000, 0x0000000080900000| Untracked 
|   9|0x0000000080900000, 0x0000000080a00000, 0x0000000080a00000|100%| O|  |TAMS 0x0000000080a00000, 0x0000000080a00000| Untracked 
|  10|0x0000000080a00000, 0x0000000080b00000, 0x0000000080b00000|100%| O|  |TAMS 0x0000000080b00000, 0x0000000080b00000| Untracked 
|  11|0x0000000080b00000, 0x0000000080bb2c00, 0x0000000080c00000| 69%| O|  |TAMS 0x0000000080bb2c00, 0x0000000080bb2c00| Untracked 
|  12|0x0000000080c00000, 0x0000000080d00000, 0x0000000080d00000|100%| O|  |TAMS 0x0000000080d00000, 0x0000000080d00000| Untracked 
|  13|0x0000000080d00000, 0x0000000080e00000, 0x0000000080e00000|100%| O|  |TAMS 0x0000000080e00000, 0x0000000080e00000| Untracked 
|  14|0x0000000080e00000, 0x0000000080f00000, 0x0000000080f00000|100%| O|  |TAMS 0x0000000080f00000, 0x0000000080f00000| Untracked 
|  15|0x0000000080f00000, 0x0000000081000000, 0x0000000081000000|100%| O|  |TAMS 0x0000000081000000, 0x0000000081000000| Untracked 
|  16|0x0000000081000000, 0x0000000081100000, 0x0000000081100000|100%| O|  |TAMS 0x0000000081100000, 0x0000000081100000| Untracked 
|  17|0x0000000081100000, 0x0000000081200000, 0x0000000081200000|100%| O|  |TAMS 0x0000000081200000, 0x0000000081200000| Untracked 
|  18|0x0000000081200000, 0x0000000081300000, 0x0000000081300000|100%| O|  |TAMS 0x0000000081300000, 0x0000000081300000| Untracked 
|  19|0x0000000081300000, 0x0000000081400000, 0x0000000081400000|100%| O|  |TAMS 0x0000000081400000, 0x0000000081400000| Untracked 
|  20|0x0000000081400000, 0x0000000081500000, 0x0000000081500000|100%| O|  |TAMS 0x0000000081500000, 0x0000000081500000| Untracked 
|  21|0x0000000081500000, 0x0000000081600000, 0x0000000081600000|100%| O|  |TAMS 0x0000000081600000, 0x0000000081600000| Untracked 
|  22|0x0000000081600000, 0x0000000081700000, 0x0000000081700000|100%| O|  |TAMS 0x0000000081700000, 0x0000000081700000| Untracked 
|  23|0x0000000081700000, 0x0000000081800000, 0x0000000081800000|100%| O|  |TAMS 0x0000000081800000, 0x0000000081800000| Untracked 
|  24|0x0000000081800000, 0x0000000081900000, 0x0000000081900000|100%| O|  |TAMS 0x0000000081900000, 0x0000000081900000| Untracked 
|  25|0x0000000081900000, 0x0000000081a00000, 0x0000000081a00000|100%| O|  |TAMS 0x0000000081a00000, 0x0000000081a00000| Untracked 
|  26|0x0000000081a00000, 0x0000000081b00000, 0x0000000081b00000|100%| O|  |TAMS 0x0000000081b00000, 0x0000000081b00000| Untracked 
|  27|0x0000000081b00000, 0x0000000081c00000, 0x0000000081c00000|100%| O|  |TAMS 0x0000000081c00000, 0x0000000081c00000| Untracked 
|  28|0x0000000081c00000, 0x0000000081d00000, 0x0000000081d00000|100%| O|  |TAMS 0x0000000081d00000, 0x0000000081d00000| Untracked 
|  29|0x0000000081d00000, 0x0000000081e00000, 0x0000000081e00000|100%| O|  |TAMS 0x0000000081e00000, 0x0000000081e00000| Untracked 
|  30|0x0000000081e00000, 0x0000000081f00000, 0x0000000081f00000|100%| O|  |TAMS 0x0000000081f00000, 0x0000000081f00000| Untracked 
|  31|0x0000000081f00000, 0x0000000082000000, 0x0000000082000000|100%| O|  |TAMS 0x0000000082000000, 0x0000000082000000| Untracked 
|  32|0x0000000082000000, 0x0000000082100000, 0x0000000082100000|100%|HS|  |TAMS 0x0000000082100000, 0x0000000082100000| Complete 
|  33|0x0000000082100000, 0x0000000082200000, 0x0000000082200000|100%|HS|  |TAMS 0x0000000082200000, 0x0000000082200000| Complete 
|  34|0x0000000082200000, 0x0000000082300000, 0x0000000082300000|100%|HS|  |TAMS 0x0000000082300000, 0x0000000082300000| Complete 
|  35|0x0000000082300000, 0x0000000082400000, 0x0000000082400000|100%| O|  |TAMS 0x0000000082400000, 0x0000000082400000| Untracked 
|  36|0x0000000082400000, 0x0000000082500000, 0x0000000082500000|100%| O|  |TAMS 0x0000000082500000, 0x0000000082500000| Untracked 
|  37|0x0000000082500000, 0x0000000082600000, 0x0000000082600000|100%|HS|  |TAMS 0x0000000082600000, 0x0000000082600000| Complete 
|  38|0x0000000082600000, 0x0000000082700000, 0x0000000082700000|100%| O|  |TAMS 0x0000000082700000, 0x0000000082700000| Untracked 
|  39|0x0000000082700000, 0x0000000082800000, 0x0000000082800000|100%| O|  |TAMS 0x0000000082800000, 0x0000000082800000| Untracked 
|  40|0x0000000082800000, 0x0000000082900000, 0x0000000082900000|100%| O|  |TAMS 0x0000000082900000, 0x0000000082900000| Untracked 
|  41|0x0000000082900000, 0x0000000082a00000, 0x0000000082a00000|100%| O|  |TAMS 0x0000000082a00000, 0x0000000082a00000| Untracked 
|  42|0x0000000082a00000, 0x0000000082b00000, 0x0000000082b00000|100%| O|  |TAMS 0x0000000082b00000, 0x0000000082b00000| Untracked 
|  43|0x0000000082b00000, 0x0000000082c00000, 0x0000000082c00000|100%| O|  |TAMS 0x0000000082c00000, 0x0000000082c00000| Untracked 
|  44|0x0000000082c00000, 0x0000000082d00000, 0x0000000082d00000|100%| O|  |TAMS 0x0000000082d00000, 0x0000000082d00000| Untracked 
|  45|0x0000000082d00000, 0x0000000082e00000, 0x0000000082e00000|100%| O|  |TAMS 0x0000000082e00000, 0x0000000082e00000| Untracked 
|  46|0x0000000082e00000, 0x0000000082f00000, 0x0000000082f00000|100%| O|  |TAMS 0x0000000082f00000, 0x0000000082f00000| Untracked 
|  47|0x0000000082f00000, 0x0000000083000000, 0x0000000083000000|100%| O|  |TAMS 0x0000000083000000, 0x0000000083000000| Untracked 
|  48|0x0000000083000000, 0x0000000083100000, 0x0000000083100000|100%| O|  |TAMS 0x0000000083100000, 0x0000000083100000| Untracked 
|  49|0x0000000083100000, 0x0000000083200000, 0x0000000083200000|100%| O|  |TAMS 0x0000000083200000, 0x0000000083200000| Untracked 
|  50|0x0000000083200000, 0x0000000083300000, 0x0000000083300000|100%| O|  |TAMS 0x0000000083300000, 0x0000000083300000| Untracked 
|  51|0x0000000083300000, 0x0000000083400000, 0x0000000083400000|100%| O|  |TAMS 0x0000000083400000, 0x0000000083400000| Untracked 
|  52|0x0000000083400000, 0x0000000083500000, 0x0000000083500000|100%| O|  |TAMS 0x0000000083500000, 0x0000000083500000| Untracked 
|  53|0x0000000083500000, 0x0000000083600000, 0x0000000083600000|100%| O|  |TAMS 0x0000000083600000, 0x0000000083600000| Untracked 
|  54|0x0000000083600000, 0x0000000083700000, 0x0000000083700000|100%| O|  |TAMS 0x0000000083700000, 0x0000000083700000| Untracked 
|  55|0x0000000083700000, 0x0000000083800000, 0x0000000083800000|100%| O|  |TAMS 0x0000000083800000, 0x0000000083800000| Untracked 
|  56|0x0000000083800000, 0x0000000083900000, 0x0000000083900000|100%| O|  |TAMS 0x0000000083900000, 0x0000000083900000| Untracked 
|  57|0x0000000083900000, 0x0000000083a00000, 0x0000000083a00000|100%| O|  |TAMS 0x0000000083a00000, 0x0000000083a00000| Untracked 
|  58|0x0000000083a00000, 0x0000000083b00000, 0x0000000083b00000|100%| O|  |TAMS 0x0000000083b00000, 0x0000000083b00000| Untracked 
|  59|0x0000000083b00000, 0x0000000083c00000, 0x0000000083c00000|100%| O|  |TAMS 0x0000000083c00000, 0x0000000083c00000| Untracked 
|  60|0x0000000083c00000, 0x0000000083d00000, 0x0000000083d00000|100%| O|  |TAMS 0x0000000083d00000, 0x0000000083d00000| Untracked 
|  61|0x0000000083d00000, 0x0000000083e00000, 0x0000000083e00000|100%| O|  |TAMS 0x0000000083e00000, 0x0000000083e00000| Untracked 
|  62|0x0000000083e00000, 0x0000000083f00000, 0x0000000083f00000|100%| O|  |TAMS 0x0000000083f00000, 0x0000000083f00000| Untracked 
|  63|0x0000000083f00000, 0x0000000084000000, 0x0000000084000000|100%| O|  |TAMS 0x0000000084000000, 0x0000000084000000| Untracked 
|  64|0x0000000084000000, 0x0000000084100000, 0x0000000084100000|100%| O|  |TAMS 0x0000000084100000, 0x0000000084100000| Untracked 
|  65|0x0000000084100000, 0x0000000084200000, 0x0000000084200000|100%| O|  |TAMS 0x0000000084200000, 0x0000000084200000| Untracked 
|  66|0x0000000084200000, 0x0000000084300000, 0x0000000084300000|100%| O|  |TAMS 0x0000000084300000, 0x0000000084300000| Untracked 
|  67|0x0000000084300000, 0x0000000084400000, 0x0000000084400000|100%| O|  |TAMS 0x0000000084400000, 0x0000000084400000| Untracked 
|  68|0x0000000084400000, 0x0000000084500000, 0x0000000084500000|100%| O|  |TAMS 0x0000000084400000, 0x0000000084500000| Untracked 
|  69|0x0000000084500000, 0x0000000084600000, 0x0000000084600000|100%| O|  |TAMS 0x0000000084600000, 0x0000000084600000| Untracked 
|  70|0x0000000084600000, 0x0000000084700000, 0x0000000084700000|100%| O|  |TAMS 0x0000000084700000, 0x0000000084700000| Untracked 
|  71|0x0000000084700000, 0x0000000084800000, 0x0000000084800000|100%| O|  |TAMS 0x0000000084800000, 0x0000000084800000| Untracked 
|  72|0x0000000084800000, 0x0000000084900000, 0x0000000084900000|100%| O|  |TAMS 0x0000000084900000, 0x0000000084900000| Untracked 
|  73|0x0000000084900000, 0x0000000084a00000, 0x0000000084a00000|100%| O|  |TAMS 0x0000000084a00000, 0x0000000084a00000| Untracked 
|  74|0x0000000084a00000, 0x0000000084b00000, 0x0000000084b00000|100%| O|  |TAMS 0x0000000084b00000, 0x0000000084b00000| Untracked 
|  75|0x0000000084b00000, 0x0000000084c00000, 0x0000000084c00000|100%| O|  |TAMS 0x0000000084c00000, 0x0000000084c00000| Untracked 
|  76|0x0000000084c00000, 0x0000000084d00000, 0x0000000084d00000|100%| O|  |TAMS 0x0000000084d00000, 0x0000000084d00000| Untracked 
|  77|0x0000000084d00000, 0x0000000084e00000, 0x0000000084e00000|100%| O|  |TAMS 0x0000000084e00000, 0x0000000084e00000| Untracked 
|  78|0x0000000084e00000, 0x0000000084f00000, 0x0000000084f00000|100%| O|  |TAMS 0x0000000084f00000, 0x0000000084f00000| Untracked 
|  79|0x0000000084f00000, 0x0000000085000000, 0x0000000085000000|100%| O|  |TAMS 0x0000000085000000, 0x0000000085000000| Untracked 
|  80|0x0000000085000000, 0x0000000085100000, 0x0000000085100000|100%| O|  |TAMS 0x0000000085100000, 0x0000000085100000| Untracked 
|  81|0x0000000085100000, 0x0000000085200000, 0x0000000085200000|100%| O|  |TAMS 0x0000000085200000, 0x0000000085200000| Untracked 
|  82|0x0000000085200000, 0x0000000085300000, 0x0000000085300000|100%| O|  |TAMS 0x0000000085300000, 0x0000000085300000| Untracked 
|  83|0x0000000085300000, 0x0000000085400000, 0x0000000085400000|100%| O|  |TAMS 0x0000000085400000, 0x0000000085400000| Untracked 
|  84|0x0000000085400000, 0x0000000085500000, 0x0000000085500000|100%| O|  |TAMS 0x0000000085500000, 0x0000000085500000| Untracked 
|  85|0x0000000085500000, 0x0000000085600000, 0x0000000085600000|100%| O|  |TAMS 0x0000000085600000, 0x0000000085600000| Untracked 
|  86|0x0000000085600000, 0x0000000085700000, 0x0000000085700000|100%| O|  |TAMS 0x0000000085700000, 0x0000000085700000| Untracked 
|  87|0x0000000085700000, 0x0000000085800000, 0x0000000085800000|100%| O|  |TAMS 0x0000000085800000, 0x0000000085800000| Untracked 
|  88|0x0000000085800000, 0x0000000085900000, 0x0000000085900000|100%| O|  |TAMS 0x0000000085800000, 0x0000000085900000| Untracked 
|  89|0x0000000085900000, 0x0000000085a00000, 0x0000000085a00000|100%| O|  |TAMS 0x0000000085a00000, 0x0000000085a00000| Untracked 
|  90|0x0000000085a00000, 0x0000000085b00000, 0x0000000085b00000|100%| O|  |TAMS 0x0000000085b00000, 0x0000000085b00000| Untracked 
|  91|0x0000000085b00000, 0x0000000085c00000, 0x0000000085c00000|100%| O|  |TAMS 0x0000000085c00000, 0x0000000085c00000| Untracked 
|  92|0x0000000085c00000, 0x0000000085d00000, 0x0000000085d00000|100%| O|  |TAMS 0x0000000085d00000, 0x0000000085d00000| Untracked 
|  93|0x0000000085d00000, 0x0000000085e00000, 0x0000000085e00000|100%| O|  |TAMS 0x0000000085e00000, 0x0000000085e00000| Untracked 
|  94|0x0000000085e00000, 0x0000000085f00000, 0x0000000085f00000|100%| O|  |TAMS 0x0000000085f00000, 0x0000000085f00000| Untracked 
|  95|0x0000000085f00000, 0x0000000086000000, 0x0000000086000000|100%| O|  |TAMS 0x0000000086000000, 0x0000000086000000| Untracked 
|  96|0x0000000086000000, 0x0000000086100000, 0x0000000086100000|100%| O|  |TAMS 0x0000000086100000, 0x0000000086100000| Untracked 
|  97|0x0000000086100000, 0x0000000086200000, 0x0000000086200000|100%| O|  |TAMS 0x0000000086200000, 0x0000000086200000| Untracked 
|  98|0x0000000086200000, 0x0000000086300000, 0x0000000086300000|100%| O|  |TAMS 0x0000000086300000, 0x0000000086300000| Untracked 
|  99|0x0000000086300000, 0x0000000086400000, 0x0000000086400000|100%| O|  |TAMS 0x0000000086400000, 0x0000000086400000| Untracked 
| 100|0x0000000086400000, 0x000000008644d000, 0x0000000086500000| 30%| O|  |TAMS 0x0000000086400000, 0x0000000086400000| Untracked 
| 101|0x0000000086500000, 0x0000000086600000, 0x0000000086600000|100%| O|  |TAMS 0x0000000086600000, 0x0000000086600000| Untracked 
| 102|0x0000000086600000, 0x0000000086700000, 0x0000000086700000|100%| O|  |TAMS 0x0000000086700000, 0x0000000086700000| Untracked 
| 103|0x0000000086700000, 0x0000000086800000, 0x0000000086800000|100%| O|  |TAMS 0x0000000086800000, 0x0000000086800000| Untracked 
| 104|0x0000000086800000, 0x0000000086900000, 0x0000000086900000|100%| O|  |TAMS 0x0000000086900000, 0x0000000086900000| Untracked 
| 105|0x0000000086900000, 0x0000000086900000, 0x0000000086a00000|  0%| F|  |TAMS 0x0000000086900000, 0x0000000086900000| Untracked 
| 106|0x0000000086a00000, 0x0000000086b00000, 0x0000000086b00000|100%| O|  |TAMS 0x0000000086b00000, 0x0000000086b00000| Untracked 
| 107|0x0000000086b00000, 0x0000000086c00000, 0x0000000086c00000|100%| O|  |TAMS 0x0000000086c00000, 0x0000000086c00000| Untracked 
| 108|0x0000000086c00000, 0x0000000086d00000, 0x0000000086d00000|100%| O|  |TAMS 0x0000000086d00000, 0x0000000086d00000| Untracked 
| 109|0x0000000086d00000, 0x0000000086e00000, 0x0000000086e00000|100%| O|  |TAMS 0x0000000086e00000, 0x0000000086e00000| Untracked 
| 110|0x0000000086e00000, 0x0000000086f00000, 0x0000000086f00000|100%| O|  |TAMS 0x0000000086e77a00, 0x0000000086f00000| Untracked 
| 111|0x0000000086f00000, 0x0000000087000000, 0x0000000087000000|100%| O|  |TAMS 0x0000000087000000, 0x0000000087000000| Untracked 
| 112|0x0000000087000000, 0x0000000087100000, 0x0000000087100000|100%| O|  |TAMS 0x0000000087000000, 0x0000000087100000| Untracked 
| 113|0x0000000087100000, 0x0000000087200000, 0x0000000087200000|100%| O|  |TAMS 0x0000000087200000, 0x0000000087200000| Untracked 
| 114|0x0000000087200000, 0x0000000087300000, 0x0000000087300000|100%| O|  |TAMS 0x0000000087300000, 0x0000000087300000| Untracked 
| 115|0x0000000087300000, 0x0000000087400000, 0x0000000087400000|100%| O|  |TAMS 0x0000000087400000, 0x0000000087400000| Untracked 
| 116|0x0000000087400000, 0x0000000087400000, 0x0000000087500000|  0%| F|  |TAMS 0x0000000087400000, 0x0000000087400000| Untracked 
| 117|0x0000000087500000, 0x0000000087600000, 0x0000000087600000|100%| O|  |TAMS 0x0000000087500000, 0x0000000087600000| Untracked 
| 118|0x0000000087600000, 0x0000000087700000, 0x0000000087700000|100%| O|  |TAMS 0x0000000087600000, 0x0000000087700000| Untracked 
| 119|0x0000000087700000, 0x0000000087800000, 0x0000000087800000|100%| O|  |TAMS 0x0000000087700000, 0x0000000087800000| Untracked 
| 120|0x0000000087800000, 0x0000000087900000, 0x0000000087900000|100%| O|  |TAMS 0x0000000087800000, 0x0000000087900000| Untracked 
| 121|0x0000000087900000, 0x0000000087a00000, 0x0000000087a00000|100%| O|  |TAMS 0x0000000087900000, 0x000000008798c000| Untracked 
| 122|0x0000000087a00000, 0x0000000087a00000, 0x0000000087b00000|  0%| F|  |TAMS 0x0000000087a00000, 0x0000000087a00000| Untracked 
| 123|0x0000000087b00000, 0x0000000087b00000, 0x0000000087c00000|  0%| F|  |TAMS 0x0000000087b00000, 0x0000000087b00000| Untracked 
| 124|0x0000000087c00000, 0x0000000087c00000, 0x0000000087d00000|  0%| F|  |TAMS 0x0000000087c00000, 0x0000000087c00000| Untracked 
| 125|0x0000000087d00000, 0x0000000087d00000, 0x0000000087e00000|  0%| F|  |TAMS 0x0000000087d00000, 0x0000000087d00000| Untracked 
| 126|0x0000000087e00000, 0x0000000087e00000, 0x0000000087f00000|  0%| F|  |TAMS 0x0000000087e00000, 0x0000000087e00000| Untracked 
| 127|0x0000000087f00000, 0x0000000087f00000, 0x0000000088000000|  0%| F|  |TAMS 0x0000000087f00000, 0x0000000087f00000| Untracked 
| 128|0x0000000088000000, 0x0000000088000000, 0x0000000088100000|  0%| F|  |TAMS 0x0000000088000000, 0x0000000088000000| Untracked 
| 129|0x0000000088100000, 0x0000000088100000, 0x0000000088200000|  0%| F|  |TAMS 0x0000000088100000, 0x0000000088100000| Untracked 
| 130|0x0000000088200000, 0x0000000088200000, 0x0000000088300000|  0%| F|  |TAMS 0x0000000088200000, 0x0000000088200000| Untracked 
| 131|0x0000000088300000, 0x0000000088300000, 0x0000000088400000|  0%| F|  |TAMS 0x0000000088300000, 0x0000000088300000| Untracked 
| 132|0x0000000088400000, 0x0000000088400000, 0x0000000088500000|  0%| F|  |TAMS 0x0000000088400000, 0x0000000088400000| Untracked 
| 133|0x0000000088500000, 0x0000000088500000, 0x0000000088600000|  0%| F|  |TAMS 0x0000000088500000, 0x0000000088500000| Untracked 
| 134|0x0000000088600000, 0x0000000088600000, 0x0000000088700000|  0%| F|  |TAMS 0x0000000088600000, 0x0000000088600000| Untracked 
| 135|0x0000000088700000, 0x0000000088700000, 0x0000000088800000|  0%| F|  |TAMS 0x0000000088700000, 0x0000000088700000| Untracked 
| 136|0x0000000088800000, 0x0000000088800000, 0x0000000088900000|  0%| F|  |TAMS 0x0000000088800000, 0x0000000088800000| Untracked 
| 137|0x0000000088900000, 0x0000000088900000, 0x0000000088a00000|  0%| F|  |TAMS 0x0000000088900000, 0x0000000088900000| Untracked 
| 138|0x0000000088a00000, 0x0000000088a00000, 0x0000000088b00000|  0%| F|  |TAMS 0x0000000088a00000, 0x0000000088a00000| Untracked 
| 139|0x0000000088b00000, 0x0000000088b00000, 0x0000000088c00000|  0%| F|  |TAMS 0x0000000088b00000, 0x0000000088b00000| Untracked 
| 140|0x0000000088c00000, 0x0000000088c00000, 0x0000000088d00000|  0%| F|  |TAMS 0x0000000088c00000, 0x0000000088c00000| Untracked 
| 141|0x0000000088d00000, 0x0000000088d00000, 0x0000000088e00000|  0%| F|  |TAMS 0x0000000088d00000, 0x0000000088d00000| Untracked 
| 142|0x0000000088e00000, 0x0000000088e00000, 0x0000000088f00000|  0%| F|  |TAMS 0x0000000088e00000, 0x0000000088e00000| Untracked 
| 143|0x0000000088f00000, 0x0000000088f00000, 0x0000000089000000|  0%| F|  |TAMS 0x0000000088f00000, 0x0000000088f00000| Untracked 
| 144|0x0000000089000000, 0x0000000089000000, 0x0000000089100000|  0%| F|  |TAMS 0x0000000089000000, 0x0000000089000000| Untracked 
| 145|0x0000000089100000, 0x0000000089100000, 0x0000000089200000|  0%| F|  |TAMS 0x0000000089100000, 0x0000000089100000| Untracked 
| 146|0x0000000089200000, 0x0000000089200000, 0x0000000089300000|  0%| F|  |TAMS 0x0000000089200000, 0x0000000089200000| Untracked 
| 147|0x0000000089300000, 0x0000000089300000, 0x0000000089400000|  0%| F|  |TAMS 0x0000000089300000, 0x0000000089300000| Untracked 
| 148|0x0000000089400000, 0x0000000089400000, 0x0000000089500000|  0%| F|  |TAMS 0x0000000089400000, 0x0000000089400000| Untracked 
| 149|0x0000000089500000, 0x0000000089500000, 0x0000000089600000|  0%| F|  |TAMS 0x0000000089500000, 0x0000000089500000| Untracked 
| 150|0x0000000089600000, 0x0000000089600000, 0x0000000089700000|  0%| F|  |TAMS 0x0000000089600000, 0x0000000089600000| Untracked 
| 151|0x0000000089700000, 0x0000000089700000, 0x0000000089800000|  0%| F|  |TAMS 0x0000000089700000, 0x0000000089700000| Untracked 
| 152|0x0000000089800000, 0x0000000089800000, 0x0000000089900000|  0%| F|  |TAMS 0x0000000089800000, 0x0000000089800000| Untracked 
| 153|0x0000000089900000, 0x0000000089900000, 0x0000000089a00000|  0%| F|  |TAMS 0x0000000089900000, 0x0000000089900000| Untracked 
| 154|0x0000000089a00000, 0x0000000089a00000, 0x0000000089b00000|  0%| F|  |TAMS 0x0000000089a00000, 0x0000000089a00000| Untracked 
| 155|0x0000000089b00000, 0x0000000089b00000, 0x0000000089c00000|  0%| F|  |TAMS 0x0000000089b00000, 0x0000000089b00000| Untracked 
| 156|0x0000000089c00000, 0x0000000089c00000, 0x0000000089d00000|  0%| F|  |TAMS 0x0000000089c00000, 0x0000000089c00000| Untracked 
| 157|0x0000000089d00000, 0x0000000089d00000, 0x0000000089e00000|  0%| F|  |TAMS 0x0000000089d00000, 0x0000000089d00000| Untracked 
| 158|0x0000000089e00000, 0x0000000089f00000, 0x0000000089f00000|100%| S|CS|TAMS 0x0000000089e00000, 0x0000000089e00000| Complete 
| 159|0x0000000089f00000, 0x000000008a000000, 0x000000008a000000|100%| S|CS|TAMS 0x0000000089f00000, 0x0000000089f00000| Complete 
| 160|0x000000008a000000, 0x000000008a100000, 0x000000008a100000|100%| S|CS|TAMS 0x000000008a000000, 0x000000008a000000| Complete 
| 161|0x000000008a100000, 0x000000008a200000, 0x000000008a200000|100%| S|CS|TAMS 0x000000008a100000, 0x000000008a100000| Complete 
| 162|0x000000008a200000, 0x000000008a300000, 0x000000008a300000|100%| S|CS|TAMS 0x000000008a200000, 0x000000008a200000| Complete 
| 163|0x000000008a300000, 0x000000008a400000, 0x000000008a400000|100%| S|CS|TAMS 0x000000008a300000, 0x000000008a300000| Complete 
| 164|0x000000008a400000, 0x000000008a500000, 0x000000008a500000|100%| S|CS|TAMS 0x000000008a400000, 0x000000008a400000| Complete 
| 165|0x000000008a500000, 0x000000008a600000, 0x000000008a600000|100%| S|CS|TAMS 0x000000008a500000, 0x000000008a500000| Complete 
| 166|0x000000008a600000, 0x000000008a700000, 0x000000008a700000|100%| S|CS|TAMS 0x000000008a600000, 0x000000008a600000| Complete 
| 167|0x000000008a700000, 0x000000008a800000, 0x000000008a800000|100%| S|CS|TAMS 0x000000008a700000, 0x000000008a700000| Complete 
| 168|0x000000008a800000, 0x000000008a800000, 0x000000008a900000|  0%| F|  |TAMS 0x000000008a800000, 0x000000008a800000| Untracked 
| 169|0x000000008a900000, 0x000000008a900000, 0x000000008aa00000|  0%| F|  |TAMS 0x000000008a900000, 0x000000008a900000| Untracked 
| 170|0x000000008aa00000, 0x000000008aa00000, 0x000000008ab00000|  0%| F|  |TAMS 0x000000008aa00000, 0x000000008aa00000| Untracked 
| 171|0x000000008ab00000, 0x000000008ab00000, 0x000000008ac00000|  0%| F|  |TAMS 0x000000008ab00000, 0x000000008ab00000| Untracked 
| 172|0x000000008ac00000, 0x000000008ac00000, 0x000000008ad00000|  0%| F|  |TAMS 0x000000008ac00000, 0x000000008ac00000| Untracked 
| 173|0x000000008ad00000, 0x000000008ad00000, 0x000000008ae00000|  0%| F|  |TAMS 0x000000008ad00000, 0x000000008ad00000| Untracked 
| 174|0x000000008ae00000, 0x000000008ae00000, 0x000000008af00000|  0%| F|  |TAMS 0x000000008ae00000, 0x000000008ae00000| Untracked 
| 175|0x000000008af00000, 0x000000008af00000, 0x000000008b000000|  0%| F|  |TAMS 0x000000008af00000, 0x000000008af00000| Untracked 
| 176|0x000000008b000000, 0x000000008b000000, 0x000000008b100000|  0%| F|  |TAMS 0x000000008b000000, 0x000000008b000000| Untracked 
| 177|0x000000008b100000, 0x000000008b100000, 0x000000008b200000|  0%| F|  |TAMS 0x000000008b100000, 0x000000008b100000| Untracked 
| 178|0x000000008b200000, 0x000000008b200000, 0x000000008b300000|  0%| F|  |TAMS 0x000000008b200000, 0x000000008b200000| Untracked 
| 179|0x000000008b300000, 0x000000008b300000, 0x000000008b400000|  0%| F|  |TAMS 0x000000008b300000, 0x000000008b300000| Untracked 
| 180|0x000000008b400000, 0x000000008b400000, 0x000000008b500000|  0%| F|  |TAMS 0x000000008b400000, 0x000000008b400000| Untracked 
| 181|0x000000008b500000, 0x000000008b500000, 0x000000008b600000|  0%| F|  |TAMS 0x000000008b500000, 0x000000008b500000| Untracked 
| 182|0x000000008b600000, 0x000000008b600000, 0x000000008b700000|  0%| F|  |TAMS 0x000000008b600000, 0x000000008b600000| Untracked 
| 183|0x000000008b700000, 0x000000008b700000, 0x000000008b800000|  0%| F|  |TAMS 0x000000008b700000, 0x000000008b700000| Untracked 
| 184|0x000000008b800000, 0x000000008b800000, 0x000000008b900000|  0%| F|  |TAMS 0x000000008b800000, 0x000000008b800000| Untracked 
| 185|0x000000008b900000, 0x000000008b900000, 0x000000008ba00000|  0%| F|  |TAMS 0x000000008b900000, 0x000000008b900000| Untracked 
| 186|0x000000008ba00000, 0x000000008ba00000, 0x000000008bb00000|  0%| F|  |TAMS 0x000000008ba00000, 0x000000008ba00000| Untracked 
| 187|0x000000008bb00000, 0x000000008bb00000, 0x000000008bc00000|  0%| F|  |TAMS 0x000000008bb00000, 0x000000008bb00000| Untracked 
| 188|0x000000008bc00000, 0x000000008bc00000, 0x000000008bd00000|  0%| F|  |TAMS 0x000000008bc00000, 0x000000008bc00000| Untracked 
| 189|0x000000008bd00000, 0x000000008bd00000, 0x000000008be00000|  0%| F|  |TAMS 0x000000008bd00000, 0x000000008bd00000| Untracked 
| 190|0x000000008be00000, 0x000000008be00000, 0x000000008bf00000|  0%| F|  |TAMS 0x000000008be00000, 0x000000008be00000| Untracked 
| 191|0x000000008bf00000, 0x000000008bf00000, 0x000000008c000000|  0%| F|  |TAMS 0x000000008bf00000, 0x000000008bf00000| Untracked 
| 192|0x000000008c000000, 0x000000008c000000, 0x000000008c100000|  0%| F|  |TAMS 0x000000008c000000, 0x000000008c000000| Untracked 
| 193|0x000000008c100000, 0x000000008c100000, 0x000000008c200000|  0%| F|  |TAMS 0x000000008c100000, 0x000000008c100000| Untracked 
| 194|0x000000008c200000, 0x000000008c200000, 0x000000008c300000|  0%| F|  |TAMS 0x000000008c200000, 0x000000008c200000| Untracked 
| 195|0x000000008c300000, 0x000000008c300000, 0x000000008c400000|  0%| F|  |TAMS 0x000000008c300000, 0x000000008c300000| Untracked 
| 196|0x000000008c400000, 0x000000008c400000, 0x000000008c500000|  0%| F|  |TAMS 0x000000008c400000, 0x000000008c400000| Untracked 
| 197|0x000000008c500000, 0x000000008c500000, 0x000000008c600000|  0%| F|  |TAMS 0x000000008c500000, 0x000000008c500000| Untracked 
| 198|0x000000008c600000, 0x000000008c600000, 0x000000008c700000|  0%| F|  |TAMS 0x000000008c600000, 0x000000008c600000| Untracked 
| 199|0x000000008c700000, 0x000000008c700000, 0x000000008c800000|  0%| F|  |TAMS 0x000000008c700000, 0x000000008c700000| Untracked 
| 200|0x000000008c800000, 0x000000008c800000, 0x000000008c900000|  0%| F|  |TAMS 0x000000008c800000, 0x000000008c800000| Untracked 
| 201|0x000000008c900000, 0x000000008c900000, 0x000000008ca00000|  0%| F|  |TAMS 0x000000008c900000, 0x000000008c900000| Untracked 
| 202|0x000000008ca00000, 0x000000008ca00000, 0x000000008cb00000|  0%| F|  |TAMS 0x000000008ca00000, 0x000000008ca00000| Untracked 
| 203|0x000000008cb00000, 0x000000008cb00000, 0x000000008cc00000|  0%| F|  |TAMS 0x000000008cb00000, 0x000000008cb00000| Untracked 
| 204|0x000000008cc00000, 0x000000008cc00000, 0x000000008cd00000|  0%| F|  |TAMS 0x000000008cc00000, 0x000000008cc00000| Untracked 
| 205|0x000000008cd00000, 0x000000008cd00000, 0x000000008ce00000|  0%| F|  |TAMS 0x000000008cd00000, 0x000000008cd00000| Untracked 
| 206|0x000000008ce00000, 0x000000008ce00000, 0x000000008cf00000|  0%| F|  |TAMS 0x000000008ce00000, 0x000000008ce00000| Untracked 
| 207|0x000000008cf00000, 0x000000008cf00000, 0x000000008d000000|  0%| F|  |TAMS 0x000000008cf00000, 0x000000008cf00000| Untracked 
| 208|0x000000008d000000, 0x000000008d000000, 0x000000008d100000|  0%| F|  |TAMS 0x000000008d000000, 0x000000008d000000| Untracked 
| 209|0x000000008d100000, 0x000000008d100000, 0x000000008d200000|  0%| F|  |TAMS 0x000000008d100000, 0x000000008d100000| Untracked 
| 210|0x000000008d200000, 0x000000008d200000, 0x000000008d300000|  0%| F|  |TAMS 0x000000008d200000, 0x000000008d200000| Untracked 
| 211|0x000000008d300000, 0x000000008d300000, 0x000000008d400000|  0%| F|  |TAMS 0x000000008d300000, 0x000000008d300000| Untracked 
| 212|0x000000008d400000, 0x000000008d400000, 0x000000008d500000|  0%| F|  |TAMS 0x000000008d400000, 0x000000008d400000| Untracked 
| 213|0x000000008d500000, 0x000000008d500000, 0x000000008d600000|  0%| F|  |TAMS 0x000000008d500000, 0x000000008d500000| Untracked 
| 214|0x000000008d600000, 0x000000008d600000, 0x000000008d700000|  0%| F|  |TAMS 0x000000008d600000, 0x000000008d600000| Untracked 
| 215|0x000000008d700000, 0x000000008d700000, 0x000000008d800000|  0%| F|  |TAMS 0x000000008d700000, 0x000000008d700000| Untracked 
| 216|0x000000008d800000, 0x000000008d800000, 0x000000008d900000|  0%| F|  |TAMS 0x000000008d800000, 0x000000008d800000| Untracked 
| 217|0x000000008d900000, 0x000000008d900000, 0x000000008da00000|  0%| F|  |TAMS 0x000000008d900000, 0x000000008d900000| Untracked 
| 218|0x000000008da00000, 0x000000008da00000, 0x000000008db00000|  0%| F|  |TAMS 0x000000008da00000, 0x000000008da00000| Untracked 
| 219|0x000000008db00000, 0x000000008db00000, 0x000000008dc00000|  0%| F|  |TAMS 0x000000008db00000, 0x000000008db00000| Untracked 
| 220|0x000000008dc00000, 0x000000008dc00000, 0x000000008dd00000|  0%| F|  |TAMS 0x000000008dc00000, 0x000000008dc00000| Untracked 
| 221|0x000000008dd00000, 0x000000008dd00000, 0x000000008de00000|  0%| F|  |TAMS 0x000000008dd00000, 0x000000008dd00000| Untracked 
| 222|0x000000008de00000, 0x000000008de00000, 0x000000008df00000|  0%| F|  |TAMS 0x000000008de00000, 0x000000008de00000| Untracked 
| 223|0x000000008df00000, 0x000000008df00000, 0x000000008e000000|  0%| F|  |TAMS 0x000000008df00000, 0x000000008df00000| Untracked 
| 224|0x000000008e000000, 0x000000008e000000, 0x000000008e100000|  0%| F|  |TAMS 0x000000008e000000, 0x000000008e000000| Untracked 
| 225|0x000000008e100000, 0x000000008e100000, 0x000000008e200000|  0%| F|  |TAMS 0x000000008e100000, 0x000000008e100000| Untracked 
| 226|0x000000008e200000, 0x000000008e200000, 0x000000008e300000|  0%| F|  |TAMS 0x000000008e200000, 0x000000008e200000| Untracked 
| 227|0x000000008e300000, 0x000000008e300000, 0x000000008e400000|  0%| F|  |TAMS 0x000000008e300000, 0x000000008e300000| Untracked 
| 228|0x000000008e400000, 0x000000008e400000, 0x000000008e500000|  0%| F|  |TAMS 0x000000008e400000, 0x000000008e400000| Untracked 
| 229|0x000000008e500000, 0x000000008e500000, 0x000000008e600000|  0%| F|  |TAMS 0x000000008e500000, 0x000000008e500000| Untracked 
| 230|0x000000008e600000, 0x000000008e600000, 0x000000008e700000|  0%| F|  |TAMS 0x000000008e600000, 0x000000008e600000| Untracked 
| 231|0x000000008e700000, 0x000000008e700000, 0x000000008e800000|  0%| F|  |TAMS 0x000000008e700000, 0x000000008e700000| Untracked 
| 232|0x000000008e800000, 0x000000008e800000, 0x000000008e900000|  0%| F|  |TAMS 0x000000008e800000, 0x000000008e800000| Untracked 
| 233|0x000000008e900000, 0x000000008e900000, 0x000000008ea00000|  0%| F|  |TAMS 0x000000008e900000, 0x000000008e900000| Untracked 
| 234|0x000000008ea00000, 0x000000008ea00000, 0x000000008eb00000|  0%| F|  |TAMS 0x000000008ea00000, 0x000000008ea00000| Untracked 
| 235|0x000000008eb00000, 0x000000008eb00000, 0x000000008ec00000|  0%| F|  |TAMS 0x000000008eb00000, 0x000000008eb00000| Untracked 
| 236|0x000000008ec00000, 0x000000008ec00000, 0x000000008ed00000|  0%| F|  |TAMS 0x000000008ec00000, 0x000000008ec00000| Untracked 
| 237|0x000000008ed00000, 0x000000008ed00000, 0x000000008ee00000|  0%| F|  |TAMS 0x000000008ed00000, 0x000000008ed00000| Untracked 
| 238|0x000000008ee00000, 0x000000008ee00000, 0x000000008ef00000|  0%| F|  |TAMS 0x000000008ee00000, 0x000000008ee00000| Untracked 
| 239|0x000000008ef00000, 0x000000008ef00000, 0x000000008f000000|  0%| F|  |TAMS 0x000000008ef00000, 0x000000008ef00000| Untracked 
| 240|0x000000008f000000, 0x000000008f000000, 0x000000008f100000|  0%| F|  |TAMS 0x000000008f000000, 0x000000008f000000| Untracked 
| 241|0x000000008f100000, 0x000000008f100000, 0x000000008f200000|  0%| F|  |TAMS 0x000000008f100000, 0x000000008f100000| Untracked 
| 242|0x000000008f200000, 0x000000008f200000, 0x000000008f300000|  0%| F|  |TAMS 0x000000008f200000, 0x000000008f200000| Untracked 
| 243|0x000000008f300000, 0x000000008f300000, 0x000000008f400000|  0%| F|  |TAMS 0x000000008f300000, 0x000000008f300000| Untracked 
| 244|0x000000008f400000, 0x000000008f400000, 0x000000008f500000|  0%| F|  |TAMS 0x000000008f400000, 0x000000008f400000| Untracked 
| 245|0x000000008f500000, 0x000000008f500000, 0x000000008f600000|  0%| F|  |TAMS 0x000000008f500000, 0x000000008f500000| Untracked 
| 246|0x000000008f600000, 0x000000008f600000, 0x000000008f700000|  0%| F|  |TAMS 0x000000008f600000, 0x000000008f600000| Untracked 
| 247|0x000000008f700000, 0x000000008f700000, 0x000000008f800000|  0%| F|  |TAMS 0x000000008f700000, 0x000000008f700000| Untracked 
| 248|0x000000008f800000, 0x000000008f800000, 0x000000008f900000|  0%| F|  |TAMS 0x000000008f800000, 0x000000008f800000| Untracked 
| 249|0x000000008f900000, 0x000000008f900000, 0x000000008fa00000|  0%| F|  |TAMS 0x000000008f900000, 0x000000008f900000| Untracked 
| 250|0x000000008fa00000, 0x000000008fa00000, 0x000000008fb00000|  0%| F|  |TAMS 0x000000008fa00000, 0x000000008fa00000| Untracked 
| 251|0x000000008fb00000, 0x000000008fb00000, 0x000000008fc00000|  0%| F|  |TAMS 0x000000008fb00000, 0x000000008fb00000| Untracked 
| 252|0x000000008fc00000, 0x000000008fc00000, 0x000000008fd00000|  0%| F|  |TAMS 0x000000008fc00000, 0x000000008fc00000| Untracked 
| 253|0x000000008fd00000, 0x000000008fd00000, 0x000000008fe00000|  0%| F|  |TAMS 0x000000008fd00000, 0x000000008fd00000| Untracked 
|2047|0x00000000fff00000, 0x0000000100000000, 0x0000000100000000|100%| O|  |TAMS 0x0000000100000000, 0x0000000100000000| Untracked 

Card table byte_map: [0x000002b1e7160000,0x000002b1e7560000] _byte_map_base: 0x000002b1e6d60000

Marking Bits (Prev, Next): (CMBitMap*) 0x000002b1d48ff350, (CMBitMap*) 0x000002b1d48ff310
 Prev Bits: [0x000002b1e9960000, 0x000002b1eb960000)
 Next Bits: [0x000002b1e7960000, 0x000002b1e9960000)

Polling page: 0x000002b1d2780000

Metaspace:

Usage:
  Non-class:     87.64 MB used.
      Class:     13.59 MB used.
       Both:    101.23 MB used.

Virtual space:
  Non-class space:       96.00 MB reserved,      88.06 MB ( 92%) committed,  12 nodes.
      Class space:        1.00 GB reserved,      14.00 MB (  1%) committed,  1 nodes.
             Both:        1.09 GB reserved,     102.06 MB (  9%) committed. 

Chunk freelists:
   Non-Class:  3.39 MB
       Class:  1.86 MB
        Both:  5.25 MB

MaxMetaspaceSize: unlimited
CompressedClassSpaceSize: 1.00 GB
Initial GC threshold: 21.00 MB
Current GC threshold: 161.50 MB
CDS: off
MetaspaceReclaimPolicy: balanced
 - commit_granule_bytes: 65536.
 - commit_granule_words: 8192.
 - virtual_space_node_default_size: 1048576.
 - enlarge_chunks_in_place: 1.
 - new_chunks_are_fully_committed: 0.
 - uncommit_free_chunks: 1.
 - use_allocation_guard: 0.
 - handle_deallocations: 1.


Internal statistics:

num_allocs_failed_limit: 6.
num_arena_births: 1082.
num_arena_deaths: 6.
num_vsnodes_births: 13.
num_vsnodes_deaths: 0.
num_space_committed: 1632.
num_space_uncommitted: 0.
num_chunks_returned_to_freelist: 12.
num_chunks_taken_from_freelist: 4931.
num_chunk_merges: 8.
num_chunk_splits: 3247.
num_chunks_enlarged: 2154.
num_purges: 2.
num_inconsistent_stats: 0.

CodeHeap 'non-profiled nmethods': size=120000Kb used=8090Kb max_used=8090Kb free=111909Kb
 bounds [0x000002b1df830000, 0x000002b1e0020000, 0x000002b1e6d60000]
CodeHeap 'profiled nmethods': size=120000Kb used=23073Kb max_used=23073Kb free=96926Kb
 bounds [0x000002b1d7d60000, 0x000002b1d93f0000, 0x000002b1df290000]
CodeHeap 'non-nmethods': size=5760Kb used=2406Kb max_used=2493Kb free=3353Kb
 bounds [0x000002b1df290000, 0x000002b1df520000, 0x000002b1df830000]
 total_blobs=12929 nmethods=11989 adapters=852
 compilation: enabled
              stopped_count=0, restarted_count=0
 full_count=0

Compilation events (20 events):
Event: 24.968 Thread 0x000002b1ee88e170 14404       3       com.google.common.base.Ticker$1::read (4 bytes)
Event: 24.968 Thread 0x000002b1ee88e170 nmethod 14404 0x000002b1d93e4f90 code [0x000002b1d93e5120, 0x000002b1d93e5298]
Event: 24.968 Thread 0x000002b1ee88e170 14405       3       com.google.common.base.Platform::systemNanoTime (4 bytes)
Event: 24.968 Thread 0x000002b1ee88e170 nmethod 14405 0x000002b1d93e5390 code [0x000002b1d93e5520, 0x000002b1d93e5638]
Event: 24.968 Thread 0x000002b1ee88e170 14406       3       com.google.common.cache.LocalCache::usesValueReferences (16 bytes)
Event: 24.968 Thread 0x000002b1ee88e170 nmethod 14406 0x000002b1d93e5710 code [0x000002b1d93e58a0, 0x000002b1d93e5a18]
Event: 24.969 Thread 0x000002b1ee88e170 14407       3       javax.management.ObjectName::isPropertyListPattern (17 bytes)
Event: 24.969 Thread 0x000002b1ee88e170 nmethod 14407 0x000002b1d93e5a90 code [0x000002b1d93e5c20, 0x000002b1d93e5d98]
Event: 24.969 Thread 0x000002b1ee88e170 14408       3       javax.management.ObjectName::setCanonicalName (251 bytes)
Event: 24.970 Thread 0x000002b1ee88e170 nmethod 14408 0x000002b1d93e5e10 code [0x000002b1d93e60a0, 0x000002b1d93e7048]
Event: 24.970 Thread 0x000002b1ee88e170 14409       3       javax.management.ObjectName::<init> (15 bytes)
Event: 24.970 Thread 0x000002b1ee88e170 nmethod 14409 0x000002b1d93e7610 code [0x000002b1d93e77c0, 0x000002b1d93e7968]
Event: 24.971 Thread 0x000002b1ee88e170 14410       3       com.google.common.cache.LocalCache::expiresAfterAccess (15 bytes)
Event: 24.971 Thread 0x000002b1ee88e170 nmethod 14410 0x000002b1d93e7a10 code [0x000002b1d93e7ba0, 0x000002b1d93e7d18]
Event: 24.973 Thread 0x000002b1ee88d870 nmethod 14257 0x000002b1e000de10 code [0x000002b1e000e280, 0x000002b1e0013608]
Event: 24.973 Thread 0x000002b1ee88d870 14380       4       com.google.common.collect.Interners$InternerImpl::intern (54 bytes)
Event: 24.974 Thread 0x000002b1ee88e170 14411       3       com.google.common.collect.RegularImmutableSet::iterator (5 bytes)
Event: 24.975 Thread 0x000002b1ee88e170 nmethod 14411 0x000002b1d93e7d90 code [0x000002b1d93e7f40, 0x000002b1d93e8148]
Event: 24.976 Thread 0x000002b1ee88e170 14412       3       com.google.common.cache.LocalCache::unset (4 bytes)
Event: 24.976 Thread 0x000002b1ee88e170 nmethod 14412 0x000002b1d93e8290 code [0x000002b1d93e8420, 0x000002b1d93e8518]

GC Heap History (20 events):
Event: 17.439 GC heap after
{Heap after GC invocations=31 (full 0):
 garbage-first heap   total 247808K, used 114891K [0x0000000080000000, 0x0000000100000000)
  region size 1024K, 14 young (14336K), 14 survivors (14336K)
 Metaspace       used 94706K, committed 95488K, reserved 1138688K
  class space    used 12872K, committed 13248K, reserved 1048576K
}
Event: 17.860 GC heap before
{Heap before GC invocations=31 (full 0):
 garbage-first heap   total 247808K, used 166091K [0x0000000080000000, 0x0000000100000000)
  region size 1024K, 57 young (58368K), 14 survivors (14336K)
 Metaspace       used 95356K, committed 96128K, reserved 1138688K
  class space    used 12927K, committed 13248K, reserved 1048576K
}
Event: 17.879 GC heap after
{Heap after GC invocations=32 (full 0):
 garbage-first heap   total 247808K, used 133323K [0x0000000080000000, 0x0000000100000000)
  region size 1024K, 11 young (11264K), 11 survivors (11264K)
 Metaspace       used 95356K, committed 96128K, reserved 1138688K
  class space    used 12927K, committed 13248K, reserved 1048576K
}
Event: 18.481 GC heap before
{Heap before GC invocations=33 (full 0):
 garbage-first heap   total 249856K, used 192715K [0x0000000080000000, 0x0000000100000000)
  region size 1024K, 60 young (61440K), 11 survivors (11264K)
 Metaspace       used 97682K, committed 98432K, reserved 1138688K
  class space    used 13196K, committed 13568K, reserved 1048576K
}
Event: 18.493 GC heap after
{Heap after GC invocations=34 (full 0):
 garbage-first heap   total 249856K, used 133323K [0x0000000080000000, 0x0000000100000000)
  region size 1024K, 4 young (4096K), 4 survivors (4096K)
 Metaspace       used 97682K, committed 98432K, reserved 1138688K
  class space    used 13196K, committed 13568K, reserved 1048576K
}
Event: 18.621 GC heap before
{Heap before GC invocations=34 (full 0):
 garbage-first heap   total 249856K, used 140491K [0x0000000080000000, 0x0000000100000000)
  region size 1024K, 12 young (12288K), 4 survivors (4096K)
 Metaspace       used 97777K, committed 98560K, reserved 1138688K
  class space    used 13197K, committed 13568K, reserved 1048576K
}
Event: 18.625 GC heap after
{Heap after GC invocations=35 (full 0):
 garbage-first heap   total 249856K, used 133786K [0x0000000080000000, 0x0000000100000000)
  region size 1024K, 1 young (1024K), 1 survivors (1024K)
 Metaspace       used 97777K, committed 98560K, reserved 1138688K
  class space    used 13197K, committed 13568K, reserved 1048576K
}
Event: 19.146 GC heap before
{Heap before GC invocations=35 (full 0):
 garbage-first heap   total 249856K, used 188058K [0x0000000080000000, 0x0000000100000000)
  region size 1024K, 55 young (56320K), 1 survivors (1024K)
 Metaspace       used 97962K, committed 98816K, reserved 1138688K
  class space    used 13207K, committed 13632K, reserved 1048576K
}
Event: 19.152 GC heap after
{Heap after GC invocations=36 (full 0):
 garbage-first heap   total 249856K, used 135294K [0x0000000080000000, 0x0000000100000000)
  region size 1024K, 3 young (3072K), 3 survivors (3072K)
 Metaspace       used 97962K, committed 98816K, reserved 1138688K
  class space    used 13207K, committed 13632K, reserved 1048576K
}
Event: 19.778 GC heap before
{Heap before GC invocations=37 (full 0):
 garbage-first heap   total 249856K, used 180350K [0x0000000080000000, 0x0000000100000000)
  region size 1024K, 60 young (61440K), 3 survivors (3072K)
 Metaspace       used 98106K, committed 98944K, reserved 1138688K
  class space    used 13211K, committed 13632K, reserved 1048576K
}
Event: 19.785 GC heap after
{Heap after GC invocations=38 (full 0):
 garbage-first heap   total 249856K, used 125150K [0x0000000080000000, 0x0000000100000000)
  region size 1024K, 5 young (5120K), 5 survivors (5120K)
 Metaspace       used 98106K, committed 98944K, reserved 1138688K
  class space    used 13211K, committed 13632K, reserved 1048576K
}
Event: 19.844 GC heap before
{Heap before GC invocations=38 (full 0):
 garbage-first heap   total 249856K, used 131294K [0x0000000080000000, 0x0000000100000000)
  region size 1024K, 12 young (12288K), 5 survivors (5120K)
 Metaspace       used 98129K, committed 99008K, reserved 1138688K
  class space    used 13211K, committed 13632K, reserved 1048576K
}
Event: 19.848 GC heap after
{Heap after GC invocations=39 (full 0):
 garbage-first heap   total 249856K, used 117684K [0x0000000080000000, 0x0000000100000000)
  region size 1024K, 1 young (1024K), 1 survivors (1024K)
 Metaspace       used 98129K, committed 99008K, reserved 1138688K
  class space    used 13211K, committed 13632K, reserved 1048576K
}
Event: 20.506 GC heap before
{Heap before GC invocations=39 (full 0):
 garbage-first heap   total 249856K, used 190388K [0x0000000080000000, 0x0000000100000000)
  region size 1024K, 73 young (74752K), 1 survivors (1024K)
 Metaspace       used 98315K, committed 99136K, reserved 1138688K
  class space    used 13230K, committed 13632K, reserved 1048576K
}
Event: 20.511 GC heap after
{Heap after GC invocations=40 (full 0):
 garbage-first heap   total 249856K, used 120670K [0x0000000080000000, 0x0000000100000000)
  region size 1024K, 4 young (4096K), 4 survivors (4096K)
 Metaspace       used 98315K, committed 99136K, reserved 1138688K
  class space    used 13230K, committed 13632K, reserved 1048576K
}
Event: 21.312 GC heap before
{Heap before GC invocations=41 (full 0):
 garbage-first heap   total 249856K, used 194398K [0x0000000080000000, 0x0000000100000000)
  region size 1024K, 77 young (78848K), 4 survivors (4096K)
 Metaspace       used 101425K, committed 102272K, reserved 1138688K
  class space    used 13613K, committed 14016K, reserved 1048576K
}
Event: 21.322 GC heap after
{Heap after GC invocations=42 (full 0):
 garbage-first heap   total 249856K, used 125097K [0x0000000080000000, 0x0000000100000000)
  region size 1024K, 8 young (8192K), 8 survivors (8192K)
 Metaspace       used 101425K, committed 102272K, reserved 1138688K
  class space    used 13613K, committed 14016K, reserved 1048576K
}
Event: 21.355 GC heap before
{Heap before GC invocations=42 (full 0):
 garbage-first heap   total 249856K, used 128169K [0x0000000080000000, 0x0000000100000000)
  region size 1024K, 12 young (12288K), 8 survivors (8192K)
 Metaspace       used 101517K, committed 102400K, reserved 1138688K
  class space    used 13619K, committed 14016K, reserved 1048576K
}
Event: 21.362 GC heap after
{Heap after GC invocations=43 (full 0):
 garbage-first heap   total 249856K, used 123464K [0x0000000080000000, 0x0000000100000000)
  region size 1024K, 2 young (2048K), 2 survivors (2048K)
 Metaspace       used 101517K, committed 102400K, reserved 1138688K
  class space    used 13619K, committed 14016K, reserved 1048576K
}
Event: 24.981 GC heap before
{Heap before GC invocations=43 (full 0):
 garbage-first heap   total 249856K, used 197192K [0x0000000080000000, 0x0000000100000000)
  region size 1024K, 75 young (76800K), 2 survivors (2048K)
 Metaspace       used 103660K, committed 104512K, reserved 1146880K
  class space    used 13916K, committed 14336K, reserved 1048576K
}

Dll operation events (3 events):
Event: 0.035 Loaded shared library C:\Program Files\Android\Android Studio2\jbr\bin\java.dll
Event: 0.185 Loaded shared library C:\Program Files\Android\Android Studio2\jbr\bin\zip.dll
Event: 0.594 Loaded shared library C:\Program Files\Android\Android Studio2\jbr\bin\verify.dll

Deoptimization events (20 events):
Event: 24.940 Thread 0x000002b1f1c976d0 DEOPT PACKING pc=0x000002b1d91abf4f sp=0x000000e3e84fd3b0
Event: 24.940 Thread 0x000002b1f1c976d0 DEOPT UNPACKING pc=0x000002b1df2e7143 sp=0x000000e3e84fc898 mode 0
Event: 24.944 Thread 0x000002b1f1c976d0 DEOPT PACKING pc=0x000002b1d91abf4f sp=0x000000e3e84fd3b0
Event: 24.944 Thread 0x000002b1f1c976d0 DEOPT UNPACKING pc=0x000002b1df2e7143 sp=0x000000e3e84fc898 mode 0
Event: 24.946 Thread 0x000002b1f1c976d0 DEOPT PACKING pc=0x000002b1d91abf4f sp=0x000000e3e84fd3b0
Event: 24.946 Thread 0x000002b1f1c976d0 DEOPT UNPACKING pc=0x000002b1df2e7143 sp=0x000000e3e84fc898 mode 0
Event: 24.955 Thread 0x000002b1f1c976d0 DEOPT PACKING pc=0x000002b1d91abf4f sp=0x000000e3e84fd3b0
Event: 24.955 Thread 0x000002b1f1c976d0 DEOPT UNPACKING pc=0x000002b1df2e7143 sp=0x000000e3e84fc898 mode 0
Event: 24.957 Thread 0x000002b1f1c976d0 DEOPT PACKING pc=0x000002b1d91abf4f sp=0x000000e3e84fd3b0
Event: 24.957 Thread 0x000002b1f1c976d0 DEOPT UNPACKING pc=0x000002b1df2e7143 sp=0x000000e3e84fc898 mode 0
Event: 24.961 Thread 0x000002b1f1c976d0 DEOPT PACKING pc=0x000002b1d91abf4f sp=0x000000e3e84fd410
Event: 24.961 Thread 0x000002b1f1c976d0 DEOPT UNPACKING pc=0x000002b1df2e7143 sp=0x000000e3e84fc8f8 mode 0
Event: 24.963 Thread 0x000002b1f1c976d0 DEOPT PACKING pc=0x000002b1d91abf4f sp=0x000000e3e84fd410
Event: 24.963 Thread 0x000002b1f1c976d0 DEOPT UNPACKING pc=0x000002b1df2e7143 sp=0x000000e3e84fc8f8 mode 0
Event: 24.965 Thread 0x000002b1f1c976d0 DEOPT PACKING pc=0x000002b1d91abf4f sp=0x000000e3e84fd410
Event: 24.965 Thread 0x000002b1f1c976d0 DEOPT UNPACKING pc=0x000002b1df2e7143 sp=0x000000e3e84fc8f8 mode 0
Event: 24.970 Thread 0x000002b1f1c976d0 DEOPT PACKING pc=0x000002b1d91abf4f sp=0x000000e3e84fd410
Event: 24.970 Thread 0x000002b1f1c976d0 DEOPT UNPACKING pc=0x000002b1df2e7143 sp=0x000000e3e84fc8f8 mode 0
Event: 24.972 Thread 0x000002b1f1c976d0 DEOPT PACKING pc=0x000002b1d91abf4f sp=0x000000e3e84fd410
Event: 24.972 Thread 0x000002b1f1c976d0 DEOPT UNPACKING pc=0x000002b1df2e7143 sp=0x000000e3e84fc8f8 mode 0

Classes unloaded (3 events):
Event: 18.034 Thread 0x000002b1ede8e380 Unloading class 0x0000000100c70c00 'java/lang/invoke/LambdaForm$DMH+0x0000000100c70c00'
Event: 18.034 Thread 0x000002b1ede8e380 Unloading class 0x0000000100c70800 'java/lang/invoke/LambdaForm$DMH+0x0000000100c70800'
Event: 18.034 Thread 0x000002b1ede8e380 Unloading class 0x0000000100c70400 'java/lang/invoke/LambdaForm$DMH+0x0000000100c70400'

Classes redefined (0 events):
No events

Internal exceptions (20 events):
Event: 20.223 Thread 0x000002b1f6e839d0 Exception <a 'java/lang/NoSuchMethodError'{0x000000008cd25390}: static Lcom/android/build/api/artifact/Artifact$Single;.<clinit>()V> (0x000000008cd25390) 
thrown [s\src\hotspot\share\prims\jni.cpp, line 1108]
Event: 20.223 Thread 0x000002b1f6e839d0 Exception <a 'java/lang/NoSuchMethodError'{0x000000008cd27908}: static Ljava/lang/Object;.<clinit>()V> (0x000000008cd27908) 
thrown [s\src\hotspot\share\prims\jni.cpp, line 1108]
Event: 20.224 Thread 0x000002b1f6e839d0 Exception <a 'java/lang/NoSuchMethodError'{0x000000008cd3eaa8}: static Lcom/android/build/api/artifact/ArtifactKind;.<clinit>()V> (0x000000008cd3eaa8) 
thrown [s\src\hotspot\share\prims\jni.cpp, line 1108]
Event: 20.224 Thread 0x000002b1f6e839d0 Exception <a 'java/lang/NoSuchMethodError'{0x000000008cd3fc68}: static Lcom/android/build/api/artifact/ArtifactKind;.<clinit>()V> (0x000000008cd3fc68) 
thrown [s\src\hotspot\share\prims\jni.cpp, line 1108]
Event: 20.819 Thread 0x000002b1f6e839d0 Exception <a 'java/lang/NoSuchMethodError'{0x000000008e1a9320}: static Lcom/android/builder/internal/aapt/AaptOptions;.<clinit>()V> (0x000000008e1a9320) 
thrown [s\src\hotspot\share\prims\jni.cpp, line 1108]
Event: 20.821 Thread 0x000002b1f6e839d0 Exception <a 'java/lang/NoSuchMethodError'{0x000000008e1ca860}: static Ljava/lang/Object;.<clinit>()V> (0x000000008e1ca860) 
thrown [s\src\hotspot\share\prims\jni.cpp, line 1108]
Event: 20.822 Thread 0x000002b1f6e839d0 Exception <a 'java/lang/NoSuchMethodError'{0x000000008e1f5570}: static Lcom/android/build/api/variant/impl/SerializableApplicationMultiOutputHandler;.<clinit>()V> (0x000000008e1f5570) 
thrown [s\src\hotspot\share\prims\jni.cpp, line 1108]
Event: 20.823 Thread 0x000002b1f6e839d0 Exception <a 'java/lang/NoSuchMethodError'{0x000000008e00bbd0}: static Lcom/android/build/api/variant/impl/VariantOutputImpl$SerializedForm;.<clinit>()V> (0x000000008e00bbd0) 
thrown [s\src\hotspot\share\prims\jni.cpp, line 1108]
Event: 20.824 Thread 0x000002b1f6e839d0 Exception <a 'java/lang/NoSuchMethodError'{0x000000008e01fef8}: static Lcom/android/build/api/variant/impl/VariantOutputConfigurationImpl;.<clinit>()V> (0x000000008e01fef8) 
thrown [s\src\hotspot\share\prims\jni.cpp, line 1108]
Event: 20.844 Thread 0x000002b1f1c976d0 Exception <a 'java/lang/NoSuchMethodError'{0x000000008de776a0}: 'java.lang.Object java.lang.invoke.DirectMethodHandle$Holder.invokeSpecial(java.lang.Object, java.lang.Object, java.lang.Object, java.lang.Object, int, java.lang.Object)'> (0x000000008de776a0) 
thrown [s\src\hotspot\share\interpreter\linkResolver.cpp, line 771]
Event: 20.845 Thread 0x000002b1f1c976d0 Exception <a 'java/lang/NoSuchMethodError'{0x000000008de7b160}: 'java.lang.Object java.lang.invoke.Invokers$Holder.invokeExact_MT(java.lang.Object, java.lang.Object, java.lang.Object, int, java.lang.Object, java.lang.Object)'> (0x000000008de7b160) 
thrown [s\src\hotspot\share\interpreter\linkResolver.cpp, line 771]
Event: 21.762 Thread 0x000002b1f1c976d0 Exception <a 'sun/nio/fs/WindowsException'{0x000000008cd825f0}> (0x000000008cd825f0) 
thrown [s\src\hotspot\share\prims\jni.cpp, line 517]
Event: 21.762 Thread 0x000002b1f1c976d0 Exception <a 'sun/nio/fs/WindowsException'{0x000000008cd82a00}> (0x000000008cd82a00) 
thrown [s\src\hotspot\share\prims\jni.cpp, line 517]
Event: 21.763 Thread 0x000002b1f1c976d0 Exception <a 'sun/nio/fs/WindowsException'{0x000000008cd83a48}> (0x000000008cd83a48) 
thrown [s\src\hotspot\share\prims\jni.cpp, line 517]
Event: 21.764 Thread 0x000002b1f1c976d0 Exception <a 'sun/nio/fs/WindowsException'{0x000000008cd83e58}> (0x000000008cd83e58) 
thrown [s\src\hotspot\share\prims\jni.cpp, line 517]
Event: 21.844 Thread 0x000002b1f1c976d0 Exception <a 'java/lang/NoSuchMethodError'{0x000000008ca6fc90}: 'void java.lang.invoke.DirectMethodHandle$Holder.invokeStatic(java.lang.Object, long)'> (0x000000008ca6fc90) 
thrown [s\src\hotspot\share\interpreter\linkResolver.cpp, line 771]
Event: 21.844 Thread 0x000002b1f1c976d0 Exception <a 'java/lang/NoSuchMethodError'{0x000000008ca75548}: 'java.lang.Object java.lang.invoke.DirectMethodHandle$Holder.newInvokeSpecial(java.lang.Object, long)'> (0x000000008ca75548) 
thrown [s\src\hotspot\share\interpreter\linkResolver.cpp, line 771]
Event: 21.846 Thread 0x000002b1f1c976d0 Exception <a 'java/lang/NoSuchMethodError'{0x000000008ca7ee70}: 'java.lang.Object java.lang.invoke.DirectMethodHandle$Holder.invokeStatic(java.lang.Object, java.lang.Object, long, java.lang.Object)'> (0x000000008ca7ee70) 
thrown [s\src\hotspot\share\interpreter\linkResolver.cpp, line 771]
Event: 21.846 Thread 0x000002b1f1c976d0 Exception <a 'java/lang/NoSuchMethodError'{0x000000008ca828f0}: 'java.lang.Object java.lang.invoke.DirectMethodHandle$Holder.invokeStaticInit(java.lang.Object, java.lang.Object, long, java.lang.Object)'> (0x000000008ca828f0) 
thrown [s\src\hotspot\share\interpreter\linkResolver.cpp, line 771]
Event: 24.796 Thread 0x000002b1f6889f70 Implicit null exception at 0x000002b1dfaaf460 to 0x000002b1dfaaf5b8

VM Operations (20 events):
Event: 20.683 Executing VM operation: G1Concurrent done
Event: 20.758 Executing VM operation: G1Concurrent
Event: 20.759 Executing VM operation: G1Concurrent done
Event: 21.284 Executing VM operation: ICBufferFull
Event: 21.285 Executing VM operation: ICBufferFull done
Event: 21.312 Executing VM operation: G1CollectForAllocation
Event: 21.322 Executing VM operation: G1CollectForAllocation done
Event: 21.354 Executing VM operation: G1CollectForAllocation
Event: 21.363 Executing VM operation: G1CollectForAllocation done
Event: 21.573 Executing VM operation: HandshakeAllThreads
Event: 21.574 Executing VM operation: HandshakeAllThreads done
Event: 21.803 Executing VM operation: HandshakeAllThreads
Event: 21.804 Executing VM operation: HandshakeAllThreads done
Event: 21.848 Executing VM operation: HandshakeAllThreads
Event: 21.848 Executing VM operation: HandshakeAllThreads done
Event: 22.851 Executing VM operation: Cleanup
Event: 22.851 Executing VM operation: Cleanup done
Event: 24.874 Executing VM operation: Cleanup
Event: 24.874 Executing VM operation: Cleanup done
Event: 24.981 Executing VM operation: G1CollectForAllocation

Events (20 events):
Event: 21.636 loading class java/util/ArrayList$SubList$1 done
Event: 21.811 loading class java/util/concurrent/Executors$DelegatedScheduledExecutorService
Event: 21.811 loading class java/util/concurrent/Executors$DelegatedExecutorService
Event: 21.812 loading class java/util/concurrent/Executors$DelegatedExecutorService done
Event: 21.812 loading class java/util/concurrent/Executors$DelegatedScheduledExecutorService done
Event: 21.812 Thread 0x000002b1f6885c10 Thread added: 0x000002b1f6885c10
Event: 21.815 loading class java/lang/ProcessImpl
Event: 21.815 loading class java/lang/ProcessImpl done
Event: 21.844 loading class java/lang/ProcessHandleImpl
Event: 21.845 loading class java/lang/ProcessHandleImpl done
Event: 21.847 loading class java/lang/ProcessImpl$2
Event: 21.847 loading class java/lang/ProcessImpl$2 done
Event: 21.847 loading class java/lang/Process$PipeInputStream
Event: 21.847 loading class java/lang/Process$PipeInputStream done
Event: 21.849 loading class jdk/internal/event/ProcessStartEvent
Event: 21.849 loading class jdk/internal/event/ProcessStartEvent done
Event: 21.850 Thread 0x000002b1f6889f70 Thread added: 0x000002b1f6889f70
Event: 21.850 Thread 0x000002b1f688a440 Thread added: 0x000002b1f688a440
Event: 22.246 Thread 0x000002b1efd42110 Thread exited: 0x000002b1efd42110
Event: 24.805 Thread 0x000002b1eec66060 Thread added: 0x000002b1eec66060


Dynamic libraries:
0x00007ff627cb0000 - 0x00007ff627cba000 	C:\Program Files\Android\Android Studio2\jbr\bin\java.exe
0x00007ff9014b0000 - 0x00007ff9016a8000 	C:\WINDOWS\SYSTEM32\ntdll.dll
0x00007ff900c00000 - 0x00007ff900cbd000 	C:\WINDOWS\System32\KERNEL32.DLL
0x00007ff8ff120000 - 0x00007ff8ff416000 	C:\WINDOWS\System32\KERNELBASE.dll
0x000000006add0000 - 0x000000006ae7f000 	C:\ProgramData\Symantec\Symantec Endpoint Protection\14.3.5413.3000.105\Data\Sysfer\x64\sysfer.dll
0x00007ff8fefd0000 - 0x00007ff8ff0d0000 	C:\WINDOWS\System32\ucrtbase.dll
0x00007ff8fa5c0000 - 0x00007ff8fa5db000 	C:\Program Files\Android\Android Studio2\jbr\bin\VCRUNTIME140.dll
0x00007ff8ec060000 - 0x00007ff8ec077000 	C:\Program Files\Android\Android Studio2\jbr\bin\jli.dll
0x00007ff8ff590000 - 0x00007ff8ff72e000 	C:\WINDOWS\System32\USER32.dll
0x00007ff8ec930000 - 0x00007ff8ecbca000 	C:\WINDOWS\WinSxS\amd64_microsoft.windows.common-controls_6595b64144ccf1df_6.0.19041.3636_none_60b6a03d71f818d5\COMCTL32.dll
0x00007ff8ff4b0000 - 0x00007ff8ff4d2000 	C:\WINDOWS\System32\win32u.dll
0x00007ff901420000 - 0x00007ff90144b000 	C:\WINDOWS\System32\GDI32.dll
0x00007ff8ff810000 - 0x00007ff8ff8ae000 	C:\WINDOWS\System32\msvcrt.dll
0x00007ff8fec00000 - 0x00007ff8fed17000 	C:\WINDOWS\System32\gdi32full.dll
0x00007ff8feb60000 - 0x00007ff8febfd000 	C:\WINDOWS\System32\msvcp_win.dll
0x00007ff900080000 - 0x00007ff9000b2000 	C:\WINDOWS\System32\IMM32.DLL
0x00007ff8fa5b0000 - 0x00007ff8fa5bc000 	C:\Program Files\Android\Android Studio2\jbr\bin\vcruntime140_1.dll
0x00007ff8ebf00000 - 0x00007ff8ebf8d000 	C:\Program Files\Android\Android Studio2\jbr\bin\msvcp140.dll
0x00007ff885100000 - 0x00007ff885d6e000 	C:\Program Files\Android\Android Studio2\jbr\bin\server\jvm.dll
0x00007ff9011f0000 - 0x00007ff9012a0000 	C:\WINDOWS\System32\ADVAPI32.dll
0x00007ff9012a0000 - 0x00007ff901340000 	C:\WINDOWS\System32\sechost.dll
0x00007ff9008c0000 - 0x00007ff9009e5000 	C:\WINDOWS\System32\RPCRT4.dll
0x00007ff8fee80000 - 0x00007ff8feea7000 	C:\WINDOWS\System32\bcrypt.dll
0x00007ff8ec490000 - 0x00007ff8ec499000 	C:\WINDOWS\SYSTEM32\WSOCK32.dll
0x00007ff9000c0000 - 0x00007ff90012b000 	C:\WINDOWS\System32\WS2_32.dll
0x00007ff8eb7d0000 - 0x00007ff8eb7f7000 	C:\WINDOWS\SYSTEM32\WINMM.dll
0x00007ff8f4c50000 - 0x00007ff8f4c5a000 	C:\WINDOWS\SYSTEM32\VERSION.dll
0x00007ff8fd3b0000 - 0x00007ff8fd3c2000 	C:\WINDOWS\SYSTEM32\kernel.appcore.dll
0x00007ff8fa3b0000 - 0x00007ff8fa3ba000 	C:\Program Files\Android\Android Studio2\jbr\bin\jimage.dll
0x00007ff8eb450000 - 0x00007ff8eb634000 	C:\WINDOWS\SYSTEM32\DBGHELP.DLL
0x00007ff8eb410000 - 0x00007ff8eb444000 	C:\WINDOWS\SYSTEM32\dbgcore.DLL
0x00007ff8ff420000 - 0x00007ff8ff4a2000 	C:\WINDOWS\System32\bcryptPrimitives.dll
0x00007ff8ede10000 - 0x00007ff8ede1e000 	C:\Program Files\Android\Android Studio2\jbr\bin\instrument.dll
0x00007ff8f9030000 - 0x00007ff8f9055000 	C:\Program Files\Android\Android Studio2\jbr\bin\java.dll
0x00007ff8eddb0000 - 0x00007ff8eddc8000 	C:\Program Files\Android\Android Studio2\jbr\bin\zip.dll
0x00007ff900150000 - 0x00007ff9008bb000 	C:\WINDOWS\System32\SHELL32.dll
0x00007ff8fca60000 - 0x00007ff8fd1fe000 	C:\WINDOWS\SYSTEM32\windows.storage.dll
0x00007ff8ff9d0000 - 0x00007ff8ffd23000 	C:\WINDOWS\System32\combase.dll
0x00007ff8fe3e0000 - 0x00007ff8fe40e000 	C:\WINDOWS\SYSTEM32\Wldp.dll
0x00007ff8fffb0000 - 0x00007ff90007d000 	C:\WINDOWS\System32\OLEAUT32.dll
0x00007ff8ffdd0000 - 0x00007ff8ffe7d000 	C:\WINDOWS\System32\SHCORE.dll
0x00007ff900cc0000 - 0x00007ff900d15000 	C:\WINDOWS\System32\shlwapi.dll
0x00007ff8fea90000 - 0x00007ff8feab5000 	C:\WINDOWS\SYSTEM32\profapi.dll
0x00007ff8edd10000 - 0x00007ff8edd29000 	C:\Program Files\Android\Android Studio2\jbr\bin\net.dll
0x00007ff8f56a0000 - 0x00007ff8f57aa000 	C:\WINDOWS\SYSTEM32\WINHTTP.dll
0x00007ff8fe1c0000 - 0x00007ff8fe22a000 	C:\WINDOWS\system32\mswsock.dll
0x00007ff8ec0a0000 - 0x00007ff8ec0b6000 	C:\Program Files\Android\Android Studio2\jbr\bin\nio.dll
0x00007ff8f8300000 - 0x00007ff8f8310000 	C:\Program Files\Android\Android Studio2\jbr\bin\verify.dll
0x00007ff8eada0000 - 0x00007ff8eadc7000 	C:\Users\ADIT-PC\.gradle\native\68d5fa5c4cc2d200863cafc0d521ce42e7d3e7ee720ec0a83991735586a16f82\windows-amd64\native-platform.dll
0x00007ff8c9d30000 - 0x00007ff8c9e74000 	C:\Users\ADIT-PC\.gradle\native\e376f236ea51e6404a007f0833ffe2c6e607c4080706a723a18a27aeea778392\windows-amd64\native-platform-file-events.dll
0x00007ff8f7450000 - 0x00007ff8f7459000 	C:\Program Files\Android\Android Studio2\jbr\bin\management.dll
0x00007ff8f60e0000 - 0x00007ff8f60eb000 	C:\Program Files\Android\Android Studio2\jbr\bin\management_ext.dll
0x00007ff900130000 - 0x00007ff900138000 	C:\WINDOWS\System32\PSAPI.DLL
0x00007ff8fe420000 - 0x00007ff8fe438000 	C:\WINDOWS\SYSTEM32\CRYPTSP.dll
0x00007ff8fdb10000 - 0x00007ff8fdb44000 	C:\WINDOWS\system32\rsaenh.dll
0x00007ff8fea10000 - 0x00007ff8fea3e000 	C:\WINDOWS\SYSTEM32\USERENV.dll
0x00007ff8fe350000 - 0x00007ff8fe35c000 	C:\WINDOWS\SYSTEM32\CRYPTBASE.dll
0x00007ff8fded0000 - 0x00007ff8fdf0b000 	C:\WINDOWS\SYSTEM32\IPHLPAPI.DLL
0x00007ff900140000 - 0x00007ff900148000 	C:\WINDOWS\System32\NSI.dll
0x00007ff8f41e0000 - 0x00007ff8f41f7000 	C:\WINDOWS\SYSTEM32\dhcpcsvc6.DLL
0x00007ff8f4250000 - 0x00007ff8f426d000 	C:\WINDOWS\SYSTEM32\dhcpcsvc.DLL
0x00007ff8fdf20000 - 0x00007ff8fdfeb000 	C:\WINDOWS\SYSTEM32\DNSAPI.dll
0x00007ff8ddf30000 - 0x00007ff8ddf37000 	C:\WINDOWS\system32\wshunix.dll
0x00007ff8fdc50000 - 0x00007ff8fdc83000 	C:\WINDOWS\SYSTEM32\ntmarta.dll

dbghelp: loaded successfully - version: 4.0.5 - missing functions: none
symbol engine: initialized successfully - sym options: 0x614 - pdb path: .;C:\Program Files\Android\Android Studio2\jbr\bin;C:\WINDOWS\SYSTEM32;C:\ProgramData\Symantec\Symantec Endpoint Protection\14.3.5413.3000.105\Data\Sysfer\x64;C:\WINDOWS\WinSxS\amd64_microsoft.windows.common-controls_6595b64144ccf1df_6.0.19041.3636_none_60b6a03d71f818d5;C:\Program Files\Android\Android Studio2\jbr\bin\server;C:\Users\ADIT-PC\.gradle\native\68d5fa5c4cc2d200863cafc0d521ce42e7d3e7ee720ec0a83991735586a16f82\windows-amd64;C:\Users\ADIT-PC\.gradle\native\e376f236ea51e6404a007f0833ffe2c6e607c4080706a723a18a27aeea778392\windows-amd64

VM Arguments:
jvm_args: --add-opens=java.base/java.util=ALL-UNNAMED --add-opens=java.base/java.lang=ALL-UNNAMED --add-opens=java.base/java.lang.invoke=ALL-UNNAMED --add-opens=java.prefs/java.util.prefs=ALL-UNNAMED --add-opens=java.base/java.nio.charset=ALL-UNNAMED --add-opens=java.base/java.net=ALL-UNNAMED --add-opens=java.base/java.util.concurrent.atomic=ALL-UNNAMED -Xmx2048m -Dfile.encoding=windows-1252 -Duser.country=ID -Duser.language=en -Duser.variant -javaagent:C:\Users\ADIT-PC\.gradle\wrapper\dists\gradle-8.2-bin\bbg7u40eoinfdyxsxr3z4i7ta\gradle-8.2\lib\agents\gradle-instrumentation-agent-8.2.jar 
java_command: org.gradle.launcher.daemon.bootstrap.GradleDaemon 8.2
java_class_path (initial): C:\Users\ADIT-PC\.gradle\wrapper\dists\gradle-8.2-bin\bbg7u40eoinfdyxsxr3z4i7ta\gradle-8.2\lib\gradle-launcher-8.2.jar
Launcher Type: SUN_STANDARD

[Global flags]
     intx CICompilerCount                          = 3                                         {product} {ergonomic}
     uint ConcGCThreads                            = 1                                         {product} {ergonomic}
     uint G1ConcRefinementThreads                  = 4                                         {product} {ergonomic}
   size_t G1HeapRegionSize                         = 1048576                                   {product} {ergonomic}
    uintx GCDrainStackTargetSize                   = 64                                        {product} {ergonomic}
   size_t InitialHeapSize                          = 266338304                                 {product} {ergonomic}
   size_t MarkStackSize                            = 4194304                                   {product} {ergonomic}
   size_t MaxHeapSize                              = 2147483648                                {product} {command line}
   size_t MaxNewSize                               = 1287651328                                {product} {ergonomic}
   size_t MinHeapDeltaBytes                        = 1048576                                   {product} {ergonomic}
   size_t MinHeapSize                              = 8388608                                   {product} {ergonomic}
    uintx NonNMethodCodeHeapSize                   = 5832780                                {pd product} {ergonomic}
    uintx NonProfiledCodeHeapSize                  = 122912730                              {pd product} {ergonomic}
    uintx ProfiledCodeHeapSize                     = 122912730                              {pd product} {ergonomic}
    uintx ReservedCodeCacheSize                    = 251658240                              {pd product} {ergonomic}
     bool SegmentedCodeCache                       = true                                      {product} {ergonomic}
   size_t SoftMaxHeapSize                          = 2147483648                             {manageable} {ergonomic}
     bool UseCompressedClassPointers               = true                           {product lp64_product} {ergonomic}
     bool UseCompressedOops                        = true                           {product lp64_product} {ergonomic}
     bool UseG1GC                                  = true                                      {product} {ergonomic}
     bool UseLargePagesIndividualAllocation        = false                                  {pd product} {ergonomic}

Logging:
Log output configuration:
 #0: stdout all=warning uptime,level,tags
 #1: stderr all=off uptime,level,tags

Environment Variables:
JAVA_HOME=C:\Program Files\Java\jdk-15.0.2
CLASSPATH=.;
PATH=C:\Program Files\Common Files\Oracle\Java\javapath;C:\Python311\Scripts\;C:\Python311\;C:\Python310\Scripts\;C:\Python310\;C:\Python27\;C:\Python27\Scripts;C:\Program Files (x86)\Common Files\Oracle\Java\javapath;C:\Program Files\Docker\Docker\Resources\bin;C:\ProgramData\Oracle\Java\javapath;C:\Program Files (x86)\Intel\iCLS Client\;C:\Program Files\Intel\iCLS Client\;C:\WINDOWS\system32;C:\WINDOWS;C:\WINDOWS\System32\Wbem;C:\WINDOWS\System32\WindowsPowerShell\v1.0\;C:\Program Files (x86)\Intel\Intel(R) Management Engine Components\DAL;C:\Program Files\Intel\Intel(R) Management Engine Components\DAL;C:\Program Files (x86)\Intel\Intel(R) Management Engine Components\IPT;C:\Program Files\Intel\Intel(R) Management Engine Components\IPT;C:\Program Files\Java\jre1.8.0_162\bin;C:\Program Files (x86)\GtkSharp\2.12\bin;C:\Program Files\PuTTY\;C:\Program Files\Java\jdk1.8.0_162\bin;C:\PROGRA~2\Groovy\GROOVY~1.15\bin;C:\WINDOWS\System32\OpenSSH\;C:\xampp\php;C:\Program Files (x86)\Microsoft SQL Server\Client SDK\ODBC\130\Tools\Binn\;C:\Program Files (x86)\Microsoft SQL Server\140\Tools\Binn\;C:\Program Files (x86)\Microsoft SQL Server\140\DTS\Binn\;C:\Program Files (x86)\Microsoft SQL Server\140\Tools\Binn\ManagementStudio\;c:\Program Files (x86)\Microsoft SQL Server\110\Tools\Binn\;c:\Program Files\Microsoft SQL Server\110\Tools\Binn\;c:\Program Files\Microsoft SQL Server\110\DTS\Binn\;C:\composer;C:\Flutter\flutter\bin;C:\Bitnami\wampstack-5.6.39-0\php;C:\ProgramData\chocolatey\bin;C:\Program Files (x86)\Yarn\bin\;C:\Program Files\Java\jdk1.8.0_211\bin;C:\Program Files\OpenJDK\openjdk-8u312-b07\bin;C:\Program Files\nodejs\;C:\Program Files\Git\cmd;C:\Users\ADIT-PC\AppData\Local\Microsoft\WindowsApps;C:\Users\ADIT-PC\AppData\Local\Android\Sdk\platform-tools;C:\Users\ADIT-PC\AppData\Roaming\npm;C:\Users\ADIT-PC\AppData\Local\Programs\Microsoft VS Code\bin;C:\Users\ADIT-PC\AppData\Local\Android\Sdk;C:\src\flutter\bin;C:\Users\ADIT-PC\AppData\Local\GitHubDesktop\bin;C:\Users
USERNAME=ADIT-PC
OS=Windows_NT
PROCESSOR_IDENTIFIER=Intel64 Family 6 Model 94 Stepping 3, GenuineIntel
TMP=C:\Users\ADIT-PC\AppData\Local\Temp
TEMP=C:\Users\ADIT-PC\AppData\Local\Temp


JNI global refs:
JNI global refs: 27, weak refs: 10

JNI global refs memory usage: 843, weak refs: 841


---------------  S Y S T E M  ---------------

OS:
 Windows 10 , 64 bit Build 19041 (10.0.19041.3636)
OS uptime: 1 days 22:28 hours
Hyper-V role detected

CPU: total 4 (initial active 4) (4 cores per cpu, 1 threads per core) family 6 model 94 stepping 3 microcode 0xf2, cx8, cmov, fxsr, mmx, 3dnowpref, sse, sse2, sse3, ssse3, sse4.1, sse4.2, popcnt, lzcnt, tsc, tscinvbit, avx, avx2, aes, erms, clmul, bmi1, bmi2, rtm, adx, fma, vzeroupper, clflush, clflushopt, hv

Memory: 4k page, system-wide physical 16247M (1297M free)
TotalPageFile size 25028M (AvailPageFile size 137M)
current process WorkingSet (physical memory assigned to process): 520M, peak: 521M
current process commit charge ("private bytes"): 557M, peak: 715M

vm_info: OpenJDK 64-Bit Server VM (17.0.6+0-b2043.56-10027231) for windows-amd64 JRE (17.0.6+0-b2043.56-10027231), built on Apr 28 2023 00:43:19 by "androidbuild" with MS VC++ 16.10 / 16.11 (VS2019)

END.
